/home/dhruv/RotorTM/install/rotor_tm_utils/lib/python3.10/site-packages/rotor_tm_utils/QuatToRot.py
/home/dhruv/RotorTM/install/rotor_tm_utils/lib/python3.10/site-packages/rotor_tm_utils/__init__.py
/home/dhruv/RotorTM/install/rotor_tm_utils/lib/python3.10/site-packages/rotor_tm_utils/RPYtoRot_ZXY.py
/home/dhruv/RotorTM/install/rotor_tm_utils/lib/python3.10/site-packages/rotor_tm_utils/vec2asym.py
/home/dhruv/RotorTM/install/rotor_tm_utils/lib/python3.10/site-packages/rotor_tm_utils/vee.py
/home/dhruv/RotorTM/install/rotor_tm_utils/lib/python3.10/site-packages/rotor_tm_utils/QuatToYPR.py
/home/dhruv/RotorTM/install/rotor_tm_utils/lib/python3.10/site-packages/rotor_tm_utils/read_params.py
/home/dhruv/RotorTM/install/rotor_tm_utils/lib/python3.10/site-packages/rotor_tm_utils/RotToRPY_ZXY.py
/home/dhruv/RotorTM/install/rotor_tm_utils/lib/python3.10/site-packages/rotor_tm_utils/rosutilslib.py
/home/dhruv/RotorTM/install/rotor_tm_utils/lib/python3.10/site-packages/rotor_tm_utils/utilslib.py
/home/dhruv/RotorTM/install/rotor_tm_utils/lib/python3.10/site-packages/rotor_tm_utils/CaQuatToRot .py
/home/dhruv/RotorTM/install/rotor_tm_utils/lib/python3.10/site-packages/rotor_tm_utils/__pycache__/QuatToRot.cpython-310.pyc
/home/dhruv/RotorTM/install/rotor_tm_utils/lib/python3.10/site-packages/rotor_tm_utils/__pycache__/__init__.cpython-310.pyc
/home/dhruv/RotorTM/install/rotor_tm_utils/lib/python3.10/site-packages/rotor_tm_utils/__pycache__/RPYtoRot_ZXY.cpython-310.pyc
/home/dhruv/RotorTM/install/rotor_tm_utils/lib/python3.10/site-packages/rotor_tm_utils/__pycache__/vec2asym.cpython-310.pyc
/home/dhruv/RotorTM/install/rotor_tm_utils/lib/python3.10/site-packages/rotor_tm_utils/__pycache__/vee.cpython-310.pyc
/home/dhruv/RotorTM/install/rotor_tm_utils/lib/python3.10/site-packages/rotor_tm_utils/__pycache__/QuatToYPR.cpython-310.pyc
/home/dhruv/RotorTM/install/rotor_tm_utils/lib/python3.10/site-packages/rotor_tm_utils/__pycache__/read_params.cpython-310.pyc
/home/dhruv/RotorTM/install/rotor_tm_utils/lib/python3.10/site-packages/rotor_tm_utils/__pycache__/RotToRPY_ZXY.cpython-310.pyc
/home/dhruv/RotorTM/install/rotor_tm_utils/lib/python3.10/site-packages/rotor_tm_utils/__pycache__/rosutilslib.cpython-310.pyc
/home/dhruv/RotorTM/install/rotor_tm_utils/lib/python3.10/site-packages/rotor_tm_utils/__pycache__/utilslib.cpython-310.pyc
/home/dhruv/RotorTM/install/rotor_tm_utils/lib/python3.10/site-packages/rotor_tm_utils/__pycache__/CaQuatToRot .cpython-310.pyc
/home/dhruv/RotorTM/install/rotor_tm_utils/share/ament_index/resource_index/packages/rotor_tm_utils
/home/dhruv/RotorTM/install/rotor_tm_utils/share/rotor_tm_utils/package.xml
/home/dhruv/RotorTM/install/rotor_tm_utils/lib/python3.10/site-packages/rotor_tm_utils-0.0.0-py3.10.egg-info/top_level.txt
/home/dhruv/RotorTM/install/rotor_tm_utils/lib/python3.10/site-packages/rotor_tm_utils-0.0.0-py3.10.egg-info/PKG-INFO
/home/dhruv/RotorTM/install/rotor_tm_utils/lib/python3.10/site-packages/rotor_tm_utils-0.0.0-py3.10.egg-info/requires.txt
/home/dhruv/RotorTM/install/rotor_tm_utils/lib/python3.10/site-packages/rotor_tm_utils-0.0.0-py3.10.egg-info/zip-safe
/home/dhruv/RotorTM/install/rotor_tm_utils/lib/python3.10/site-packages/rotor_tm_utils-0.0.0-py3.10.egg-info/entry_points.txt
/home/dhruv/RotorTM/install/rotor_tm_utils/lib/python3.10/site-packages/rotor_tm_utils-0.0.0-py3.10.egg-info/SOURCES.txt
/home/dhruv/RotorTM/install/rotor_tm_utils/lib/python3.10/site-packages/rotor_tm_utils-0.0.0-py3.10.egg-info/dependency_links.txt
