[0.068s] DEBUG:colcon:Command line arguments: ['/usr/bin/colcon', 'build']
[0.068s] DEBUG:colcon:Parsed command line arguments: Namespace(log_base=None, log_level=None, verb_name='build', build_base='build', install_base='install', merge_install=False, symlink_install=False, test_result_base=None, continue_on_error=False, executor='parallel', parallel_workers=20, event_handlers=None, ignore_user_meta=False, metas=['./colcon.meta'], base_paths=['.'], packages_ignore=None, packages_ignore_regex=None, paths=None, packages_up_to=None, packages_up_to_regex=None, packages_above=None, packages_above_and_dependencies=None, packages_above_depth=None, packages_select_by_dep=None, packages_skip_by_dep=None, packages_skip_up_to=None, packages_select_build_failed=False, packages_skip_build_finished=False, packages_select_test_failures=False, packages_skip_test_passed=False, packages_select=None, packages_skip=None, packages_select_regex=None, packages_skip_regex=None, packages_start=None, packages_end=None, allow_overriding=[], cmake_args=None, cmake_target=None, cmake_target_skip_unavailable=False, cmake_clean_cache=False, cmake_clean_first=False, cmake_force_configure=False, ament_cmake_args=None, catkin_cmake_args=None, catkin_skip_building_tests=False, mixin_files=None, mixin=None, verb_parser=<colcon_mixin.mixin.mixin_argument.MixinArgumentDecorator object at 0x79cd48b6c520>, verb_extension=<colcon_core.verb.build.BuildVerb object at 0x79cd48b3bf40>, main=<bound method BuildVerb.main of <colcon_core.verb.build.BuildVerb object at 0x79cd48b3bf40>>, mixin_verb=('build',))
[0.092s] Level 1:colcon.colcon_core.package_discovery:discover_packages(colcon_meta) check parameters
[0.092s] Level 1:colcon.colcon_core.package_discovery:discover_packages(recursive) check parameters
[0.092s] Level 1:colcon.colcon_core.package_discovery:discover_packages(ignore) check parameters
[0.092s] Level 1:colcon.colcon_core.package_discovery:discover_packages(path) check parameters
[0.092s] Level 1:colcon.colcon_core.package_discovery:discover_packages(colcon_meta) discover
[0.092s] Level 1:colcon.colcon_core.package_discovery:discover_packages(recursive) discover
[0.092s] INFO:colcon.colcon_core.package_discovery:Crawling recursively for packages in '/home/swati/Quad_DR/ros2_ws'
[0.093s] Level 1:colcon.colcon_core.package_identification:_identify(.) by extensions ['ignore', 'ignore_ament_install']
[0.093s] Level 1:colcon.colcon_core.package_identification:_identify(.) by extension 'ignore'
[0.093s] Level 1:colcon.colcon_core.package_identification:_identify(.) by extension 'ignore_ament_install'
[0.093s] Level 1:colcon.colcon_core.package_identification:_identify(.) by extensions ['colcon_pkg']
[0.093s] Level 1:colcon.colcon_core.package_identification:_identify(.) by extension 'colcon_pkg'
[0.093s] Level 1:colcon.colcon_core.package_identification:_identify(.) by extensions ['colcon_meta']
[0.093s] Level 1:colcon.colcon_core.package_identification:_identify(.) by extension 'colcon_meta'
[0.093s] Level 1:colcon.colcon_core.package_identification:_identify(.) by extensions ['ros']
[0.093s] Level 1:colcon.colcon_core.package_identification:_identify(.) by extension 'ros'
[0.103s] Level 1:colcon.colcon_core.package_identification:_identify(.) by extensions ['cmake', 'python']
[0.103s] Level 1:colcon.colcon_core.package_identification:_identify(.) by extension 'cmake'
[0.103s] Level 1:colcon.colcon_core.package_identification:_identify(.) by extension 'python'
[0.103s] Level 1:colcon.colcon_core.package_identification:_identify(.) by extensions ['python_setup_py']
[0.103s] Level 1:colcon.colcon_core.package_identification:_identify(.) by extension 'python_setup_py'
[0.103s] Level 1:colcon.colcon_core.package_identification:_identify(build) by extensions ['ignore', 'ignore_ament_install']
[0.103s] Level 1:colcon.colcon_core.package_identification:_identify(build) by extension 'ignore'
[0.103s] Level 1:colcon.colcon_core.package_identification:_identify(build) ignored
[0.103s] Level 1:colcon.colcon_core.package_identification:_identify(install) by extensions ['ignore', 'ignore_ament_install']
[0.103s] Level 1:colcon.colcon_core.package_identification:_identify(install) by extension 'ignore'
[0.103s] Level 1:colcon.colcon_core.package_identification:_identify(install) ignored
[0.103s] Level 1:colcon.colcon_core.package_identification:_identify(log) by extensions ['ignore', 'ignore_ament_install']
[0.103s] Level 1:colcon.colcon_core.package_identification:_identify(log) by extension 'ignore'
[0.103s] Level 1:colcon.colcon_core.package_identification:_identify(log) ignored
[0.103s] Level 1:colcon.colcon_core.package_identification:_identify(src) by extensions ['ignore', 'ignore_ament_install']
[0.103s] Level 1:colcon.colcon_core.package_identification:_identify(src) by extension 'ignore'
[0.103s] Level 1:colcon.colcon_core.package_identification:_identify(src) by extension 'ignore_ament_install'
[0.103s] Level 1:colcon.colcon_core.package_identification:_identify(src) by extensions ['colcon_pkg']
[0.103s] Level 1:colcon.colcon_core.package_identification:_identify(src) by extension 'colcon_pkg'
[0.103s] Level 1:colcon.colcon_core.package_identification:_identify(src) by extensions ['colcon_meta']
[0.103s] Level 1:colcon.colcon_core.package_identification:_identify(src) by extension 'colcon_meta'
[0.103s] Level 1:colcon.colcon_core.package_identification:_identify(src) by extensions ['ros']
[0.103s] Level 1:colcon.colcon_core.package_identification:_identify(src) by extension 'ros'
[0.103s] Level 1:colcon.colcon_core.package_identification:_identify(src) by extensions ['cmake', 'python']
[0.104s] Level 1:colcon.colcon_core.package_identification:_identify(src) by extension 'cmake'
[0.104s] Level 1:colcon.colcon_core.package_identification:_identify(src) by extension 'python'
[0.104s] Level 1:colcon.colcon_core.package_identification:_identify(src) by extensions ['python_setup_py']
[0.104s] Level 1:colcon.colcon_core.package_identification:_identify(src) by extension 'python_setup_py'
[0.104s] Level 1:colcon.colcon_core.package_identification:_identify(src/rotor_tm_config) by extensions ['ignore', 'ignore_ament_install']
[0.104s] Level 1:colcon.colcon_core.package_identification:_identify(src/rotor_tm_config) by extension 'ignore'
[0.104s] Level 1:colcon.colcon_core.package_identification:_identify(src/rotor_tm_config) by extension 'ignore_ament_install'
[0.104s] Level 1:colcon.colcon_core.package_identification:_identify(src/rotor_tm_config) by extensions ['colcon_pkg']
[0.104s] Level 1:colcon.colcon_core.package_identification:_identify(src/rotor_tm_config) by extension 'colcon_pkg'
[0.104s] Level 1:colcon.colcon_core.package_identification:_identify(src/rotor_tm_config) by extensions ['colcon_meta']
[0.104s] Level 1:colcon.colcon_core.package_identification:_identify(src/rotor_tm_config) by extension 'colcon_meta'
[0.104s] Level 1:colcon.colcon_core.package_identification:_identify(src/rotor_tm_config) by extensions ['ros']
[0.104s] Level 1:colcon.colcon_core.package_identification:_identify(src/rotor_tm_config) by extension 'ros'
[0.105s] DEBUG:colcon.colcon_core.package_identification:Package 'src/rotor_tm_config' with type 'ros.ament_python' and name 'rotor_tm_config'
[0.105s] Level 1:colcon.colcon_core.package_identification:_identify(src/rotor_tm_control) by extensions ['ignore', 'ignore_ament_install']
[0.105s] Level 1:colcon.colcon_core.package_identification:_identify(src/rotor_tm_control) by extension 'ignore'
[0.105s] Level 1:colcon.colcon_core.package_identification:_identify(src/rotor_tm_control) by extension 'ignore_ament_install'
[0.105s] Level 1:colcon.colcon_core.package_identification:_identify(src/rotor_tm_control) by extensions ['colcon_pkg']
[0.105s] Level 1:colcon.colcon_core.package_identification:_identify(src/rotor_tm_control) by extension 'colcon_pkg'
[0.105s] Level 1:colcon.colcon_core.package_identification:_identify(src/rotor_tm_control) by extensions ['colcon_meta']
[0.105s] Level 1:colcon.colcon_core.package_identification:_identify(src/rotor_tm_control) by extension 'colcon_meta'
[0.106s] Level 1:colcon.colcon_core.package_identification:_identify(src/rotor_tm_control) by extensions ['ros']
[0.106s] Level 1:colcon.colcon_core.package_identification:_identify(src/rotor_tm_control) by extension 'ros'
[0.106s] DEBUG:colcon.colcon_core.package_identification:Package 'src/rotor_tm_control' with type 'ros.ament_python' and name 'rotor_tm_control'
[0.106s] Level 1:colcon.colcon_core.package_identification:_identify(src/rotor_tm_keyboard2wrench) by extensions ['ignore', 'ignore_ament_install']
[0.106s] Level 1:colcon.colcon_core.package_identification:_identify(src/rotor_tm_keyboard2wrench) by extension 'ignore'
[0.106s] Level 1:colcon.colcon_core.package_identification:_identify(src/rotor_tm_keyboard2wrench) by extension 'ignore_ament_install'
[0.106s] Level 1:colcon.colcon_core.package_identification:_identify(src/rotor_tm_keyboard2wrench) by extensions ['colcon_pkg']
[0.106s] Level 1:colcon.colcon_core.package_identification:_identify(src/rotor_tm_keyboard2wrench) by extension 'colcon_pkg'
[0.106s] Level 1:colcon.colcon_core.package_identification:_identify(src/rotor_tm_keyboard2wrench) by extensions ['colcon_meta']
[0.106s] Level 1:colcon.colcon_core.package_identification:_identify(src/rotor_tm_keyboard2wrench) by extension 'colcon_meta'
[0.106s] Level 1:colcon.colcon_core.package_identification:_identify(src/rotor_tm_keyboard2wrench) by extensions ['ros']
[0.106s] Level 1:colcon.colcon_core.package_identification:_identify(src/rotor_tm_keyboard2wrench) by extension 'ros'
[0.107s] DEBUG:colcon.colcon_core.package_identification:Package 'src/rotor_tm_keyboard2wrench' with type 'ros.ament_python' and name 'rotor_tm_keyboard2wrench'
[0.107s] Level 1:colcon.colcon_core.package_identification:_identify(src/rotor_tm_msgs) by extensions ['ignore', 'ignore_ament_install']
[0.107s] Level 1:colcon.colcon_core.package_identification:_identify(src/rotor_tm_msgs) by extension 'ignore'
[0.107s] Level 1:colcon.colcon_core.package_identification:_identify(src/rotor_tm_msgs) by extension 'ignore_ament_install'
[0.107s] Level 1:colcon.colcon_core.package_identification:_identify(src/rotor_tm_msgs) by extensions ['colcon_pkg']
[0.107s] Level 1:colcon.colcon_core.package_identification:_identify(src/rotor_tm_msgs) by extension 'colcon_pkg'
[0.107s] Level 1:colcon.colcon_core.package_identification:_identify(src/rotor_tm_msgs) by extensions ['colcon_meta']
[0.107s] Level 1:colcon.colcon_core.package_identification:_identify(src/rotor_tm_msgs) by extension 'colcon_meta'
[0.107s] Level 1:colcon.colcon_core.package_identification:_identify(src/rotor_tm_msgs) by extensions ['ros']
[0.107s] Level 1:colcon.colcon_core.package_identification:_identify(src/rotor_tm_msgs) by extension 'ros'
[0.107s] DEBUG:colcon.colcon_core.package_identification:Package 'src/rotor_tm_msgs' with type 'ros.ament_cmake' and name 'rotor_tm_msgs'
[0.107s] Level 1:colcon.colcon_core.package_identification:_identify(src/rotor_tm_sim) by extensions ['ignore', 'ignore_ament_install']
[0.107s] Level 1:colcon.colcon_core.package_identification:_identify(src/rotor_tm_sim) by extension 'ignore'
[0.107s] Level 1:colcon.colcon_core.package_identification:_identify(src/rotor_tm_sim) by extension 'ignore_ament_install'
[0.107s] Level 1:colcon.colcon_core.package_identification:_identify(src/rotor_tm_sim) by extensions ['colcon_pkg']
[0.107s] Level 1:colcon.colcon_core.package_identification:_identify(src/rotor_tm_sim) by extension 'colcon_pkg'
[0.108s] Level 1:colcon.colcon_core.package_identification:_identify(src/rotor_tm_sim) by extensions ['colcon_meta']
[0.108s] Level 1:colcon.colcon_core.package_identification:_identify(src/rotor_tm_sim) by extension 'colcon_meta'
[0.108s] Level 1:colcon.colcon_core.package_identification:_identify(src/rotor_tm_sim) by extensions ['ros']
[0.108s] Level 1:colcon.colcon_core.package_identification:_identify(src/rotor_tm_sim) by extension 'ros'
[0.108s] DEBUG:colcon.colcon_core.package_identification:Package 'src/rotor_tm_sim' with type 'ros.ament_python' and name 'rotor_tm_sim'
[0.108s] Level 1:colcon.colcon_core.package_identification:_identify(src/rotor_tm_traj) by extensions ['ignore', 'ignore_ament_install']
[0.108s] Level 1:colcon.colcon_core.package_identification:_identify(src/rotor_tm_traj) by extension 'ignore'
[0.108s] Level 1:colcon.colcon_core.package_identification:_identify(src/rotor_tm_traj) by extension 'ignore_ament_install'
[0.108s] Level 1:colcon.colcon_core.package_identification:_identify(src/rotor_tm_traj) by extensions ['colcon_pkg']
[0.108s] Level 1:colcon.colcon_core.package_identification:_identify(src/rotor_tm_traj) by extension 'colcon_pkg'
[0.108s] Level 1:colcon.colcon_core.package_identification:_identify(src/rotor_tm_traj) by extensions ['colcon_meta']
[0.108s] Level 1:colcon.colcon_core.package_identification:_identify(src/rotor_tm_traj) by extension 'colcon_meta'
[0.108s] Level 1:colcon.colcon_core.package_identification:_identify(src/rotor_tm_traj) by extensions ['ros']
[0.108s] Level 1:colcon.colcon_core.package_identification:_identify(src/rotor_tm_traj) by extension 'ros'
[0.109s] DEBUG:colcon.colcon_core.package_identification:Package 'src/rotor_tm_traj' with type 'ros.ament_python' and name 'rotor_tm_traj'
[0.109s] Level 1:colcon.colcon_core.package_identification:_identify(src/rotor_tm_utils) by extensions ['ignore', 'ignore_ament_install']
[0.109s] Level 1:colcon.colcon_core.package_identification:_identify(src/rotor_tm_utils) by extension 'ignore'
[0.109s] Level 1:colcon.colcon_core.package_identification:_identify(src/rotor_tm_utils) by extension 'ignore_ament_install'
[0.109s] Level 1:colcon.colcon_core.package_identification:_identify(src/rotor_tm_utils) by extensions ['colcon_pkg']
[0.109s] Level 1:colcon.colcon_core.package_identification:_identify(src/rotor_tm_utils) by extension 'colcon_pkg'
[0.109s] Level 1:colcon.colcon_core.package_identification:_identify(src/rotor_tm_utils) by extensions ['colcon_meta']
[0.109s] Level 1:colcon.colcon_core.package_identification:_identify(src/rotor_tm_utils) by extension 'colcon_meta'
[0.109s] Level 1:colcon.colcon_core.package_identification:_identify(src/rotor_tm_utils) by extensions ['ros']
[0.109s] Level 1:colcon.colcon_core.package_identification:_identify(src/rotor_tm_utils) by extension 'ros'
[0.109s] DEBUG:colcon.colcon_core.package_identification:Package 'src/rotor_tm_utils' with type 'ros.ament_python' and name 'rotor_tm_utils'
[0.109s] Level 1:colcon.colcon_core.package_discovery:discover_packages(recursive) using defaults
[0.109s] Level 1:colcon.colcon_core.package_discovery:discover_packages(ignore) discover
[0.109s] Level 1:colcon.colcon_core.package_discovery:discover_packages(ignore) using defaults
[0.109s] Level 1:colcon.colcon_core.package_discovery:discover_packages(path) discover
[0.109s] Level 1:colcon.colcon_core.package_discovery:discover_packages(path) using defaults
[0.124s] Level 1:colcon.colcon_core.package_discovery:discover_packages(prefix_path) check parameters
[0.124s] Level 1:colcon.colcon_core.package_discovery:discover_packages(prefix_path) discover
[0.125s] DEBUG:colcon.colcon_installed_package_information.package_discovery:Found 7 installed packages in /home/swati/Quad_DR/ros2_ws/install
[0.133s] DEBUG:colcon.colcon_installed_package_information.package_discovery:Found 376 installed packages in /opt/ros/humble
[0.134s] Level 1:colcon.colcon_core.package_discovery:discover_packages(prefix_path) using defaults
[0.161s] Level 5:colcon.colcon_core.verb:set package 'rotor_tm_config' build argument 'cmake_args' from command line to 'None'
[0.161s] Level 5:colcon.colcon_core.verb:set package 'rotor_tm_config' build argument 'cmake_target' from command line to 'None'
[0.161s] Level 5:colcon.colcon_core.verb:set package 'rotor_tm_config' build argument 'cmake_target_skip_unavailable' from command line to 'False'
[0.161s] Level 5:colcon.colcon_core.verb:set package 'rotor_tm_config' build argument 'cmake_clean_cache' from command line to 'False'
[0.161s] Level 5:colcon.colcon_core.verb:set package 'rotor_tm_config' build argument 'cmake_clean_first' from command line to 'False'
[0.161s] Level 5:colcon.colcon_core.verb:set package 'rotor_tm_config' build argument 'cmake_force_configure' from command line to 'False'
[0.161s] Level 5:colcon.colcon_core.verb:set package 'rotor_tm_config' build argument 'ament_cmake_args' from command line to 'None'
[0.161s] Level 5:colcon.colcon_core.verb:set package 'rotor_tm_config' build argument 'catkin_cmake_args' from command line to 'None'
[0.161s] Level 5:colcon.colcon_core.verb:set package 'rotor_tm_config' build argument 'catkin_skip_building_tests' from command line to 'False'
[0.161s] DEBUG:colcon.colcon_core.verb:Building package 'rotor_tm_config' with the following arguments: {'ament_cmake_args': None, 'build_base': '/home/swati/Quad_DR/ros2_ws/build/rotor_tm_config', 'catkin_cmake_args': None, 'catkin_skip_building_tests': False, 'cmake_args': None, 'cmake_clean_cache': False, 'cmake_clean_first': False, 'cmake_force_configure': False, 'cmake_target': None, 'cmake_target_skip_unavailable': False, 'install_base': '/home/swati/Quad_DR/ros2_ws/install/rotor_tm_config', 'merge_install': False, 'path': '/home/swati/Quad_DR/ros2_ws/src/rotor_tm_config', 'symlink_install': False, 'test_result_base': None}
[0.161s] Level 5:colcon.colcon_core.verb:set package 'rotor_tm_keyboard2wrench' build argument 'cmake_args' from command line to 'None'
[0.161s] Level 5:colcon.colcon_core.verb:set package 'rotor_tm_keyboard2wrench' build argument 'cmake_target' from command line to 'None'
[0.161s] Level 5:colcon.colcon_core.verb:set package 'rotor_tm_keyboard2wrench' build argument 'cmake_target_skip_unavailable' from command line to 'False'
[0.161s] Level 5:colcon.colcon_core.verb:set package 'rotor_tm_keyboard2wrench' build argument 'cmake_clean_cache' from command line to 'False'
[0.161s] Level 5:colcon.colcon_core.verb:set package 'rotor_tm_keyboard2wrench' build argument 'cmake_clean_first' from command line to 'False'
[0.161s] Level 5:colcon.colcon_core.verb:set package 'rotor_tm_keyboard2wrench' build argument 'cmake_force_configure' from command line to 'False'
[0.161s] Level 5:colcon.colcon_core.verb:set package 'rotor_tm_keyboard2wrench' build argument 'ament_cmake_args' from command line to 'None'
[0.161s] Level 5:colcon.colcon_core.verb:set package 'rotor_tm_keyboard2wrench' build argument 'catkin_cmake_args' from command line to 'None'
[0.161s] Level 5:colcon.colcon_core.verb:set package 'rotor_tm_keyboard2wrench' build argument 'catkin_skip_building_tests' from command line to 'False'
[0.161s] DEBUG:colcon.colcon_core.verb:Building package 'rotor_tm_keyboard2wrench' with the following arguments: {'ament_cmake_args': None, 'build_base': '/home/swati/Quad_DR/ros2_ws/build/rotor_tm_keyboard2wrench', 'catkin_cmake_args': None, 'catkin_skip_building_tests': False, 'cmake_args': None, 'cmake_clean_cache': False, 'cmake_clean_first': False, 'cmake_force_configure': False, 'cmake_target': None, 'cmake_target_skip_unavailable': False, 'install_base': '/home/swati/Quad_DR/ros2_ws/install/rotor_tm_keyboard2wrench', 'merge_install': False, 'path': '/home/swati/Quad_DR/ros2_ws/src/rotor_tm_keyboard2wrench', 'symlink_install': False, 'test_result_base': None}
[0.162s] Level 5:colcon.colcon_core.verb:set package 'rotor_tm_msgs' build argument 'cmake_args' from command line to 'None'
[0.162s] Level 5:colcon.colcon_core.verb:set package 'rotor_tm_msgs' build argument 'cmake_target' from command line to 'None'
[0.162s] Level 5:colcon.colcon_core.verb:set package 'rotor_tm_msgs' build argument 'cmake_target_skip_unavailable' from command line to 'False'
[0.162s] Level 5:colcon.colcon_core.verb:set package 'rotor_tm_msgs' build argument 'cmake_clean_cache' from command line to 'False'
[0.162s] Level 5:colcon.colcon_core.verb:set package 'rotor_tm_msgs' build argument 'cmake_clean_first' from command line to 'False'
[0.162s] Level 5:colcon.colcon_core.verb:set package 'rotor_tm_msgs' build argument 'cmake_force_configure' from command line to 'False'
[0.162s] Level 5:colcon.colcon_core.verb:set package 'rotor_tm_msgs' build argument 'ament_cmake_args' from command line to 'None'
[0.162s] Level 5:colcon.colcon_core.verb:set package 'rotor_tm_msgs' build argument 'catkin_cmake_args' from command line to 'None'
[0.162s] Level 5:colcon.colcon_core.verb:set package 'rotor_tm_msgs' build argument 'catkin_skip_building_tests' from command line to 'False'
[0.162s] DEBUG:colcon.colcon_core.verb:Building package 'rotor_tm_msgs' with the following arguments: {'ament_cmake_args': None, 'build_base': '/home/swati/Quad_DR/ros2_ws/build/rotor_tm_msgs', 'catkin_cmake_args': None, 'catkin_skip_building_tests': False, 'cmake_args': None, 'cmake_clean_cache': False, 'cmake_clean_first': False, 'cmake_force_configure': False, 'cmake_target': None, 'cmake_target_skip_unavailable': False, 'install_base': '/home/swati/Quad_DR/ros2_ws/install/rotor_tm_msgs', 'merge_install': False, 'path': '/home/swati/Quad_DR/ros2_ws/src/rotor_tm_msgs', 'symlink_install': False, 'test_result_base': None}
[0.162s] Level 5:colcon.colcon_core.verb:set package 'rotor_tm_traj' build argument 'cmake_args' from command line to 'None'
[0.162s] Level 5:colcon.colcon_core.verb:set package 'rotor_tm_traj' build argument 'cmake_target' from command line to 'None'
[0.162s] Level 5:colcon.colcon_core.verb:set package 'rotor_tm_traj' build argument 'cmake_target_skip_unavailable' from command line to 'False'
[0.162s] Level 5:colcon.colcon_core.verb:set package 'rotor_tm_traj' build argument 'cmake_clean_cache' from command line to 'False'
[0.162s] Level 5:colcon.colcon_core.verb:set package 'rotor_tm_traj' build argument 'cmake_clean_first' from command line to 'False'
[0.162s] Level 5:colcon.colcon_core.verb:set package 'rotor_tm_traj' build argument 'cmake_force_configure' from command line to 'False'
[0.162s] Level 5:colcon.colcon_core.verb:set package 'rotor_tm_traj' build argument 'ament_cmake_args' from command line to 'None'
[0.162s] Level 5:colcon.colcon_core.verb:set package 'rotor_tm_traj' build argument 'catkin_cmake_args' from command line to 'None'
[0.162s] Level 5:colcon.colcon_core.verb:set package 'rotor_tm_traj' build argument 'catkin_skip_building_tests' from command line to 'False'
[0.162s] DEBUG:colcon.colcon_core.verb:Building package 'rotor_tm_traj' with the following arguments: {'ament_cmake_args': None, 'build_base': '/home/swati/Quad_DR/ros2_ws/build/rotor_tm_traj', 'catkin_cmake_args': None, 'catkin_skip_building_tests': False, 'cmake_args': None, 'cmake_clean_cache': False, 'cmake_clean_first': False, 'cmake_force_configure': False, 'cmake_target': None, 'cmake_target_skip_unavailable': False, 'install_base': '/home/swati/Quad_DR/ros2_ws/install/rotor_tm_traj', 'merge_install': False, 'path': '/home/swati/Quad_DR/ros2_ws/src/rotor_tm_traj', 'symlink_install': False, 'test_result_base': None}
[0.162s] Level 5:colcon.colcon_core.verb:set package 'rotor_tm_utils' build argument 'cmake_args' from command line to 'None'
[0.162s] Level 5:colcon.colcon_core.verb:set package 'rotor_tm_utils' build argument 'cmake_target' from command line to 'None'
[0.162s] Level 5:colcon.colcon_core.verb:set package 'rotor_tm_utils' build argument 'cmake_target_skip_unavailable' from command line to 'False'
[0.162s] Level 5:colcon.colcon_core.verb:set package 'rotor_tm_utils' build argument 'cmake_clean_cache' from command line to 'False'
[0.162s] Level 5:colcon.colcon_core.verb:set package 'rotor_tm_utils' build argument 'cmake_clean_first' from command line to 'False'
[0.162s] Level 5:colcon.colcon_core.verb:set package 'rotor_tm_utils' build argument 'cmake_force_configure' from command line to 'False'
[0.162s] Level 5:colcon.colcon_core.verb:set package 'rotor_tm_utils' build argument 'ament_cmake_args' from command line to 'None'
[0.162s] Level 5:colcon.colcon_core.verb:set package 'rotor_tm_utils' build argument 'catkin_cmake_args' from command line to 'None'
[0.162s] Level 5:colcon.colcon_core.verb:set package 'rotor_tm_utils' build argument 'catkin_skip_building_tests' from command line to 'False'
[0.162s] DEBUG:colcon.colcon_core.verb:Building package 'rotor_tm_utils' with the following arguments: {'ament_cmake_args': None, 'build_base': '/home/swati/Quad_DR/ros2_ws/build/rotor_tm_utils', 'catkin_cmake_args': None, 'catkin_skip_building_tests': False, 'cmake_args': None, 'cmake_clean_cache': False, 'cmake_clean_first': False, 'cmake_force_configure': False, 'cmake_target': None, 'cmake_target_skip_unavailable': False, 'install_base': '/home/swati/Quad_DR/ros2_ws/install/rotor_tm_utils', 'merge_install': False, 'path': '/home/swati/Quad_DR/ros2_ws/src/rotor_tm_utils', 'symlink_install': False, 'test_result_base': None}
[0.163s] Level 5:colcon.colcon_core.verb:set package 'rotor_tm_control' build argument 'cmake_args' from command line to 'None'
[0.163s] Level 5:colcon.colcon_core.verb:set package 'rotor_tm_control' build argument 'cmake_target' from command line to 'None'
[0.163s] Level 5:colcon.colcon_core.verb:set package 'rotor_tm_control' build argument 'cmake_target_skip_unavailable' from command line to 'False'
[0.163s] Level 5:colcon.colcon_core.verb:set package 'rotor_tm_control' build argument 'cmake_clean_cache' from command line to 'False'
[0.163s] Level 5:colcon.colcon_core.verb:set package 'rotor_tm_control' build argument 'cmake_clean_first' from command line to 'False'
[0.163s] Level 5:colcon.colcon_core.verb:set package 'rotor_tm_control' build argument 'cmake_force_configure' from command line to 'False'
[0.163s] Level 5:colcon.colcon_core.verb:set package 'rotor_tm_control' build argument 'ament_cmake_args' from command line to 'None'
[0.163s] Level 5:colcon.colcon_core.verb:set package 'rotor_tm_control' build argument 'catkin_cmake_args' from command line to 'None'
[0.163s] Level 5:colcon.colcon_core.verb:set package 'rotor_tm_control' build argument 'catkin_skip_building_tests' from command line to 'False'
[0.163s] DEBUG:colcon.colcon_core.verb:Building package 'rotor_tm_control' with the following arguments: {'ament_cmake_args': None, 'build_base': '/home/swati/Quad_DR/ros2_ws/build/rotor_tm_control', 'catkin_cmake_args': None, 'catkin_skip_building_tests': False, 'cmake_args': None, 'cmake_clean_cache': False, 'cmake_clean_first': False, 'cmake_force_configure': False, 'cmake_target': None, 'cmake_target_skip_unavailable': False, 'install_base': '/home/swati/Quad_DR/ros2_ws/install/rotor_tm_control', 'merge_install': False, 'path': '/home/swati/Quad_DR/ros2_ws/src/rotor_tm_control', 'symlink_install': False, 'test_result_base': None}
[0.163s] Level 5:colcon.colcon_core.verb:set package 'rotor_tm_sim' build argument 'cmake_args' from command line to 'None'
[0.163s] Level 5:colcon.colcon_core.verb:set package 'rotor_tm_sim' build argument 'cmake_target' from command line to 'None'
[0.163s] Level 5:colcon.colcon_core.verb:set package 'rotor_tm_sim' build argument 'cmake_target_skip_unavailable' from command line to 'False'
[0.163s] Level 5:colcon.colcon_core.verb:set package 'rotor_tm_sim' build argument 'cmake_clean_cache' from command line to 'False'
[0.163s] Level 5:colcon.colcon_core.verb:set package 'rotor_tm_sim' build argument 'cmake_clean_first' from command line to 'False'
[0.163s] Level 5:colcon.colcon_core.verb:set package 'rotor_tm_sim' build argument 'cmake_force_configure' from command line to 'False'
[0.163s] Level 5:colcon.colcon_core.verb:set package 'rotor_tm_sim' build argument 'ament_cmake_args' from command line to 'None'
[0.163s] Level 5:colcon.colcon_core.verb:set package 'rotor_tm_sim' build argument 'catkin_cmake_args' from command line to 'None'
[0.163s] Level 5:colcon.colcon_core.verb:set package 'rotor_tm_sim' build argument 'catkin_skip_building_tests' from command line to 'False'
[0.163s] DEBUG:colcon.colcon_core.verb:Building package 'rotor_tm_sim' with the following arguments: {'ament_cmake_args': None, 'build_base': '/home/swati/Quad_DR/ros2_ws/build/rotor_tm_sim', 'catkin_cmake_args': None, 'catkin_skip_building_tests': False, 'cmake_args': None, 'cmake_clean_cache': False, 'cmake_clean_first': False, 'cmake_force_configure': False, 'cmake_target': None, 'cmake_target_skip_unavailable': False, 'install_base': '/home/swati/Quad_DR/ros2_ws/install/rotor_tm_sim', 'merge_install': False, 'path': '/home/swati/Quad_DR/ros2_ws/src/rotor_tm_sim', 'symlink_install': False, 'test_result_base': None}
[0.163s] INFO:colcon.colcon_core.executor:Executing jobs using 'parallel' executor
[0.164s] DEBUG:colcon.colcon_parallel_executor.executor.parallel:run_until_complete
[0.164s] INFO:colcon.colcon_ros.task.ament_cmake.build:Building ROS package in '/home/swati/Quad_DR/ros2_ws/src/rotor_tm_msgs' with build type 'ament_cmake'
[0.164s] INFO:colcon.colcon_cmake.task.cmake.build:Building CMake package in '/home/swati/Quad_DR/ros2_ws/src/rotor_tm_msgs'
[0.166s] INFO:colcon.colcon_core.plugin_system:Skipping extension 'colcon_core.shell.bat': Not used on non-Windows systems
[0.166s] INFO:colcon.colcon_core.shell:Skip shell extension 'powershell' for command environment: Not usable outside of PowerShell
[0.166s] DEBUG:colcon.colcon_core.shell:Skip shell extension 'dsv' for command environment
[0.168s] INFO:colcon.colcon_ros.task.ament_python.build:Building ROS package in '/home/swati/Quad_DR/ros2_ws/src/rotor_tm_utils' with build type 'ament_python'
[0.168s] Level 1:colcon.colcon_core.shell:create_environment_hook('rotor_tm_utils', 'ament_prefix_path')
[0.168s] INFO:colcon.colcon_core.shell:Creating environment hook '/home/swati/Quad_DR/ros2_ws/install/rotor_tm_utils/share/rotor_tm_utils/hook/ament_prefix_path.ps1'
[0.169s] INFO:colcon.colcon_core.shell:Creating environment descriptor '/home/swati/Quad_DR/ros2_ws/install/rotor_tm_utils/share/rotor_tm_utils/hook/ament_prefix_path.dsv'
[0.169s] INFO:colcon.colcon_core.shell:Creating environment hook '/home/swati/Quad_DR/ros2_ws/install/rotor_tm_utils/share/rotor_tm_utils/hook/ament_prefix_path.sh'
[0.169s] INFO:colcon.colcon_core.shell:Skip shell extension 'powershell' for command environment: Not usable outside of PowerShell
[0.169s] DEBUG:colcon.colcon_core.shell:Skip shell extension 'dsv' for command environment
[0.172s] INFO:colcon.colcon_ros.task.ament_python.build:Building ROS package in '/home/swati/Quad_DR/ros2_ws/src/rotor_tm_config' with build type 'ament_python'
[0.172s] Level 1:colcon.colcon_core.shell:create_environment_hook('rotor_tm_config', 'ament_prefix_path')
[0.172s] INFO:colcon.colcon_core.shell:Creating environment hook '/home/swati/Quad_DR/ros2_ws/install/rotor_tm_config/share/rotor_tm_config/hook/ament_prefix_path.ps1'
[0.172s] INFO:colcon.colcon_core.shell:Creating environment descriptor '/home/swati/Quad_DR/ros2_ws/install/rotor_tm_config/share/rotor_tm_config/hook/ament_prefix_path.dsv'
[0.172s] INFO:colcon.colcon_core.shell:Creating environment hook '/home/swati/Quad_DR/ros2_ws/install/rotor_tm_config/share/rotor_tm_config/hook/ament_prefix_path.sh'
[0.172s] INFO:colcon.colcon_core.shell:Skip shell extension 'powershell' for command environment: Not usable outside of PowerShell
[0.172s] DEBUG:colcon.colcon_core.shell:Skip shell extension 'dsv' for command environment
[0.175s] INFO:colcon.colcon_ros.task.ament_python.build:Building ROS package in '/home/swati/Quad_DR/ros2_ws/src/rotor_tm_keyboard2wrench' with build type 'ament_python'
[0.175s] Level 1:colcon.colcon_core.shell:create_environment_hook('rotor_tm_keyboard2wrench', 'ament_prefix_path')
[0.175s] INFO:colcon.colcon_core.shell:Creating environment hook '/home/swati/Quad_DR/ros2_ws/install/rotor_tm_keyboard2wrench/share/rotor_tm_keyboard2wrench/hook/ament_prefix_path.ps1'
[0.175s] INFO:colcon.colcon_core.shell:Creating environment descriptor '/home/swati/Quad_DR/ros2_ws/install/rotor_tm_keyboard2wrench/share/rotor_tm_keyboard2wrench/hook/ament_prefix_path.dsv'
[0.175s] INFO:colcon.colcon_core.shell:Creating environment hook '/home/swati/Quad_DR/ros2_ws/install/rotor_tm_keyboard2wrench/share/rotor_tm_keyboard2wrench/hook/ament_prefix_path.sh'
[0.175s] INFO:colcon.colcon_core.shell:Skip shell extension 'powershell' for command environment: Not usable outside of PowerShell
[0.175s] DEBUG:colcon.colcon_core.shell:Skip shell extension 'dsv' for command environment
[0.177s] INFO:colcon.colcon_ros.task.ament_python.build:Building ROS package in '/home/swati/Quad_DR/ros2_ws/src/rotor_tm_traj' with build type 'ament_python'
[0.177s] Level 1:colcon.colcon_core.shell:create_environment_hook('rotor_tm_traj', 'ament_prefix_path')
[0.178s] INFO:colcon.colcon_core.shell:Creating environment hook '/home/swati/Quad_DR/ros2_ws/install/rotor_tm_traj/share/rotor_tm_traj/hook/ament_prefix_path.ps1'
[0.178s] INFO:colcon.colcon_core.shell:Creating environment descriptor '/home/swati/Quad_DR/ros2_ws/install/rotor_tm_traj/share/rotor_tm_traj/hook/ament_prefix_path.dsv'
[0.178s] INFO:colcon.colcon_core.shell:Creating environment hook '/home/swati/Quad_DR/ros2_ws/install/rotor_tm_traj/share/rotor_tm_traj/hook/ament_prefix_path.sh'
[0.178s] INFO:colcon.colcon_core.shell:Skip shell extension 'powershell' for command environment: Not usable outside of PowerShell
[0.178s] DEBUG:colcon.colcon_core.shell:Skip shell extension 'dsv' for command environment
[0.184s] DEBUG:colcon.colcon_core.event_handler.log_command:Invoking command in '/home/swati/Quad_DR/ros2_ws/build/rotor_tm_msgs': CMAKE_PREFIX_PATH=${CMAKE_PREFIX_PATH}:/home/swati/Quad_DR/ros2_ws/install/rotor_tm_sim:/home/swati/Quad_DR/ros2_ws/install/rotor_tm_control:/home/swati/Quad_DR/ros2_ws/install/rotor_tm_utils:/home/swati/Quad_DR/ros2_ws/install/rotor_tm_traj:/home/swati/Quad_DR/ros2_ws/install/rotor_tm_keyboard2wrench:/home/swati/Quad_DR/ros2_ws/install/rotor_tm_config:/opt/ros/humble /usr/bin/cmake --build /home/swati/Quad_DR/ros2_ws/build/rotor_tm_msgs -- -j20 -l20
[0.317s] INFO:colcon.colcon_core.task.python.build:Building Python package in '/home/swati/Quad_DR/ros2_ws/src/rotor_tm_utils'
[0.318s] INFO:colcon.colcon_core.shell:Skip shell extension 'powershell' for command environment: Not usable outside of PowerShell
[0.318s] DEBUG:colcon.colcon_core.shell:Skip shell extension 'dsv' for command environment
[0.451s] INFO:colcon.colcon_core.task.python.build:Building Python package in '/home/swati/Quad_DR/ros2_ws/src/rotor_tm_config'
[0.451s] INFO:colcon.colcon_core.shell:Skip shell extension 'powershell' for command environment: Not usable outside of PowerShell
[0.451s] DEBUG:colcon.colcon_core.shell:Skip shell extension 'dsv' for command environment
[0.586s] INFO:colcon.colcon_core.task.python.build:Building Python package in '/home/swati/Quad_DR/ros2_ws/src/rotor_tm_keyboard2wrench'
[0.587s] INFO:colcon.colcon_core.shell:Skip shell extension 'powershell' for command environment: Not usable outside of PowerShell
[0.587s] DEBUG:colcon.colcon_core.shell:Skip shell extension 'dsv' for command environment
[0.737s] INFO:colcon.colcon_core.task.python.build:Building Python package in '/home/swati/Quad_DR/ros2_ws/src/rotor_tm_traj'
[0.737s] INFO:colcon.colcon_core.shell:Skip shell extension 'powershell' for command environment: Not usable outside of PowerShell
[0.737s] DEBUG:colcon.colcon_core.shell:Skip shell extension 'dsv' for command environment
[0.740s] DEBUG:colcon.colcon_core.event_handler.log_command:Invoked command in '/home/swati/Quad_DR/ros2_ws/build/rotor_tm_msgs' returned '0': CMAKE_PREFIX_PATH=${CMAKE_PREFIX_PATH}:/home/swati/Quad_DR/ros2_ws/install/rotor_tm_sim:/home/swati/Quad_DR/ros2_ws/install/rotor_tm_control:/home/swati/Quad_DR/ros2_ws/install/rotor_tm_utils:/home/swati/Quad_DR/ros2_ws/install/rotor_tm_traj:/home/swati/Quad_DR/ros2_ws/install/rotor_tm_keyboard2wrench:/home/swati/Quad_DR/ros2_ws/install/rotor_tm_config:/opt/ros/humble /usr/bin/cmake --build /home/swati/Quad_DR/ros2_ws/build/rotor_tm_msgs -- -j20 -l20
[0.992s] DEBUG:colcon.colcon_core.event_handler.log_command:Invoking command in '/home/swati/Quad_DR/ros2_ws/build/rotor_tm_msgs': CMAKE_PREFIX_PATH=${CMAKE_PREFIX_PATH}:/home/swati/Quad_DR/ros2_ws/install/rotor_tm_sim:/home/swati/Quad_DR/ros2_ws/install/rotor_tm_control:/home/swati/Quad_DR/ros2_ws/install/rotor_tm_utils:/home/swati/Quad_DR/ros2_ws/install/rotor_tm_traj:/home/swati/Quad_DR/ros2_ws/install/rotor_tm_keyboard2wrench:/home/swati/Quad_DR/ros2_ws/install/rotor_tm_config:/opt/ros/humble /usr/bin/cmake --install /home/swati/Quad_DR/ros2_ws/build/rotor_tm_msgs
[1.052s] Level 1:colcon.colcon_core.environment:create_environment_scripts_only(rotor_tm_msgs)
[1.052s] DEBUG:colcon.colcon_core.event_handler.log_command:Invoked command in '/home/swati/Quad_DR/ros2_ws/build/rotor_tm_msgs' returned '0': CMAKE_PREFIX_PATH=${CMAKE_PREFIX_PATH}:/home/swati/Quad_DR/ros2_ws/install/rotor_tm_sim:/home/swati/Quad_DR/ros2_ws/install/rotor_tm_control:/home/swati/Quad_DR/ros2_ws/install/rotor_tm_utils:/home/swati/Quad_DR/ros2_ws/install/rotor_tm_traj:/home/swati/Quad_DR/ros2_ws/install/rotor_tm_keyboard2wrench:/home/swati/Quad_DR/ros2_ws/install/rotor_tm_config:/opt/ros/humble /usr/bin/cmake --install /home/swati/Quad_DR/ros2_ws/build/rotor_tm_msgs
[1.053s] Level 1:colcon.colcon_core.environment:checking '/home/swati/Quad_DR/ros2_ws/install/rotor_tm_msgs' for CMake module files
[1.054s] Level 1:colcon.colcon_core.environment:checking '/home/swati/Quad_DR/ros2_ws/install/rotor_tm_msgs' for CMake config files
[1.054s] Level 1:colcon.colcon_core.shell:create_environment_hook('rotor_tm_msgs', 'cmake_prefix_path')
[1.054s] INFO:colcon.colcon_core.shell:Creating environment hook '/home/swati/Quad_DR/ros2_ws/install/rotor_tm_msgs/share/rotor_tm_msgs/hook/cmake_prefix_path.ps1'
[1.055s] INFO:colcon.colcon_core.shell:Creating environment descriptor '/home/swati/Quad_DR/ros2_ws/install/rotor_tm_msgs/share/rotor_tm_msgs/hook/cmake_prefix_path.dsv'
[1.055s] INFO:colcon.colcon_core.shell:Creating environment hook '/home/swati/Quad_DR/ros2_ws/install/rotor_tm_msgs/share/rotor_tm_msgs/hook/cmake_prefix_path.sh'
[1.055s] Level 1:colcon.colcon_core.environment:checking '/home/swati/Quad_DR/ros2_ws/install/rotor_tm_msgs/lib'
[1.055s] Level 1:colcon.colcon_core.shell:create_environment_hook('rotor_tm_msgs', 'ld_library_path_lib')
[1.055s] INFO:colcon.colcon_core.shell:Creating environment hook '/home/swati/Quad_DR/ros2_ws/install/rotor_tm_msgs/share/rotor_tm_msgs/hook/ld_library_path_lib.ps1'
[1.056s] INFO:colcon.colcon_core.shell:Creating environment descriptor '/home/swati/Quad_DR/ros2_ws/install/rotor_tm_msgs/share/rotor_tm_msgs/hook/ld_library_path_lib.dsv'
[1.056s] INFO:colcon.colcon_core.shell:Creating environment hook '/home/swati/Quad_DR/ros2_ws/install/rotor_tm_msgs/share/rotor_tm_msgs/hook/ld_library_path_lib.sh'
[1.056s] Level 1:colcon.colcon_core.environment:checking '/home/swati/Quad_DR/ros2_ws/install/rotor_tm_msgs/bin'
[1.056s] Level 1:colcon.colcon_core.environment:checking '/home/swati/Quad_DR/ros2_ws/install/rotor_tm_msgs/lib/pkgconfig/rotor_tm_msgs.pc'
[1.056s] Level 1:colcon.colcon_core.environment:checking '/home/swati/Quad_DR/ros2_ws/install/rotor_tm_msgs/lib/python3.10/site-packages'
[1.056s] Level 1:colcon.colcon_core.environment:checking '/home/swati/Quad_DR/ros2_ws/install/rotor_tm_msgs/bin'
[1.056s] INFO:colcon.colcon_core.shell:Creating package script '/home/swati/Quad_DR/ros2_ws/install/rotor_tm_msgs/share/rotor_tm_msgs/package.ps1'
[1.057s] INFO:colcon.colcon_core.shell:Creating package descriptor '/home/swati/Quad_DR/ros2_ws/install/rotor_tm_msgs/share/rotor_tm_msgs/package.dsv'
[1.057s] INFO:colcon.colcon_core.shell:Creating package script '/home/swati/Quad_DR/ros2_ws/install/rotor_tm_msgs/share/rotor_tm_msgs/package.sh'
[1.058s] INFO:colcon.colcon_core.shell:Creating package script '/home/swati/Quad_DR/ros2_ws/install/rotor_tm_msgs/share/rotor_tm_msgs/package.bash'
[1.058s] INFO:colcon.colcon_core.shell:Creating package script '/home/swati/Quad_DR/ros2_ws/install/rotor_tm_msgs/share/rotor_tm_msgs/package.zsh'
[1.059s] Level 1:colcon.colcon_core.environment:create_file_with_runtime_dependencies(/home/swati/Quad_DR/ros2_ws/install/rotor_tm_msgs/share/colcon-core/packages/rotor_tm_msgs)
[1.086s] DEBUG:colcon.colcon_core.event_handler.log_command:Invoking command in '/home/swati/Quad_DR/ros2_ws/src/rotor_tm_traj': PYTHONPATH=/home/swati/Quad_DR/ros2_ws/build/rotor_tm_traj/prefix_override:/usr/lib/python3/dist-packages/colcon_core/task/python/colcon_distutils_commands:/home/swati/Quad_DR/ros2_ws/install/rotor_tm_traj/lib/python3.10/site-packages:${PYTHONPATH} /usr/bin/python3 -W ignore:setup.py install is deprecated setup.py egg_info --egg-base ../../build/rotor_tm_traj build --build-base /home/swati/Quad_DR/ros2_ws/build/rotor_tm_traj/build install --record /home/swati/Quad_DR/ros2_ws/build/rotor_tm_traj/install.log --single-version-externally-managed install_data
[1.087s] DEBUG:colcon.colcon_core.event_handler.log_command:Invoking command in '/home/swati/Quad_DR/ros2_ws/src/rotor_tm_config': PYTHONPATH=/home/swati/Quad_DR/ros2_ws/build/rotor_tm_config/prefix_override:/usr/lib/python3/dist-packages/colcon_core/task/python/colcon_distutils_commands:/home/swati/Quad_DR/ros2_ws/install/rotor_tm_config/lib/python3.10/site-packages:${PYTHONPATH} /usr/bin/python3 -W ignore:setup.py install is deprecated setup.py egg_info --egg-base ../../build/rotor_tm_config build --build-base /home/swati/Quad_DR/ros2_ws/build/rotor_tm_config/build install --record /home/swati/Quad_DR/ros2_ws/build/rotor_tm_config/install.log --single-version-externally-managed install_data
[1.128s] DEBUG:colcon.colcon_core.event_handler.log_command:Invoking command in '/home/swati/Quad_DR/ros2_ws/src/rotor_tm_utils': PYTHONPATH=/home/swati/Quad_DR/ros2_ws/build/rotor_tm_utils/prefix_override:/usr/lib/python3/dist-packages/colcon_core/task/python/colcon_distutils_commands:/home/swati/Quad_DR/ros2_ws/install/rotor_tm_utils/lib/python3.10/site-packages:${PYTHONPATH} /usr/bin/python3 -W ignore:setup.py install is deprecated setup.py egg_info --egg-base ../../build/rotor_tm_utils build --build-base /home/swati/Quad_DR/ros2_ws/build/rotor_tm_utils/build install --record /home/swati/Quad_DR/ros2_ws/build/rotor_tm_utils/install.log --single-version-externally-managed install_data
[1.167s] DEBUG:colcon.colcon_core.event_handler.log_command:Invoking command in '/home/swati/Quad_DR/ros2_ws/src/rotor_tm_keyboard2wrench': PYTHONPATH=/home/swati/Quad_DR/ros2_ws/build/rotor_tm_keyboard2wrench/prefix_override:/usr/lib/python3/dist-packages/colcon_core/task/python/colcon_distutils_commands:/home/swati/Quad_DR/ros2_ws/install/rotor_tm_keyboard2wrench/lib/python3.10/site-packages:${PYTHONPATH} /usr/bin/python3 -W ignore:setup.py install is deprecated setup.py egg_info --egg-base ../../build/rotor_tm_keyboard2wrench build --build-base /home/swati/Quad_DR/ros2_ws/build/rotor_tm_keyboard2wrench/build install --record /home/swati/Quad_DR/ros2_ws/build/rotor_tm_keyboard2wrench/install.log --single-version-externally-managed install_data
[1.312s] Level 1:colcon.colcon_core.environment:create_environment_scripts_only(rotor_tm_msgs)
[1.312s] Level 1:colcon.colcon_core.environment:checking '/home/swati/Quad_DR/ros2_ws/install/rotor_tm_msgs' for CMake module files
[1.313s] Level 1:colcon.colcon_core.environment:checking '/home/swati/Quad_DR/ros2_ws/install/rotor_tm_msgs' for CMake config files
[1.314s] Level 1:colcon.colcon_core.shell:create_environment_hook('rotor_tm_msgs', 'cmake_prefix_path')
[1.314s] INFO:colcon.colcon_core.shell:Creating environment hook '/home/swati/Quad_DR/ros2_ws/install/rotor_tm_msgs/share/rotor_tm_msgs/hook/cmake_prefix_path.ps1'
[1.314s] INFO:colcon.colcon_core.shell:Creating environment descriptor '/home/swati/Quad_DR/ros2_ws/install/rotor_tm_msgs/share/rotor_tm_msgs/hook/cmake_prefix_path.dsv'
[1.315s] INFO:colcon.colcon_core.shell:Creating environment hook '/home/swati/Quad_DR/ros2_ws/install/rotor_tm_msgs/share/rotor_tm_msgs/hook/cmake_prefix_path.sh'
[1.315s] Level 1:colcon.colcon_core.environment:checking '/home/swati/Quad_DR/ros2_ws/install/rotor_tm_msgs/lib'
[1.315s] Level 1:colcon.colcon_core.shell:create_environment_hook('rotor_tm_msgs', 'ld_library_path_lib')
[1.315s] INFO:colcon.colcon_core.shell:Creating environment hook '/home/swati/Quad_DR/ros2_ws/install/rotor_tm_msgs/share/rotor_tm_msgs/hook/ld_library_path_lib.ps1'
[1.315s] INFO:colcon.colcon_core.shell:Creating environment descriptor '/home/swati/Quad_DR/ros2_ws/install/rotor_tm_msgs/share/rotor_tm_msgs/hook/ld_library_path_lib.dsv'
[1.316s] INFO:colcon.colcon_core.shell:Creating environment hook '/home/swati/Quad_DR/ros2_ws/install/rotor_tm_msgs/share/rotor_tm_msgs/hook/ld_library_path_lib.sh'
[1.316s] Level 1:colcon.colcon_core.environment:checking '/home/swati/Quad_DR/ros2_ws/install/rotor_tm_msgs/bin'
[1.316s] Level 1:colcon.colcon_core.environment:checking '/home/swati/Quad_DR/ros2_ws/install/rotor_tm_msgs/lib/pkgconfig/rotor_tm_msgs.pc'
[1.316s] Level 1:colcon.colcon_core.environment:checking '/home/swati/Quad_DR/ros2_ws/install/rotor_tm_msgs/lib/python3.10/site-packages'
[1.316s] Level 1:colcon.colcon_core.environment:checking '/home/swati/Quad_DR/ros2_ws/install/rotor_tm_msgs/bin'
[1.317s] INFO:colcon.colcon_core.shell:Creating package script '/home/swati/Quad_DR/ros2_ws/install/rotor_tm_msgs/share/rotor_tm_msgs/package.ps1'
[1.317s] INFO:colcon.colcon_core.shell:Creating package descriptor '/home/swati/Quad_DR/ros2_ws/install/rotor_tm_msgs/share/rotor_tm_msgs/package.dsv'
[1.318s] INFO:colcon.colcon_core.shell:Creating package script '/home/swati/Quad_DR/ros2_ws/install/rotor_tm_msgs/share/rotor_tm_msgs/package.sh'
[1.318s] INFO:colcon.colcon_core.shell:Creating package script '/home/swati/Quad_DR/ros2_ws/install/rotor_tm_msgs/share/rotor_tm_msgs/package.bash'
[1.318s] INFO:colcon.colcon_core.shell:Creating package script '/home/swati/Quad_DR/ros2_ws/install/rotor_tm_msgs/share/rotor_tm_msgs/package.zsh'
[1.319s] Level 1:colcon.colcon_core.environment:create_file_with_runtime_dependencies(/home/swati/Quad_DR/ros2_ws/install/rotor_tm_msgs/share/colcon-core/packages/rotor_tm_msgs)
[1.415s] Level 1:colcon.colcon_core.environment:checking '/home/swati/Quad_DR/ros2_ws/install/rotor_tm_traj' for CMake module files
[1.415s] DEBUG:colcon.colcon_core.event_handler.log_command:Invoked command in '/home/swati/Quad_DR/ros2_ws/src/rotor_tm_traj' returned '0': PYTHONPATH=/home/swati/Quad_DR/ros2_ws/build/rotor_tm_traj/prefix_override:/usr/lib/python3/dist-packages/colcon_core/task/python/colcon_distutils_commands:/home/swati/Quad_DR/ros2_ws/install/rotor_tm_traj/lib/python3.10/site-packages:${PYTHONPATH} /usr/bin/python3 -W ignore:setup.py install is deprecated setup.py egg_info --egg-base ../../build/rotor_tm_traj build --build-base /home/swati/Quad_DR/ros2_ws/build/rotor_tm_traj/build install --record /home/swati/Quad_DR/ros2_ws/build/rotor_tm_traj/install.log --single-version-externally-managed install_data
[1.415s] Level 1:colcon.colcon_core.environment:checking '/home/swati/Quad_DR/ros2_ws/install/rotor_tm_traj' for CMake config files
[1.416s] Level 1:colcon.colcon_core.environment:checking '/home/swati/Quad_DR/ros2_ws/install/rotor_tm_traj/lib'
[1.416s] Level 1:colcon.colcon_core.environment:checking '/home/swati/Quad_DR/ros2_ws/install/rotor_tm_traj/bin'
[1.416s] Level 1:colcon.colcon_core.environment:checking '/home/swati/Quad_DR/ros2_ws/install/rotor_tm_traj/lib/pkgconfig/rotor_tm_traj.pc'
[1.416s] Level 1:colcon.colcon_core.environment:checking '/home/swati/Quad_DR/ros2_ws/install/rotor_tm_traj/lib/python3.10/site-packages'
[1.416s] Level 1:colcon.colcon_core.shell:create_environment_hook('rotor_tm_traj', 'pythonpath')
[1.416s] INFO:colcon.colcon_core.shell:Creating environment hook '/home/swati/Quad_DR/ros2_ws/install/rotor_tm_traj/share/rotor_tm_traj/hook/pythonpath.ps1'
[1.416s] INFO:colcon.colcon_core.shell:Creating environment descriptor '/home/swati/Quad_DR/ros2_ws/install/rotor_tm_traj/share/rotor_tm_traj/hook/pythonpath.dsv'
[1.417s] INFO:colcon.colcon_core.shell:Creating environment hook '/home/swati/Quad_DR/ros2_ws/install/rotor_tm_traj/share/rotor_tm_traj/hook/pythonpath.sh'
[1.417s] Level 1:colcon.colcon_core.environment:checking '/home/swati/Quad_DR/ros2_ws/install/rotor_tm_traj/bin'
[1.417s] Level 1:colcon.colcon_core.environment:create_environment_scripts_only(rotor_tm_traj)
[1.417s] INFO:colcon.colcon_core.shell:Creating package script '/home/swati/Quad_DR/ros2_ws/install/rotor_tm_traj/share/rotor_tm_traj/package.ps1'
[1.417s] INFO:colcon.colcon_core.shell:Creating package descriptor '/home/swati/Quad_DR/ros2_ws/install/rotor_tm_traj/share/rotor_tm_traj/package.dsv'
[1.418s] INFO:colcon.colcon_core.shell:Creating package script '/home/swati/Quad_DR/ros2_ws/install/rotor_tm_traj/share/rotor_tm_traj/package.sh'
[1.418s] INFO:colcon.colcon_core.shell:Creating package script '/home/swati/Quad_DR/ros2_ws/install/rotor_tm_traj/share/rotor_tm_traj/package.bash'
[1.418s] INFO:colcon.colcon_core.shell:Creating package script '/home/swati/Quad_DR/ros2_ws/install/rotor_tm_traj/share/rotor_tm_traj/package.zsh'
[1.418s] Level 1:colcon.colcon_core.environment:create_file_with_runtime_dependencies(/home/swati/Quad_DR/ros2_ws/install/rotor_tm_traj/share/colcon-core/packages/rotor_tm_traj)
[1.428s] Level 1:colcon.colcon_core.environment:checking '/home/swati/Quad_DR/ros2_ws/install/rotor_tm_config' for CMake module files
[1.428s] DEBUG:colcon.colcon_core.event_handler.log_command:Invoked command in '/home/swati/Quad_DR/ros2_ws/src/rotor_tm_config' returned '0': PYTHONPATH=/home/swati/Quad_DR/ros2_ws/build/rotor_tm_config/prefix_override:/usr/lib/python3/dist-packages/colcon_core/task/python/colcon_distutils_commands:/home/swati/Quad_DR/ros2_ws/install/rotor_tm_config/lib/python3.10/site-packages:${PYTHONPATH} /usr/bin/python3 -W ignore:setup.py install is deprecated setup.py egg_info --egg-base ../../build/rotor_tm_config build --build-base /home/swati/Quad_DR/ros2_ws/build/rotor_tm_config/build install --record /home/swati/Quad_DR/ros2_ws/build/rotor_tm_config/install.log --single-version-externally-managed install_data
[1.428s] Level 1:colcon.colcon_core.environment:checking '/home/swati/Quad_DR/ros2_ws/install/rotor_tm_config' for CMake config files
[1.429s] Level 1:colcon.colcon_core.environment:checking '/home/swati/Quad_DR/ros2_ws/install/rotor_tm_config/lib'
[1.429s] Level 1:colcon.colcon_core.environment:checking '/home/swati/Quad_DR/ros2_ws/install/rotor_tm_config/bin'
[1.429s] Level 1:colcon.colcon_core.environment:checking '/home/swati/Quad_DR/ros2_ws/install/rotor_tm_config/lib/pkgconfig/rotor_tm_config.pc'
[1.429s] Level 1:colcon.colcon_core.environment:checking '/home/swati/Quad_DR/ros2_ws/install/rotor_tm_config/lib/python3.10/site-packages'
[1.429s] Level 1:colcon.colcon_core.shell:create_environment_hook('rotor_tm_config', 'pythonpath')
[1.429s] INFO:colcon.colcon_core.shell:Creating environment hook '/home/swati/Quad_DR/ros2_ws/install/rotor_tm_config/share/rotor_tm_config/hook/pythonpath.ps1'
[1.430s] INFO:colcon.colcon_core.shell:Creating environment descriptor '/home/swati/Quad_DR/ros2_ws/install/rotor_tm_config/share/rotor_tm_config/hook/pythonpath.dsv'
[1.430s] INFO:colcon.colcon_core.shell:Creating environment hook '/home/swati/Quad_DR/ros2_ws/install/rotor_tm_config/share/rotor_tm_config/hook/pythonpath.sh'
[1.430s] Level 1:colcon.colcon_core.environment:checking '/home/swati/Quad_DR/ros2_ws/install/rotor_tm_config/bin'
[1.430s] Level 1:colcon.colcon_core.environment:create_environment_scripts_only(rotor_tm_config)
[1.430s] INFO:colcon.colcon_core.shell:Creating package script '/home/swati/Quad_DR/ros2_ws/install/rotor_tm_config/share/rotor_tm_config/package.ps1'
[1.431s] INFO:colcon.colcon_core.shell:Creating package descriptor '/home/swati/Quad_DR/ros2_ws/install/rotor_tm_config/share/rotor_tm_config/package.dsv'
[1.431s] INFO:colcon.colcon_core.shell:Creating package script '/home/swati/Quad_DR/ros2_ws/install/rotor_tm_config/share/rotor_tm_config/package.sh'
[1.431s] INFO:colcon.colcon_core.shell:Creating package script '/home/swati/Quad_DR/ros2_ws/install/rotor_tm_config/share/rotor_tm_config/package.bash'
[1.431s] INFO:colcon.colcon_core.shell:Creating package script '/home/swati/Quad_DR/ros2_ws/install/rotor_tm_config/share/rotor_tm_config/package.zsh'
[1.431s] Level 1:colcon.colcon_core.environment:create_file_with_runtime_dependencies(/home/swati/Quad_DR/ros2_ws/install/rotor_tm_config/share/colcon-core/packages/rotor_tm_config)
[1.437s] Level 1:colcon.colcon_core.environment:checking '/home/swati/Quad_DR/ros2_ws/install/rotor_tm_utils' for CMake module files
[1.438s] DEBUG:colcon.colcon_core.event_handler.log_command:Invoked command in '/home/swati/Quad_DR/ros2_ws/src/rotor_tm_utils' returned '0': PYTHONPATH=/home/swati/Quad_DR/ros2_ws/build/rotor_tm_utils/prefix_override:/usr/lib/python3/dist-packages/colcon_core/task/python/colcon_distutils_commands:/home/swati/Quad_DR/ros2_ws/install/rotor_tm_utils/lib/python3.10/site-packages:${PYTHONPATH} /usr/bin/python3 -W ignore:setup.py install is deprecated setup.py egg_info --egg-base ../../build/rotor_tm_utils build --build-base /home/swati/Quad_DR/ros2_ws/build/rotor_tm_utils/build install --record /home/swati/Quad_DR/ros2_ws/build/rotor_tm_utils/install.log --single-version-externally-managed install_data
[1.438s] Level 1:colcon.colcon_core.environment:checking '/home/swati/Quad_DR/ros2_ws/install/rotor_tm_utils' for CMake config files
[1.438s] Level 1:colcon.colcon_core.environment:checking '/home/swati/Quad_DR/ros2_ws/install/rotor_tm_utils/lib'
[1.438s] Level 1:colcon.colcon_core.environment:checking '/home/swati/Quad_DR/ros2_ws/install/rotor_tm_utils/bin'
[1.438s] Level 1:colcon.colcon_core.environment:checking '/home/swati/Quad_DR/ros2_ws/install/rotor_tm_utils/lib/pkgconfig/rotor_tm_utils.pc'
[1.438s] Level 1:colcon.colcon_core.environment:checking '/home/swati/Quad_DR/ros2_ws/install/rotor_tm_utils/lib/python3.10/site-packages'
[1.438s] Level 1:colcon.colcon_core.shell:create_environment_hook('rotor_tm_utils', 'pythonpath')
[1.439s] INFO:colcon.colcon_core.shell:Creating environment hook '/home/swati/Quad_DR/ros2_ws/install/rotor_tm_utils/share/rotor_tm_utils/hook/pythonpath.ps1'
[1.439s] INFO:colcon.colcon_core.shell:Creating environment descriptor '/home/swati/Quad_DR/ros2_ws/install/rotor_tm_utils/share/rotor_tm_utils/hook/pythonpath.dsv'
[1.439s] INFO:colcon.colcon_core.shell:Creating environment hook '/home/swati/Quad_DR/ros2_ws/install/rotor_tm_utils/share/rotor_tm_utils/hook/pythonpath.sh'
[1.439s] Level 1:colcon.colcon_core.environment:checking '/home/swati/Quad_DR/ros2_ws/install/rotor_tm_utils/bin'
[1.439s] Level 1:colcon.colcon_core.environment:create_environment_scripts_only(rotor_tm_utils)
[1.439s] INFO:colcon.colcon_core.shell:Creating package script '/home/swati/Quad_DR/ros2_ws/install/rotor_tm_utils/share/rotor_tm_utils/package.ps1'
[1.440s] INFO:colcon.colcon_core.shell:Creating package descriptor '/home/swati/Quad_DR/ros2_ws/install/rotor_tm_utils/share/rotor_tm_utils/package.dsv'
[1.440s] INFO:colcon.colcon_core.shell:Creating package script '/home/swati/Quad_DR/ros2_ws/install/rotor_tm_utils/share/rotor_tm_utils/package.sh'
[1.440s] INFO:colcon.colcon_core.shell:Creating package script '/home/swati/Quad_DR/ros2_ws/install/rotor_tm_utils/share/rotor_tm_utils/package.bash'
[1.440s] INFO:colcon.colcon_core.shell:Creating package script '/home/swati/Quad_DR/ros2_ws/install/rotor_tm_utils/share/rotor_tm_utils/package.zsh'
[1.440s] Level 1:colcon.colcon_core.environment:create_file_with_runtime_dependencies(/home/swati/Quad_DR/ros2_ws/install/rotor_tm_utils/share/colcon-core/packages/rotor_tm_utils)
[1.441s] INFO:colcon.colcon_ros.task.ament_python.build:Building ROS package in '/home/swati/Quad_DR/ros2_ws/src/rotor_tm_control' with build type 'ament_python'
[1.441s] Level 1:colcon.colcon_core.shell:create_environment_hook('rotor_tm_control', 'ament_prefix_path')
[1.441s] INFO:colcon.colcon_core.shell:Creating environment hook '/home/swati/Quad_DR/ros2_ws/install/rotor_tm_control/share/rotor_tm_control/hook/ament_prefix_path.ps1'
[1.441s] INFO:colcon.colcon_core.shell:Creating environment descriptor '/home/swati/Quad_DR/ros2_ws/install/rotor_tm_control/share/rotor_tm_control/hook/ament_prefix_path.dsv'
[1.442s] INFO:colcon.colcon_core.shell:Creating environment hook '/home/swati/Quad_DR/ros2_ws/install/rotor_tm_control/share/rotor_tm_control/hook/ament_prefix_path.sh'
[1.442s] INFO:colcon.colcon_core.shell:Skip shell extension 'powershell' for command environment: Not usable outside of PowerShell
[1.442s] DEBUG:colcon.colcon_core.shell:Skip shell extension 'dsv' for command environment
[1.444s] INFO:colcon.colcon_ros.task.ament_python.build:Building ROS package in '/home/swati/Quad_DR/ros2_ws/src/rotor_tm_sim' with build type 'ament_python'
[1.444s] Level 1:colcon.colcon_core.shell:create_environment_hook('rotor_tm_sim', 'ament_prefix_path')
[1.445s] INFO:colcon.colcon_core.shell:Creating environment hook '/home/swati/Quad_DR/ros2_ws/install/rotor_tm_sim/share/rotor_tm_sim/hook/ament_prefix_path.ps1'
[1.445s] INFO:colcon.colcon_core.shell:Creating environment descriptor '/home/swati/Quad_DR/ros2_ws/install/rotor_tm_sim/share/rotor_tm_sim/hook/ament_prefix_path.dsv'
[1.445s] INFO:colcon.colcon_core.shell:Creating environment hook '/home/swati/Quad_DR/ros2_ws/install/rotor_tm_sim/share/rotor_tm_sim/hook/ament_prefix_path.sh'
[1.445s] INFO:colcon.colcon_core.shell:Skip shell extension 'powershell' for command environment: Not usable outside of PowerShell
[1.446s] DEBUG:colcon.colcon_core.shell:Skip shell extension 'dsv' for command environment
[1.580s] INFO:colcon.colcon_core.task.python.build:Building Python package in '/home/swati/Quad_DR/ros2_ws/src/rotor_tm_control'
[1.581s] INFO:colcon.colcon_core.shell:Skip shell extension 'powershell' for command environment: Not usable outside of PowerShell
[1.581s] DEBUG:colcon.colcon_core.shell:Skip shell extension 'dsv' for command environment
[1.713s] INFO:colcon.colcon_core.task.python.build:Building Python package in '/home/swati/Quad_DR/ros2_ws/src/rotor_tm_sim'
[1.713s] INFO:colcon.colcon_core.shell:Skip shell extension 'powershell' for command environment: Not usable outside of PowerShell
[1.713s] DEBUG:colcon.colcon_core.shell:Skip shell extension 'dsv' for command environment
[1.716s] Level 1:colcon.colcon_core.environment:checking '/home/swati/Quad_DR/ros2_ws/install/rotor_tm_keyboard2wrench' for CMake module files
[1.717s] DEBUG:colcon.colcon_core.event_handler.log_command:Invoked command in '/home/swati/Quad_DR/ros2_ws/src/rotor_tm_keyboard2wrench' returned '0': PYTHONPATH=/home/swati/Quad_DR/ros2_ws/build/rotor_tm_keyboard2wrench/prefix_override:/usr/lib/python3/dist-packages/colcon_core/task/python/colcon_distutils_commands:/home/swati/Quad_DR/ros2_ws/install/rotor_tm_keyboard2wrench/lib/python3.10/site-packages:${PYTHONPATH} /usr/bin/python3 -W ignore:setup.py install is deprecated setup.py egg_info --egg-base ../../build/rotor_tm_keyboard2wrench build --build-base /home/swati/Quad_DR/ros2_ws/build/rotor_tm_keyboard2wrench/build install --record /home/swati/Quad_DR/ros2_ws/build/rotor_tm_keyboard2wrench/install.log --single-version-externally-managed install_data
[1.717s] Level 1:colcon.colcon_core.environment:checking '/home/swati/Quad_DR/ros2_ws/install/rotor_tm_keyboard2wrench' for CMake config files
[1.717s] Level 1:colcon.colcon_core.environment:checking '/home/swati/Quad_DR/ros2_ws/install/rotor_tm_keyboard2wrench/lib'
[1.717s] Level 1:colcon.colcon_core.environment:checking '/home/swati/Quad_DR/ros2_ws/install/rotor_tm_keyboard2wrench/bin'
[1.717s] Level 1:colcon.colcon_core.environment:checking '/home/swati/Quad_DR/ros2_ws/install/rotor_tm_keyboard2wrench/lib/pkgconfig/rotor_tm_keyboard2wrench.pc'
[1.717s] Level 1:colcon.colcon_core.environment:checking '/home/swati/Quad_DR/ros2_ws/install/rotor_tm_keyboard2wrench/lib/python3.10/site-packages'
[1.717s] Level 1:colcon.colcon_core.shell:create_environment_hook('rotor_tm_keyboard2wrench', 'pythonpath')
[1.718s] INFO:colcon.colcon_core.shell:Creating environment hook '/home/swati/Quad_DR/ros2_ws/install/rotor_tm_keyboard2wrench/share/rotor_tm_keyboard2wrench/hook/pythonpath.ps1'
[1.718s] INFO:colcon.colcon_core.shell:Creating environment descriptor '/home/swati/Quad_DR/ros2_ws/install/rotor_tm_keyboard2wrench/share/rotor_tm_keyboard2wrench/hook/pythonpath.dsv'
[1.718s] INFO:colcon.colcon_core.shell:Creating environment hook '/home/swati/Quad_DR/ros2_ws/install/rotor_tm_keyboard2wrench/share/rotor_tm_keyboard2wrench/hook/pythonpath.sh'
[1.718s] Level 1:colcon.colcon_core.environment:checking '/home/swati/Quad_DR/ros2_ws/install/rotor_tm_keyboard2wrench/bin'
[1.718s] Level 1:colcon.colcon_core.environment:create_environment_scripts_only(rotor_tm_keyboard2wrench)
[1.718s] INFO:colcon.colcon_core.shell:Creating package script '/home/swati/Quad_DR/ros2_ws/install/rotor_tm_keyboard2wrench/share/rotor_tm_keyboard2wrench/package.ps1'
[1.719s] INFO:colcon.colcon_core.shell:Creating package descriptor '/home/swati/Quad_DR/ros2_ws/install/rotor_tm_keyboard2wrench/share/rotor_tm_keyboard2wrench/package.dsv'
[1.719s] INFO:colcon.colcon_core.shell:Creating package script '/home/swati/Quad_DR/ros2_ws/install/rotor_tm_keyboard2wrench/share/rotor_tm_keyboard2wrench/package.sh'
[1.719s] INFO:colcon.colcon_core.shell:Creating package script '/home/swati/Quad_DR/ros2_ws/install/rotor_tm_keyboard2wrench/share/rotor_tm_keyboard2wrench/package.bash'
[1.719s] INFO:colcon.colcon_core.shell:Creating package script '/home/swati/Quad_DR/ros2_ws/install/rotor_tm_keyboard2wrench/share/rotor_tm_keyboard2wrench/package.zsh'
[1.719s] Level 1:colcon.colcon_core.environment:create_file_with_runtime_dependencies(/home/swati/Quad_DR/ros2_ws/install/rotor_tm_keyboard2wrench/share/colcon-core/packages/rotor_tm_keyboard2wrench)
[2.058s] DEBUG:colcon.colcon_core.event_handler.log_command:Invoking command in '/home/swati/Quad_DR/ros2_ws/src/rotor_tm_control': AMENT_PREFIX_PATH=/home/swati/Quad_DR/ros2_ws/install/rotor_tm_utils:/home/swati/Quad_DR/ros2_ws/install/rotor_tm_sim:/home/swati/Quad_DR/ros2_ws/install/rotor_tm_control:/home/swati/Quad_DR/ros2_ws/install/rotor_tm_traj:/home/swati/Quad_DR/ros2_ws/install/rotor_tm_msgs:/home/swati/Quad_DR/ros2_ws/install/rotor_tm_keyboard2wrench:/home/swati/Quad_DR/ros2_ws/install/rotor_tm_config:/opt/ros/humble LD_LIBRARY_PATH=/home/swati/Quad_DR/ros2_ws/install/rotor_tm_msgs/lib:/usr/lib/x86_64-linux-gnu/gazebo-11/plugins:/opt/ros/humble/opt/rviz_ogre_vendor/lib:/opt/ros/humble/lib/x86_64-linux-gnu:/opt/ros/humble/lib:/usr/share/gazebo/../../lib/x86_64-linux-gnu/gazebo-11/plugins PYTHONPATH=/home/swati/Quad_DR/ros2_ws/build/rotor_tm_control/prefix_override:/usr/lib/python3/dist-packages/colcon_core/task/python/colcon_distutils_commands:/home/swati/Quad_DR/ros2_ws/install/rotor_tm_control/lib/python3.10/site-packages:/home/swati/Quad_DR/ros2_ws/install/rotor_tm_utils/lib/python3.10/site-packages:/home/swati/Quad_DR/ros2_ws/install/rotor_tm_sim/lib/python3.10/site-packages:/home/swati/Quad_DR/ros2_ws/install/rotor_tm_control/lib/python3.10/site-packages:/home/swati/Quad_DR/ros2_ws/install/rotor_tm_traj/lib/python3.10/site-packages:/home/swati/Quad_DR/ros2_ws/install/rotor_tm_msgs/local/lib/python3.10/dist-packages:/home/swati/Quad_DR/ros2_ws/install/rotor_tm_keyboard2wrench/lib/python3.10/site-packages:/home/swati/Quad_DR/ros2_ws/install/rotor_tm_config/lib/python3.10/site-packages:/opt/ros/humble/lib/python3.10/site-packages:/opt/ros/humble/local/lib/python3.10/dist-packages /usr/bin/python3 -W ignore:setup.py install is deprecated setup.py egg_info --egg-base ../../build/rotor_tm_control build --build-base /home/swati/Quad_DR/ros2_ws/build/rotor_tm_control/build install --record /home/swati/Quad_DR/ros2_ws/build/rotor_tm_control/install.log --single-version-externally-managed install_data
[2.058s] DEBUG:colcon.colcon_core.event_handler.log_command:Invoking command in '/home/swati/Quad_DR/ros2_ws/src/rotor_tm_sim': AMENT_PREFIX_PATH=/home/swati/Quad_DR/ros2_ws/install/rotor_tm_utils:/home/swati/Quad_DR/ros2_ws/install/rotor_tm_config:/home/swati/Quad_DR/ros2_ws/install/rotor_tm_sim:/home/swati/Quad_DR/ros2_ws/install/rotor_tm_control:/home/swati/Quad_DR/ros2_ws/install/rotor_tm_traj:/home/swati/Quad_DR/ros2_ws/install/rotor_tm_msgs:/home/swati/Quad_DR/ros2_ws/install/rotor_tm_keyboard2wrench:/opt/ros/humble LD_LIBRARY_PATH=/home/swati/Quad_DR/ros2_ws/install/rotor_tm_msgs/lib:/usr/lib/x86_64-linux-gnu/gazebo-11/plugins:/opt/ros/humble/opt/rviz_ogre_vendor/lib:/opt/ros/humble/lib/x86_64-linux-gnu:/opt/ros/humble/lib:/usr/share/gazebo/../../lib/x86_64-linux-gnu/gazebo-11/plugins PYTHONPATH=/home/swati/Quad_DR/ros2_ws/build/rotor_tm_sim/prefix_override:/usr/lib/python3/dist-packages/colcon_core/task/python/colcon_distutils_commands:/home/swati/Quad_DR/ros2_ws/install/rotor_tm_sim/lib/python3.10/site-packages:/home/swati/Quad_DR/ros2_ws/install/rotor_tm_utils/lib/python3.10/site-packages:/home/swati/Quad_DR/ros2_ws/install/rotor_tm_config/lib/python3.10/site-packages:/home/swati/Quad_DR/ros2_ws/install/rotor_tm_sim/lib/python3.10/site-packages:/home/swati/Quad_DR/ros2_ws/install/rotor_tm_control/lib/python3.10/site-packages:/home/swati/Quad_DR/ros2_ws/install/rotor_tm_traj/lib/python3.10/site-packages:/home/swati/Quad_DR/ros2_ws/install/rotor_tm_msgs/local/lib/python3.10/dist-packages:/home/swati/Quad_DR/ros2_ws/install/rotor_tm_keyboard2wrench/lib/python3.10/site-packages:/opt/ros/humble/lib/python3.10/site-packages:/opt/ros/humble/local/lib/python3.10/dist-packages /usr/bin/python3 -W ignore:setup.py install is deprecated setup.py egg_info --egg-base ../../build/rotor_tm_sim build --build-base /home/swati/Quad_DR/ros2_ws/build/rotor_tm_sim/build install --record /home/swati/Quad_DR/ros2_ws/build/rotor_tm_sim/install.log --single-version-externally-managed install_data
[2.358s] Level 1:colcon.colcon_core.environment:checking '/home/swati/Quad_DR/ros2_ws/install/rotor_tm_sim' for CMake module files
[2.358s] DEBUG:colcon.colcon_core.event_handler.log_command:Invoked command in '/home/swati/Quad_DR/ros2_ws/src/rotor_tm_sim' returned '0': AMENT_PREFIX_PATH=/home/swati/Quad_DR/ros2_ws/install/rotor_tm_utils:/home/swati/Quad_DR/ros2_ws/install/rotor_tm_config:/home/swati/Quad_DR/ros2_ws/install/rotor_tm_sim:/home/swati/Quad_DR/ros2_ws/install/rotor_tm_control:/home/swati/Quad_DR/ros2_ws/install/rotor_tm_traj:/home/swati/Quad_DR/ros2_ws/install/rotor_tm_msgs:/home/swati/Quad_DR/ros2_ws/install/rotor_tm_keyboard2wrench:/opt/ros/humble LD_LIBRARY_PATH=/home/swati/Quad_DR/ros2_ws/install/rotor_tm_msgs/lib:/usr/lib/x86_64-linux-gnu/gazebo-11/plugins:/opt/ros/humble/opt/rviz_ogre_vendor/lib:/opt/ros/humble/lib/x86_64-linux-gnu:/opt/ros/humble/lib:/usr/share/gazebo/../../lib/x86_64-linux-gnu/gazebo-11/plugins PYTHONPATH=/home/swati/Quad_DR/ros2_ws/build/rotor_tm_sim/prefix_override:/usr/lib/python3/dist-packages/colcon_core/task/python/colcon_distutils_commands:/home/swati/Quad_DR/ros2_ws/install/rotor_tm_sim/lib/python3.10/site-packages:/home/swati/Quad_DR/ros2_ws/install/rotor_tm_utils/lib/python3.10/site-packages:/home/swati/Quad_DR/ros2_ws/install/rotor_tm_config/lib/python3.10/site-packages:/home/swati/Quad_DR/ros2_ws/install/rotor_tm_sim/lib/python3.10/site-packages:/home/swati/Quad_DR/ros2_ws/install/rotor_tm_control/lib/python3.10/site-packages:/home/swati/Quad_DR/ros2_ws/install/rotor_tm_traj/lib/python3.10/site-packages:/home/swati/Quad_DR/ros2_ws/install/rotor_tm_msgs/local/lib/python3.10/dist-packages:/home/swati/Quad_DR/ros2_ws/install/rotor_tm_keyboard2wrench/lib/python3.10/site-packages:/opt/ros/humble/lib/python3.10/site-packages:/opt/ros/humble/local/lib/python3.10/dist-packages /usr/bin/python3 -W ignore:setup.py install is deprecated setup.py egg_info --egg-base ../../build/rotor_tm_sim build --build-base /home/swati/Quad_DR/ros2_ws/build/rotor_tm_sim/build install --record /home/swati/Quad_DR/ros2_ws/build/rotor_tm_sim/install.log --single-version-externally-managed install_data
[2.358s] Level 1:colcon.colcon_core.environment:checking '/home/swati/Quad_DR/ros2_ws/install/rotor_tm_sim' for CMake config files
[2.359s] Level 1:colcon.colcon_core.environment:checking '/home/swati/Quad_DR/ros2_ws/install/rotor_tm_sim/lib'
[2.359s] Level 1:colcon.colcon_core.environment:checking '/home/swati/Quad_DR/ros2_ws/install/rotor_tm_sim/bin'
[2.359s] Level 1:colcon.colcon_core.environment:checking '/home/swati/Quad_DR/ros2_ws/install/rotor_tm_sim/lib/pkgconfig/rotor_tm_sim.pc'
[2.359s] Level 1:colcon.colcon_core.environment:checking '/home/swati/Quad_DR/ros2_ws/install/rotor_tm_sim/lib/python3.10/site-packages'
[2.359s] Level 1:colcon.colcon_core.shell:create_environment_hook('rotor_tm_sim', 'pythonpath')
[2.359s] INFO:colcon.colcon_core.shell:Creating environment hook '/home/swati/Quad_DR/ros2_ws/install/rotor_tm_sim/share/rotor_tm_sim/hook/pythonpath.ps1'
[2.359s] INFO:colcon.colcon_core.shell:Creating environment descriptor '/home/swati/Quad_DR/ros2_ws/install/rotor_tm_sim/share/rotor_tm_sim/hook/pythonpath.dsv'
[2.360s] INFO:colcon.colcon_core.shell:Creating environment hook '/home/swati/Quad_DR/ros2_ws/install/rotor_tm_sim/share/rotor_tm_sim/hook/pythonpath.sh'
[2.360s] Level 1:colcon.colcon_core.environment:checking '/home/swati/Quad_DR/ros2_ws/install/rotor_tm_sim/bin'
[2.360s] Level 1:colcon.colcon_core.environment:create_environment_scripts_only(rotor_tm_sim)
[2.360s] INFO:colcon.colcon_core.shell:Creating package script '/home/swati/Quad_DR/ros2_ws/install/rotor_tm_sim/share/rotor_tm_sim/package.ps1'
[2.360s] INFO:colcon.colcon_core.shell:Creating package descriptor '/home/swati/Quad_DR/ros2_ws/install/rotor_tm_sim/share/rotor_tm_sim/package.dsv'
[2.361s] INFO:colcon.colcon_core.shell:Creating package script '/home/swati/Quad_DR/ros2_ws/install/rotor_tm_sim/share/rotor_tm_sim/package.sh'
[2.361s] INFO:colcon.colcon_core.shell:Creating package script '/home/swati/Quad_DR/ros2_ws/install/rotor_tm_sim/share/rotor_tm_sim/package.bash'
[2.361s] INFO:colcon.colcon_core.shell:Creating package script '/home/swati/Quad_DR/ros2_ws/install/rotor_tm_sim/share/rotor_tm_sim/package.zsh'
[2.361s] Level 1:colcon.colcon_core.environment:create_file_with_runtime_dependencies(/home/swati/Quad_DR/ros2_ws/install/rotor_tm_sim/share/colcon-core/packages/rotor_tm_sim)
[2.362s] Level 1:colcon.colcon_core.environment:checking '/home/swati/Quad_DR/ros2_ws/install/rotor_tm_control' for CMake module files
[2.362s] DEBUG:colcon.colcon_core.event_handler.log_command:Invoked command in '/home/swati/Quad_DR/ros2_ws/src/rotor_tm_control' returned '0': AMENT_PREFIX_PATH=/home/swati/Quad_DR/ros2_ws/install/rotor_tm_utils:/home/swati/Quad_DR/ros2_ws/install/rotor_tm_sim:/home/swati/Quad_DR/ros2_ws/install/rotor_tm_control:/home/swati/Quad_DR/ros2_ws/install/rotor_tm_traj:/home/swati/Quad_DR/ros2_ws/install/rotor_tm_msgs:/home/swati/Quad_DR/ros2_ws/install/rotor_tm_keyboard2wrench:/home/swati/Quad_DR/ros2_ws/install/rotor_tm_config:/opt/ros/humble LD_LIBRARY_PATH=/home/swati/Quad_DR/ros2_ws/install/rotor_tm_msgs/lib:/usr/lib/x86_64-linux-gnu/gazebo-11/plugins:/opt/ros/humble/opt/rviz_ogre_vendor/lib:/opt/ros/humble/lib/x86_64-linux-gnu:/opt/ros/humble/lib:/usr/share/gazebo/../../lib/x86_64-linux-gnu/gazebo-11/plugins PYTHONPATH=/home/swati/Quad_DR/ros2_ws/build/rotor_tm_control/prefix_override:/usr/lib/python3/dist-packages/colcon_core/task/python/colcon_distutils_commands:/home/swati/Quad_DR/ros2_ws/install/rotor_tm_control/lib/python3.10/site-packages:/home/swati/Quad_DR/ros2_ws/install/rotor_tm_utils/lib/python3.10/site-packages:/home/swati/Quad_DR/ros2_ws/install/rotor_tm_sim/lib/python3.10/site-packages:/home/swati/Quad_DR/ros2_ws/install/rotor_tm_control/lib/python3.10/site-packages:/home/swati/Quad_DR/ros2_ws/install/rotor_tm_traj/lib/python3.10/site-packages:/home/swati/Quad_DR/ros2_ws/install/rotor_tm_msgs/local/lib/python3.10/dist-packages:/home/swati/Quad_DR/ros2_ws/install/rotor_tm_keyboard2wrench/lib/python3.10/site-packages:/home/swati/Quad_DR/ros2_ws/install/rotor_tm_config/lib/python3.10/site-packages:/opt/ros/humble/lib/python3.10/site-packages:/opt/ros/humble/local/lib/python3.10/dist-packages /usr/bin/python3 -W ignore:setup.py install is deprecated setup.py egg_info --egg-base ../../build/rotor_tm_control build --build-base /home/swati/Quad_DR/ros2_ws/build/rotor_tm_control/build install --record /home/swati/Quad_DR/ros2_ws/build/rotor_tm_control/install.log --single-version-externally-managed install_data
[2.362s] Level 1:colcon.colcon_core.environment:checking '/home/swati/Quad_DR/ros2_ws/install/rotor_tm_control' for CMake config files
[2.363s] Level 1:colcon.colcon_core.environment:checking '/home/swati/Quad_DR/ros2_ws/install/rotor_tm_control/lib'
[2.363s] Level 1:colcon.colcon_core.environment:checking '/home/swati/Quad_DR/ros2_ws/install/rotor_tm_control/bin'
[2.363s] Level 1:colcon.colcon_core.environment:checking '/home/swati/Quad_DR/ros2_ws/install/rotor_tm_control/lib/pkgconfig/rotor_tm_control.pc'
[2.363s] Level 1:colcon.colcon_core.environment:checking '/home/swati/Quad_DR/ros2_ws/install/rotor_tm_control/lib/python3.10/site-packages'
[2.363s] Level 1:colcon.colcon_core.shell:create_environment_hook('rotor_tm_control', 'pythonpath')
[2.363s] INFO:colcon.colcon_core.shell:Creating environment hook '/home/swati/Quad_DR/ros2_ws/install/rotor_tm_control/share/rotor_tm_control/hook/pythonpath.ps1'
[2.363s] INFO:colcon.colcon_core.shell:Creating environment descriptor '/home/swati/Quad_DR/ros2_ws/install/rotor_tm_control/share/rotor_tm_control/hook/pythonpath.dsv'
[2.363s] INFO:colcon.colcon_core.shell:Creating environment hook '/home/swati/Quad_DR/ros2_ws/install/rotor_tm_control/share/rotor_tm_control/hook/pythonpath.sh'
[2.364s] Level 1:colcon.colcon_core.environment:checking '/home/swati/Quad_DR/ros2_ws/install/rotor_tm_control/bin'
[2.364s] Level 1:colcon.colcon_core.environment:create_environment_scripts_only(rotor_tm_control)
[2.364s] INFO:colcon.colcon_core.shell:Creating package script '/home/swati/Quad_DR/ros2_ws/install/rotor_tm_control/share/rotor_tm_control/package.ps1'
[2.364s] INFO:colcon.colcon_core.shell:Creating package descriptor '/home/swati/Quad_DR/ros2_ws/install/rotor_tm_control/share/rotor_tm_control/package.dsv'
[2.364s] INFO:colcon.colcon_core.shell:Creating package script '/home/swati/Quad_DR/ros2_ws/install/rotor_tm_control/share/rotor_tm_control/package.sh'
[2.365s] INFO:colcon.colcon_core.shell:Creating package script '/home/swati/Quad_DR/ros2_ws/install/rotor_tm_control/share/rotor_tm_control/package.bash'
[2.365s] INFO:colcon.colcon_core.shell:Creating package script '/home/swati/Quad_DR/ros2_ws/install/rotor_tm_control/share/rotor_tm_control/package.zsh'
[2.365s] Level 1:colcon.colcon_core.environment:create_file_with_runtime_dependencies(/home/swati/Quad_DR/ros2_ws/install/rotor_tm_control/share/colcon-core/packages/rotor_tm_control)
[2.365s] DEBUG:colcon.colcon_parallel_executor.executor.parallel:closing loop
[2.365s] DEBUG:colcon.colcon_parallel_executor.executor.parallel:loop closed
[2.365s] DEBUG:colcon.colcon_parallel_executor.executor.parallel:run_until_complete finished with '0'
[2.365s] DEBUG:colcon.colcon_core.event_reactor:joining thread
[2.369s] INFO:colcon.colcon_core.plugin_system:Skipping extension 'colcon_notification.desktop_notification.terminal_notifier': Not used on non-Darwin systems
[2.369s] INFO:colcon.colcon_core.plugin_system:Skipping extension 'colcon_notification.desktop_notification.win32': Not used on non-Windows systems
[2.369s] INFO:colcon.colcon_notification.desktop_notification:Sending desktop notification using 'notify2'
[2.378s] DEBUG:colcon.colcon_core.event_reactor:joined thread
[2.378s] INFO:colcon.colcon_core.shell:Creating prefix script '/home/swati/Quad_DR/ros2_ws/install/local_setup.ps1'
[2.379s] INFO:colcon.colcon_core.shell:Creating prefix util module '/home/swati/Quad_DR/ros2_ws/install/_local_setup_util_ps1.py'
[2.380s] INFO:colcon.colcon_core.shell:Creating prefix chain script '/home/swati/Quad_DR/ros2_ws/install/setup.ps1'
[2.381s] INFO:colcon.colcon_core.shell:Creating prefix script '/home/swati/Quad_DR/ros2_ws/install/local_setup.sh'
[2.381s] INFO:colcon.colcon_core.shell:Creating prefix util module '/home/swati/Quad_DR/ros2_ws/install/_local_setup_util_sh.py'
[2.381s] INFO:colcon.colcon_core.shell:Creating prefix chain script '/home/swati/Quad_DR/ros2_ws/install/setup.sh'
[2.382s] INFO:colcon.colcon_core.shell:Creating prefix script '/home/swati/Quad_DR/ros2_ws/install/local_setup.bash'
[2.383s] INFO:colcon.colcon_core.shell:Creating prefix chain script '/home/swati/Quad_DR/ros2_ws/install/setup.bash'
[2.383s] INFO:colcon.colcon_core.shell:Creating prefix script '/home/swati/Quad_DR/ros2_ws/install/local_setup.zsh'
[2.383s] INFO:colcon.colcon_core.shell:Creating prefix chain script '/home/swati/Quad_DR/ros2_ws/install/setup.zsh'
