/home/swati/.local/lib/python3.10/site-packages/setuptools/_distutils/dist.py:261: UserWarning: Unknown distribution option: 'tests_require'
  warnings.warn(msg)
running egg_info
writing ../../build/rotor_tm_utils/rotor_tm_utils.egg-info/PKG-INFO
writing dependency_links to ../../build/rotor_tm_utils/rotor_tm_utils.egg-info/dependency_links.txt
writing requirements to ../../build/rotor_tm_utils/rotor_tm_utils.egg-info/requires.txt
writing top-level names to ../../build/rotor_tm_utils/rotor_tm_utils.egg-info/top_level.txt
reading manifest file '../../build/rotor_tm_utils/rotor_tm_utils.egg-info/SOURCES.txt'
adding license file 'LICENSE'
writing manifest file '../../build/rotor_tm_utils/rotor_tm_utils.egg-info/SOURCES.txt'
running build
running build_py
copying rotor_tm_utils/rosutilslib.py -> /home/swati/Quad_DR/ros2_ws/build/rotor_tm_utils/build/lib/rotor_tm_utils
copying rotor_tm_utils/__init__.py -> /home/swati/Quad_DR/ros2_ws/build/rotor_tm_utils/build/lib/rotor_tm_utils
copying rotor_tm_utils/read_params.py -> /home/swati/Quad_DR/ros2_ws/build/rotor_tm_utils/build/lib/rotor_tm_utils
running install
running install_lib
running install_data
copying resource/rotor_tm_utils -> /home/swati/Quad_DR/ros2_ws/install/rotor_tm_utils/share/ament_index/resource_index/packages
copying package.xml -> /home/swati/Quad_DR/ros2_ws/install/rotor_tm_utils/share/rotor_tm_utils
running install_egg_info
removing '/home/swati/Quad_DR/ros2_ws/install/rotor_tm_utils/lib/python3.10/site-packages/rotor_tm_utils-0.0.0-py3.10.egg-info' (and everything under it)
Copying ../../build/rotor_tm_utils/rotor_tm_utils.egg-info to /home/swati/Quad_DR/ros2_ws/install/rotor_tm_utils/lib/python3.10/site-packages/rotor_tm_utils-0.0.0-py3.10.egg-info
running install_scripts
writing list of installed files to '/home/swati/Quad_DR/ros2_ws/build/rotor_tm_utils/install.log'
