running develop
Removing /home/dhruv/RotorTM/install/rotor_tm_sim/lib/python3.10/site-packages/rotor-tm-sim.egg-link (link to .)
running egg_info
writing ../../build/rotor_tm_sim/rotor_tm_sim.egg-info/PKG-INFO
writing dependency_links to ../../build/rotor_tm_sim/rotor_tm_sim.egg-info/dependency_links.txt
writing entry points to ../../build/rotor_tm_sim/rotor_tm_sim.egg-info/entry_points.txt
writing requirements to ../../build/rotor_tm_sim/rotor_tm_sim.egg-info/requires.txt
writing top-level names to ../../build/rotor_tm_sim/rotor_tm_sim.egg-info/top_level.txt
reading manifest file '../../build/rotor_tm_sim/rotor_tm_sim.egg-info/SOURCES.txt'
adding license file 'LICENSE'
writing manifest file '../../build/rotor_tm_sim/rotor_tm_sim.egg-info/SOURCES.txt'
running build
running build_py
creating /home/dhruv/RotorTM/build/rotor_tm_sim/build
creating /home/dhruv/RotorTM/build/rotor_tm_sim/build/lib
creating /home/dhruv/RotorTM/build/rotor_tm_sim/build/lib/rotor_tm_sim
copying rotor_tm_sim/__init__.py -> /home/dhruv/RotorTM/build/rotor_tm_sim/build/lib/rotor_tm_sim
copying rotor_tm_sim/temp.py -> /home/dhruv/RotorTM/build/rotor_tm_sim/build/lib/rotor_tm_sim
copying rotor_tm_sim/runsim.py -> /home/dhruv/RotorTM/build/rotor_tm_sim/build/lib/rotor_tm_sim
copying rotor_tm_sim/simulation_base.py -> /home/dhruv/RotorTM/build/rotor_tm_sim/build/lib/rotor_tm_sim
copying rotor_tm_sim/sim_utils.py -> /home/dhruv/RotorTM/build/rotor_tm_sim/build/lib/rotor_tm_sim
running install
running install_lib
creating /home/dhruv/RotorTM/install/rotor_tm_sim/lib/python3.10/site-packages/rotor_tm_sim
copying /home/dhruv/RotorTM/build/rotor_tm_sim/build/lib/rotor_tm_sim/__init__.py -> /home/dhruv/RotorTM/install/rotor_tm_sim/lib/python3.10/site-packages/rotor_tm_sim
copying /home/dhruv/RotorTM/build/rotor_tm_sim/build/lib/rotor_tm_sim/temp.py -> /home/dhruv/RotorTM/install/rotor_tm_sim/lib/python3.10/site-packages/rotor_tm_sim
copying /home/dhruv/RotorTM/build/rotor_tm_sim/build/lib/rotor_tm_sim/runsim.py -> /home/dhruv/RotorTM/install/rotor_tm_sim/lib/python3.10/site-packages/rotor_tm_sim
copying /home/dhruv/RotorTM/build/rotor_tm_sim/build/lib/rotor_tm_sim/simulation_base.py -> /home/dhruv/RotorTM/install/rotor_tm_sim/lib/python3.10/site-packages/rotor_tm_sim
copying /home/dhruv/RotorTM/build/rotor_tm_sim/build/lib/rotor_tm_sim/sim_utils.py -> /home/dhruv/RotorTM/install/rotor_tm_sim/lib/python3.10/site-packages/rotor_tm_sim
byte-compiling /home/dhruv/RotorTM/install/rotor_tm_sim/lib/python3.10/site-packages/rotor_tm_sim/__init__.py to __init__.cpython-310.pyc
byte-compiling /home/dhruv/RotorTM/install/rotor_tm_sim/lib/python3.10/site-packages/rotor_tm_sim/temp.py to temp.cpython-310.pyc
byte-compiling /home/dhruv/RotorTM/install/rotor_tm_sim/lib/python3.10/site-packages/rotor_tm_sim/runsim.py to runsim.cpython-310.pyc
byte-compiling /home/dhruv/RotorTM/install/rotor_tm_sim/lib/python3.10/site-packages/rotor_tm_sim/simulation_base.py to simulation_base.cpython-310.pyc
byte-compiling /home/dhruv/RotorTM/install/rotor_tm_sim/lib/python3.10/site-packages/rotor_tm_sim/sim_utils.py to sim_utils.cpython-310.pyc
running install_data
copying resource/rotor_tm_sim -> /home/dhruv/RotorTM/install/rotor_tm_sim/share/ament_index/resource_index/packages
copying package.xml -> /home/dhruv/RotorTM/install/rotor_tm_sim/share/rotor_tm_sim
copying launch/editable_launch.py -> /home/dhruv/RotorTM/install/rotor_tm_sim/share/rotor_tm_sim/launch
copying launch/sim_launch.py -> /home/dhruv/RotorTM/install/rotor_tm_sim/share/rotor_tm_sim/launch
copying launch/rotortm_single_controller_node.py -> /home/dhruv/RotorTM/install/rotor_tm_sim/share/rotor_tm_sim/launch
copying launch/controller_launcher.py -> /home/dhruv/RotorTM/install/rotor_tm_sim/share/rotor_tm_sim/launch
copying launch/rviz.py -> /home/dhruv/RotorTM/install/rotor_tm_sim/share/rotor_tm_sim/launch
copying mesh/fedex_box_24x24x18in.STL -> /home/dhruv/RotorTM/install/rotor_tm_sim/share/rotor_tm_sim/mesh
copying mesh/triangular_payload_bin.STL -> /home/dhruv/RotorTM/install/rotor_tm_sim/share/rotor_tm_sim/mesh
copying mesh/long_bar.STL -> /home/dhruv/RotorTM/install/rotor_tm_sim/share/rotor_tm_sim/mesh
copying mesh/triangular_payload.STL -> /home/dhruv/RotorTM/install/rotor_tm_sim/share/rotor_tm_sim/mesh
copying mesh/uav/race.stl -> /home/dhruv/RotorTM/install/rotor_tm_sim/share/rotor_tm_sim/mesh/uav
copying mesh/uav/snapdragonflight.stl -> /home/dhruv/RotorTM/install/rotor_tm_sim/share/rotor_tm_sim/mesh/uav
running install_egg_info
Copying ../../build/rotor_tm_sim/rotor_tm_sim.egg-info to /home/dhruv/RotorTM/install/rotor_tm_sim/lib/python3.10/site-packages/rotor_tm_sim-0.0.0-py3.10.egg-info
running install_scripts
Installing sim_node script to /home/dhruv/RotorTM/install/rotor_tm_sim/lib/rotor_tm_sim
writing list of installed files to '/home/dhruv/RotorTM/build/rotor_tm_sim/install.log'
