running egg_info
writing ../../build/payload_control/payload_control.egg-info/PKG-INFO
writing dependency_links to ../../build/payload_control/payload_control.egg-info/dependency_links.txt
writing entry points to ../../build/payload_control/payload_control.egg-info/entry_points.txt
writing requirements to ../../build/payload_control/payload_control.egg-info/requires.txt
writing top-level names to ../../build/payload_control/payload_control.egg-info/top_level.txt
reading manifest file '../../build/payload_control/payload_control.egg-info/SOURCES.txt'
adding license file 'LICENSE'
writing manifest file '../../build/payload_control/payload_control.egg-info/SOURCES.txt'
running build
running build_py
copying payload_control/test_controller.py -> /home/dhruv/RotorTM/build/payload_control/build/lib/payload_control
copying payload_control/payload_controller.py -> /home/dhruv/RotorTM/build/payload_control/build/lib/payload_control
copying payload_control/constraints.py -> /home/dhruv/RotorTM/build/payload_control/build/lib/payload_control
copying payload_control/plotFcn.py -> /home/dhruv/RotorTM/build/payload_control/build/lib/payload_control
running install
running install_lib
copying /home/dhruv/RotorTM/build/payload_control/build/lib/payload_control/test_controller.py -> /home/dhruv/RotorTM/install/payload_control/lib/python3.10/site-packages/payload_control
copying /home/dhruv/RotorTM/build/payload_control/build/lib/payload_control/payload_controller.py -> /home/dhruv/RotorTM/install/payload_control/lib/python3.10/site-packages/payload_control
copying /home/dhruv/RotorTM/build/payload_control/build/lib/payload_control/constraints.py -> /home/dhruv/RotorTM/install/payload_control/lib/python3.10/site-packages/payload_control
copying /home/dhruv/RotorTM/build/payload_control/build/lib/payload_control/plotFcn.py -> /home/dhruv/RotorTM/install/payload_control/lib/python3.10/site-packages/payload_control
byte-compiling /home/dhruv/RotorTM/install/payload_control/lib/python3.10/site-packages/payload_control/test_controller.py to test_controller.cpython-310.pyc
byte-compiling /home/dhruv/RotorTM/install/payload_control/lib/python3.10/site-packages/payload_control/payload_controller.py to payload_controller.cpython-310.pyc
byte-compiling /home/dhruv/RotorTM/install/payload_control/lib/python3.10/site-packages/payload_control/constraints.py to constraints.cpython-310.pyc
byte-compiling /home/dhruv/RotorTM/install/payload_control/lib/python3.10/site-packages/payload_control/plotFcn.py to plotFcn.cpython-310.pyc
running install_data
running install_egg_info
removing '/home/dhruv/RotorTM/install/payload_control/lib/python3.10/site-packages/payload_control-0.0.0-py3.10.egg-info' (and everything under it)
Copying ../../build/payload_control/payload_control.egg-info to /home/dhruv/RotorTM/install/payload_control/lib/python3.10/site-packages/payload_control-0.0.0-py3.10.egg-info
running install_scripts
Installing ros_pynmpc_node script to /home/dhruv/RotorTM/install/payload_control/lib/payload_control
writing list of installed files to '/home/dhruv/RotorTM/build/payload_control/install.log'
