[1.186s] Invoking command in '/home/swati/Quad_DR/RotorTM/src/payload_control': PS1=(mpcenv) \[\e]0;\u@\h: \w\a\]${debian_chroot:+($debian_chroot)}\[\033[01;32m\]\u@\h\[\033[00m\]:\[\033[01;34m\]\w\[\033[00m\]\$ PYTHONPATH=/home/swati/Quad_DR/RotorTM/build/payload_control/prefix_override:/usr/lib/python3/dist-packages/colcon_core/task/python/colcon_distutils_commands:/home/swati/Quad_DR/RotorTM/install/payload_control/lib/python3.10/site-packages:${PYTHONPATH} /usr/bin/python3 -W ignore:setup.py install is deprecated setup.py egg_info --egg-base ../../build/payload_control build --build-base /home/swati/Quad_DR/RotorTM/build/payload_control/build install --record /home/swati/Quad_DR/RotorTM/build/payload_control/install.log --single-version-externally-managed install_data
[1.291s] /home/swati/.local/lib/python3.10/site-packages/setuptools/_distutils/dist.py:261: UserWarning: Unknown distribution option: 'tests_require'
[1.291s]   warnings.warn(msg)
[1.350s] running egg_info
[1.359s] writing ../../build/payload_control/payload_control.egg-info/PKG-INFO
[1.359s] writing dependency_links to ../../build/payload_control/payload_control.egg-info/dependency_links.txt
[1.360s] writing entry points to ../../build/payload_control/payload_control.egg-info/entry_points.txt
[1.360s] writing requirements to ../../build/payload_control/payload_control.egg-info/requires.txt
[1.360s] writing top-level names to ../../build/payload_control/payload_control.egg-info/top_level.txt
[1.379s] reading manifest file '../../build/payload_control/payload_control.egg-info/SOURCES.txt'
[1.380s] adding license file 'LICENSE'
[1.380s] writing manifest file '../../build/payload_control/payload_control.egg-info/SOURCES.txt'
[1.380s] running build
[1.381s] running build_py
[1.381s] copying payload_control/ros_controller.py -> /home/swati/Quad_DR/RotorTM/build/payload_control/build/lib/payload_control
[1.381s] copying payload_control/cost_functions.py -> /home/swati/Quad_DR/RotorTM/build/payload_control/build/lib/payload_control
[1.381s] copying payload_control/test_numpy.py -> /home/swati/Quad_DR/RotorTM/build/payload_control/build/lib/payload_control
[1.381s] copying payload_control/payload_controller.py -> /home/swati/Quad_DR/RotorTM/build/payload_control/build/lib/payload_control
[1.381s] copying payload_control/constraints.py -> /home/swati/Quad_DR/RotorTM/build/payload_control/build/lib/payload_control
[1.381s] copying payload_control/plotFcn.py -> /home/swati/Quad_DR/RotorTM/build/payload_control/build/lib/payload_control
[1.381s] copying payload_control/utils.py -> /home/swati/Quad_DR/RotorTM/build/payload_control/build/lib/payload_control
[1.381s] copying payload_control/test_control.py -> /home/swati/Quad_DR/RotorTM/build/payload_control/build/lib/payload_control
[1.382s] copying payload_control/time2spatial.py -> /home/swati/Quad_DR/RotorTM/build/payload_control/build/lib/payload_control
[1.382s] copying payload_control/__init__.py -> /home/swati/Quad_DR/RotorTM/build/payload_control/build/lib/payload_control
[1.382s] copying payload_control/payload_model.py -> /home/swati/Quad_DR/RotorTM/build/payload_control/build/lib/payload_control
[1.382s] copying payload_control/test_controller.py -> /home/swati/Quad_DR/RotorTM/build/payload_control/build/lib/payload_control
[1.382s] running install
[1.385s] running install_lib
[1.395s] running install_data
[1.395s] copying resource/payload_control -> /home/swati/Quad_DR/RotorTM/install/payload_control/share/ament_index/resource_index/packages
[1.395s] copying package.xml -> /home/swati/Quad_DR/RotorTM/install/payload_control/share/payload_control
[1.396s] running install_egg_info
[1.406s] removing '/home/swati/Quad_DR/RotorTM/install/payload_control/lib/python3.10/site-packages/payload_control-0.0.0-py3.10.egg-info' (and everything under it)
[1.406s] Copying ../../build/payload_control/payload_control.egg-info to /home/swati/Quad_DR/RotorTM/install/payload_control/lib/python3.10/site-packages/payload_control-0.0.0-py3.10.egg-info
[1.406s] running install_scripts
[1.488s] Installing ros_pynmpc_node script to /home/swati/Quad_DR/RotorTM/install/payload_control/lib/payload_control
[1.489s] writing list of installed files to '/home/swati/Quad_DR/RotorTM/build/payload_control/install.log'
[1.509s] Invoked command in '/home/swati/Quad_DR/RotorTM/src/payload_control' returned '0': PS1=(mpcenv) \[\e]0;\u@\h: \w\a\]${debian_chroot:+($debian_chroot)}\[\033[01;32m\]\u@\h\[\033[00m\]:\[\033[01;34m\]\w\[\033[00m\]\$ PYTHONPATH=/home/swati/Quad_DR/RotorTM/build/payload_control/prefix_override:/usr/lib/python3/dist-packages/colcon_core/task/python/colcon_distutils_commands:/home/swati/Quad_DR/RotorTM/install/payload_control/lib/python3.10/site-packages:${PYTHONPATH} /usr/bin/python3 -W ignore:setup.py install is deprecated setup.py egg_info --egg-base ../../build/payload_control build --build-base /home/swati/Quad_DR/RotorTM/build/payload_control/build install --record /home/swati/Quad_DR/RotorTM/build/payload_control/install.log --single-version-externally-managed install_data
