[0.019s] Invoking command in '/home/swati/Quad_DR/ros2_ws/build/rotor_tm_msgs': CMAKE_PREFIX_PATH=${CMAKE_PREFIX_PATH}:/home/swati/Quad_DR/ros2_ws/install/rotor_tm_sim:/home/swati/Quad_DR/ros2_ws/install/rotor_tm_control:/home/swati/Quad_DR/ros2_ws/install/rotor_tm_utils:/home/swati/Quad_DR/ros2_ws/install/rotor_tm_traj:/home/swati/Quad_DR/ros2_ws/install/rotor_tm_keyboard2wrench:/home/swati/Quad_DR/ros2_ws/install/rotor_tm_config:/opt/ros/humble /usr/bin/cmake /home/swati/Quad_DR/ros2_ws/src/rotor_tm_msgs -DCMAKE_INSTALL_PREFIX=/home/swati/Quad_DR/ros2_ws/install/rotor_tm_msgs
[0.422s] -- The C compiler identification is GNU 11.4.0
[0.422s] -- The CXX compiler identification is GNU 11.4.0
[0.422s] -- Detecting C compiler ABI info
[0.422s] -- Detecting C compiler ABI info - done
[0.422s] -- Check for working C compiler: /usr/bin/cc - skipped
[0.422s] -- Detecting C compile features
[0.422s] -- Detecting C compile features - done
[0.422s] -- Detecting CXX compiler ABI info
[0.422s] -- Detecting CXX compiler ABI info - done
[0.423s] -- Check for working CXX compiler: /usr/bin/c++ - skipped
[0.423s] -- Detecting CXX compile features
[0.423s] -- Detecting CXX compile features - done
[0.423s] -- Found rosidl_default_generators: 1.2.0 (/opt/ros/humble/share/rosidl_default_generators/cmake)
[0.423s] -- Found ament_cmake_core: 1.3.10 (/opt/ros/humble/share/ament_cmake_core/cmake)
[0.490s] -- Found Python3: /usr/bin/python3 (found version "3.10.12") found components: Interpreter 
[0.537s] -- Using all available rosidl_typesupport_c: rosidl_typesupport_fastrtps_c;rosidl_typesupport_introspection_c
[0.542s] -- Found rosidl_adapter: 3.1.5 (/opt/ros/humble/share/rosidl_adapter/cmake)
[0.591s] -- Using all available rosidl_typesupport_cpp: rosidl_typesupport_fastrtps_cpp;rosidl_typesupport_introspection_cpp
[0.614s] -- Found rclpy: 3.3.14 (/opt/ros/humble/share/rclpy/cmake)
[0.615s] -- Found nav_msgs: 4.2.4 (/opt/ros/humble/share/nav_msgs/cmake)
[0.654s] -- Found sensor_msgs: 4.2.4 (/opt/ros/humble/share/sensor_msgs/cmake)
[0.948s] -- Found ament_cmake_ros: 0.10.0 (/opt/ros/humble/share/ament_cmake_ros/cmake)
[1.167s] -- Using all available rosidl_typesupport_c: rosidl_typesupport_fastrtps_c;rosidl_typesupport_introspection_c
[1.476s] -- Using all available rosidl_typesupport_cpp: rosidl_typesupport_fastrtps_cpp;rosidl_typesupport_introspection_cpp
[1.494s] -- Found PythonInterp: /usr/bin/python3 (found suitable version "3.10.12", minimum required is "3.6") 
[1.495s] -- Found python_cmake_module: 0.10.0 (/opt/ros/humble/share/python_cmake_module/cmake)
[1.514s] -- Found PythonLibs: /usr/lib/x86_64-linux-gnu/libpython3.10.so (found suitable version "3.10.12", minimum required is "3.5") 
[1.514s] -- Using PYTHON_EXECUTABLE: /usr/bin/python3
[1.514s] -- Using PYTHON_INCLUDE_DIRS: /usr/include/python3.10
[1.514s] -- Using PYTHON_LIBRARIES: /usr/lib/x86_64-linux-gnu/libpython3.10.so
[1.533s] -- Found PythonExtra: .so  
[1.587s] -- Found ament_lint_auto: 0.12.11 (/opt/ros/humble/share/ament_lint_auto/cmake)
[1.599s] -- Added test 'cppcheck' to perform static code analysis on C / C++ code
[1.599s] -- Configured cppcheck include dirs: 
[1.599s] -- Configured cppcheck exclude dirs and/or files: 
[1.600s] -- Added test 'lint_cmake' to check CMake code style
[1.601s] -- Added test 'uncrustify' to check C / C++ code style
[1.601s] -- Configured uncrustify additional arguments: 
[1.601s] -- Added test 'xmllint' to check XML markup files
[1.602s] -- Configuring done
[1.637s] -- Generating done
[1.638s] -- Build files have been written to: /home/swati/Quad_DR/ros2_ws/build/rotor_tm_msgs
[1.645s] Invoked command in '/home/swati/Quad_DR/ros2_ws/build/rotor_tm_msgs' returned '0': CMAKE_PREFIX_PATH=${CMAKE_PREFIX_PATH}:/home/swati/Quad_DR/ros2_ws/install/rotor_tm_sim:/home/swati/Quad_DR/ros2_ws/install/rotor_tm_control:/home/swati/Quad_DR/ros2_ws/install/rotor_tm_utils:/home/swati/Quad_DR/ros2_ws/install/rotor_tm_traj:/home/swati/Quad_DR/ros2_ws/install/rotor_tm_keyboard2wrench:/home/swati/Quad_DR/ros2_ws/install/rotor_tm_config:/opt/ros/humble /usr/bin/cmake /home/swati/Quad_DR/ros2_ws/src/rotor_tm_msgs -DCMAKE_INSTALL_PREFIX=/home/swati/Quad_DR/ros2_ws/install/rotor_tm_msgs
[1.647s] Invoking command in '/home/swati/Quad_DR/ros2_ws/build/rotor_tm_msgs': CMAKE_PREFIX_PATH=${CMAKE_PREFIX_PATH}:/home/swati/Quad_DR/ros2_ws/install/rotor_tm_sim:/home/swati/Quad_DR/ros2_ws/install/rotor_tm_control:/home/swati/Quad_DR/ros2_ws/install/rotor_tm_utils:/home/swati/Quad_DR/ros2_ws/install/rotor_tm_traj:/home/swati/Quad_DR/ros2_ws/install/rotor_tm_keyboard2wrench:/home/swati/Quad_DR/ros2_ws/install/rotor_tm_config:/opt/ros/humble /usr/bin/cmake --build /home/swati/Quad_DR/ros2_ws/build/rotor_tm_msgs -- -j20 -l20
[1.698s] [  1%] [34m[1mGenerating C code for ROS interfaces[0m
[1.710s] [  1%] [34m[1mGenerating C++ code for ROS interfaces[0m
[1.718s] [  1%] Built target ament_cmake_python_copy_rotor_tm_msgs
[1.852s] running egg_info
[1.861s] creating rotor_tm_msgs.egg-info
[1.861s] writing rotor_tm_msgs.egg-info/PKG-INFO
[1.862s] writing dependency_links to rotor_tm_msgs.egg-info/dependency_links.txt
[1.862s] writing top-level names to rotor_tm_msgs.egg-info/top_level.txt
[1.862s] writing manifest file 'rotor_tm_msgs.egg-info/SOURCES.txt'
[1.888s] reading manifest file 'rotor_tm_msgs.egg-info/SOURCES.txt'
[1.889s] writing manifest file 'rotor_tm_msgs.egg-info/SOURCES.txt'
[1.909s] [  1%] Built target ament_cmake_python_build_rotor_tm_msgs_egg
[2.393s] [  1%] Built target rotor_tm_msgs__cpp
[2.404s] [  2%] [34m[1mGenerating C++ type support dispatch for ROS interfaces[0m
[2.404s] [  3%] [34m[1mGenerating C++ type support for eProsima Fast-RTPS[0m
[2.405s] [  3%] [34m[1mGenerating C++ introspection for ROS interfaces[0m
[2.441s] [  4%] [32mBuilding C object CMakeFiles/rotor_tm_msgs__rosidl_generator_c.dir/rosidl_generator_c/rotor_tm_msgs/msg/detail/rpm_command__functions.c.o[0m
[2.442s] [  4%] [32mBuilding C object CMakeFiles/rotor_tm_msgs__rosidl_generator_c.dir/rosidl_generator_c/rotor_tm_msgs/msg/detail/trpy_command__functions.c.o[0m
[2.442s] [  5%] [32mBuilding C object CMakeFiles/rotor_tm_msgs__rosidl_generator_c.dir/rosidl_generator_c/rotor_tm_msgs/srv/detail/circle_with_rotation__functions.c.o[0m
[2.442s] [  6%] [32mBuilding C object CMakeFiles/rotor_tm_msgs__rosidl_generator_c.dir/rosidl_generator_c/rotor_tm_msgs/msg/detail/fm_command__functions.c.o[0m
[2.442s] [  6%] [32mBuilding C object CMakeFiles/rotor_tm_msgs__rosidl_generator_c.dir/rosidl_generator_c/rotor_tm_msgs/msg/detail/position_command__functions.c.o[0m
[2.442s] [  7%] [32mBuilding C object CMakeFiles/rotor_tm_msgs__rosidl_generator_c.dir/rosidl_generator_c/rotor_tm_msgs/msg/detail/so3_command__functions.c.o[0m
[2.443s] [ 10%] [32mBuilding C object CMakeFiles/rotor_tm_msgs__rosidl_generator_c.dir/rosidl_generator_c/rotor_tm_msgs/msg/detail/status_data__functions.c.o[0m
[2.443s] [ 10%] [32mBuilding C object CMakeFiles/rotor_tm_msgs__rosidl_generator_c.dir/rosidl_generator_c/rotor_tm_msgs/srv/detail/line__functions.c.o[0m
[2.443s] [ 10%] [32mBuilding C object CMakeFiles/rotor_tm_msgs__rosidl_generator_c.dir/rosidl_generator_c/rotor_tm_msgs/srv/detail/copr_status_cmd__functions.c.o[0m
[2.443s] [  9%] [32mBuilding C object CMakeFiles/rotor_tm_msgs__rosidl_generator_c.dir/rosidl_generator_c/rotor_tm_msgs/msg/detail/cen_pl_command__functions.c.o[0m
[2.443s] [ 11%] [32mBuilding C object CMakeFiles/rotor_tm_msgs__rosidl_generator_c.dir/rosidl_generator_c/rotor_tm_msgs/srv/detail/circle__functions.c.o[0m
[2.443s] [ 13%] [32mBuilding C object CMakeFiles/rotor_tm_msgs__rosidl_generator_c.dir/rosidl_generator_c/rotor_tm_msgs/srv/detail/step_pose__functions.c.o[0m
[2.443s] [ 13%] [32mBuilding C object CMakeFiles/rotor_tm_msgs__rosidl_generator_c.dir/rosidl_generator_c/rotor_tm_msgs/srv/detail/vec4__functions.c.o[0m
[2.502s] [ 14%] [32m[1mLinking C shared library librotor_tm_msgs__rosidl_generator_c.so[0m
[2.535s] [ 14%] Built target rotor_tm_msgs__rosidl_generator_c
[2.544s] [ 15%] [34m[1mGenerating C type support for eProsima Fast-RTPS[0m
[2.547s] [ 17%] [34m[1mGenerating C type support dispatch for ROS interfaces[0m
[2.547s] [ 17%] [34m[1mGenerating C introspection for ROS interfaces[0m
[2.935s] [ 18%] [32mBuilding CXX object CMakeFiles/rotor_tm_msgs__rosidl_typesupport_cpp.dir/rosidl_typesupport_cpp/rotor_tm_msgs/msg/position_command__type_support.cpp.o[0m
[2.935s] [ 18%] [32mBuilding CXX object CMakeFiles/rotor_tm_msgs__rosidl_typesupport_cpp.dir/rosidl_typesupport_cpp/rotor_tm_msgs/msg/rpm_command__type_support.cpp.o[0m
[2.935s] [ 19%] [32mBuilding CXX object CMakeFiles/rotor_tm_msgs__rosidl_typesupport_cpp.dir/rosidl_typesupport_cpp/rotor_tm_msgs/msg/cen_pl_command__type_support.cpp.o[0m
[2.936s] [ 20%] [32mBuilding CXX object CMakeFiles/rotor_tm_msgs__rosidl_typesupport_cpp.dir/rosidl_typesupport_cpp/rotor_tm_msgs/msg/status_data__type_support.cpp.o[0m
[2.936s] [ 21%] [32mBuilding CXX object CMakeFiles/rotor_tm_msgs__rosidl_typesupport_cpp.dir/rosidl_typesupport_cpp/rotor_tm_msgs/msg/trpy_command__type_support.cpp.o[0m
[2.937s] [ 22%] [32mBuilding CXX object CMakeFiles/rotor_tm_msgs__rosidl_typesupport_cpp.dir/rosidl_typesupport_cpp/rotor_tm_msgs/msg/so3_command__type_support.cpp.o[0m
[2.937s] [ 23%] [32mBuilding CXX object CMakeFiles/rotor_tm_msgs__rosidl_typesupport_cpp.dir/rosidl_typesupport_cpp/rotor_tm_msgs/msg/fm_command__type_support.cpp.o[0m
[2.938s] [ 23%] [32mBuilding CXX object CMakeFiles/rotor_tm_msgs__rosidl_typesupport_cpp.dir/rosidl_typesupport_cpp/rotor_tm_msgs/srv/vec4__type_support.cpp.o[0m
[2.955s] [ 24%] [32mBuilding CXX object CMakeFiles/rotor_tm_msgs__rosidl_typesupport_cpp.dir/rosidl_typesupport_cpp/rotor_tm_msgs/srv/circle__type_support.cpp.o[0m
[2.955s] [ 25%] [32mBuilding CXX object CMakeFiles/rotor_tm_msgs__rosidl_typesupport_cpp.dir/rosidl_typesupport_cpp/rotor_tm_msgs/srv/circle_with_rotation__type_support.cpp.o[0m
[2.962s] [ 26%] [32mBuilding CXX object CMakeFiles/rotor_tm_msgs__rosidl_typesupport_cpp.dir/rosidl_typesupport_cpp/rotor_tm_msgs/srv/line__type_support.cpp.o[0m
[2.962s] [ 27%] [32mBuilding CXX object CMakeFiles/rotor_tm_msgs__rosidl_typesupport_cpp.dir/rosidl_typesupport_cpp/rotor_tm_msgs/srv/copr_status_cmd__type_support.cpp.o[0m
[2.966s] [ 27%] [32mBuilding CXX object CMakeFiles/rotor_tm_msgs__rosidl_typesupport_cpp.dir/rosidl_typesupport_cpp/rotor_tm_msgs/srv/step_pose__type_support.cpp.o[0m
[2.982s] [ 28%] [32mBuilding CXX object CMakeFiles/rotor_tm_msgs__rosidl_typesupport_introspection_cpp.dir/rosidl_typesupport_introspection_cpp/rotor_tm_msgs/msg/detail/fm_command__type_support.cpp.o[0m
[2.982s] [ 29%] [32mBuilding CXX object CMakeFiles/rotor_tm_msgs__rosidl_typesupport_introspection_cpp.dir/rosidl_typesupport_introspection_cpp/rotor_tm_msgs/msg/detail/position_command__type_support.cpp.o[0m
[2.983s] [ 30%] [32mBuilding CXX object CMakeFiles/rotor_tm_msgs__rosidl_typesupport_introspection_cpp.dir/rosidl_typesupport_introspection_cpp/rotor_tm_msgs/msg/detail/rpm_command__type_support.cpp.o[0m
[3.176s] [ 30%] [32mBuilding CXX object CMakeFiles/rotor_tm_msgs__rosidl_typesupport_c.dir/rosidl_typesupport_c/rotor_tm_msgs/msg/position_command__type_support.cpp.o[0m
[3.198s] [ 31%] [32mBuilding CXX object CMakeFiles/rotor_tm_msgs__rosidl_typesupport_introspection_cpp.dir/rosidl_typesupport_introspection_cpp/rotor_tm_msgs/msg/detail/so3_command__type_support.cpp.o[0m
[3.201s] [ 33%] [32mBuilding CXX object CMakeFiles/rotor_tm_msgs__rosidl_typesupport_c.dir/rosidl_typesupport_c/rotor_tm_msgs/msg/rpm_command__type_support.cpp.o[0m
[3.201s] [ 33%] [32mBuilding CXX object CMakeFiles/rotor_tm_msgs__rosidl_typesupport_c.dir/rosidl_typesupport_c/rotor_tm_msgs/msg/fm_command__type_support.cpp.o[0m
[3.201s] [ 33%] [32mBuilding CXX object CMakeFiles/rotor_tm_msgs__rosidl_typesupport_introspection_cpp.dir/rosidl_typesupport_introspection_cpp/rotor_tm_msgs/msg/detail/cen_pl_command__type_support.cpp.o[0m
[3.215s] [ 34%] [32mBuilding CXX object CMakeFiles/rotor_tm_msgs__rosidl_typesupport_c.dir/rosidl_typesupport_c/rotor_tm_msgs/msg/so3_command__type_support.cpp.o[0m
[3.232s] [ 35%] [32mBuilding CXX object CMakeFiles/rotor_tm_msgs__rosidl_typesupport_introspection_cpp.dir/rosidl_typesupport_introspection_cpp/rotor_tm_msgs/msg/detail/status_data__type_support.cpp.o[0m
[3.232s] [ 36%] [32mBuilding CXX object CMakeFiles/rotor_tm_msgs__rosidl_typesupport_introspection_cpp.dir/rosidl_typesupport_introspection_cpp/rotor_tm_msgs/msg/detail/trpy_command__type_support.cpp.o[0m
[3.236s] [ 37%] [32mBuilding CXX object CMakeFiles/rotor_tm_msgs__rosidl_typesupport_introspection_cpp.dir/rosidl_typesupport_introspection_cpp/rotor_tm_msgs/srv/detail/vec4__type_support.cpp.o[0m
[3.240s] [ 38%] [32mBuilding CXX object CMakeFiles/rotor_tm_msgs__rosidl_typesupport_introspection_cpp.dir/rosidl_typesupport_introspection_cpp/rotor_tm_msgs/srv/detail/circle__type_support.cpp.o[0m
[3.245s] [ 39%] [32mBuilding CXX object CMakeFiles/rotor_tm_msgs__rosidl_typesupport_c.dir/rosidl_typesupport_c/rotor_tm_msgs/msg/cen_pl_command__type_support.cpp.o[0m
[3.251s] [ 39%] [32mBuilding CXX object CMakeFiles/rotor_tm_msgs__rosidl_typesupport_introspection_cpp.dir/rosidl_typesupport_introspection_cpp/rotor_tm_msgs/srv/detail/circle_with_rotation__type_support.cpp.o[0m
[3.251s] [ 40%] [32mBuilding CXX object CMakeFiles/rotor_tm_msgs__rosidl_typesupport_introspection_cpp.dir/rosidl_typesupport_introspection_cpp/rotor_tm_msgs/srv/detail/line__type_support.cpp.o[0m
[3.258s] [ 41%] [32mBuilding CXX object CMakeFiles/rotor_tm_msgs__rosidl_typesupport_introspection_cpp.dir/rosidl_typesupport_introspection_cpp/rotor_tm_msgs/srv/detail/copr_status_cmd__type_support.cpp.o[0m
[3.268s] [ 42%] [32mBuilding CXX object CMakeFiles/rotor_tm_msgs__rosidl_typesupport_introspection_cpp.dir/rosidl_typesupport_introspection_cpp/rotor_tm_msgs/srv/detail/step_pose__type_support.cpp.o[0m
[3.274s] [ 42%] [32mBuilding CXX object CMakeFiles/rotor_tm_msgs__rosidl_typesupport_c.dir/rosidl_typesupport_c/rotor_tm_msgs/msg/status_data__type_support.cpp.o[0m
[3.285s] [ 43%] [32mBuilding CXX object CMakeFiles/rotor_tm_msgs__rosidl_typesupport_c.dir/rosidl_typesupport_c/rotor_tm_msgs/srv/vec4__type_support.cpp.o[0m
[3.285s] [ 44%] [32mBuilding CXX object CMakeFiles/rotor_tm_msgs__rosidl_typesupport_c.dir/rosidl_typesupport_c/rotor_tm_msgs/msg/trpy_command__type_support.cpp.o[0m
[3.301s] [ 45%] [32mBuilding CXX object CMakeFiles/rotor_tm_msgs__rosidl_typesupport_fastrtps_cpp.dir/rosidl_typesupport_fastrtps_cpp/rotor_tm_msgs/msg/detail/dds_fastrtps/position_command__type_support.cpp.o[0m
[3.308s] [ 46%] [32m[1mLinking CXX shared library librotor_tm_msgs__rosidl_typesupport_cpp.so[0m
[3.308s] [ 47%] [32mBuilding CXX object CMakeFiles/rotor_tm_msgs__rosidl_typesupport_c.dir/rosidl_typesupport_c/rotor_tm_msgs/srv/circle__type_support.cpp.o[0m
[3.316s] [ 48%] [32mBuilding CXX object CMakeFiles/rotor_tm_msgs__rosidl_typesupport_fastrtps_cpp.dir/rosidl_typesupport_fastrtps_cpp/rotor_tm_msgs/msg/detail/dds_fastrtps/fm_command__type_support.cpp.o[0m
[3.319s] [ 49%] [32mBuilding CXX object CMakeFiles/rotor_tm_msgs__rosidl_typesupport_c.dir/rosidl_typesupport_c/rotor_tm_msgs/srv/circle_with_rotation__type_support.cpp.o[0m
[3.348s] [ 49%] [32mBuilding CXX object CMakeFiles/rotor_tm_msgs__rosidl_typesupport_c.dir/rosidl_typesupport_c/rotor_tm_msgs/srv/line__type_support.cpp.o[0m
[3.359s] [ 50%] [32mBuilding CXX object CMakeFiles/rotor_tm_msgs__rosidl_typesupport_fastrtps_cpp.dir/rosidl_typesupport_fastrtps_cpp/rotor_tm_msgs/msg/detail/dds_fastrtps/rpm_command__type_support.cpp.o[0m
[3.366s] [ 50%] Built target rotor_tm_msgs__rosidl_typesupport_cpp
[3.375s] [ 51%] [32mBuilding CXX object CMakeFiles/rotor_tm_msgs__rosidl_typesupport_c.dir/rosidl_typesupport_c/rotor_tm_msgs/srv/copr_status_cmd__type_support.cpp.o[0m
[3.383s] [ 51%] [32mBuilding CXX object CMakeFiles/rotor_tm_msgs__rosidl_typesupport_fastrtps_cpp.dir/rosidl_typesupport_fastrtps_cpp/rotor_tm_msgs/msg/detail/dds_fastrtps/so3_command__type_support.cpp.o[0m
[3.386s] [ 52%] [32mBuilding CXX object CMakeFiles/rotor_tm_msgs__rosidl_typesupport_fastrtps_cpp.dir/rosidl_typesupport_fastrtps_cpp/rotor_tm_msgs/msg/detail/dds_fastrtps/cen_pl_command__type_support.cpp.o[0m
[3.393s] [ 53%] [32mBuilding CXX object CMakeFiles/rotor_tm_msgs__rosidl_typesupport_c.dir/rosidl_typesupport_c/rotor_tm_msgs/srv/step_pose__type_support.cpp.o[0m
[3.406s] [ 54%] [32mBuilding CXX object CMakeFiles/rotor_tm_msgs__rosidl_typesupport_fastrtps_cpp.dir/rosidl_typesupport_fastrtps_cpp/rotor_tm_msgs/msg/detail/dds_fastrtps/status_data__type_support.cpp.o[0m
[3.430s] [ 55%] [32m[1mLinking CXX shared library librotor_tm_msgs__rosidl_typesupport_c.so[0m
[3.456s] [ 56%] [32mBuilding CXX object CMakeFiles/rotor_tm_msgs__rosidl_typesupport_fastrtps_cpp.dir/rosidl_typesupport_fastrtps_cpp/rotor_tm_msgs/msg/detail/dds_fastrtps/trpy_command__type_support.cpp.o[0m
[3.483s] [ 56%] Built target rotor_tm_msgs__rosidl_typesupport_c
[3.495s] [ 57%] [32mBuilding CXX object CMakeFiles/rotor_tm_msgs__rosidl_typesupport_fastrtps_cpp.dir/rosidl_typesupport_fastrtps_cpp/rotor_tm_msgs/srv/detail/dds_fastrtps/vec4__type_support.cpp.o[0m
[3.495s] [ 58%] [32mBuilding C object CMakeFiles/rotor_tm_msgs__rosidl_typesupport_introspection_c.dir/rosidl_typesupport_introspection_c/rotor_tm_msgs/msg/detail/position_command__type_support.c.o[0m
[3.542s] [ 59%] [32mBuilding C object CMakeFiles/rotor_tm_msgs__rosidl_typesupport_introspection_c.dir/rosidl_typesupport_introspection_c/rotor_tm_msgs/msg/detail/fm_command__type_support.c.o[0m
[3.574s] [ 60%] [32mBuilding CXX object CMakeFiles/rotor_tm_msgs__rosidl_typesupport_fastrtps_c.dir/rosidl_typesupport_fastrtps_c/rotor_tm_msgs/msg/detail/position_command__type_support_c.cpp.o[0m
[3.582s] [ 60%] [32mBuilding CXX object CMakeFiles/rotor_tm_msgs__rosidl_typesupport_fastrtps_c.dir/rosidl_typesupport_fastrtps_c/rotor_tm_msgs/msg/detail/fm_command__type_support_c.cpp.o[0m
[3.586s] [ 60%] [32mBuilding C object CMakeFiles/rotor_tm_msgs__rosidl_typesupport_introspection_c.dir/rosidl_typesupport_introspection_c/rotor_tm_msgs/msg/detail/rpm_command__type_support.c.o[0m
[3.619s] [ 61%] [32mBuilding CXX object CMakeFiles/rotor_tm_msgs__rosidl_typesupport_fastrtps_c.dir/rosidl_typesupport_fastrtps_c/rotor_tm_msgs/msg/detail/rpm_command__type_support_c.cpp.o[0m
[3.622s] [ 62%] [32mBuilding C object CMakeFiles/rotor_tm_msgs__rosidl_typesupport_introspection_c.dir/rosidl_typesupport_introspection_c/rotor_tm_msgs/msg/detail/so3_command__type_support.c.o[0m
[3.633s] [ 63%] [32mBuilding CXX object CMakeFiles/rotor_tm_msgs__rosidl_typesupport_fastrtps_c.dir/rosidl_typesupport_fastrtps_c/rotor_tm_msgs/msg/detail/so3_command__type_support_c.cpp.o[0m
[3.636s] [ 64%] [32mBuilding CXX object CMakeFiles/rotor_tm_msgs__rosidl_typesupport_fastrtps_c.dir/rosidl_typesupport_fastrtps_c/rotor_tm_msgs/msg/detail/cen_pl_command__type_support_c.cpp.o[0m
[3.661s] [ 65%] [32mBuilding CXX object CMakeFiles/rotor_tm_msgs__rosidl_typesupport_fastrtps_c.dir/rosidl_typesupport_fastrtps_c/rotor_tm_msgs/msg/detail/status_data__type_support_c.cpp.o[0m
[3.693s] [ 66%] [32mBuilding C object CMakeFiles/rotor_tm_msgs__rosidl_typesupport_introspection_c.dir/rosidl_typesupport_introspection_c/rotor_tm_msgs/msg/detail/cen_pl_command__type_support.c.o[0m
[3.702s] [ 66%] [32mBuilding CXX object CMakeFiles/rotor_tm_msgs__rosidl_typesupport_fastrtps_c.dir/rosidl_typesupport_fastrtps_c/rotor_tm_msgs/msg/detail/trpy_command__type_support_c.cpp.o[0m
[3.709s] [ 66%] [32mBuilding CXX object CMakeFiles/rotor_tm_msgs__rosidl_typesupport_fastrtps_cpp.dir/rosidl_typesupport_fastrtps_cpp/rotor_tm_msgs/srv/detail/dds_fastrtps/circle__type_support.cpp.o[0m
[3.720s] [ 67%] [32mBuilding C object CMakeFiles/rotor_tm_msgs__rosidl_typesupport_introspection_c.dir/rosidl_typesupport_introspection_c/rotor_tm_msgs/msg/detail/status_data__type_support.c.o[0m
[3.728s] [ 68%] [32mBuilding CXX object CMakeFiles/rotor_tm_msgs__rosidl_typesupport_fastrtps_c.dir/rosidl_typesupport_fastrtps_c/rotor_tm_msgs/srv/detail/vec4__type_support_c.cpp.o[0m
[3.740s] [ 69%] [32mBuilding C object CMakeFiles/rotor_tm_msgs__rosidl_typesupport_introspection_c.dir/rosidl_typesupport_introspection_c/rotor_tm_msgs/msg/detail/trpy_command__type_support.c.o[0m
[3.753s] [ 70%] [32m[1mLinking CXX shared library librotor_tm_msgs__rosidl_typesupport_introspection_cpp.so[0m
[3.762s] [ 71%] [32mBuilding CXX object CMakeFiles/rotor_tm_msgs__rosidl_typesupport_fastrtps_c.dir/rosidl_typesupport_fastrtps_c/rotor_tm_msgs/srv/detail/circle__type_support_c.cpp.o[0m
[3.771s] [ 72%] [32mBuilding CXX object CMakeFiles/rotor_tm_msgs__rosidl_typesupport_fastrtps_c.dir/rosidl_typesupport_fastrtps_c/rotor_tm_msgs/srv/detail/circle_with_rotation__type_support_c.cpp.o[0m
[3.793s] [ 72%] [32mBuilding C object CMakeFiles/rotor_tm_msgs__rosidl_typesupport_introspection_c.dir/rosidl_typesupport_introspection_c/rotor_tm_msgs/srv/detail/vec4__type_support.c.o[0m
[3.795s] [ 73%] [32mBuilding CXX object CMakeFiles/rotor_tm_msgs__rosidl_typesupport_fastrtps_c.dir/rosidl_typesupport_fastrtps_c/rotor_tm_msgs/srv/detail/line__type_support_c.cpp.o[0m
[3.820s] [ 74%] [32mBuilding CXX object CMakeFiles/rotor_tm_msgs__rosidl_typesupport_fastrtps_cpp.dir/rosidl_typesupport_fastrtps_cpp/rotor_tm_msgs/srv/detail/dds_fastrtps/circle_with_rotation__type_support.cpp.o[0m
[3.829s] [ 75%] [32mBuilding CXX object CMakeFiles/rotor_tm_msgs__rosidl_typesupport_fastrtps_cpp.dir/rosidl_typesupport_fastrtps_cpp/rotor_tm_msgs/srv/detail/dds_fastrtps/line__type_support.cpp.o[0m
[3.831s] [ 76%] [32mBuilding C object CMakeFiles/rotor_tm_msgs__rosidl_typesupport_introspection_c.dir/rosidl_typesupport_introspection_c/rotor_tm_msgs/srv/detail/circle__type_support.c.o[0m
[3.834s] [ 77%] [32mBuilding C object CMakeFiles/rotor_tm_msgs__rosidl_typesupport_introspection_c.dir/rosidl_typesupport_introspection_c/rotor_tm_msgs/srv/detail/circle_with_rotation__type_support.c.o[0m
[3.862s] [ 78%] [32mBuilding C object CMakeFiles/rotor_tm_msgs__rosidl_typesupport_introspection_c.dir/rosidl_typesupport_introspection_c/rotor_tm_msgs/srv/detail/line__type_support.c.o[0m
[3.874s] [ 79%] [32mBuilding C object CMakeFiles/rotor_tm_msgs__rosidl_typesupport_introspection_c.dir/rosidl_typesupport_introspection_c/rotor_tm_msgs/srv/detail/copr_status_cmd__type_support.c.o[0m
[3.878s] [ 79%] [32mBuilding C object CMakeFiles/rotor_tm_msgs__rosidl_typesupport_introspection_c.dir/rosidl_typesupport_introspection_c/rotor_tm_msgs/srv/detail/step_pose__type_support.c.o[0m
[3.899s] [ 80%] [32mBuilding CXX object CMakeFiles/rotor_tm_msgs__rosidl_typesupport_fastrtps_cpp.dir/rosidl_typesupport_fastrtps_cpp/rotor_tm_msgs/srv/detail/dds_fastrtps/copr_status_cmd__type_support.cpp.o[0m
[3.907s] [ 80%] Built target rotor_tm_msgs__rosidl_typesupport_introspection_cpp
[3.907s] [ 80%] [32mBuilding CXX object CMakeFiles/rotor_tm_msgs__rosidl_typesupport_fastrtps_c.dir/rosidl_typesupport_fastrtps_c/rotor_tm_msgs/srv/detail/copr_status_cmd__type_support_c.cpp.o[0m
[3.907s] [ 81%] [32mBuilding CXX object CMakeFiles/rotor_tm_msgs__rosidl_typesupport_fastrtps_cpp.dir/rosidl_typesupport_fastrtps_cpp/rotor_tm_msgs/srv/detail/dds_fastrtps/step_pose__type_support.cpp.o[0m
[3.919s] [ 82%] [32mBuilding CXX object CMakeFiles/rotor_tm_msgs__rosidl_typesupport_fastrtps_c.dir/rosidl_typesupport_fastrtps_c/rotor_tm_msgs/srv/detail/step_pose__type_support_c.cpp.o[0m
[3.919s] [ 83%] [32m[1mLinking C shared library librotor_tm_msgs__rosidl_typesupport_introspection_c.so[0m
[3.958s] [ 83%] Built target rotor_tm_msgs__rosidl_typesupport_introspection_c
[4.195s] [ 84%] [32m[1mLinking CXX shared library librotor_tm_msgs__rosidl_typesupport_fastrtps_c.so[0m
[4.241s] [ 84%] [32m[1mLinking CXX shared library librotor_tm_msgs__rosidl_typesupport_fastrtps_cpp.so[0m
[4.249s] [ 84%] Built target rotor_tm_msgs__rosidl_typesupport_fastrtps_c
[4.305s] [ 84%] Built target rotor_tm_msgs__rosidl_typesupport_fastrtps_cpp
[4.333s] [ 84%] Built target rotor_tm_msgs
[4.370s] [ 85%] [34m[1mGenerating Python code for ROS interfaces[0m
[5.614s] [ 85%] Built target rotor_tm_msgs__py
[5.643s] [ 87%] [32mBuilding C object CMakeFiles/rotor_tm_msgs__rosidl_generator_py.dir/rosidl_generator_py/rotor_tm_msgs/msg/_cen_pl_command_s.c.o[0m
[5.644s] [ 87%] [32mBuilding C object CMakeFiles/rotor_tm_msgs__rosidl_generator_py.dir/rosidl_generator_py/rotor_tm_msgs/msg/_rpm_command_s.c.o[0m
[5.645s] [ 88%] [32mBuilding C object CMakeFiles/rotor_tm_msgs__rosidl_generator_py.dir/rosidl_generator_py/rotor_tm_msgs/msg/_position_command_s.c.o[0m
[5.646s] [ 89%] [32mBuilding C object CMakeFiles/rotor_tm_msgs__rosidl_generator_py.dir/rosidl_generator_py/rotor_tm_msgs/msg/_status_data_s.c.o[0m
[5.646s] [ 89%] [32mBuilding C object CMakeFiles/rotor_tm_msgs__rosidl_generator_py.dir/rosidl_generator_py/rotor_tm_msgs/msg/_fm_command_s.c.o[0m
[5.647s] [ 90%] [32mBuilding C object CMakeFiles/rotor_tm_msgs__rosidl_generator_py.dir/rosidl_generator_py/rotor_tm_msgs/msg/_so3_command_s.c.o[0m
[5.648s] [ 92%] [32mBuilding C object CMakeFiles/rotor_tm_msgs__rosidl_generator_py.dir/rosidl_generator_py/rotor_tm_msgs/srv/_circle_with_rotation_s.c.o[0m
[5.649s] [ 92%] [32mBuilding C object CMakeFiles/rotor_tm_msgs__rosidl_generator_py.dir/rosidl_generator_py/rotor_tm_msgs/srv/_line_s.c.o[0m
[5.650s] [ 93%] [32mBuilding C object CMakeFiles/rotor_tm_msgs__rosidl_generator_py.dir/rosidl_generator_py/rotor_tm_msgs/srv/_step_pose_s.c.o[0m
[5.651s] [ 93%] [32mBuilding C object CMakeFiles/rotor_tm_msgs__rosidl_generator_py.dir/rosidl_generator_py/rotor_tm_msgs/msg/_trpy_command_s.c.o[0m
[5.652s] [ 94%] [32mBuilding C object CMakeFiles/rotor_tm_msgs__rosidl_generator_py.dir/rosidl_generator_py/rotor_tm_msgs/srv/_vec4_s.c.o[0m
[5.653s] [ 95%] [32mBuilding C object CMakeFiles/rotor_tm_msgs__rosidl_generator_py.dir/rosidl_generator_py/rotor_tm_msgs/srv/_circle_s.c.o[0m
[5.656s] [ 95%] [32mBuilding C object CMakeFiles/rotor_tm_msgs__rosidl_generator_py.dir/rosidl_generator_py/rotor_tm_msgs/srv/_copr_status_cmd_s.c.o[0m
[5.800s] [ 96%] [32m[1mLinking C shared library rosidl_generator_py/rotor_tm_msgs/librotor_tm_msgs__rosidl_generator_py.so[0m
[5.842s] [ 96%] Built target rotor_tm_msgs__rosidl_generator_py
[5.865s] [ 97%] [32mBuilding C object CMakeFiles/rotor_tm_msgs__rosidl_typesupport_c__pyext.dir/rosidl_generator_py/rotor_tm_msgs/_rotor_tm_msgs_s.ep.rosidl_typesupport_c.c.o[0m
[5.868s] [ 99%] [32mBuilding C object CMakeFiles/rotor_tm_msgs__rosidl_typesupport_fastrtps_c__pyext.dir/rosidl_generator_py/rotor_tm_msgs/_rotor_tm_msgs_s.ep.rosidl_typesupport_fastrtps_c.c.o[0m
[5.868s] [ 99%] [32mBuilding C object CMakeFiles/rotor_tm_msgs__rosidl_typesupport_introspection_c__pyext.dir/rosidl_generator_py/rotor_tm_msgs/_rotor_tm_msgs_s.ep.rosidl_typesupport_introspection_c.c.o[0m
[5.971s] [100%] [32m[1mLinking C shared library rosidl_generator_py/rotor_tm_msgs/rotor_tm_msgs_s__rosidl_typesupport_introspection_c.cpython-310-x86_64-linux-gnu.so[0m
[5.971s] [100%] [32m[1mLinking C shared library rosidl_generator_py/rotor_tm_msgs/rotor_tm_msgs_s__rosidl_typesupport_fastrtps_c.cpython-310-x86_64-linux-gnu.so[0m
[5.974s] [100%] [32m[1mLinking C shared library rosidl_generator_py/rotor_tm_msgs/rotor_tm_msgs_s__rosidl_typesupport_c.cpython-310-x86_64-linux-gnu.so[0m
[6.013s] [100%] Built target rotor_tm_msgs__rosidl_typesupport_fastrtps_c__pyext
[6.015s] [100%] Built target rotor_tm_msgs__rosidl_typesupport_c__pyext
[6.015s] [100%] Built target rotor_tm_msgs__rosidl_typesupport_introspection_c__pyext
[6.027s] Invoked command in '/home/swati/Quad_DR/ros2_ws/build/rotor_tm_msgs' returned '0': CMAKE_PREFIX_PATH=${CMAKE_PREFIX_PATH}:/home/swati/Quad_DR/ros2_ws/install/rotor_tm_sim:/home/swati/Quad_DR/ros2_ws/install/rotor_tm_control:/home/swati/Quad_DR/ros2_ws/install/rotor_tm_utils:/home/swati/Quad_DR/ros2_ws/install/rotor_tm_traj:/home/swati/Quad_DR/ros2_ws/install/rotor_tm_keyboard2wrench:/home/swati/Quad_DR/ros2_ws/install/rotor_tm_config:/opt/ros/humble /usr/bin/cmake --build /home/swati/Quad_DR/ros2_ws/build/rotor_tm_msgs -- -j20 -l20
[6.376s] Invoking command in '/home/swati/Quad_DR/ros2_ws/build/rotor_tm_msgs': CMAKE_PREFIX_PATH=${CMAKE_PREFIX_PATH}:/home/swati/Quad_DR/ros2_ws/install/rotor_tm_sim:/home/swati/Quad_DR/ros2_ws/install/rotor_tm_control:/home/swati/Quad_DR/ros2_ws/install/rotor_tm_utils:/home/swati/Quad_DR/ros2_ws/install/rotor_tm_traj:/home/swati/Quad_DR/ros2_ws/install/rotor_tm_keyboard2wrench:/home/swati/Quad_DR/ros2_ws/install/rotor_tm_config:/opt/ros/humble /usr/bin/cmake --install /home/swati/Quad_DR/ros2_ws/build/rotor_tm_msgs
[6.384s] -- Install configuration: ""
[6.384s] -- Installing: /home/swati/Quad_DR/ros2_ws/install/rotor_tm_msgs/share/ament_index/resource_index/rosidl_interfaces/rotor_tm_msgs
[6.384s] -- Installing: /home/swati/Quad_DR/ros2_ws/install/rotor_tm_msgs/include/rotor_tm_msgs/rotor_tm_msgs
[6.384s] -- Installing: /home/swati/Quad_DR/ros2_ws/install/rotor_tm_msgs/include/rotor_tm_msgs/rotor_tm_msgs/srv
[6.384s] -- Installing: /home/swati/Quad_DR/ros2_ws/install/rotor_tm_msgs/include/rotor_tm_msgs/rotor_tm_msgs/srv/vec4.h
[6.385s] -- Installing: /home/swati/Quad_DR/ros2_ws/install/rotor_tm_msgs/include/rotor_tm_msgs/rotor_tm_msgs/srv/step_pose.h
[6.385s] -- Installing: /home/swati/Quad_DR/ros2_ws/install/rotor_tm_msgs/include/rotor_tm_msgs/rotor_tm_msgs/srv/circle.h
[6.385s] -- Installing: /home/swati/Quad_DR/ros2_ws/install/rotor_tm_msgs/include/rotor_tm_msgs/rotor_tm_msgs/srv/detail
[6.385s] -- Installing: /home/swati/Quad_DR/ros2_ws/install/rotor_tm_msgs/include/rotor_tm_msgs/rotor_tm_msgs/srv/detail/step_pose__functions.c
[6.386s] -- Installing: /home/swati/Quad_DR/ros2_ws/install/rotor_tm_msgs/include/rotor_tm_msgs/rotor_tm_msgs/srv/detail/circle__type_support.h
[6.386s] -- Installing: /home/swati/Quad_DR/ros2_ws/install/rotor_tm_msgs/include/rotor_tm_msgs/rotor_tm_msgs/srv/detail/circle_with_rotation__functions.h
[6.386s] -- Installing: /home/swati/Quad_DR/ros2_ws/install/rotor_tm_msgs/include/rotor_tm_msgs/rotor_tm_msgs/srv/detail/vec4__type_support.h
[6.386s] -- Installing: /home/swati/Quad_DR/ros2_ws/install/rotor_tm_msgs/include/rotor_tm_msgs/rotor_tm_msgs/srv/detail/line__functions.c
[6.386s] -- Installing: /home/swati/Quad_DR/ros2_ws/install/rotor_tm_msgs/include/rotor_tm_msgs/rotor_tm_msgs/srv/detail/copr_status_cmd__type_support.h
[6.386s] -- Installing: /home/swati/Quad_DR/ros2_ws/install/rotor_tm_msgs/include/rotor_tm_msgs/rotor_tm_msgs/srv/detail/vec4__struct.h
[6.386s] -- Installing: /home/swati/Quad_DR/ros2_ws/install/rotor_tm_msgs/include/rotor_tm_msgs/rotor_tm_msgs/srv/detail/line__functions.h
[6.386s] -- Installing: /home/swati/Quad_DR/ros2_ws/install/rotor_tm_msgs/include/rotor_tm_msgs/rotor_tm_msgs/srv/detail/step_pose__functions.h
[6.386s] -- Installing: /home/swati/Quad_DR/ros2_ws/install/rotor_tm_msgs/include/rotor_tm_msgs/rotor_tm_msgs/srv/detail/line__struct.h
[6.386s] -- Installing: /home/swati/Quad_DR/ros2_ws/install/rotor_tm_msgs/include/rotor_tm_msgs/rotor_tm_msgs/srv/detail/step_pose__struct.h
[6.386s] -- Installing: /home/swati/Quad_DR/ros2_ws/install/rotor_tm_msgs/include/rotor_tm_msgs/rotor_tm_msgs/srv/detail/circle_with_rotation__struct.h
[6.386s] -- Installing: /home/swati/Quad_DR/ros2_ws/install/rotor_tm_msgs/include/rotor_tm_msgs/rotor_tm_msgs/srv/detail/circle_with_rotation__functions.c
[6.387s] -- Installing: /home/swati/Quad_DR/ros2_ws/install/rotor_tm_msgs/include/rotor_tm_msgs/rotor_tm_msgs/srv/detail/circle__functions.c
[6.387s] -- Installing: /home/swati/Quad_DR/ros2_ws/install/rotor_tm_msgs/include/rotor_tm_msgs/rotor_tm_msgs/srv/detail/copr_status_cmd__functions.c
[6.387s] -- Installing: /home/swati/Quad_DR/ros2_ws/install/rotor_tm_msgs/include/rotor_tm_msgs/rotor_tm_msgs/srv/detail/circle__struct.h
[6.387s] -- Installing: /home/swati/Quad_DR/ros2_ws/install/rotor_tm_msgs/include/rotor_tm_msgs/rotor_tm_msgs/srv/detail/copr_status_cmd__struct.h
[6.387s] -- Installing: /home/swati/Quad_DR/ros2_ws/install/rotor_tm_msgs/include/rotor_tm_msgs/rotor_tm_msgs/srv/detail/circle__functions.h
[6.387s] -- Installing: /home/swati/Quad_DR/ros2_ws/install/rotor_tm_msgs/include/rotor_tm_msgs/rotor_tm_msgs/srv/detail/step_pose__type_support.h
[6.387s] -- Installing: /home/swati/Quad_DR/ros2_ws/install/rotor_tm_msgs/include/rotor_tm_msgs/rotor_tm_msgs/srv/detail/copr_status_cmd__functions.h
[6.387s] -- Installing: /home/swati/Quad_DR/ros2_ws/install/rotor_tm_msgs/include/rotor_tm_msgs/rotor_tm_msgs/srv/detail/vec4__functions.h
[6.387s] -- Installing: /home/swati/Quad_DR/ros2_ws/install/rotor_tm_msgs/include/rotor_tm_msgs/rotor_tm_msgs/srv/detail/vec4__functions.c
[6.387s] -- Installing: /home/swati/Quad_DR/ros2_ws/install/rotor_tm_msgs/include/rotor_tm_msgs/rotor_tm_msgs/srv/detail/circle_with_rotation__type_support.h
[6.387s] -- Installing: /home/swati/Quad_DR/ros2_ws/install/rotor_tm_msgs/include/rotor_tm_msgs/rotor_tm_msgs/srv/detail/line__type_support.h
[6.388s] -- Installing: /home/swati/Quad_DR/ros2_ws/install/rotor_tm_msgs/include/rotor_tm_msgs/rotor_tm_msgs/srv/copr_status_cmd.h
[6.388s] -- Installing: /home/swati/Quad_DR/ros2_ws/install/rotor_tm_msgs/include/rotor_tm_msgs/rotor_tm_msgs/srv/line.h
[6.388s] -- Installing: /home/swati/Quad_DR/ros2_ws/install/rotor_tm_msgs/include/rotor_tm_msgs/rotor_tm_msgs/srv/circle_with_rotation.h
[6.388s] -- Installing: /home/swati/Quad_DR/ros2_ws/install/rotor_tm_msgs/include/rotor_tm_msgs/rotor_tm_msgs/msg
[6.388s] -- Installing: /home/swati/Quad_DR/ros2_ws/install/rotor_tm_msgs/include/rotor_tm_msgs/rotor_tm_msgs/msg/cen_pl_command.h
[6.388s] -- Installing: /home/swati/Quad_DR/ros2_ws/install/rotor_tm_msgs/include/rotor_tm_msgs/rotor_tm_msgs/msg/fm_command.h
[6.388s] -- Installing: /home/swati/Quad_DR/ros2_ws/install/rotor_tm_msgs/include/rotor_tm_msgs/rotor_tm_msgs/msg/rpm_command.h
[6.388s] -- Installing: /home/swati/Quad_DR/ros2_ws/install/rotor_tm_msgs/include/rotor_tm_msgs/rotor_tm_msgs/msg/trpy_command.h
[6.388s] -- Installing: /home/swati/Quad_DR/ros2_ws/install/rotor_tm_msgs/include/rotor_tm_msgs/rotor_tm_msgs/msg/status_data.h
[6.388s] -- Installing: /home/swati/Quad_DR/ros2_ws/install/rotor_tm_msgs/include/rotor_tm_msgs/rotor_tm_msgs/msg/so3_command.h
[6.388s] -- Installing: /home/swati/Quad_DR/ros2_ws/install/rotor_tm_msgs/include/rotor_tm_msgs/rotor_tm_msgs/msg/detail
[6.388s] -- Installing: /home/swati/Quad_DR/ros2_ws/install/rotor_tm_msgs/include/rotor_tm_msgs/rotor_tm_msgs/msg/detail/trpy_command__type_support.h
[6.388s] -- Installing: /home/swati/Quad_DR/ros2_ws/install/rotor_tm_msgs/include/rotor_tm_msgs/rotor_tm_msgs/msg/detail/position_command__type_support.h
[6.389s] -- Installing: /home/swati/Quad_DR/ros2_ws/install/rotor_tm_msgs/include/rotor_tm_msgs/rotor_tm_msgs/msg/detail/so3_command__type_support.h
[6.389s] -- Installing: /home/swati/Quad_DR/ros2_ws/install/rotor_tm_msgs/include/rotor_tm_msgs/rotor_tm_msgs/msg/detail/fm_command__functions.c
[6.389s] -- Installing: /home/swati/Quad_DR/ros2_ws/install/rotor_tm_msgs/include/rotor_tm_msgs/rotor_tm_msgs/msg/detail/trpy_command__struct.h
[6.389s] -- Installing: /home/swati/Quad_DR/ros2_ws/install/rotor_tm_msgs/include/rotor_tm_msgs/rotor_tm_msgs/msg/detail/rpm_command__struct.h
[6.389s] -- Installing: /home/swati/Quad_DR/ros2_ws/install/rotor_tm_msgs/include/rotor_tm_msgs/rotor_tm_msgs/msg/detail/status_data__functions.c
[6.389s] -- Installing: /home/swati/Quad_DR/ros2_ws/install/rotor_tm_msgs/include/rotor_tm_msgs/rotor_tm_msgs/msg/detail/position_command__struct.h
[6.389s] -- Installing: /home/swati/Quad_DR/ros2_ws/install/rotor_tm_msgs/include/rotor_tm_msgs/rotor_tm_msgs/msg/detail/rpm_command__functions.c
[6.389s] -- Installing: /home/swati/Quad_DR/ros2_ws/install/rotor_tm_msgs/include/rotor_tm_msgs/rotor_tm_msgs/msg/detail/status_data__functions.h
[6.389s] -- Installing: /home/swati/Quad_DR/ros2_ws/install/rotor_tm_msgs/include/rotor_tm_msgs/rotor_tm_msgs/msg/detail/position_command__functions.c
[6.389s] -- Installing: /home/swati/Quad_DR/ros2_ws/install/rotor_tm_msgs/include/rotor_tm_msgs/rotor_tm_msgs/msg/detail/cen_pl_command__functions.c
[6.389s] -- Installing: /home/swati/Quad_DR/ros2_ws/install/rotor_tm_msgs/include/rotor_tm_msgs/rotor_tm_msgs/msg/detail/cen_pl_command__struct.h
[6.389s] -- Installing: /home/swati/Quad_DR/ros2_ws/install/rotor_tm_msgs/include/rotor_tm_msgs/rotor_tm_msgs/msg/detail/fm_command__struct.h
[6.390s] -- Installing: /home/swati/Quad_DR/ros2_ws/install/rotor_tm_msgs/include/rotor_tm_msgs/rotor_tm_msgs/msg/detail/trpy_command__functions.h
[6.390s] -- Installing: /home/swati/Quad_DR/ros2_ws/install/rotor_tm_msgs/include/rotor_tm_msgs/rotor_tm_msgs/msg/detail/rpm_command__type_support.h
[6.390s] -- Installing: /home/swati/Quad_DR/ros2_ws/install/rotor_tm_msgs/include/rotor_tm_msgs/rotor_tm_msgs/msg/detail/so3_command__functions.h
[6.390s] -- Installing: /home/swati/Quad_DR/ros2_ws/install/rotor_tm_msgs/include/rotor_tm_msgs/rotor_tm_msgs/msg/detail/trpy_command__functions.c
[6.390s] -- Installing: /home/swati/Quad_DR/ros2_ws/install/rotor_tm_msgs/include/rotor_tm_msgs/rotor_tm_msgs/msg/detail/status_data__type_support.h
[6.390s] -- Installing: /home/swati/Quad_DR/ros2_ws/install/rotor_tm_msgs/include/rotor_tm_msgs/rotor_tm_msgs/msg/detail/position_command__functions.h
[6.390s] -- Installing: /home/swati/Quad_DR/ros2_ws/install/rotor_tm_msgs/include/rotor_tm_msgs/rotor_tm_msgs/msg/detail/status_data__struct.h
[6.390s] -- Installing: /home/swati/Quad_DR/ros2_ws/install/rotor_tm_msgs/include/rotor_tm_msgs/rotor_tm_msgs/msg/detail/so3_command__functions.c
[6.390s] -- Installing: /home/swati/Quad_DR/ros2_ws/install/rotor_tm_msgs/include/rotor_tm_msgs/rotor_tm_msgs/msg/detail/fm_command__type_support.h
[6.390s] -- Installing: /home/swati/Quad_DR/ros2_ws/install/rotor_tm_msgs/include/rotor_tm_msgs/rotor_tm_msgs/msg/detail/cen_pl_command__functions.h
[6.390s] -- Installing: /home/swati/Quad_DR/ros2_ws/install/rotor_tm_msgs/include/rotor_tm_msgs/rotor_tm_msgs/msg/detail/cen_pl_command__type_support.h
[6.390s] -- Installing: /home/swati/Quad_DR/ros2_ws/install/rotor_tm_msgs/include/rotor_tm_msgs/rotor_tm_msgs/msg/detail/so3_command__struct.h
[6.390s] -- Installing: /home/swati/Quad_DR/ros2_ws/install/rotor_tm_msgs/include/rotor_tm_msgs/rotor_tm_msgs/msg/detail/fm_command__functions.h
[6.390s] -- Installing: /home/swati/Quad_DR/ros2_ws/install/rotor_tm_msgs/include/rotor_tm_msgs/rotor_tm_msgs/msg/detail/rpm_command__functions.h
[6.390s] -- Installing: /home/swati/Quad_DR/ros2_ws/install/rotor_tm_msgs/include/rotor_tm_msgs/rotor_tm_msgs/msg/position_command.h
[6.390s] -- Installing: /home/swati/Quad_DR/ros2_ws/install/rotor_tm_msgs/include/rotor_tm_msgs/rotor_tm_msgs/msg/rosidl_generator_c__visibility_control.h
[6.391s] -- Installing: /home/swati/Quad_DR/ros2_ws/install/rotor_tm_msgs/share/rotor_tm_msgs/environment/library_path.sh
[6.391s] -- Installing: /home/swati/Quad_DR/ros2_ws/install/rotor_tm_msgs/share/rotor_tm_msgs/environment/library_path.dsv
[6.391s] -- Installing: /home/swati/Quad_DR/ros2_ws/install/rotor_tm_msgs/lib/librotor_tm_msgs__rosidl_generator_c.so
[6.391s] -- Set runtime path of "/home/swati/Quad_DR/ros2_ws/install/rotor_tm_msgs/lib/librotor_tm_msgs__rosidl_generator_c.so" to ""
[6.391s] -- Up-to-date: /home/swati/Quad_DR/ros2_ws/install/rotor_tm_msgs/include/rotor_tm_msgs/rotor_tm_msgs
[6.391s] -- Up-to-date: /home/swati/Quad_DR/ros2_ws/install/rotor_tm_msgs/include/rotor_tm_msgs/rotor_tm_msgs/srv
[6.391s] -- Up-to-date: /home/swati/Quad_DR/ros2_ws/install/rotor_tm_msgs/include/rotor_tm_msgs/rotor_tm_msgs/srv/detail
[6.391s] -- Installing: /home/swati/Quad_DR/ros2_ws/install/rotor_tm_msgs/include/rotor_tm_msgs/rotor_tm_msgs/srv/detail/line__rosidl_typesupport_fastrtps_c.h
[6.391s] -- Installing: /home/swati/Quad_DR/ros2_ws/install/rotor_tm_msgs/include/rotor_tm_msgs/rotor_tm_msgs/srv/detail/step_pose__rosidl_typesupport_fastrtps_c.h
[6.391s] -- Installing: /home/swati/Quad_DR/ros2_ws/install/rotor_tm_msgs/include/rotor_tm_msgs/rotor_tm_msgs/srv/detail/circle_with_rotation__rosidl_typesupport_fastrtps_c.h
[6.391s] -- Installing: /home/swati/Quad_DR/ros2_ws/install/rotor_tm_msgs/include/rotor_tm_msgs/rotor_tm_msgs/srv/detail/vec4__rosidl_typesupport_fastrtps_c.h
[6.391s] -- Installing: /home/swati/Quad_DR/ros2_ws/install/rotor_tm_msgs/include/rotor_tm_msgs/rotor_tm_msgs/srv/detail/circle__rosidl_typesupport_fastrtps_c.h
[6.391s] -- Installing: /home/swati/Quad_DR/ros2_ws/install/rotor_tm_msgs/include/rotor_tm_msgs/rotor_tm_msgs/srv/detail/copr_status_cmd__rosidl_typesupport_fastrtps_c.h
[6.391s] -- Up-to-date: /home/swati/Quad_DR/ros2_ws/install/rotor_tm_msgs/include/rotor_tm_msgs/rotor_tm_msgs/msg
[6.391s] -- Installing: /home/swati/Quad_DR/ros2_ws/install/rotor_tm_msgs/include/rotor_tm_msgs/rotor_tm_msgs/msg/rosidl_typesupport_fastrtps_c__visibility_control.h
[6.391s] -- Up-to-date: /home/swati/Quad_DR/ros2_ws/install/rotor_tm_msgs/include/rotor_tm_msgs/rotor_tm_msgs/msg/detail
[6.391s] -- Installing: /home/swati/Quad_DR/ros2_ws/install/rotor_tm_msgs/include/rotor_tm_msgs/rotor_tm_msgs/msg/detail/status_data__rosidl_typesupport_fastrtps_c.h
[6.391s] -- Installing: /home/swati/Quad_DR/ros2_ws/install/rotor_tm_msgs/include/rotor_tm_msgs/rotor_tm_msgs/msg/detail/so3_command__rosidl_typesupport_fastrtps_c.h
[6.391s] -- Installing: /home/swati/Quad_DR/ros2_ws/install/rotor_tm_msgs/include/rotor_tm_msgs/rotor_tm_msgs/msg/detail/rpm_command__rosidl_typesupport_fastrtps_c.h
[6.392s] -- Installing: /home/swati/Quad_DR/ros2_ws/install/rotor_tm_msgs/include/rotor_tm_msgs/rotor_tm_msgs/msg/detail/fm_command__rosidl_typesupport_fastrtps_c.h
[6.392s] -- Installing: /home/swati/Quad_DR/ros2_ws/install/rotor_tm_msgs/include/rotor_tm_msgs/rotor_tm_msgs/msg/detail/cen_pl_command__rosidl_typesupport_fastrtps_c.h
[6.392s] -- Installing: /home/swati/Quad_DR/ros2_ws/install/rotor_tm_msgs/include/rotor_tm_msgs/rotor_tm_msgs/msg/detail/position_command__rosidl_typesupport_fastrtps_c.h
[6.392s] -- Installing: /home/swati/Quad_DR/ros2_ws/install/rotor_tm_msgs/include/rotor_tm_msgs/rotor_tm_msgs/msg/detail/trpy_command__rosidl_typesupport_fastrtps_c.h
[6.392s] -- Installing: /home/swati/Quad_DR/ros2_ws/install/rotor_tm_msgs/lib/librotor_tm_msgs__rosidl_typesupport_fastrtps_c.so
[6.392s] -- Set runtime path of "/home/swati/Quad_DR/ros2_ws/install/rotor_tm_msgs/lib/librotor_tm_msgs__rosidl_typesupport_fastrtps_c.so" to ""
[6.392s] -- Up-to-date: /home/swati/Quad_DR/ros2_ws/install/rotor_tm_msgs/include/rotor_tm_msgs/rotor_tm_msgs
[6.392s] -- Up-to-date: /home/swati/Quad_DR/ros2_ws/install/rotor_tm_msgs/include/rotor_tm_msgs/rotor_tm_msgs/srv
[6.392s] -- Up-to-date: /home/swati/Quad_DR/ros2_ws/install/rotor_tm_msgs/include/rotor_tm_msgs/rotor_tm_msgs/srv/detail
[6.392s] -- Installing: /home/swati/Quad_DR/ros2_ws/install/rotor_tm_msgs/include/rotor_tm_msgs/rotor_tm_msgs/srv/detail/line__rosidl_typesupport_introspection_c.h
[6.392s] -- Installing: /home/swati/Quad_DR/ros2_ws/install/rotor_tm_msgs/include/rotor_tm_msgs/rotor_tm_msgs/srv/detail/step_pose__type_support.c
[6.392s] -- Installing: /home/swati/Quad_DR/ros2_ws/install/rotor_tm_msgs/include/rotor_tm_msgs/rotor_tm_msgs/srv/detail/circle__rosidl_typesupport_introspection_c.h
[6.392s] -- Installing: /home/swati/Quad_DR/ros2_ws/install/rotor_tm_msgs/include/rotor_tm_msgs/rotor_tm_msgs/srv/detail/circle_with_rotation__rosidl_typesupport_introspection_c.h
[6.392s] -- Installing: /home/swati/Quad_DR/ros2_ws/install/rotor_tm_msgs/include/rotor_tm_msgs/rotor_tm_msgs/srv/detail/circle_with_rotation__type_support.c
[6.392s] -- Installing: /home/swati/Quad_DR/ros2_ws/install/rotor_tm_msgs/include/rotor_tm_msgs/rotor_tm_msgs/srv/detail/step_pose__rosidl_typesupport_introspection_c.h
[6.392s] -- Installing: /home/swati/Quad_DR/ros2_ws/install/rotor_tm_msgs/include/rotor_tm_msgs/rotor_tm_msgs/srv/detail/circle__type_support.c
[6.393s] -- Installing: /home/swati/Quad_DR/ros2_ws/install/rotor_tm_msgs/include/rotor_tm_msgs/rotor_tm_msgs/srv/detail/vec4__rosidl_typesupport_introspection_c.h
[6.393s] -- Installing: /home/swati/Quad_DR/ros2_ws/install/rotor_tm_msgs/include/rotor_tm_msgs/rotor_tm_msgs/srv/detail/copr_status_cmd__rosidl_typesupport_introspection_c.h
[6.393s] -- Installing: /home/swati/Quad_DR/ros2_ws/install/rotor_tm_msgs/include/rotor_tm_msgs/rotor_tm_msgs/srv/detail/line__type_support.c
[6.393s] -- Installing: /home/swati/Quad_DR/ros2_ws/install/rotor_tm_msgs/include/rotor_tm_msgs/rotor_tm_msgs/srv/detail/vec4__type_support.c
[6.393s] -- Installing: /home/swati/Quad_DR/ros2_ws/install/rotor_tm_msgs/include/rotor_tm_msgs/rotor_tm_msgs/srv/detail/copr_status_cmd__type_support.c
[6.393s] -- Up-to-date: /home/swati/Quad_DR/ros2_ws/install/rotor_tm_msgs/include/rotor_tm_msgs/rotor_tm_msgs/msg
[6.393s] -- Installing: /home/swati/Quad_DR/ros2_ws/install/rotor_tm_msgs/include/rotor_tm_msgs/rotor_tm_msgs/msg/rosidl_typesupport_introspection_c__visibility_control.h
[6.393s] -- Up-to-date: /home/swati/Quad_DR/ros2_ws/install/rotor_tm_msgs/include/rotor_tm_msgs/rotor_tm_msgs/msg/detail
[6.393s] -- Installing: /home/swati/Quad_DR/ros2_ws/install/rotor_tm_msgs/include/rotor_tm_msgs/rotor_tm_msgs/msg/detail/rpm_command__rosidl_typesupport_introspection_c.h
[6.393s] -- Installing: /home/swati/Quad_DR/ros2_ws/install/rotor_tm_msgs/include/rotor_tm_msgs/rotor_tm_msgs/msg/detail/trpy_command__type_support.c
[6.393s] -- Installing: /home/swati/Quad_DR/ros2_ws/install/rotor_tm_msgs/include/rotor_tm_msgs/rotor_tm_msgs/msg/detail/so3_command__rosidl_typesupport_introspection_c.h
[6.393s] -- Installing: /home/swati/Quad_DR/ros2_ws/install/rotor_tm_msgs/include/rotor_tm_msgs/rotor_tm_msgs/msg/detail/status_data__type_support.c
[6.393s] -- Installing: /home/swati/Quad_DR/ros2_ws/install/rotor_tm_msgs/include/rotor_tm_msgs/rotor_tm_msgs/msg/detail/status_data__rosidl_typesupport_introspection_c.h
[6.393s] -- Installing: /home/swati/Quad_DR/ros2_ws/install/rotor_tm_msgs/include/rotor_tm_msgs/rotor_tm_msgs/msg/detail/cen_pl_command__rosidl_typesupport_introspection_c.h
[6.393s] -- Installing: /home/swati/Quad_DR/ros2_ws/install/rotor_tm_msgs/include/rotor_tm_msgs/rotor_tm_msgs/msg/detail/fm_command__rosidl_typesupport_introspection_c.h
[6.393s] -- Installing: /home/swati/Quad_DR/ros2_ws/install/rotor_tm_msgs/include/rotor_tm_msgs/rotor_tm_msgs/msg/detail/rpm_command__type_support.c
[6.393s] -- Installing: /home/swati/Quad_DR/ros2_ws/install/rotor_tm_msgs/include/rotor_tm_msgs/rotor_tm_msgs/msg/detail/trpy_command__rosidl_typesupport_introspection_c.h
[6.394s] -- Installing: /home/swati/Quad_DR/ros2_ws/install/rotor_tm_msgs/include/rotor_tm_msgs/rotor_tm_msgs/msg/detail/so3_command__type_support.c
[6.394s] -- Installing: /home/swati/Quad_DR/ros2_ws/install/rotor_tm_msgs/include/rotor_tm_msgs/rotor_tm_msgs/msg/detail/fm_command__type_support.c
[6.394s] -- Installing: /home/swati/Quad_DR/ros2_ws/install/rotor_tm_msgs/include/rotor_tm_msgs/rotor_tm_msgs/msg/detail/position_command__rosidl_typesupport_introspection_c.h
[6.394s] -- Installing: /home/swati/Quad_DR/ros2_ws/install/rotor_tm_msgs/include/rotor_tm_msgs/rotor_tm_msgs/msg/detail/position_command__type_support.c
[6.394s] -- Installing: /home/swati/Quad_DR/ros2_ws/install/rotor_tm_msgs/include/rotor_tm_msgs/rotor_tm_msgs/msg/detail/cen_pl_command__type_support.c
[6.394s] -- Installing: /home/swati/Quad_DR/ros2_ws/install/rotor_tm_msgs/lib/librotor_tm_msgs__rosidl_typesupport_introspection_c.so
[6.394s] -- Set runtime path of "/home/swati/Quad_DR/ros2_ws/install/rotor_tm_msgs/lib/librotor_tm_msgs__rosidl_typesupport_introspection_c.so" to ""
[6.394s] -- Installing: /home/swati/Quad_DR/ros2_ws/install/rotor_tm_msgs/lib/librotor_tm_msgs__rosidl_typesupport_c.so
[6.394s] -- Set runtime path of "/home/swati/Quad_DR/ros2_ws/install/rotor_tm_msgs/lib/librotor_tm_msgs__rosidl_typesupport_c.so" to ""
[6.394s] -- Up-to-date: /home/swati/Quad_DR/ros2_ws/install/rotor_tm_msgs/include/rotor_tm_msgs/rotor_tm_msgs
[6.394s] -- Up-to-date: /home/swati/Quad_DR/ros2_ws/install/rotor_tm_msgs/include/rotor_tm_msgs/rotor_tm_msgs/srv
[6.394s] -- Installing: /home/swati/Quad_DR/ros2_ws/install/rotor_tm_msgs/include/rotor_tm_msgs/rotor_tm_msgs/srv/vec4.hpp
[6.394s] -- Installing: /home/swati/Quad_DR/ros2_ws/install/rotor_tm_msgs/include/rotor_tm_msgs/rotor_tm_msgs/srv/copr_status_cmd.hpp
[6.394s] -- Installing: /home/swati/Quad_DR/ros2_ws/install/rotor_tm_msgs/include/rotor_tm_msgs/rotor_tm_msgs/srv/circle_with_rotation.hpp
[6.394s] -- Installing: /home/swati/Quad_DR/ros2_ws/install/rotor_tm_msgs/include/rotor_tm_msgs/rotor_tm_msgs/srv/line.hpp
[6.394s] -- Installing: /home/swati/Quad_DR/ros2_ws/install/rotor_tm_msgs/include/rotor_tm_msgs/rotor_tm_msgs/srv/step_pose.hpp
[6.395s] -- Up-to-date: /home/swati/Quad_DR/ros2_ws/install/rotor_tm_msgs/include/rotor_tm_msgs/rotor_tm_msgs/srv/detail
[6.395s] -- Installing: /home/swati/Quad_DR/ros2_ws/install/rotor_tm_msgs/include/rotor_tm_msgs/rotor_tm_msgs/srv/detail/step_pose__struct.hpp
[6.395s] -- Installing: /home/swati/Quad_DR/ros2_ws/install/rotor_tm_msgs/include/rotor_tm_msgs/rotor_tm_msgs/srv/detail/copr_status_cmd__traits.hpp
[6.395s] -- Installing: /home/swati/Quad_DR/ros2_ws/install/rotor_tm_msgs/include/rotor_tm_msgs/rotor_tm_msgs/srv/detail/copr_status_cmd__builder.hpp
[6.395s] -- Installing: /home/swati/Quad_DR/ros2_ws/install/rotor_tm_msgs/include/rotor_tm_msgs/rotor_tm_msgs/srv/detail/line__struct.hpp
[6.395s] -- Installing: /home/swati/Quad_DR/ros2_ws/install/rotor_tm_msgs/include/rotor_tm_msgs/rotor_tm_msgs/srv/detail/circle_with_rotation__struct.hpp
[6.395s] -- Installing: /home/swati/Quad_DR/ros2_ws/install/rotor_tm_msgs/include/rotor_tm_msgs/rotor_tm_msgs/srv/detail/circle_with_rotation__traits.hpp
[6.395s] -- Installing: /home/swati/Quad_DR/ros2_ws/install/rotor_tm_msgs/include/rotor_tm_msgs/rotor_tm_msgs/srv/detail/vec4__struct.hpp
[6.395s] -- Installing: /home/swati/Quad_DR/ros2_ws/install/rotor_tm_msgs/include/rotor_tm_msgs/rotor_tm_msgs/srv/detail/circle__traits.hpp
[6.395s] -- Installing: /home/swati/Quad_DR/ros2_ws/install/rotor_tm_msgs/include/rotor_tm_msgs/rotor_tm_msgs/srv/detail/line__traits.hpp
[6.395s] -- Installing: /home/swati/Quad_DR/ros2_ws/install/rotor_tm_msgs/include/rotor_tm_msgs/rotor_tm_msgs/srv/detail/line__builder.hpp
[6.395s] -- Installing: /home/swati/Quad_DR/ros2_ws/install/rotor_tm_msgs/include/rotor_tm_msgs/rotor_tm_msgs/srv/detail/circle_with_rotation__builder.hpp
[6.395s] -- Installing: /home/swati/Quad_DR/ros2_ws/install/rotor_tm_msgs/include/rotor_tm_msgs/rotor_tm_msgs/srv/detail/step_pose__traits.hpp
[6.395s] -- Installing: /home/swati/Quad_DR/ros2_ws/install/rotor_tm_msgs/include/rotor_tm_msgs/rotor_tm_msgs/srv/detail/copr_status_cmd__struct.hpp
[6.395s] -- Installing: /home/swati/Quad_DR/ros2_ws/install/rotor_tm_msgs/include/rotor_tm_msgs/rotor_tm_msgs/srv/detail/step_pose__builder.hpp
[6.395s] -- Installing: /home/swati/Quad_DR/ros2_ws/install/rotor_tm_msgs/include/rotor_tm_msgs/rotor_tm_msgs/srv/detail/vec4__traits.hpp
[6.395s] -- Installing: /home/swati/Quad_DR/ros2_ws/install/rotor_tm_msgs/include/rotor_tm_msgs/rotor_tm_msgs/srv/detail/vec4__builder.hpp
[6.395s] -- Installing: /home/swati/Quad_DR/ros2_ws/install/rotor_tm_msgs/include/rotor_tm_msgs/rotor_tm_msgs/srv/detail/circle__builder.hpp
[6.395s] -- Installing: /home/swati/Quad_DR/ros2_ws/install/rotor_tm_msgs/include/rotor_tm_msgs/rotor_tm_msgs/srv/detail/circle__struct.hpp
[6.395s] -- Installing: /home/swati/Quad_DR/ros2_ws/install/rotor_tm_msgs/include/rotor_tm_msgs/rotor_tm_msgs/srv/circle.hpp
[6.396s] -- Up-to-date: /home/swati/Quad_DR/ros2_ws/install/rotor_tm_msgs/include/rotor_tm_msgs/rotor_tm_msgs/msg
[6.396s] -- Installing: /home/swati/Quad_DR/ros2_ws/install/rotor_tm_msgs/include/rotor_tm_msgs/rotor_tm_msgs/msg/status_data.hpp
[6.396s] -- Installing: /home/swati/Quad_DR/ros2_ws/install/rotor_tm_msgs/include/rotor_tm_msgs/rotor_tm_msgs/msg/rpm_command.hpp
[6.396s] -- Installing: /home/swati/Quad_DR/ros2_ws/install/rotor_tm_msgs/include/rotor_tm_msgs/rotor_tm_msgs/msg/trpy_command.hpp
[6.396s] -- Installing: /home/swati/Quad_DR/ros2_ws/install/rotor_tm_msgs/include/rotor_tm_msgs/rotor_tm_msgs/msg/so3_command.hpp
[6.396s] -- Installing: /home/swati/Quad_DR/ros2_ws/install/rotor_tm_msgs/include/rotor_tm_msgs/rotor_tm_msgs/msg/fm_command.hpp
[6.396s] -- Up-to-date: /home/swati/Quad_DR/ros2_ws/install/rotor_tm_msgs/include/rotor_tm_msgs/rotor_tm_msgs/msg/detail
[6.396s] -- Installing: /home/swati/Quad_DR/ros2_ws/install/rotor_tm_msgs/include/rotor_tm_msgs/rotor_tm_msgs/msg/detail/position_command__traits.hpp
[6.396s] -- Installing: /home/swati/Quad_DR/ros2_ws/install/rotor_tm_msgs/include/rotor_tm_msgs/rotor_tm_msgs/msg/detail/so3_command__traits.hpp
[6.396s] -- Installing: /home/swati/Quad_DR/ros2_ws/install/rotor_tm_msgs/include/rotor_tm_msgs/rotor_tm_msgs/msg/detail/fm_command__builder.hpp
[6.396s] -- Installing: /home/swati/Quad_DR/ros2_ws/install/rotor_tm_msgs/include/rotor_tm_msgs/rotor_tm_msgs/msg/detail/trpy_command__builder.hpp
[6.396s] -- Installing: /home/swati/Quad_DR/ros2_ws/install/rotor_tm_msgs/include/rotor_tm_msgs/rotor_tm_msgs/msg/detail/cen_pl_command__builder.hpp
[6.396s] -- Installing: /home/swati/Quad_DR/ros2_ws/install/rotor_tm_msgs/include/rotor_tm_msgs/rotor_tm_msgs/msg/detail/fm_command__traits.hpp
[6.396s] -- Installing: /home/swati/Quad_DR/ros2_ws/install/rotor_tm_msgs/include/rotor_tm_msgs/rotor_tm_msgs/msg/detail/cen_pl_command__traits.hpp
[6.396s] -- Installing: /home/swati/Quad_DR/ros2_ws/install/rotor_tm_msgs/include/rotor_tm_msgs/rotor_tm_msgs/msg/detail/status_data__traits.hpp
[6.396s] -- Installing: /home/swati/Quad_DR/ros2_ws/install/rotor_tm_msgs/include/rotor_tm_msgs/rotor_tm_msgs/msg/detail/status_data__builder.hpp
[6.396s] -- Installing: /home/swati/Quad_DR/ros2_ws/install/rotor_tm_msgs/include/rotor_tm_msgs/rotor_tm_msgs/msg/detail/so3_command__struct.hpp
[6.397s] -- Installing: /home/swati/Quad_DR/ros2_ws/install/rotor_tm_msgs/include/rotor_tm_msgs/rotor_tm_msgs/msg/detail/rpm_command__traits.hpp
[6.397s] -- Installing: /home/swati/Quad_DR/ros2_ws/install/rotor_tm_msgs/include/rotor_tm_msgs/rotor_tm_msgs/msg/detail/rpm_command__builder.hpp
[6.397s] -- Installing: /home/swati/Quad_DR/ros2_ws/install/rotor_tm_msgs/include/rotor_tm_msgs/rotor_tm_msgs/msg/detail/position_command__struct.hpp
[6.397s] -- Installing: /home/swati/Quad_DR/ros2_ws/install/rotor_tm_msgs/include/rotor_tm_msgs/rotor_tm_msgs/msg/detail/position_command__builder.hpp
[6.397s] -- Installing: /home/swati/Quad_DR/ros2_ws/install/rotor_tm_msgs/include/rotor_tm_msgs/rotor_tm_msgs/msg/detail/status_data__struct.hpp
[6.397s] -- Installing: /home/swati/Quad_DR/ros2_ws/install/rotor_tm_msgs/include/rotor_tm_msgs/rotor_tm_msgs/msg/detail/so3_command__builder.hpp
[6.397s] -- Installing: /home/swati/Quad_DR/ros2_ws/install/rotor_tm_msgs/include/rotor_tm_msgs/rotor_tm_msgs/msg/detail/rpm_command__struct.hpp
[6.397s] -- Installing: /home/swati/Quad_DR/ros2_ws/install/rotor_tm_msgs/include/rotor_tm_msgs/rotor_tm_msgs/msg/detail/trpy_command__struct.hpp
[6.397s] -- Installing: /home/swati/Quad_DR/ros2_ws/install/rotor_tm_msgs/include/rotor_tm_msgs/rotor_tm_msgs/msg/detail/fm_command__struct.hpp
[6.397s] -- Installing: /home/swati/Quad_DR/ros2_ws/install/rotor_tm_msgs/include/rotor_tm_msgs/rotor_tm_msgs/msg/detail/trpy_command__traits.hpp
[6.397s] -- Installing: /home/swati/Quad_DR/ros2_ws/install/rotor_tm_msgs/include/rotor_tm_msgs/rotor_tm_msgs/msg/detail/cen_pl_command__struct.hpp
[6.397s] -- Installing: /home/swati/Quad_DR/ros2_ws/install/rotor_tm_msgs/include/rotor_tm_msgs/rotor_tm_msgs/msg/cen_pl_command.hpp
[6.397s] -- Installing: /home/swati/Quad_DR/ros2_ws/install/rotor_tm_msgs/include/rotor_tm_msgs/rotor_tm_msgs/msg/position_command.hpp
[6.397s] -- Up-to-date: /home/swati/Quad_DR/ros2_ws/install/rotor_tm_msgs/include/rotor_tm_msgs/rotor_tm_msgs
[6.397s] -- Up-to-date: /home/swati/Quad_DR/ros2_ws/install/rotor_tm_msgs/include/rotor_tm_msgs/rotor_tm_msgs/srv
[6.397s] -- Up-to-date: /home/swati/Quad_DR/ros2_ws/install/rotor_tm_msgs/include/rotor_tm_msgs/rotor_tm_msgs/srv/detail
[6.397s] -- Installing: /home/swati/Quad_DR/ros2_ws/install/rotor_tm_msgs/include/rotor_tm_msgs/rotor_tm_msgs/srv/detail/vec4__rosidl_typesupport_fastrtps_cpp.hpp
[6.397s] -- Installing: /home/swati/Quad_DR/ros2_ws/install/rotor_tm_msgs/include/rotor_tm_msgs/rotor_tm_msgs/srv/detail/step_pose__rosidl_typesupport_fastrtps_cpp.hpp
[6.397s] -- Installing: /home/swati/Quad_DR/ros2_ws/install/rotor_tm_msgs/include/rotor_tm_msgs/rotor_tm_msgs/srv/detail/circle_with_rotation__rosidl_typesupport_fastrtps_cpp.hpp
[6.397s] -- Installing: /home/swati/Quad_DR/ros2_ws/install/rotor_tm_msgs/include/rotor_tm_msgs/rotor_tm_msgs/srv/detail/copr_status_cmd__rosidl_typesupport_fastrtps_cpp.hpp
[6.397s] -- Installing: /home/swati/Quad_DR/ros2_ws/install/rotor_tm_msgs/include/rotor_tm_msgs/rotor_tm_msgs/srv/detail/circle__rosidl_typesupport_fastrtps_cpp.hpp
[6.397s] -- Installing: /home/swati/Quad_DR/ros2_ws/install/rotor_tm_msgs/include/rotor_tm_msgs/rotor_tm_msgs/srv/detail/line__rosidl_typesupport_fastrtps_cpp.hpp
[6.397s] -- Installing: /home/swati/Quad_DR/ros2_ws/install/rotor_tm_msgs/include/rotor_tm_msgs/rotor_tm_msgs/srv/detail/dds_fastrtps
[6.397s] -- Up-to-date: /home/swati/Quad_DR/ros2_ws/install/rotor_tm_msgs/include/rotor_tm_msgs/rotor_tm_msgs/msg
[6.397s] -- Installing: /home/swati/Quad_DR/ros2_ws/install/rotor_tm_msgs/include/rotor_tm_msgs/rotor_tm_msgs/msg/rosidl_typesupport_fastrtps_cpp__visibility_control.h
[6.398s] -- Up-to-date: /home/swati/Quad_DR/ros2_ws/install/rotor_tm_msgs/include/rotor_tm_msgs/rotor_tm_msgs/msg/detail
[6.398s] -- Installing: /home/swati/Quad_DR/ros2_ws/install/rotor_tm_msgs/include/rotor_tm_msgs/rotor_tm_msgs/msg/detail/status_data__rosidl_typesupport_fastrtps_cpp.hpp
[6.398s] -- Installing: /home/swati/Quad_DR/ros2_ws/install/rotor_tm_msgs/include/rotor_tm_msgs/rotor_tm_msgs/msg/detail/position_command__rosidl_typesupport_fastrtps_cpp.hpp
[6.398s] -- Installing: /home/swati/Quad_DR/ros2_ws/install/rotor_tm_msgs/include/rotor_tm_msgs/rotor_tm_msgs/msg/detail/so3_command__rosidl_typesupport_fastrtps_cpp.hpp
[6.398s] -- Installing: /home/swati/Quad_DR/ros2_ws/install/rotor_tm_msgs/include/rotor_tm_msgs/rotor_tm_msgs/msg/detail/trpy_command__rosidl_typesupport_fastrtps_cpp.hpp
[6.398s] -- Installing: /home/swati/Quad_DR/ros2_ws/install/rotor_tm_msgs/include/rotor_tm_msgs/rotor_tm_msgs/msg/detail/rpm_command__rosidl_typesupport_fastrtps_cpp.hpp
[6.398s] -- Installing: /home/swati/Quad_DR/ros2_ws/install/rotor_tm_msgs/include/rotor_tm_msgs/rotor_tm_msgs/msg/detail/fm_command__rosidl_typesupport_fastrtps_cpp.hpp
[6.398s] -- Installing: /home/swati/Quad_DR/ros2_ws/install/rotor_tm_msgs/include/rotor_tm_msgs/rotor_tm_msgs/msg/detail/cen_pl_command__rosidl_typesupport_fastrtps_cpp.hpp
[6.398s] -- Installing: /home/swati/Quad_DR/ros2_ws/install/rotor_tm_msgs/include/rotor_tm_msgs/rotor_tm_msgs/msg/detail/dds_fastrtps
[6.398s] -- Installing: /home/swati/Quad_DR/ros2_ws/install/rotor_tm_msgs/lib/librotor_tm_msgs__rosidl_typesupport_fastrtps_cpp.so
[6.398s] -- Set runtime path of "/home/swati/Quad_DR/ros2_ws/install/rotor_tm_msgs/lib/librotor_tm_msgs__rosidl_typesupport_fastrtps_cpp.so" to ""
[6.398s] -- Up-to-date: /home/swati/Quad_DR/ros2_ws/install/rotor_tm_msgs/include/rotor_tm_msgs/rotor_tm_msgs
[6.398s] -- Up-to-date: /home/swati/Quad_DR/ros2_ws/install/rotor_tm_msgs/include/rotor_tm_msgs/rotor_tm_msgs/srv
[6.398s] -- Up-to-date: /home/swati/Quad_DR/ros2_ws/install/rotor_tm_msgs/include/rotor_tm_msgs/rotor_tm_msgs/srv/detail
[6.398s] -- Installing: /home/swati/Quad_DR/ros2_ws/install/rotor_tm_msgs/include/rotor_tm_msgs/rotor_tm_msgs/srv/detail/copr_status_cmd__type_support.cpp
[6.398s] -- Installing: /home/swati/Quad_DR/ros2_ws/install/rotor_tm_msgs/include/rotor_tm_msgs/rotor_tm_msgs/srv/detail/line__rosidl_typesupport_introspection_cpp.hpp
[6.398s] -- Installing: /home/swati/Quad_DR/ros2_ws/install/rotor_tm_msgs/include/rotor_tm_msgs/rotor_tm_msgs/srv/detail/step_pose__rosidl_typesupport_introspection_cpp.hpp
[6.398s] -- Installing: /home/swati/Quad_DR/ros2_ws/install/rotor_tm_msgs/include/rotor_tm_msgs/rotor_tm_msgs/srv/detail/circle__type_support.cpp
[6.398s] -- Installing: /home/swati/Quad_DR/ros2_ws/install/rotor_tm_msgs/include/rotor_tm_msgs/rotor_tm_msgs/srv/detail/vec4__rosidl_typesupport_introspection_cpp.hpp
[6.398s] -- Installing: /home/swati/Quad_DR/ros2_ws/install/rotor_tm_msgs/include/rotor_tm_msgs/rotor_tm_msgs/srv/detail/step_pose__type_support.cpp
[6.398s] -- Installing: /home/swati/Quad_DR/ros2_ws/install/rotor_tm_msgs/include/rotor_tm_msgs/rotor_tm_msgs/srv/detail/copr_status_cmd__rosidl_typesupport_introspection_cpp.hpp
[6.398s] -- Installing: /home/swati/Quad_DR/ros2_ws/install/rotor_tm_msgs/include/rotor_tm_msgs/rotor_tm_msgs/srv/detail/vec4__type_support.cpp
[6.399s] -- Installing: /home/swati/Quad_DR/ros2_ws/install/rotor_tm_msgs/include/rotor_tm_msgs/rotor_tm_msgs/srv/detail/circle_with_rotation__rosidl_typesupport_introspection_cpp.hpp
[6.399s] -- Installing: /home/swati/Quad_DR/ros2_ws/install/rotor_tm_msgs/include/rotor_tm_msgs/rotor_tm_msgs/srv/detail/circle_with_rotation__type_support.cpp
[6.399s] -- Installing: /home/swati/Quad_DR/ros2_ws/install/rotor_tm_msgs/include/rotor_tm_msgs/rotor_tm_msgs/srv/detail/circle__rosidl_typesupport_introspection_cpp.hpp
[6.399s] -- Installing: /home/swati/Quad_DR/ros2_ws/install/rotor_tm_msgs/include/rotor_tm_msgs/rotor_tm_msgs/srv/detail/line__type_support.cpp
[6.399s] -- Up-to-date: /home/swati/Quad_DR/ros2_ws/install/rotor_tm_msgs/include/rotor_tm_msgs/rotor_tm_msgs/msg
[6.399s] -- Up-to-date: /home/swati/Quad_DR/ros2_ws/install/rotor_tm_msgs/include/rotor_tm_msgs/rotor_tm_msgs/msg/detail
[6.399s] -- Installing: /home/swati/Quad_DR/ros2_ws/install/rotor_tm_msgs/include/rotor_tm_msgs/rotor_tm_msgs/msg/detail/cen_pl_command__type_support.cpp
[6.399s] -- Installing: /home/swati/Quad_DR/ros2_ws/install/rotor_tm_msgs/include/rotor_tm_msgs/rotor_tm_msgs/msg/detail/rpm_command__type_support.cpp
[6.399s] -- Installing: /home/swati/Quad_DR/ros2_ws/install/rotor_tm_msgs/include/rotor_tm_msgs/rotor_tm_msgs/msg/detail/cen_pl_command__rosidl_typesupport_introspection_cpp.hpp
[6.399s] -- Installing: /home/swati/Quad_DR/ros2_ws/install/rotor_tm_msgs/include/rotor_tm_msgs/rotor_tm_msgs/msg/detail/trpy_command__type_support.cpp
[6.399s] -- Installing: /home/swati/Quad_DR/ros2_ws/install/rotor_tm_msgs/include/rotor_tm_msgs/rotor_tm_msgs/msg/detail/position_command__rosidl_typesupport_introspection_cpp.hpp
[6.399s] -- Installing: /home/swati/Quad_DR/ros2_ws/install/rotor_tm_msgs/include/rotor_tm_msgs/rotor_tm_msgs/msg/detail/so3_command__rosidl_typesupport_introspection_cpp.hpp
[6.399s] -- Installing: /home/swati/Quad_DR/ros2_ws/install/rotor_tm_msgs/include/rotor_tm_msgs/rotor_tm_msgs/msg/detail/status_data__rosidl_typesupport_introspection_cpp.hpp
[6.399s] -- Installing: /home/swati/Quad_DR/ros2_ws/install/rotor_tm_msgs/include/rotor_tm_msgs/rotor_tm_msgs/msg/detail/trpy_command__rosidl_typesupport_introspection_cpp.hpp
[6.399s] -- Installing: /home/swati/Quad_DR/ros2_ws/install/rotor_tm_msgs/include/rotor_tm_msgs/rotor_tm_msgs/msg/detail/position_command__type_support.cpp
[6.399s] -- Installing: /home/swati/Quad_DR/ros2_ws/install/rotor_tm_msgs/include/rotor_tm_msgs/rotor_tm_msgs/msg/detail/rpm_command__rosidl_typesupport_introspection_cpp.hpp
[6.399s] -- Installing: /home/swati/Quad_DR/ros2_ws/install/rotor_tm_msgs/include/rotor_tm_msgs/rotor_tm_msgs/msg/detail/so3_command__type_support.cpp
[6.399s] -- Installing: /home/swati/Quad_DR/ros2_ws/install/rotor_tm_msgs/include/rotor_tm_msgs/rotor_tm_msgs/msg/detail/fm_command__rosidl_typesupport_introspection_cpp.hpp
[6.399s] -- Installing: /home/swati/Quad_DR/ros2_ws/install/rotor_tm_msgs/include/rotor_tm_msgs/rotor_tm_msgs/msg/detail/status_data__type_support.cpp
[6.399s] -- Installing: /home/swati/Quad_DR/ros2_ws/install/rotor_tm_msgs/include/rotor_tm_msgs/rotor_tm_msgs/msg/detail/fm_command__type_support.cpp
[6.399s] -- Installing: /home/swati/Quad_DR/ros2_ws/install/rotor_tm_msgs/lib/librotor_tm_msgs__rosidl_typesupport_introspection_cpp.so
[6.400s] -- Set runtime path of "/home/swati/Quad_DR/ros2_ws/install/rotor_tm_msgs/lib/librotor_tm_msgs__rosidl_typesupport_introspection_cpp.so" to ""
[6.400s] -- Installing: /home/swati/Quad_DR/ros2_ws/install/rotor_tm_msgs/lib/librotor_tm_msgs__rosidl_typesupport_cpp.so
[6.400s] -- Set runtime path of "/home/swati/Quad_DR/ros2_ws/install/rotor_tm_msgs/lib/librotor_tm_msgs__rosidl_typesupport_cpp.so" to ""
[6.400s] -- Installing: /home/swati/Quad_DR/ros2_ws/install/rotor_tm_msgs/share/rotor_tm_msgs/environment/pythonpath.sh
[6.400s] -- Installing: /home/swati/Quad_DR/ros2_ws/install/rotor_tm_msgs/share/rotor_tm_msgs/environment/pythonpath.dsv
[6.400s] -- Installing: /home/swati/Quad_DR/ros2_ws/install/rotor_tm_msgs/local/lib/python3.10/dist-packages/rotor_tm_msgs-0.0.0-py3.10.egg-info
[6.400s] -- Installing: /home/swati/Quad_DR/ros2_ws/install/rotor_tm_msgs/local/lib/python3.10/dist-packages/rotor_tm_msgs-0.0.0-py3.10.egg-info/top_level.txt
[6.400s] -- Installing: /home/swati/Quad_DR/ros2_ws/install/rotor_tm_msgs/local/lib/python3.10/dist-packages/rotor_tm_msgs-0.0.0-py3.10.egg-info/PKG-INFO
[6.400s] -- Installing: /home/swati/Quad_DR/ros2_ws/install/rotor_tm_msgs/local/lib/python3.10/dist-packages/rotor_tm_msgs-0.0.0-py3.10.egg-info/SOURCES.txt
[6.400s] -- Installing: /home/swati/Quad_DR/ros2_ws/install/rotor_tm_msgs/local/lib/python3.10/dist-packages/rotor_tm_msgs-0.0.0-py3.10.egg-info/dependency_links.txt
[6.400s] -- Installing: /home/swati/Quad_DR/ros2_ws/install/rotor_tm_msgs/local/lib/python3.10/dist-packages/rotor_tm_msgs
[6.400s] -- Installing: /home/swati/Quad_DR/ros2_ws/install/rotor_tm_msgs/local/lib/python3.10/dist-packages/rotor_tm_msgs/_rotor_tm_msgs_s.ep.rosidl_typesupport_introspection_c.c
[6.400s] -- Installing: /home/swati/Quad_DR/ros2_ws/install/rotor_tm_msgs/local/lib/python3.10/dist-packages/rotor_tm_msgs/librotor_tm_msgs__rosidl_generator_py.so
[6.401s] -- Installing: /home/swati/Quad_DR/ros2_ws/install/rotor_tm_msgs/local/lib/python3.10/dist-packages/rotor_tm_msgs/_rotor_tm_msgs_s.ep.rosidl_typesupport_c.c
[6.401s] -- Installing: /home/swati/Quad_DR/ros2_ws/install/rotor_tm_msgs/local/lib/python3.10/dist-packages/rotor_tm_msgs/_rotor_tm_msgs_s.ep.rosidl_typesupport_fastrtps_c.c
[6.401s] -- Installing: /home/swati/Quad_DR/ros2_ws/install/rotor_tm_msgs/local/lib/python3.10/dist-packages/rotor_tm_msgs/srv
[6.401s] -- Installing: /home/swati/Quad_DR/ros2_ws/install/rotor_tm_msgs/local/lib/python3.10/dist-packages/rotor_tm_msgs/srv/_circle_with_rotation.py
[6.401s] -- Installing: /home/swati/Quad_DR/ros2_ws/install/rotor_tm_msgs/local/lib/python3.10/dist-packages/rotor_tm_msgs/srv/_copr_status_cmd_s.c
[6.401s] -- Installing: /home/swati/Quad_DR/ros2_ws/install/rotor_tm_msgs/local/lib/python3.10/dist-packages/rotor_tm_msgs/srv/_circle_s.c
[6.401s] -- Installing: /home/swati/Quad_DR/ros2_ws/install/rotor_tm_msgs/local/lib/python3.10/dist-packages/rotor_tm_msgs/srv/_vec4_s.c
[6.401s] -- Installing: /home/swati/Quad_DR/ros2_ws/install/rotor_tm_msgs/local/lib/python3.10/dist-packages/rotor_tm_msgs/srv/_line.py
[6.401s] -- Installing: /home/swati/Quad_DR/ros2_ws/install/rotor_tm_msgs/local/lib/python3.10/dist-packages/rotor_tm_msgs/srv/__init__.py
[6.401s] -- Installing: /home/swati/Quad_DR/ros2_ws/install/rotor_tm_msgs/local/lib/python3.10/dist-packages/rotor_tm_msgs/srv/_circle.py
[6.401s] -- Installing: /home/swati/Quad_DR/ros2_ws/install/rotor_tm_msgs/local/lib/python3.10/dist-packages/rotor_tm_msgs/srv/_circle_with_rotation_s.c
[6.401s] -- Installing: /home/swati/Quad_DR/ros2_ws/install/rotor_tm_msgs/local/lib/python3.10/dist-packages/rotor_tm_msgs/srv/_line_s.c
[6.401s] -- Installing: /home/swati/Quad_DR/ros2_ws/install/rotor_tm_msgs/local/lib/python3.10/dist-packages/rotor_tm_msgs/srv/_step_pose.py
[6.401s] -- Installing: /home/swati/Quad_DR/ros2_ws/install/rotor_tm_msgs/local/lib/python3.10/dist-packages/rotor_tm_msgs/srv/_copr_status_cmd.py
[6.401s] -- Installing: /home/swati/Quad_DR/ros2_ws/install/rotor_tm_msgs/local/lib/python3.10/dist-packages/rotor_tm_msgs/srv/_step_pose_s.c
[6.401s] -- Installing: /home/swati/Quad_DR/ros2_ws/install/rotor_tm_msgs/local/lib/python3.10/dist-packages/rotor_tm_msgs/srv/_vec4.py
[6.401s] -- Installing: /home/swati/Quad_DR/ros2_ws/install/rotor_tm_msgs/local/lib/python3.10/dist-packages/rotor_tm_msgs/__init__.py
[6.401s] -- Installing: /home/swati/Quad_DR/ros2_ws/install/rotor_tm_msgs/local/lib/python3.10/dist-packages/rotor_tm_msgs/rotor_tm_msgs_s__rosidl_typesupport_introspection_c.cpython-310-x86_64-linux-gnu.so
[6.401s] -- Installing: /home/swati/Quad_DR/ros2_ws/install/rotor_tm_msgs/local/lib/python3.10/dist-packages/rotor_tm_msgs/rotor_tm_msgs_s__rosidl_typesupport_c.cpython-310-x86_64-linux-gnu.so
[6.401s] -- Installing: /home/swati/Quad_DR/ros2_ws/install/rotor_tm_msgs/local/lib/python3.10/dist-packages/rotor_tm_msgs/msg
[6.402s] -- Installing: /home/swati/Quad_DR/ros2_ws/install/rotor_tm_msgs/local/lib/python3.10/dist-packages/rotor_tm_msgs/msg/_rpm_command.py
[6.402s] -- Installing: /home/swati/Quad_DR/ros2_ws/install/rotor_tm_msgs/local/lib/python3.10/dist-packages/rotor_tm_msgs/msg/_trpy_command_s.c
[6.402s] -- Installing: /home/swati/Quad_DR/ros2_ws/install/rotor_tm_msgs/local/lib/python3.10/dist-packages/rotor_tm_msgs/msg/_so3_command_s.c
[6.402s] -- Installing: /home/swati/Quad_DR/ros2_ws/install/rotor_tm_msgs/local/lib/python3.10/dist-packages/rotor_tm_msgs/msg/_cen_pl_command.py
[6.402s] -- Installing: /home/swati/Quad_DR/ros2_ws/install/rotor_tm_msgs/local/lib/python3.10/dist-packages/rotor_tm_msgs/msg/_cen_pl_command_s.c
[6.402s] -- Installing: /home/swati/Quad_DR/ros2_ws/install/rotor_tm_msgs/local/lib/python3.10/dist-packages/rotor_tm_msgs/msg/_trpy_command.py
[6.402s] -- Installing: /home/swati/Quad_DR/ros2_ws/install/rotor_tm_msgs/local/lib/python3.10/dist-packages/rotor_tm_msgs/msg/__init__.py
[6.402s] -- Installing: /home/swati/Quad_DR/ros2_ws/install/rotor_tm_msgs/local/lib/python3.10/dist-packages/rotor_tm_msgs/msg/_status_data_s.c
[6.402s] -- Installing: /home/swati/Quad_DR/ros2_ws/install/rotor_tm_msgs/local/lib/python3.10/dist-packages/rotor_tm_msgs/msg/_so3_command.py
[6.402s] -- Installing: /home/swati/Quad_DR/ros2_ws/install/rotor_tm_msgs/local/lib/python3.10/dist-packages/rotor_tm_msgs/msg/_position_command.py
[6.402s] -- Installing: /home/swati/Quad_DR/ros2_ws/install/rotor_tm_msgs/local/lib/python3.10/dist-packages/rotor_tm_msgs/msg/_rpm_command_s.c
[6.402s] -- Installing: /home/swati/Quad_DR/ros2_ws/install/rotor_tm_msgs/local/lib/python3.10/dist-packages/rotor_tm_msgs/msg/_position_command_s.c
[6.402s] -- Installing: /home/swati/Quad_DR/ros2_ws/install/rotor_tm_msgs/local/lib/python3.10/dist-packages/rotor_tm_msgs/msg/_fm_command.py
[6.402s] -- Installing: /home/swati/Quad_DR/ros2_ws/install/rotor_tm_msgs/local/lib/python3.10/dist-packages/rotor_tm_msgs/msg/_status_data.py
[6.402s] -- Installing: /home/swati/Quad_DR/ros2_ws/install/rotor_tm_msgs/local/lib/python3.10/dist-packages/rotor_tm_msgs/msg/_fm_command_s.c
[6.402s] -- Installing: /home/swati/Quad_DR/ros2_ws/install/rotor_tm_msgs/local/lib/python3.10/dist-packages/rotor_tm_msgs/rotor_tm_msgs_s__rosidl_typesupport_fastrtps_c.cpython-310-x86_64-linux-gnu.so
[6.439s] Listing '/home/swati/Quad_DR/ros2_ws/install/rotor_tm_msgs/local/lib/python3.10/dist-packages/rotor_tm_msgs'...
[6.439s] Compiling '/home/swati/Quad_DR/ros2_ws/install/rotor_tm_msgs/local/lib/python3.10/dist-packages/rotor_tm_msgs/__init__.py'...
[6.439s] Listing '/home/swati/Quad_DR/ros2_ws/install/rotor_tm_msgs/local/lib/python3.10/dist-packages/rotor_tm_msgs/msg'...
[6.439s] Compiling '/home/swati/Quad_DR/ros2_ws/install/rotor_tm_msgs/local/lib/python3.10/dist-packages/rotor_tm_msgs/msg/__init__.py'...
[6.439s] Compiling '/home/swati/Quad_DR/ros2_ws/install/rotor_tm_msgs/local/lib/python3.10/dist-packages/rotor_tm_msgs/msg/_cen_pl_command.py'...
[6.439s] Compiling '/home/swati/Quad_DR/ros2_ws/install/rotor_tm_msgs/local/lib/python3.10/dist-packages/rotor_tm_msgs/msg/_fm_command.py'...
[6.439s] Compiling '/home/swati/Quad_DR/ros2_ws/install/rotor_tm_msgs/local/lib/python3.10/dist-packages/rotor_tm_msgs/msg/_position_command.py'...
[6.439s] Compiling '/home/swati/Quad_DR/ros2_ws/install/rotor_tm_msgs/local/lib/python3.10/dist-packages/rotor_tm_msgs/msg/_rpm_command.py'...
[6.440s] Compiling '/home/swati/Quad_DR/ros2_ws/install/rotor_tm_msgs/local/lib/python3.10/dist-packages/rotor_tm_msgs/msg/_so3_command.py'...
[6.440s] Compiling '/home/swati/Quad_DR/ros2_ws/install/rotor_tm_msgs/local/lib/python3.10/dist-packages/rotor_tm_msgs/msg/_status_data.py'...
[6.440s] Compiling '/home/swati/Quad_DR/ros2_ws/install/rotor_tm_msgs/local/lib/python3.10/dist-packages/rotor_tm_msgs/msg/_trpy_command.py'...
[6.440s] Listing '/home/swati/Quad_DR/ros2_ws/install/rotor_tm_msgs/local/lib/python3.10/dist-packages/rotor_tm_msgs/srv'...
[6.440s] Compiling '/home/swati/Quad_DR/ros2_ws/install/rotor_tm_msgs/local/lib/python3.10/dist-packages/rotor_tm_msgs/srv/__init__.py'...
[6.440s] Compiling '/home/swati/Quad_DR/ros2_ws/install/rotor_tm_msgs/local/lib/python3.10/dist-packages/rotor_tm_msgs/srv/_circle.py'...
[6.440s] Compiling '/home/swati/Quad_DR/ros2_ws/install/rotor_tm_msgs/local/lib/python3.10/dist-packages/rotor_tm_msgs/srv/_circle_with_rotation.py'...
[6.440s] Compiling '/home/swati/Quad_DR/ros2_ws/install/rotor_tm_msgs/local/lib/python3.10/dist-packages/rotor_tm_msgs/srv/_copr_status_cmd.py'...
[6.440s] Compiling '/home/swati/Quad_DR/ros2_ws/install/rotor_tm_msgs/local/lib/python3.10/dist-packages/rotor_tm_msgs/srv/_line.py'...
[6.440s] Compiling '/home/swati/Quad_DR/ros2_ws/install/rotor_tm_msgs/local/lib/python3.10/dist-packages/rotor_tm_msgs/srv/_step_pose.py'...
[6.440s] Compiling '/home/swati/Quad_DR/ros2_ws/install/rotor_tm_msgs/local/lib/python3.10/dist-packages/rotor_tm_msgs/srv/_vec4.py'...
[6.442s] -- Installing: /home/swati/Quad_DR/ros2_ws/install/rotor_tm_msgs/local/lib/python3.10/dist-packages/rotor_tm_msgs/rotor_tm_msgs_s__rosidl_typesupport_fastrtps_c.cpython-310-x86_64-linux-gnu.so
[6.442s] -- Set runtime path of "/home/swati/Quad_DR/ros2_ws/install/rotor_tm_msgs/local/lib/python3.10/dist-packages/rotor_tm_msgs/rotor_tm_msgs_s__rosidl_typesupport_fastrtps_c.cpython-310-x86_64-linux-gnu.so" to ""
[6.442s] -- Installing: /home/swati/Quad_DR/ros2_ws/install/rotor_tm_msgs/local/lib/python3.10/dist-packages/rotor_tm_msgs/rotor_tm_msgs_s__rosidl_typesupport_introspection_c.cpython-310-x86_64-linux-gnu.so
[6.443s] -- Set runtime path of "/home/swati/Quad_DR/ros2_ws/install/rotor_tm_msgs/local/lib/python3.10/dist-packages/rotor_tm_msgs/rotor_tm_msgs_s__rosidl_typesupport_introspection_c.cpython-310-x86_64-linux-gnu.so" to ""
[6.443s] -- Installing: /home/swati/Quad_DR/ros2_ws/install/rotor_tm_msgs/local/lib/python3.10/dist-packages/rotor_tm_msgs/rotor_tm_msgs_s__rosidl_typesupport_c.cpython-310-x86_64-linux-gnu.so
[6.443s] -- Set runtime path of "/home/swati/Quad_DR/ros2_ws/install/rotor_tm_msgs/local/lib/python3.10/dist-packages/rotor_tm_msgs/rotor_tm_msgs_s__rosidl_typesupport_c.cpython-310-x86_64-linux-gnu.so" to ""
[6.443s] -- Installing: /home/swati/Quad_DR/ros2_ws/install/rotor_tm_msgs/lib/librotor_tm_msgs__rosidl_generator_py.so
[6.443s] -- Set runtime path of "/home/swati/Quad_DR/ros2_ws/install/rotor_tm_msgs/lib/librotor_tm_msgs__rosidl_generator_py.so" to ""
[6.443s] -- Installing: /home/swati/Quad_DR/ros2_ws/install/rotor_tm_msgs/share/rotor_tm_msgs/msg/PositionCommand.idl
[6.443s] -- Installing: /home/swati/Quad_DR/ros2_ws/install/rotor_tm_msgs/share/rotor_tm_msgs/msg/FMCommand.idl
[6.443s] -- Installing: /home/swati/Quad_DR/ros2_ws/install/rotor_tm_msgs/share/rotor_tm_msgs/msg/RPMCommand.idl
[6.443s] -- Installing: /home/swati/Quad_DR/ros2_ws/install/rotor_tm_msgs/share/rotor_tm_msgs/msg/SO3Command.idl
[6.444s] -- Installing: /home/swati/Quad_DR/ros2_ws/install/rotor_tm_msgs/share/rotor_tm_msgs/msg/CenPLCommand.idl
[6.444s] -- Installing: /home/swati/Quad_DR/ros2_ws/install/rotor_tm_msgs/share/rotor_tm_msgs/msg/StatusData.idl
[6.444s] -- Installing: /home/swati/Quad_DR/ros2_ws/install/rotor_tm_msgs/share/rotor_tm_msgs/msg/TRPYCommand.idl
[6.444s] -- Installing: /home/swati/Quad_DR/ros2_ws/install/rotor_tm_msgs/share/rotor_tm_msgs/srv/Vec4.idl
[6.444s] -- Installing: /home/swati/Quad_DR/ros2_ws/install/rotor_tm_msgs/share/rotor_tm_msgs/srv/Circle.idl
[6.444s] -- Installing: /home/swati/Quad_DR/ros2_ws/install/rotor_tm_msgs/share/rotor_tm_msgs/srv/CircleWithRotation.idl
[6.444s] -- Installing: /home/swati/Quad_DR/ros2_ws/install/rotor_tm_msgs/share/rotor_tm_msgs/srv/Line.idl
[6.444s] -- Installing: /home/swati/Quad_DR/ros2_ws/install/rotor_tm_msgs/share/rotor_tm_msgs/srv/CoprStatusCmd.idl
[6.444s] -- Installing: /home/swati/Quad_DR/ros2_ws/install/rotor_tm_msgs/share/rotor_tm_msgs/srv/StepPose.idl
[6.444s] -- Installing: /home/swati/Quad_DR/ros2_ws/install/rotor_tm_msgs/share/rotor_tm_msgs/msg/PositionCommand.msg
[6.444s] -- Installing: /home/swati/Quad_DR/ros2_ws/install/rotor_tm_msgs/share/rotor_tm_msgs/msg/FMCommand.msg
[6.444s] -- Installing: /home/swati/Quad_DR/ros2_ws/install/rotor_tm_msgs/share/rotor_tm_msgs/msg/RPMCommand.msg
[6.444s] -- Installing: /home/swati/Quad_DR/ros2_ws/install/rotor_tm_msgs/share/rotor_tm_msgs/msg/SO3Command.msg
[6.444s] -- Installing: /home/swati/Quad_DR/ros2_ws/install/rotor_tm_msgs/share/rotor_tm_msgs/msg/CenPLCommand.msg
[6.444s] -- Installing: /home/swati/Quad_DR/ros2_ws/install/rotor_tm_msgs/share/rotor_tm_msgs/msg/StatusData.msg
[6.444s] -- Installing: /home/swati/Quad_DR/ros2_ws/install/rotor_tm_msgs/share/rotor_tm_msgs/msg/TRPYCommand.msg
[6.444s] -- Installing: /home/swati/Quad_DR/ros2_ws/install/rotor_tm_msgs/share/rotor_tm_msgs/srv/Vec4.srv
[6.444s] -- Installing: /home/swati/Quad_DR/ros2_ws/install/rotor_tm_msgs/share/rotor_tm_msgs/srv/Vec4_Request.msg
[6.444s] -- Installing: /home/swati/Quad_DR/ros2_ws/install/rotor_tm_msgs/share/rotor_tm_msgs/srv/Vec4_Response.msg
[6.444s] -- Installing: /home/swati/Quad_DR/ros2_ws/install/rotor_tm_msgs/share/rotor_tm_msgs/srv/Circle.srv
[6.444s] -- Installing: /home/swati/Quad_DR/ros2_ws/install/rotor_tm_msgs/share/rotor_tm_msgs/srv/Circle_Request.msg
[6.444s] -- Installing: /home/swati/Quad_DR/ros2_ws/install/rotor_tm_msgs/share/rotor_tm_msgs/srv/Circle_Response.msg
[6.445s] -- Installing: /home/swati/Quad_DR/ros2_ws/install/rotor_tm_msgs/share/rotor_tm_msgs/srv/CircleWithRotation.srv
[6.445s] -- Installing: /home/swati/Quad_DR/ros2_ws/install/rotor_tm_msgs/share/rotor_tm_msgs/srv/CircleWithRotation_Request.msg
[6.445s] -- Installing: /home/swati/Quad_DR/ros2_ws/install/rotor_tm_msgs/share/rotor_tm_msgs/srv/CircleWithRotation_Response.msg
[6.445s] -- Installing: /home/swati/Quad_DR/ros2_ws/install/rotor_tm_msgs/share/rotor_tm_msgs/srv/Line.srv
[6.445s] -- Installing: /home/swati/Quad_DR/ros2_ws/install/rotor_tm_msgs/share/rotor_tm_msgs/srv/Line_Request.msg
[6.445s] -- Installing: /home/swati/Quad_DR/ros2_ws/install/rotor_tm_msgs/share/rotor_tm_msgs/srv/Line_Response.msg
[6.445s] -- Installing: /home/swati/Quad_DR/ros2_ws/install/rotor_tm_msgs/share/rotor_tm_msgs/srv/CoprStatusCmd.srv
[6.445s] -- Installing: /home/swati/Quad_DR/ros2_ws/install/rotor_tm_msgs/share/rotor_tm_msgs/srv/CoprStatusCmd_Request.msg
[6.445s] -- Installing: /home/swati/Quad_DR/ros2_ws/install/rotor_tm_msgs/share/rotor_tm_msgs/srv/CoprStatusCmd_Response.msg
[6.445s] -- Installing: /home/swati/Quad_DR/ros2_ws/install/rotor_tm_msgs/share/rotor_tm_msgs/srv/StepPose.srv
[6.445s] -- Installing: /home/swati/Quad_DR/ros2_ws/install/rotor_tm_msgs/share/rotor_tm_msgs/srv/StepPose_Request.msg
[6.445s] -- Installing: /home/swati/Quad_DR/ros2_ws/install/rotor_tm_msgs/share/rotor_tm_msgs/srv/StepPose_Response.msg
[6.445s] -- Installing: /home/swati/Quad_DR/ros2_ws/install/rotor_tm_msgs/share/ament_index/resource_index/package_run_dependencies/rotor_tm_msgs
[6.445s] -- Installing: /home/swati/Quad_DR/ros2_ws/install/rotor_tm_msgs/share/ament_index/resource_index/parent_prefix_path/rotor_tm_msgs
[6.445s] -- Installing: /home/swati/Quad_DR/ros2_ws/install/rotor_tm_msgs/share/rotor_tm_msgs/environment/ament_prefix_path.sh
[6.445s] -- Installing: /home/swati/Quad_DR/ros2_ws/install/rotor_tm_msgs/share/rotor_tm_msgs/environment/ament_prefix_path.dsv
[6.445s] -- Installing: /home/swati/Quad_DR/ros2_ws/install/rotor_tm_msgs/share/rotor_tm_msgs/environment/path.sh
[6.445s] -- Installing: /home/swati/Quad_DR/ros2_ws/install/rotor_tm_msgs/share/rotor_tm_msgs/environment/path.dsv
[6.446s] -- Installing: /home/swati/Quad_DR/ros2_ws/install/rotor_tm_msgs/share/rotor_tm_msgs/local_setup.bash
[6.446s] -- Installing: /home/swati/Quad_DR/ros2_ws/install/rotor_tm_msgs/share/rotor_tm_msgs/local_setup.sh
[6.446s] -- Installing: /home/swati/Quad_DR/ros2_ws/install/rotor_tm_msgs/share/rotor_tm_msgs/local_setup.zsh
[6.446s] -- Installing: /home/swati/Quad_DR/ros2_ws/install/rotor_tm_msgs/share/rotor_tm_msgs/local_setup.dsv
[6.446s] -- Installing: /home/swati/Quad_DR/ros2_ws/install/rotor_tm_msgs/share/rotor_tm_msgs/package.dsv
[6.446s] -- Installing: /home/swati/Quad_DR/ros2_ws/install/rotor_tm_msgs/share/ament_index/resource_index/packages/rotor_tm_msgs
[6.446s] -- Installing: /home/swati/Quad_DR/ros2_ws/install/rotor_tm_msgs/share/rotor_tm_msgs/cmake/export_rotor_tm_msgs__rosidl_generator_cExport.cmake
[6.446s] -- Installing: /home/swati/Quad_DR/ros2_ws/install/rotor_tm_msgs/share/rotor_tm_msgs/cmake/export_rotor_tm_msgs__rosidl_generator_cExport-noconfig.cmake
[6.446s] -- Installing: /home/swati/Quad_DR/ros2_ws/install/rotor_tm_msgs/share/rotor_tm_msgs/cmake/export_rotor_tm_msgs__rosidl_typesupport_fastrtps_cExport.cmake
[6.446s] -- Installing: /home/swati/Quad_DR/ros2_ws/install/rotor_tm_msgs/share/rotor_tm_msgs/cmake/export_rotor_tm_msgs__rosidl_typesupport_fastrtps_cExport-noconfig.cmake
[6.446s] -- Installing: /home/swati/Quad_DR/ros2_ws/install/rotor_tm_msgs/share/rotor_tm_msgs/cmake/rotor_tm_msgs__rosidl_typesupport_introspection_cExport.cmake
[6.446s] -- Installing: /home/swati/Quad_DR/ros2_ws/install/rotor_tm_msgs/share/rotor_tm_msgs/cmake/rotor_tm_msgs__rosidl_typesupport_introspection_cExport-noconfig.cmake
[6.446s] -- Installing: /home/swati/Quad_DR/ros2_ws/install/rotor_tm_msgs/share/rotor_tm_msgs/cmake/rotor_tm_msgs__rosidl_typesupport_cExport.cmake
[6.446s] -- Installing: /home/swati/Quad_DR/ros2_ws/install/rotor_tm_msgs/share/rotor_tm_msgs/cmake/rotor_tm_msgs__rosidl_typesupport_cExport-noconfig.cmake
[6.446s] -- Installing: /home/swati/Quad_DR/ros2_ws/install/rotor_tm_msgs/share/rotor_tm_msgs/cmake/export_rotor_tm_msgs__rosidl_generator_cppExport.cmake
[6.446s] -- Installing: /home/swati/Quad_DR/ros2_ws/install/rotor_tm_msgs/share/rotor_tm_msgs/cmake/export_rotor_tm_msgs__rosidl_typesupport_fastrtps_cppExport.cmake
[6.447s] -- Installing: /home/swati/Quad_DR/ros2_ws/install/rotor_tm_msgs/share/rotor_tm_msgs/cmake/export_rotor_tm_msgs__rosidl_typesupport_fastrtps_cppExport-noconfig.cmake
[6.447s] -- Installing: /home/swati/Quad_DR/ros2_ws/install/rotor_tm_msgs/share/rotor_tm_msgs/cmake/rotor_tm_msgs__rosidl_typesupport_introspection_cppExport.cmake
[6.447s] -- Installing: /home/swati/Quad_DR/ros2_ws/install/rotor_tm_msgs/share/rotor_tm_msgs/cmake/rotor_tm_msgs__rosidl_typesupport_introspection_cppExport-noconfig.cmake
[6.447s] -- Installing: /home/swati/Quad_DR/ros2_ws/install/rotor_tm_msgs/share/rotor_tm_msgs/cmake/rotor_tm_msgs__rosidl_typesupport_cppExport.cmake
[6.447s] -- Installing: /home/swati/Quad_DR/ros2_ws/install/rotor_tm_msgs/share/rotor_tm_msgs/cmake/rotor_tm_msgs__rosidl_typesupport_cppExport-noconfig.cmake
[6.447s] -- Installing: /home/swati/Quad_DR/ros2_ws/install/rotor_tm_msgs/share/rotor_tm_msgs/cmake/export_rotor_tm_msgs__rosidl_generator_pyExport.cmake
[6.447s] -- Installing: /home/swati/Quad_DR/ros2_ws/install/rotor_tm_msgs/share/rotor_tm_msgs/cmake/export_rotor_tm_msgs__rosidl_generator_pyExport-noconfig.cmake
[6.447s] -- Installing: /home/swati/Quad_DR/ros2_ws/install/rotor_tm_msgs/share/rotor_tm_msgs/cmake/rosidl_cmake-extras.cmake
[6.447s] -- Installing: /home/swati/Quad_DR/ros2_ws/install/rotor_tm_msgs/share/rotor_tm_msgs/cmake/ament_cmake_export_dependencies-extras.cmake
[6.447s] -- Installing: /home/swati/Quad_DR/ros2_ws/install/rotor_tm_msgs/share/rotor_tm_msgs/cmake/ament_cmake_export_include_directories-extras.cmake
[6.447s] -- Installing: /home/swati/Quad_DR/ros2_ws/install/rotor_tm_msgs/share/rotor_tm_msgs/cmake/ament_cmake_export_libraries-extras.cmake
[6.447s] -- Installing: /home/swati/Quad_DR/ros2_ws/install/rotor_tm_msgs/share/rotor_tm_msgs/cmake/ament_cmake_export_targets-extras.cmake
[6.447s] -- Installing: /home/swati/Quad_DR/ros2_ws/install/rotor_tm_msgs/share/rotor_tm_msgs/cmake/rosidl_cmake_export_typesupport_targets-extras.cmake
[6.447s] -- Installing: /home/swati/Quad_DR/ros2_ws/install/rotor_tm_msgs/share/rotor_tm_msgs/cmake/rosidl_cmake_export_typesupport_libraries-extras.cmake
[6.447s] -- Installing: /home/swati/Quad_DR/ros2_ws/install/rotor_tm_msgs/share/rotor_tm_msgs/cmake/rotor_tm_msgsConfig.cmake
[6.447s] -- Installing: /home/swati/Quad_DR/ros2_ws/install/rotor_tm_msgs/share/rotor_tm_msgs/cmake/rotor_tm_msgsConfig-version.cmake
[6.447s] -- Installing: /home/swati/Quad_DR/ros2_ws/install/rotor_tm_msgs/share/rotor_tm_msgs/package.xml
[6.450s] Invoked command in '/home/swati/Quad_DR/ros2_ws/build/rotor_tm_msgs' returned '0': CMAKE_PREFIX_PATH=${CMAKE_PREFIX_PATH}:/home/swati/Quad_DR/ros2_ws/install/rotor_tm_sim:/home/swati/Quad_DR/ros2_ws/install/rotor_tm_control:/home/swati/Quad_DR/ros2_ws/install/rotor_tm_utils:/home/swati/Quad_DR/ros2_ws/install/rotor_tm_traj:/home/swati/Quad_DR/ros2_ws/install/rotor_tm_keyboard2wrench:/home/swati/Quad_DR/ros2_ws/install/rotor_tm_config:/opt/ros/humble /usr/bin/cmake --install /home/swati/Quad_DR/ros2_ws/build/rotor_tm_msgs
