[1.728s] Invoking command in '/home/swati/Quad_DR/RotorTM/src/payload_control': PYTHONPATH=/home/swati/Quad_DR/RotorTM/build/payload_control/prefix_override:/usr/lib/python3/dist-packages/colcon_core/task/python/colcon_distutils_commands:/home/swati/Quad_DR/RotorTM/install/payload_control/lib/python3.10/site-packages:${PYTHONPATH} /usr/bin/python3 -W ignore:setup.py install is deprecated setup.py egg_info --egg-base ../../build/payload_control build --build-base /home/swati/Quad_DR/RotorTM/build/payload_control/build install --record /home/swati/Quad_DR/RotorTM/build/payload_control/install.log --single-version-externally-managed install_data
[1.870s] /home/swati/.local/lib/python3.10/site-packages/setuptools/_distutils/dist.py:261: UserWarning: Unknown distribution option: 'tests_require'
[1.870s]   warnings.warn(msg)
[2.058s] running egg_info
[2.084s] writing ../../build/payload_control/payload_control.egg-info/PKG-INFO
[2.084s] writing dependency_links to ../../build/payload_control/payload_control.egg-info/dependency_links.txt
[2.084s] writing entry points to ../../build/payload_control/payload_control.egg-info/entry_points.txt
[2.084s] writing requirements to ../../build/payload_control/payload_control.egg-info/requires.txt
[2.085s] writing top-level names to ../../build/payload_control/payload_control.egg-info/top_level.txt
[2.163s] reading manifest file '../../build/payload_control/payload_control.egg-info/SOURCES.txt'
[2.164s] adding license file 'LICENSE'
[2.166s] writing manifest file '../../build/payload_control/payload_control.egg-info/SOURCES.txt'
[2.166s] running build
[2.166s] running build_py
[2.166s] copying payload_control/ros_controller.py -> /home/swati/Quad_DR/RotorTM/build/payload_control/build/lib/payload_control
[2.166s] copying payload_control/cost_functions.py -> /home/swati/Quad_DR/RotorTM/build/payload_control/build/lib/payload_control
[2.167s] copying payload_control/test_numpy.py -> /home/swati/Quad_DR/RotorTM/build/payload_control/build/lib/payload_control
[2.167s] copying payload_control/payload_controller.py -> /home/swati/Quad_DR/RotorTM/build/payload_control/build/lib/payload_control
[2.167s] copying payload_control/constraints.py -> /home/swati/Quad_DR/RotorTM/build/payload_control/build/lib/payload_control
[2.167s] copying payload_control/plotFcn.py -> /home/swati/Quad_DR/RotorTM/build/payload_control/build/lib/payload_control
[2.168s] copying payload_control/utils.py -> /home/swati/Quad_DR/RotorTM/build/payload_control/build/lib/payload_control
[2.168s] copying payload_control/test_control.py -> /home/swati/Quad_DR/RotorTM/build/payload_control/build/lib/payload_control
[2.168s] copying payload_control/time2spatial.py -> /home/swati/Quad_DR/RotorTM/build/payload_control/build/lib/payload_control
[2.168s] copying payload_control/__init__.py -> /home/swati/Quad_DR/RotorTM/build/payload_control/build/lib/payload_control
[2.168s] copying payload_control/constraints_utils.py -> /home/swati/Quad_DR/RotorTM/build/payload_control/build/lib/payload_control
[2.169s] copying payload_control/payload_model.py -> /home/swati/Quad_DR/RotorTM/build/payload_control/build/lib/payload_control
[2.169s] copying payload_control/test_controller.py -> /home/swati/Quad_DR/RotorTM/build/payload_control/build/lib/payload_control
[2.169s] copying payload_control/CBF_payload_constraints.py -> /home/swati/Quad_DR/RotorTM/build/payload_control/build/lib/payload_control
[2.170s] running install
[2.175s] running install_lib
[2.202s] running install_data
[2.203s] copying resource/payload_control -> /home/swati/Quad_DR/RotorTM/install/payload_control/share/ament_index/resource_index/packages
[2.203s] copying package.xml -> /home/swati/Quad_DR/RotorTM/install/payload_control/share/payload_control
[2.203s] running install_egg_info
[2.231s] removing '/home/swati/Quad_DR/RotorTM/install/payload_control/lib/python3.10/site-packages/payload_control-0.0.0-py3.10.egg-info' (and everything under it)
[2.231s] Copying ../../build/payload_control/payload_control.egg-info to /home/swati/Quad_DR/RotorTM/install/payload_control/lib/python3.10/site-packages/payload_control-0.0.0-py3.10.egg-info
[2.232s] running install_scripts
[2.413s] Installing ros_pynmpc_node script to /home/swati/Quad_DR/RotorTM/install/payload_control/lib/payload_control
[2.413s] writing list of installed files to '/home/swati/Quad_DR/RotorTM/build/payload_control/install.log'
[2.675s] Invoked command in '/home/swati/Quad_DR/RotorTM/src/payload_control' returned '0': PYTHONPATH=/home/swati/Quad_DR/RotorTM/build/payload_control/prefix_override:/usr/lib/python3/dist-packages/colcon_core/task/python/colcon_distutils_commands:/home/swati/Quad_DR/RotorTM/install/payload_control/lib/python3.10/site-packages:${PYTHONPATH} /usr/bin/python3 -W ignore:setup.py install is deprecated setup.py egg_info --egg-base ../../build/payload_control build --build-base /home/swati/Quad_DR/RotorTM/build/payload_control/build install --record /home/swati/Quad_DR/RotorTM/build/payload_control/install.log --single-version-externally-managed install_data
