running egg_info
writing ../../build/rotor_tm_traj/rotor_tm_traj.egg-info/PKG-INFO
writing dependency_links to ../../build/rotor_tm_traj/rotor_tm_traj.egg-info/dependency_links.txt
writing entry points to ../../build/rotor_tm_traj/rotor_tm_traj.egg-info/entry_points.txt
writing requirements to ../../build/rotor_tm_traj/rotor_tm_traj.egg-info/requires.txt
writing top-level names to ../../build/rotor_tm_traj/rotor_tm_traj.egg-info/top_level.txt
reading manifest file '../../build/rotor_tm_traj/rotor_tm_traj.egg-info/SOURCES.txt'
adding license file 'LICENSE'
writing manifest file '../../build/rotor_tm_traj/rotor_tm_traj.egg-info/SOURCES.txt'
running build
running build_py
running install
running install_lib
running install_data
running install_egg_info
removing '/home/dhruv/RotorTM/install/rotor_tm_traj/lib/python3.10/site-packages/rotor_tm_traj-0.0.0-py3.10.egg-info' (and everything under it)
Copying ../../build/rotor_tm_traj/rotor_tm_traj.egg-info to /home/dhruv/RotorTM/install/rotor_tm_traj/lib/python3.10/site-packages/rotor_tm_traj-0.0.0-py3.10.egg-info
running install_scripts
Installing traj_node script to /home/dhruv/RotorTM/install/rotor_tm_traj/lib/rotor_tm_traj
writing list of installed files to '/home/dhruv/RotorTM/build/rotor_tm_traj/install.log'
