[0.027s] Invoking command in '/home/dhruv/RotorTM/build/rotor_tm_msgs': CMAKE_PREFIX_PATH=${CMAKE_PREFIX_PATH}:/home/dhruv/rbe500-ros/install/rbe500_example_py:/home/dhruv/rbe500-ros/install/grp_assn_2:/home/dhruv/rbe500-ros/install/grp_assn_1:/home/dhruv/rbe500-ros/install/grp_assn_3:/opt/ros/humble /usr/bin/cmake --build /home/dhruv/RotorTM/build/rotor_tm_msgs -- -j32 -l32
[0.705s] [  0%] Built target rotor_tm_msgs__cpp
[0.705s] [ 12%] Built target rotor_tm_msgs__rosidl_generator_c
[0.705s] [ 12%] Built target ament_cmake_python_symlink_rotor_tm_msgs
[0.705s] [ 24%] Built target rotor_tm_msgs__rosidl_typesupport_c
[0.705s] [ 36%] Built target rotor_tm_msgs__rosidl_typesupport_cpp
[0.705s] [ 48%] Built target rotor_tm_msgs__rosidl_typesupport_introspection_c
[0.705s] [ 60%] Built target rotor_tm_msgs__rosidl_typesupport_introspection_cpp
[0.705s] [ 72%] Built target rotor_tm_msgs__rosidl_typesupport_fastrtps_cpp
[0.705s] [ 84%] Built target rotor_tm_msgs__rosidl_typesupport_fastrtps_c
[0.706s] [ 84%] Built target rotor_tm_msgs
[0.706s] [ 85%] Built target rotor_tm_msgs__py
[0.707s] [ 96%] Built target rotor_tm_msgs__rosidl_generator_py
[0.707s] [ 97%] Built target rotor_tm_msgs__rosidl_typesupport_fastrtps_c__pyext
[0.708s] [ 98%] Built target rotor_tm_msgs__rosidl_typesupport_c__pyext
[0.708s] [100%] Built target rotor_tm_msgs__rosidl_typesupport_introspection_c__pyext
[0.708s] running egg_info
[0.708s] writing rotor_tm_msgs.egg-info/PKG-INFO
[0.708s] writing dependency_links to rotor_tm_msgs.egg-info/dependency_links.txt
[0.708s] writing top-level names to rotor_tm_msgs.egg-info/top_level.txt
[0.708s] reading manifest file 'rotor_tm_msgs.egg-info/SOURCES.txt'
[0.708s] writing manifest file 'rotor_tm_msgs.egg-info/SOURCES.txt'
[0.708s] [100%] Built target ament_cmake_python_build_rotor_tm_msgs_egg
[0.872s] Invoked command in '/home/dhruv/RotorTM/build/rotor_tm_msgs' returned '0': CMAKE_PREFIX_PATH=${CMAKE_PREFIX_PATH}:/home/dhruv/rbe500-ros/install/rbe500_example_py:/home/dhruv/rbe500-ros/install/grp_assn_2:/home/dhruv/rbe500-ros/install/grp_assn_1:/home/dhruv/rbe500-ros/install/grp_assn_3:/opt/ros/humble /usr/bin/cmake --build /home/dhruv/RotorTM/build/rotor_tm_msgs -- -j32 -l32
[0.880s] Invoking command in '/home/dhruv/RotorTM/build/rotor_tm_msgs': CMAKE_PREFIX_PATH=${CMAKE_PREFIX_PATH}:/home/dhruv/rbe500-ros/install/rbe500_example_py:/home/dhruv/rbe500-ros/install/grp_assn_2:/home/dhruv/rbe500-ros/install/grp_assn_1:/home/dhruv/rbe500-ros/install/grp_assn_3:/opt/ros/humble /usr/bin/cmake --install /home/dhruv/RotorTM/build/rotor_tm_msgs
[0.887s] -- Install configuration: ""
[0.888s] -- Execute custom install script
[0.888s] -- Up-to-date symlink: /home/dhruv/RotorTM/install/rotor_tm_msgs/share/ament_index/resource_index/rosidl_interfaces/rotor_tm_msgs
[0.888s] -- Up-to-date symlink: /home/dhruv/RotorTM/install/rotor_tm_msgs/include/rotor_tm_msgs/rotor_tm_msgs/msg/cen_pl_command.h
[0.888s] -- Up-to-date symlink: /home/dhruv/RotorTM/install/rotor_tm_msgs/include/rotor_tm_msgs/rotor_tm_msgs/msg/detail/cen_pl_command__functions.h
[0.888s] -- Up-to-date symlink: /home/dhruv/RotorTM/install/rotor_tm_msgs/include/rotor_tm_msgs/rotor_tm_msgs/msg/detail/cen_pl_command__struct.h
[0.888s] -- Up-to-date symlink: /home/dhruv/RotorTM/install/rotor_tm_msgs/include/rotor_tm_msgs/rotor_tm_msgs/msg/detail/cen_pl_command__type_support.h
[0.888s] -- Up-to-date symlink: /home/dhruv/RotorTM/install/rotor_tm_msgs/include/rotor_tm_msgs/rotor_tm_msgs/msg/detail/fm_command__functions.h
[0.888s] -- Up-to-date symlink: /home/dhruv/RotorTM/install/rotor_tm_msgs/include/rotor_tm_msgs/rotor_tm_msgs/msg/detail/fm_command__struct.h
[0.889s] -- Up-to-date symlink: /home/dhruv/RotorTM/install/rotor_tm_msgs/include/rotor_tm_msgs/rotor_tm_msgs/msg/detail/fm_command__type_support.h
[0.889s] -- Up-to-date symlink: /home/dhruv/RotorTM/install/rotor_tm_msgs/include/rotor_tm_msgs/rotor_tm_msgs/msg/detail/fmn_command__functions.h
[0.889s] -- Up-to-date symlink: /home/dhruv/RotorTM/install/rotor_tm_msgs/include/rotor_tm_msgs/rotor_tm_msgs/msg/detail/fmn_command__struct.h
[0.889s] -- Up-to-date symlink: /home/dhruv/RotorTM/install/rotor_tm_msgs/include/rotor_tm_msgs/rotor_tm_msgs/msg/detail/fmn_command__type_support.h
[0.889s] -- Up-to-date symlink: /home/dhruv/RotorTM/install/rotor_tm_msgs/include/rotor_tm_msgs/rotor_tm_msgs/msg/detail/position_command__functions.h
[0.889s] -- Up-to-date symlink: /home/dhruv/RotorTM/install/rotor_tm_msgs/include/rotor_tm_msgs/rotor_tm_msgs/msg/detail/position_command__struct.h
[0.889s] -- Up-to-date symlink: /home/dhruv/RotorTM/install/rotor_tm_msgs/include/rotor_tm_msgs/rotor_tm_msgs/msg/detail/position_command__type_support.h
[0.889s] -- Up-to-date symlink: /home/dhruv/RotorTM/install/rotor_tm_msgs/include/rotor_tm_msgs/rotor_tm_msgs/msg/detail/rpm_command__functions.h
[0.889s] -- Up-to-date symlink: /home/dhruv/RotorTM/install/rotor_tm_msgs/include/rotor_tm_msgs/rotor_tm_msgs/msg/detail/rpm_command__struct.h
[0.889s] -- Up-to-date symlink: /home/dhruv/RotorTM/install/rotor_tm_msgs/include/rotor_tm_msgs/rotor_tm_msgs/msg/detail/rpm_command__type_support.h
[0.889s] -- Up-to-date symlink: /home/dhruv/RotorTM/install/rotor_tm_msgs/include/rotor_tm_msgs/rotor_tm_msgs/msg/detail/so3_command__functions.h
[0.889s] -- Up-to-date symlink: /home/dhruv/RotorTM/install/rotor_tm_msgs/include/rotor_tm_msgs/rotor_tm_msgs/msg/detail/so3_command__struct.h
[0.889s] -- Up-to-date symlink: /home/dhruv/RotorTM/install/rotor_tm_msgs/include/rotor_tm_msgs/rotor_tm_msgs/msg/detail/so3_command__type_support.h
[0.889s] -- Up-to-date symlink: /home/dhruv/RotorTM/install/rotor_tm_msgs/include/rotor_tm_msgs/rotor_tm_msgs/msg/detail/status_data__functions.h
[0.890s] -- Up-to-date symlink: /home/dhruv/RotorTM/install/rotor_tm_msgs/include/rotor_tm_msgs/rotor_tm_msgs/msg/detail/status_data__struct.h
[0.890s] -- Up-to-date symlink: /home/dhruv/RotorTM/install/rotor_tm_msgs/include/rotor_tm_msgs/rotor_tm_msgs/msg/detail/status_data__type_support.h
[0.890s] -- Up-to-date symlink: /home/dhruv/RotorTM/install/rotor_tm_msgs/include/rotor_tm_msgs/rotor_tm_msgs/msg/detail/traj_command__functions.h
[0.890s] -- Up-to-date symlink: /home/dhruv/RotorTM/install/rotor_tm_msgs/include/rotor_tm_msgs/rotor_tm_msgs/msg/detail/traj_command__struct.h
[0.890s] -- Up-to-date symlink: /home/dhruv/RotorTM/install/rotor_tm_msgs/include/rotor_tm_msgs/rotor_tm_msgs/msg/detail/traj_command__type_support.h
[0.890s] -- Up-to-date symlink: /home/dhruv/RotorTM/install/rotor_tm_msgs/include/rotor_tm_msgs/rotor_tm_msgs/msg/detail/trpy_command__functions.h
[0.890s] -- Up-to-date symlink: /home/dhruv/RotorTM/install/rotor_tm_msgs/include/rotor_tm_msgs/rotor_tm_msgs/msg/detail/trpy_command__struct.h
[0.890s] -- Up-to-date symlink: /home/dhruv/RotorTM/install/rotor_tm_msgs/include/rotor_tm_msgs/rotor_tm_msgs/msg/detail/trpy_command__type_support.h
[0.890s] -- Up-to-date symlink: /home/dhruv/RotorTM/install/rotor_tm_msgs/include/rotor_tm_msgs/rotor_tm_msgs/msg/fm_command.h
[0.890s] -- Up-to-date symlink: /home/dhruv/RotorTM/install/rotor_tm_msgs/include/rotor_tm_msgs/rotor_tm_msgs/msg/fmn_command.h
[0.890s] -- Up-to-date symlink: /home/dhruv/RotorTM/install/rotor_tm_msgs/include/rotor_tm_msgs/rotor_tm_msgs/msg/position_command.h
[0.890s] -- Up-to-date symlink: /home/dhruv/RotorTM/install/rotor_tm_msgs/include/rotor_tm_msgs/rotor_tm_msgs/msg/rosidl_generator_c__visibility_control.h
[0.891s] -- Up-to-date symlink: /home/dhruv/RotorTM/install/rotor_tm_msgs/include/rotor_tm_msgs/rotor_tm_msgs/msg/rpm_command.h
[0.891s] -- Up-to-date symlink: /home/dhruv/RotorTM/install/rotor_tm_msgs/include/rotor_tm_msgs/rotor_tm_msgs/msg/so3_command.h
[0.891s] -- Up-to-date symlink: /home/dhruv/RotorTM/install/rotor_tm_msgs/include/rotor_tm_msgs/rotor_tm_msgs/msg/status_data.h
[0.891s] -- Up-to-date symlink: /home/dhruv/RotorTM/install/rotor_tm_msgs/include/rotor_tm_msgs/rotor_tm_msgs/msg/traj_command.h
[0.891s] -- Up-to-date symlink: /home/dhruv/RotorTM/install/rotor_tm_msgs/include/rotor_tm_msgs/rotor_tm_msgs/msg/trpy_command.h
[0.891s] -- Up-to-date symlink: /home/dhruv/RotorTM/install/rotor_tm_msgs/include/rotor_tm_msgs/rotor_tm_msgs/srv/circle.h
[0.891s] -- Up-to-date symlink: /home/dhruv/RotorTM/install/rotor_tm_msgs/include/rotor_tm_msgs/rotor_tm_msgs/srv/circle_with_rotation.h
[0.891s] -- Up-to-date symlink: /home/dhruv/RotorTM/install/rotor_tm_msgs/include/rotor_tm_msgs/rotor_tm_msgs/srv/copr_status_cmd.h
[0.891s] -- Up-to-date symlink: /home/dhruv/RotorTM/install/rotor_tm_msgs/include/rotor_tm_msgs/rotor_tm_msgs/srv/detail/circle__functions.h
[0.891s] -- Up-to-date symlink: /home/dhruv/RotorTM/install/rotor_tm_msgs/include/rotor_tm_msgs/rotor_tm_msgs/srv/detail/circle__struct.h
[0.891s] -- Up-to-date symlink: /home/dhruv/RotorTM/install/rotor_tm_msgs/include/rotor_tm_msgs/rotor_tm_msgs/srv/detail/circle__type_support.h
[0.891s] -- Up-to-date symlink: /home/dhruv/RotorTM/install/rotor_tm_msgs/include/rotor_tm_msgs/rotor_tm_msgs/srv/detail/circle_with_rotation__functions.h
[0.891s] -- Up-to-date symlink: /home/dhruv/RotorTM/install/rotor_tm_msgs/include/rotor_tm_msgs/rotor_tm_msgs/srv/detail/circle_with_rotation__struct.h
[0.891s] -- Up-to-date symlink: /home/dhruv/RotorTM/install/rotor_tm_msgs/include/rotor_tm_msgs/rotor_tm_msgs/srv/detail/circle_with_rotation__type_support.h
[0.891s] -- Up-to-date symlink: /home/dhruv/RotorTM/install/rotor_tm_msgs/include/rotor_tm_msgs/rotor_tm_msgs/srv/detail/copr_status_cmd__functions.h
[0.891s] -- Up-to-date symlink: /home/dhruv/RotorTM/install/rotor_tm_msgs/include/rotor_tm_msgs/rotor_tm_msgs/srv/detail/copr_status_cmd__struct.h
[0.892s] -- Up-to-date symlink: /home/dhruv/RotorTM/install/rotor_tm_msgs/include/rotor_tm_msgs/rotor_tm_msgs/srv/detail/copr_status_cmd__type_support.h
[0.892s] -- Up-to-date symlink: /home/dhruv/RotorTM/install/rotor_tm_msgs/include/rotor_tm_msgs/rotor_tm_msgs/srv/detail/line__functions.h
[0.892s] -- Up-to-date symlink: /home/dhruv/RotorTM/install/rotor_tm_msgs/include/rotor_tm_msgs/rotor_tm_msgs/srv/detail/line__struct.h
[0.892s] -- Up-to-date symlink: /home/dhruv/RotorTM/install/rotor_tm_msgs/include/rotor_tm_msgs/rotor_tm_msgs/srv/detail/line__type_support.h
[0.892s] -- Up-to-date symlink: /home/dhruv/RotorTM/install/rotor_tm_msgs/include/rotor_tm_msgs/rotor_tm_msgs/srv/detail/step_pose__functions.h
[0.892s] -- Up-to-date symlink: /home/dhruv/RotorTM/install/rotor_tm_msgs/include/rotor_tm_msgs/rotor_tm_msgs/srv/detail/step_pose__struct.h
[0.892s] -- Up-to-date symlink: /home/dhruv/RotorTM/install/rotor_tm_msgs/include/rotor_tm_msgs/rotor_tm_msgs/srv/detail/step_pose__type_support.h
[0.892s] -- Up-to-date symlink: /home/dhruv/RotorTM/install/rotor_tm_msgs/include/rotor_tm_msgs/rotor_tm_msgs/srv/detail/vec4__functions.h
[0.892s] -- Up-to-date symlink: /home/dhruv/RotorTM/install/rotor_tm_msgs/include/rotor_tm_msgs/rotor_tm_msgs/srv/detail/vec4__struct.h
[0.892s] -- Up-to-date symlink: /home/dhruv/RotorTM/install/rotor_tm_msgs/include/rotor_tm_msgs/rotor_tm_msgs/srv/detail/vec4__type_support.h
[0.892s] -- Up-to-date symlink: /home/dhruv/RotorTM/install/rotor_tm_msgs/include/rotor_tm_msgs/rotor_tm_msgs/srv/line.h
[0.892s] -- Up-to-date symlink: /home/dhruv/RotorTM/install/rotor_tm_msgs/include/rotor_tm_msgs/rotor_tm_msgs/srv/step_pose.h
[0.892s] -- Up-to-date symlink: /home/dhruv/RotorTM/install/rotor_tm_msgs/include/rotor_tm_msgs/rotor_tm_msgs/srv/vec4.h
[0.892s] -- Up-to-date symlink: /home/dhruv/RotorTM/install/rotor_tm_msgs/share/rotor_tm_msgs/environment/library_path.sh
[0.892s] -- Up-to-date symlink: /home/dhruv/RotorTM/install/rotor_tm_msgs/share/rotor_tm_msgs/environment/library_path.dsv
[0.892s] -- Up-to-date symlink: /home/dhruv/RotorTM/install/rotor_tm_msgs/include/rotor_tm_msgs/rotor_tm_msgs/msg/detail/cen_pl_command__rosidl_typesupport_fastrtps_c.h
[0.892s] -- Up-to-date symlink: /home/dhruv/RotorTM/install/rotor_tm_msgs/include/rotor_tm_msgs/rotor_tm_msgs/msg/detail/fm_command__rosidl_typesupport_fastrtps_c.h
[0.892s] -- Up-to-date symlink: /home/dhruv/RotorTM/install/rotor_tm_msgs/include/rotor_tm_msgs/rotor_tm_msgs/msg/detail/fmn_command__rosidl_typesupport_fastrtps_c.h
[0.892s] -- Up-to-date symlink: /home/dhruv/RotorTM/install/rotor_tm_msgs/include/rotor_tm_msgs/rotor_tm_msgs/msg/detail/position_command__rosidl_typesupport_fastrtps_c.h
[0.892s] -- Up-to-date symlink: /home/dhruv/RotorTM/install/rotor_tm_msgs/include/rotor_tm_msgs/rotor_tm_msgs/msg/detail/rpm_command__rosidl_typesupport_fastrtps_c.h
[0.893s] -- Up-to-date symlink: /home/dhruv/RotorTM/install/rotor_tm_msgs/include/rotor_tm_msgs/rotor_tm_msgs/msg/detail/so3_command__rosidl_typesupport_fastrtps_c.h
[0.893s] -- Up-to-date symlink: /home/dhruv/RotorTM/install/rotor_tm_msgs/include/rotor_tm_msgs/rotor_tm_msgs/msg/detail/status_data__rosidl_typesupport_fastrtps_c.h
[0.893s] -- Up-to-date symlink: /home/dhruv/RotorTM/install/rotor_tm_msgs/include/rotor_tm_msgs/rotor_tm_msgs/msg/detail/traj_command__rosidl_typesupport_fastrtps_c.h
[0.893s] -- Up-to-date symlink: /home/dhruv/RotorTM/install/rotor_tm_msgs/include/rotor_tm_msgs/rotor_tm_msgs/msg/detail/trpy_command__rosidl_typesupport_fastrtps_c.h
[0.893s] -- Up-to-date symlink: /home/dhruv/RotorTM/install/rotor_tm_msgs/include/rotor_tm_msgs/rotor_tm_msgs/msg/rosidl_typesupport_fastrtps_c__visibility_control.h
[0.893s] -- Up-to-date symlink: /home/dhruv/RotorTM/install/rotor_tm_msgs/include/rotor_tm_msgs/rotor_tm_msgs/srv/detail/circle__rosidl_typesupport_fastrtps_c.h
[0.893s] -- Up-to-date symlink: /home/dhruv/RotorTM/install/rotor_tm_msgs/include/rotor_tm_msgs/rotor_tm_msgs/srv/detail/circle_with_rotation__rosidl_typesupport_fastrtps_c.h
[0.893s] -- Up-to-date symlink: /home/dhruv/RotorTM/install/rotor_tm_msgs/include/rotor_tm_msgs/rotor_tm_msgs/srv/detail/copr_status_cmd__rosidl_typesupport_fastrtps_c.h
[0.893s] -- Up-to-date symlink: /home/dhruv/RotorTM/install/rotor_tm_msgs/include/rotor_tm_msgs/rotor_tm_msgs/srv/detail/line__rosidl_typesupport_fastrtps_c.h
[0.893s] -- Up-to-date symlink: /home/dhruv/RotorTM/install/rotor_tm_msgs/include/rotor_tm_msgs/rotor_tm_msgs/srv/detail/step_pose__rosidl_typesupport_fastrtps_c.h
[0.893s] -- Up-to-date symlink: /home/dhruv/RotorTM/install/rotor_tm_msgs/include/rotor_tm_msgs/rotor_tm_msgs/srv/detail/vec4__rosidl_typesupport_fastrtps_c.h
[0.893s] -- Up-to-date symlink: /home/dhruv/RotorTM/install/rotor_tm_msgs/include/rotor_tm_msgs/rotor_tm_msgs/msg/detail/cen_pl_command__rosidl_typesupport_introspection_c.h
[0.893s] -- Up-to-date symlink: /home/dhruv/RotorTM/install/rotor_tm_msgs/include/rotor_tm_msgs/rotor_tm_msgs/msg/detail/fm_command__rosidl_typesupport_introspection_c.h
[0.893s] -- Up-to-date symlink: /home/dhruv/RotorTM/install/rotor_tm_msgs/include/rotor_tm_msgs/rotor_tm_msgs/msg/detail/fmn_command__rosidl_typesupport_introspection_c.h
[0.893s] -- Up-to-date symlink: /home/dhruv/RotorTM/install/rotor_tm_msgs/include/rotor_tm_msgs/rotor_tm_msgs/msg/detail/position_command__rosidl_typesupport_introspection_c.h
[0.893s] -- Up-to-date symlink: /home/dhruv/RotorTM/install/rotor_tm_msgs/include/rotor_tm_msgs/rotor_tm_msgs/msg/detail/rpm_command__rosidl_typesupport_introspection_c.h
[0.893s] -- Up-to-date symlink: /home/dhruv/RotorTM/install/rotor_tm_msgs/include/rotor_tm_msgs/rotor_tm_msgs/msg/detail/so3_command__rosidl_typesupport_introspection_c.h
[0.893s] -- Up-to-date symlink: /home/dhruv/RotorTM/install/rotor_tm_msgs/include/rotor_tm_msgs/rotor_tm_msgs/msg/detail/status_data__rosidl_typesupport_introspection_c.h
[0.893s] -- Up-to-date symlink: /home/dhruv/RotorTM/install/rotor_tm_msgs/include/rotor_tm_msgs/rotor_tm_msgs/msg/detail/traj_command__rosidl_typesupport_introspection_c.h
[0.893s] -- Up-to-date symlink: /home/dhruv/RotorTM/install/rotor_tm_msgs/include/rotor_tm_msgs/rotor_tm_msgs/msg/detail/trpy_command__rosidl_typesupport_introspection_c.h
[0.893s] -- Up-to-date symlink: /home/dhruv/RotorTM/install/rotor_tm_msgs/include/rotor_tm_msgs/rotor_tm_msgs/msg/rosidl_typesupport_introspection_c__visibility_control.h
[0.893s] -- Up-to-date symlink: /home/dhruv/RotorTM/install/rotor_tm_msgs/include/rotor_tm_msgs/rotor_tm_msgs/srv/detail/circle__rosidl_typesupport_introspection_c.h
[0.893s] -- Up-to-date symlink: /home/dhruv/RotorTM/install/rotor_tm_msgs/include/rotor_tm_msgs/rotor_tm_msgs/srv/detail/circle_with_rotation__rosidl_typesupport_introspection_c.h
[0.893s] -- Up-to-date symlink: /home/dhruv/RotorTM/install/rotor_tm_msgs/include/rotor_tm_msgs/rotor_tm_msgs/srv/detail/copr_status_cmd__rosidl_typesupport_introspection_c.h
[0.893s] -- Up-to-date symlink: /home/dhruv/RotorTM/install/rotor_tm_msgs/include/rotor_tm_msgs/rotor_tm_msgs/srv/detail/line__rosidl_typesupport_introspection_c.h
[0.893s] -- Up-to-date symlink: /home/dhruv/RotorTM/install/rotor_tm_msgs/include/rotor_tm_msgs/rotor_tm_msgs/srv/detail/step_pose__rosidl_typesupport_introspection_c.h
[0.893s] -- Up-to-date symlink: /home/dhruv/RotorTM/install/rotor_tm_msgs/include/rotor_tm_msgs/rotor_tm_msgs/srv/detail/vec4__rosidl_typesupport_introspection_c.h
[0.893s] -- Up-to-date symlink: /home/dhruv/RotorTM/install/rotor_tm_msgs/include/rotor_tm_msgs/rotor_tm_msgs/msg/cen_pl_command.hpp
[0.893s] -- Up-to-date symlink: /home/dhruv/RotorTM/install/rotor_tm_msgs/include/rotor_tm_msgs/rotor_tm_msgs/msg/detail/cen_pl_command__builder.hpp
[0.893s] -- Up-to-date symlink: /home/dhruv/RotorTM/install/rotor_tm_msgs/include/rotor_tm_msgs/rotor_tm_msgs/msg/detail/cen_pl_command__struct.hpp
[0.893s] -- Up-to-date symlink: /home/dhruv/RotorTM/install/rotor_tm_msgs/include/rotor_tm_msgs/rotor_tm_msgs/msg/detail/cen_pl_command__traits.hpp
[0.893s] -- Up-to-date symlink: /home/dhruv/RotorTM/install/rotor_tm_msgs/include/rotor_tm_msgs/rotor_tm_msgs/msg/detail/cen_pl_command__type_support.hpp
[0.893s] -- Up-to-date symlink: /home/dhruv/RotorTM/install/rotor_tm_msgs/include/rotor_tm_msgs/rotor_tm_msgs/msg/detail/fm_command__builder.hpp
[0.894s] -- Up-to-date symlink: /home/dhruv/RotorTM/install/rotor_tm_msgs/include/rotor_tm_msgs/rotor_tm_msgs/msg/detail/fm_command__struct.hpp
[0.894s] -- Up-to-date symlink: /home/dhruv/RotorTM/install/rotor_tm_msgs/include/rotor_tm_msgs/rotor_tm_msgs/msg/detail/fm_command__traits.hpp
[0.894s] -- Up-to-date symlink: /home/dhruv/RotorTM/install/rotor_tm_msgs/include/rotor_tm_msgs/rotor_tm_msgs/msg/detail/fm_command__type_support.hpp
[0.894s] -- Up-to-date symlink: /home/dhruv/RotorTM/install/rotor_tm_msgs/include/rotor_tm_msgs/rotor_tm_msgs/msg/detail/fmn_command__builder.hpp
[0.894s] -- Up-to-date symlink: /home/dhruv/RotorTM/install/rotor_tm_msgs/include/rotor_tm_msgs/rotor_tm_msgs/msg/detail/fmn_command__struct.hpp
[0.894s] -- Up-to-date symlink: /home/dhruv/RotorTM/install/rotor_tm_msgs/include/rotor_tm_msgs/rotor_tm_msgs/msg/detail/fmn_command__traits.hpp
[0.894s] -- Up-to-date symlink: /home/dhruv/RotorTM/install/rotor_tm_msgs/include/rotor_tm_msgs/rotor_tm_msgs/msg/detail/fmn_command__type_support.hpp
[0.894s] -- Up-to-date symlink: /home/dhruv/RotorTM/install/rotor_tm_msgs/include/rotor_tm_msgs/rotor_tm_msgs/msg/detail/position_command__builder.hpp
[0.894s] -- Up-to-date symlink: /home/dhruv/RotorTM/install/rotor_tm_msgs/include/rotor_tm_msgs/rotor_tm_msgs/msg/detail/position_command__struct.hpp
[0.894s] -- Up-to-date symlink: /home/dhruv/RotorTM/install/rotor_tm_msgs/include/rotor_tm_msgs/rotor_tm_msgs/msg/detail/position_command__traits.hpp
[0.894s] -- Up-to-date symlink: /home/dhruv/RotorTM/install/rotor_tm_msgs/include/rotor_tm_msgs/rotor_tm_msgs/msg/detail/position_command__type_support.hpp
[0.894s] -- Up-to-date symlink: /home/dhruv/RotorTM/install/rotor_tm_msgs/include/rotor_tm_msgs/rotor_tm_msgs/msg/detail/rpm_command__builder.hpp
[0.894s] -- Up-to-date symlink: /home/dhruv/RotorTM/install/rotor_tm_msgs/include/rotor_tm_msgs/rotor_tm_msgs/msg/detail/rpm_command__struct.hpp
[0.894s] -- Up-to-date symlink: /home/dhruv/RotorTM/install/rotor_tm_msgs/include/rotor_tm_msgs/rotor_tm_msgs/msg/detail/rpm_command__traits.hpp
[0.894s] -- Up-to-date symlink: /home/dhruv/RotorTM/install/rotor_tm_msgs/include/rotor_tm_msgs/rotor_tm_msgs/msg/detail/rpm_command__type_support.hpp
[0.894s] -- Up-to-date symlink: /home/dhruv/RotorTM/install/rotor_tm_msgs/include/rotor_tm_msgs/rotor_tm_msgs/msg/detail/so3_command__builder.hpp
[0.894s] -- Up-to-date symlink: /home/dhruv/RotorTM/install/rotor_tm_msgs/include/rotor_tm_msgs/rotor_tm_msgs/msg/detail/so3_command__struct.hpp
[0.894s] -- Up-to-date symlink: /home/dhruv/RotorTM/install/rotor_tm_msgs/include/rotor_tm_msgs/rotor_tm_msgs/msg/detail/so3_command__traits.hpp
[0.894s] -- Up-to-date symlink: /home/dhruv/RotorTM/install/rotor_tm_msgs/include/rotor_tm_msgs/rotor_tm_msgs/msg/detail/so3_command__type_support.hpp
[0.894s] -- Up-to-date symlink: /home/dhruv/RotorTM/install/rotor_tm_msgs/include/rotor_tm_msgs/rotor_tm_msgs/msg/detail/status_data__builder.hpp
[0.894s] -- Up-to-date symlink: /home/dhruv/RotorTM/install/rotor_tm_msgs/include/rotor_tm_msgs/rotor_tm_msgs/msg/detail/status_data__struct.hpp
[0.894s] -- Up-to-date symlink: /home/dhruv/RotorTM/install/rotor_tm_msgs/include/rotor_tm_msgs/rotor_tm_msgs/msg/detail/status_data__traits.hpp
[0.894s] -- Up-to-date symlink: /home/dhruv/RotorTM/install/rotor_tm_msgs/include/rotor_tm_msgs/rotor_tm_msgs/msg/detail/status_data__type_support.hpp
[0.894s] -- Up-to-date symlink: /home/dhruv/RotorTM/install/rotor_tm_msgs/include/rotor_tm_msgs/rotor_tm_msgs/msg/detail/traj_command__builder.hpp
[0.894s] -- Up-to-date symlink: /home/dhruv/RotorTM/install/rotor_tm_msgs/include/rotor_tm_msgs/rotor_tm_msgs/msg/detail/traj_command__struct.hpp
[0.894s] -- Up-to-date symlink: /home/dhruv/RotorTM/install/rotor_tm_msgs/include/rotor_tm_msgs/rotor_tm_msgs/msg/detail/traj_command__traits.hpp
[0.894s] -- Up-to-date symlink: /home/dhruv/RotorTM/install/rotor_tm_msgs/include/rotor_tm_msgs/rotor_tm_msgs/msg/detail/traj_command__type_support.hpp
[0.894s] -- Up-to-date symlink: /home/dhruv/RotorTM/install/rotor_tm_msgs/include/rotor_tm_msgs/rotor_tm_msgs/msg/detail/trpy_command__builder.hpp
[0.894s] -- Up-to-date symlink: /home/dhruv/RotorTM/install/rotor_tm_msgs/include/rotor_tm_msgs/rotor_tm_msgs/msg/detail/trpy_command__struct.hpp
[0.895s] -- Up-to-date symlink: /home/dhruv/RotorTM/install/rotor_tm_msgs/include/rotor_tm_msgs/rotor_tm_msgs/msg/detail/trpy_command__traits.hpp
[0.895s] -- Up-to-date symlink: /home/dhruv/RotorTM/install/rotor_tm_msgs/include/rotor_tm_msgs/rotor_tm_msgs/msg/detail/trpy_command__type_support.hpp
[0.895s] -- Up-to-date symlink: /home/dhruv/RotorTM/install/rotor_tm_msgs/include/rotor_tm_msgs/rotor_tm_msgs/msg/fm_command.hpp
[0.895s] -- Up-to-date symlink: /home/dhruv/RotorTM/install/rotor_tm_msgs/include/rotor_tm_msgs/rotor_tm_msgs/msg/fmn_command.hpp
[0.895s] -- Up-to-date symlink: /home/dhruv/RotorTM/install/rotor_tm_msgs/include/rotor_tm_msgs/rotor_tm_msgs/msg/position_command.hpp
[0.895s] -- Up-to-date symlink: /home/dhruv/RotorTM/install/rotor_tm_msgs/include/rotor_tm_msgs/rotor_tm_msgs/msg/rosidl_generator_cpp__visibility_control.hpp
[0.895s] -- Up-to-date symlink: /home/dhruv/RotorTM/install/rotor_tm_msgs/include/rotor_tm_msgs/rotor_tm_msgs/msg/rpm_command.hpp
[0.895s] -- Up-to-date symlink: /home/dhruv/RotorTM/install/rotor_tm_msgs/include/rotor_tm_msgs/rotor_tm_msgs/msg/so3_command.hpp
[0.895s] -- Up-to-date symlink: /home/dhruv/RotorTM/install/rotor_tm_msgs/include/rotor_tm_msgs/rotor_tm_msgs/msg/status_data.hpp
[0.895s] -- Up-to-date symlink: /home/dhruv/RotorTM/install/rotor_tm_msgs/include/rotor_tm_msgs/rotor_tm_msgs/msg/traj_command.hpp
[0.895s] -- Up-to-date symlink: /home/dhruv/RotorTM/install/rotor_tm_msgs/include/rotor_tm_msgs/rotor_tm_msgs/msg/trpy_command.hpp
[0.895s] -- Up-to-date symlink: /home/dhruv/RotorTM/install/rotor_tm_msgs/include/rotor_tm_msgs/rotor_tm_msgs/srv/circle.hpp
[0.895s] -- Up-to-date symlink: /home/dhruv/RotorTM/install/rotor_tm_msgs/include/rotor_tm_msgs/rotor_tm_msgs/srv/circle_with_rotation.hpp
[0.895s] -- Up-to-date symlink: /home/dhruv/RotorTM/install/rotor_tm_msgs/include/rotor_tm_msgs/rotor_tm_msgs/srv/copr_status_cmd.hpp
[0.895s] -- Up-to-date symlink: /home/dhruv/RotorTM/install/rotor_tm_msgs/include/rotor_tm_msgs/rotor_tm_msgs/srv/detail/circle__builder.hpp
[0.895s] -- Up-to-date symlink: /home/dhruv/RotorTM/install/rotor_tm_msgs/include/rotor_tm_msgs/rotor_tm_msgs/srv/detail/circle__struct.hpp
[0.895s] -- Up-to-date symlink: /home/dhruv/RotorTM/install/rotor_tm_msgs/include/rotor_tm_msgs/rotor_tm_msgs/srv/detail/circle__traits.hpp
[0.895s] -- Up-to-date symlink: /home/dhruv/RotorTM/install/rotor_tm_msgs/include/rotor_tm_msgs/rotor_tm_msgs/srv/detail/circle__type_support.hpp
[0.895s] -- Up-to-date symlink: /home/dhruv/RotorTM/install/rotor_tm_msgs/include/rotor_tm_msgs/rotor_tm_msgs/srv/detail/circle_with_rotation__builder.hpp
[0.895s] -- Up-to-date symlink: /home/dhruv/RotorTM/install/rotor_tm_msgs/include/rotor_tm_msgs/rotor_tm_msgs/srv/detail/circle_with_rotation__struct.hpp
[0.895s] -- Up-to-date symlink: /home/dhruv/RotorTM/install/rotor_tm_msgs/include/rotor_tm_msgs/rotor_tm_msgs/srv/detail/circle_with_rotation__traits.hpp
[0.895s] -- Up-to-date symlink: /home/dhruv/RotorTM/install/rotor_tm_msgs/include/rotor_tm_msgs/rotor_tm_msgs/srv/detail/circle_with_rotation__type_support.hpp
[0.895s] -- Up-to-date symlink: /home/dhruv/RotorTM/install/rotor_tm_msgs/include/rotor_tm_msgs/rotor_tm_msgs/srv/detail/copr_status_cmd__builder.hpp
[0.895s] -- Up-to-date symlink: /home/dhruv/RotorTM/install/rotor_tm_msgs/include/rotor_tm_msgs/rotor_tm_msgs/srv/detail/copr_status_cmd__struct.hpp
[0.896s] -- Up-to-date symlink: /home/dhruv/RotorTM/install/rotor_tm_msgs/include/rotor_tm_msgs/rotor_tm_msgs/srv/detail/copr_status_cmd__traits.hpp
[0.896s] -- Up-to-date symlink: /home/dhruv/RotorTM/install/rotor_tm_msgs/include/rotor_tm_msgs/rotor_tm_msgs/srv/detail/copr_status_cmd__type_support.hpp
[0.896s] -- Up-to-date symlink: /home/dhruv/RotorTM/install/rotor_tm_msgs/include/rotor_tm_msgs/rotor_tm_msgs/srv/detail/line__builder.hpp
[0.896s] -- Up-to-date symlink: /home/dhruv/RotorTM/install/rotor_tm_msgs/include/rotor_tm_msgs/rotor_tm_msgs/srv/detail/line__struct.hpp
[0.896s] -- Up-to-date symlink: /home/dhruv/RotorTM/install/rotor_tm_msgs/include/rotor_tm_msgs/rotor_tm_msgs/srv/detail/line__traits.hpp
[0.896s] -- Up-to-date symlink: /home/dhruv/RotorTM/install/rotor_tm_msgs/include/rotor_tm_msgs/rotor_tm_msgs/srv/detail/line__type_support.hpp
[0.896s] -- Up-to-date symlink: /home/dhruv/RotorTM/install/rotor_tm_msgs/include/rotor_tm_msgs/rotor_tm_msgs/srv/detail/step_pose__builder.hpp
[0.896s] -- Up-to-date symlink: /home/dhruv/RotorTM/install/rotor_tm_msgs/include/rotor_tm_msgs/rotor_tm_msgs/srv/detail/step_pose__struct.hpp
[0.896s] -- Up-to-date symlink: /home/dhruv/RotorTM/install/rotor_tm_msgs/include/rotor_tm_msgs/rotor_tm_msgs/srv/detail/step_pose__traits.hpp
[0.896s] -- Up-to-date symlink: /home/dhruv/RotorTM/install/rotor_tm_msgs/include/rotor_tm_msgs/rotor_tm_msgs/srv/detail/step_pose__type_support.hpp
[0.896s] -- Up-to-date symlink: /home/dhruv/RotorTM/install/rotor_tm_msgs/include/rotor_tm_msgs/rotor_tm_msgs/srv/detail/vec4__builder.hpp
[0.896s] -- Up-to-date symlink: /home/dhruv/RotorTM/install/rotor_tm_msgs/include/rotor_tm_msgs/rotor_tm_msgs/srv/detail/vec4__struct.hpp
[0.896s] -- Up-to-date symlink: /home/dhruv/RotorTM/install/rotor_tm_msgs/include/rotor_tm_msgs/rotor_tm_msgs/srv/detail/vec4__traits.hpp
[0.896s] -- Up-to-date symlink: /home/dhruv/RotorTM/install/rotor_tm_msgs/include/rotor_tm_msgs/rotor_tm_msgs/srv/detail/vec4__type_support.hpp
[0.896s] -- Up-to-date symlink: /home/dhruv/RotorTM/install/rotor_tm_msgs/include/rotor_tm_msgs/rotor_tm_msgs/srv/line.hpp
[0.896s] -- Up-to-date symlink: /home/dhruv/RotorTM/install/rotor_tm_msgs/include/rotor_tm_msgs/rotor_tm_msgs/srv/step_pose.hpp
[0.896s] -- Up-to-date symlink: /home/dhruv/RotorTM/install/rotor_tm_msgs/include/rotor_tm_msgs/rotor_tm_msgs/srv/vec4.hpp
[0.897s] -- Up-to-date symlink: /home/dhruv/RotorTM/install/rotor_tm_msgs/include/rotor_tm_msgs/rotor_tm_msgs/msg/detail/cen_pl_command__rosidl_typesupport_fastrtps_cpp.hpp
[0.897s] -- Up-to-date symlink: /home/dhruv/RotorTM/install/rotor_tm_msgs/include/rotor_tm_msgs/rotor_tm_msgs/msg/detail/fm_command__rosidl_typesupport_fastrtps_cpp.hpp
[0.897s] -- Up-to-date symlink: /home/dhruv/RotorTM/install/rotor_tm_msgs/include/rotor_tm_msgs/rotor_tm_msgs/msg/detail/fmn_command__rosidl_typesupport_fastrtps_cpp.hpp
[0.897s] -- Up-to-date symlink: /home/dhruv/RotorTM/install/rotor_tm_msgs/include/rotor_tm_msgs/rotor_tm_msgs/msg/detail/position_command__rosidl_typesupport_fastrtps_cpp.hpp
[0.897s] -- Up-to-date symlink: /home/dhruv/RotorTM/install/rotor_tm_msgs/include/rotor_tm_msgs/rotor_tm_msgs/msg/detail/rpm_command__rosidl_typesupport_fastrtps_cpp.hpp
[0.897s] -- Up-to-date symlink: /home/dhruv/RotorTM/install/rotor_tm_msgs/include/rotor_tm_msgs/rotor_tm_msgs/msg/detail/so3_command__rosidl_typesupport_fastrtps_cpp.hpp
[0.897s] -- Up-to-date symlink: /home/dhruv/RotorTM/install/rotor_tm_msgs/include/rotor_tm_msgs/rotor_tm_msgs/msg/detail/status_data__rosidl_typesupport_fastrtps_cpp.hpp
[0.897s] -- Up-to-date symlink: /home/dhruv/RotorTM/install/rotor_tm_msgs/include/rotor_tm_msgs/rotor_tm_msgs/msg/detail/traj_command__rosidl_typesupport_fastrtps_cpp.hpp
[0.897s] -- Up-to-date symlink: /home/dhruv/RotorTM/install/rotor_tm_msgs/include/rotor_tm_msgs/rotor_tm_msgs/msg/detail/trpy_command__rosidl_typesupport_fastrtps_cpp.hpp
[0.897s] -- Up-to-date symlink: /home/dhruv/RotorTM/install/rotor_tm_msgs/include/rotor_tm_msgs/rotor_tm_msgs/msg/rosidl_typesupport_fastrtps_cpp__visibility_control.h
[0.897s] -- Up-to-date symlink: /home/dhruv/RotorTM/install/rotor_tm_msgs/include/rotor_tm_msgs/rotor_tm_msgs/srv/detail/circle__rosidl_typesupport_fastrtps_cpp.hpp
[0.897s] -- Up-to-date symlink: /home/dhruv/RotorTM/install/rotor_tm_msgs/include/rotor_tm_msgs/rotor_tm_msgs/srv/detail/circle_with_rotation__rosidl_typesupport_fastrtps_cpp.hpp
[0.897s] -- Up-to-date symlink: /home/dhruv/RotorTM/install/rotor_tm_msgs/include/rotor_tm_msgs/rotor_tm_msgs/srv/detail/copr_status_cmd__rosidl_typesupport_fastrtps_cpp.hpp
[0.897s] -- Up-to-date symlink: /home/dhruv/RotorTM/install/rotor_tm_msgs/include/rotor_tm_msgs/rotor_tm_msgs/srv/detail/line__rosidl_typesupport_fastrtps_cpp.hpp
[0.897s] -- Up-to-date symlink: /home/dhruv/RotorTM/install/rotor_tm_msgs/include/rotor_tm_msgs/rotor_tm_msgs/srv/detail/step_pose__rosidl_typesupport_fastrtps_cpp.hpp
[0.897s] -- Up-to-date symlink: /home/dhruv/RotorTM/install/rotor_tm_msgs/include/rotor_tm_msgs/rotor_tm_msgs/srv/detail/vec4__rosidl_typesupport_fastrtps_cpp.hpp
[0.898s] -- Up-to-date symlink: /home/dhruv/RotorTM/install/rotor_tm_msgs/include/rotor_tm_msgs/rotor_tm_msgs/msg/detail/cen_pl_command__rosidl_typesupport_introspection_cpp.hpp
[0.898s] -- Up-to-date symlink: /home/dhruv/RotorTM/install/rotor_tm_msgs/include/rotor_tm_msgs/rotor_tm_msgs/msg/detail/fm_command__rosidl_typesupport_introspection_cpp.hpp
[0.898s] -- Up-to-date symlink: /home/dhruv/RotorTM/install/rotor_tm_msgs/include/rotor_tm_msgs/rotor_tm_msgs/msg/detail/fmn_command__rosidl_typesupport_introspection_cpp.hpp
[0.898s] -- Up-to-date symlink: /home/dhruv/RotorTM/install/rotor_tm_msgs/include/rotor_tm_msgs/rotor_tm_msgs/msg/detail/position_command__rosidl_typesupport_introspection_cpp.hpp
[0.898s] -- Up-to-date symlink: /home/dhruv/RotorTM/install/rotor_tm_msgs/include/rotor_tm_msgs/rotor_tm_msgs/msg/detail/rpm_command__rosidl_typesupport_introspection_cpp.hpp
[0.898s] -- Up-to-date symlink: /home/dhruv/RotorTM/install/rotor_tm_msgs/include/rotor_tm_msgs/rotor_tm_msgs/msg/detail/so3_command__rosidl_typesupport_introspection_cpp.hpp
[0.898s] -- Up-to-date symlink: /home/dhruv/RotorTM/install/rotor_tm_msgs/include/rotor_tm_msgs/rotor_tm_msgs/msg/detail/status_data__rosidl_typesupport_introspection_cpp.hpp
[0.898s] -- Up-to-date symlink: /home/dhruv/RotorTM/install/rotor_tm_msgs/include/rotor_tm_msgs/rotor_tm_msgs/msg/detail/traj_command__rosidl_typesupport_introspection_cpp.hpp
[0.898s] -- Up-to-date symlink: /home/dhruv/RotorTM/install/rotor_tm_msgs/include/rotor_tm_msgs/rotor_tm_msgs/msg/detail/trpy_command__rosidl_typesupport_introspection_cpp.hpp
[0.898s] -- Up-to-date symlink: /home/dhruv/RotorTM/install/rotor_tm_msgs/include/rotor_tm_msgs/rotor_tm_msgs/srv/detail/circle__rosidl_typesupport_introspection_cpp.hpp
[0.898s] -- Up-to-date symlink: /home/dhruv/RotorTM/install/rotor_tm_msgs/include/rotor_tm_msgs/rotor_tm_msgs/srv/detail/circle_with_rotation__rosidl_typesupport_introspection_cpp.hpp
[0.898s] -- Up-to-date symlink: /home/dhruv/RotorTM/install/rotor_tm_msgs/include/rotor_tm_msgs/rotor_tm_msgs/srv/detail/copr_status_cmd__rosidl_typesupport_introspection_cpp.hpp
[0.898s] -- Up-to-date symlink: /home/dhruv/RotorTM/install/rotor_tm_msgs/include/rotor_tm_msgs/rotor_tm_msgs/srv/detail/line__rosidl_typesupport_introspection_cpp.hpp
[0.898s] -- Up-to-date symlink: /home/dhruv/RotorTM/install/rotor_tm_msgs/include/rotor_tm_msgs/rotor_tm_msgs/srv/detail/step_pose__rosidl_typesupport_introspection_cpp.hpp
[0.898s] -- Up-to-date symlink: /home/dhruv/RotorTM/install/rotor_tm_msgs/include/rotor_tm_msgs/rotor_tm_msgs/srv/detail/vec4__rosidl_typesupport_introspection_cpp.hpp
[0.898s] -- Up-to-date symlink: /home/dhruv/RotorTM/install/rotor_tm_msgs/share/rotor_tm_msgs/environment/pythonpath.sh
[0.899s] -- Up-to-date symlink: /home/dhruv/RotorTM/install/rotor_tm_msgs/share/rotor_tm_msgs/environment/pythonpath.dsv
[0.899s] -- Up-to-date symlink: /home/dhruv/RotorTM/install/rotor_tm_msgs/local/lib/python3.10/dist-packages/rotor_tm_msgs-0.0.0-py3.10.egg-info/PKG-INFO
[0.899s] -- Up-to-date symlink: /home/dhruv/RotorTM/install/rotor_tm_msgs/local/lib/python3.10/dist-packages/rotor_tm_msgs-0.0.0-py3.10.egg-info/SOURCES.txt
[0.899s] -- Up-to-date symlink: /home/dhruv/RotorTM/install/rotor_tm_msgs/local/lib/python3.10/dist-packages/rotor_tm_msgs-0.0.0-py3.10.egg-info/dependency_links.txt
[0.899s] -- Up-to-date symlink: /home/dhruv/RotorTM/install/rotor_tm_msgs/local/lib/python3.10/dist-packages/rotor_tm_msgs-0.0.0-py3.10.egg-info/top_level.txt
[0.899s] -- Up-to-date symlink: /home/dhruv/RotorTM/install/rotor_tm_msgs/local/lib/python3.10/dist-packages/rotor_tm_msgs/__init__.py
[0.899s] -- Up-to-date symlink: /home/dhruv/RotorTM/install/rotor_tm_msgs/local/lib/python3.10/dist-packages/rotor_tm_msgs/_rotor_tm_msgs_s.ep.rosidl_typesupport_c.c
[0.899s] -- Up-to-date symlink: /home/dhruv/RotorTM/install/rotor_tm_msgs/local/lib/python3.10/dist-packages/rotor_tm_msgs/_rotor_tm_msgs_s.ep.rosidl_typesupport_fastrtps_c.c
[0.899s] -- Up-to-date symlink: /home/dhruv/RotorTM/install/rotor_tm_msgs/local/lib/python3.10/dist-packages/rotor_tm_msgs/_rotor_tm_msgs_s.ep.rosidl_typesupport_introspection_c.c
[0.899s] -- Up-to-date symlink: /home/dhruv/RotorTM/install/rotor_tm_msgs/local/lib/python3.10/dist-packages/rotor_tm_msgs/librotor_tm_msgs__rosidl_generator_py.so
[0.900s] -- Up-to-date symlink: /home/dhruv/RotorTM/install/rotor_tm_msgs/local/lib/python3.10/dist-packages/rotor_tm_msgs/msg/__init__.py
[0.900s] -- Up-to-date symlink: /home/dhruv/RotorTM/install/rotor_tm_msgs/local/lib/python3.10/dist-packages/rotor_tm_msgs/msg/_cen_pl_command.py
[0.900s] -- Up-to-date symlink: /home/dhruv/RotorTM/install/rotor_tm_msgs/local/lib/python3.10/dist-packages/rotor_tm_msgs/msg/_cen_pl_command_s.c
[0.900s] -- Up-to-date symlink: /home/dhruv/RotorTM/install/rotor_tm_msgs/local/lib/python3.10/dist-packages/rotor_tm_msgs/msg/_fm_command.py
[0.900s] -- Up-to-date symlink: /home/dhruv/RotorTM/install/rotor_tm_msgs/local/lib/python3.10/dist-packages/rotor_tm_msgs/msg/_fm_command_s.c
[0.900s] -- Up-to-date symlink: /home/dhruv/RotorTM/install/rotor_tm_msgs/local/lib/python3.10/dist-packages/rotor_tm_msgs/msg/_fmn_command.py
[0.900s] -- Up-to-date symlink: /home/dhruv/RotorTM/install/rotor_tm_msgs/local/lib/python3.10/dist-packages/rotor_tm_msgs/msg/_fmn_command_s.c
[0.900s] -- Up-to-date symlink: /home/dhruv/RotorTM/install/rotor_tm_msgs/local/lib/python3.10/dist-packages/rotor_tm_msgs/msg/_position_command.py
[0.900s] -- Up-to-date symlink: /home/dhruv/RotorTM/install/rotor_tm_msgs/local/lib/python3.10/dist-packages/rotor_tm_msgs/msg/_position_command_s.c
[0.900s] -- Up-to-date symlink: /home/dhruv/RotorTM/install/rotor_tm_msgs/local/lib/python3.10/dist-packages/rotor_tm_msgs/msg/_rpm_command.py
[0.900s] -- Up-to-date symlink: /home/dhruv/RotorTM/install/rotor_tm_msgs/local/lib/python3.10/dist-packages/rotor_tm_msgs/msg/_rpm_command_s.c
[0.900s] -- Up-to-date symlink: /home/dhruv/RotorTM/install/rotor_tm_msgs/local/lib/python3.10/dist-packages/rotor_tm_msgs/msg/_so3_command.py
[0.900s] -- Up-to-date symlink: /home/dhruv/RotorTM/install/rotor_tm_msgs/local/lib/python3.10/dist-packages/rotor_tm_msgs/msg/_so3_command_s.c
[0.900s] -- Up-to-date symlink: /home/dhruv/RotorTM/install/rotor_tm_msgs/local/lib/python3.10/dist-packages/rotor_tm_msgs/msg/_status_data.py
[0.900s] -- Up-to-date symlink: /home/dhruv/RotorTM/install/rotor_tm_msgs/local/lib/python3.10/dist-packages/rotor_tm_msgs/msg/_status_data_s.c
[0.900s] -- Up-to-date symlink: /home/dhruv/RotorTM/install/rotor_tm_msgs/local/lib/python3.10/dist-packages/rotor_tm_msgs/msg/_traj_command.py
[0.900s] -- Up-to-date symlink: /home/dhruv/RotorTM/install/rotor_tm_msgs/local/lib/python3.10/dist-packages/rotor_tm_msgs/msg/_traj_command_s.c
[0.900s] -- Up-to-date symlink: /home/dhruv/RotorTM/install/rotor_tm_msgs/local/lib/python3.10/dist-packages/rotor_tm_msgs/msg/_trpy_command.py
[0.900s] -- Up-to-date symlink: /home/dhruv/RotorTM/install/rotor_tm_msgs/local/lib/python3.10/dist-packages/rotor_tm_msgs/msg/_trpy_command_s.c
[0.900s] -- Up-to-date symlink: /home/dhruv/RotorTM/install/rotor_tm_msgs/local/lib/python3.10/dist-packages/rotor_tm_msgs/rotor_tm_msgs_s__rosidl_typesupport_c.cpython-310-x86_64-linux-gnu.so
[0.900s] -- Up-to-date symlink: /home/dhruv/RotorTM/install/rotor_tm_msgs/local/lib/python3.10/dist-packages/rotor_tm_msgs/rotor_tm_msgs_s__rosidl_typesupport_fastrtps_c.cpython-310-x86_64-linux-gnu.so
[0.900s] -- Up-to-date symlink: /home/dhruv/RotorTM/install/rotor_tm_msgs/local/lib/python3.10/dist-packages/rotor_tm_msgs/rotor_tm_msgs_s__rosidl_typesupport_introspection_c.cpython-310-x86_64-linux-gnu.so
[0.901s] -- Up-to-date symlink: /home/dhruv/RotorTM/install/rotor_tm_msgs/local/lib/python3.10/dist-packages/rotor_tm_msgs/srv/__init__.py
[0.901s] -- Up-to-date symlink: /home/dhruv/RotorTM/install/rotor_tm_msgs/local/lib/python3.10/dist-packages/rotor_tm_msgs/srv/_circle.py
[0.901s] -- Up-to-date symlink: /home/dhruv/RotorTM/install/rotor_tm_msgs/local/lib/python3.10/dist-packages/rotor_tm_msgs/srv/_circle_s.c
[0.901s] -- Up-to-date symlink: /home/dhruv/RotorTM/install/rotor_tm_msgs/local/lib/python3.10/dist-packages/rotor_tm_msgs/srv/_circle_with_rotation.py
[0.901s] -- Up-to-date symlink: /home/dhruv/RotorTM/install/rotor_tm_msgs/local/lib/python3.10/dist-packages/rotor_tm_msgs/srv/_circle_with_rotation_s.c
[0.901s] -- Up-to-date symlink: /home/dhruv/RotorTM/install/rotor_tm_msgs/local/lib/python3.10/dist-packages/rotor_tm_msgs/srv/_copr_status_cmd.py
[0.901s] -- Up-to-date symlink: /home/dhruv/RotorTM/install/rotor_tm_msgs/local/lib/python3.10/dist-packages/rotor_tm_msgs/srv/_copr_status_cmd_s.c
[0.901s] -- Up-to-date symlink: /home/dhruv/RotorTM/install/rotor_tm_msgs/local/lib/python3.10/dist-packages/rotor_tm_msgs/srv/_line.py
[0.901s] -- Up-to-date symlink: /home/dhruv/RotorTM/install/rotor_tm_msgs/local/lib/python3.10/dist-packages/rotor_tm_msgs/srv/_line_s.c
[0.901s] -- Up-to-date symlink: /home/dhruv/RotorTM/install/rotor_tm_msgs/local/lib/python3.10/dist-packages/rotor_tm_msgs/srv/_step_pose.py
[0.901s] -- Up-to-date symlink: /home/dhruv/RotorTM/install/rotor_tm_msgs/local/lib/python3.10/dist-packages/rotor_tm_msgs/srv/_step_pose_s.c
[0.901s] -- Up-to-date symlink: /home/dhruv/RotorTM/install/rotor_tm_msgs/local/lib/python3.10/dist-packages/rotor_tm_msgs/srv/_vec4.py
[0.901s] -- Up-to-date symlink: /home/dhruv/RotorTM/install/rotor_tm_msgs/local/lib/python3.10/dist-packages/rotor_tm_msgs/srv/_vec4_s.c
[0.901s] -- Up-to-date symlink: /home/dhruv/RotorTM/install/rotor_tm_msgs/local/lib/python3.10/dist-packages/rotor_tm_msgs/rotor_tm_msgs_s__rosidl_typesupport_fastrtps_c.cpython-310-x86_64-linux-gnu.so
[0.901s] -- Up-to-date symlink: /home/dhruv/RotorTM/install/rotor_tm_msgs/local/lib/python3.10/dist-packages/rotor_tm_msgs/rotor_tm_msgs_s__rosidl_typesupport_introspection_c.cpython-310-x86_64-linux-gnu.so
[0.902s] -- Up-to-date symlink: /home/dhruv/RotorTM/install/rotor_tm_msgs/local/lib/python3.10/dist-packages/rotor_tm_msgs/rotor_tm_msgs_s__rosidl_typesupport_c.cpython-310-x86_64-linux-gnu.so
[0.902s] -- Up-to-date symlink: /home/dhruv/RotorTM/install/rotor_tm_msgs/share/rotor_tm_msgs/msg/PositionCommand.idl
[0.902s] -- Up-to-date symlink: /home/dhruv/RotorTM/install/rotor_tm_msgs/share/rotor_tm_msgs/msg/FMCommand.idl
[0.902s] -- Up-to-date symlink: /home/dhruv/RotorTM/install/rotor_tm_msgs/share/rotor_tm_msgs/msg/RPMCommand.idl
[0.902s] -- Up-to-date symlink: /home/dhruv/RotorTM/install/rotor_tm_msgs/share/rotor_tm_msgs/msg/SO3Command.idl
[0.902s] -- Up-to-date symlink: /home/dhruv/RotorTM/install/rotor_tm_msgs/share/rotor_tm_msgs/msg/CenPLCommand.idl
[0.902s] -- Up-to-date symlink: /home/dhruv/RotorTM/install/rotor_tm_msgs/share/rotor_tm_msgs/msg/StatusData.idl
[0.902s] -- Up-to-date symlink: /home/dhruv/RotorTM/install/rotor_tm_msgs/share/rotor_tm_msgs/msg/TRPYCommand.idl
[0.902s] -- Up-to-date symlink: /home/dhruv/RotorTM/install/rotor_tm_msgs/share/rotor_tm_msgs/msg/TrajCommand.idl
[0.902s] -- Up-to-date symlink: /home/dhruv/RotorTM/install/rotor_tm_msgs/share/rotor_tm_msgs/msg/FMNCommand.idl
[0.902s] -- Up-to-date symlink: /home/dhruv/RotorTM/install/rotor_tm_msgs/share/rotor_tm_msgs/srv/Vec4.idl
[0.902s] -- Up-to-date symlink: /home/dhruv/RotorTM/install/rotor_tm_msgs/share/rotor_tm_msgs/srv/Circle.idl
[0.902s] -- Up-to-date symlink: /home/dhruv/RotorTM/install/rotor_tm_msgs/share/rotor_tm_msgs/srv/CircleWithRotation.idl
[0.902s] -- Up-to-date symlink: /home/dhruv/RotorTM/install/rotor_tm_msgs/share/rotor_tm_msgs/srv/Line.idl
[0.903s] -- Up-to-date symlink: /home/dhruv/RotorTM/install/rotor_tm_msgs/share/rotor_tm_msgs/srv/CoprStatusCmd.idl
[0.903s] -- Up-to-date symlink: /home/dhruv/RotorTM/install/rotor_tm_msgs/share/rotor_tm_msgs/srv/StepPose.idl
[0.903s] -- Up-to-date symlink: /home/dhruv/RotorTM/install/rotor_tm_msgs/share/rotor_tm_msgs/msg/PositionCommand.msg
[0.903s] -- Up-to-date symlink: /home/dhruv/RotorTM/install/rotor_tm_msgs/share/rotor_tm_msgs/msg/FMCommand.msg
[0.903s] -- Up-to-date symlink: /home/dhruv/RotorTM/install/rotor_tm_msgs/share/rotor_tm_msgs/msg/RPMCommand.msg
[0.903s] -- Up-to-date symlink: /home/dhruv/RotorTM/install/rotor_tm_msgs/share/rotor_tm_msgs/msg/SO3Command.msg
[0.903s] -- Up-to-date symlink: /home/dhruv/RotorTM/install/rotor_tm_msgs/share/rotor_tm_msgs/msg/CenPLCommand.msg
[0.903s] -- Up-to-date symlink: /home/dhruv/RotorTM/install/rotor_tm_msgs/share/rotor_tm_msgs/msg/StatusData.msg
[0.903s] -- Up-to-date symlink: /home/dhruv/RotorTM/install/rotor_tm_msgs/share/rotor_tm_msgs/msg/TRPYCommand.msg
[0.903s] -- Up-to-date symlink: /home/dhruv/RotorTM/install/rotor_tm_msgs/share/rotor_tm_msgs/msg/TrajCommand.msg
[0.903s] -- Up-to-date symlink: /home/dhruv/RotorTM/install/rotor_tm_msgs/share/rotor_tm_msgs/msg/FMNCommand.msg
[0.903s] -- Up-to-date symlink: /home/dhruv/RotorTM/install/rotor_tm_msgs/share/rotor_tm_msgs/srv/Vec4.srv
[0.903s] -- Up-to-date symlink: /home/dhruv/RotorTM/install/rotor_tm_msgs/share/rotor_tm_msgs/srv/Vec4_Request.msg
[0.903s] -- Up-to-date symlink: /home/dhruv/RotorTM/install/rotor_tm_msgs/share/rotor_tm_msgs/srv/Vec4_Response.msg
[0.903s] -- Up-to-date symlink: /home/dhruv/RotorTM/install/rotor_tm_msgs/share/rotor_tm_msgs/srv/Circle.srv
[0.903s] -- Up-to-date symlink: /home/dhruv/RotorTM/install/rotor_tm_msgs/share/rotor_tm_msgs/srv/Circle_Request.msg
[0.903s] -- Up-to-date symlink: /home/dhruv/RotorTM/install/rotor_tm_msgs/share/rotor_tm_msgs/srv/Circle_Response.msg
[0.904s] -- Up-to-date symlink: /home/dhruv/RotorTM/install/rotor_tm_msgs/share/rotor_tm_msgs/srv/CircleWithRotation.srv
[0.904s] -- Up-to-date symlink: /home/dhruv/RotorTM/install/rotor_tm_msgs/share/rotor_tm_msgs/srv/CircleWithRotation_Request.msg
[0.904s] -- Up-to-date symlink: /home/dhruv/RotorTM/install/rotor_tm_msgs/share/rotor_tm_msgs/srv/CircleWithRotation_Response.msg
[0.904s] -- Up-to-date symlink: /home/dhruv/RotorTM/install/rotor_tm_msgs/share/rotor_tm_msgs/srv/Line.srv
[0.904s] -- Up-to-date symlink: /home/dhruv/RotorTM/install/rotor_tm_msgs/share/rotor_tm_msgs/srv/Line_Request.msg
[0.904s] -- Up-to-date symlink: /home/dhruv/RotorTM/install/rotor_tm_msgs/share/rotor_tm_msgs/srv/Line_Response.msg
[0.904s] -- Up-to-date symlink: /home/dhruv/RotorTM/install/rotor_tm_msgs/share/rotor_tm_msgs/srv/CoprStatusCmd.srv
[0.904s] -- Up-to-date symlink: /home/dhruv/RotorTM/install/rotor_tm_msgs/share/rotor_tm_msgs/srv/CoprStatusCmd_Request.msg
[0.904s] -- Up-to-date symlink: /home/dhruv/RotorTM/install/rotor_tm_msgs/share/rotor_tm_msgs/srv/CoprStatusCmd_Response.msg
[0.904s] -- Up-to-date symlink: /home/dhruv/RotorTM/install/rotor_tm_msgs/share/rotor_tm_msgs/srv/StepPose.srv
[0.904s] -- Up-to-date symlink: /home/dhruv/RotorTM/install/rotor_tm_msgs/share/rotor_tm_msgs/srv/StepPose_Request.msg
[0.904s] -- Up-to-date symlink: /home/dhruv/RotorTM/install/rotor_tm_msgs/share/rotor_tm_msgs/srv/StepPose_Response.msg
[0.904s] -- Up-to-date symlink: /home/dhruv/RotorTM/install/rotor_tm_msgs/share/ament_index/resource_index/package_run_dependencies/rotor_tm_msgs
[0.904s] -- Up-to-date symlink: /home/dhruv/RotorTM/install/rotor_tm_msgs/share/ament_index/resource_index/parent_prefix_path/rotor_tm_msgs
[0.904s] -- Up-to-date symlink: /home/dhruv/RotorTM/install/rotor_tm_msgs/share/rotor_tm_msgs/environment/ament_prefix_path.sh
[0.905s] -- Up-to-date symlink: /home/dhruv/RotorTM/install/rotor_tm_msgs/share/rotor_tm_msgs/environment/ament_prefix_path.dsv
[0.905s] -- Up-to-date symlink: /home/dhruv/RotorTM/install/rotor_tm_msgs/share/rotor_tm_msgs/environment/path.sh
[0.905s] -- Up-to-date symlink: /home/dhruv/RotorTM/install/rotor_tm_msgs/share/rotor_tm_msgs/environment/path.dsv
[0.905s] -- Up-to-date symlink: /home/dhruv/RotorTM/install/rotor_tm_msgs/share/rotor_tm_msgs/local_setup.bash
[0.905s] -- Up-to-date symlink: /home/dhruv/RotorTM/install/rotor_tm_msgs/share/rotor_tm_msgs/local_setup.sh
[0.905s] -- Up-to-date symlink: /home/dhruv/RotorTM/install/rotor_tm_msgs/share/rotor_tm_msgs/local_setup.zsh
[0.905s] -- Up-to-date symlink: /home/dhruv/RotorTM/install/rotor_tm_msgs/share/rotor_tm_msgs/local_setup.dsv
[0.905s] -- Symlinking: /home/dhruv/RotorTM/install/rotor_tm_msgs/share/rotor_tm_msgs/package.dsv
[0.911s] -- Up-to-date symlink: /home/dhruv/RotorTM/install/rotor_tm_msgs/share/ament_index/resource_index/packages/rotor_tm_msgs
[0.911s] -- Up-to-date symlink: /home/dhruv/RotorTM/install/rotor_tm_msgs/share/rotor_tm_msgs/cmake/rosidl_cmake-extras.cmake
[0.911s] -- Up-to-date symlink: /home/dhruv/RotorTM/install/rotor_tm_msgs/share/rotor_tm_msgs/cmake/ament_cmake_export_dependencies-extras.cmake
[0.912s] -- Up-to-date symlink: /home/dhruv/RotorTM/install/rotor_tm_msgs/share/rotor_tm_msgs/cmake/ament_cmake_export_include_directories-extras.cmake
[0.912s] -- Up-to-date symlink: /home/dhruv/RotorTM/install/rotor_tm_msgs/share/rotor_tm_msgs/cmake/ament_cmake_export_libraries-extras.cmake
[0.912s] -- Up-to-date symlink: /home/dhruv/RotorTM/install/rotor_tm_msgs/share/rotor_tm_msgs/cmake/ament_cmake_export_targets-extras.cmake
[0.912s] -- Up-to-date symlink: /home/dhruv/RotorTM/install/rotor_tm_msgs/share/rotor_tm_msgs/cmake/rosidl_cmake_export_typesupport_targets-extras.cmake
[0.912s] -- Up-to-date symlink: /home/dhruv/RotorTM/install/rotor_tm_msgs/share/rotor_tm_msgs/cmake/rosidl_cmake_export_typesupport_libraries-extras.cmake
[0.912s] -- Up-to-date symlink: /home/dhruv/RotorTM/install/rotor_tm_msgs/share/rotor_tm_msgs/cmake/rotor_tm_msgsConfig.cmake
[0.912s] -- Up-to-date symlink: /home/dhruv/RotorTM/install/rotor_tm_msgs/share/rotor_tm_msgs/cmake/rotor_tm_msgsConfig-version.cmake
[0.912s] -- Up-to-date symlink: /home/dhruv/RotorTM/install/rotor_tm_msgs/share/rotor_tm_msgs/package.xml
[0.912s] -- Up-to-date: /home/dhruv/RotorTM/install/rotor_tm_msgs/lib/librotor_tm_msgs__rosidl_generator_c.so
[0.913s] -- Up-to-date: /home/dhruv/RotorTM/install/rotor_tm_msgs/lib/librotor_tm_msgs__rosidl_typesupport_fastrtps_c.so
[0.913s] -- Up-to-date: /home/dhruv/RotorTM/install/rotor_tm_msgs/lib/librotor_tm_msgs__rosidl_typesupport_introspection_c.so
[0.913s] -- Up-to-date: /home/dhruv/RotorTM/install/rotor_tm_msgs/lib/librotor_tm_msgs__rosidl_typesupport_c.so
[0.913s] -- Up-to-date: /home/dhruv/RotorTM/install/rotor_tm_msgs/lib/librotor_tm_msgs__rosidl_typesupport_fastrtps_cpp.so
[0.913s] -- Up-to-date: /home/dhruv/RotorTM/install/rotor_tm_msgs/lib/librotor_tm_msgs__rosidl_typesupport_introspection_cpp.so
[0.913s] -- Up-to-date: /home/dhruv/RotorTM/install/rotor_tm_msgs/lib/librotor_tm_msgs__rosidl_typesupport_cpp.so
[0.939s] Listing '/home/dhruv/RotorTM/install/rotor_tm_msgs/local/lib/python3.10/dist-packages/rotor_tm_msgs'...
[0.939s] Listing '/home/dhruv/RotorTM/install/rotor_tm_msgs/local/lib/python3.10/dist-packages/rotor_tm_msgs/msg'...
[0.939s] Listing '/home/dhruv/RotorTM/install/rotor_tm_msgs/local/lib/python3.10/dist-packages/rotor_tm_msgs/srv'...
[0.942s] -- Up-to-date: /home/dhruv/RotorTM/install/rotor_tm_msgs/lib/librotor_tm_msgs__rosidl_generator_py.so
[0.942s] -- Up-to-date: /home/dhruv/RotorTM/install/rotor_tm_msgs/share/rotor_tm_msgs/cmake/export_rotor_tm_msgs__rosidl_generator_cExport.cmake
[0.942s] -- Up-to-date: /home/dhruv/RotorTM/install/rotor_tm_msgs/share/rotor_tm_msgs/cmake/export_rotor_tm_msgs__rosidl_generator_cExport-noconfig.cmake
[0.942s] -- Up-to-date: /home/dhruv/RotorTM/install/rotor_tm_msgs/share/rotor_tm_msgs/cmake/export_rotor_tm_msgs__rosidl_typesupport_fastrtps_cExport.cmake
[0.942s] -- Up-to-date: /home/dhruv/RotorTM/install/rotor_tm_msgs/share/rotor_tm_msgs/cmake/export_rotor_tm_msgs__rosidl_typesupport_fastrtps_cExport-noconfig.cmake
[0.942s] -- Up-to-date: /home/dhruv/RotorTM/install/rotor_tm_msgs/share/rotor_tm_msgs/cmake/rotor_tm_msgs__rosidl_typesupport_introspection_cExport.cmake
[0.942s] -- Up-to-date: /home/dhruv/RotorTM/install/rotor_tm_msgs/share/rotor_tm_msgs/cmake/rotor_tm_msgs__rosidl_typesupport_introspection_cExport-noconfig.cmake
[0.942s] -- Up-to-date: /home/dhruv/RotorTM/install/rotor_tm_msgs/share/rotor_tm_msgs/cmake/rotor_tm_msgs__rosidl_typesupport_cExport.cmake
[0.942s] -- Up-to-date: /home/dhruv/RotorTM/install/rotor_tm_msgs/share/rotor_tm_msgs/cmake/rotor_tm_msgs__rosidl_typesupport_cExport-noconfig.cmake
[0.942s] -- Up-to-date: /home/dhruv/RotorTM/install/rotor_tm_msgs/share/rotor_tm_msgs/cmake/export_rotor_tm_msgs__rosidl_generator_cppExport.cmake
[0.942s] -- Up-to-date: /home/dhruv/RotorTM/install/rotor_tm_msgs/share/rotor_tm_msgs/cmake/export_rotor_tm_msgs__rosidl_typesupport_fastrtps_cppExport.cmake
[0.942s] -- Up-to-date: /home/dhruv/RotorTM/install/rotor_tm_msgs/share/rotor_tm_msgs/cmake/export_rotor_tm_msgs__rosidl_typesupport_fastrtps_cppExport-noconfig.cmake
[0.942s] -- Up-to-date: /home/dhruv/RotorTM/install/rotor_tm_msgs/share/rotor_tm_msgs/cmake/rotor_tm_msgs__rosidl_typesupport_introspection_cppExport.cmake
[0.942s] -- Up-to-date: /home/dhruv/RotorTM/install/rotor_tm_msgs/share/rotor_tm_msgs/cmake/rotor_tm_msgs__rosidl_typesupport_introspection_cppExport-noconfig.cmake
[0.942s] -- Up-to-date: /home/dhruv/RotorTM/install/rotor_tm_msgs/share/rotor_tm_msgs/cmake/rotor_tm_msgs__rosidl_typesupport_cppExport.cmake
[0.942s] -- Up-to-date: /home/dhruv/RotorTM/install/rotor_tm_msgs/share/rotor_tm_msgs/cmake/rotor_tm_msgs__rosidl_typesupport_cppExport-noconfig.cmake
[0.942s] -- Up-to-date: /home/dhruv/RotorTM/install/rotor_tm_msgs/share/rotor_tm_msgs/cmake/export_rotor_tm_msgs__rosidl_generator_pyExport.cmake
[0.943s] -- Up-to-date: /home/dhruv/RotorTM/install/rotor_tm_msgs/share/rotor_tm_msgs/cmake/export_rotor_tm_msgs__rosidl_generator_pyExport-noconfig.cmake
[0.944s] Invoked command in '/home/dhruv/RotorTM/build/rotor_tm_msgs' returned '0': CMAKE_PREFIX_PATH=${CMAKE_PREFIX_PATH}:/home/dhruv/rbe500-ros/install/rbe500_example_py:/home/dhruv/rbe500-ros/install/grp_assn_2:/home/dhruv/rbe500-ros/install/grp_assn_1:/home/dhruv/rbe500-ros/install/grp_assn_3:/opt/ros/humble /usr/bin/cmake --install /home/dhruv/RotorTM/build/rotor_tm_msgs
