[0.022s] Invoking command in '/home/swati/Quad_DR/RotorTM/build/rotor_tm_msgs': CMAKE_PREFIX_PATH=${CMAKE_PREFIX_PATH}:/home/swati/Quad_DR/RotorTM/install/rotor_tm_sim:/home/swati/Quad_DR/RotorTM/install/rotor_tm_control:/home/swati/Quad_DR/RotorTM/install/rotor_tm_utils:/home/swati/Quad_DR/RotorTM/install/rotor_tm_traj:/home/swati/Quad_DR/RotorTM/install/rotor_tm_keyboard2wrench:/home/swati/Quad_DR/RotorTM/install/rotor_tm_config:/home/swati/Quad_DR/RotorTM/install/payload_control:/opt/ros/humble /opt/cmake-3.28.3-linux-x86_64/bin/cmake /home/swati/Quad_DR/RotorTM/src/rotor_tm_msgs -DCMAKE_INSTALL_PREFIX=/home/swati/Quad_DR/RotorTM/install/rotor_tm_msgs
[0.706s] -- The C compiler identification is GNU 11.4.0
[0.706s] -- The CXX compiler identification is GNU 11.4.0
[0.706s] -- Detecting C compiler ABI info
[0.706s] -- Detecting C compiler ABI info - done
[0.706s] -- Check for working C compiler: /usr/bin/cc - skipped
[0.706s] -- Detecting C compile features
[0.706s] -- Detecting C compile features - done
[0.706s] -- Detecting CXX compiler ABI info
[0.706s] -- Detecting CXX compiler ABI info - done
[0.706s] -- Check for working CXX compiler: /usr/bin/c++ - skipped
[0.706s] -- Detecting CXX compile features
[0.706s] -- Detecting CXX compile features - done
[0.706s] -- Found rosidl_default_generators: 1.2.0 (/opt/ros/humble/share/rosidl_default_generators/cmake)
[0.706s] -- Found ament_cmake_core: 1.3.10 (/opt/ros/humble/share/ament_cmake_core/cmake)
[0.706s] -- Found Python3: /usr/bin/python3 (found version "3.10.12") found components: Interpreter 
[0.706s] -- Using all available rosidl_typesupport_c: rosidl_typesupport_fastrtps_c;rosidl_typesupport_introspection_c
[0.706s] -- Found rosidl_adapter: 3.1.5 (/opt/ros/humble/share/rosidl_adapter/cmake)
[0.706s] -- Using all available rosidl_typesupport_cpp: rosidl_typesupport_fastrtps_cpp;rosidl_typesupport_introspection_cpp
[0.706s] -- Found rclpy: 3.3.14 (/opt/ros/humble/share/rclpy/cmake)
[0.706s] -- Found nav_msgs: 4.2.4 (/opt/ros/humble/share/nav_msgs/cmake)
[0.707s] -- Found sensor_msgs: 4.2.4 (/opt/ros/humble/share/sensor_msgs/cmake)
[1.051s] -- Found ament_cmake_ros: 0.10.0 (/opt/ros/humble/share/ament_cmake_ros/cmake)
[1.610s] -- Using all available rosidl_typesupport_c: rosidl_typesupport_fastrtps_c;rosidl_typesupport_introspection_c
[2.285s] -- Using all available rosidl_typesupport_cpp: rosidl_typesupport_fastrtps_cpp;rosidl_typesupport_introspection_cpp
[2.287s] [33mCMake Warning (dev) at /opt/ros/humble/share/rosidl_generator_py/cmake/rosidl_generator_py_generate_interfaces.cmake:20 (find_package):
[2.287s]   Policy CMP0148 is not set: The FindPythonInterp and FindPythonLibs modules
[2.287s]   are removed.  Run "cmake --help-policy CMP0148" for policy details.  Use
[2.287s]   the cmake_policy command to set the policy and suppress this warning.
[2.287s] 
[2.287s] Call Stack (most recent call first):
[2.287s]   /opt/ros/humble/share/ament_cmake_core/cmake/core/ament_execute_extensions.cmake:48 (include)
[2.287s]   /opt/ros/humble/share/rosidl_cmake/cmake/rosidl_generate_interfaces.cmake:286 (ament_execute_extensions)
[2.287s]   CMakeLists.txt:24 (rosidl_generate_interfaces)
[2.287s] This warning is for project developers.  Use -Wno-dev to suppress it.
[2.287s] [0m
[2.306s] -- Found PythonInterp: /usr/bin/python3 (found suitable version "3.10.12", minimum required is "3.6") 
[2.308s] -- Found python_cmake_module: 0.10.0 (/opt/ros/humble/share/python_cmake_module/cmake)
[2.308s] [33mCMake Warning (dev) at /opt/ros/humble/share/python_cmake_module/cmake/Modules/FindPythonExtra.cmake:52 (find_package):
[2.308s]   Policy CMP0148 is not set: The FindPythonInterp and FindPythonLibs modules
[2.308s]   are removed.  Run "cmake --help-policy CMP0148" for policy details.  Use
[2.308s]   the cmake_policy command to set the policy and suppress this warning.
[2.308s] 
[2.308s] Call Stack (most recent call first):
[2.308s]   /opt/ros/humble/share/rosidl_generator_py/cmake/rosidl_generator_py_generate_interfaces.cmake:23 (find_package)
[2.308s]   /opt/ros/humble/share/ament_cmake_core/cmake/core/ament_execute_extensions.cmake:48 (include)
[2.308s]   /opt/ros/humble/share/rosidl_cmake/cmake/rosidl_generate_interfaces.cmake:286 (ament_execute_extensions)
[2.309s]   CMakeLists.txt:24 (rosidl_generate_interfaces)
[2.309s] This warning is for project developers.  Use -Wno-dev to suppress it.
[2.309s] [0m
[2.328s] [33mCMake Warning (dev) at /opt/ros/humble/share/python_cmake_module/cmake/Modules/FindPythonExtra.cmake:140 (find_package):
[2.328s]   Policy CMP0148 is not set: The FindPythonInterp and FindPythonLibs modules
[2.328s]   are removed.  Run "cmake --help-policy CMP0148" for policy details.  Use
[2.328s]   the cmake_policy command to set the policy and suppress this warning.
[2.328s] 
[2.329s] Call Stack (most recent call first):
[2.329s]   /opt/ros/humble/share/rosidl_generator_py/cmake/rosidl_generator_py_generate_interfaces.cmake:23 (find_package)
[2.329s]   /opt/ros/humble/share/ament_cmake_core/cmake/core/ament_execute_extensions.cmake:48 (include)
[2.329s]   /opt/ros/humble/share/rosidl_cmake/cmake/rosidl_generate_interfaces.cmake:286 (ament_execute_extensions)
[2.329s]   CMakeLists.txt:24 (rosidl_generate_interfaces)
[2.329s] This warning is for project developers.  Use -Wno-dev to suppress it.
[2.329s] [0m
[2.333s] -- Found PythonLibs: /usr/lib/x86_64-linux-gnu/libpython3.10.so (found suitable version "3.10.12", minimum required is "3.5") 
[2.333s] -- Using PYTHON_EXECUTABLE: /usr/bin/python3
[2.333s] -- Using PYTHON_INCLUDE_DIRS: /usr/include/python3.10
[2.333s] -- Using PYTHON_LIBRARIES: /usr/lib/x86_64-linux-gnu/libpython3.10.so
[2.356s] -- Found PythonExtra: .so  
[2.430s] -- Found ament_lint_auto: 0.12.11 (/opt/ros/humble/share/ament_lint_auto/cmake)
[2.444s] -- Added test 'cppcheck' to perform static code analysis on C / C++ code
[2.444s] -- Configured cppcheck include dirs: 
[2.444s] -- Configured cppcheck exclude dirs and/or files: 
[2.445s] -- Added test 'lint_cmake' to check CMake code style
[2.446s] -- Added test 'uncrustify' to check C / C++ code style
[2.446s] -- Configured uncrustify additional arguments: 
[2.446s] -- Added test 'xmllint' to check XML markup files
[2.448s] -- Configuring done (2.4s)
[2.493s] -- Generating done (0.0s)
[2.494s] -- Build files have been written to: /home/swati/Quad_DR/RotorTM/build/rotor_tm_msgs
[2.501s] Invoked command in '/home/swati/Quad_DR/RotorTM/build/rotor_tm_msgs' returned '0': CMAKE_PREFIX_PATH=${CMAKE_PREFIX_PATH}:/home/swati/Quad_DR/RotorTM/install/rotor_tm_sim:/home/swati/Quad_DR/RotorTM/install/rotor_tm_control:/home/swati/Quad_DR/RotorTM/install/rotor_tm_utils:/home/swati/Quad_DR/RotorTM/install/rotor_tm_traj:/home/swati/Quad_DR/RotorTM/install/rotor_tm_keyboard2wrench:/home/swati/Quad_DR/RotorTM/install/rotor_tm_config:/home/swati/Quad_DR/RotorTM/install/payload_control:/opt/ros/humble /opt/cmake-3.28.3-linux-x86_64/bin/cmake /home/swati/Quad_DR/RotorTM/src/rotor_tm_msgs -DCMAKE_INSTALL_PREFIX=/home/swati/Quad_DR/RotorTM/install/rotor_tm_msgs
[2.502s] Invoking command in '/home/swati/Quad_DR/RotorTM/build/rotor_tm_msgs': CMAKE_PREFIX_PATH=${CMAKE_PREFIX_PATH}:/home/swati/Quad_DR/RotorTM/install/rotor_tm_sim:/home/swati/Quad_DR/RotorTM/install/rotor_tm_control:/home/swati/Quad_DR/RotorTM/install/rotor_tm_utils:/home/swati/Quad_DR/RotorTM/install/rotor_tm_traj:/home/swati/Quad_DR/RotorTM/install/rotor_tm_keyboard2wrench:/home/swati/Quad_DR/RotorTM/install/rotor_tm_config:/home/swati/Quad_DR/RotorTM/install/payload_control:/opt/ros/humble /opt/cmake-3.28.3-linux-x86_64/bin/cmake --build /home/swati/Quad_DR/RotorTM/build/rotor_tm_msgs -- -j20 -l20
[2.525s] [  1%] [34m[1mGenerating C code for ROS interfaces[0m
[2.531s] [  1%] [34m[1mGenerating C++ code for ROS interfaces[0m
[2.532s] [  1%] Built target ament_cmake_python_copy_rotor_tm_msgs
[2.700s] running egg_info
[2.711s] creating rotor_tm_msgs.egg-info
[2.711s] writing rotor_tm_msgs.egg-info/PKG-INFO
[2.711s] writing dependency_links to rotor_tm_msgs.egg-info/dependency_links.txt
[2.712s] writing top-level names to rotor_tm_msgs.egg-info/top_level.txt
[2.712s] writing manifest file 'rotor_tm_msgs.egg-info/SOURCES.txt'
[2.744s] reading manifest file 'rotor_tm_msgs.egg-info/SOURCES.txt'
[2.744s] writing manifest file 'rotor_tm_msgs.egg-info/SOURCES.txt'
[2.762s] [  1%] Built target ament_cmake_python_build_rotor_tm_msgs_egg
[3.248s] [  1%] Built target rotor_tm_msgs__cpp
[3.252s] [  2%] [34m[1mGenerating C++ type support for eProsima Fast-RTPS[0m
[3.253s] [  3%] [34m[1mGenerating C++ type support dispatch for ROS interfaces[0m
[3.254s] [  3%] [34m[1mGenerating C++ introspection for ROS interfaces[0m
[3.275s] [  4%] [32mBuilding C object CMakeFiles/rotor_tm_msgs__rosidl_generator_c.dir/rosidl_generator_c/rotor_tm_msgs/msg/detail/so3_command__functions.c.o[0m
[3.275s] [  4%] [32mBuilding C object CMakeFiles/rotor_tm_msgs__rosidl_generator_c.dir/rosidl_generator_c/rotor_tm_msgs/msg/detail/rpm_command__functions.c.o[0m
[3.275s] [  4%] [32mBuilding C object CMakeFiles/rotor_tm_msgs__rosidl_generator_c.dir/rosidl_generator_c/rotor_tm_msgs/msg/detail/position_command__functions.c.o[0m
[3.275s] [  6%] [32mBuilding C object CMakeFiles/rotor_tm_msgs__rosidl_generator_c.dir/rosidl_generator_c/rotor_tm_msgs/msg/detail/cen_pl_command__functions.c.o[0m
[3.276s] [  6%] [32mBuilding C object CMakeFiles/rotor_tm_msgs__rosidl_generator_c.dir/rosidl_generator_c/rotor_tm_msgs/msg/detail/status_data__functions.c.o[0m
[3.276s] [  7%] [32mBuilding C object CMakeFiles/rotor_tm_msgs__rosidl_generator_c.dir/rosidl_generator_c/rotor_tm_msgs/msg/detail/fm_command__functions.c.o[0m
[3.276s] [  7%] [32mBuilding C object CMakeFiles/rotor_tm_msgs__rosidl_generator_c.dir/rosidl_generator_c/rotor_tm_msgs/msg/detail/trpy_command__functions.c.o[0m
[3.276s] [  9%] [32mBuilding C object CMakeFiles/rotor_tm_msgs__rosidl_generator_c.dir/rosidl_generator_c/rotor_tm_msgs/msg/detail/fmn_command__functions.c.o[0m
[3.277s] [  9%] [32mBuilding C object CMakeFiles/rotor_tm_msgs__rosidl_generator_c.dir/rosidl_generator_c/rotor_tm_msgs/msg/detail/traj_command__functions.c.o[0m
[3.277s] [ 10%] [32mBuilding C object CMakeFiles/rotor_tm_msgs__rosidl_generator_c.dir/rosidl_generator_c/rotor_tm_msgs/srv/detail/vec4__functions.c.o[0m
[3.277s] [ 11%] [32mBuilding C object CMakeFiles/rotor_tm_msgs__rosidl_generator_c.dir/rosidl_generator_c/rotor_tm_msgs/srv/detail/circle_with_rotation__functions.c.o[0m
[3.277s] [ 11%] [32mBuilding C object CMakeFiles/rotor_tm_msgs__rosidl_generator_c.dir/rosidl_generator_c/rotor_tm_msgs/srv/detail/circle__functions.c.o[0m
[3.277s] [ 12%] [32mBuilding C object CMakeFiles/rotor_tm_msgs__rosidl_generator_c.dir/rosidl_generator_c/rotor_tm_msgs/srv/detail/line__functions.c.o[0m
[3.278s] [ 12%] [32mBuilding C object CMakeFiles/rotor_tm_msgs__rosidl_generator_c.dir/rosidl_generator_c/rotor_tm_msgs/srv/detail/copr_status_cmd__functions.c.o[0m
[3.279s] [ 13%] [32mBuilding C object CMakeFiles/rotor_tm_msgs__rosidl_generator_c.dir/rosidl_generator_c/rotor_tm_msgs/srv/detail/step_pose__functions.c.o[0m
[3.331s] [ 14%] [32m[1mLinking C shared library librotor_tm_msgs__rosidl_generator_c.so[0m
[3.354s] [ 14%] Built target rotor_tm_msgs__rosidl_generator_c
[3.359s] [ 16%] [34m[1mGenerating C type support dispatch for ROS interfaces[0m
[3.359s] [ 16%] [34m[1mGenerating C type support for eProsima Fast-RTPS[0m
[3.360s] [ 17%] [34m[1mGenerating C introspection for ROS interfaces[0m
[3.750s] [ 18%] [32mBuilding CXX object CMakeFiles/rotor_tm_msgs__rosidl_typesupport_cpp.dir/rosidl_typesupport_cpp/rotor_tm_msgs/msg/position_command__type_support.cpp.o[0m
[3.750s] [ 18%] [32mBuilding CXX object CMakeFiles/rotor_tm_msgs__rosidl_typesupport_cpp.dir/rosidl_typesupport_cpp/rotor_tm_msgs/msg/fm_command__type_support.cpp.o[0m
[3.750s] [ 18%] [32mBuilding CXX object CMakeFiles/rotor_tm_msgs__rosidl_typesupport_cpp.dir/rosidl_typesupport_cpp/rotor_tm_msgs/msg/cen_pl_command__type_support.cpp.o[0m
[3.750s] [ 19%] [32mBuilding CXX object CMakeFiles/rotor_tm_msgs__rosidl_typesupport_cpp.dir/rosidl_typesupport_cpp/rotor_tm_msgs/msg/rpm_command__type_support.cpp.o[0m
[3.750s] [ 20%] [32mBuilding CXX object CMakeFiles/rotor_tm_msgs__rosidl_typesupport_cpp.dir/rosidl_typesupport_cpp/rotor_tm_msgs/msg/so3_command__type_support.cpp.o[0m
[3.750s] [ 21%] [32mBuilding CXX object CMakeFiles/rotor_tm_msgs__rosidl_typesupport_cpp.dir/rosidl_typesupport_cpp/rotor_tm_msgs/msg/status_data__type_support.cpp.o[0m
[3.751s] [ 22%] [32mBuilding CXX object CMakeFiles/rotor_tm_msgs__rosidl_typesupport_cpp.dir/rosidl_typesupport_cpp/rotor_tm_msgs/msg/trpy_command__type_support.cpp.o[0m
[3.751s] [ 23%] [32mBuilding CXX object CMakeFiles/rotor_tm_msgs__rosidl_typesupport_cpp.dir/rosidl_typesupport_cpp/rotor_tm_msgs/msg/traj_command__type_support.cpp.o[0m
[3.752s] [ 24%] [32mBuilding CXX object CMakeFiles/rotor_tm_msgs__rosidl_typesupport_cpp.dir/rosidl_typesupport_cpp/rotor_tm_msgs/msg/fmn_command__type_support.cpp.o[0m
[3.752s] [ 24%] [32mBuilding CXX object CMakeFiles/rotor_tm_msgs__rosidl_typesupport_cpp.dir/rosidl_typesupport_cpp/rotor_tm_msgs/srv/vec4__type_support.cpp.o[0m
[3.752s] [ 25%] [32mBuilding CXX object CMakeFiles/rotor_tm_msgs__rosidl_typesupport_cpp.dir/rosidl_typesupport_cpp/rotor_tm_msgs/srv/circle__type_support.cpp.o[0m
[3.754s] [ 25%] [32mBuilding CXX object CMakeFiles/rotor_tm_msgs__rosidl_typesupport_cpp.dir/rosidl_typesupport_cpp/rotor_tm_msgs/srv/circle_with_rotation__type_support.cpp.o[0m
[3.754s] [ 26%] [32mBuilding CXX object CMakeFiles/rotor_tm_msgs__rosidl_typesupport_cpp.dir/rosidl_typesupport_cpp/rotor_tm_msgs/srv/line__type_support.cpp.o[0m
[3.754s] [ 27%] [32mBuilding CXX object CMakeFiles/rotor_tm_msgs__rosidl_typesupport_cpp.dir/rosidl_typesupport_cpp/rotor_tm_msgs/srv/copr_status_cmd__type_support.cpp.o[0m
[3.759s] [ 27%] [32mBuilding CXX object CMakeFiles/rotor_tm_msgs__rosidl_typesupport_cpp.dir/rosidl_typesupport_cpp/rotor_tm_msgs/srv/step_pose__type_support.cpp.o[0m
[4.009s] [ 27%] [32mBuilding CXX object CMakeFiles/rotor_tm_msgs__rosidl_typesupport_c.dir/rosidl_typesupport_c/rotor_tm_msgs/msg/position_command__type_support.cpp.o[0m
[4.010s] [ 28%] [32mBuilding CXX object CMakeFiles/rotor_tm_msgs__rosidl_typesupport_c.dir/rosidl_typesupport_c/rotor_tm_msgs/msg/fm_command__type_support.cpp.o[0m
[4.010s] [ 28%] [32mBuilding CXX object CMakeFiles/rotor_tm_msgs__rosidl_typesupport_c.dir/rosidl_typesupport_c/rotor_tm_msgs/msg/so3_command__type_support.cpp.o[0m
[4.010s] [ 29%] [32mBuilding CXX object CMakeFiles/rotor_tm_msgs__rosidl_typesupport_c.dir/rosidl_typesupport_c/rotor_tm_msgs/msg/rpm_command__type_support.cpp.o[0m
[4.017s] [ 30%] [32mBuilding CXX object CMakeFiles/rotor_tm_msgs__rosidl_typesupport_c.dir/rosidl_typesupport_c/rotor_tm_msgs/msg/cen_pl_command__type_support.cpp.o[0m
[4.017s] [ 31%] [32mBuilding CXX object CMakeFiles/rotor_tm_msgs__rosidl_typesupport_c.dir/rosidl_typesupport_c/rotor_tm_msgs/msg/status_data__type_support.cpp.o[0m
[4.030s] [ 32%] [32mBuilding CXX object CMakeFiles/rotor_tm_msgs__rosidl_typesupport_c.dir/rosidl_typesupport_c/rotor_tm_msgs/msg/trpy_command__type_support.cpp.o[0m
[4.037s] [ 33%] [32mBuilding CXX object CMakeFiles/rotor_tm_msgs__rosidl_typesupport_introspection_cpp.dir/rosidl_typesupport_introspection_cpp/rotor_tm_msgs/msg/detail/position_command__type_support.cpp.o[0m
[4.037s] [ 33%] [32mBuilding CXX object CMakeFiles/rotor_tm_msgs__rosidl_typesupport_c.dir/rosidl_typesupport_c/rotor_tm_msgs/msg/traj_command__type_support.cpp.o[0m
[4.037s] [ 34%] [32mBuilding CXX object CMakeFiles/rotor_tm_msgs__rosidl_typesupport_c.dir/rosidl_typesupport_c/rotor_tm_msgs/msg/fmn_command__type_support.cpp.o[0m
[4.038s] [ 35%] [32mBuilding CXX object CMakeFiles/rotor_tm_msgs__rosidl_typesupport_c.dir/rosidl_typesupport_c/rotor_tm_msgs/srv/vec4__type_support.cpp.o[0m
[4.039s] [ 35%] [32mBuilding CXX object CMakeFiles/rotor_tm_msgs__rosidl_typesupport_c.dir/rosidl_typesupport_c/rotor_tm_msgs/srv/circle__type_support.cpp.o[0m
[4.043s] [ 36%] [32mBuilding CXX object CMakeFiles/rotor_tm_msgs__rosidl_typesupport_introspection_cpp.dir/rosidl_typesupport_introspection_cpp/rotor_tm_msgs/msg/detail/fm_command__type_support.cpp.o[0m
[4.048s] [ 37%] [32mBuilding CXX object CMakeFiles/rotor_tm_msgs__rosidl_typesupport_c.dir/rosidl_typesupport_c/rotor_tm_msgs/srv/circle_with_rotation__type_support.cpp.o[0m
[4.050s] [ 37%] [32mBuilding CXX object CMakeFiles/rotor_tm_msgs__rosidl_typesupport_introspection_cpp.dir/rosidl_typesupport_introspection_cpp/rotor_tm_msgs/msg/detail/rpm_command__type_support.cpp.o[0m
[4.052s] [ 38%] [32mBuilding CXX object CMakeFiles/rotor_tm_msgs__rosidl_typesupport_c.dir/rosidl_typesupport_c/rotor_tm_msgs/srv/line__type_support.cpp.o[0m
[4.056s] [ 39%] [32mBuilding CXX object CMakeFiles/rotor_tm_msgs__rosidl_typesupport_introspection_cpp.dir/rosidl_typesupport_introspection_cpp/rotor_tm_msgs/msg/detail/so3_command__type_support.cpp.o[0m
[4.058s] [ 39%] [32mBuilding CXX object CMakeFiles/rotor_tm_msgs__rosidl_typesupport_c.dir/rosidl_typesupport_c/rotor_tm_msgs/srv/copr_status_cmd__type_support.cpp.o[0m
[4.058s] [ 40%] [32mBuilding CXX object CMakeFiles/rotor_tm_msgs__rosidl_typesupport_c.dir/rosidl_typesupport_c/rotor_tm_msgs/srv/step_pose__type_support.cpp.o[0m
[4.058s] [ 41%] [32mBuilding CXX object CMakeFiles/rotor_tm_msgs__rosidl_typesupport_introspection_cpp.dir/rosidl_typesupport_introspection_cpp/rotor_tm_msgs/msg/detail/cen_pl_command__type_support.cpp.o[0m
[4.060s] [ 42%] [32mBuilding CXX object CMakeFiles/rotor_tm_msgs__rosidl_typesupport_introspection_cpp.dir/rosidl_typesupport_introspection_cpp/rotor_tm_msgs/msg/detail/status_data__type_support.cpp.o[0m
[4.062s] [ 42%] [32mBuilding CXX object CMakeFiles/rotor_tm_msgs__rosidl_typesupport_introspection_cpp.dir/rosidl_typesupport_introspection_cpp/rotor_tm_msgs/msg/detail/trpy_command__type_support.cpp.o[0m
[4.063s] [ 43%] [32mBuilding CXX object CMakeFiles/rotor_tm_msgs__rosidl_typesupport_introspection_cpp.dir/rosidl_typesupport_introspection_cpp/rotor_tm_msgs/msg/detail/traj_command__type_support.cpp.o[0m
[4.068s] [ 44%] [32mBuilding CXX object CMakeFiles/rotor_tm_msgs__rosidl_typesupport_introspection_cpp.dir/rosidl_typesupport_introspection_cpp/rotor_tm_msgs/msg/detail/fmn_command__type_support.cpp.o[0m
[4.073s] [ 46%] [32mBuilding CXX object CMakeFiles/rotor_tm_msgs__rosidl_typesupport_introspection_cpp.dir/rosidl_typesupport_introspection_cpp/rotor_tm_msgs/srv/detail/circle__type_support.cpp.o[0m
[4.073s] [ 46%] [32mBuilding CXX object CMakeFiles/rotor_tm_msgs__rosidl_typesupport_introspection_cpp.dir/rosidl_typesupport_introspection_cpp/rotor_tm_msgs/srv/detail/vec4__type_support.cpp.o[0m
[4.073s] [ 46%] [32m[1mLinking CXX shared library librotor_tm_msgs__rosidl_typesupport_cpp.so[0m
[4.073s] [ 47%] [32mBuilding CXX object CMakeFiles/rotor_tm_msgs__rosidl_typesupport_introspection_cpp.dir/rosidl_typesupport_introspection_cpp/rotor_tm_msgs/srv/detail/circle_with_rotation__type_support.cpp.o[0m
[4.074s] [ 47%] [32mBuilding CXX object CMakeFiles/rotor_tm_msgs__rosidl_typesupport_introspection_cpp.dir/rosidl_typesupport_introspection_cpp/rotor_tm_msgs/srv/detail/line__type_support.cpp.o[0m
[4.081s] [ 48%] [32mBuilding CXX object CMakeFiles/rotor_tm_msgs__rosidl_typesupport_introspection_cpp.dir/rosidl_typesupport_introspection_cpp/rotor_tm_msgs/srv/detail/copr_status_cmd__type_support.cpp.o[0m
[4.081s] [ 49%] [32mBuilding CXX object CMakeFiles/rotor_tm_msgs__rosidl_typesupport_introspection_cpp.dir/rosidl_typesupport_introspection_cpp/rotor_tm_msgs/srv/detail/step_pose__type_support.cpp.o[0m
[4.089s] [ 50%] [32m[1mLinking CXX shared library librotor_tm_msgs__rosidl_typesupport_c.so[0m
[4.109s] [ 50%] Built target rotor_tm_msgs__rosidl_typesupport_cpp
[4.121s] [ 52%] [32mBuilding CXX object CMakeFiles/rotor_tm_msgs__rosidl_typesupport_fastrtps_cpp.dir/rosidl_typesupport_fastrtps_cpp/rotor_tm_msgs/msg/detail/dds_fastrtps/fm_command__type_support.cpp.o[0m
[4.122s] [ 52%] [32mBuilding CXX object CMakeFiles/rotor_tm_msgs__rosidl_typesupport_fastrtps_cpp.dir/rosidl_typesupport_fastrtps_cpp/rotor_tm_msgs/msg/detail/dds_fastrtps/position_command__type_support.cpp.o[0m
[4.136s] [ 52%] Built target rotor_tm_msgs__rosidl_typesupport_c
[4.140s] [ 52%] [32mBuilding CXX object CMakeFiles/rotor_tm_msgs__rosidl_typesupport_fastrtps_cpp.dir/rosidl_typesupport_fastrtps_cpp/rotor_tm_msgs/msg/detail/dds_fastrtps/rpm_command__type_support.cpp.o[0m
[4.303s] [ 53%] [32mBuilding CXX object CMakeFiles/rotor_tm_msgs__rosidl_typesupport_fastrtps_c.dir/rosidl_typesupport_fastrtps_c/rotor_tm_msgs/msg/detail/position_command__type_support_c.cpp.o[0m
[4.404s] [ 54%] [32mBuilding C object CMakeFiles/rotor_tm_msgs__rosidl_typesupport_introspection_c.dir/rosidl_typesupport_introspection_c/rotor_tm_msgs/msg/detail/position_command__type_support.c.o[0m
[4.445s] [ 54%] [32mBuilding CXX object CMakeFiles/rotor_tm_msgs__rosidl_typesupport_fastrtps_c.dir/rosidl_typesupport_fastrtps_c/rotor_tm_msgs/msg/detail/fm_command__type_support_c.cpp.o[0m
[4.449s] [ 55%] [32mBuilding CXX object CMakeFiles/rotor_tm_msgs__rosidl_typesupport_fastrtps_c.dir/rosidl_typesupport_fastrtps_c/rotor_tm_msgs/msg/detail/rpm_command__type_support_c.cpp.o[0m
[4.449s] [ 55%] [32mBuilding C object CMakeFiles/rotor_tm_msgs__rosidl_typesupport_introspection_c.dir/rosidl_typesupport_introspection_c/rotor_tm_msgs/msg/detail/fm_command__type_support.c.o[0m
[4.456s] [ 56%] [32mBuilding C object CMakeFiles/rotor_tm_msgs__rosidl_typesupport_introspection_c.dir/rosidl_typesupport_introspection_c/rotor_tm_msgs/msg/detail/rpm_command__type_support.c.o[0m
[4.460s] [ 57%] [32mBuilding C object CMakeFiles/rotor_tm_msgs__rosidl_typesupport_introspection_c.dir/rosidl_typesupport_introspection_c/rotor_tm_msgs/msg/detail/so3_command__type_support.c.o[0m
[4.464s] [ 58%] [32mBuilding C object CMakeFiles/rotor_tm_msgs__rosidl_typesupport_introspection_c.dir/rosidl_typesupport_introspection_c/rotor_tm_msgs/msg/detail/cen_pl_command__type_support.c.o[0m
[4.477s] [ 58%] [32mBuilding C object CMakeFiles/rotor_tm_msgs__rosidl_typesupport_introspection_c.dir/rosidl_typesupport_introspection_c/rotor_tm_msgs/msg/detail/status_data__type_support.c.o[0m
[4.478s] [ 59%] [32mBuilding C object CMakeFiles/rotor_tm_msgs__rosidl_typesupport_introspection_c.dir/rosidl_typesupport_introspection_c/rotor_tm_msgs/msg/detail/trpy_command__type_support.c.o[0m
[4.489s] [ 60%] [32mBuilding C object CMakeFiles/rotor_tm_msgs__rosidl_typesupport_introspection_c.dir/rosidl_typesupport_introspection_c/rotor_tm_msgs/msg/detail/traj_command__type_support.c.o[0m
[4.494s] [ 61%] [32mBuilding CXX object CMakeFiles/rotor_tm_msgs__rosidl_typesupport_fastrtps_cpp.dir/rosidl_typesupport_fastrtps_cpp/rotor_tm_msgs/msg/detail/dds_fastrtps/so3_command__type_support.cpp.o[0m
[4.498s] [ 62%] [32mBuilding CXX object CMakeFiles/rotor_tm_msgs__rosidl_typesupport_fastrtps_c.dir/rosidl_typesupport_fastrtps_c/rotor_tm_msgs/msg/detail/so3_command__type_support_c.cpp.o[0m
[4.498s] [ 62%] [32mBuilding C object CMakeFiles/rotor_tm_msgs__rosidl_typesupport_introspection_c.dir/rosidl_typesupport_introspection_c/rotor_tm_msgs/msg/detail/fmn_command__type_support.c.o[0m
[4.500s] [ 63%] [32mBuilding CXX object CMakeFiles/rotor_tm_msgs__rosidl_typesupport_fastrtps_cpp.dir/rosidl_typesupport_fastrtps_cpp/rotor_tm_msgs/msg/detail/dds_fastrtps/cen_pl_command__type_support.cpp.o[0m
[4.509s] [ 64%] [32mBuilding C object CMakeFiles/rotor_tm_msgs__rosidl_typesupport_introspection_c.dir/rosidl_typesupport_introspection_c/rotor_tm_msgs/srv/detail/vec4__type_support.c.o[0m
[4.509s] [ 64%] [32mBuilding CXX object CMakeFiles/rotor_tm_msgs__rosidl_typesupport_fastrtps_cpp.dir/rosidl_typesupport_fastrtps_cpp/rotor_tm_msgs/msg/detail/dds_fastrtps/status_data__type_support.cpp.o[0m
[4.511s] [ 65%] [32mBuilding C object CMakeFiles/rotor_tm_msgs__rosidl_typesupport_introspection_c.dir/rosidl_typesupport_introspection_c/rotor_tm_msgs/srv/detail/circle__type_support.c.o[0m
[4.515s] [ 65%] [32mBuilding C object CMakeFiles/rotor_tm_msgs__rosidl_typesupport_introspection_c.dir/rosidl_typesupport_introspection_c/rotor_tm_msgs/srv/detail/circle_with_rotation__type_support.c.o[0m
[4.515s] [ 65%] [32mBuilding CXX object CMakeFiles/rotor_tm_msgs__rosidl_typesupport_fastrtps_c.dir/rosidl_typesupport_fastrtps_c/rotor_tm_msgs/msg/detail/cen_pl_command__type_support_c.cpp.o[0m
[4.517s] [ 66%] [32mBuilding CXX object CMakeFiles/rotor_tm_msgs__rosidl_typesupport_fastrtps_c.dir/rosidl_typesupport_fastrtps_c/rotor_tm_msgs/msg/detail/status_data__type_support_c.cpp.o[0m
[4.518s] [ 67%] [32mBuilding CXX object CMakeFiles/rotor_tm_msgs__rosidl_typesupport_fastrtps_c.dir/rosidl_typesupport_fastrtps_c/rotor_tm_msgs/msg/detail/trpy_command__type_support_c.cpp.o[0m
[4.519s] [ 67%] [32mBuilding CXX object CMakeFiles/rotor_tm_msgs__rosidl_typesupport_fastrtps_c.dir/rosidl_typesupport_fastrtps_c/rotor_tm_msgs/msg/detail/traj_command__type_support_c.cpp.o[0m
[4.521s] [ 68%] [32mBuilding CXX object CMakeFiles/rotor_tm_msgs__rosidl_typesupport_fastrtps_cpp.dir/rosidl_typesupport_fastrtps_cpp/rotor_tm_msgs/msg/detail/dds_fastrtps/trpy_command__type_support.cpp.o[0m
[4.527s] [ 69%] [32mBuilding CXX object CMakeFiles/rotor_tm_msgs__rosidl_typesupport_fastrtps_c.dir/rosidl_typesupport_fastrtps_c/rotor_tm_msgs/msg/detail/fmn_command__type_support_c.cpp.o[0m
[4.532s] [ 70%] [32mBuilding CXX object CMakeFiles/rotor_tm_msgs__rosidl_typesupport_fastrtps_cpp.dir/rosidl_typesupport_fastrtps_cpp/rotor_tm_msgs/msg/detail/dds_fastrtps/traj_command__type_support.cpp.o[0m
[4.538s] [ 71%] [32mBuilding C object CMakeFiles/rotor_tm_msgs__rosidl_typesupport_introspection_c.dir/rosidl_typesupport_introspection_c/rotor_tm_msgs/srv/detail/line__type_support.c.o[0m
[4.544s] [ 72%] [32mBuilding C object CMakeFiles/rotor_tm_msgs__rosidl_typesupport_introspection_c.dir/rosidl_typesupport_introspection_c/rotor_tm_msgs/srv/detail/copr_status_cmd__type_support.c.o[0m
[4.545s] [ 73%] [32mBuilding CXX object CMakeFiles/rotor_tm_msgs__rosidl_typesupport_fastrtps_c.dir/rosidl_typesupport_fastrtps_c/rotor_tm_msgs/srv/detail/vec4__type_support_c.cpp.o[0m
[4.545s] [ 73%] [32mBuilding CXX object CMakeFiles/rotor_tm_msgs__rosidl_typesupport_fastrtps_cpp.dir/rosidl_typesupport_fastrtps_cpp/rotor_tm_msgs/msg/detail/dds_fastrtps/fmn_command__type_support.cpp.o[0m
[4.563s] [ 74%] [32m[1mLinking CXX shared library librotor_tm_msgs__rosidl_typesupport_introspection_cpp.so[0m
[4.573s] [ 75%] [32mBuilding CXX object CMakeFiles/rotor_tm_msgs__rosidl_typesupport_fastrtps_cpp.dir/rosidl_typesupport_fastrtps_cpp/rotor_tm_msgs/srv/detail/dds_fastrtps/vec4__type_support.cpp.o[0m
[4.575s] [ 76%] [32mBuilding C object CMakeFiles/rotor_tm_msgs__rosidl_typesupport_introspection_c.dir/rosidl_typesupport_introspection_c/rotor_tm_msgs/srv/detail/step_pose__type_support.c.o[0m
[4.607s] [ 77%] [32mBuilding CXX object CMakeFiles/rotor_tm_msgs__rosidl_typesupport_fastrtps_c.dir/rosidl_typesupport_fastrtps_c/rotor_tm_msgs/srv/detail/circle__type_support_c.cpp.o[0m
[4.607s] [ 77%] [32m[1mLinking C shared library librotor_tm_msgs__rosidl_typesupport_introspection_c.so[0m
[4.633s] [ 77%] Built target rotor_tm_msgs__rosidl_typesupport_introspection_c
[4.636s] [ 78%] [32mBuilding CXX object CMakeFiles/rotor_tm_msgs__rosidl_typesupport_fastrtps_cpp.dir/rosidl_typesupport_fastrtps_cpp/rotor_tm_msgs/srv/detail/dds_fastrtps/circle__type_support.cpp.o[0m
[4.647s] [ 79%] [32mBuilding CXX object CMakeFiles/rotor_tm_msgs__rosidl_typesupport_fastrtps_cpp.dir/rosidl_typesupport_fastrtps_cpp/rotor_tm_msgs/srv/detail/dds_fastrtps/circle_with_rotation__type_support.cpp.o[0m
[4.680s] [ 79%] Built target rotor_tm_msgs__rosidl_typesupport_introspection_cpp
[4.684s] [ 79%] [32mBuilding CXX object CMakeFiles/rotor_tm_msgs__rosidl_typesupport_fastrtps_cpp.dir/rosidl_typesupport_fastrtps_cpp/rotor_tm_msgs/srv/detail/dds_fastrtps/line__type_support.cpp.o[0m
[4.775s] [ 80%] [32mBuilding CXX object CMakeFiles/rotor_tm_msgs__rosidl_typesupport_fastrtps_cpp.dir/rosidl_typesupport_fastrtps_cpp/rotor_tm_msgs/srv/detail/dds_fastrtps/copr_status_cmd__type_support.cpp.o[0m
[4.786s] [ 81%] [32mBuilding CXX object CMakeFiles/rotor_tm_msgs__rosidl_typesupport_fastrtps_cpp.dir/rosidl_typesupport_fastrtps_cpp/rotor_tm_msgs/srv/detail/dds_fastrtps/step_pose__type_support.cpp.o[0m
[4.804s] [ 81%] [32mBuilding CXX object CMakeFiles/rotor_tm_msgs__rosidl_typesupport_fastrtps_c.dir/rosidl_typesupport_fastrtps_c/rotor_tm_msgs/srv/detail/circle_with_rotation__type_support_c.cpp.o[0m
[4.856s] [ 82%] [32mBuilding CXX object CMakeFiles/rotor_tm_msgs__rosidl_typesupport_fastrtps_c.dir/rosidl_typesupport_fastrtps_c/rotor_tm_msgs/srv/detail/line__type_support_c.cpp.o[0m
[4.873s] [ 83%] [32mBuilding CXX object CMakeFiles/rotor_tm_msgs__rosidl_typesupport_fastrtps_c.dir/rosidl_typesupport_fastrtps_c/rotor_tm_msgs/srv/detail/copr_status_cmd__type_support_c.cpp.o[0m
[4.887s] [ 83%] [32mBuilding CXX object CMakeFiles/rotor_tm_msgs__rosidl_typesupport_fastrtps_c.dir/rosidl_typesupport_fastrtps_c/rotor_tm_msgs/srv/detail/step_pose__type_support_c.cpp.o[0m
[5.094s] [ 83%] [32m[1mLinking CXX shared library librotor_tm_msgs__rosidl_typesupport_fastrtps_cpp.so[0m
[5.144s] [ 83%] Built target rotor_tm_msgs__rosidl_typesupport_fastrtps_cpp
[5.170s] [ 84%] [32m[1mLinking CXX shared library librotor_tm_msgs__rosidl_typesupport_fastrtps_c.so[0m
[5.217s] [ 84%] Built target rotor_tm_msgs__rosidl_typesupport_fastrtps_c
[5.226s] [ 84%] Built target rotor_tm_msgs
[5.241s] [ 85%] [34m[1mGenerating Python code for ROS interfaces[0m
[6.570s] [ 85%] Built target rotor_tm_msgs__py
[6.578s] [ 86%] [32mBuilding C object CMakeFiles/rotor_tm_msgs__rosidl_generator_py.dir/rosidl_generator_py/rotor_tm_msgs/msg/_rpm_command_s.c.o[0m
[6.578s] [ 86%] [32mBuilding C object CMakeFiles/rotor_tm_msgs__rosidl_generator_py.dir/rosidl_generator_py/rotor_tm_msgs/msg/_position_command_s.c.o[0m
[6.579s] [ 86%] [32mBuilding C object CMakeFiles/rotor_tm_msgs__rosidl_generator_py.dir/rosidl_generator_py/rotor_tm_msgs/msg/_cen_pl_command_s.c.o[0m
[6.579s] [ 87%] [32mBuilding C object CMakeFiles/rotor_tm_msgs__rosidl_generator_py.dir/rosidl_generator_py/rotor_tm_msgs/msg/_fm_command_s.c.o[0m
[6.579s] [ 89%] [32mBuilding C object CMakeFiles/rotor_tm_msgs__rosidl_generator_py.dir/rosidl_generator_py/rotor_tm_msgs/msg/_so3_command_s.c.o[0m
[6.579s] [ 89%] [32mBuilding C object CMakeFiles/rotor_tm_msgs__rosidl_generator_py.dir/rosidl_generator_py/rotor_tm_msgs/msg/_trpy_command_s.c.o[0m
[6.579s] [ 90%] [32mBuilding C object CMakeFiles/rotor_tm_msgs__rosidl_generator_py.dir/rosidl_generator_py/rotor_tm_msgs/msg/_status_data_s.c.o[0m
[6.579s] [ 90%] [32mBuilding C object CMakeFiles/rotor_tm_msgs__rosidl_generator_py.dir/rosidl_generator_py/rotor_tm_msgs/msg/_traj_command_s.c.o[0m
[6.579s] [ 91%] [32mBuilding C object CMakeFiles/rotor_tm_msgs__rosidl_generator_py.dir/rosidl_generator_py/rotor_tm_msgs/msg/_fmn_command_s.c.o[0m
[6.580s] [ 92%] [32mBuilding C object CMakeFiles/rotor_tm_msgs__rosidl_generator_py.dir/rosidl_generator_py/rotor_tm_msgs/srv/_circle_with_rotation_s.c.o[0m
[6.580s] [ 92%] [32mBuilding C object CMakeFiles/rotor_tm_msgs__rosidl_generator_py.dir/rosidl_generator_py/rotor_tm_msgs/srv/_circle_s.c.o[0m
[6.580s] [ 94%] [32mBuilding C object CMakeFiles/rotor_tm_msgs__rosidl_generator_py.dir/rosidl_generator_py/rotor_tm_msgs/srv/_vec4_s.c.o[0m
[6.580s] [ 94%] [32mBuilding C object CMakeFiles/rotor_tm_msgs__rosidl_generator_py.dir/rosidl_generator_py/rotor_tm_msgs/srv/_line_s.c.o[0m
[6.581s] [ 95%] [32mBuilding C object CMakeFiles/rotor_tm_msgs__rosidl_generator_py.dir/rosidl_generator_py/rotor_tm_msgs/srv/_copr_status_cmd_s.c.o[0m
[6.582s] [ 95%] [32mBuilding C object CMakeFiles/rotor_tm_msgs__rosidl_generator_py.dir/rosidl_generator_py/rotor_tm_msgs/srv/_step_pose_s.c.o[0m
[6.717s] [ 96%] [32m[1mLinking C shared library rosidl_generator_py/rotor_tm_msgs/librotor_tm_msgs__rosidl_generator_py.so[0m
[6.747s] [ 96%] Built target rotor_tm_msgs__rosidl_generator_py
[6.756s] [ 99%] [32mBuilding C object CMakeFiles/rotor_tm_msgs__rosidl_typesupport_introspection_c__pyext.dir/rosidl_generator_py/rotor_tm_msgs/_rotor_tm_msgs_s.ep.rosidl_typesupport_introspection_c.c.o[0m
[6.757s] [ 99%] [32mBuilding C object CMakeFiles/rotor_tm_msgs__rosidl_typesupport_c__pyext.dir/rosidl_generator_py/rotor_tm_msgs/_rotor_tm_msgs_s.ep.rosidl_typesupport_c.c.o[0m
[6.757s] [ 99%] [32mBuilding C object CMakeFiles/rotor_tm_msgs__rosidl_typesupport_fastrtps_c__pyext.dir/rosidl_generator_py/rotor_tm_msgs/_rotor_tm_msgs_s.ep.rosidl_typesupport_fastrtps_c.c.o[0m
[6.859s] [ 99%] [32m[1mLinking C shared library rosidl_generator_py/rotor_tm_msgs/rotor_tm_msgs_s__rosidl_typesupport_c.cpython-310-x86_64-linux-gnu.so[0m
[6.859s] [100%] [32m[1mLinking C shared library rosidl_generator_py/rotor_tm_msgs/rotor_tm_msgs_s__rosidl_typesupport_introspection_c.cpython-310-x86_64-linux-gnu.so[0m
[6.861s] [100%] [32m[1mLinking C shared library rosidl_generator_py/rotor_tm_msgs/rotor_tm_msgs_s__rosidl_typesupport_fastrtps_c.cpython-310-x86_64-linux-gnu.so[0m
[6.883s] [100%] Built target rotor_tm_msgs__rosidl_typesupport_c__pyext
[6.884s] [100%] Built target rotor_tm_msgs__rosidl_typesupport_introspection_c__pyext
[6.888s] [100%] Built target rotor_tm_msgs__rosidl_typesupport_fastrtps_c__pyext
[6.894s] Invoked command in '/home/swati/Quad_DR/RotorTM/build/rotor_tm_msgs' returned '0': CMAKE_PREFIX_PATH=${CMAKE_PREFIX_PATH}:/home/swati/Quad_DR/RotorTM/install/rotor_tm_sim:/home/swati/Quad_DR/RotorTM/install/rotor_tm_control:/home/swati/Quad_DR/RotorTM/install/rotor_tm_utils:/home/swati/Quad_DR/RotorTM/install/rotor_tm_traj:/home/swati/Quad_DR/RotorTM/install/rotor_tm_keyboard2wrench:/home/swati/Quad_DR/RotorTM/install/rotor_tm_config:/home/swati/Quad_DR/RotorTM/install/payload_control:/opt/ros/humble /opt/cmake-3.28.3-linux-x86_64/bin/cmake --build /home/swati/Quad_DR/RotorTM/build/rotor_tm_msgs -- -j20 -l20
[7.192s] Invoking command in '/home/swati/Quad_DR/RotorTM/build/rotor_tm_msgs': CMAKE_PREFIX_PATH=${CMAKE_PREFIX_PATH}:/home/swati/Quad_DR/RotorTM/install/rotor_tm_sim:/home/swati/Quad_DR/RotorTM/install/rotor_tm_control:/home/swati/Quad_DR/RotorTM/install/rotor_tm_utils:/home/swati/Quad_DR/RotorTM/install/rotor_tm_traj:/home/swati/Quad_DR/RotorTM/install/rotor_tm_keyboard2wrench:/home/swati/Quad_DR/RotorTM/install/rotor_tm_config:/home/swati/Quad_DR/RotorTM/install/payload_control:/opt/ros/humble /opt/cmake-3.28.3-linux-x86_64/bin/cmake --install /home/swati/Quad_DR/RotorTM/build/rotor_tm_msgs
[7.194s] -- Install configuration: ""
[7.194s] -- Installing: /home/swati/Quad_DR/RotorTM/install/rotor_tm_msgs/share/ament_index/resource_index/rosidl_interfaces/rotor_tm_msgs
[7.194s] -- Installing: /home/swati/Quad_DR/RotorTM/install/rotor_tm_msgs/include/rotor_tm_msgs/rotor_tm_msgs
[7.194s] -- Installing: /home/swati/Quad_DR/RotorTM/install/rotor_tm_msgs/include/rotor_tm_msgs/rotor_tm_msgs/srv
[7.194s] -- Installing: /home/swati/Quad_DR/RotorTM/install/rotor_tm_msgs/include/rotor_tm_msgs/rotor_tm_msgs/srv/vec4.h
[7.194s] -- Installing: /home/swati/Quad_DR/RotorTM/install/rotor_tm_msgs/include/rotor_tm_msgs/rotor_tm_msgs/srv/step_pose.h
[7.194s] -- Installing: /home/swati/Quad_DR/RotorTM/install/rotor_tm_msgs/include/rotor_tm_msgs/rotor_tm_msgs/srv/circle.h
[7.194s] -- Installing: /home/swati/Quad_DR/RotorTM/install/rotor_tm_msgs/include/rotor_tm_msgs/rotor_tm_msgs/srv/detail
[7.194s] -- Installing: /home/swati/Quad_DR/RotorTM/install/rotor_tm_msgs/include/rotor_tm_msgs/rotor_tm_msgs/srv/detail/step_pose__functions.c
[7.194s] -- Installing: /home/swati/Quad_DR/RotorTM/install/rotor_tm_msgs/include/rotor_tm_msgs/rotor_tm_msgs/srv/detail/circle__type_support.h
[7.194s] -- Installing: /home/swati/Quad_DR/RotorTM/install/rotor_tm_msgs/include/rotor_tm_msgs/rotor_tm_msgs/srv/detail/circle_with_rotation__functions.h
[7.195s] -- Installing: /home/swati/Quad_DR/RotorTM/install/rotor_tm_msgs/include/rotor_tm_msgs/rotor_tm_msgs/srv/detail/vec4__type_support.h
[7.195s] -- Installing: /home/swati/Quad_DR/RotorTM/install/rotor_tm_msgs/include/rotor_tm_msgs/rotor_tm_msgs/srv/detail/line__functions.c
[7.195s] -- Installing: /home/swati/Quad_DR/RotorTM/install/rotor_tm_msgs/include/rotor_tm_msgs/rotor_tm_msgs/srv/detail/copr_status_cmd__type_support.h
[7.195s] -- Installing: /home/swati/Quad_DR/RotorTM/install/rotor_tm_msgs/include/rotor_tm_msgs/rotor_tm_msgs/srv/detail/vec4__struct.h
[7.195s] -- Installing: /home/swati/Quad_DR/RotorTM/install/rotor_tm_msgs/include/rotor_tm_msgs/rotor_tm_msgs/srv/detail/line__functions.h
[7.195s] -- Installing: /home/swati/Quad_DR/RotorTM/install/rotor_tm_msgs/include/rotor_tm_msgs/rotor_tm_msgs/srv/detail/step_pose__functions.h
[7.195s] -- Installing: /home/swati/Quad_DR/RotorTM/install/rotor_tm_msgs/include/rotor_tm_msgs/rotor_tm_msgs/srv/detail/line__struct.h
[7.195s] -- Installing: /home/swati/Quad_DR/RotorTM/install/rotor_tm_msgs/include/rotor_tm_msgs/rotor_tm_msgs/srv/detail/step_pose__struct.h
[7.195s] -- Installing: /home/swati/Quad_DR/RotorTM/install/rotor_tm_msgs/include/rotor_tm_msgs/rotor_tm_msgs/srv/detail/circle_with_rotation__struct.h
[7.195s] -- Installing: /home/swati/Quad_DR/RotorTM/install/rotor_tm_msgs/include/rotor_tm_msgs/rotor_tm_msgs/srv/detail/circle_with_rotation__functions.c
[7.195s] -- Installing: /home/swati/Quad_DR/RotorTM/install/rotor_tm_msgs/include/rotor_tm_msgs/rotor_tm_msgs/srv/detail/circle__functions.c
[7.195s] -- Installing: /home/swati/Quad_DR/RotorTM/install/rotor_tm_msgs/include/rotor_tm_msgs/rotor_tm_msgs/srv/detail/copr_status_cmd__functions.c
[7.195s] -- Installing: /home/swati/Quad_DR/RotorTM/install/rotor_tm_msgs/include/rotor_tm_msgs/rotor_tm_msgs/srv/detail/circle__struct.h
[7.195s] -- Installing: /home/swati/Quad_DR/RotorTM/install/rotor_tm_msgs/include/rotor_tm_msgs/rotor_tm_msgs/srv/detail/copr_status_cmd__struct.h
[7.195s] -- Installing: /home/swati/Quad_DR/RotorTM/install/rotor_tm_msgs/include/rotor_tm_msgs/rotor_tm_msgs/srv/detail/circle__functions.h
[7.195s] -- Installing: /home/swati/Quad_DR/RotorTM/install/rotor_tm_msgs/include/rotor_tm_msgs/rotor_tm_msgs/srv/detail/step_pose__type_support.h
[7.195s] -- Installing: /home/swati/Quad_DR/RotorTM/install/rotor_tm_msgs/include/rotor_tm_msgs/rotor_tm_msgs/srv/detail/copr_status_cmd__functions.h
[7.195s] -- Installing: /home/swati/Quad_DR/RotorTM/install/rotor_tm_msgs/include/rotor_tm_msgs/rotor_tm_msgs/srv/detail/vec4__functions.h
[7.195s] -- Installing: /home/swati/Quad_DR/RotorTM/install/rotor_tm_msgs/include/rotor_tm_msgs/rotor_tm_msgs/srv/detail/vec4__functions.c
[7.195s] -- Installing: /home/swati/Quad_DR/RotorTM/install/rotor_tm_msgs/include/rotor_tm_msgs/rotor_tm_msgs/srv/detail/circle_with_rotation__type_support.h
[7.196s] -- Installing: /home/swati/Quad_DR/RotorTM/install/rotor_tm_msgs/include/rotor_tm_msgs/rotor_tm_msgs/srv/detail/line__type_support.h
[7.196s] -- Installing: /home/swati/Quad_DR/RotorTM/install/rotor_tm_msgs/include/rotor_tm_msgs/rotor_tm_msgs/srv/copr_status_cmd.h
[7.196s] -- Installing: /home/swati/Quad_DR/RotorTM/install/rotor_tm_msgs/include/rotor_tm_msgs/rotor_tm_msgs/srv/line.h
[7.196s] -- Installing: /home/swati/Quad_DR/RotorTM/install/rotor_tm_msgs/include/rotor_tm_msgs/rotor_tm_msgs/srv/circle_with_rotation.h
[7.196s] -- Installing: /home/swati/Quad_DR/RotorTM/install/rotor_tm_msgs/include/rotor_tm_msgs/rotor_tm_msgs/msg
[7.196s] -- Installing: /home/swati/Quad_DR/RotorTM/install/rotor_tm_msgs/include/rotor_tm_msgs/rotor_tm_msgs/msg/cen_pl_command.h
[7.196s] -- Installing: /home/swati/Quad_DR/RotorTM/install/rotor_tm_msgs/include/rotor_tm_msgs/rotor_tm_msgs/msg/fm_command.h
[7.196s] -- Installing: /home/swati/Quad_DR/RotorTM/install/rotor_tm_msgs/include/rotor_tm_msgs/rotor_tm_msgs/msg/rpm_command.h
[7.196s] -- Installing: /home/swati/Quad_DR/RotorTM/install/rotor_tm_msgs/include/rotor_tm_msgs/rotor_tm_msgs/msg/trpy_command.h
[7.196s] -- Installing: /home/swati/Quad_DR/RotorTM/install/rotor_tm_msgs/include/rotor_tm_msgs/rotor_tm_msgs/msg/status_data.h
[7.196s] -- Installing: /home/swati/Quad_DR/RotorTM/install/rotor_tm_msgs/include/rotor_tm_msgs/rotor_tm_msgs/msg/so3_command.h
[7.196s] -- Installing: /home/swati/Quad_DR/RotorTM/install/rotor_tm_msgs/include/rotor_tm_msgs/rotor_tm_msgs/msg/detail
[7.196s] -- Installing: /home/swati/Quad_DR/RotorTM/install/rotor_tm_msgs/include/rotor_tm_msgs/rotor_tm_msgs/msg/detail/trpy_command__type_support.h
[7.196s] -- Installing: /home/swati/Quad_DR/RotorTM/install/rotor_tm_msgs/include/rotor_tm_msgs/rotor_tm_msgs/msg/detail/traj_command__functions.c
[7.196s] -- Installing: /home/swati/Quad_DR/RotorTM/install/rotor_tm_msgs/include/rotor_tm_msgs/rotor_tm_msgs/msg/detail/position_command__type_support.h
[7.196s] -- Installing: /home/swati/Quad_DR/RotorTM/install/rotor_tm_msgs/include/rotor_tm_msgs/rotor_tm_msgs/msg/detail/fmn_command__type_support.h
[7.196s] -- Installing: /home/swati/Quad_DR/RotorTM/install/rotor_tm_msgs/include/rotor_tm_msgs/rotor_tm_msgs/msg/detail/so3_command__type_support.h
[7.196s] -- Installing: /home/swati/Quad_DR/RotorTM/install/rotor_tm_msgs/include/rotor_tm_msgs/rotor_tm_msgs/msg/detail/fm_command__functions.c
[7.196s] -- Installing: /home/swati/Quad_DR/RotorTM/install/rotor_tm_msgs/include/rotor_tm_msgs/rotor_tm_msgs/msg/detail/fmn_command__struct.h
[7.196s] -- Installing: /home/swati/Quad_DR/RotorTM/install/rotor_tm_msgs/include/rotor_tm_msgs/rotor_tm_msgs/msg/detail/traj_command__struct.h
[7.196s] -- Installing: /home/swati/Quad_DR/RotorTM/install/rotor_tm_msgs/include/rotor_tm_msgs/rotor_tm_msgs/msg/detail/trpy_command__struct.h
[7.196s] -- Installing: /home/swati/Quad_DR/RotorTM/install/rotor_tm_msgs/include/rotor_tm_msgs/rotor_tm_msgs/msg/detail/rpm_command__struct.h
[7.196s] -- Installing: /home/swati/Quad_DR/RotorTM/install/rotor_tm_msgs/include/rotor_tm_msgs/rotor_tm_msgs/msg/detail/status_data__functions.c
[7.196s] -- Installing: /home/swati/Quad_DR/RotorTM/install/rotor_tm_msgs/include/rotor_tm_msgs/rotor_tm_msgs/msg/detail/position_command__struct.h
[7.196s] -- Installing: /home/swati/Quad_DR/RotorTM/install/rotor_tm_msgs/include/rotor_tm_msgs/rotor_tm_msgs/msg/detail/rpm_command__functions.c
[7.197s] -- Installing: /home/swati/Quad_DR/RotorTM/install/rotor_tm_msgs/include/rotor_tm_msgs/rotor_tm_msgs/msg/detail/status_data__functions.h
[7.197s] -- Installing: /home/swati/Quad_DR/RotorTM/install/rotor_tm_msgs/include/rotor_tm_msgs/rotor_tm_msgs/msg/detail/fmn_command__functions.c
[7.197s] -- Installing: /home/swati/Quad_DR/RotorTM/install/rotor_tm_msgs/include/rotor_tm_msgs/rotor_tm_msgs/msg/detail/position_command__functions.c
[7.197s] -- Installing: /home/swati/Quad_DR/RotorTM/install/rotor_tm_msgs/include/rotor_tm_msgs/rotor_tm_msgs/msg/detail/cen_pl_command__functions.c
[7.197s] -- Installing: /home/swati/Quad_DR/RotorTM/install/rotor_tm_msgs/include/rotor_tm_msgs/rotor_tm_msgs/msg/detail/cen_pl_command__struct.h
[7.197s] -- Installing: /home/swati/Quad_DR/RotorTM/install/rotor_tm_msgs/include/rotor_tm_msgs/rotor_tm_msgs/msg/detail/fm_command__struct.h
[7.197s] -- Installing: /home/swati/Quad_DR/RotorTM/install/rotor_tm_msgs/include/rotor_tm_msgs/rotor_tm_msgs/msg/detail/fmn_command__functions.h
[7.197s] -- Installing: /home/swati/Quad_DR/RotorTM/install/rotor_tm_msgs/include/rotor_tm_msgs/rotor_tm_msgs/msg/detail/trpy_command__functions.h
[7.197s] -- Installing: /home/swati/Quad_DR/RotorTM/install/rotor_tm_msgs/include/rotor_tm_msgs/rotor_tm_msgs/msg/detail/rpm_command__type_support.h
[7.197s] -- Installing: /home/swati/Quad_DR/RotorTM/install/rotor_tm_msgs/include/rotor_tm_msgs/rotor_tm_msgs/msg/detail/so3_command__functions.h
[7.197s] -- Installing: /home/swati/Quad_DR/RotorTM/install/rotor_tm_msgs/include/rotor_tm_msgs/rotor_tm_msgs/msg/detail/trpy_command__functions.c
[7.197s] -- Installing: /home/swati/Quad_DR/RotorTM/install/rotor_tm_msgs/include/rotor_tm_msgs/rotor_tm_msgs/msg/detail/status_data__type_support.h
[7.197s] -- Installing: /home/swati/Quad_DR/RotorTM/install/rotor_tm_msgs/include/rotor_tm_msgs/rotor_tm_msgs/msg/detail/position_command__functions.h
[7.197s] -- Installing: /home/swati/Quad_DR/RotorTM/install/rotor_tm_msgs/include/rotor_tm_msgs/rotor_tm_msgs/msg/detail/status_data__struct.h
[7.197s] -- Installing: /home/swati/Quad_DR/RotorTM/install/rotor_tm_msgs/include/rotor_tm_msgs/rotor_tm_msgs/msg/detail/so3_command__functions.c
[7.197s] -- Installing: /home/swati/Quad_DR/RotorTM/install/rotor_tm_msgs/include/rotor_tm_msgs/rotor_tm_msgs/msg/detail/fm_command__type_support.h
[7.197s] -- Installing: /home/swati/Quad_DR/RotorTM/install/rotor_tm_msgs/include/rotor_tm_msgs/rotor_tm_msgs/msg/detail/cen_pl_command__functions.h
[7.197s] -- Installing: /home/swati/Quad_DR/RotorTM/install/rotor_tm_msgs/include/rotor_tm_msgs/rotor_tm_msgs/msg/detail/cen_pl_command__type_support.h
[7.197s] -- Installing: /home/swati/Quad_DR/RotorTM/install/rotor_tm_msgs/include/rotor_tm_msgs/rotor_tm_msgs/msg/detail/traj_command__type_support.h
[7.197s] -- Installing: /home/swati/Quad_DR/RotorTM/install/rotor_tm_msgs/include/rotor_tm_msgs/rotor_tm_msgs/msg/detail/so3_command__struct.h
[7.197s] -- Installing: /home/swati/Quad_DR/RotorTM/install/rotor_tm_msgs/include/rotor_tm_msgs/rotor_tm_msgs/msg/detail/traj_command__functions.h
[7.197s] -- Installing: /home/swati/Quad_DR/RotorTM/install/rotor_tm_msgs/include/rotor_tm_msgs/rotor_tm_msgs/msg/detail/fm_command__functions.h
[7.198s] -- Installing: /home/swati/Quad_DR/RotorTM/install/rotor_tm_msgs/include/rotor_tm_msgs/rotor_tm_msgs/msg/detail/rpm_command__functions.h
[7.198s] -- Installing: /home/swati/Quad_DR/RotorTM/install/rotor_tm_msgs/include/rotor_tm_msgs/rotor_tm_msgs/msg/fmn_command.h
[7.198s] -- Installing: /home/swati/Quad_DR/RotorTM/install/rotor_tm_msgs/include/rotor_tm_msgs/rotor_tm_msgs/msg/traj_command.h
[7.198s] -- Installing: /home/swati/Quad_DR/RotorTM/install/rotor_tm_msgs/include/rotor_tm_msgs/rotor_tm_msgs/msg/position_command.h
[7.198s] -- Installing: /home/swati/Quad_DR/RotorTM/install/rotor_tm_msgs/include/rotor_tm_msgs/rotor_tm_msgs/msg/rosidl_generator_c__visibility_control.h
[7.198s] -- Installing: /home/swati/Quad_DR/RotorTM/install/rotor_tm_msgs/share/rotor_tm_msgs/environment/library_path.sh
[7.198s] -- Installing: /home/swati/Quad_DR/RotorTM/install/rotor_tm_msgs/share/rotor_tm_msgs/environment/library_path.dsv
[7.198s] -- Installing: /home/swati/Quad_DR/RotorTM/install/rotor_tm_msgs/lib/librotor_tm_msgs__rosidl_generator_c.so
[7.198s] -- Set non-toolchain portion of runtime path of "/home/swati/Quad_DR/RotorTM/install/rotor_tm_msgs/lib/librotor_tm_msgs__rosidl_generator_c.so" to ""
[7.198s] -- Up-to-date: /home/swati/Quad_DR/RotorTM/install/rotor_tm_msgs/include/rotor_tm_msgs/rotor_tm_msgs
[7.198s] -- Up-to-date: /home/swati/Quad_DR/RotorTM/install/rotor_tm_msgs/include/rotor_tm_msgs/rotor_tm_msgs/srv
[7.198s] -- Up-to-date: /home/swati/Quad_DR/RotorTM/install/rotor_tm_msgs/include/rotor_tm_msgs/rotor_tm_msgs/srv/detail
[7.198s] -- Installing: /home/swati/Quad_DR/RotorTM/install/rotor_tm_msgs/include/rotor_tm_msgs/rotor_tm_msgs/srv/detail/line__rosidl_typesupport_fastrtps_c.h
[7.198s] -- Installing: /home/swati/Quad_DR/RotorTM/install/rotor_tm_msgs/include/rotor_tm_msgs/rotor_tm_msgs/srv/detail/step_pose__rosidl_typesupport_fastrtps_c.h
[7.198s] -- Installing: /home/swati/Quad_DR/RotorTM/install/rotor_tm_msgs/include/rotor_tm_msgs/rotor_tm_msgs/srv/detail/circle_with_rotation__rosidl_typesupport_fastrtps_c.h
[7.198s] -- Installing: /home/swati/Quad_DR/RotorTM/install/rotor_tm_msgs/include/rotor_tm_msgs/rotor_tm_msgs/srv/detail/vec4__rosidl_typesupport_fastrtps_c.h
[7.198s] -- Installing: /home/swati/Quad_DR/RotorTM/install/rotor_tm_msgs/include/rotor_tm_msgs/rotor_tm_msgs/srv/detail/circle__rosidl_typesupport_fastrtps_c.h
[7.198s] -- Installing: /home/swati/Quad_DR/RotorTM/install/rotor_tm_msgs/include/rotor_tm_msgs/rotor_tm_msgs/srv/detail/copr_status_cmd__rosidl_typesupport_fastrtps_c.h
[7.199s] -- Up-to-date: /home/swati/Quad_DR/RotorTM/install/rotor_tm_msgs/include/rotor_tm_msgs/rotor_tm_msgs/msg
[7.199s] -- Installing: /home/swati/Quad_DR/RotorTM/install/rotor_tm_msgs/include/rotor_tm_msgs/rotor_tm_msgs/msg/rosidl_typesupport_fastrtps_c__visibility_control.h
[7.199s] -- Up-to-date: /home/swati/Quad_DR/RotorTM/install/rotor_tm_msgs/include/rotor_tm_msgs/rotor_tm_msgs/msg/detail
[7.199s] -- Installing: /home/swati/Quad_DR/RotorTM/install/rotor_tm_msgs/include/rotor_tm_msgs/rotor_tm_msgs/msg/detail/status_data__rosidl_typesupport_fastrtps_c.h
[7.199s] -- Installing: /home/swati/Quad_DR/RotorTM/install/rotor_tm_msgs/include/rotor_tm_msgs/rotor_tm_msgs/msg/detail/so3_command__rosidl_typesupport_fastrtps_c.h
[7.199s] -- Installing: /home/swati/Quad_DR/RotorTM/install/rotor_tm_msgs/include/rotor_tm_msgs/rotor_tm_msgs/msg/detail/rpm_command__rosidl_typesupport_fastrtps_c.h
[7.199s] -- Installing: /home/swati/Quad_DR/RotorTM/install/rotor_tm_msgs/include/rotor_tm_msgs/rotor_tm_msgs/msg/detail/fmn_command__rosidl_typesupport_fastrtps_c.h
[7.199s] -- Installing: /home/swati/Quad_DR/RotorTM/install/rotor_tm_msgs/include/rotor_tm_msgs/rotor_tm_msgs/msg/detail/traj_command__rosidl_typesupport_fastrtps_c.h
[7.199s] -- Installing: /home/swati/Quad_DR/RotorTM/install/rotor_tm_msgs/include/rotor_tm_msgs/rotor_tm_msgs/msg/detail/fm_command__rosidl_typesupport_fastrtps_c.h
[7.199s] -- Installing: /home/swati/Quad_DR/RotorTM/install/rotor_tm_msgs/include/rotor_tm_msgs/rotor_tm_msgs/msg/detail/cen_pl_command__rosidl_typesupport_fastrtps_c.h
[7.199s] -- Installing: /home/swati/Quad_DR/RotorTM/install/rotor_tm_msgs/include/rotor_tm_msgs/rotor_tm_msgs/msg/detail/position_command__rosidl_typesupport_fastrtps_c.h
[7.199s] -- Installing: /home/swati/Quad_DR/RotorTM/install/rotor_tm_msgs/include/rotor_tm_msgs/rotor_tm_msgs/msg/detail/trpy_command__rosidl_typesupport_fastrtps_c.h
[7.199s] -- Installing: /home/swati/Quad_DR/RotorTM/install/rotor_tm_msgs/lib/librotor_tm_msgs__rosidl_typesupport_fastrtps_c.so
[7.199s] -- Set non-toolchain portion of runtime path of "/home/swati/Quad_DR/RotorTM/install/rotor_tm_msgs/lib/librotor_tm_msgs__rosidl_typesupport_fastrtps_c.so" to ""
[7.199s] -- Up-to-date: /home/swati/Quad_DR/RotorTM/install/rotor_tm_msgs/include/rotor_tm_msgs/rotor_tm_msgs
[7.199s] -- Up-to-date: /home/swati/Quad_DR/RotorTM/install/rotor_tm_msgs/include/rotor_tm_msgs/rotor_tm_msgs/srv
[7.200s] -- Up-to-date: /home/swati/Quad_DR/RotorTM/install/rotor_tm_msgs/include/rotor_tm_msgs/rotor_tm_msgs/srv/detail
[7.200s] -- Installing: /home/swati/Quad_DR/RotorTM/install/rotor_tm_msgs/include/rotor_tm_msgs/rotor_tm_msgs/srv/detail/line__rosidl_typesupport_introspection_c.h
[7.200s] -- Installing: /home/swati/Quad_DR/RotorTM/install/rotor_tm_msgs/include/rotor_tm_msgs/rotor_tm_msgs/srv/detail/step_pose__type_support.c
[7.200s] -- Installing: /home/swati/Quad_DR/RotorTM/install/rotor_tm_msgs/include/rotor_tm_msgs/rotor_tm_msgs/srv/detail/circle__rosidl_typesupport_introspection_c.h
[7.200s] -- Installing: /home/swati/Quad_DR/RotorTM/install/rotor_tm_msgs/include/rotor_tm_msgs/rotor_tm_msgs/srv/detail/circle_with_rotation__rosidl_typesupport_introspection_c.h
[7.200s] -- Installing: /home/swati/Quad_DR/RotorTM/install/rotor_tm_msgs/include/rotor_tm_msgs/rotor_tm_msgs/srv/detail/circle_with_rotation__type_support.c
[7.200s] -- Installing: /home/swati/Quad_DR/RotorTM/install/rotor_tm_msgs/include/rotor_tm_msgs/rotor_tm_msgs/srv/detail/step_pose__rosidl_typesupport_introspection_c.h
[7.200s] -- Installing: /home/swati/Quad_DR/RotorTM/install/rotor_tm_msgs/include/rotor_tm_msgs/rotor_tm_msgs/srv/detail/circle__type_support.c
[7.200s] -- Installing: /home/swati/Quad_DR/RotorTM/install/rotor_tm_msgs/include/rotor_tm_msgs/rotor_tm_msgs/srv/detail/vec4__rosidl_typesupport_introspection_c.h
[7.200s] -- Installing: /home/swati/Quad_DR/RotorTM/install/rotor_tm_msgs/include/rotor_tm_msgs/rotor_tm_msgs/srv/detail/copr_status_cmd__rosidl_typesupport_introspection_c.h
[7.200s] -- Installing: /home/swati/Quad_DR/RotorTM/install/rotor_tm_msgs/include/rotor_tm_msgs/rotor_tm_msgs/srv/detail/line__type_support.c
[7.200s] -- Installing: /home/swati/Quad_DR/RotorTM/install/rotor_tm_msgs/include/rotor_tm_msgs/rotor_tm_msgs/srv/detail/vec4__type_support.c
[7.200s] -- Installing: /home/swati/Quad_DR/RotorTM/install/rotor_tm_msgs/include/rotor_tm_msgs/rotor_tm_msgs/srv/detail/copr_status_cmd__type_support.c
[7.200s] -- Up-to-date: /home/swati/Quad_DR/RotorTM/install/rotor_tm_msgs/include/rotor_tm_msgs/rotor_tm_msgs/msg
[7.200s] -- Installing: /home/swati/Quad_DR/RotorTM/install/rotor_tm_msgs/include/rotor_tm_msgs/rotor_tm_msgs/msg/rosidl_typesupport_introspection_c__visibility_control.h
[7.200s] -- Up-to-date: /home/swati/Quad_DR/RotorTM/install/rotor_tm_msgs/include/rotor_tm_msgs/rotor_tm_msgs/msg/detail
[7.201s] -- Installing: /home/swati/Quad_DR/RotorTM/install/rotor_tm_msgs/include/rotor_tm_msgs/rotor_tm_msgs/msg/detail/traj_command__type_support.c
[7.201s] -- Installing: /home/swati/Quad_DR/RotorTM/install/rotor_tm_msgs/include/rotor_tm_msgs/rotor_tm_msgs/msg/detail/rpm_command__rosidl_typesupport_introspection_c.h
[7.201s] -- Installing: /home/swati/Quad_DR/RotorTM/install/rotor_tm_msgs/include/rotor_tm_msgs/rotor_tm_msgs/msg/detail/trpy_command__type_support.c
[7.201s] -- Installing: /home/swati/Quad_DR/RotorTM/install/rotor_tm_msgs/include/rotor_tm_msgs/rotor_tm_msgs/msg/detail/so3_command__rosidl_typesupport_introspection_c.h
[7.201s] -- Installing: /home/swati/Quad_DR/RotorTM/install/rotor_tm_msgs/include/rotor_tm_msgs/rotor_tm_msgs/msg/detail/status_data__type_support.c
[7.201s] -- Installing: /home/swati/Quad_DR/RotorTM/install/rotor_tm_msgs/include/rotor_tm_msgs/rotor_tm_msgs/msg/detail/fmn_command__rosidl_typesupport_introspection_c.h
[7.201s] -- Installing: /home/swati/Quad_DR/RotorTM/install/rotor_tm_msgs/include/rotor_tm_msgs/rotor_tm_msgs/msg/detail/status_data__rosidl_typesupport_introspection_c.h
[7.201s] -- Installing: /home/swati/Quad_DR/RotorTM/install/rotor_tm_msgs/include/rotor_tm_msgs/rotor_tm_msgs/msg/detail/cen_pl_command__rosidl_typesupport_introspection_c.h
[7.201s] -- Installing: /home/swati/Quad_DR/RotorTM/install/rotor_tm_msgs/include/rotor_tm_msgs/rotor_tm_msgs/msg/detail/fmn_command__type_support.c
[7.201s] -- Installing: /home/swati/Quad_DR/RotorTM/install/rotor_tm_msgs/include/rotor_tm_msgs/rotor_tm_msgs/msg/detail/fm_command__rosidl_typesupport_introspection_c.h
[7.201s] -- Installing: /home/swati/Quad_DR/RotorTM/install/rotor_tm_msgs/include/rotor_tm_msgs/rotor_tm_msgs/msg/detail/rpm_command__type_support.c
[7.201s] -- Installing: /home/swati/Quad_DR/RotorTM/install/rotor_tm_msgs/include/rotor_tm_msgs/rotor_tm_msgs/msg/detail/trpy_command__rosidl_typesupport_introspection_c.h
[7.201s] -- Installing: /home/swati/Quad_DR/RotorTM/install/rotor_tm_msgs/include/rotor_tm_msgs/rotor_tm_msgs/msg/detail/traj_command__rosidl_typesupport_introspection_c.h
[7.201s] -- Installing: /home/swati/Quad_DR/RotorTM/install/rotor_tm_msgs/include/rotor_tm_msgs/rotor_tm_msgs/msg/detail/so3_command__type_support.c
[7.201s] -- Installing: /home/swati/Quad_DR/RotorTM/install/rotor_tm_msgs/include/rotor_tm_msgs/rotor_tm_msgs/msg/detail/fm_command__type_support.c
[7.202s] -- Installing: /home/swati/Quad_DR/RotorTM/install/rotor_tm_msgs/include/rotor_tm_msgs/rotor_tm_msgs/msg/detail/position_command__rosidl_typesupport_introspection_c.h
[7.202s] -- Installing: /home/swati/Quad_DR/RotorTM/install/rotor_tm_msgs/include/rotor_tm_msgs/rotor_tm_msgs/msg/detail/position_command__type_support.c
[7.202s] -- Installing: /home/swati/Quad_DR/RotorTM/install/rotor_tm_msgs/include/rotor_tm_msgs/rotor_tm_msgs/msg/detail/cen_pl_command__type_support.c
[7.202s] -- Installing: /home/swati/Quad_DR/RotorTM/install/rotor_tm_msgs/lib/librotor_tm_msgs__rosidl_typesupport_introspection_c.so
[7.202s] -- Set non-toolchain portion of runtime path of "/home/swati/Quad_DR/RotorTM/install/rotor_tm_msgs/lib/librotor_tm_msgs__rosidl_typesupport_introspection_c.so" to ""
[7.202s] -- Installing: /home/swati/Quad_DR/RotorTM/install/rotor_tm_msgs/lib/librotor_tm_msgs__rosidl_typesupport_c.so
[7.202s] -- Set non-toolchain portion of runtime path of "/home/swati/Quad_DR/RotorTM/install/rotor_tm_msgs/lib/librotor_tm_msgs__rosidl_typesupport_c.so" to ""
[7.203s] -- Up-to-date: /home/swati/Quad_DR/RotorTM/install/rotor_tm_msgs/include/rotor_tm_msgs/rotor_tm_msgs
[7.203s] -- Up-to-date: /home/swati/Quad_DR/RotorTM/install/rotor_tm_msgs/include/rotor_tm_msgs/rotor_tm_msgs/srv
[7.203s] -- Installing: /home/swati/Quad_DR/RotorTM/install/rotor_tm_msgs/include/rotor_tm_msgs/rotor_tm_msgs/srv/vec4.hpp
[7.203s] -- Installing: /home/swati/Quad_DR/RotorTM/install/rotor_tm_msgs/include/rotor_tm_msgs/rotor_tm_msgs/srv/copr_status_cmd.hpp
[7.203s] -- Installing: /home/swati/Quad_DR/RotorTM/install/rotor_tm_msgs/include/rotor_tm_msgs/rotor_tm_msgs/srv/circle_with_rotation.hpp
[7.203s] -- Installing: /home/swati/Quad_DR/RotorTM/install/rotor_tm_msgs/include/rotor_tm_msgs/rotor_tm_msgs/srv/line.hpp
[7.203s] -- Installing: /home/swati/Quad_DR/RotorTM/install/rotor_tm_msgs/include/rotor_tm_msgs/rotor_tm_msgs/srv/step_pose.hpp
[7.203s] -- Up-to-date: /home/swati/Quad_DR/RotorTM/install/rotor_tm_msgs/include/rotor_tm_msgs/rotor_tm_msgs/srv/detail
[7.203s] -- Installing: /home/swati/Quad_DR/RotorTM/install/rotor_tm_msgs/include/rotor_tm_msgs/rotor_tm_msgs/srv/detail/step_pose__struct.hpp
[7.203s] -- Installing: /home/swati/Quad_DR/RotorTM/install/rotor_tm_msgs/include/rotor_tm_msgs/rotor_tm_msgs/srv/detail/copr_status_cmd__traits.hpp
[7.203s] -- Installing: /home/swati/Quad_DR/RotorTM/install/rotor_tm_msgs/include/rotor_tm_msgs/rotor_tm_msgs/srv/detail/copr_status_cmd__builder.hpp
[7.203s] -- Installing: /home/swati/Quad_DR/RotorTM/install/rotor_tm_msgs/include/rotor_tm_msgs/rotor_tm_msgs/srv/detail/line__struct.hpp
[7.203s] -- Installing: /home/swati/Quad_DR/RotorTM/install/rotor_tm_msgs/include/rotor_tm_msgs/rotor_tm_msgs/srv/detail/circle_with_rotation__struct.hpp
[7.203s] -- Installing: /home/swati/Quad_DR/RotorTM/install/rotor_tm_msgs/include/rotor_tm_msgs/rotor_tm_msgs/srv/detail/circle_with_rotation__traits.hpp
[7.204s] -- Installing: /home/swati/Quad_DR/RotorTM/install/rotor_tm_msgs/include/rotor_tm_msgs/rotor_tm_msgs/srv/detail/vec4__struct.hpp
[7.204s] -- Installing: /home/swati/Quad_DR/RotorTM/install/rotor_tm_msgs/include/rotor_tm_msgs/rotor_tm_msgs/srv/detail/circle__traits.hpp
[7.204s] -- Installing: /home/swati/Quad_DR/RotorTM/install/rotor_tm_msgs/include/rotor_tm_msgs/rotor_tm_msgs/srv/detail/line__traits.hpp
[7.204s] -- Installing: /home/swati/Quad_DR/RotorTM/install/rotor_tm_msgs/include/rotor_tm_msgs/rotor_tm_msgs/srv/detail/line__builder.hpp
[7.204s] -- Installing: /home/swati/Quad_DR/RotorTM/install/rotor_tm_msgs/include/rotor_tm_msgs/rotor_tm_msgs/srv/detail/circle_with_rotation__builder.hpp
[7.204s] -- Installing: /home/swati/Quad_DR/RotorTM/install/rotor_tm_msgs/include/rotor_tm_msgs/rotor_tm_msgs/srv/detail/step_pose__traits.hpp
[7.204s] -- Installing: /home/swati/Quad_DR/RotorTM/install/rotor_tm_msgs/include/rotor_tm_msgs/rotor_tm_msgs/srv/detail/copr_status_cmd__struct.hpp
[7.204s] -- Installing: /home/swati/Quad_DR/RotorTM/install/rotor_tm_msgs/include/rotor_tm_msgs/rotor_tm_msgs/srv/detail/step_pose__builder.hpp
[7.204s] -- Installing: /home/swati/Quad_DR/RotorTM/install/rotor_tm_msgs/include/rotor_tm_msgs/rotor_tm_msgs/srv/detail/vec4__traits.hpp
[7.204s] -- Installing: /home/swati/Quad_DR/RotorTM/install/rotor_tm_msgs/include/rotor_tm_msgs/rotor_tm_msgs/srv/detail/vec4__builder.hpp
[7.204s] -- Installing: /home/swati/Quad_DR/RotorTM/install/rotor_tm_msgs/include/rotor_tm_msgs/rotor_tm_msgs/srv/detail/circle__builder.hpp
[7.204s] -- Installing: /home/swati/Quad_DR/RotorTM/install/rotor_tm_msgs/include/rotor_tm_msgs/rotor_tm_msgs/srv/detail/circle__struct.hpp
[7.204s] -- Installing: /home/swati/Quad_DR/RotorTM/install/rotor_tm_msgs/include/rotor_tm_msgs/rotor_tm_msgs/srv/circle.hpp
[7.205s] -- Up-to-date: /home/swati/Quad_DR/RotorTM/install/rotor_tm_msgs/include/rotor_tm_msgs/rotor_tm_msgs/msg
[7.205s] -- Installing: /home/swati/Quad_DR/RotorTM/install/rotor_tm_msgs/include/rotor_tm_msgs/rotor_tm_msgs/msg/status_data.hpp
[7.205s] -- Installing: /home/swati/Quad_DR/RotorTM/install/rotor_tm_msgs/include/rotor_tm_msgs/rotor_tm_msgs/msg/fmn_command.hpp
[7.205s] -- Installing: /home/swati/Quad_DR/RotorTM/install/rotor_tm_msgs/include/rotor_tm_msgs/rotor_tm_msgs/msg/traj_command.hpp
[7.205s] -- Installing: /home/swati/Quad_DR/RotorTM/install/rotor_tm_msgs/include/rotor_tm_msgs/rotor_tm_msgs/msg/rpm_command.hpp
[7.205s] -- Installing: /home/swati/Quad_DR/RotorTM/install/rotor_tm_msgs/include/rotor_tm_msgs/rotor_tm_msgs/msg/trpy_command.hpp
[7.205s] -- Installing: /home/swati/Quad_DR/RotorTM/install/rotor_tm_msgs/include/rotor_tm_msgs/rotor_tm_msgs/msg/so3_command.hpp
[7.205s] -- Installing: /home/swati/Quad_DR/RotorTM/install/rotor_tm_msgs/include/rotor_tm_msgs/rotor_tm_msgs/msg/fm_command.hpp
[7.205s] -- Up-to-date: /home/swati/Quad_DR/RotorTM/install/rotor_tm_msgs/include/rotor_tm_msgs/rotor_tm_msgs/msg/detail
[7.205s] -- Installing: /home/swati/Quad_DR/RotorTM/install/rotor_tm_msgs/include/rotor_tm_msgs/rotor_tm_msgs/msg/detail/position_command__traits.hpp
[7.205s] -- Installing: /home/swati/Quad_DR/RotorTM/install/rotor_tm_msgs/include/rotor_tm_msgs/rotor_tm_msgs/msg/detail/so3_command__traits.hpp
[7.205s] -- Installing: /home/swati/Quad_DR/RotorTM/install/rotor_tm_msgs/include/rotor_tm_msgs/rotor_tm_msgs/msg/detail/fmn_command__struct.hpp
[7.205s] -- Installing: /home/swati/Quad_DR/RotorTM/install/rotor_tm_msgs/include/rotor_tm_msgs/rotor_tm_msgs/msg/detail/fm_command__builder.hpp
[7.205s] -- Installing: /home/swati/Quad_DR/RotorTM/install/rotor_tm_msgs/include/rotor_tm_msgs/rotor_tm_msgs/msg/detail/trpy_command__builder.hpp
[7.206s] -- Installing: /home/swati/Quad_DR/RotorTM/install/rotor_tm_msgs/include/rotor_tm_msgs/rotor_tm_msgs/msg/detail/cen_pl_command__builder.hpp
[7.206s] -- Installing: /home/swati/Quad_DR/RotorTM/install/rotor_tm_msgs/include/rotor_tm_msgs/rotor_tm_msgs/msg/detail/fm_command__traits.hpp
[7.206s] -- Installing: /home/swati/Quad_DR/RotorTM/install/rotor_tm_msgs/include/rotor_tm_msgs/rotor_tm_msgs/msg/detail/cen_pl_command__traits.hpp
[7.206s] -- Installing: /home/swati/Quad_DR/RotorTM/install/rotor_tm_msgs/include/rotor_tm_msgs/rotor_tm_msgs/msg/detail/status_data__traits.hpp
[7.206s] -- Installing: /home/swati/Quad_DR/RotorTM/install/rotor_tm_msgs/include/rotor_tm_msgs/rotor_tm_msgs/msg/detail/status_data__builder.hpp
[7.206s] -- Installing: /home/swati/Quad_DR/RotorTM/install/rotor_tm_msgs/include/rotor_tm_msgs/rotor_tm_msgs/msg/detail/so3_command__struct.hpp
[7.206s] -- Installing: /home/swati/Quad_DR/RotorTM/install/rotor_tm_msgs/include/rotor_tm_msgs/rotor_tm_msgs/msg/detail/rpm_command__traits.hpp
[7.206s] -- Installing: /home/swati/Quad_DR/RotorTM/install/rotor_tm_msgs/include/rotor_tm_msgs/rotor_tm_msgs/msg/detail/rpm_command__builder.hpp
[7.206s] -- Installing: /home/swati/Quad_DR/RotorTM/install/rotor_tm_msgs/include/rotor_tm_msgs/rotor_tm_msgs/msg/detail/position_command__struct.hpp
[7.206s] -- Installing: /home/swati/Quad_DR/RotorTM/install/rotor_tm_msgs/include/rotor_tm_msgs/rotor_tm_msgs/msg/detail/position_command__builder.hpp
[7.206s] -- Installing: /home/swati/Quad_DR/RotorTM/install/rotor_tm_msgs/include/rotor_tm_msgs/rotor_tm_msgs/msg/detail/fmn_command__traits.hpp
[7.206s] -- Installing: /home/swati/Quad_DR/RotorTM/install/rotor_tm_msgs/include/rotor_tm_msgs/rotor_tm_msgs/msg/detail/fmn_command__builder.hpp
[7.206s] -- Installing: /home/swati/Quad_DR/RotorTM/install/rotor_tm_msgs/include/rotor_tm_msgs/rotor_tm_msgs/msg/detail/status_data__struct.hpp
[7.206s] -- Installing: /home/swati/Quad_DR/RotorTM/install/rotor_tm_msgs/include/rotor_tm_msgs/rotor_tm_msgs/msg/detail/traj_command__struct.hpp
[7.207s] -- Installing: /home/swati/Quad_DR/RotorTM/install/rotor_tm_msgs/include/rotor_tm_msgs/rotor_tm_msgs/msg/detail/traj_command__traits.hpp
[7.207s] -- Installing: /home/swati/Quad_DR/RotorTM/install/rotor_tm_msgs/include/rotor_tm_msgs/rotor_tm_msgs/msg/detail/so3_command__builder.hpp
[7.207s] -- Installing: /home/swati/Quad_DR/RotorTM/install/rotor_tm_msgs/include/rotor_tm_msgs/rotor_tm_msgs/msg/detail/rpm_command__struct.hpp
[7.207s] -- Installing: /home/swati/Quad_DR/RotorTM/install/rotor_tm_msgs/include/rotor_tm_msgs/rotor_tm_msgs/msg/detail/trpy_command__struct.hpp
[7.207s] -- Installing: /home/swati/Quad_DR/RotorTM/install/rotor_tm_msgs/include/rotor_tm_msgs/rotor_tm_msgs/msg/detail/fm_command__struct.hpp
[7.207s] -- Installing: /home/swati/Quad_DR/RotorTM/install/rotor_tm_msgs/include/rotor_tm_msgs/rotor_tm_msgs/msg/detail/traj_command__builder.hpp
[7.207s] -- Installing: /home/swati/Quad_DR/RotorTM/install/rotor_tm_msgs/include/rotor_tm_msgs/rotor_tm_msgs/msg/detail/trpy_command__traits.hpp
[7.207s] -- Installing: /home/swati/Quad_DR/RotorTM/install/rotor_tm_msgs/include/rotor_tm_msgs/rotor_tm_msgs/msg/detail/cen_pl_command__struct.hpp
[7.207s] -- Installing: /home/swati/Quad_DR/RotorTM/install/rotor_tm_msgs/include/rotor_tm_msgs/rotor_tm_msgs/msg/cen_pl_command.hpp
[7.207s] -- Installing: /home/swati/Quad_DR/RotorTM/install/rotor_tm_msgs/include/rotor_tm_msgs/rotor_tm_msgs/msg/position_command.hpp
[7.207s] -- Up-to-date: /home/swati/Quad_DR/RotorTM/install/rotor_tm_msgs/include/rotor_tm_msgs/rotor_tm_msgs
[7.208s] -- Up-to-date: /home/swati/Quad_DR/RotorTM/install/rotor_tm_msgs/include/rotor_tm_msgs/rotor_tm_msgs/srv
[7.208s] -- Up-to-date: /home/swati/Quad_DR/RotorTM/install/rotor_tm_msgs/include/rotor_tm_msgs/rotor_tm_msgs/srv/detail
[7.208s] -- Installing: /home/swati/Quad_DR/RotorTM/install/rotor_tm_msgs/include/rotor_tm_msgs/rotor_tm_msgs/srv/detail/vec4__rosidl_typesupport_fastrtps_cpp.hpp
[7.208s] -- Installing: /home/swati/Quad_DR/RotorTM/install/rotor_tm_msgs/include/rotor_tm_msgs/rotor_tm_msgs/srv/detail/step_pose__rosidl_typesupport_fastrtps_cpp.hpp
[7.208s] -- Installing: /home/swati/Quad_DR/RotorTM/install/rotor_tm_msgs/include/rotor_tm_msgs/rotor_tm_msgs/srv/detail/circle_with_rotation__rosidl_typesupport_fastrtps_cpp.hpp
[7.208s] -- Installing: /home/swati/Quad_DR/RotorTM/install/rotor_tm_msgs/include/rotor_tm_msgs/rotor_tm_msgs/srv/detail/copr_status_cmd__rosidl_typesupport_fastrtps_cpp.hpp
[7.208s] -- Installing: /home/swati/Quad_DR/RotorTM/install/rotor_tm_msgs/include/rotor_tm_msgs/rotor_tm_msgs/srv/detail/circle__rosidl_typesupport_fastrtps_cpp.hpp
[7.208s] -- Installing: /home/swati/Quad_DR/RotorTM/install/rotor_tm_msgs/include/rotor_tm_msgs/rotor_tm_msgs/srv/detail/line__rosidl_typesupport_fastrtps_cpp.hpp
[7.208s] -- Installing: /home/swati/Quad_DR/RotorTM/install/rotor_tm_msgs/include/rotor_tm_msgs/rotor_tm_msgs/srv/detail/dds_fastrtps
[7.208s] -- Up-to-date: /home/swati/Quad_DR/RotorTM/install/rotor_tm_msgs/include/rotor_tm_msgs/rotor_tm_msgs/msg
[7.208s] -- Installing: /home/swati/Quad_DR/RotorTM/install/rotor_tm_msgs/include/rotor_tm_msgs/rotor_tm_msgs/msg/rosidl_typesupport_fastrtps_cpp__visibility_control.h
[7.208s] -- Up-to-date: /home/swati/Quad_DR/RotorTM/install/rotor_tm_msgs/include/rotor_tm_msgs/rotor_tm_msgs/msg/detail
[7.208s] -- Installing: /home/swati/Quad_DR/RotorTM/install/rotor_tm_msgs/include/rotor_tm_msgs/rotor_tm_msgs/msg/detail/status_data__rosidl_typesupport_fastrtps_cpp.hpp
[7.209s] -- Installing: /home/swati/Quad_DR/RotorTM/install/rotor_tm_msgs/include/rotor_tm_msgs/rotor_tm_msgs/msg/detail/fmn_command__rosidl_typesupport_fastrtps_cpp.hpp
[7.209s] -- Installing: /home/swati/Quad_DR/RotorTM/install/rotor_tm_msgs/include/rotor_tm_msgs/rotor_tm_msgs/msg/detail/position_command__rosidl_typesupport_fastrtps_cpp.hpp
[7.209s] -- Installing: /home/swati/Quad_DR/RotorTM/install/rotor_tm_msgs/include/rotor_tm_msgs/rotor_tm_msgs/msg/detail/so3_command__rosidl_typesupport_fastrtps_cpp.hpp
[7.209s] -- Installing: /home/swati/Quad_DR/RotorTM/install/rotor_tm_msgs/include/rotor_tm_msgs/rotor_tm_msgs/msg/detail/trpy_command__rosidl_typesupport_fastrtps_cpp.hpp
[7.209s] -- Installing: /home/swati/Quad_DR/RotorTM/install/rotor_tm_msgs/include/rotor_tm_msgs/rotor_tm_msgs/msg/detail/rpm_command__rosidl_typesupport_fastrtps_cpp.hpp
[7.209s] -- Installing: /home/swati/Quad_DR/RotorTM/install/rotor_tm_msgs/include/rotor_tm_msgs/rotor_tm_msgs/msg/detail/fm_command__rosidl_typesupport_fastrtps_cpp.hpp
[7.209s] -- Installing: /home/swati/Quad_DR/RotorTM/install/rotor_tm_msgs/include/rotor_tm_msgs/rotor_tm_msgs/msg/detail/traj_command__rosidl_typesupport_fastrtps_cpp.hpp
[7.209s] -- Installing: /home/swati/Quad_DR/RotorTM/install/rotor_tm_msgs/include/rotor_tm_msgs/rotor_tm_msgs/msg/detail/cen_pl_command__rosidl_typesupport_fastrtps_cpp.hpp
[7.209s] -- Installing: /home/swati/Quad_DR/RotorTM/install/rotor_tm_msgs/include/rotor_tm_msgs/rotor_tm_msgs/msg/detail/dds_fastrtps
[7.209s] -- Installing: /home/swati/Quad_DR/RotorTM/install/rotor_tm_msgs/lib/librotor_tm_msgs__rosidl_typesupport_fastrtps_cpp.so
[7.210s] -- Set non-toolchain portion of runtime path of "/home/swati/Quad_DR/RotorTM/install/rotor_tm_msgs/lib/librotor_tm_msgs__rosidl_typesupport_fastrtps_cpp.so" to ""
[7.210s] -- Up-to-date: /home/swati/Quad_DR/RotorTM/install/rotor_tm_msgs/include/rotor_tm_msgs/rotor_tm_msgs
[7.210s] -- Up-to-date: /home/swati/Quad_DR/RotorTM/install/rotor_tm_msgs/include/rotor_tm_msgs/rotor_tm_msgs/srv
[7.210s] -- Up-to-date: /home/swati/Quad_DR/RotorTM/install/rotor_tm_msgs/include/rotor_tm_msgs/rotor_tm_msgs/srv/detail
[7.210s] -- Installing: /home/swati/Quad_DR/RotorTM/install/rotor_tm_msgs/include/rotor_tm_msgs/rotor_tm_msgs/srv/detail/copr_status_cmd__type_support.cpp
[7.210s] -- Installing: /home/swati/Quad_DR/RotorTM/install/rotor_tm_msgs/include/rotor_tm_msgs/rotor_tm_msgs/srv/detail/line__rosidl_typesupport_introspection_cpp.hpp
[7.210s] -- Installing: /home/swati/Quad_DR/RotorTM/install/rotor_tm_msgs/include/rotor_tm_msgs/rotor_tm_msgs/srv/detail/step_pose__rosidl_typesupport_introspection_cpp.hpp
[7.210s] -- Installing: /home/swati/Quad_DR/RotorTM/install/rotor_tm_msgs/include/rotor_tm_msgs/rotor_tm_msgs/srv/detail/circle__type_support.cpp
[7.210s] -- Installing: /home/swati/Quad_DR/RotorTM/install/rotor_tm_msgs/include/rotor_tm_msgs/rotor_tm_msgs/srv/detail/vec4__rosidl_typesupport_introspection_cpp.hpp
[7.210s] -- Installing: /home/swati/Quad_DR/RotorTM/install/rotor_tm_msgs/include/rotor_tm_msgs/rotor_tm_msgs/srv/detail/step_pose__type_support.cpp
[7.210s] -- Installing: /home/swati/Quad_DR/RotorTM/install/rotor_tm_msgs/include/rotor_tm_msgs/rotor_tm_msgs/srv/detail/copr_status_cmd__rosidl_typesupport_introspection_cpp.hpp
[7.210s] -- Installing: /home/swati/Quad_DR/RotorTM/install/rotor_tm_msgs/include/rotor_tm_msgs/rotor_tm_msgs/srv/detail/vec4__type_support.cpp
[7.210s] -- Installing: /home/swati/Quad_DR/RotorTM/install/rotor_tm_msgs/include/rotor_tm_msgs/rotor_tm_msgs/srv/detail/circle_with_rotation__rosidl_typesupport_introspection_cpp.hpp
[7.210s] -- Installing: /home/swati/Quad_DR/RotorTM/install/rotor_tm_msgs/include/rotor_tm_msgs/rotor_tm_msgs/srv/detail/circle_with_rotation__type_support.cpp
[7.210s] -- Installing: /home/swati/Quad_DR/RotorTM/install/rotor_tm_msgs/include/rotor_tm_msgs/rotor_tm_msgs/srv/detail/circle__rosidl_typesupport_introspection_cpp.hpp
[7.211s] -- Installing: /home/swati/Quad_DR/RotorTM/install/rotor_tm_msgs/include/rotor_tm_msgs/rotor_tm_msgs/srv/detail/line__type_support.cpp
[7.211s] -- Up-to-date: /home/swati/Quad_DR/RotorTM/install/rotor_tm_msgs/include/rotor_tm_msgs/rotor_tm_msgs/msg
[7.211s] -- Up-to-date: /home/swati/Quad_DR/RotorTM/install/rotor_tm_msgs/include/rotor_tm_msgs/rotor_tm_msgs/msg/detail
[7.211s] -- Installing: /home/swati/Quad_DR/RotorTM/install/rotor_tm_msgs/include/rotor_tm_msgs/rotor_tm_msgs/msg/detail/fmn_command__type_support.cpp
[7.211s] -- Installing: /home/swati/Quad_DR/RotorTM/install/rotor_tm_msgs/include/rotor_tm_msgs/rotor_tm_msgs/msg/detail/cen_pl_command__type_support.cpp
[7.211s] -- Installing: /home/swati/Quad_DR/RotorTM/install/rotor_tm_msgs/include/rotor_tm_msgs/rotor_tm_msgs/msg/detail/rpm_command__type_support.cpp
[7.211s] -- Installing: /home/swati/Quad_DR/RotorTM/install/rotor_tm_msgs/include/rotor_tm_msgs/rotor_tm_msgs/msg/detail/traj_command__type_support.cpp
[7.211s] -- Installing: /home/swati/Quad_DR/RotorTM/install/rotor_tm_msgs/include/rotor_tm_msgs/rotor_tm_msgs/msg/detail/cen_pl_command__rosidl_typesupport_introspection_cpp.hpp
[7.211s] -- Installing: /home/swati/Quad_DR/RotorTM/install/rotor_tm_msgs/include/rotor_tm_msgs/rotor_tm_msgs/msg/detail/trpy_command__type_support.cpp
[7.211s] -- Installing: /home/swati/Quad_DR/RotorTM/install/rotor_tm_msgs/include/rotor_tm_msgs/rotor_tm_msgs/msg/detail/fmn_command__rosidl_typesupport_introspection_cpp.hpp
[7.211s] -- Installing: /home/swati/Quad_DR/RotorTM/install/rotor_tm_msgs/include/rotor_tm_msgs/rotor_tm_msgs/msg/detail/position_command__rosidl_typesupport_introspection_cpp.hpp
[7.211s] -- Installing: /home/swati/Quad_DR/RotorTM/install/rotor_tm_msgs/include/rotor_tm_msgs/rotor_tm_msgs/msg/detail/so3_command__rosidl_typesupport_introspection_cpp.hpp
[7.211s] -- Installing: /home/swati/Quad_DR/RotorTM/install/rotor_tm_msgs/include/rotor_tm_msgs/rotor_tm_msgs/msg/detail/status_data__rosidl_typesupport_introspection_cpp.hpp
[7.211s] -- Installing: /home/swati/Quad_DR/RotorTM/install/rotor_tm_msgs/include/rotor_tm_msgs/rotor_tm_msgs/msg/detail/trpy_command__rosidl_typesupport_introspection_cpp.hpp
[7.212s] -- Installing: /home/swati/Quad_DR/RotorTM/install/rotor_tm_msgs/include/rotor_tm_msgs/rotor_tm_msgs/msg/detail/position_command__type_support.cpp
[7.212s] -- Installing: /home/swati/Quad_DR/RotorTM/install/rotor_tm_msgs/include/rotor_tm_msgs/rotor_tm_msgs/msg/detail/rpm_command__rosidl_typesupport_introspection_cpp.hpp
[7.212s] -- Installing: /home/swati/Quad_DR/RotorTM/install/rotor_tm_msgs/include/rotor_tm_msgs/rotor_tm_msgs/msg/detail/traj_command__rosidl_typesupport_introspection_cpp.hpp
[7.212s] -- Installing: /home/swati/Quad_DR/RotorTM/install/rotor_tm_msgs/include/rotor_tm_msgs/rotor_tm_msgs/msg/detail/so3_command__type_support.cpp
[7.212s] -- Installing: /home/swati/Quad_DR/RotorTM/install/rotor_tm_msgs/include/rotor_tm_msgs/rotor_tm_msgs/msg/detail/fm_command__rosidl_typesupport_introspection_cpp.hpp
[7.212s] -- Installing: /home/swati/Quad_DR/RotorTM/install/rotor_tm_msgs/include/rotor_tm_msgs/rotor_tm_msgs/msg/detail/status_data__type_support.cpp
[7.212s] -- Installing: /home/swati/Quad_DR/RotorTM/install/rotor_tm_msgs/include/rotor_tm_msgs/rotor_tm_msgs/msg/detail/fm_command__type_support.cpp
[7.212s] -- Installing: /home/swati/Quad_DR/RotorTM/install/rotor_tm_msgs/lib/librotor_tm_msgs__rosidl_typesupport_introspection_cpp.so
[7.212s] -- Set non-toolchain portion of runtime path of "/home/swati/Quad_DR/RotorTM/install/rotor_tm_msgs/lib/librotor_tm_msgs__rosidl_typesupport_introspection_cpp.so" to ""
[7.212s] -- Installing: /home/swati/Quad_DR/RotorTM/install/rotor_tm_msgs/lib/librotor_tm_msgs__rosidl_typesupport_cpp.so
[7.213s] -- Set non-toolchain portion of runtime path of "/home/swati/Quad_DR/RotorTM/install/rotor_tm_msgs/lib/librotor_tm_msgs__rosidl_typesupport_cpp.so" to ""
[7.213s] -- Installing: /home/swati/Quad_DR/RotorTM/install/rotor_tm_msgs/share/rotor_tm_msgs/environment/pythonpath.sh
[7.213s] -- Installing: /home/swati/Quad_DR/RotorTM/install/rotor_tm_msgs/share/rotor_tm_msgs/environment/pythonpath.dsv
[7.213s] -- Installing: /home/swati/Quad_DR/RotorTM/install/rotor_tm_msgs/local/lib/python3.10/dist-packages/rotor_tm_msgs-0.0.0-py3.10.egg-info
[7.213s] -- Installing: /home/swati/Quad_DR/RotorTM/install/rotor_tm_msgs/local/lib/python3.10/dist-packages/rotor_tm_msgs-0.0.0-py3.10.egg-info/top_level.txt
[7.213s] -- Installing: /home/swati/Quad_DR/RotorTM/install/rotor_tm_msgs/local/lib/python3.10/dist-packages/rotor_tm_msgs-0.0.0-py3.10.egg-info/PKG-INFO
[7.213s] -- Installing: /home/swati/Quad_DR/RotorTM/install/rotor_tm_msgs/local/lib/python3.10/dist-packages/rotor_tm_msgs-0.0.0-py3.10.egg-info/SOURCES.txt
[7.213s] -- Installing: /home/swati/Quad_DR/RotorTM/install/rotor_tm_msgs/local/lib/python3.10/dist-packages/rotor_tm_msgs-0.0.0-py3.10.egg-info/dependency_links.txt
[7.213s] -- Installing: /home/swati/Quad_DR/RotorTM/install/rotor_tm_msgs/local/lib/python3.10/dist-packages/rotor_tm_msgs
[7.213s] -- Installing: /home/swati/Quad_DR/RotorTM/install/rotor_tm_msgs/local/lib/python3.10/dist-packages/rotor_tm_msgs/_rotor_tm_msgs_s.ep.rosidl_typesupport_introspection_c.c
[7.213s] -- Installing: /home/swati/Quad_DR/RotorTM/install/rotor_tm_msgs/local/lib/python3.10/dist-packages/rotor_tm_msgs/librotor_tm_msgs__rosidl_generator_py.so
[7.213s] -- Installing: /home/swati/Quad_DR/RotorTM/install/rotor_tm_msgs/local/lib/python3.10/dist-packages/rotor_tm_msgs/_rotor_tm_msgs_s.ep.rosidl_typesupport_c.c
[7.213s] -- Installing: /home/swati/Quad_DR/RotorTM/install/rotor_tm_msgs/local/lib/python3.10/dist-packages/rotor_tm_msgs/_rotor_tm_msgs_s.ep.rosidl_typesupport_fastrtps_c.c
[7.213s] -- Installing: /home/swati/Quad_DR/RotorTM/install/rotor_tm_msgs/local/lib/python3.10/dist-packages/rotor_tm_msgs/srv
[7.214s] -- Installing: /home/swati/Quad_DR/RotorTM/install/rotor_tm_msgs/local/lib/python3.10/dist-packages/rotor_tm_msgs/srv/_circle_with_rotation.py
[7.214s] -- Installing: /home/swati/Quad_DR/RotorTM/install/rotor_tm_msgs/local/lib/python3.10/dist-packages/rotor_tm_msgs/srv/_copr_status_cmd_s.c
[7.214s] -- Installing: /home/swati/Quad_DR/RotorTM/install/rotor_tm_msgs/local/lib/python3.10/dist-packages/rotor_tm_msgs/srv/_circle_s.c
[7.214s] -- Installing: /home/swati/Quad_DR/RotorTM/install/rotor_tm_msgs/local/lib/python3.10/dist-packages/rotor_tm_msgs/srv/_vec4_s.c
[7.214s] -- Installing: /home/swati/Quad_DR/RotorTM/install/rotor_tm_msgs/local/lib/python3.10/dist-packages/rotor_tm_msgs/srv/_line.py
[7.214s] -- Installing: /home/swati/Quad_DR/RotorTM/install/rotor_tm_msgs/local/lib/python3.10/dist-packages/rotor_tm_msgs/srv/__init__.py
[7.214s] -- Installing: /home/swati/Quad_DR/RotorTM/install/rotor_tm_msgs/local/lib/python3.10/dist-packages/rotor_tm_msgs/srv/_circle.py
[7.214s] -- Installing: /home/swati/Quad_DR/RotorTM/install/rotor_tm_msgs/local/lib/python3.10/dist-packages/rotor_tm_msgs/srv/_circle_with_rotation_s.c
[7.214s] -- Installing: /home/swati/Quad_DR/RotorTM/install/rotor_tm_msgs/local/lib/python3.10/dist-packages/rotor_tm_msgs/srv/_line_s.c
[7.214s] -- Installing: /home/swati/Quad_DR/RotorTM/install/rotor_tm_msgs/local/lib/python3.10/dist-packages/rotor_tm_msgs/srv/_step_pose.py
[7.214s] -- Installing: /home/swati/Quad_DR/RotorTM/install/rotor_tm_msgs/local/lib/python3.10/dist-packages/rotor_tm_msgs/srv/_copr_status_cmd.py
[7.214s] -- Installing: /home/swati/Quad_DR/RotorTM/install/rotor_tm_msgs/local/lib/python3.10/dist-packages/rotor_tm_msgs/srv/_step_pose_s.c
[7.214s] -- Installing: /home/swati/Quad_DR/RotorTM/install/rotor_tm_msgs/local/lib/python3.10/dist-packages/rotor_tm_msgs/srv/_vec4.py
[7.214s] -- Installing: /home/swati/Quad_DR/RotorTM/install/rotor_tm_msgs/local/lib/python3.10/dist-packages/rotor_tm_msgs/__init__.py
[7.214s] -- Installing: /home/swati/Quad_DR/RotorTM/install/rotor_tm_msgs/local/lib/python3.10/dist-packages/rotor_tm_msgs/rotor_tm_msgs_s__rosidl_typesupport_introspection_c.cpython-310-x86_64-linux-gnu.so
[7.214s] -- Installing: /home/swati/Quad_DR/RotorTM/install/rotor_tm_msgs/local/lib/python3.10/dist-packages/rotor_tm_msgs/rotor_tm_msgs_s__rosidl_typesupport_c.cpython-310-x86_64-linux-gnu.so
[7.214s] -- Installing: /home/swati/Quad_DR/RotorTM/install/rotor_tm_msgs/local/lib/python3.10/dist-packages/rotor_tm_msgs/msg
[7.214s] -- Installing: /home/swati/Quad_DR/RotorTM/install/rotor_tm_msgs/local/lib/python3.10/dist-packages/rotor_tm_msgs/msg/_rpm_command.py
[7.214s] -- Installing: /home/swati/Quad_DR/RotorTM/install/rotor_tm_msgs/local/lib/python3.10/dist-packages/rotor_tm_msgs/msg/_trpy_command_s.c
[7.214s] -- Installing: /home/swati/Quad_DR/RotorTM/install/rotor_tm_msgs/local/lib/python3.10/dist-packages/rotor_tm_msgs/msg/_so3_command_s.c
[7.214s] -- Installing: /home/swati/Quad_DR/RotorTM/install/rotor_tm_msgs/local/lib/python3.10/dist-packages/rotor_tm_msgs/msg/_cen_pl_command.py
[7.214s] -- Installing: /home/swati/Quad_DR/RotorTM/install/rotor_tm_msgs/local/lib/python3.10/dist-packages/rotor_tm_msgs/msg/_cen_pl_command_s.c
[7.214s] -- Installing: /home/swati/Quad_DR/RotorTM/install/rotor_tm_msgs/local/lib/python3.10/dist-packages/rotor_tm_msgs/msg/_fmn_command.py
[7.215s] -- Installing: /home/swati/Quad_DR/RotorTM/install/rotor_tm_msgs/local/lib/python3.10/dist-packages/rotor_tm_msgs/msg/_trpy_command.py
[7.215s] -- Installing: /home/swati/Quad_DR/RotorTM/install/rotor_tm_msgs/local/lib/python3.10/dist-packages/rotor_tm_msgs/msg/__init__.py
[7.215s] -- Installing: /home/swati/Quad_DR/RotorTM/install/rotor_tm_msgs/local/lib/python3.10/dist-packages/rotor_tm_msgs/msg/_status_data_s.c
[7.215s] -- Installing: /home/swati/Quad_DR/RotorTM/install/rotor_tm_msgs/local/lib/python3.10/dist-packages/rotor_tm_msgs/msg/_so3_command.py
[7.215s] -- Installing: /home/swati/Quad_DR/RotorTM/install/rotor_tm_msgs/local/lib/python3.10/dist-packages/rotor_tm_msgs/msg/_position_command.py
[7.215s] -- Installing: /home/swati/Quad_DR/RotorTM/install/rotor_tm_msgs/local/lib/python3.10/dist-packages/rotor_tm_msgs/msg/_fmn_command_s.c
[7.215s] -- Installing: /home/swati/Quad_DR/RotorTM/install/rotor_tm_msgs/local/lib/python3.10/dist-packages/rotor_tm_msgs/msg/_traj_command.py
[7.215s] -- Installing: /home/swati/Quad_DR/RotorTM/install/rotor_tm_msgs/local/lib/python3.10/dist-packages/rotor_tm_msgs/msg/_rpm_command_s.c
[7.215s] -- Installing: /home/swati/Quad_DR/RotorTM/install/rotor_tm_msgs/local/lib/python3.10/dist-packages/rotor_tm_msgs/msg/_position_command_s.c
[7.215s] -- Installing: /home/swati/Quad_DR/RotorTM/install/rotor_tm_msgs/local/lib/python3.10/dist-packages/rotor_tm_msgs/msg/_fm_command.py
[7.215s] -- Installing: /home/swati/Quad_DR/RotorTM/install/rotor_tm_msgs/local/lib/python3.10/dist-packages/rotor_tm_msgs/msg/_traj_command_s.c
[7.215s] -- Installing: /home/swati/Quad_DR/RotorTM/install/rotor_tm_msgs/local/lib/python3.10/dist-packages/rotor_tm_msgs/msg/_status_data.py
[7.215s] -- Installing: /home/swati/Quad_DR/RotorTM/install/rotor_tm_msgs/local/lib/python3.10/dist-packages/rotor_tm_msgs/msg/_fm_command_s.c
[7.215s] -- Installing: /home/swati/Quad_DR/RotorTM/install/rotor_tm_msgs/local/lib/python3.10/dist-packages/rotor_tm_msgs/rotor_tm_msgs_s__rosidl_typesupport_fastrtps_c.cpython-310-x86_64-linux-gnu.so
[7.260s] Listing '/home/swati/Quad_DR/RotorTM/install/rotor_tm_msgs/local/lib/python3.10/dist-packages/rotor_tm_msgs'...
[7.260s] Compiling '/home/swati/Quad_DR/RotorTM/install/rotor_tm_msgs/local/lib/python3.10/dist-packages/rotor_tm_msgs/__init__.py'...
[7.260s] Listing '/home/swati/Quad_DR/RotorTM/install/rotor_tm_msgs/local/lib/python3.10/dist-packages/rotor_tm_msgs/msg'...
[7.260s] Compiling '/home/swati/Quad_DR/RotorTM/install/rotor_tm_msgs/local/lib/python3.10/dist-packages/rotor_tm_msgs/msg/__init__.py'...
[7.260s] Compiling '/home/swati/Quad_DR/RotorTM/install/rotor_tm_msgs/local/lib/python3.10/dist-packages/rotor_tm_msgs/msg/_cen_pl_command.py'...
[7.260s] Compiling '/home/swati/Quad_DR/RotorTM/install/rotor_tm_msgs/local/lib/python3.10/dist-packages/rotor_tm_msgs/msg/_fm_command.py'...
[7.260s] Compiling '/home/swati/Quad_DR/RotorTM/install/rotor_tm_msgs/local/lib/python3.10/dist-packages/rotor_tm_msgs/msg/_fmn_command.py'...
[7.260s] Compiling '/home/swati/Quad_DR/RotorTM/install/rotor_tm_msgs/local/lib/python3.10/dist-packages/rotor_tm_msgs/msg/_position_command.py'...
[7.260s] Compiling '/home/swati/Quad_DR/RotorTM/install/rotor_tm_msgs/local/lib/python3.10/dist-packages/rotor_tm_msgs/msg/_rpm_command.py'...
[7.260s] Compiling '/home/swati/Quad_DR/RotorTM/install/rotor_tm_msgs/local/lib/python3.10/dist-packages/rotor_tm_msgs/msg/_so3_command.py'...
[7.260s] Compiling '/home/swati/Quad_DR/RotorTM/install/rotor_tm_msgs/local/lib/python3.10/dist-packages/rotor_tm_msgs/msg/_status_data.py'...
[7.260s] Compiling '/home/swati/Quad_DR/RotorTM/install/rotor_tm_msgs/local/lib/python3.10/dist-packages/rotor_tm_msgs/msg/_traj_command.py'...
[7.260s] Compiling '/home/swati/Quad_DR/RotorTM/install/rotor_tm_msgs/local/lib/python3.10/dist-packages/rotor_tm_msgs/msg/_trpy_command.py'...
[7.260s] Listing '/home/swati/Quad_DR/RotorTM/install/rotor_tm_msgs/local/lib/python3.10/dist-packages/rotor_tm_msgs/srv'...
[7.260s] Compiling '/home/swati/Quad_DR/RotorTM/install/rotor_tm_msgs/local/lib/python3.10/dist-packages/rotor_tm_msgs/srv/__init__.py'...
[7.260s] Compiling '/home/swati/Quad_DR/RotorTM/install/rotor_tm_msgs/local/lib/python3.10/dist-packages/rotor_tm_msgs/srv/_circle.py'...
[7.260s] Compiling '/home/swati/Quad_DR/RotorTM/install/rotor_tm_msgs/local/lib/python3.10/dist-packages/rotor_tm_msgs/srv/_circle_with_rotation.py'...
[7.260s] Compiling '/home/swati/Quad_DR/RotorTM/install/rotor_tm_msgs/local/lib/python3.10/dist-packages/rotor_tm_msgs/srv/_copr_status_cmd.py'...
[7.260s] Compiling '/home/swati/Quad_DR/RotorTM/install/rotor_tm_msgs/local/lib/python3.10/dist-packages/rotor_tm_msgs/srv/_line.py'...
[7.260s] Compiling '/home/swati/Quad_DR/RotorTM/install/rotor_tm_msgs/local/lib/python3.10/dist-packages/rotor_tm_msgs/srv/_step_pose.py'...
[7.260s] Compiling '/home/swati/Quad_DR/RotorTM/install/rotor_tm_msgs/local/lib/python3.10/dist-packages/rotor_tm_msgs/srv/_vec4.py'...
[7.263s] -- Installing: /home/swati/Quad_DR/RotorTM/install/rotor_tm_msgs/local/lib/python3.10/dist-packages/rotor_tm_msgs/rotor_tm_msgs_s__rosidl_typesupport_fastrtps_c.cpython-310-x86_64-linux-gnu.so
[7.263s] -- Set non-toolchain portion of runtime path of "/home/swati/Quad_DR/RotorTM/install/rotor_tm_msgs/local/lib/python3.10/dist-packages/rotor_tm_msgs/rotor_tm_msgs_s__rosidl_typesupport_fastrtps_c.cpython-310-x86_64-linux-gnu.so" to ""
[7.263s] -- Installing: /home/swati/Quad_DR/RotorTM/install/rotor_tm_msgs/local/lib/python3.10/dist-packages/rotor_tm_msgs/rotor_tm_msgs_s__rosidl_typesupport_introspection_c.cpython-310-x86_64-linux-gnu.so
[7.263s] -- Set non-toolchain portion of runtime path of "/home/swati/Quad_DR/RotorTM/install/rotor_tm_msgs/local/lib/python3.10/dist-packages/rotor_tm_msgs/rotor_tm_msgs_s__rosidl_typesupport_introspection_c.cpython-310-x86_64-linux-gnu.so" to ""
[7.263s] -- Installing: /home/swati/Quad_DR/RotorTM/install/rotor_tm_msgs/local/lib/python3.10/dist-packages/rotor_tm_msgs/rotor_tm_msgs_s__rosidl_typesupport_c.cpython-310-x86_64-linux-gnu.so
[7.263s] -- Set non-toolchain portion of runtime path of "/home/swati/Quad_DR/RotorTM/install/rotor_tm_msgs/local/lib/python3.10/dist-packages/rotor_tm_msgs/rotor_tm_msgs_s__rosidl_typesupport_c.cpython-310-x86_64-linux-gnu.so" to ""
[7.264s] -- Installing: /home/swati/Quad_DR/RotorTM/install/rotor_tm_msgs/lib/librotor_tm_msgs__rosidl_generator_py.so
[7.264s] -- Set non-toolchain portion of runtime path of "/home/swati/Quad_DR/RotorTM/install/rotor_tm_msgs/lib/librotor_tm_msgs__rosidl_generator_py.so" to ""
[7.264s] -- Installing: /home/swati/Quad_DR/RotorTM/install/rotor_tm_msgs/share/rotor_tm_msgs/msg/PositionCommand.idl
[7.264s] -- Installing: /home/swati/Quad_DR/RotorTM/install/rotor_tm_msgs/share/rotor_tm_msgs/msg/FMCommand.idl
[7.264s] -- Installing: /home/swati/Quad_DR/RotorTM/install/rotor_tm_msgs/share/rotor_tm_msgs/msg/RPMCommand.idl
[7.264s] -- Installing: /home/swati/Quad_DR/RotorTM/install/rotor_tm_msgs/share/rotor_tm_msgs/msg/SO3Command.idl
[7.264s] -- Installing: /home/swati/Quad_DR/RotorTM/install/rotor_tm_msgs/share/rotor_tm_msgs/msg/CenPLCommand.idl
[7.264s] -- Installing: /home/swati/Quad_DR/RotorTM/install/rotor_tm_msgs/share/rotor_tm_msgs/msg/StatusData.idl
[7.264s] -- Installing: /home/swati/Quad_DR/RotorTM/install/rotor_tm_msgs/share/rotor_tm_msgs/msg/TRPYCommand.idl
[7.264s] -- Installing: /home/swati/Quad_DR/RotorTM/install/rotor_tm_msgs/share/rotor_tm_msgs/msg/TrajCommand.idl
[7.264s] -- Installing: /home/swati/Quad_DR/RotorTM/install/rotor_tm_msgs/share/rotor_tm_msgs/msg/FMNCommand.idl
[7.264s] -- Installing: /home/swati/Quad_DR/RotorTM/install/rotor_tm_msgs/share/rotor_tm_msgs/srv/Vec4.idl
[7.264s] -- Installing: /home/swati/Quad_DR/RotorTM/install/rotor_tm_msgs/share/rotor_tm_msgs/srv/Circle.idl
[7.264s] -- Installing: /home/swati/Quad_DR/RotorTM/install/rotor_tm_msgs/share/rotor_tm_msgs/srv/CircleWithRotation.idl
[7.264s] -- Installing: /home/swati/Quad_DR/RotorTM/install/rotor_tm_msgs/share/rotor_tm_msgs/srv/Line.idl
[7.265s] -- Installing: /home/swati/Quad_DR/RotorTM/install/rotor_tm_msgs/share/rotor_tm_msgs/srv/CoprStatusCmd.idl
[7.265s] -- Installing: /home/swati/Quad_DR/RotorTM/install/rotor_tm_msgs/share/rotor_tm_msgs/srv/StepPose.idl
[7.265s] -- Installing: /home/swati/Quad_DR/RotorTM/install/rotor_tm_msgs/share/rotor_tm_msgs/msg/PositionCommand.msg
[7.265s] -- Installing: /home/swati/Quad_DR/RotorTM/install/rotor_tm_msgs/share/rotor_tm_msgs/msg/FMCommand.msg
[7.265s] -- Installing: /home/swati/Quad_DR/RotorTM/install/rotor_tm_msgs/share/rotor_tm_msgs/msg/RPMCommand.msg
[7.265s] -- Installing: /home/swati/Quad_DR/RotorTM/install/rotor_tm_msgs/share/rotor_tm_msgs/msg/SO3Command.msg
[7.265s] -- Installing: /home/swati/Quad_DR/RotorTM/install/rotor_tm_msgs/share/rotor_tm_msgs/msg/CenPLCommand.msg
[7.265s] -- Installing: /home/swati/Quad_DR/RotorTM/install/rotor_tm_msgs/share/rotor_tm_msgs/msg/StatusData.msg
[7.265s] -- Installing: /home/swati/Quad_DR/RotorTM/install/rotor_tm_msgs/share/rotor_tm_msgs/msg/TRPYCommand.msg
[7.265s] -- Installing: /home/swati/Quad_DR/RotorTM/install/rotor_tm_msgs/share/rotor_tm_msgs/msg/TrajCommand.msg
[7.265s] -- Installing: /home/swati/Quad_DR/RotorTM/install/rotor_tm_msgs/share/rotor_tm_msgs/msg/FMNCommand.msg
[7.265s] -- Installing: /home/swati/Quad_DR/RotorTM/install/rotor_tm_msgs/share/rotor_tm_msgs/srv/Vec4.srv
[7.265s] -- Installing: /home/swati/Quad_DR/RotorTM/install/rotor_tm_msgs/share/rotor_tm_msgs/srv/Vec4_Request.msg
[7.265s] -- Installing: /home/swati/Quad_DR/RotorTM/install/rotor_tm_msgs/share/rotor_tm_msgs/srv/Vec4_Response.msg
[7.265s] -- Installing: /home/swati/Quad_DR/RotorTM/install/rotor_tm_msgs/share/rotor_tm_msgs/srv/Circle.srv
[7.265s] -- Installing: /home/swati/Quad_DR/RotorTM/install/rotor_tm_msgs/share/rotor_tm_msgs/srv/Circle_Request.msg
[7.265s] -- Installing: /home/swati/Quad_DR/RotorTM/install/rotor_tm_msgs/share/rotor_tm_msgs/srv/Circle_Response.msg
[7.265s] -- Installing: /home/swati/Quad_DR/RotorTM/install/rotor_tm_msgs/share/rotor_tm_msgs/srv/CircleWithRotation.srv
[7.266s] -- Installing: /home/swati/Quad_DR/RotorTM/install/rotor_tm_msgs/share/rotor_tm_msgs/srv/CircleWithRotation_Request.msg
[7.266s] -- Installing: /home/swati/Quad_DR/RotorTM/install/rotor_tm_msgs/share/rotor_tm_msgs/srv/CircleWithRotation_Response.msg
[7.266s] -- Installing: /home/swati/Quad_DR/RotorTM/install/rotor_tm_msgs/share/rotor_tm_msgs/srv/Line.srv
[7.266s] -- Installing: /home/swati/Quad_DR/RotorTM/install/rotor_tm_msgs/share/rotor_tm_msgs/srv/Line_Request.msg
[7.266s] -- Installing: /home/swati/Quad_DR/RotorTM/install/rotor_tm_msgs/share/rotor_tm_msgs/srv/Line_Response.msg
[7.266s] -- Installing: /home/swati/Quad_DR/RotorTM/install/rotor_tm_msgs/share/rotor_tm_msgs/srv/CoprStatusCmd.srv
[7.266s] -- Installing: /home/swati/Quad_DR/RotorTM/install/rotor_tm_msgs/share/rotor_tm_msgs/srv/CoprStatusCmd_Request.msg
[7.266s] -- Installing: /home/swati/Quad_DR/RotorTM/install/rotor_tm_msgs/share/rotor_tm_msgs/srv/CoprStatusCmd_Response.msg
[7.266s] -- Installing: /home/swati/Quad_DR/RotorTM/install/rotor_tm_msgs/share/rotor_tm_msgs/srv/StepPose.srv
[7.266s] -- Installing: /home/swati/Quad_DR/RotorTM/install/rotor_tm_msgs/share/rotor_tm_msgs/srv/StepPose_Request.msg
[7.266s] -- Installing: /home/swati/Quad_DR/RotorTM/install/rotor_tm_msgs/share/rotor_tm_msgs/srv/StepPose_Response.msg
[7.266s] -- Installing: /home/swati/Quad_DR/RotorTM/install/rotor_tm_msgs/share/ament_index/resource_index/package_run_dependencies/rotor_tm_msgs
[7.266s] -- Installing: /home/swati/Quad_DR/RotorTM/install/rotor_tm_msgs/share/ament_index/resource_index/parent_prefix_path/rotor_tm_msgs
[7.266s] -- Installing: /home/swati/Quad_DR/RotorTM/install/rotor_tm_msgs/share/rotor_tm_msgs/environment/ament_prefix_path.sh
[7.266s] -- Installing: /home/swati/Quad_DR/RotorTM/install/rotor_tm_msgs/share/rotor_tm_msgs/environment/ament_prefix_path.dsv
[7.266s] -- Installing: /home/swati/Quad_DR/RotorTM/install/rotor_tm_msgs/share/rotor_tm_msgs/environment/path.sh
[7.266s] -- Installing: /home/swati/Quad_DR/RotorTM/install/rotor_tm_msgs/share/rotor_tm_msgs/environment/path.dsv
[7.267s] -- Installing: /home/swati/Quad_DR/RotorTM/install/rotor_tm_msgs/share/rotor_tm_msgs/local_setup.bash
[7.267s] -- Installing: /home/swati/Quad_DR/RotorTM/install/rotor_tm_msgs/share/rotor_tm_msgs/local_setup.sh
[7.267s] -- Installing: /home/swati/Quad_DR/RotorTM/install/rotor_tm_msgs/share/rotor_tm_msgs/local_setup.zsh
[7.267s] -- Installing: /home/swati/Quad_DR/RotorTM/install/rotor_tm_msgs/share/rotor_tm_msgs/local_setup.dsv
[7.267s] -- Installing: /home/swati/Quad_DR/RotorTM/install/rotor_tm_msgs/share/rotor_tm_msgs/package.dsv
[7.267s] -- Installing: /home/swati/Quad_DR/RotorTM/install/rotor_tm_msgs/share/ament_index/resource_index/packages/rotor_tm_msgs
[7.267s] -- Installing: /home/swati/Quad_DR/RotorTM/install/rotor_tm_msgs/share/rotor_tm_msgs/cmake/export_rotor_tm_msgs__rosidl_generator_cExport.cmake
[7.267s] -- Installing: /home/swati/Quad_DR/RotorTM/install/rotor_tm_msgs/share/rotor_tm_msgs/cmake/export_rotor_tm_msgs__rosidl_generator_cExport-noconfig.cmake
[7.267s] -- Installing: /home/swati/Quad_DR/RotorTM/install/rotor_tm_msgs/share/rotor_tm_msgs/cmake/export_rotor_tm_msgs__rosidl_typesupport_fastrtps_cExport.cmake
[7.267s] -- Installing: /home/swati/Quad_DR/RotorTM/install/rotor_tm_msgs/share/rotor_tm_msgs/cmake/export_rotor_tm_msgs__rosidl_typesupport_fastrtps_cExport-noconfig.cmake
[7.267s] -- Installing: /home/swati/Quad_DR/RotorTM/install/rotor_tm_msgs/share/rotor_tm_msgs/cmake/rotor_tm_msgs__rosidl_typesupport_introspection_cExport.cmake
[7.267s] -- Installing: /home/swati/Quad_DR/RotorTM/install/rotor_tm_msgs/share/rotor_tm_msgs/cmake/rotor_tm_msgs__rosidl_typesupport_introspection_cExport-noconfig.cmake
[7.267s] -- Installing: /home/swati/Quad_DR/RotorTM/install/rotor_tm_msgs/share/rotor_tm_msgs/cmake/rotor_tm_msgs__rosidl_typesupport_cExport.cmake
[7.267s] -- Installing: /home/swati/Quad_DR/RotorTM/install/rotor_tm_msgs/share/rotor_tm_msgs/cmake/rotor_tm_msgs__rosidl_typesupport_cExport-noconfig.cmake
[7.267s] -- Installing: /home/swati/Quad_DR/RotorTM/install/rotor_tm_msgs/share/rotor_tm_msgs/cmake/export_rotor_tm_msgs__rosidl_generator_cppExport.cmake
[7.268s] -- Installing: /home/swati/Quad_DR/RotorTM/install/rotor_tm_msgs/share/rotor_tm_msgs/cmake/export_rotor_tm_msgs__rosidl_typesupport_fastrtps_cppExport.cmake
[7.268s] -- Installing: /home/swati/Quad_DR/RotorTM/install/rotor_tm_msgs/share/rotor_tm_msgs/cmake/export_rotor_tm_msgs__rosidl_typesupport_fastrtps_cppExport-noconfig.cmake
[7.268s] -- Installing: /home/swati/Quad_DR/RotorTM/install/rotor_tm_msgs/share/rotor_tm_msgs/cmake/rotor_tm_msgs__rosidl_typesupport_introspection_cppExport.cmake
[7.268s] -- Installing: /home/swati/Quad_DR/RotorTM/install/rotor_tm_msgs/share/rotor_tm_msgs/cmake/rotor_tm_msgs__rosidl_typesupport_introspection_cppExport-noconfig.cmake
[7.268s] -- Installing: /home/swati/Quad_DR/RotorTM/install/rotor_tm_msgs/share/rotor_tm_msgs/cmake/rotor_tm_msgs__rosidl_typesupport_cppExport.cmake
[7.268s] -- Installing: /home/swati/Quad_DR/RotorTM/install/rotor_tm_msgs/share/rotor_tm_msgs/cmake/rotor_tm_msgs__rosidl_typesupport_cppExport-noconfig.cmake
[7.268s] -- Installing: /home/swati/Quad_DR/RotorTM/install/rotor_tm_msgs/share/rotor_tm_msgs/cmake/export_rotor_tm_msgs__rosidl_generator_pyExport.cmake
[7.268s] -- Installing: /home/swati/Quad_DR/RotorTM/install/rotor_tm_msgs/share/rotor_tm_msgs/cmake/export_rotor_tm_msgs__rosidl_generator_pyExport-noconfig.cmake
[7.268s] -- Installing: /home/swati/Quad_DR/RotorTM/install/rotor_tm_msgs/share/rotor_tm_msgs/cmake/rosidl_cmake-extras.cmake
[7.268s] -- Installing: /home/swati/Quad_DR/RotorTM/install/rotor_tm_msgs/share/rotor_tm_msgs/cmake/ament_cmake_export_dependencies-extras.cmake
[7.268s] -- Installing: /home/swati/Quad_DR/RotorTM/install/rotor_tm_msgs/share/rotor_tm_msgs/cmake/ament_cmake_export_include_directories-extras.cmake
[7.268s] -- Installing: /home/swati/Quad_DR/RotorTM/install/rotor_tm_msgs/share/rotor_tm_msgs/cmake/ament_cmake_export_libraries-extras.cmake
[7.268s] -- Installing: /home/swati/Quad_DR/RotorTM/install/rotor_tm_msgs/share/rotor_tm_msgs/cmake/ament_cmake_export_targets-extras.cmake
[7.268s] -- Installing: /home/swati/Quad_DR/RotorTM/install/rotor_tm_msgs/share/rotor_tm_msgs/cmake/rosidl_cmake_export_typesupport_targets-extras.cmake
[7.268s] -- Installing: /home/swati/Quad_DR/RotorTM/install/rotor_tm_msgs/share/rotor_tm_msgs/cmake/rosidl_cmake_export_typesupport_libraries-extras.cmake
[7.268s] -- Installing: /home/swati/Quad_DR/RotorTM/install/rotor_tm_msgs/share/rotor_tm_msgs/cmake/rotor_tm_msgsConfig.cmake
[7.268s] -- Installing: /home/swati/Quad_DR/RotorTM/install/rotor_tm_msgs/share/rotor_tm_msgs/cmake/rotor_tm_msgsConfig-version.cmake
[7.269s] -- Installing: /home/swati/Quad_DR/RotorTM/install/rotor_tm_msgs/share/rotor_tm_msgs/package.xml
[7.271s] Invoked command in '/home/swati/Quad_DR/RotorTM/build/rotor_tm_msgs' returned '0': CMAKE_PREFIX_PATH=${CMAKE_PREFIX_PATH}:/home/swati/Quad_DR/RotorTM/install/rotor_tm_sim:/home/swati/Quad_DR/RotorTM/install/rotor_tm_control:/home/swati/Quad_DR/RotorTM/install/rotor_tm_utils:/home/swati/Quad_DR/RotorTM/install/rotor_tm_traj:/home/swati/Quad_DR/RotorTM/install/rotor_tm_keyboard2wrench:/home/swati/Quad_DR/RotorTM/install/rotor_tm_config:/home/swati/Quad_DR/RotorTM/install/payload_control:/opt/ros/humble /opt/cmake-3.28.3-linux-x86_64/bin/cmake --install /home/swati/Quad_DR/RotorTM/build/rotor_tm_msgs
