[0.010s] Invoking command in '/home/swati/Quad_DR/RotorTM/build/rotor_tm_plcontrol': AMENT_PREFIX_PATH=/home/swati/Quad_DR/RotorTM/install/rotor_tm_msgs:${AMENT_PREFIX_PATH} CMAKE_PREFIX_PATH=/home/swati/Quad_DR/RotorTM/install/rotor_tm_msgs:/opt/ros/humble LD_LIBRARY_PATH=/home/swati/Quad_DR/RotorTM/install/rotor_tm_msgs/lib:/usr/lib/x86_64-linux-gnu/gazebo-11/plugins:/opt/ros/humble/opt/rviz_ogre_vendor/lib:/opt/ros/humble/lib/x86_64-linux-gnu:/opt/ros/humble/lib:/usr/share/gazebo/../../lib/x86_64-linux-gnu/gazebo-11/plugins:/home/swati/acados/lib PYTHONPATH=/home/swati/Quad_DR/RotorTM/install/rotor_tm_msgs/lib/python3.10/site-packages:${PYTHONPATH} /usr/bin/cmake --build /home/swati/Quad_DR/RotorTM/build/rotor_tm_plcontrol -- -j20 -l20
[0.071s] [ 66%] Built target pl_nmpc_shared_lib
[0.102s] [100%] Built target pl_nmpc_node
[0.112s] Invoked command in '/home/swati/Quad_DR/RotorTM/build/rotor_tm_plcontrol' returned '0': AMENT_PREFIX_PATH=/home/swati/Quad_DR/RotorTM/install/rotor_tm_msgs:${AMENT_PREFIX_PATH} CMAKE_PREFIX_PATH=/home/swati/Quad_DR/RotorTM/install/rotor_tm_msgs:/opt/ros/humble LD_LIBRARY_PATH=/home/swati/Quad_DR/RotorTM/install/rotor_tm_msgs/lib:/usr/lib/x86_64-linux-gnu/gazebo-11/plugins:/opt/ros/humble/opt/rviz_ogre_vendor/lib:/opt/ros/humble/lib/x86_64-linux-gnu:/opt/ros/humble/lib:/usr/share/gazebo/../../lib/x86_64-linux-gnu/gazebo-11/plugins:/home/swati/acados/lib PYTHONPATH=/home/swati/Quad_DR/RotorTM/install/rotor_tm_msgs/lib/python3.10/site-packages:${PYTHONPATH} /usr/bin/cmake --build /home/swati/Quad_DR/RotorTM/build/rotor_tm_plcontrol -- -j20 -l20
[0.147s] Invoking command in '/home/swati/Quad_DR/RotorTM/build/rotor_tm_plcontrol': AMENT_PREFIX_PATH=/home/swati/Quad_DR/RotorTM/install/rotor_tm_msgs:${AMENT_PREFIX_PATH} CMAKE_PREFIX_PATH=/home/swati/Quad_DR/RotorTM/install/rotor_tm_msgs:/opt/ros/humble LD_LIBRARY_PATH=/home/swati/Quad_DR/RotorTM/install/rotor_tm_msgs/lib:/usr/lib/x86_64-linux-gnu/gazebo-11/plugins:/opt/ros/humble/opt/rviz_ogre_vendor/lib:/opt/ros/humble/lib/x86_64-linux-gnu:/opt/ros/humble/lib:/usr/share/gazebo/../../lib/x86_64-linux-gnu/gazebo-11/plugins:/home/swati/acados/lib PYTHONPATH=/home/swati/Quad_DR/RotorTM/install/rotor_tm_msgs/lib/python3.10/site-packages:${PYTHONPATH} /usr/bin/cmake --install /home/swati/Quad_DR/RotorTM/build/rotor_tm_plcontrol
[0.154s] -- Install configuration: ""
[0.154s] -- Up-to-date: /home/swati/Quad_DR/RotorTM/install/rotor_tm_plcontrol/lib/libacados_ocp_solver_payload_model.so
[0.154s] -- Up-to-date: /home/swati/Quad_DR/RotorTM/install/rotor_tm_plcontrol/share/rotor_tm_plcontrol/environment/library_path.sh
[0.154s] -- Up-to-date: /home/swati/Quad_DR/RotorTM/install/rotor_tm_plcontrol/share/rotor_tm_plcontrol/environment/library_path.dsv
[0.154s] -- Up-to-date: /home/swati/Quad_DR/RotorTM/install/rotor_tm_plcontrol/lib/rotor_tm_plcontrol/pl_nmpc_node
[0.154s] -- Up-to-date: /home/swati/Quad_DR/RotorTM/install/rotor_tm_plcontrol/lib/libpl_nmpc_shared_lib.so
[0.155s] -- Up-to-date: /home/swati/Quad_DR/RotorTM/install/rotor_tm_plcontrol/include/
[0.155s] -- Up-to-date: /home/swati/Quad_DR/RotorTM/install/rotor_tm_plcontrol/include//rotor_tm_plcontrol
[0.155s] -- Up-to-date: /home/swati/Quad_DR/RotorTM/install/rotor_tm_plcontrol/include//rotor_tm_plcontrol/acados_solver_payload_model.h
[0.155s] -- Up-to-date: /home/swati/Quad_DR/RotorTM/install/rotor_tm_plcontrol/include//rotor_tm_plcontrol/payload_model_model.h
[0.155s] -- Up-to-date: /home/swati/Quad_DR/RotorTM/install/rotor_tm_plcontrol/include//rotor_tm_plcontrol/nmpc_control.h
[0.155s] -- Up-to-date: /home/swati/Quad_DR/RotorTM/install/rotor_tm_plcontrol/include//rotor_tm_plcontrol/wrapper.h
[0.155s] -- Up-to-date: /home/swati/Quad_DR/RotorTM/install/rotor_tm_plcontrol/share/ament_index/resource_index/package_run_dependencies/rotor_tm_plcontrol
[0.155s] -- Up-to-date: /home/swati/Quad_DR/RotorTM/install/rotor_tm_plcontrol/share/ament_index/resource_index/parent_prefix_path/rotor_tm_plcontrol
[0.155s] -- Up-to-date: /home/swati/Quad_DR/RotorTM/install/rotor_tm_plcontrol/share/rotor_tm_plcontrol/environment/ament_prefix_path.sh
[0.156s] -- Up-to-date: /home/swati/Quad_DR/RotorTM/install/rotor_tm_plcontrol/share/rotor_tm_plcontrol/environment/ament_prefix_path.dsv
[0.156s] -- Up-to-date: /home/swati/Quad_DR/RotorTM/install/rotor_tm_plcontrol/share/rotor_tm_plcontrol/environment/path.sh
[0.156s] -- Up-to-date: /home/swati/Quad_DR/RotorTM/install/rotor_tm_plcontrol/share/rotor_tm_plcontrol/environment/path.dsv
[0.156s] -- Up-to-date: /home/swati/Quad_DR/RotorTM/install/rotor_tm_plcontrol/share/rotor_tm_plcontrol/local_setup.bash
[0.156s] -- Up-to-date: /home/swati/Quad_DR/RotorTM/install/rotor_tm_plcontrol/share/rotor_tm_plcontrol/local_setup.sh
[0.156s] -- Up-to-date: /home/swati/Quad_DR/RotorTM/install/rotor_tm_plcontrol/share/rotor_tm_plcontrol/local_setup.zsh
[0.156s] -- Up-to-date: /home/swati/Quad_DR/RotorTM/install/rotor_tm_plcontrol/share/rotor_tm_plcontrol/local_setup.dsv
[0.156s] -- Installing: /home/swati/Quad_DR/RotorTM/install/rotor_tm_plcontrol/share/rotor_tm_plcontrol/package.dsv
[0.156s] -- Up-to-date: /home/swati/Quad_DR/RotorTM/install/rotor_tm_plcontrol/share/ament_index/resource_index/packages/rotor_tm_plcontrol
[0.157s] -- Up-to-date: /home/swati/Quad_DR/RotorTM/install/rotor_tm_plcontrol/share/rotor_tm_plcontrol/cmake/ament_cmake_export_libraries-extras.cmake
[0.157s] -- Up-to-date: /home/swati/Quad_DR/RotorTM/install/rotor_tm_plcontrol/share/rotor_tm_plcontrol/cmake/ament_cmake_export_dependencies-extras.cmake
[0.157s] -- Up-to-date: /home/swati/Quad_DR/RotorTM/install/rotor_tm_plcontrol/share/rotor_tm_plcontrol/cmake/rotor_tm_plcontrolConfig.cmake
[0.157s] -- Up-to-date: /home/swati/Quad_DR/RotorTM/install/rotor_tm_plcontrol/share/rotor_tm_plcontrol/cmake/rotor_tm_plcontrolConfig-version.cmake
[0.157s] -- Up-to-date: /home/swati/Quad_DR/RotorTM/install/rotor_tm_plcontrol/share/rotor_tm_plcontrol/package.xml
[0.158s] Invoked command in '/home/swati/Quad_DR/RotorTM/build/rotor_tm_plcontrol' returned '0': AMENT_PREFIX_PATH=/home/swati/Quad_DR/RotorTM/install/rotor_tm_msgs:${AMENT_PREFIX_PATH} CMAKE_PREFIX_PATH=/home/swati/Quad_DR/RotorTM/install/rotor_tm_msgs:/opt/ros/humble LD_LIBRARY_PATH=/home/swati/Quad_DR/RotorTM/install/rotor_tm_msgs/lib:/usr/lib/x86_64-linux-gnu/gazebo-11/plugins:/opt/ros/humble/opt/rviz_ogre_vendor/lib:/opt/ros/humble/lib/x86_64-linux-gnu:/opt/ros/humble/lib:/usr/share/gazebo/../../lib/x86_64-linux-gnu/gazebo-11/plugins:/home/swati/acados/lib PYTHONPATH=/home/swati/Quad_DR/RotorTM/install/rotor_tm_msgs/lib/python3.10/site-packages:${PYTHONPATH} /usr/bin/cmake --install /home/swati/Quad_DR/RotorTM/build/rotor_tm_plcontrol
