[0.126s] DEBUG:colcon:Command line arguments: ['/usr/bin/colcon', 'build']
[0.126s] DEBUG:colcon:Parsed command line arguments: Namespace(log_base=None, log_level=None, verb_name='build', build_base='build', install_base='install', merge_install=False, symlink_install=False, test_result_base=None, continue_on_error=False, executor='parallel', parallel_workers=20, event_handlers=None, ignore_user_meta=False, metas=['./colcon.meta'], base_paths=['.'], packages_ignore=None, packages_ignore_regex=None, paths=None, packages_up_to=None, packages_up_to_regex=None, packages_above=None, packages_above_and_dependencies=None, packages_above_depth=None, packages_select_by_dep=None, packages_skip_by_dep=None, packages_skip_up_to=None, packages_select_build_failed=False, packages_skip_build_finished=False, packages_select_test_failures=False, packages_skip_test_passed=False, packages_select=None, packages_skip=None, packages_select_regex=None, packages_skip_regex=None, packages_start=None, packages_end=None, allow_overriding=[], cmake_args=None, cmake_target=None, cmake_target_skip_unavailable=False, cmake_clean_cache=False, cmake_clean_first=False, cmake_force_configure=False, ament_cmake_args=None, catkin_cmake_args=None, catkin_skip_building_tests=False, mixin_files=None, mixin=None, verb_parser=<colcon_mixin.mixin.mixin_argument.MixinArgumentDecorator object at 0x70efd2d0c520>, verb_extension=<colcon_core.verb.build.BuildVerb object at 0x70efd2cdbf40>, main=<bound method BuildVerb.main of <colcon_core.verb.build.BuildVerb object at 0x70efd2cdbf40>>, mixin_verb=('build',))
[0.168s] Level 1:colcon.colcon_core.package_discovery:discover_packages(colcon_meta) check parameters
[0.168s] Level 1:colcon.colcon_core.package_discovery:discover_packages(recursive) check parameters
[0.168s] Level 1:colcon.colcon_core.package_discovery:discover_packages(ignore) check parameters
[0.168s] Level 1:colcon.colcon_core.package_discovery:discover_packages(path) check parameters
[0.168s] Level 1:colcon.colcon_core.package_discovery:discover_packages(colcon_meta) discover
[0.168s] Level 1:colcon.colcon_core.package_discovery:discover_packages(recursive) discover
[0.169s] INFO:colcon.colcon_core.package_discovery:Crawling recursively for packages in '/home/swati/Quad_DR/ros2_ws'
[0.169s] Level 1:colcon.colcon_core.package_identification:_identify(.) by extensions ['ignore', 'ignore_ament_install']
[0.169s] Level 1:colcon.colcon_core.package_identification:_identify(.) by extension 'ignore'
[0.169s] Level 1:colcon.colcon_core.package_identification:_identify(.) by extension 'ignore_ament_install'
[0.169s] Level 1:colcon.colcon_core.package_identification:_identify(.) by extensions ['colcon_pkg']
[0.169s] Level 1:colcon.colcon_core.package_identification:_identify(.) by extension 'colcon_pkg'
[0.169s] Level 1:colcon.colcon_core.package_identification:_identify(.) by extensions ['colcon_meta']
[0.169s] Level 1:colcon.colcon_core.package_identification:_identify(.) by extension 'colcon_meta'
[0.169s] Level 1:colcon.colcon_core.package_identification:_identify(.) by extensions ['ros']
[0.169s] Level 1:colcon.colcon_core.package_identification:_identify(.) by extension 'ros'
[0.186s] Level 1:colcon.colcon_core.package_identification:_identify(.) by extensions ['cmake', 'python']
[0.186s] Level 1:colcon.colcon_core.package_identification:_identify(.) by extension 'cmake'
[0.186s] Level 1:colcon.colcon_core.package_identification:_identify(.) by extension 'python'
[0.186s] Level 1:colcon.colcon_core.package_identification:_identify(.) by extensions ['python_setup_py']
[0.186s] Level 1:colcon.colcon_core.package_identification:_identify(.) by extension 'python_setup_py'
[0.186s] Level 1:colcon.colcon_core.package_identification:_identify(build) by extensions ['ignore', 'ignore_ament_install']
[0.187s] Level 1:colcon.colcon_core.package_identification:_identify(build) by extension 'ignore'
[0.187s] Level 1:colcon.colcon_core.package_identification:_identify(build) ignored
[0.187s] Level 1:colcon.colcon_core.package_identification:_identify(install) by extensions ['ignore', 'ignore_ament_install']
[0.187s] Level 1:colcon.colcon_core.package_identification:_identify(install) by extension 'ignore'
[0.187s] Level 1:colcon.colcon_core.package_identification:_identify(install) ignored
[0.187s] Level 1:colcon.colcon_core.package_identification:_identify(log) by extensions ['ignore', 'ignore_ament_install']
[0.187s] Level 1:colcon.colcon_core.package_identification:_identify(log) by extension 'ignore'
[0.187s] Level 1:colcon.colcon_core.package_identification:_identify(log) ignored
[0.187s] Level 1:colcon.colcon_core.package_identification:_identify(src) by extensions ['ignore', 'ignore_ament_install']
[0.187s] Level 1:colcon.colcon_core.package_identification:_identify(src) by extension 'ignore'
[0.187s] Level 1:colcon.colcon_core.package_identification:_identify(src) by extension 'ignore_ament_install'
[0.187s] Level 1:colcon.colcon_core.package_identification:_identify(src) by extensions ['colcon_pkg']
[0.188s] Level 1:colcon.colcon_core.package_identification:_identify(src) by extension 'colcon_pkg'
[0.188s] Level 1:colcon.colcon_core.package_identification:_identify(src) by extensions ['colcon_meta']
[0.188s] Level 1:colcon.colcon_core.package_identification:_identify(src) by extension 'colcon_meta'
[0.188s] Level 1:colcon.colcon_core.package_identification:_identify(src) by extensions ['ros']
[0.188s] Level 1:colcon.colcon_core.package_identification:_identify(src) by extension 'ros'
[0.188s] Level 1:colcon.colcon_core.package_identification:_identify(src) by extensions ['cmake', 'python']
[0.188s] Level 1:colcon.colcon_core.package_identification:_identify(src) by extension 'cmake'
[0.188s] Level 1:colcon.colcon_core.package_identification:_identify(src) by extension 'python'
[0.188s] Level 1:colcon.colcon_core.package_identification:_identify(src) by extensions ['python_setup_py']
[0.188s] Level 1:colcon.colcon_core.package_identification:_identify(src) by extension 'python_setup_py'
[0.188s] Level 1:colcon.colcon_core.package_identification:_identify(src/rotor_tm_config) by extensions ['ignore', 'ignore_ament_install']
[0.188s] Level 1:colcon.colcon_core.package_identification:_identify(src/rotor_tm_config) by extension 'ignore'
[0.188s] Level 1:colcon.colcon_core.package_identification:_identify(src/rotor_tm_config) by extension 'ignore_ament_install'
[0.188s] Level 1:colcon.colcon_core.package_identification:_identify(src/rotor_tm_config) by extensions ['colcon_pkg']
[0.188s] Level 1:colcon.colcon_core.package_identification:_identify(src/rotor_tm_config) by extension 'colcon_pkg'
[0.188s] Level 1:colcon.colcon_core.package_identification:_identify(src/rotor_tm_config) by extensions ['colcon_meta']
[0.188s] Level 1:colcon.colcon_core.package_identification:_identify(src/rotor_tm_config) by extension 'colcon_meta'
[0.188s] Level 1:colcon.colcon_core.package_identification:_identify(src/rotor_tm_config) by extensions ['ros']
[0.188s] Level 1:colcon.colcon_core.package_identification:_identify(src/rotor_tm_config) by extension 'ros'
[0.191s] DEBUG:colcon.colcon_core.package_identification:Package 'src/rotor_tm_config' with type 'ros.ament_python' and name 'rotor_tm_config'
[0.191s] Level 1:colcon.colcon_core.package_identification:_identify(src/rotor_tm_control) by extensions ['ignore', 'ignore_ament_install']
[0.191s] Level 1:colcon.colcon_core.package_identification:_identify(src/rotor_tm_control) by extension 'ignore'
[0.191s] Level 1:colcon.colcon_core.package_identification:_identify(src/rotor_tm_control) by extension 'ignore_ament_install'
[0.191s] Level 1:colcon.colcon_core.package_identification:_identify(src/rotor_tm_control) by extensions ['colcon_pkg']
[0.191s] Level 1:colcon.colcon_core.package_identification:_identify(src/rotor_tm_control) by extension 'colcon_pkg'
[0.191s] Level 1:colcon.colcon_core.package_identification:_identify(src/rotor_tm_control) by extensions ['colcon_meta']
[0.191s] Level 1:colcon.colcon_core.package_identification:_identify(src/rotor_tm_control) by extension 'colcon_meta'
[0.191s] Level 1:colcon.colcon_core.package_identification:_identify(src/rotor_tm_control) by extensions ['ros']
[0.192s] Level 1:colcon.colcon_core.package_identification:_identify(src/rotor_tm_control) by extension 'ros'
[0.192s] DEBUG:colcon.colcon_core.package_identification:Package 'src/rotor_tm_control' with type 'ros.ament_python' and name 'rotor_tm_control'
[0.192s] Level 1:colcon.colcon_core.package_identification:_identify(src/rotor_tm_keyboard2wrench) by extensions ['ignore', 'ignore_ament_install']
[0.193s] Level 1:colcon.colcon_core.package_identification:_identify(src/rotor_tm_keyboard2wrench) by extension 'ignore'
[0.193s] Level 1:colcon.colcon_core.package_identification:_identify(src/rotor_tm_keyboard2wrench) by extension 'ignore_ament_install'
[0.193s] Level 1:colcon.colcon_core.package_identification:_identify(src/rotor_tm_keyboard2wrench) by extensions ['colcon_pkg']
[0.193s] Level 1:colcon.colcon_core.package_identification:_identify(src/rotor_tm_keyboard2wrench) by extension 'colcon_pkg'
[0.193s] Level 1:colcon.colcon_core.package_identification:_identify(src/rotor_tm_keyboard2wrench) by extensions ['colcon_meta']
[0.193s] Level 1:colcon.colcon_core.package_identification:_identify(src/rotor_tm_keyboard2wrench) by extension 'colcon_meta'
[0.193s] Level 1:colcon.colcon_core.package_identification:_identify(src/rotor_tm_keyboard2wrench) by extensions ['ros']
[0.193s] Level 1:colcon.colcon_core.package_identification:_identify(src/rotor_tm_keyboard2wrench) by extension 'ros'
[0.193s] DEBUG:colcon.colcon_core.package_identification:Package 'src/rotor_tm_keyboard2wrench' with type 'ros.ament_python' and name 'rotor_tm_keyboard2wrench'
[0.194s] Level 1:colcon.colcon_core.package_identification:_identify(src/rotor_tm_msgs) by extensions ['ignore', 'ignore_ament_install']
[0.194s] Level 1:colcon.colcon_core.package_identification:_identify(src/rotor_tm_msgs) by extension 'ignore'
[0.194s] Level 1:colcon.colcon_core.package_identification:_identify(src/rotor_tm_msgs) by extension 'ignore_ament_install'
[0.194s] Level 1:colcon.colcon_core.package_identification:_identify(src/rotor_tm_msgs) by extensions ['colcon_pkg']
[0.194s] Level 1:colcon.colcon_core.package_identification:_identify(src/rotor_tm_msgs) by extension 'colcon_pkg'
[0.194s] Level 1:colcon.colcon_core.package_identification:_identify(src/rotor_tm_msgs) by extensions ['colcon_meta']
[0.194s] Level 1:colcon.colcon_core.package_identification:_identify(src/rotor_tm_msgs) by extension 'colcon_meta'
[0.194s] Level 1:colcon.colcon_core.package_identification:_identify(src/rotor_tm_msgs) by extensions ['ros']
[0.194s] Level 1:colcon.colcon_core.package_identification:_identify(src/rotor_tm_msgs) by extension 'ros'
[0.195s] DEBUG:colcon.colcon_core.package_identification:Package 'src/rotor_tm_msgs' with type 'ros.ament_cmake' and name 'rotor_tm_msgs'
[0.195s] Level 1:colcon.colcon_core.package_identification:_identify(src/rotor_tm_sim) by extensions ['ignore', 'ignore_ament_install']
[0.195s] Level 1:colcon.colcon_core.package_identification:_identify(src/rotor_tm_sim) by extension 'ignore'
[0.195s] Level 1:colcon.colcon_core.package_identification:_identify(src/rotor_tm_sim) by extension 'ignore_ament_install'
[0.195s] Level 1:colcon.colcon_core.package_identification:_identify(src/rotor_tm_sim) by extensions ['colcon_pkg']
[0.195s] Level 1:colcon.colcon_core.package_identification:_identify(src/rotor_tm_sim) by extension 'colcon_pkg'
[0.195s] Level 1:colcon.colcon_core.package_identification:_identify(src/rotor_tm_sim) by extensions ['colcon_meta']
[0.195s] Level 1:colcon.colcon_core.package_identification:_identify(src/rotor_tm_sim) by extension 'colcon_meta'
[0.195s] Level 1:colcon.colcon_core.package_identification:_identify(src/rotor_tm_sim) by extensions ['ros']
[0.195s] Level 1:colcon.colcon_core.package_identification:_identify(src/rotor_tm_sim) by extension 'ros'
[0.196s] DEBUG:colcon.colcon_core.package_identification:Package 'src/rotor_tm_sim' with type 'ros.ament_python' and name 'rotor_tm_sim'
[0.196s] Level 1:colcon.colcon_core.package_identification:_identify(src/rotor_tm_traj) by extensions ['ignore', 'ignore_ament_install']
[0.197s] Level 1:colcon.colcon_core.package_identification:_identify(src/rotor_tm_traj) by extension 'ignore'
[0.197s] Level 1:colcon.colcon_core.package_identification:_identify(src/rotor_tm_traj) by extension 'ignore_ament_install'
[0.197s] Level 1:colcon.colcon_core.package_identification:_identify(src/rotor_tm_traj) by extensions ['colcon_pkg']
[0.197s] Level 1:colcon.colcon_core.package_identification:_identify(src/rotor_tm_traj) by extension 'colcon_pkg'
[0.197s] Level 1:colcon.colcon_core.package_identification:_identify(src/rotor_tm_traj) by extensions ['colcon_meta']
[0.197s] Level 1:colcon.colcon_core.package_identification:_identify(src/rotor_tm_traj) by extension 'colcon_meta'
[0.197s] Level 1:colcon.colcon_core.package_identification:_identify(src/rotor_tm_traj) by extensions ['ros']
[0.197s] Level 1:colcon.colcon_core.package_identification:_identify(src/rotor_tm_traj) by extension 'ros'
[0.198s] DEBUG:colcon.colcon_core.package_identification:Package 'src/rotor_tm_traj' with type 'ros.ament_python' and name 'rotor_tm_traj'
[0.198s] Level 1:colcon.colcon_core.package_identification:_identify(src/rotor_tm_utils) by extensions ['ignore', 'ignore_ament_install']
[0.198s] Level 1:colcon.colcon_core.package_identification:_identify(src/rotor_tm_utils) by extension 'ignore'
[0.198s] Level 1:colcon.colcon_core.package_identification:_identify(src/rotor_tm_utils) by extension 'ignore_ament_install'
[0.198s] Level 1:colcon.colcon_core.package_identification:_identify(src/rotor_tm_utils) by extensions ['colcon_pkg']
[0.198s] Level 1:colcon.colcon_core.package_identification:_identify(src/rotor_tm_utils) by extension 'colcon_pkg'
[0.198s] Level 1:colcon.colcon_core.package_identification:_identify(src/rotor_tm_utils) by extensions ['colcon_meta']
[0.198s] Level 1:colcon.colcon_core.package_identification:_identify(src/rotor_tm_utils) by extension 'colcon_meta'
[0.198s] Level 1:colcon.colcon_core.package_identification:_identify(src/rotor_tm_utils) by extensions ['ros']
[0.198s] Level 1:colcon.colcon_core.package_identification:_identify(src/rotor_tm_utils) by extension 'ros'
[0.199s] DEBUG:colcon.colcon_core.package_identification:Package 'src/rotor_tm_utils' with type 'ros.ament_python' and name 'rotor_tm_utils'
[0.199s] Level 1:colcon.colcon_core.package_discovery:discover_packages(recursive) using defaults
[0.199s] Level 1:colcon.colcon_core.package_discovery:discover_packages(ignore) discover
[0.199s] Level 1:colcon.colcon_core.package_discovery:discover_packages(ignore) using defaults
[0.199s] Level 1:colcon.colcon_core.package_discovery:discover_packages(path) discover
[0.199s] Level 1:colcon.colcon_core.package_discovery:discover_packages(path) using defaults
[0.223s] Level 1:colcon.colcon_core.package_discovery:discover_packages(prefix_path) check parameters
[0.224s] Level 1:colcon.colcon_core.package_discovery:discover_packages(prefix_path) discover
[0.226s] DEBUG:colcon.colcon_installed_package_information.package_discovery:Found 7 installed packages in /home/swati/Quad_DR/ros2_ws/install
[0.228s] DEBUG:colcon.colcon_installed_package_information.package_discovery:Found 376 installed packages in /opt/ros/humble
[0.230s] Level 1:colcon.colcon_core.package_discovery:discover_packages(prefix_path) using defaults
[0.287s] Level 5:colcon.colcon_core.verb:set package 'rotor_tm_config' build argument 'cmake_args' from command line to 'None'
[0.287s] Level 5:colcon.colcon_core.verb:set package 'rotor_tm_config' build argument 'cmake_target' from command line to 'None'
[0.287s] Level 5:colcon.colcon_core.verb:set package 'rotor_tm_config' build argument 'cmake_target_skip_unavailable' from command line to 'False'
[0.287s] Level 5:colcon.colcon_core.verb:set package 'rotor_tm_config' build argument 'cmake_clean_cache' from command line to 'False'
[0.287s] Level 5:colcon.colcon_core.verb:set package 'rotor_tm_config' build argument 'cmake_clean_first' from command line to 'False'
[0.287s] Level 5:colcon.colcon_core.verb:set package 'rotor_tm_config' build argument 'cmake_force_configure' from command line to 'False'
[0.287s] Level 5:colcon.colcon_core.verb:set package 'rotor_tm_config' build argument 'ament_cmake_args' from command line to 'None'
[0.287s] Level 5:colcon.colcon_core.verb:set package 'rotor_tm_config' build argument 'catkin_cmake_args' from command line to 'None'
[0.287s] Level 5:colcon.colcon_core.verb:set package 'rotor_tm_config' build argument 'catkin_skip_building_tests' from command line to 'False'
[0.287s] DEBUG:colcon.colcon_core.verb:Building package 'rotor_tm_config' with the following arguments: {'ament_cmake_args': None, 'build_base': '/home/swati/Quad_DR/ros2_ws/build/rotor_tm_config', 'catkin_cmake_args': None, 'catkin_skip_building_tests': False, 'cmake_args': None, 'cmake_clean_cache': False, 'cmake_clean_first': False, 'cmake_force_configure': False, 'cmake_target': None, 'cmake_target_skip_unavailable': False, 'install_base': '/home/swati/Quad_DR/ros2_ws/install/rotor_tm_config', 'merge_install': False, 'path': '/home/swati/Quad_DR/ros2_ws/src/rotor_tm_config', 'symlink_install': False, 'test_result_base': None}
[0.288s] Level 5:colcon.colcon_core.verb:set package 'rotor_tm_keyboard2wrench' build argument 'cmake_args' from command line to 'None'
[0.288s] Level 5:colcon.colcon_core.verb:set package 'rotor_tm_keyboard2wrench' build argument 'cmake_target' from command line to 'None'
[0.288s] Level 5:colcon.colcon_core.verb:set package 'rotor_tm_keyboard2wrench' build argument 'cmake_target_skip_unavailable' from command line to 'False'
[0.288s] Level 5:colcon.colcon_core.verb:set package 'rotor_tm_keyboard2wrench' build argument 'cmake_clean_cache' from command line to 'False'
[0.288s] Level 5:colcon.colcon_core.verb:set package 'rotor_tm_keyboard2wrench' build argument 'cmake_clean_first' from command line to 'False'
[0.288s] Level 5:colcon.colcon_core.verb:set package 'rotor_tm_keyboard2wrench' build argument 'cmake_force_configure' from command line to 'False'
[0.288s] Level 5:colcon.colcon_core.verb:set package 'rotor_tm_keyboard2wrench' build argument 'ament_cmake_args' from command line to 'None'
[0.288s] Level 5:colcon.colcon_core.verb:set package 'rotor_tm_keyboard2wrench' build argument 'catkin_cmake_args' from command line to 'None'
[0.288s] Level 5:colcon.colcon_core.verb:set package 'rotor_tm_keyboard2wrench' build argument 'catkin_skip_building_tests' from command line to 'False'
[0.288s] DEBUG:colcon.colcon_core.verb:Building package 'rotor_tm_keyboard2wrench' with the following arguments: {'ament_cmake_args': None, 'build_base': '/home/swati/Quad_DR/ros2_ws/build/rotor_tm_keyboard2wrench', 'catkin_cmake_args': None, 'catkin_skip_building_tests': False, 'cmake_args': None, 'cmake_clean_cache': False, 'cmake_clean_first': False, 'cmake_force_configure': False, 'cmake_target': None, 'cmake_target_skip_unavailable': False, 'install_base': '/home/swati/Quad_DR/ros2_ws/install/rotor_tm_keyboard2wrench', 'merge_install': False, 'path': '/home/swati/Quad_DR/ros2_ws/src/rotor_tm_keyboard2wrench', 'symlink_install': False, 'test_result_base': None}
[0.288s] Level 5:colcon.colcon_core.verb:set package 'rotor_tm_msgs' build argument 'cmake_args' from command line to 'None'
[0.288s] Level 5:colcon.colcon_core.verb:set package 'rotor_tm_msgs' build argument 'cmake_target' from command line to 'None'
[0.289s] Level 5:colcon.colcon_core.verb:set package 'rotor_tm_msgs' build argument 'cmake_target_skip_unavailable' from command line to 'False'
[0.289s] Level 5:colcon.colcon_core.verb:set package 'rotor_tm_msgs' build argument 'cmake_clean_cache' from command line to 'False'
[0.289s] Level 5:colcon.colcon_core.verb:set package 'rotor_tm_msgs' build argument 'cmake_clean_first' from command line to 'False'
[0.289s] Level 5:colcon.colcon_core.verb:set package 'rotor_tm_msgs' build argument 'cmake_force_configure' from command line to 'False'
[0.289s] Level 5:colcon.colcon_core.verb:set package 'rotor_tm_msgs' build argument 'ament_cmake_args' from command line to 'None'
[0.289s] Level 5:colcon.colcon_core.verb:set package 'rotor_tm_msgs' build argument 'catkin_cmake_args' from command line to 'None'
[0.289s] Level 5:colcon.colcon_core.verb:set package 'rotor_tm_msgs' build argument 'catkin_skip_building_tests' from command line to 'False'
[0.289s] DEBUG:colcon.colcon_core.verb:Building package 'rotor_tm_msgs' with the following arguments: {'ament_cmake_args': None, 'build_base': '/home/swati/Quad_DR/ros2_ws/build/rotor_tm_msgs', 'catkin_cmake_args': None, 'catkin_skip_building_tests': False, 'cmake_args': None, 'cmake_clean_cache': False, 'cmake_clean_first': False, 'cmake_force_configure': False, 'cmake_target': None, 'cmake_target_skip_unavailable': False, 'install_base': '/home/swati/Quad_DR/ros2_ws/install/rotor_tm_msgs', 'merge_install': False, 'path': '/home/swati/Quad_DR/ros2_ws/src/rotor_tm_msgs', 'symlink_install': False, 'test_result_base': None}
[0.289s] Level 5:colcon.colcon_core.verb:set package 'rotor_tm_traj' build argument 'cmake_args' from command line to 'None'
[0.289s] Level 5:colcon.colcon_core.verb:set package 'rotor_tm_traj' build argument 'cmake_target' from command line to 'None'
[0.289s] Level 5:colcon.colcon_core.verb:set package 'rotor_tm_traj' build argument 'cmake_target_skip_unavailable' from command line to 'False'
[0.289s] Level 5:colcon.colcon_core.verb:set package 'rotor_tm_traj' build argument 'cmake_clean_cache' from command line to 'False'
[0.289s] Level 5:colcon.colcon_core.verb:set package 'rotor_tm_traj' build argument 'cmake_clean_first' from command line to 'False'
[0.289s] Level 5:colcon.colcon_core.verb:set package 'rotor_tm_traj' build argument 'cmake_force_configure' from command line to 'False'
[0.289s] Level 5:colcon.colcon_core.verb:set package 'rotor_tm_traj' build argument 'ament_cmake_args' from command line to 'None'
[0.289s] Level 5:colcon.colcon_core.verb:set package 'rotor_tm_traj' build argument 'catkin_cmake_args' from command line to 'None'
[0.289s] Level 5:colcon.colcon_core.verb:set package 'rotor_tm_traj' build argument 'catkin_skip_building_tests' from command line to 'False'
[0.289s] DEBUG:colcon.colcon_core.verb:Building package 'rotor_tm_traj' with the following arguments: {'ament_cmake_args': None, 'build_base': '/home/swati/Quad_DR/ros2_ws/build/rotor_tm_traj', 'catkin_cmake_args': None, 'catkin_skip_building_tests': False, 'cmake_args': None, 'cmake_clean_cache': False, 'cmake_clean_first': False, 'cmake_force_configure': False, 'cmake_target': None, 'cmake_target_skip_unavailable': False, 'install_base': '/home/swati/Quad_DR/ros2_ws/install/rotor_tm_traj', 'merge_install': False, 'path': '/home/swati/Quad_DR/ros2_ws/src/rotor_tm_traj', 'symlink_install': False, 'test_result_base': None}
[0.290s] Level 5:colcon.colcon_core.verb:set package 'rotor_tm_utils' build argument 'cmake_args' from command line to 'None'
[0.290s] Level 5:colcon.colcon_core.verb:set package 'rotor_tm_utils' build argument 'cmake_target' from command line to 'None'
[0.290s] Level 5:colcon.colcon_core.verb:set package 'rotor_tm_utils' build argument 'cmake_target_skip_unavailable' from command line to 'False'
[0.290s] Level 5:colcon.colcon_core.verb:set package 'rotor_tm_utils' build argument 'cmake_clean_cache' from command line to 'False'
[0.290s] Level 5:colcon.colcon_core.verb:set package 'rotor_tm_utils' build argument 'cmake_clean_first' from command line to 'False'
[0.290s] Level 5:colcon.colcon_core.verb:set package 'rotor_tm_utils' build argument 'cmake_force_configure' from command line to 'False'
[0.290s] Level 5:colcon.colcon_core.verb:set package 'rotor_tm_utils' build argument 'ament_cmake_args' from command line to 'None'
[0.290s] Level 5:colcon.colcon_core.verb:set package 'rotor_tm_utils' build argument 'catkin_cmake_args' from command line to 'None'
[0.290s] Level 5:colcon.colcon_core.verb:set package 'rotor_tm_utils' build argument 'catkin_skip_building_tests' from command line to 'False'
[0.290s] DEBUG:colcon.colcon_core.verb:Building package 'rotor_tm_utils' with the following arguments: {'ament_cmake_args': None, 'build_base': '/home/swati/Quad_DR/ros2_ws/build/rotor_tm_utils', 'catkin_cmake_args': None, 'catkin_skip_building_tests': False, 'cmake_args': None, 'cmake_clean_cache': False, 'cmake_clean_first': False, 'cmake_force_configure': False, 'cmake_target': None, 'cmake_target_skip_unavailable': False, 'install_base': '/home/swati/Quad_DR/ros2_ws/install/rotor_tm_utils', 'merge_install': False, 'path': '/home/swati/Quad_DR/ros2_ws/src/rotor_tm_utils', 'symlink_install': False, 'test_result_base': None}
[0.290s] Level 5:colcon.colcon_core.verb:set package 'rotor_tm_control' build argument 'cmake_args' from command line to 'None'
[0.291s] Level 5:colcon.colcon_core.verb:set package 'rotor_tm_control' build argument 'cmake_target' from command line to 'None'
[0.291s] Level 5:colcon.colcon_core.verb:set package 'rotor_tm_control' build argument 'cmake_target_skip_unavailable' from command line to 'False'
[0.291s] Level 5:colcon.colcon_core.verb:set package 'rotor_tm_control' build argument 'cmake_clean_cache' from command line to 'False'
[0.291s] Level 5:colcon.colcon_core.verb:set package 'rotor_tm_control' build argument 'cmake_clean_first' from command line to 'False'
[0.291s] Level 5:colcon.colcon_core.verb:set package 'rotor_tm_control' build argument 'cmake_force_configure' from command line to 'False'
[0.291s] Level 5:colcon.colcon_core.verb:set package 'rotor_tm_control' build argument 'ament_cmake_args' from command line to 'None'
[0.291s] Level 5:colcon.colcon_core.verb:set package 'rotor_tm_control' build argument 'catkin_cmake_args' from command line to 'None'
[0.291s] Level 5:colcon.colcon_core.verb:set package 'rotor_tm_control' build argument 'catkin_skip_building_tests' from command line to 'False'
[0.291s] DEBUG:colcon.colcon_core.verb:Building package 'rotor_tm_control' with the following arguments: {'ament_cmake_args': None, 'build_base': '/home/swati/Quad_DR/ros2_ws/build/rotor_tm_control', 'catkin_cmake_args': None, 'catkin_skip_building_tests': False, 'cmake_args': None, 'cmake_clean_cache': False, 'cmake_clean_first': False, 'cmake_force_configure': False, 'cmake_target': None, 'cmake_target_skip_unavailable': False, 'install_base': '/home/swati/Quad_DR/ros2_ws/install/rotor_tm_control', 'merge_install': False, 'path': '/home/swati/Quad_DR/ros2_ws/src/rotor_tm_control', 'symlink_install': False, 'test_result_base': None}
[0.291s] Level 5:colcon.colcon_core.verb:set package 'rotor_tm_sim' build argument 'cmake_args' from command line to 'None'
[0.291s] Level 5:colcon.colcon_core.verb:set package 'rotor_tm_sim' build argument 'cmake_target' from command line to 'None'
[0.291s] Level 5:colcon.colcon_core.verb:set package 'rotor_tm_sim' build argument 'cmake_target_skip_unavailable' from command line to 'False'
[0.291s] Level 5:colcon.colcon_core.verb:set package 'rotor_tm_sim' build argument 'cmake_clean_cache' from command line to 'False'
[0.291s] Level 5:colcon.colcon_core.verb:set package 'rotor_tm_sim' build argument 'cmake_clean_first' from command line to 'False'
[0.291s] Level 5:colcon.colcon_core.verb:set package 'rotor_tm_sim' build argument 'cmake_force_configure' from command line to 'False'
[0.291s] Level 5:colcon.colcon_core.verb:set package 'rotor_tm_sim' build argument 'ament_cmake_args' from command line to 'None'
[0.291s] Level 5:colcon.colcon_core.verb:set package 'rotor_tm_sim' build argument 'catkin_cmake_args' from command line to 'None'
[0.291s] Level 5:colcon.colcon_core.verb:set package 'rotor_tm_sim' build argument 'catkin_skip_building_tests' from command line to 'False'
[0.291s] DEBUG:colcon.colcon_core.verb:Building package 'rotor_tm_sim' with the following arguments: {'ament_cmake_args': None, 'build_base': '/home/swati/Quad_DR/ros2_ws/build/rotor_tm_sim', 'catkin_cmake_args': None, 'catkin_skip_building_tests': False, 'cmake_args': None, 'cmake_clean_cache': False, 'cmake_clean_first': False, 'cmake_force_configure': False, 'cmake_target': None, 'cmake_target_skip_unavailable': False, 'install_base': '/home/swati/Quad_DR/ros2_ws/install/rotor_tm_sim', 'merge_install': False, 'path': '/home/swati/Quad_DR/ros2_ws/src/rotor_tm_sim', 'symlink_install': False, 'test_result_base': None}
[0.292s] INFO:colcon.colcon_core.executor:Executing jobs using 'parallel' executor
[0.293s] DEBUG:colcon.colcon_parallel_executor.executor.parallel:run_until_complete
[0.293s] INFO:colcon.colcon_ros.task.ament_cmake.build:Building ROS package in '/home/swati/Quad_DR/ros2_ws/src/rotor_tm_msgs' with build type 'ament_cmake'
[0.293s] INFO:colcon.colcon_cmake.task.cmake.build:Building CMake package in '/home/swati/Quad_DR/ros2_ws/src/rotor_tm_msgs'
[0.295s] INFO:colcon.colcon_core.plugin_system:Skipping extension 'colcon_core.shell.bat': Not used on non-Windows systems
[0.296s] INFO:colcon.colcon_core.shell:Skip shell extension 'powershell' for command environment: Not usable outside of PowerShell
[0.296s] DEBUG:colcon.colcon_core.shell:Skip shell extension 'dsv' for command environment
[0.300s] INFO:colcon.colcon_ros.task.ament_python.build:Building ROS package in '/home/swati/Quad_DR/ros2_ws/src/rotor_tm_utils' with build type 'ament_python'
[0.300s] Level 1:colcon.colcon_core.shell:create_environment_hook('rotor_tm_utils', 'ament_prefix_path')
[0.300s] INFO:colcon.colcon_core.shell:Creating environment hook '/home/swati/Quad_DR/ros2_ws/install/rotor_tm_utils/share/rotor_tm_utils/hook/ament_prefix_path.ps1'
[0.301s] INFO:colcon.colcon_core.shell:Creating environment descriptor '/home/swati/Quad_DR/ros2_ws/install/rotor_tm_utils/share/rotor_tm_utils/hook/ament_prefix_path.dsv'
[0.301s] INFO:colcon.colcon_core.shell:Creating environment hook '/home/swati/Quad_DR/ros2_ws/install/rotor_tm_utils/share/rotor_tm_utils/hook/ament_prefix_path.sh'
[0.302s] INFO:colcon.colcon_core.shell:Skip shell extension 'powershell' for command environment: Not usable outside of PowerShell
[0.302s] DEBUG:colcon.colcon_core.shell:Skip shell extension 'dsv' for command environment
[0.306s] INFO:colcon.colcon_ros.task.ament_python.build:Building ROS package in '/home/swati/Quad_DR/ros2_ws/src/rotor_tm_config' with build type 'ament_python'
[0.306s] Level 1:colcon.colcon_core.shell:create_environment_hook('rotor_tm_config', 'ament_prefix_path')
[0.306s] INFO:colcon.colcon_core.shell:Creating environment hook '/home/swati/Quad_DR/ros2_ws/install/rotor_tm_config/share/rotor_tm_config/hook/ament_prefix_path.ps1'
[0.307s] INFO:colcon.colcon_core.shell:Creating environment descriptor '/home/swati/Quad_DR/ros2_ws/install/rotor_tm_config/share/rotor_tm_config/hook/ament_prefix_path.dsv'
[0.307s] INFO:colcon.colcon_core.shell:Creating environment hook '/home/swati/Quad_DR/ros2_ws/install/rotor_tm_config/share/rotor_tm_config/hook/ament_prefix_path.sh'
[0.308s] INFO:colcon.colcon_core.shell:Skip shell extension 'powershell' for command environment: Not usable outside of PowerShell
[0.308s] DEBUG:colcon.colcon_core.shell:Skip shell extension 'dsv' for command environment
[0.312s] INFO:colcon.colcon_ros.task.ament_python.build:Building ROS package in '/home/swati/Quad_DR/ros2_ws/src/rotor_tm_keyboard2wrench' with build type 'ament_python'
[0.312s] Level 1:colcon.colcon_core.shell:create_environment_hook('rotor_tm_keyboard2wrench', 'ament_prefix_path')
[0.312s] INFO:colcon.colcon_core.shell:Creating environment hook '/home/swati/Quad_DR/ros2_ws/install/rotor_tm_keyboard2wrench/share/rotor_tm_keyboard2wrench/hook/ament_prefix_path.ps1'
[0.313s] INFO:colcon.colcon_core.shell:Creating environment descriptor '/home/swati/Quad_DR/ros2_ws/install/rotor_tm_keyboard2wrench/share/rotor_tm_keyboard2wrench/hook/ament_prefix_path.dsv'
[0.313s] INFO:colcon.colcon_core.shell:Creating environment hook '/home/swati/Quad_DR/ros2_ws/install/rotor_tm_keyboard2wrench/share/rotor_tm_keyboard2wrench/hook/ament_prefix_path.sh'
[0.314s] INFO:colcon.colcon_core.shell:Skip shell extension 'powershell' for command environment: Not usable outside of PowerShell
[0.314s] DEBUG:colcon.colcon_core.shell:Skip shell extension 'dsv' for command environment
[0.317s] INFO:colcon.colcon_ros.task.ament_python.build:Building ROS package in '/home/swati/Quad_DR/ros2_ws/src/rotor_tm_traj' with build type 'ament_python'
[0.318s] Level 1:colcon.colcon_core.shell:create_environment_hook('rotor_tm_traj', 'ament_prefix_path')
[0.318s] INFO:colcon.colcon_core.shell:Creating environment hook '/home/swati/Quad_DR/ros2_ws/install/rotor_tm_traj/share/rotor_tm_traj/hook/ament_prefix_path.ps1'
[0.318s] INFO:colcon.colcon_core.shell:Creating environment descriptor '/home/swati/Quad_DR/ros2_ws/install/rotor_tm_traj/share/rotor_tm_traj/hook/ament_prefix_path.dsv'
[0.319s] INFO:colcon.colcon_core.shell:Creating environment hook '/home/swati/Quad_DR/ros2_ws/install/rotor_tm_traj/share/rotor_tm_traj/hook/ament_prefix_path.sh'
[0.319s] INFO:colcon.colcon_core.shell:Skip shell extension 'powershell' for command environment: Not usable outside of PowerShell
[0.319s] DEBUG:colcon.colcon_core.shell:Skip shell extension 'dsv' for command environment
[0.325s] DEBUG:colcon.colcon_core.event_handler.log_command:Invoking command in '/home/swati/Quad_DR/ros2_ws/build/rotor_tm_msgs': CMAKE_PREFIX_PATH=${CMAKE_PREFIX_PATH}:/home/swati/Quad_DR/ros2_ws/install/rotor_tm_sim:/home/swati/Quad_DR/ros2_ws/install/rotor_tm_control:/home/swati/Quad_DR/ros2_ws/install/rotor_tm_utils:/home/swati/Quad_DR/ros2_ws/install/rotor_tm_traj:/home/swati/Quad_DR/ros2_ws/install/rotor_tm_keyboard2wrench:/home/swati/Quad_DR/ros2_ws/install/rotor_tm_config:/opt/ros/humble /usr/bin/cmake --build /home/swati/Quad_DR/ros2_ws/build/rotor_tm_msgs -- -j20 -l20
[0.565s] INFO:colcon.colcon_core.task.python.build:Building Python package in '/home/swati/Quad_DR/ros2_ws/src/rotor_tm_utils'
[0.565s] INFO:colcon.colcon_core.shell:Skip shell extension 'powershell' for command environment: Not usable outside of PowerShell
[0.565s] DEBUG:colcon.colcon_core.shell:Skip shell extension 'dsv' for command environment
[0.799s] INFO:colcon.colcon_core.task.python.build:Building Python package in '/home/swati/Quad_DR/ros2_ws/src/rotor_tm_config'
[0.799s] INFO:colcon.colcon_core.shell:Skip shell extension 'powershell' for command environment: Not usable outside of PowerShell
[0.799s] DEBUG:colcon.colcon_core.shell:Skip shell extension 'dsv' for command environment
[1.030s] INFO:colcon.colcon_core.task.python.build:Building Python package in '/home/swati/Quad_DR/ros2_ws/src/rotor_tm_keyboard2wrench'
[1.030s] INFO:colcon.colcon_core.shell:Skip shell extension 'powershell' for command environment: Not usable outside of PowerShell
[1.030s] DEBUG:colcon.colcon_core.shell:Skip shell extension 'dsv' for command environment
[1.214s] INFO:colcon.colcon_core.task.python.build:Building Python package in '/home/swati/Quad_DR/ros2_ws/src/rotor_tm_traj'
[1.214s] INFO:colcon.colcon_core.shell:Skip shell extension 'powershell' for command environment: Not usable outside of PowerShell
[1.214s] DEBUG:colcon.colcon_core.shell:Skip shell extension 'dsv' for command environment
[1.217s] DEBUG:colcon.colcon_core.event_handler.log_command:Invoked command in '/home/swati/Quad_DR/ros2_ws/build/rotor_tm_msgs' returned '0': CMAKE_PREFIX_PATH=${CMAKE_PREFIX_PATH}:/home/swati/Quad_DR/ros2_ws/install/rotor_tm_sim:/home/swati/Quad_DR/ros2_ws/install/rotor_tm_control:/home/swati/Quad_DR/ros2_ws/install/rotor_tm_utils:/home/swati/Quad_DR/ros2_ws/install/rotor_tm_traj:/home/swati/Quad_DR/ros2_ws/install/rotor_tm_keyboard2wrench:/home/swati/Quad_DR/ros2_ws/install/rotor_tm_config:/opt/ros/humble /usr/bin/cmake --build /home/swati/Quad_DR/ros2_ws/build/rotor_tm_msgs -- -j20 -l20
[1.425s] DEBUG:colcon.colcon_core.event_handler.log_command:Invoking command in '/home/swati/Quad_DR/ros2_ws/build/rotor_tm_msgs': CMAKE_PREFIX_PATH=${CMAKE_PREFIX_PATH}:/home/swati/Quad_DR/ros2_ws/install/rotor_tm_sim:/home/swati/Quad_DR/ros2_ws/install/rotor_tm_control:/home/swati/Quad_DR/ros2_ws/install/rotor_tm_utils:/home/swati/Quad_DR/ros2_ws/install/rotor_tm_traj:/home/swati/Quad_DR/ros2_ws/install/rotor_tm_keyboard2wrench:/home/swati/Quad_DR/ros2_ws/install/rotor_tm_config:/opt/ros/humble /usr/bin/cmake --install /home/swati/Quad_DR/ros2_ws/build/rotor_tm_msgs
[1.480s] Level 1:colcon.colcon_core.environment:create_environment_scripts_only(rotor_tm_msgs)
[1.481s] DEBUG:colcon.colcon_core.event_handler.log_command:Invoked command in '/home/swati/Quad_DR/ros2_ws/build/rotor_tm_msgs' returned '0': CMAKE_PREFIX_PATH=${CMAKE_PREFIX_PATH}:/home/swati/Quad_DR/ros2_ws/install/rotor_tm_sim:/home/swati/Quad_DR/ros2_ws/install/rotor_tm_control:/home/swati/Quad_DR/ros2_ws/install/rotor_tm_utils:/home/swati/Quad_DR/ros2_ws/install/rotor_tm_traj:/home/swati/Quad_DR/ros2_ws/install/rotor_tm_keyboard2wrench:/home/swati/Quad_DR/ros2_ws/install/rotor_tm_config:/opt/ros/humble /usr/bin/cmake --install /home/swati/Quad_DR/ros2_ws/build/rotor_tm_msgs
[1.482s] Level 1:colcon.colcon_core.environment:checking '/home/swati/Quad_DR/ros2_ws/install/rotor_tm_msgs' for CMake module files
[1.483s] Level 1:colcon.colcon_core.environment:checking '/home/swati/Quad_DR/ros2_ws/install/rotor_tm_msgs' for CMake config files
[1.483s] Level 1:colcon.colcon_core.shell:create_environment_hook('rotor_tm_msgs', 'cmake_prefix_path')
[1.484s] INFO:colcon.colcon_core.shell:Creating environment hook '/home/swati/Quad_DR/ros2_ws/install/rotor_tm_msgs/share/rotor_tm_msgs/hook/cmake_prefix_path.ps1'
[1.484s] INFO:colcon.colcon_core.shell:Creating environment descriptor '/home/swati/Quad_DR/ros2_ws/install/rotor_tm_msgs/share/rotor_tm_msgs/hook/cmake_prefix_path.dsv'
[1.484s] INFO:colcon.colcon_core.shell:Creating environment hook '/home/swati/Quad_DR/ros2_ws/install/rotor_tm_msgs/share/rotor_tm_msgs/hook/cmake_prefix_path.sh'
[1.485s] Level 1:colcon.colcon_core.environment:checking '/home/swati/Quad_DR/ros2_ws/install/rotor_tm_msgs/lib'
[1.485s] Level 1:colcon.colcon_core.shell:create_environment_hook('rotor_tm_msgs', 'ld_library_path_lib')
[1.485s] INFO:colcon.colcon_core.shell:Creating environment hook '/home/swati/Quad_DR/ros2_ws/install/rotor_tm_msgs/share/rotor_tm_msgs/hook/ld_library_path_lib.ps1'
[1.485s] INFO:colcon.colcon_core.shell:Creating environment descriptor '/home/swati/Quad_DR/ros2_ws/install/rotor_tm_msgs/share/rotor_tm_msgs/hook/ld_library_path_lib.dsv'
[1.486s] INFO:colcon.colcon_core.shell:Creating environment hook '/home/swati/Quad_DR/ros2_ws/install/rotor_tm_msgs/share/rotor_tm_msgs/hook/ld_library_path_lib.sh'
[1.486s] Level 1:colcon.colcon_core.environment:checking '/home/swati/Quad_DR/ros2_ws/install/rotor_tm_msgs/bin'
[1.486s] Level 1:colcon.colcon_core.environment:checking '/home/swati/Quad_DR/ros2_ws/install/rotor_tm_msgs/lib/pkgconfig/rotor_tm_msgs.pc'
[1.486s] Level 1:colcon.colcon_core.environment:checking '/home/swati/Quad_DR/ros2_ws/install/rotor_tm_msgs/lib/python3.10/site-packages'
[1.486s] Level 1:colcon.colcon_core.environment:checking '/home/swati/Quad_DR/ros2_ws/install/rotor_tm_msgs/bin'
[1.487s] INFO:colcon.colcon_core.shell:Creating package script '/home/swati/Quad_DR/ros2_ws/install/rotor_tm_msgs/share/rotor_tm_msgs/package.ps1'
[1.487s] INFO:colcon.colcon_core.shell:Creating package descriptor '/home/swati/Quad_DR/ros2_ws/install/rotor_tm_msgs/share/rotor_tm_msgs/package.dsv'
[1.488s] INFO:colcon.colcon_core.shell:Creating package script '/home/swati/Quad_DR/ros2_ws/install/rotor_tm_msgs/share/rotor_tm_msgs/package.sh'
[1.496s] INFO:colcon.colcon_core.shell:Creating package script '/home/swati/Quad_DR/ros2_ws/install/rotor_tm_msgs/share/rotor_tm_msgs/package.bash'
[1.496s] INFO:colcon.colcon_core.shell:Creating package script '/home/swati/Quad_DR/ros2_ws/install/rotor_tm_msgs/share/rotor_tm_msgs/package.zsh'
[1.497s] Level 1:colcon.colcon_core.environment:create_file_with_runtime_dependencies(/home/swati/Quad_DR/ros2_ws/install/rotor_tm_msgs/share/colcon-core/packages/rotor_tm_msgs)
[1.618s] DEBUG:colcon.colcon_core.event_handler.log_command:Invoking command in '/home/swati/Quad_DR/ros2_ws/src/rotor_tm_config': PYTHONPATH=/home/swati/Quad_DR/ros2_ws/build/rotor_tm_config/prefix_override:/usr/lib/python3/dist-packages/colcon_core/task/python/colcon_distutils_commands:/home/swati/Quad_DR/ros2_ws/install/rotor_tm_config/lib/python3.10/site-packages:${PYTHONPATH} /usr/bin/python3 -W ignore:setup.py install is deprecated setup.py egg_info --egg-base ../../build/rotor_tm_config build --build-base /home/swati/Quad_DR/ros2_ws/build/rotor_tm_config/build install --record /home/swati/Quad_DR/ros2_ws/build/rotor_tm_config/install.log --single-version-externally-managed install_data
[1.648s] DEBUG:colcon.colcon_core.event_handler.log_command:Invoking command in '/home/swati/Quad_DR/ros2_ws/src/rotor_tm_keyboard2wrench': PYTHONPATH=/home/swati/Quad_DR/ros2_ws/build/rotor_tm_keyboard2wrench/prefix_override:/usr/lib/python3/dist-packages/colcon_core/task/python/colcon_distutils_commands:/home/swati/Quad_DR/ros2_ws/install/rotor_tm_keyboard2wrench/lib/python3.10/site-packages:${PYTHONPATH} /usr/bin/python3 -W ignore:setup.py install is deprecated setup.py egg_info --egg-base ../../build/rotor_tm_keyboard2wrench build --build-base /home/swati/Quad_DR/ros2_ws/build/rotor_tm_keyboard2wrench/build install --record /home/swati/Quad_DR/ros2_ws/build/rotor_tm_keyboard2wrench/install.log --single-version-externally-managed install_data
[1.716s] Level 1:colcon.colcon_core.environment:create_environment_scripts_only(rotor_tm_msgs)
[1.717s] Level 1:colcon.colcon_core.environment:checking '/home/swati/Quad_DR/ros2_ws/install/rotor_tm_msgs' for CMake module files
[1.717s] Level 1:colcon.colcon_core.environment:checking '/home/swati/Quad_DR/ros2_ws/install/rotor_tm_msgs' for CMake config files
[1.718s] Level 1:colcon.colcon_core.shell:create_environment_hook('rotor_tm_msgs', 'cmake_prefix_path')
[1.719s] INFO:colcon.colcon_core.shell:Creating environment hook '/home/swati/Quad_DR/ros2_ws/install/rotor_tm_msgs/share/rotor_tm_msgs/hook/cmake_prefix_path.ps1'
[1.719s] INFO:colcon.colcon_core.shell:Creating environment descriptor '/home/swati/Quad_DR/ros2_ws/install/rotor_tm_msgs/share/rotor_tm_msgs/hook/cmake_prefix_path.dsv'
[1.719s] INFO:colcon.colcon_core.shell:Creating environment hook '/home/swati/Quad_DR/ros2_ws/install/rotor_tm_msgs/share/rotor_tm_msgs/hook/cmake_prefix_path.sh'
[1.720s] Level 1:colcon.colcon_core.environment:checking '/home/swati/Quad_DR/ros2_ws/install/rotor_tm_msgs/lib'
[1.720s] Level 1:colcon.colcon_core.shell:create_environment_hook('rotor_tm_msgs', 'ld_library_path_lib')
[1.720s] INFO:colcon.colcon_core.shell:Creating environment hook '/home/swati/Quad_DR/ros2_ws/install/rotor_tm_msgs/share/rotor_tm_msgs/hook/ld_library_path_lib.ps1'
[1.721s] INFO:colcon.colcon_core.shell:Creating environment descriptor '/home/swati/Quad_DR/ros2_ws/install/rotor_tm_msgs/share/rotor_tm_msgs/hook/ld_library_path_lib.dsv'
[1.721s] INFO:colcon.colcon_core.shell:Creating environment hook '/home/swati/Quad_DR/ros2_ws/install/rotor_tm_msgs/share/rotor_tm_msgs/hook/ld_library_path_lib.sh'
[1.722s] Level 1:colcon.colcon_core.environment:checking '/home/swati/Quad_DR/ros2_ws/install/rotor_tm_msgs/bin'
[1.722s] Level 1:colcon.colcon_core.environment:checking '/home/swati/Quad_DR/ros2_ws/install/rotor_tm_msgs/lib/pkgconfig/rotor_tm_msgs.pc'
[1.722s] Level 1:colcon.colcon_core.environment:checking '/home/swati/Quad_DR/ros2_ws/install/rotor_tm_msgs/lib/python3.10/site-packages'
[1.722s] Level 1:colcon.colcon_core.environment:checking '/home/swati/Quad_DR/ros2_ws/install/rotor_tm_msgs/bin'
[1.723s] INFO:colcon.colcon_core.shell:Creating package script '/home/swati/Quad_DR/ros2_ws/install/rotor_tm_msgs/share/rotor_tm_msgs/package.ps1'
[1.723s] INFO:colcon.colcon_core.shell:Creating package descriptor '/home/swati/Quad_DR/ros2_ws/install/rotor_tm_msgs/share/rotor_tm_msgs/package.dsv'
[1.724s] INFO:colcon.colcon_core.shell:Creating package script '/home/swati/Quad_DR/ros2_ws/install/rotor_tm_msgs/share/rotor_tm_msgs/package.sh'
[1.724s] INFO:colcon.colcon_core.shell:Creating package script '/home/swati/Quad_DR/ros2_ws/install/rotor_tm_msgs/share/rotor_tm_msgs/package.bash'
[1.725s] INFO:colcon.colcon_core.shell:Creating package script '/home/swati/Quad_DR/ros2_ws/install/rotor_tm_msgs/share/rotor_tm_msgs/package.zsh'
[1.725s] Level 1:colcon.colcon_core.environment:create_file_with_runtime_dependencies(/home/swati/Quad_DR/ros2_ws/install/rotor_tm_msgs/share/colcon-core/packages/rotor_tm_msgs)
[1.854s] DEBUG:colcon.colcon_core.event_handler.log_command:Invoking command in '/home/swati/Quad_DR/ros2_ws/src/rotor_tm_traj': PYTHONPATH=/home/swati/Quad_DR/ros2_ws/build/rotor_tm_traj/prefix_override:/usr/lib/python3/dist-packages/colcon_core/task/python/colcon_distutils_commands:/home/swati/Quad_DR/ros2_ws/install/rotor_tm_traj/lib/python3.10/site-packages:${PYTHONPATH} /usr/bin/python3 -W ignore:setup.py install is deprecated setup.py egg_info --egg-base ../../build/rotor_tm_traj build --build-base /home/swati/Quad_DR/ros2_ws/build/rotor_tm_traj/build install --record /home/swati/Quad_DR/ros2_ws/build/rotor_tm_traj/install.log --single-version-externally-managed install_data
[1.901s] DEBUG:colcon.colcon_core.event_handler.log_command:Invoking command in '/home/swati/Quad_DR/ros2_ws/src/rotor_tm_utils': PYTHONPATH=/home/swati/Quad_DR/ros2_ws/build/rotor_tm_utils/prefix_override:/usr/lib/python3/dist-packages/colcon_core/task/python/colcon_distutils_commands:/home/swati/Quad_DR/ros2_ws/install/rotor_tm_utils/lib/python3.10/site-packages:${PYTHONPATH} /usr/bin/python3 -W ignore:setup.py install is deprecated setup.py egg_info --egg-base ../../build/rotor_tm_utils build --build-base /home/swati/Quad_DR/ros2_ws/build/rotor_tm_utils/build install --record /home/swati/Quad_DR/ros2_ws/build/rotor_tm_utils/install.log --single-version-externally-managed install_data
[1.963s] Level 1:colcon.colcon_core.environment:checking '/home/swati/Quad_DR/ros2_ws/install/rotor_tm_config' for CMake module files
[1.964s] DEBUG:colcon.colcon_core.event_handler.log_command:Invoked command in '/home/swati/Quad_DR/ros2_ws/src/rotor_tm_config' returned '0': PYTHONPATH=/home/swati/Quad_DR/ros2_ws/build/rotor_tm_config/prefix_override:/usr/lib/python3/dist-packages/colcon_core/task/python/colcon_distutils_commands:/home/swati/Quad_DR/ros2_ws/install/rotor_tm_config/lib/python3.10/site-packages:${PYTHONPATH} /usr/bin/python3 -W ignore:setup.py install is deprecated setup.py egg_info --egg-base ../../build/rotor_tm_config build --build-base /home/swati/Quad_DR/ros2_ws/build/rotor_tm_config/build install --record /home/swati/Quad_DR/ros2_ws/build/rotor_tm_config/install.log --single-version-externally-managed install_data
[1.964s] Level 1:colcon.colcon_core.environment:checking '/home/swati/Quad_DR/ros2_ws/install/rotor_tm_config' for CMake config files
[1.965s] Level 1:colcon.colcon_core.environment:checking '/home/swati/Quad_DR/ros2_ws/install/rotor_tm_config/lib'
[1.965s] Level 1:colcon.colcon_core.environment:checking '/home/swati/Quad_DR/ros2_ws/install/rotor_tm_config/bin'
[1.965s] Level 1:colcon.colcon_core.environment:checking '/home/swati/Quad_DR/ros2_ws/install/rotor_tm_config/lib/pkgconfig/rotor_tm_config.pc'
[1.965s] Level 1:colcon.colcon_core.environment:checking '/home/swati/Quad_DR/ros2_ws/install/rotor_tm_config/lib/python3.10/site-packages'
[1.965s] Level 1:colcon.colcon_core.shell:create_environment_hook('rotor_tm_config', 'pythonpath')
[1.965s] INFO:colcon.colcon_core.shell:Creating environment hook '/home/swati/Quad_DR/ros2_ws/install/rotor_tm_config/share/rotor_tm_config/hook/pythonpath.ps1'
[1.966s] INFO:colcon.colcon_core.shell:Creating environment descriptor '/home/swati/Quad_DR/ros2_ws/install/rotor_tm_config/share/rotor_tm_config/hook/pythonpath.dsv'
[1.966s] INFO:colcon.colcon_core.shell:Creating environment hook '/home/swati/Quad_DR/ros2_ws/install/rotor_tm_config/share/rotor_tm_config/hook/pythonpath.sh'
[1.967s] Level 1:colcon.colcon_core.environment:checking '/home/swati/Quad_DR/ros2_ws/install/rotor_tm_config/bin'
[1.967s] Level 1:colcon.colcon_core.environment:create_environment_scripts_only(rotor_tm_config)
[1.967s] INFO:colcon.colcon_core.shell:Creating package script '/home/swati/Quad_DR/ros2_ws/install/rotor_tm_config/share/rotor_tm_config/package.ps1'
[1.968s] INFO:colcon.colcon_core.shell:Creating package descriptor '/home/swati/Quad_DR/ros2_ws/install/rotor_tm_config/share/rotor_tm_config/package.dsv'
[1.968s] INFO:colcon.colcon_core.shell:Creating package script '/home/swati/Quad_DR/ros2_ws/install/rotor_tm_config/share/rotor_tm_config/package.sh'
[1.968s] INFO:colcon.colcon_core.shell:Creating package script '/home/swati/Quad_DR/ros2_ws/install/rotor_tm_config/share/rotor_tm_config/package.bash'
[1.969s] INFO:colcon.colcon_core.shell:Creating package script '/home/swati/Quad_DR/ros2_ws/install/rotor_tm_config/share/rotor_tm_config/package.zsh'
[1.969s] Level 1:colcon.colcon_core.environment:create_file_with_runtime_dependencies(/home/swati/Quad_DR/ros2_ws/install/rotor_tm_config/share/colcon-core/packages/rotor_tm_config)
[2.013s] Level 1:colcon.colcon_core.environment:checking '/home/swati/Quad_DR/ros2_ws/install/rotor_tm_keyboard2wrench' for CMake module files
[2.013s] DEBUG:colcon.colcon_core.event_handler.log_command:Invoked command in '/home/swati/Quad_DR/ros2_ws/src/rotor_tm_keyboard2wrench' returned '0': PYTHONPATH=/home/swati/Quad_DR/ros2_ws/build/rotor_tm_keyboard2wrench/prefix_override:/usr/lib/python3/dist-packages/colcon_core/task/python/colcon_distutils_commands:/home/swati/Quad_DR/ros2_ws/install/rotor_tm_keyboard2wrench/lib/python3.10/site-packages:${PYTHONPATH} /usr/bin/python3 -W ignore:setup.py install is deprecated setup.py egg_info --egg-base ../../build/rotor_tm_keyboard2wrench build --build-base /home/swati/Quad_DR/ros2_ws/build/rotor_tm_keyboard2wrench/build install --record /home/swati/Quad_DR/ros2_ws/build/rotor_tm_keyboard2wrench/install.log --single-version-externally-managed install_data
[2.014s] Level 1:colcon.colcon_core.environment:checking '/home/swati/Quad_DR/ros2_ws/install/rotor_tm_keyboard2wrench' for CMake config files
[2.014s] Level 1:colcon.colcon_core.environment:checking '/home/swati/Quad_DR/ros2_ws/install/rotor_tm_keyboard2wrench/lib'
[2.014s] Level 1:colcon.colcon_core.environment:checking '/home/swati/Quad_DR/ros2_ws/install/rotor_tm_keyboard2wrench/bin'
[2.014s] Level 1:colcon.colcon_core.environment:checking '/home/swati/Quad_DR/ros2_ws/install/rotor_tm_keyboard2wrench/lib/pkgconfig/rotor_tm_keyboard2wrench.pc'
[2.014s] Level 1:colcon.colcon_core.environment:checking '/home/swati/Quad_DR/ros2_ws/install/rotor_tm_keyboard2wrench/lib/python3.10/site-packages'
[2.014s] Level 1:colcon.colcon_core.shell:create_environment_hook('rotor_tm_keyboard2wrench', 'pythonpath')
[2.014s] INFO:colcon.colcon_core.shell:Creating environment hook '/home/swati/Quad_DR/ros2_ws/install/rotor_tm_keyboard2wrench/share/rotor_tm_keyboard2wrench/hook/pythonpath.ps1'
[2.015s] INFO:colcon.colcon_core.shell:Creating environment descriptor '/home/swati/Quad_DR/ros2_ws/install/rotor_tm_keyboard2wrench/share/rotor_tm_keyboard2wrench/hook/pythonpath.dsv'
[2.015s] INFO:colcon.colcon_core.shell:Creating environment hook '/home/swati/Quad_DR/ros2_ws/install/rotor_tm_keyboard2wrench/share/rotor_tm_keyboard2wrench/hook/pythonpath.sh'
[2.015s] Level 1:colcon.colcon_core.environment:checking '/home/swati/Quad_DR/ros2_ws/install/rotor_tm_keyboard2wrench/bin'
[2.015s] Level 1:colcon.colcon_core.environment:create_environment_scripts_only(rotor_tm_keyboard2wrench)
[2.015s] INFO:colcon.colcon_core.shell:Creating package script '/home/swati/Quad_DR/ros2_ws/install/rotor_tm_keyboard2wrench/share/rotor_tm_keyboard2wrench/package.ps1'
[2.016s] INFO:colcon.colcon_core.shell:Creating package descriptor '/home/swati/Quad_DR/ros2_ws/install/rotor_tm_keyboard2wrench/share/rotor_tm_keyboard2wrench/package.dsv'
[2.016s] INFO:colcon.colcon_core.shell:Creating package script '/home/swati/Quad_DR/ros2_ws/install/rotor_tm_keyboard2wrench/share/rotor_tm_keyboard2wrench/package.sh'
[2.016s] INFO:colcon.colcon_core.shell:Creating package script '/home/swati/Quad_DR/ros2_ws/install/rotor_tm_keyboard2wrench/share/rotor_tm_keyboard2wrench/package.bash'
[2.017s] INFO:colcon.colcon_core.shell:Creating package script '/home/swati/Quad_DR/ros2_ws/install/rotor_tm_keyboard2wrench/share/rotor_tm_keyboard2wrench/package.zsh'
[2.017s] Level 1:colcon.colcon_core.environment:create_file_with_runtime_dependencies(/home/swati/Quad_DR/ros2_ws/install/rotor_tm_keyboard2wrench/share/colcon-core/packages/rotor_tm_keyboard2wrench)
[2.249s] Level 1:colcon.colcon_core.environment:checking '/home/swati/Quad_DR/ros2_ws/install/rotor_tm_traj' for CMake module files
[2.249s] DEBUG:colcon.colcon_core.event_handler.log_command:Invoked command in '/home/swati/Quad_DR/ros2_ws/src/rotor_tm_traj' returned '0': PYTHONPATH=/home/swati/Quad_DR/ros2_ws/build/rotor_tm_traj/prefix_override:/usr/lib/python3/dist-packages/colcon_core/task/python/colcon_distutils_commands:/home/swati/Quad_DR/ros2_ws/install/rotor_tm_traj/lib/python3.10/site-packages:${PYTHONPATH} /usr/bin/python3 -W ignore:setup.py install is deprecated setup.py egg_info --egg-base ../../build/rotor_tm_traj build --build-base /home/swati/Quad_DR/ros2_ws/build/rotor_tm_traj/build install --record /home/swati/Quad_DR/ros2_ws/build/rotor_tm_traj/install.log --single-version-externally-managed install_data
[2.250s] Level 1:colcon.colcon_core.environment:checking '/home/swati/Quad_DR/ros2_ws/install/rotor_tm_traj' for CMake config files
[2.250s] Level 1:colcon.colcon_core.environment:checking '/home/swati/Quad_DR/ros2_ws/install/rotor_tm_traj/lib'
[2.250s] Level 1:colcon.colcon_core.environment:checking '/home/swati/Quad_DR/ros2_ws/install/rotor_tm_traj/bin'
[2.250s] Level 1:colcon.colcon_core.environment:checking '/home/swati/Quad_DR/ros2_ws/install/rotor_tm_traj/lib/pkgconfig/rotor_tm_traj.pc'
[2.251s] Level 1:colcon.colcon_core.environment:checking '/home/swati/Quad_DR/ros2_ws/install/rotor_tm_traj/lib/python3.10/site-packages'
[2.251s] Level 1:colcon.colcon_core.shell:create_environment_hook('rotor_tm_traj', 'pythonpath')
[2.251s] INFO:colcon.colcon_core.shell:Creating environment hook '/home/swati/Quad_DR/ros2_ws/install/rotor_tm_traj/share/rotor_tm_traj/hook/pythonpath.ps1'
[2.251s] INFO:colcon.colcon_core.shell:Creating environment descriptor '/home/swati/Quad_DR/ros2_ws/install/rotor_tm_traj/share/rotor_tm_traj/hook/pythonpath.dsv'
[2.252s] INFO:colcon.colcon_core.shell:Creating environment hook '/home/swati/Quad_DR/ros2_ws/install/rotor_tm_traj/share/rotor_tm_traj/hook/pythonpath.sh'
[2.252s] Level 1:colcon.colcon_core.environment:checking '/home/swati/Quad_DR/ros2_ws/install/rotor_tm_traj/bin'
[2.252s] Level 1:colcon.colcon_core.environment:create_environment_scripts_only(rotor_tm_traj)
[2.253s] INFO:colcon.colcon_core.shell:Creating package script '/home/swati/Quad_DR/ros2_ws/install/rotor_tm_traj/share/rotor_tm_traj/package.ps1'
[2.253s] INFO:colcon.colcon_core.shell:Creating package descriptor '/home/swati/Quad_DR/ros2_ws/install/rotor_tm_traj/share/rotor_tm_traj/package.dsv'
[2.253s] INFO:colcon.colcon_core.shell:Creating package script '/home/swati/Quad_DR/ros2_ws/install/rotor_tm_traj/share/rotor_tm_traj/package.sh'
[2.254s] INFO:colcon.colcon_core.shell:Creating package script '/home/swati/Quad_DR/ros2_ws/install/rotor_tm_traj/share/rotor_tm_traj/package.bash'
[2.254s] INFO:colcon.colcon_core.shell:Creating package script '/home/swati/Quad_DR/ros2_ws/install/rotor_tm_traj/share/rotor_tm_traj/package.zsh'
[2.254s] Level 1:colcon.colcon_core.environment:create_file_with_runtime_dependencies(/home/swati/Quad_DR/ros2_ws/install/rotor_tm_traj/share/colcon-core/packages/rotor_tm_traj)
[2.255s] Level 1:colcon.colcon_core.environment:checking '/home/swati/Quad_DR/ros2_ws/install/rotor_tm_utils' for CMake module files
[2.256s] Level 1:colcon.colcon_core.environment:checking '/home/swati/Quad_DR/ros2_ws/install/rotor_tm_utils' for CMake config files
[2.256s] DEBUG:colcon.colcon_core.event_handler.log_command:Invoked command in '/home/swati/Quad_DR/ros2_ws/src/rotor_tm_utils' returned '0': PYTHONPATH=/home/swati/Quad_DR/ros2_ws/build/rotor_tm_utils/prefix_override:/usr/lib/python3/dist-packages/colcon_core/task/python/colcon_distutils_commands:/home/swati/Quad_DR/ros2_ws/install/rotor_tm_utils/lib/python3.10/site-packages:${PYTHONPATH} /usr/bin/python3 -W ignore:setup.py install is deprecated setup.py egg_info --egg-base ../../build/rotor_tm_utils build --build-base /home/swati/Quad_DR/ros2_ws/build/rotor_tm_utils/build install --record /home/swati/Quad_DR/ros2_ws/build/rotor_tm_utils/install.log --single-version-externally-managed install_data
[2.257s] Level 1:colcon.colcon_core.environment:checking '/home/swati/Quad_DR/ros2_ws/install/rotor_tm_utils/lib'
[2.257s] Level 1:colcon.colcon_core.environment:checking '/home/swati/Quad_DR/ros2_ws/install/rotor_tm_utils/bin'
[2.257s] Level 1:colcon.colcon_core.environment:checking '/home/swati/Quad_DR/ros2_ws/install/rotor_tm_utils/lib/pkgconfig/rotor_tm_utils.pc'
[2.257s] Level 1:colcon.colcon_core.environment:checking '/home/swati/Quad_DR/ros2_ws/install/rotor_tm_utils/lib/python3.10/site-packages'
[2.257s] Level 1:colcon.colcon_core.shell:create_environment_hook('rotor_tm_utils', 'pythonpath')
[2.258s] INFO:colcon.colcon_core.shell:Creating environment hook '/home/swati/Quad_DR/ros2_ws/install/rotor_tm_utils/share/rotor_tm_utils/hook/pythonpath.ps1'
[2.258s] INFO:colcon.colcon_core.shell:Creating environment descriptor '/home/swati/Quad_DR/ros2_ws/install/rotor_tm_utils/share/rotor_tm_utils/hook/pythonpath.dsv'
[2.258s] INFO:colcon.colcon_core.shell:Creating environment hook '/home/swati/Quad_DR/ros2_ws/install/rotor_tm_utils/share/rotor_tm_utils/hook/pythonpath.sh'
[2.259s] Level 1:colcon.colcon_core.environment:checking '/home/swati/Quad_DR/ros2_ws/install/rotor_tm_utils/bin'
[2.259s] Level 1:colcon.colcon_core.environment:create_environment_scripts_only(rotor_tm_utils)
[2.259s] INFO:colcon.colcon_core.shell:Creating package script '/home/swati/Quad_DR/ros2_ws/install/rotor_tm_utils/share/rotor_tm_utils/package.ps1'
[2.260s] INFO:colcon.colcon_core.shell:Creating package descriptor '/home/swati/Quad_DR/ros2_ws/install/rotor_tm_utils/share/rotor_tm_utils/package.dsv'
[2.260s] INFO:colcon.colcon_core.shell:Creating package script '/home/swati/Quad_DR/ros2_ws/install/rotor_tm_utils/share/rotor_tm_utils/package.sh'
[2.260s] INFO:colcon.colcon_core.shell:Creating package script '/home/swati/Quad_DR/ros2_ws/install/rotor_tm_utils/share/rotor_tm_utils/package.bash'
[2.260s] INFO:colcon.colcon_core.shell:Creating package script '/home/swati/Quad_DR/ros2_ws/install/rotor_tm_utils/share/rotor_tm_utils/package.zsh'
[2.261s] Level 1:colcon.colcon_core.environment:create_file_with_runtime_dependencies(/home/swati/Quad_DR/ros2_ws/install/rotor_tm_utils/share/colcon-core/packages/rotor_tm_utils)
[2.261s] INFO:colcon.colcon_ros.task.ament_python.build:Building ROS package in '/home/swati/Quad_DR/ros2_ws/src/rotor_tm_control' with build type 'ament_python'
[2.261s] Level 1:colcon.colcon_core.shell:create_environment_hook('rotor_tm_control', 'ament_prefix_path')
[2.261s] INFO:colcon.colcon_core.shell:Creating environment hook '/home/swati/Quad_DR/ros2_ws/install/rotor_tm_control/share/rotor_tm_control/hook/ament_prefix_path.ps1'
[2.261s] INFO:colcon.colcon_core.shell:Creating environment descriptor '/home/swati/Quad_DR/ros2_ws/install/rotor_tm_control/share/rotor_tm_control/hook/ament_prefix_path.dsv'
[2.262s] INFO:colcon.colcon_core.shell:Creating environment hook '/home/swati/Quad_DR/ros2_ws/install/rotor_tm_control/share/rotor_tm_control/hook/ament_prefix_path.sh'
[2.262s] INFO:colcon.colcon_core.shell:Skip shell extension 'powershell' for command environment: Not usable outside of PowerShell
[2.262s] DEBUG:colcon.colcon_core.shell:Skip shell extension 'dsv' for command environment
[2.264s] INFO:colcon.colcon_ros.task.ament_python.build:Building ROS package in '/home/swati/Quad_DR/ros2_ws/src/rotor_tm_sim' with build type 'ament_python'
[2.264s] Level 1:colcon.colcon_core.shell:create_environment_hook('rotor_tm_sim', 'ament_prefix_path')
[2.264s] INFO:colcon.colcon_core.shell:Creating environment hook '/home/swati/Quad_DR/ros2_ws/install/rotor_tm_sim/share/rotor_tm_sim/hook/ament_prefix_path.ps1'
[2.265s] INFO:colcon.colcon_core.shell:Creating environment descriptor '/home/swati/Quad_DR/ros2_ws/install/rotor_tm_sim/share/rotor_tm_sim/hook/ament_prefix_path.dsv'
[2.265s] INFO:colcon.colcon_core.shell:Creating environment hook '/home/swati/Quad_DR/ros2_ws/install/rotor_tm_sim/share/rotor_tm_sim/hook/ament_prefix_path.sh'
[2.266s] INFO:colcon.colcon_core.shell:Skip shell extension 'powershell' for command environment: Not usable outside of PowerShell
[2.266s] DEBUG:colcon.colcon_core.shell:Skip shell extension 'dsv' for command environment
[2.405s] INFO:colcon.colcon_core.task.python.build:Building Python package in '/home/swati/Quad_DR/ros2_ws/src/rotor_tm_control'
[2.405s] INFO:colcon.colcon_core.shell:Skip shell extension 'powershell' for command environment: Not usable outside of PowerShell
[2.405s] DEBUG:colcon.colcon_core.shell:Skip shell extension 'dsv' for command environment
[2.539s] INFO:colcon.colcon_core.task.python.build:Building Python package in '/home/swati/Quad_DR/ros2_ws/src/rotor_tm_sim'
[2.539s] INFO:colcon.colcon_core.shell:Skip shell extension 'powershell' for command environment: Not usable outside of PowerShell
[2.539s] DEBUG:colcon.colcon_core.shell:Skip shell extension 'dsv' for command environment
[2.892s] DEBUG:colcon.colcon_core.event_handler.log_command:Invoking command in '/home/swati/Quad_DR/ros2_ws/src/rotor_tm_sim': AMENT_PREFIX_PATH=/home/swati/Quad_DR/ros2_ws/install/rotor_tm_utils:/home/swati/Quad_DR/ros2_ws/install/rotor_tm_config:/home/swati/Quad_DR/ros2_ws/install/rotor_tm_sim:/home/swati/Quad_DR/ros2_ws/install/rotor_tm_control:/home/swati/Quad_DR/ros2_ws/install/rotor_tm_traj:/home/swati/Quad_DR/ros2_ws/install/rotor_tm_msgs:/home/swati/Quad_DR/ros2_ws/install/rotor_tm_keyboard2wrench:/opt/ros/humble LD_LIBRARY_PATH=/home/swati/Quad_DR/ros2_ws/install/rotor_tm_msgs/lib:/usr/lib/x86_64-linux-gnu/gazebo-11/plugins:/opt/ros/humble/opt/rviz_ogre_vendor/lib:/opt/ros/humble/lib/x86_64-linux-gnu:/opt/ros/humble/lib:/usr/share/gazebo/../../lib/x86_64-linux-gnu/gazebo-11/plugins PYTHONPATH=/home/swati/Quad_DR/ros2_ws/build/rotor_tm_sim/prefix_override:/usr/lib/python3/dist-packages/colcon_core/task/python/colcon_distutils_commands:/home/swati/Quad_DR/ros2_ws/install/rotor_tm_sim/lib/python3.10/site-packages:/home/swati/Quad_DR/ros2_ws/install/rotor_tm_utils/lib/python3.10/site-packages:/home/swati/Quad_DR/ros2_ws/install/rotor_tm_config/lib/python3.10/site-packages:/home/swati/Quad_DR/ros2_ws/install/rotor_tm_sim/lib/python3.10/site-packages:/home/swati/Quad_DR/ros2_ws/install/rotor_tm_control/lib/python3.10/site-packages:/home/swati/Quad_DR/ros2_ws/install/rotor_tm_traj/lib/python3.10/site-packages:/home/swati/Quad_DR/ros2_ws/install/rotor_tm_msgs/local/lib/python3.10/dist-packages:/home/swati/Quad_DR/ros2_ws/install/rotor_tm_keyboard2wrench/lib/python3.10/site-packages:/opt/ros/humble/lib/python3.10/site-packages:/opt/ros/humble/local/lib/python3.10/dist-packages /usr/bin/python3 -W ignore:setup.py install is deprecated setup.py egg_info --egg-base ../../build/rotor_tm_sim build --build-base /home/swati/Quad_DR/ros2_ws/build/rotor_tm_sim/build install --record /home/swati/Quad_DR/ros2_ws/build/rotor_tm_sim/install.log --single-version-externally-managed install_data
[2.892s] DEBUG:colcon.colcon_core.event_handler.log_command:Invoking command in '/home/swati/Quad_DR/ros2_ws/src/rotor_tm_control': AMENT_PREFIX_PATH=/home/swati/Quad_DR/ros2_ws/install/rotor_tm_utils:/home/swati/Quad_DR/ros2_ws/install/rotor_tm_sim:/home/swati/Quad_DR/ros2_ws/install/rotor_tm_control:/home/swati/Quad_DR/ros2_ws/install/rotor_tm_traj:/home/swati/Quad_DR/ros2_ws/install/rotor_tm_msgs:/home/swati/Quad_DR/ros2_ws/install/rotor_tm_keyboard2wrench:/home/swati/Quad_DR/ros2_ws/install/rotor_tm_config:/opt/ros/humble LD_LIBRARY_PATH=/home/swati/Quad_DR/ros2_ws/install/rotor_tm_msgs/lib:/usr/lib/x86_64-linux-gnu/gazebo-11/plugins:/opt/ros/humble/opt/rviz_ogre_vendor/lib:/opt/ros/humble/lib/x86_64-linux-gnu:/opt/ros/humble/lib:/usr/share/gazebo/../../lib/x86_64-linux-gnu/gazebo-11/plugins PYTHONPATH=/home/swati/Quad_DR/ros2_ws/build/rotor_tm_control/prefix_override:/usr/lib/python3/dist-packages/colcon_core/task/python/colcon_distutils_commands:/home/swati/Quad_DR/ros2_ws/install/rotor_tm_control/lib/python3.10/site-packages:/home/swati/Quad_DR/ros2_ws/install/rotor_tm_utils/lib/python3.10/site-packages:/home/swati/Quad_DR/ros2_ws/install/rotor_tm_sim/lib/python3.10/site-packages:/home/swati/Quad_DR/ros2_ws/install/rotor_tm_control/lib/python3.10/site-packages:/home/swati/Quad_DR/ros2_ws/install/rotor_tm_traj/lib/python3.10/site-packages:/home/swati/Quad_DR/ros2_ws/install/rotor_tm_msgs/local/lib/python3.10/dist-packages:/home/swati/Quad_DR/ros2_ws/install/rotor_tm_keyboard2wrench/lib/python3.10/site-packages:/home/swati/Quad_DR/ros2_ws/install/rotor_tm_config/lib/python3.10/site-packages:/opt/ros/humble/lib/python3.10/site-packages:/opt/ros/humble/local/lib/python3.10/dist-packages /usr/bin/python3 -W ignore:setup.py install is deprecated setup.py egg_info --egg-base ../../build/rotor_tm_control build --build-base /home/swati/Quad_DR/ros2_ws/build/rotor_tm_control/build install --record /home/swati/Quad_DR/ros2_ws/build/rotor_tm_control/install.log --single-version-externally-managed install_data
[3.197s] Level 1:colcon.colcon_core.environment:checking '/home/swati/Quad_DR/ros2_ws/install/rotor_tm_sim' for CMake module files
[3.198s] DEBUG:colcon.colcon_core.event_handler.log_command:Invoked command in '/home/swati/Quad_DR/ros2_ws/src/rotor_tm_sim' returned '0': AMENT_PREFIX_PATH=/home/swati/Quad_DR/ros2_ws/install/rotor_tm_utils:/home/swati/Quad_DR/ros2_ws/install/rotor_tm_config:/home/swati/Quad_DR/ros2_ws/install/rotor_tm_sim:/home/swati/Quad_DR/ros2_ws/install/rotor_tm_control:/home/swati/Quad_DR/ros2_ws/install/rotor_tm_traj:/home/swati/Quad_DR/ros2_ws/install/rotor_tm_msgs:/home/swati/Quad_DR/ros2_ws/install/rotor_tm_keyboard2wrench:/opt/ros/humble LD_LIBRARY_PATH=/home/swati/Quad_DR/ros2_ws/install/rotor_tm_msgs/lib:/usr/lib/x86_64-linux-gnu/gazebo-11/plugins:/opt/ros/humble/opt/rviz_ogre_vendor/lib:/opt/ros/humble/lib/x86_64-linux-gnu:/opt/ros/humble/lib:/usr/share/gazebo/../../lib/x86_64-linux-gnu/gazebo-11/plugins PYTHONPATH=/home/swati/Quad_DR/ros2_ws/build/rotor_tm_sim/prefix_override:/usr/lib/python3/dist-packages/colcon_core/task/python/colcon_distutils_commands:/home/swati/Quad_DR/ros2_ws/install/rotor_tm_sim/lib/python3.10/site-packages:/home/swati/Quad_DR/ros2_ws/install/rotor_tm_utils/lib/python3.10/site-packages:/home/swati/Quad_DR/ros2_ws/install/rotor_tm_config/lib/python3.10/site-packages:/home/swati/Quad_DR/ros2_ws/install/rotor_tm_sim/lib/python3.10/site-packages:/home/swati/Quad_DR/ros2_ws/install/rotor_tm_control/lib/python3.10/site-packages:/home/swati/Quad_DR/ros2_ws/install/rotor_tm_traj/lib/python3.10/site-packages:/home/swati/Quad_DR/ros2_ws/install/rotor_tm_msgs/local/lib/python3.10/dist-packages:/home/swati/Quad_DR/ros2_ws/install/rotor_tm_keyboard2wrench/lib/python3.10/site-packages:/opt/ros/humble/lib/python3.10/site-packages:/opt/ros/humble/local/lib/python3.10/dist-packages /usr/bin/python3 -W ignore:setup.py install is deprecated setup.py egg_info --egg-base ../../build/rotor_tm_sim build --build-base /home/swati/Quad_DR/ros2_ws/build/rotor_tm_sim/build install --record /home/swati/Quad_DR/ros2_ws/build/rotor_tm_sim/install.log --single-version-externally-managed install_data
[3.198s] Level 1:colcon.colcon_core.environment:checking '/home/swati/Quad_DR/ros2_ws/install/rotor_tm_sim' for CMake config files
[3.199s] Level 1:colcon.colcon_core.environment:checking '/home/swati/Quad_DR/ros2_ws/install/rotor_tm_sim/lib'
[3.199s] Level 1:colcon.colcon_core.environment:checking '/home/swati/Quad_DR/ros2_ws/install/rotor_tm_sim/bin'
[3.199s] Level 1:colcon.colcon_core.environment:checking '/home/swati/Quad_DR/ros2_ws/install/rotor_tm_sim/lib/pkgconfig/rotor_tm_sim.pc'
[3.199s] Level 1:colcon.colcon_core.environment:checking '/home/swati/Quad_DR/ros2_ws/install/rotor_tm_sim/lib/python3.10/site-packages'
[3.199s] Level 1:colcon.colcon_core.shell:create_environment_hook('rotor_tm_sim', 'pythonpath')
[3.199s] INFO:colcon.colcon_core.shell:Creating environment hook '/home/swati/Quad_DR/ros2_ws/install/rotor_tm_sim/share/rotor_tm_sim/hook/pythonpath.ps1'
[3.200s] INFO:colcon.colcon_core.shell:Creating environment descriptor '/home/swati/Quad_DR/ros2_ws/install/rotor_tm_sim/share/rotor_tm_sim/hook/pythonpath.dsv'
[3.200s] INFO:colcon.colcon_core.shell:Creating environment hook '/home/swati/Quad_DR/ros2_ws/install/rotor_tm_sim/share/rotor_tm_sim/hook/pythonpath.sh'
[3.201s] Level 1:colcon.colcon_core.environment:checking '/home/swati/Quad_DR/ros2_ws/install/rotor_tm_sim/bin'
[3.201s] Level 1:colcon.colcon_core.environment:create_environment_scripts_only(rotor_tm_sim)
[3.201s] INFO:colcon.colcon_core.shell:Creating package script '/home/swati/Quad_DR/ros2_ws/install/rotor_tm_sim/share/rotor_tm_sim/package.ps1'
[3.201s] INFO:colcon.colcon_core.shell:Creating package descriptor '/home/swati/Quad_DR/ros2_ws/install/rotor_tm_sim/share/rotor_tm_sim/package.dsv'
[3.202s] INFO:colcon.colcon_core.shell:Creating package script '/home/swati/Quad_DR/ros2_ws/install/rotor_tm_sim/share/rotor_tm_sim/package.sh'
[3.202s] INFO:colcon.colcon_core.shell:Creating package script '/home/swati/Quad_DR/ros2_ws/install/rotor_tm_sim/share/rotor_tm_sim/package.bash'
[3.202s] INFO:colcon.colcon_core.shell:Creating package script '/home/swati/Quad_DR/ros2_ws/install/rotor_tm_sim/share/rotor_tm_sim/package.zsh'
[3.203s] Level 1:colcon.colcon_core.environment:create_file_with_runtime_dependencies(/home/swati/Quad_DR/ros2_ws/install/rotor_tm_sim/share/colcon-core/packages/rotor_tm_sim)
[3.207s] Level 1:colcon.colcon_core.environment:checking '/home/swati/Quad_DR/ros2_ws/install/rotor_tm_control' for CMake module files
[3.207s] DEBUG:colcon.colcon_core.event_handler.log_command:Invoked command in '/home/swati/Quad_DR/ros2_ws/src/rotor_tm_control' returned '0': AMENT_PREFIX_PATH=/home/swati/Quad_DR/ros2_ws/install/rotor_tm_utils:/home/swati/Quad_DR/ros2_ws/install/rotor_tm_sim:/home/swati/Quad_DR/ros2_ws/install/rotor_tm_control:/home/swati/Quad_DR/ros2_ws/install/rotor_tm_traj:/home/swati/Quad_DR/ros2_ws/install/rotor_tm_msgs:/home/swati/Quad_DR/ros2_ws/install/rotor_tm_keyboard2wrench:/home/swati/Quad_DR/ros2_ws/install/rotor_tm_config:/opt/ros/humble LD_LIBRARY_PATH=/home/swati/Quad_DR/ros2_ws/install/rotor_tm_msgs/lib:/usr/lib/x86_64-linux-gnu/gazebo-11/plugins:/opt/ros/humble/opt/rviz_ogre_vendor/lib:/opt/ros/humble/lib/x86_64-linux-gnu:/opt/ros/humble/lib:/usr/share/gazebo/../../lib/x86_64-linux-gnu/gazebo-11/plugins PYTHONPATH=/home/swati/Quad_DR/ros2_ws/build/rotor_tm_control/prefix_override:/usr/lib/python3/dist-packages/colcon_core/task/python/colcon_distutils_commands:/home/swati/Quad_DR/ros2_ws/install/rotor_tm_control/lib/python3.10/site-packages:/home/swati/Quad_DR/ros2_ws/install/rotor_tm_utils/lib/python3.10/site-packages:/home/swati/Quad_DR/ros2_ws/install/rotor_tm_sim/lib/python3.10/site-packages:/home/swati/Quad_DR/ros2_ws/install/rotor_tm_control/lib/python3.10/site-packages:/home/swati/Quad_DR/ros2_ws/install/rotor_tm_traj/lib/python3.10/site-packages:/home/swati/Quad_DR/ros2_ws/install/rotor_tm_msgs/local/lib/python3.10/dist-packages:/home/swati/Quad_DR/ros2_ws/install/rotor_tm_keyboard2wrench/lib/python3.10/site-packages:/home/swati/Quad_DR/ros2_ws/install/rotor_tm_config/lib/python3.10/site-packages:/opt/ros/humble/lib/python3.10/site-packages:/opt/ros/humble/local/lib/python3.10/dist-packages /usr/bin/python3 -W ignore:setup.py install is deprecated setup.py egg_info --egg-base ../../build/rotor_tm_control build --build-base /home/swati/Quad_DR/ros2_ws/build/rotor_tm_control/build install --record /home/swati/Quad_DR/ros2_ws/build/rotor_tm_control/install.log --single-version-externally-managed install_data
[3.207s] Level 1:colcon.colcon_core.environment:checking '/home/swati/Quad_DR/ros2_ws/install/rotor_tm_control' for CMake config files
[3.207s] Level 1:colcon.colcon_core.environment:checking '/home/swati/Quad_DR/ros2_ws/install/rotor_tm_control/lib'
[3.207s] Level 1:colcon.colcon_core.environment:checking '/home/swati/Quad_DR/ros2_ws/install/rotor_tm_control/bin'
[3.207s] Level 1:colcon.colcon_core.environment:checking '/home/swati/Quad_DR/ros2_ws/install/rotor_tm_control/lib/pkgconfig/rotor_tm_control.pc'
[3.208s] Level 1:colcon.colcon_core.environment:checking '/home/swati/Quad_DR/ros2_ws/install/rotor_tm_control/lib/python3.10/site-packages'
[3.208s] Level 1:colcon.colcon_core.shell:create_environment_hook('rotor_tm_control', 'pythonpath')
[3.208s] INFO:colcon.colcon_core.shell:Creating environment hook '/home/swati/Quad_DR/ros2_ws/install/rotor_tm_control/share/rotor_tm_control/hook/pythonpath.ps1'
[3.208s] INFO:colcon.colcon_core.shell:Creating environment descriptor '/home/swati/Quad_DR/ros2_ws/install/rotor_tm_control/share/rotor_tm_control/hook/pythonpath.dsv'
[3.208s] INFO:colcon.colcon_core.shell:Creating environment hook '/home/swati/Quad_DR/ros2_ws/install/rotor_tm_control/share/rotor_tm_control/hook/pythonpath.sh'
[3.208s] Level 1:colcon.colcon_core.environment:checking '/home/swati/Quad_DR/ros2_ws/install/rotor_tm_control/bin'
[3.209s] Level 1:colcon.colcon_core.environment:create_environment_scripts_only(rotor_tm_control)
[3.209s] INFO:colcon.colcon_core.shell:Creating package script '/home/swati/Quad_DR/ros2_ws/install/rotor_tm_control/share/rotor_tm_control/package.ps1'
[3.209s] INFO:colcon.colcon_core.shell:Creating package descriptor '/home/swati/Quad_DR/ros2_ws/install/rotor_tm_control/share/rotor_tm_control/package.dsv'
[3.209s] INFO:colcon.colcon_core.shell:Creating package script '/home/swati/Quad_DR/ros2_ws/install/rotor_tm_control/share/rotor_tm_control/package.sh'
[3.209s] INFO:colcon.colcon_core.shell:Creating package script '/home/swati/Quad_DR/ros2_ws/install/rotor_tm_control/share/rotor_tm_control/package.bash'
[3.210s] INFO:colcon.colcon_core.shell:Creating package script '/home/swati/Quad_DR/ros2_ws/install/rotor_tm_control/share/rotor_tm_control/package.zsh'
[3.210s] Level 1:colcon.colcon_core.environment:create_file_with_runtime_dependencies(/home/swati/Quad_DR/ros2_ws/install/rotor_tm_control/share/colcon-core/packages/rotor_tm_control)
[3.210s] DEBUG:colcon.colcon_parallel_executor.executor.parallel:closing loop
[3.210s] DEBUG:colcon.colcon_parallel_executor.executor.parallel:loop closed
[3.210s] DEBUG:colcon.colcon_parallel_executor.executor.parallel:run_until_complete finished with '0'
[3.210s] DEBUG:colcon.colcon_core.event_reactor:joining thread
[3.214s] INFO:colcon.colcon_core.plugin_system:Skipping extension 'colcon_notification.desktop_notification.terminal_notifier': Not used on non-Darwin systems
[3.214s] INFO:colcon.colcon_core.plugin_system:Skipping extension 'colcon_notification.desktop_notification.win32': Not used on non-Windows systems
[3.214s] INFO:colcon.colcon_notification.desktop_notification:Sending desktop notification using 'notify2'
[3.221s] DEBUG:colcon.colcon_core.event_reactor:joined thread
[3.222s] INFO:colcon.colcon_core.shell:Creating prefix script '/home/swati/Quad_DR/ros2_ws/install/local_setup.ps1'
[3.223s] INFO:colcon.colcon_core.shell:Creating prefix util module '/home/swati/Quad_DR/ros2_ws/install/_local_setup_util_ps1.py'
[3.224s] INFO:colcon.colcon_core.shell:Creating prefix chain script '/home/swati/Quad_DR/ros2_ws/install/setup.ps1'
[3.225s] INFO:colcon.colcon_core.shell:Creating prefix script '/home/swati/Quad_DR/ros2_ws/install/local_setup.sh'
[3.226s] INFO:colcon.colcon_core.shell:Creating prefix util module '/home/swati/Quad_DR/ros2_ws/install/_local_setup_util_sh.py'
[3.226s] INFO:colcon.colcon_core.shell:Creating prefix chain script '/home/swati/Quad_DR/ros2_ws/install/setup.sh'
[3.227s] INFO:colcon.colcon_core.shell:Creating prefix script '/home/swati/Quad_DR/ros2_ws/install/local_setup.bash'
[3.227s] INFO:colcon.colcon_core.shell:Creating prefix chain script '/home/swati/Quad_DR/ros2_ws/install/setup.bash'
[3.228s] INFO:colcon.colcon_core.shell:Creating prefix script '/home/swati/Quad_DR/ros2_ws/install/local_setup.zsh'
[3.228s] INFO:colcon.colcon_core.shell:Creating prefix chain script '/home/swati/Quad_DR/ros2_ws/install/setup.zsh'
