[0.081s] DEBUG:colcon:Command line arguments: ['/usr/bin/colcon', 'build']
[0.081s] DEBUG:colcon:Parsed command line arguments: Namespace(log_base=None, log_level=None, verb_name='build', build_base='build', install_base='install', merge_install=False, symlink_install=False, test_result_base=None, continue_on_error=False, executor='parallel', parallel_workers=20, event_handlers=None, ignore_user_meta=False, metas=['./colcon.meta'], base_paths=['.'], packages_ignore=None, packages_ignore_regex=None, paths=None, packages_up_to=None, packages_up_to_regex=None, packages_above=None, packages_above_and_dependencies=None, packages_above_depth=None, packages_select_by_dep=None, packages_skip_by_dep=None, packages_skip_up_to=None, packages_select_build_failed=False, packages_skip_build_finished=False, packages_select_test_failures=False, packages_skip_test_passed=False, packages_select=None, packages_skip=None, packages_select_regex=None, packages_skip_regex=None, packages_start=None, packages_end=None, allow_overriding=[], cmake_args=None, cmake_target=None, cmake_target_skip_unavailable=False, cmake_clean_cache=False, cmake_clean_first=False, cmake_force_configure=False, ament_cmake_args=None, catkin_cmake_args=None, catkin_skip_building_tests=False, mixin_files=None, mixin=None, verb_parser=<colcon_mixin.mixin.mixin_argument.MixinArgumentDecorator object at 0x779626cdc460>, verb_extension=<colcon_core.verb.build.BuildVerb object at 0x779626e65210>, main=<bound method BuildVerb.main of <colcon_core.verb.build.BuildVerb object at 0x779626e65210>>, mixin_verb=('build',))
[0.106s] Level 1:colcon.colcon_core.package_discovery:discover_packages(colcon_meta) check parameters
[0.106s] Level 1:colcon.colcon_core.package_discovery:discover_packages(recursive) check parameters
[0.106s] Level 1:colcon.colcon_core.package_discovery:discover_packages(ignore) check parameters
[0.106s] Level 1:colcon.colcon_core.package_discovery:discover_packages(path) check parameters
[0.106s] Level 1:colcon.colcon_core.package_discovery:discover_packages(colcon_meta) discover
[0.106s] Level 1:colcon.colcon_core.package_discovery:discover_packages(recursive) discover
[0.106s] INFO:colcon.colcon_core.package_discovery:Crawling recursively for packages in '/home/swati/Quad_DR/ros2_ws/src/payload_control/payload_control'
[0.106s] Level 1:colcon.colcon_core.package_identification:_identify(.) by extensions ['ignore', 'ignore_ament_install']
[0.106s] Level 1:colcon.colcon_core.package_identification:_identify(.) by extension 'ignore'
[0.106s] Level 1:colcon.colcon_core.package_identification:_identify(.) by extension 'ignore_ament_install'
[0.106s] Level 1:colcon.colcon_core.package_identification:_identify(.) by extensions ['colcon_pkg']
[0.106s] Level 1:colcon.colcon_core.package_identification:_identify(.) by extension 'colcon_pkg'
[0.106s] Level 1:colcon.colcon_core.package_identification:_identify(.) by extensions ['colcon_meta']
[0.106s] Level 1:colcon.colcon_core.package_identification:_identify(.) by extension 'colcon_meta'
[0.106s] Level 1:colcon.colcon_core.package_identification:_identify(.) by extensions ['ros']
[0.106s] Level 1:colcon.colcon_core.package_identification:_identify(.) by extension 'ros'
[0.117s] Level 1:colcon.colcon_core.package_identification:_identify(.) by extensions ['cmake', 'python']
[0.117s] Level 1:colcon.colcon_core.package_identification:_identify(.) by extension 'cmake'
[0.117s] Level 1:colcon.colcon_core.package_identification:_identify(.) by extension 'python'
[0.117s] Level 1:colcon.colcon_core.package_identification:_identify(.) by extensions ['python_setup_py']
[0.117s] Level 1:colcon.colcon_core.package_identification:_identify(.) by extension 'python_setup_py'
[0.117s] Level 1:colcon.colcon_core.package_identification:_identify(__pycache__) by extensions ['ignore', 'ignore_ament_install']
[0.117s] Level 1:colcon.colcon_core.package_identification:_identify(__pycache__) by extension 'ignore'
[0.117s] Level 1:colcon.colcon_core.package_identification:_identify(__pycache__) by extension 'ignore_ament_install'
[0.117s] Level 1:colcon.colcon_core.package_identification:_identify(__pycache__) by extensions ['colcon_pkg']
[0.117s] Level 1:colcon.colcon_core.package_identification:_identify(__pycache__) by extension 'colcon_pkg'
[0.117s] Level 1:colcon.colcon_core.package_identification:_identify(__pycache__) by extensions ['colcon_meta']
[0.117s] Level 1:colcon.colcon_core.package_identification:_identify(__pycache__) by extension 'colcon_meta'
[0.117s] Level 1:colcon.colcon_core.package_identification:_identify(__pycache__) by extensions ['ros']
[0.117s] Level 1:colcon.colcon_core.package_identification:_identify(__pycache__) by extension 'ros'
[0.117s] Level 1:colcon.colcon_core.package_identification:_identify(__pycache__) by extensions ['cmake', 'python']
[0.117s] Level 1:colcon.colcon_core.package_identification:_identify(__pycache__) by extension 'cmake'
[0.117s] Level 1:colcon.colcon_core.package_identification:_identify(__pycache__) by extension 'python'
[0.117s] Level 1:colcon.colcon_core.package_identification:_identify(__pycache__) by extensions ['python_setup_py']
[0.117s] Level 1:colcon.colcon_core.package_identification:_identify(__pycache__) by extension 'python_setup_py'
[0.117s] Level 1:colcon.colcon_core.package_identification:_identify(build) by extensions ['ignore', 'ignore_ament_install']
[0.117s] Level 1:colcon.colcon_core.package_identification:_identify(build) by extension 'ignore'
[0.117s] Level 1:colcon.colcon_core.package_identification:_identify(build) ignored
[0.117s] Level 1:colcon.colcon_core.package_identification:_identify(c_generated_code) by extensions ['ignore', 'ignore_ament_install']
[0.117s] Level 1:colcon.colcon_core.package_identification:_identify(c_generated_code) by extension 'ignore'
[0.117s] Level 1:colcon.colcon_core.package_identification:_identify(c_generated_code) by extension 'ignore_ament_install'
[0.117s] Level 1:colcon.colcon_core.package_identification:_identify(c_generated_code) by extensions ['colcon_pkg']
[0.117s] Level 1:colcon.colcon_core.package_identification:_identify(c_generated_code) by extension 'colcon_pkg'
[0.117s] Level 1:colcon.colcon_core.package_identification:_identify(c_generated_code) by extensions ['colcon_meta']
[0.117s] Level 1:colcon.colcon_core.package_identification:_identify(c_generated_code) by extension 'colcon_meta'
[0.117s] Level 1:colcon.colcon_core.package_identification:_identify(c_generated_code) by extensions ['ros']
[0.117s] Level 1:colcon.colcon_core.package_identification:_identify(c_generated_code) by extension 'ros'
[0.117s] Level 1:colcon.colcon_core.package_identification:_identify(c_generated_code) by extensions ['cmake', 'python']
[0.117s] Level 1:colcon.colcon_core.package_identification:_identify(c_generated_code) by extension 'cmake'
[0.118s] Level 1:colcon.colcon_core.package_identification:_identify(c_generated_code) by extension 'python'
[0.118s] Level 1:colcon.colcon_core.package_identification:_identify(c_generated_code) by extensions ['python_setup_py']
[0.118s] Level 1:colcon.colcon_core.package_identification:_identify(c_generated_code) by extension 'python_setup_py'
[0.118s] Level 1:colcon.colcon_core.package_identification:_identify(c_generated_code/payload_model_constraints) by extensions ['ignore', 'ignore_ament_install']
[0.118s] Level 1:colcon.colcon_core.package_identification:_identify(c_generated_code/payload_model_constraints) by extension 'ignore'
[0.118s] Level 1:colcon.colcon_core.package_identification:_identify(c_generated_code/payload_model_constraints) by extension 'ignore_ament_install'
[0.118s] Level 1:colcon.colcon_core.package_identification:_identify(c_generated_code/payload_model_constraints) by extensions ['colcon_pkg']
[0.118s] Level 1:colcon.colcon_core.package_identification:_identify(c_generated_code/payload_model_constraints) by extension 'colcon_pkg'
[0.118s] Level 1:colcon.colcon_core.package_identification:_identify(c_generated_code/payload_model_constraints) by extensions ['colcon_meta']
[0.118s] Level 1:colcon.colcon_core.package_identification:_identify(c_generated_code/payload_model_constraints) by extension 'colcon_meta'
[0.118s] Level 1:colcon.colcon_core.package_identification:_identify(c_generated_code/payload_model_constraints) by extensions ['ros']
[0.118s] Level 1:colcon.colcon_core.package_identification:_identify(c_generated_code/payload_model_constraints) by extension 'ros'
[0.118s] Level 1:colcon.colcon_core.package_identification:_identify(c_generated_code/payload_model_constraints) by extensions ['cmake', 'python']
[0.118s] Level 1:colcon.colcon_core.package_identification:_identify(c_generated_code/payload_model_constraints) by extension 'cmake'
[0.118s] Level 1:colcon.colcon_core.package_identification:_identify(c_generated_code/payload_model_constraints) by extension 'python'
[0.118s] Level 1:colcon.colcon_core.package_identification:_identify(c_generated_code/payload_model_constraints) by extensions ['python_setup_py']
[0.118s] Level 1:colcon.colcon_core.package_identification:_identify(c_generated_code/payload_model_constraints) by extension 'python_setup_py'
[0.118s] Level 1:colcon.colcon_core.package_identification:_identify(c_generated_code/payload_model_cost) by extensions ['ignore', 'ignore_ament_install']
[0.118s] Level 1:colcon.colcon_core.package_identification:_identify(c_generated_code/payload_model_cost) by extension 'ignore'
[0.118s] Level 1:colcon.colcon_core.package_identification:_identify(c_generated_code/payload_model_cost) by extension 'ignore_ament_install'
[0.118s] Level 1:colcon.colcon_core.package_identification:_identify(c_generated_code/payload_model_cost) by extensions ['colcon_pkg']
[0.118s] Level 1:colcon.colcon_core.package_identification:_identify(c_generated_code/payload_model_cost) by extension 'colcon_pkg'
[0.118s] Level 1:colcon.colcon_core.package_identification:_identify(c_generated_code/payload_model_cost) by extensions ['colcon_meta']
[0.118s] Level 1:colcon.colcon_core.package_identification:_identify(c_generated_code/payload_model_cost) by extension 'colcon_meta'
[0.118s] Level 1:colcon.colcon_core.package_identification:_identify(c_generated_code/payload_model_cost) by extensions ['ros']
[0.118s] Level 1:colcon.colcon_core.package_identification:_identify(c_generated_code/payload_model_cost) by extension 'ros'
[0.118s] Level 1:colcon.colcon_core.package_identification:_identify(c_generated_code/payload_model_cost) by extensions ['cmake', 'python']
[0.118s] Level 1:colcon.colcon_core.package_identification:_identify(c_generated_code/payload_model_cost) by extension 'cmake'
[0.118s] Level 1:colcon.colcon_core.package_identification:_identify(c_generated_code/payload_model_cost) by extension 'python'
[0.118s] Level 1:colcon.colcon_core.package_identification:_identify(c_generated_code/payload_model_cost) by extensions ['python_setup_py']
[0.118s] Level 1:colcon.colcon_core.package_identification:_identify(c_generated_code/payload_model_cost) by extension 'python_setup_py'
[0.118s] Level 1:colcon.colcon_core.package_identification:_identify(c_generated_code/payload_model_model) by extensions ['ignore', 'ignore_ament_install']
[0.118s] Level 1:colcon.colcon_core.package_identification:_identify(c_generated_code/payload_model_model) by extension 'ignore'
[0.118s] Level 1:colcon.colcon_core.package_identification:_identify(c_generated_code/payload_model_model) by extension 'ignore_ament_install'
[0.118s] Level 1:colcon.colcon_core.package_identification:_identify(c_generated_code/payload_model_model) by extensions ['colcon_pkg']
[0.118s] Level 1:colcon.colcon_core.package_identification:_identify(c_generated_code/payload_model_model) by extension 'colcon_pkg'
[0.118s] Level 1:colcon.colcon_core.package_identification:_identify(c_generated_code/payload_model_model) by extensions ['colcon_meta']
[0.118s] Level 1:colcon.colcon_core.package_identification:_identify(c_generated_code/payload_model_model) by extension 'colcon_meta'
[0.118s] Level 1:colcon.colcon_core.package_identification:_identify(c_generated_code/payload_model_model) by extensions ['ros']
[0.118s] Level 1:colcon.colcon_core.package_identification:_identify(c_generated_code/payload_model_model) by extension 'ros'
[0.119s] Level 1:colcon.colcon_core.package_identification:_identify(c_generated_code/payload_model_model) by extensions ['cmake', 'python']
[0.119s] Level 1:colcon.colcon_core.package_identification:_identify(c_generated_code/payload_model_model) by extension 'cmake'
[0.119s] Level 1:colcon.colcon_core.package_identification:_identify(c_generated_code/payload_model_model) by extension 'python'
[0.119s] Level 1:colcon.colcon_core.package_identification:_identify(c_generated_code/payload_model_model) by extensions ['python_setup_py']
[0.119s] Level 1:colcon.colcon_core.package_identification:_identify(c_generated_code/payload_model_model) by extension 'python_setup_py'
[0.119s] Level 1:colcon.colcon_core.package_identification:_identify(install) by extensions ['ignore', 'ignore_ament_install']
[0.119s] Level 1:colcon.colcon_core.package_identification:_identify(install) by extension 'ignore'
[0.119s] Level 1:colcon.colcon_core.package_identification:_identify(install) ignored
[0.119s] Level 1:colcon.colcon_core.package_identification:_identify(log) by extensions ['ignore', 'ignore_ament_install']
[0.119s] Level 1:colcon.colcon_core.package_identification:_identify(log) by extension 'ignore'
[0.119s] Level 1:colcon.colcon_core.package_identification:_identify(log) ignored
[0.119s] Level 1:colcon.colcon_core.package_identification:_identify(tracks) by extensions ['ignore', 'ignore_ament_install']
[0.119s] Level 1:colcon.colcon_core.package_identification:_identify(tracks) by extension 'ignore'
[0.119s] Level 1:colcon.colcon_core.package_identification:_identify(tracks) by extension 'ignore_ament_install'
[0.119s] Level 1:colcon.colcon_core.package_identification:_identify(tracks) by extensions ['colcon_pkg']
[0.119s] Level 1:colcon.colcon_core.package_identification:_identify(tracks) by extension 'colcon_pkg'
[0.119s] Level 1:colcon.colcon_core.package_identification:_identify(tracks) by extensions ['colcon_meta']
[0.119s] Level 1:colcon.colcon_core.package_identification:_identify(tracks) by extension 'colcon_meta'
[0.119s] Level 1:colcon.colcon_core.package_identification:_identify(tracks) by extensions ['ros']
[0.119s] Level 1:colcon.colcon_core.package_identification:_identify(tracks) by extension 'ros'
[0.119s] Level 1:colcon.colcon_core.package_identification:_identify(tracks) by extensions ['cmake', 'python']
[0.119s] Level 1:colcon.colcon_core.package_identification:_identify(tracks) by extension 'cmake'
[0.119s] Level 1:colcon.colcon_core.package_identification:_identify(tracks) by extension 'python'
[0.119s] Level 1:colcon.colcon_core.package_identification:_identify(tracks) by extensions ['python_setup_py']
[0.119s] Level 1:colcon.colcon_core.package_identification:_identify(tracks) by extension 'python_setup_py'
[0.119s] Level 1:colcon.colcon_core.package_identification:_identify(tracks/__pycache__) by extensions ['ignore', 'ignore_ament_install']
[0.119s] Level 1:colcon.colcon_core.package_identification:_identify(tracks/__pycache__) by extension 'ignore'
[0.119s] Level 1:colcon.colcon_core.package_identification:_identify(tracks/__pycache__) by extension 'ignore_ament_install'
[0.119s] Level 1:colcon.colcon_core.package_identification:_identify(tracks/__pycache__) by extensions ['colcon_pkg']
[0.119s] Level 1:colcon.colcon_core.package_identification:_identify(tracks/__pycache__) by extension 'colcon_pkg'
[0.119s] Level 1:colcon.colcon_core.package_identification:_identify(tracks/__pycache__) by extensions ['colcon_meta']
[0.119s] Level 1:colcon.colcon_core.package_identification:_identify(tracks/__pycache__) by extension 'colcon_meta'
[0.119s] Level 1:colcon.colcon_core.package_identification:_identify(tracks/__pycache__) by extensions ['ros']
[0.119s] Level 1:colcon.colcon_core.package_identification:_identify(tracks/__pycache__) by extension 'ros'
[0.119s] Level 1:colcon.colcon_core.package_identification:_identify(tracks/__pycache__) by extensions ['cmake', 'python']
[0.119s] Level 1:colcon.colcon_core.package_identification:_identify(tracks/__pycache__) by extension 'cmake'
[0.119s] Level 1:colcon.colcon_core.package_identification:_identify(tracks/__pycache__) by extension 'python'
[0.119s] Level 1:colcon.colcon_core.package_identification:_identify(tracks/__pycache__) by extensions ['python_setup_py']
[0.119s] Level 1:colcon.colcon_core.package_identification:_identify(tracks/__pycache__) by extension 'python_setup_py'
[0.119s] Level 1:colcon.colcon_core.package_discovery:discover_packages(recursive) using defaults
[0.120s] Level 1:colcon.colcon_core.package_discovery:discover_packages(ignore) discover
[0.120s] Level 1:colcon.colcon_core.package_discovery:discover_packages(ignore) using defaults
[0.120s] Level 1:colcon.colcon_core.package_discovery:discover_packages(path) discover
[0.120s] Level 1:colcon.colcon_core.package_discovery:discover_packages(path) using defaults
[0.133s] Level 1:colcon.colcon_core.package_discovery:discover_packages(prefix_path) check parameters
[0.133s] Level 1:colcon.colcon_core.package_discovery:discover_packages(prefix_path) discover
[0.135s] DEBUG:colcon.colcon_installed_package_information.package_discovery:Found 9 installed packages in /home/swati/Quad_DR/ros2_ws/install
[0.136s] DEBUG:colcon.colcon_installed_package_information.package_discovery:Found 382 installed packages in /opt/ros/humble
[0.137s] Level 1:colcon.colcon_core.package_discovery:discover_packages(prefix_path) using defaults
[0.165s] INFO:colcon.colcon_core.executor:Executing jobs using 'parallel' executor
[0.166s] DEBUG:colcon.colcon_parallel_executor.executor.parallel:run_until_complete
[0.166s] DEBUG:colcon.colcon_parallel_executor.executor.parallel:closing loop
[0.166s] DEBUG:colcon.colcon_parallel_executor.executor.parallel:loop closed
[0.166s] DEBUG:colcon.colcon_parallel_executor.executor.parallel:run_until_complete finished with '0'
[0.166s] DEBUG:colcon.colcon_core.event_reactor:joining thread
[0.170s] INFO:colcon.colcon_core.plugin_system:Skipping extension 'colcon_notification.desktop_notification.terminal_notifier': Not used on non-Darwin systems
[0.170s] INFO:colcon.colcon_core.plugin_system:Skipping extension 'colcon_notification.desktop_notification.win32': Not used on non-Windows systems
[0.170s] INFO:colcon.colcon_notification.desktop_notification:Sending desktop notification using 'notify2'
[0.183s] DEBUG:colcon.colcon_core.event_reactor:joined thread
[0.185s] INFO:colcon.colcon_core.plugin_system:Skipping extension 'colcon_core.shell.bat': Not used on non-Windows systems
[0.185s] INFO:colcon.colcon_core.shell:Creating prefix script '/home/swati/Quad_DR/ros2_ws/src/payload_control/payload_control/install/local_setup.ps1'
[0.186s] INFO:colcon.colcon_core.shell:Creating prefix util module '/home/swati/Quad_DR/ros2_ws/src/payload_control/payload_control/install/_local_setup_util_ps1.py'
[0.187s] INFO:colcon.colcon_core.shell:Creating prefix chain script '/home/swati/Quad_DR/ros2_ws/src/payload_control/payload_control/install/setup.ps1'
[0.188s] INFO:colcon.colcon_core.shell:Creating prefix script '/home/swati/Quad_DR/ros2_ws/src/payload_control/payload_control/install/local_setup.sh'
[0.188s] INFO:colcon.colcon_core.shell:Creating prefix util module '/home/swati/Quad_DR/ros2_ws/src/payload_control/payload_control/install/_local_setup_util_sh.py'
[0.188s] INFO:colcon.colcon_core.shell:Creating prefix chain script '/home/swati/Quad_DR/ros2_ws/src/payload_control/payload_control/install/setup.sh'
[0.189s] INFO:colcon.colcon_core.shell:Creating prefix script '/home/swati/Quad_DR/ros2_ws/src/payload_control/payload_control/install/local_setup.bash'
[0.189s] INFO:colcon.colcon_core.shell:Creating prefix chain script '/home/swati/Quad_DR/ros2_ws/src/payload_control/payload_control/install/setup.bash'
[0.190s] INFO:colcon.colcon_core.shell:Creating prefix script '/home/swati/Quad_DR/ros2_ws/src/payload_control/payload_control/install/local_setup.zsh'
[0.190s] INFO:colcon.colcon_core.shell:Creating prefix chain script '/home/swati/Quad_DR/ros2_ws/src/payload_control/payload_control/install/setup.zsh'
