[1.126s] Invoking command in '/home/dhruv/RotorTM/build/rotor_tm_traj': PYTHONPATH=/home/dhruv/RotorTM/build/rotor_tm_traj/prefix_override:/usr/lib/python3/dist-packages/colcon_core/task/python/colcon_distutils_commands:/home/dhruv/RotorTM/install/rotor_tm_traj/lib/python3.10/site-packages:${PYTHONPATH} /usr/bin/python3 -W ignore:setup.py install is deprecated -W ignore:easy_install command is deprecated setup.py develop --uninstall --editable --build-directory /home/dhruv/RotorTM/build/rotor_tm_traj/build
[1.312s] running develop
[1.427s] Removing /home/dhruv/RotorTM/install/rotor_tm_traj/lib/python3.10/site-packages/rotor-tm-traj.egg-link (link to .)
[1.456s] Invoked command in '/home/dhruv/RotorTM/build/rotor_tm_traj' returned '0': PYTHONPATH=/home/dhruv/RotorTM/build/rotor_tm_traj/prefix_override:/usr/lib/python3/dist-packages/colcon_core/task/python/colcon_distutils_commands:/home/dhruv/RotorTM/install/rotor_tm_traj/lib/python3.10/site-packages:${PYTHONPATH} /usr/bin/python3 -W ignore:setup.py install is deprecated -W ignore:easy_install command is deprecated setup.py develop --uninstall --editable --build-directory /home/dhruv/RotorTM/build/rotor_tm_traj/build
[1.458s] Invoking command in '/home/dhruv/RotorTM/src/rotor_tm_traj': PYTHONPATH=/home/dhruv/RotorTM/build/rotor_tm_traj/prefix_override:/usr/lib/python3/dist-packages/colcon_core/task/python/colcon_distutils_commands:/home/dhruv/RotorTM/install/rotor_tm_traj/lib/python3.10/site-packages:${PYTHONPATH} /usr/bin/python3 -W ignore:setup.py install is deprecated -W ignore:easy_install command is deprecated setup.py egg_info --egg-base ../../build/rotor_tm_traj build --build-base /home/dhruv/RotorTM/build/rotor_tm_traj/build install --record /home/dhruv/RotorTM/build/rotor_tm_traj/install.log --single-version-externally-managed install_data --force
[1.638s] running egg_info
[1.638s] writing ../../build/rotor_tm_traj/rotor_tm_traj.egg-info/PKG-INFO
[1.638s] writing dependency_links to ../../build/rotor_tm_traj/rotor_tm_traj.egg-info/dependency_links.txt
[1.638s] writing entry points to ../../build/rotor_tm_traj/rotor_tm_traj.egg-info/entry_points.txt
[1.638s] writing requirements to ../../build/rotor_tm_traj/rotor_tm_traj.egg-info/requires.txt
[1.639s] writing top-level names to ../../build/rotor_tm_traj/rotor_tm_traj.egg-info/top_level.txt
[1.640s] reading manifest file '../../build/rotor_tm_traj/rotor_tm_traj.egg-info/SOURCES.txt'
[1.640s] adding license file 'LICENSE'
[1.641s] writing manifest file '../../build/rotor_tm_traj/rotor_tm_traj.egg-info/SOURCES.txt'
[1.641s] running build
[1.641s] running build_py
[1.641s] creating /home/dhruv/RotorTM/build/rotor_tm_traj/build
[1.641s] creating /home/dhruv/RotorTM/build/rotor_tm_traj/build/lib
[1.641s] creating /home/dhruv/RotorTM/build/rotor_tm_traj/build/lib/rotor_tm_traj
[1.641s] copying rotor_tm_traj/traj_node.py -> /home/dhruv/RotorTM/build/rotor_tm_traj/build/lib/rotor_tm_traj
[1.642s] copying rotor_tm_traj/__init__.py -> /home/dhruv/RotorTM/build/rotor_tm_traj/build/lib/rotor_tm_traj
[1.642s] copying rotor_tm_traj/traj.py -> /home/dhruv/RotorTM/build/rotor_tm_traj/build/lib/rotor_tm_traj
[1.642s] copying rotor_tm_traj/create_options.py -> /home/dhruv/RotorTM/build/rotor_tm_traj/build/lib/rotor_tm_traj
[1.642s] copying rotor_tm_traj/map.py -> /home/dhruv/RotorTM/build/rotor_tm_traj/build/lib/rotor_tm_traj
[1.642s] creating /home/dhruv/RotorTM/build/rotor_tm_traj/build/lib/rotor_tm_traj/Optimization
[1.642s] copying rotor_tm_traj/Optimization/__init__.py -> /home/dhruv/RotorTM/build/rotor_tm_traj/build/lib/rotor_tm_traj/Optimization
[1.642s] copying rotor_tm_traj/Optimization/generate_2pt_corridor_constraint.py -> /home/dhruv/RotorTM/build/rotor_tm_traj/build/lib/rotor_tm_traj/Optimization
[1.642s] copying rotor_tm_traj/Optimization/optimize_traj.py -> /home/dhruv/RotorTM/build/rotor_tm_traj/build/lib/rotor_tm_traj/Optimization
[1.642s] copying rotor_tm_traj/Optimization/allocate_time.py -> /home/dhruv/RotorTM/build/rotor_tm_traj/build/lib/rotor_tm_traj/Optimization
[1.642s] copying rotor_tm_traj/Optimization/generate_corridor_constraint.py -> /home/dhruv/RotorTM/build/rotor_tm_traj/build/lib/rotor_tm_traj/Optimization
[1.642s] copying rotor_tm_traj/Optimization/generate_path_with_time.py -> /home/dhruv/RotorTM/build/rotor_tm_traj/build/lib/rotor_tm_traj/Optimization
[1.643s] copying rotor_tm_traj/Optimization/generate_constraint.py -> /home/dhruv/RotorTM/build/rotor_tm_traj/build/lib/rotor_tm_traj/Optimization
[1.644s] creating /home/dhruv/RotorTM/build/rotor_tm_traj/build/lib/rotor_tm_traj/Optimization/entire_path
[1.644s] copying rotor_tm_traj/Optimization/entire_path/generate_polynomial_matrix.py -> /home/dhruv/RotorTM/build/rotor_tm_traj/build/lib/rotor_tm_traj/Optimization/entire_path
[1.644s] copying rotor_tm_traj/Optimization/entire_path/__init__.py -> /home/dhruv/RotorTM/build/rotor_tm_traj/build/lib/rotor_tm_traj/Optimization/entire_path
[1.644s] copying rotor_tm_traj/Optimization/entire_path/generate_poly_coeff.py -> /home/dhruv/RotorTM/build/rotor_tm_traj/build/lib/rotor_tm_traj/Optimization/entire_path
[1.644s] copying rotor_tm_traj/Optimization/entire_path/generate_poly.py -> /home/dhruv/RotorTM/build/rotor_tm_traj/build/lib/rotor_tm_traj/Optimization/entire_path
[1.644s] copying rotor_tm_traj/Optimization/entire_path/generate_H.py -> /home/dhruv/RotorTM/build/rotor_tm_traj/build/lib/rotor_tm_traj/Optimization/entire_path
[1.644s] running install
[1.645s] running install_lib
[1.645s] creating /home/dhruv/RotorTM/install/rotor_tm_traj/lib/python3.10/site-packages/rotor_tm_traj
[1.645s] copying /home/dhruv/RotorTM/build/rotor_tm_traj/build/lib/rotor_tm_traj/traj_node.py -> /home/dhruv/RotorTM/install/rotor_tm_traj/lib/python3.10/site-packages/rotor_tm_traj
[1.646s] copying /home/dhruv/RotorTM/build/rotor_tm_traj/build/lib/rotor_tm_traj/__init__.py -> /home/dhruv/RotorTM/install/rotor_tm_traj/lib/python3.10/site-packages/rotor_tm_traj
[1.646s] creating /home/dhruv/RotorTM/install/rotor_tm_traj/lib/python3.10/site-packages/rotor_tm_traj/Optimization
[1.646s] copying /home/dhruv/RotorTM/build/rotor_tm_traj/build/lib/rotor_tm_traj/Optimization/__init__.py -> /home/dhruv/RotorTM/install/rotor_tm_traj/lib/python3.10/site-packages/rotor_tm_traj/Optimization
[1.646s] copying /home/dhruv/RotorTM/build/rotor_tm_traj/build/lib/rotor_tm_traj/Optimization/generate_2pt_corridor_constraint.py -> /home/dhruv/RotorTM/install/rotor_tm_traj/lib/python3.10/site-packages/rotor_tm_traj/Optimization
[1.646s] copying /home/dhruv/RotorTM/build/rotor_tm_traj/build/lib/rotor_tm_traj/Optimization/optimize_traj.py -> /home/dhruv/RotorTM/install/rotor_tm_traj/lib/python3.10/site-packages/rotor_tm_traj/Optimization
[1.646s] copying /home/dhruv/RotorTM/build/rotor_tm_traj/build/lib/rotor_tm_traj/Optimization/allocate_time.py -> /home/dhruv/RotorTM/install/rotor_tm_traj/lib/python3.10/site-packages/rotor_tm_traj/Optimization
[1.646s] copying /home/dhruv/RotorTM/build/rotor_tm_traj/build/lib/rotor_tm_traj/Optimization/generate_corridor_constraint.py -> /home/dhruv/RotorTM/install/rotor_tm_traj/lib/python3.10/site-packages/rotor_tm_traj/Optimization
[1.646s] copying /home/dhruv/RotorTM/build/rotor_tm_traj/build/lib/rotor_tm_traj/Optimization/generate_path_with_time.py -> /home/dhruv/RotorTM/install/rotor_tm_traj/lib/python3.10/site-packages/rotor_tm_traj/Optimization
[1.646s] copying /home/dhruv/RotorTM/build/rotor_tm_traj/build/lib/rotor_tm_traj/Optimization/generate_constraint.py -> /home/dhruv/RotorTM/install/rotor_tm_traj/lib/python3.10/site-packages/rotor_tm_traj/Optimization
[1.646s] creating /home/dhruv/RotorTM/install/rotor_tm_traj/lib/python3.10/site-packages/rotor_tm_traj/Optimization/entire_path
[1.647s] copying /home/dhruv/RotorTM/build/rotor_tm_traj/build/lib/rotor_tm_traj/Optimization/entire_path/generate_polynomial_matrix.py -> /home/dhruv/RotorTM/install/rotor_tm_traj/lib/python3.10/site-packages/rotor_tm_traj/Optimization/entire_path
[1.647s] copying /home/dhruv/RotorTM/build/rotor_tm_traj/build/lib/rotor_tm_traj/Optimization/entire_path/__init__.py -> /home/dhruv/RotorTM/install/rotor_tm_traj/lib/python3.10/site-packages/rotor_tm_traj/Optimization/entire_path
[1.647s] copying /home/dhruv/RotorTM/build/rotor_tm_traj/build/lib/rotor_tm_traj/Optimization/entire_path/generate_poly_coeff.py -> /home/dhruv/RotorTM/install/rotor_tm_traj/lib/python3.10/site-packages/rotor_tm_traj/Optimization/entire_path
[1.647s] copying /home/dhruv/RotorTM/build/rotor_tm_traj/build/lib/rotor_tm_traj/Optimization/entire_path/generate_poly.py -> /home/dhruv/RotorTM/install/rotor_tm_traj/lib/python3.10/site-packages/rotor_tm_traj/Optimization/entire_path
[1.647s] copying /home/dhruv/RotorTM/build/rotor_tm_traj/build/lib/rotor_tm_traj/Optimization/entire_path/generate_H.py -> /home/dhruv/RotorTM/install/rotor_tm_traj/lib/python3.10/site-packages/rotor_tm_traj/Optimization/entire_path
[1.647s] copying /home/dhruv/RotorTM/build/rotor_tm_traj/build/lib/rotor_tm_traj/traj.py -> /home/dhruv/RotorTM/install/rotor_tm_traj/lib/python3.10/site-packages/rotor_tm_traj
[1.647s] copying /home/dhruv/RotorTM/build/rotor_tm_traj/build/lib/rotor_tm_traj/create_options.py -> /home/dhruv/RotorTM/install/rotor_tm_traj/lib/python3.10/site-packages/rotor_tm_traj
[1.647s] copying /home/dhruv/RotorTM/build/rotor_tm_traj/build/lib/rotor_tm_traj/map.py -> /home/dhruv/RotorTM/install/rotor_tm_traj/lib/python3.10/site-packages/rotor_tm_traj
[1.647s] byte-compiling /home/dhruv/RotorTM/install/rotor_tm_traj/lib/python3.10/site-packages/rotor_tm_traj/traj_node.py to traj_node.cpython-310.pyc
[1.647s] byte-compiling /home/dhruv/RotorTM/install/rotor_tm_traj/lib/python3.10/site-packages/rotor_tm_traj/__init__.py to __init__.cpython-310.pyc
[1.647s] byte-compiling /home/dhruv/RotorTM/install/rotor_tm_traj/lib/python3.10/site-packages/rotor_tm_traj/Optimization/__init__.py to __init__.cpython-310.pyc
[1.647s] byte-compiling /home/dhruv/RotorTM/install/rotor_tm_traj/lib/python3.10/site-packages/rotor_tm_traj/Optimization/generate_2pt_corridor_constraint.py to generate_2pt_corridor_constraint.cpython-310.pyc
[1.647s] byte-compiling /home/dhruv/RotorTM/install/rotor_tm_traj/lib/python3.10/site-packages/rotor_tm_traj/Optimization/optimize_traj.py to optimize_traj.cpython-310.pyc
[1.647s] byte-compiling /home/dhruv/RotorTM/install/rotor_tm_traj/lib/python3.10/site-packages/rotor_tm_traj/Optimization/allocate_time.py to allocate_time.cpython-310.pyc
[1.647s] byte-compiling /home/dhruv/RotorTM/install/rotor_tm_traj/lib/python3.10/site-packages/rotor_tm_traj/Optimization/generate_corridor_constraint.py to generate_corridor_constraint.cpython-310.pyc
[1.647s] byte-compiling /home/dhruv/RotorTM/install/rotor_tm_traj/lib/python3.10/site-packages/rotor_tm_traj/Optimization/generate_path_with_time.py to generate_path_with_time.cpython-310.pyc
[1.647s] byte-compiling /home/dhruv/RotorTM/install/rotor_tm_traj/lib/python3.10/site-packages/rotor_tm_traj/Optimization/generate_constraint.py to generate_constraint.cpython-310.pyc
[1.648s] byte-compiling /home/dhruv/RotorTM/install/rotor_tm_traj/lib/python3.10/site-packages/rotor_tm_traj/Optimization/entire_path/generate_polynomial_matrix.py to generate_polynomial_matrix.cpython-310.pyc
[1.648s] byte-compiling /home/dhruv/RotorTM/install/rotor_tm_traj/lib/python3.10/site-packages/rotor_tm_traj/Optimization/entire_path/__init__.py to __init__.cpython-310.pyc
[1.648s] byte-compiling /home/dhruv/RotorTM/install/rotor_tm_traj/lib/python3.10/site-packages/rotor_tm_traj/Optimization/entire_path/generate_poly_coeff.py to generate_poly_coeff.cpython-310.pyc
[1.648s] byte-compiling /home/dhruv/RotorTM/install/rotor_tm_traj/lib/python3.10/site-packages/rotor_tm_traj/Optimization/entire_path/generate_poly.py to generate_poly.cpython-310.pyc
[1.648s] byte-compiling /home/dhruv/RotorTM/install/rotor_tm_traj/lib/python3.10/site-packages/rotor_tm_traj/Optimization/entire_path/generate_H.py to generate_H.cpython-310.pyc
[1.648s] byte-compiling /home/dhruv/RotorTM/install/rotor_tm_traj/lib/python3.10/site-packages/rotor_tm_traj/traj.py to traj.cpython-310.pyc
[1.649s] byte-compiling /home/dhruv/RotorTM/install/rotor_tm_traj/lib/python3.10/site-packages/rotor_tm_traj/create_options.py to create_options.cpython-310.pyc
[1.649s] byte-compiling /home/dhruv/RotorTM/install/rotor_tm_traj/lib/python3.10/site-packages/rotor_tm_traj/map.py to map.cpython-310.pyc
[1.649s] running install_data
[1.650s] copying resource/rotor_tm_traj -> /home/dhruv/RotorTM/install/rotor_tm_traj/share/ament_index/resource_index/packages
[1.650s] copying package.xml -> /home/dhruv/RotorTM/install/rotor_tm_traj/share/rotor_tm_traj
[1.650s] running install_egg_info
[1.651s] Copying ../../build/rotor_tm_traj/rotor_tm_traj.egg-info to /home/dhruv/RotorTM/install/rotor_tm_traj/lib/python3.10/site-packages/rotor_tm_traj-0.0.0-py3.10.egg-info
[1.652s] running install_scripts
[1.666s] Installing traj_node script to /home/dhruv/RotorTM/install/rotor_tm_traj/lib/rotor_tm_traj
[1.667s] writing list of installed files to '/home/dhruv/RotorTM/build/rotor_tm_traj/install.log'
[1.694s] Invoked command in '/home/dhruv/RotorTM/src/rotor_tm_traj' returned '0': PYTHONPATH=/home/dhruv/RotorTM/build/rotor_tm_traj/prefix_override:/usr/lib/python3/dist-packages/colcon_core/task/python/colcon_distutils_commands:/home/dhruv/RotorTM/install/rotor_tm_traj/lib/python3.10/site-packages:${PYTHONPATH} /usr/bin/python3 -W ignore:setup.py install is deprecated -W ignore:easy_install command is deprecated setup.py egg_info --egg-base ../../build/rotor_tm_traj build --build-base /home/dhruv/RotorTM/build/rotor_tm_traj/build install --record /home/dhruv/RotorTM/build/rotor_tm_traj/install.log --single-version-externally-managed install_data --force
