[1.800s] Invoking command in '/home/swati/Quad_DR/RotorTM/src/payload_control': PYTHONPATH=/home/swati/Quad_DR/RotorTM/build/payload_control/prefix_override:/usr/lib/python3/dist-packages/colcon_core/task/python/colcon_distutils_commands:/home/swati/Quad_DR/RotorTM/install/payload_control/lib/python3.10/site-packages:${PYTHONPATH} /usr/bin/python3 -W ignore:setup.py install is deprecated setup.py egg_info --egg-base ../../build/payload_control build --build-base /home/swati/Quad_DR/RotorTM/build/payload_control/build install --record /home/swati/Quad_DR/RotorTM/build/payload_control/install.log --single-version-externally-managed install_data
[1.913s] /home/swati/.local/lib/python3.10/site-packages/setuptools/_distutils/dist.py:261: UserWarning: Unknown distribution option: 'tests_require'
[1.913s]   warnings.warn(msg)
[2.001s] running egg_info
[2.012s] writing ../../build/payload_control/payload_control.egg-info/PKG-INFO
[2.012s] writing dependency_links to ../../build/payload_control/payload_control.egg-info/dependency_links.txt
[2.013s] writing entry points to ../../build/payload_control/payload_control.egg-info/entry_points.txt
[2.013s] writing requirements to ../../build/payload_control/payload_control.egg-info/requires.txt
[2.013s] writing top-level names to ../../build/payload_control/payload_control.egg-info/top_level.txt
[2.047s] reading manifest file '../../build/payload_control/payload_control.egg-info/SOURCES.txt'
[2.047s] adding license file 'LICENSE'
[2.048s] writing manifest file '../../build/payload_control/payload_control.egg-info/SOURCES.txt'
[2.048s] running build
[2.048s] running build_py
[2.049s] copying payload_control/ros_controller.py -> /home/swati/Quad_DR/RotorTM/build/payload_control/build/lib/payload_control
[2.049s] copying payload_control/cost_functions.py -> /home/swati/Quad_DR/RotorTM/build/payload_control/build/lib/payload_control
[2.049s] copying payload_control/test_numpy.py -> /home/swati/Quad_DR/RotorTM/build/payload_control/build/lib/payload_control
[2.049s] copying payload_control/payload_controller.py -> /home/swati/Quad_DR/RotorTM/build/payload_control/build/lib/payload_control
[2.049s] copying payload_control/constraints.py -> /home/swati/Quad_DR/RotorTM/build/payload_control/build/lib/payload_control
[2.049s] copying payload_control/plotFcn.py -> /home/swati/Quad_DR/RotorTM/build/payload_control/build/lib/payload_control
[2.049s] copying payload_control/utils.py -> /home/swati/Quad_DR/RotorTM/build/payload_control/build/lib/payload_control
[2.049s] copying payload_control/test_control.py -> /home/swati/Quad_DR/RotorTM/build/payload_control/build/lib/payload_control
[2.049s] copying payload_control/time2spatial.py -> /home/swati/Quad_DR/RotorTM/build/payload_control/build/lib/payload_control
[2.049s] copying payload_control/__init__.py -> /home/swati/Quad_DR/RotorTM/build/payload_control/build/lib/payload_control
[2.050s] copying payload_control/payload_model.py -> /home/swati/Quad_DR/RotorTM/build/payload_control/build/lib/payload_control
[2.050s] copying payload_control/test_controller.py -> /home/swati/Quad_DR/RotorTM/build/payload_control/build/lib/payload_control
[2.050s] running install
[2.052s] running install_lib
[2.065s] running install_data
[2.065s] copying resource/payload_control -> /home/swati/Quad_DR/RotorTM/install/payload_control/share/ament_index/resource_index/packages
[2.065s] copying package.xml -> /home/swati/Quad_DR/RotorTM/install/payload_control/share/payload_control
[2.065s] running install_egg_info
[2.077s] removing '/home/swati/Quad_DR/RotorTM/install/payload_control/lib/python3.10/site-packages/payload_control-0.0.0-py3.10.egg-info' (and everything under it)
[2.077s] Copying ../../build/payload_control/payload_control.egg-info to /home/swati/Quad_DR/RotorTM/install/payload_control/lib/python3.10/site-packages/payload_control-0.0.0-py3.10.egg-info
[2.078s] running install_scripts
[2.175s] Installing ros_pynmpc_node script to /home/swati/Quad_DR/RotorTM/install/payload_control/lib/payload_control
[2.175s] writing list of installed files to '/home/swati/Quad_DR/RotorTM/build/payload_control/install.log'
[2.202s] Invoked command in '/home/swati/Quad_DR/RotorTM/src/payload_control' returned '0': PYTHONPATH=/home/swati/Quad_DR/RotorTM/build/payload_control/prefix_override:/usr/lib/python3/dist-packages/colcon_core/task/python/colcon_distutils_commands:/home/swati/Quad_DR/RotorTM/install/payload_control/lib/python3.10/site-packages:${PYTHONPATH} /usr/bin/python3 -W ignore:setup.py install is deprecated setup.py egg_info --egg-base ../../build/payload_control build --build-base /home/swati/Quad_DR/RotorTM/build/payload_control/build install --record /home/swati/Quad_DR/RotorTM/build/payload_control/install.log --single-version-externally-managed install_data
