[ 16%] [32mBuilding CXX object CMakeFiles/pl_nmpc_shared_lib.dir/src/pl_nmpc_controller_node.cpp.o[0m
[ 33%] [32mBuilding CXX object CMakeFiles/pl_nmpc_shared_lib.dir/src/nmpc_control.cpp.o[0m
[ 50%] [32m[1mLinking CXX shared library libpl_nmpc_shared_lib.so[0m
[ 66%] Built target pl_nmpc_shared_lib
[ 83%] [32mBuilding CXX object CMakeFiles/pl_nmpc_node.dir/src/pl_nmpc_controller_node.cpp.o[0m
[100%] [32m[1mLinking CXX executable pl_nmpc_node[0m
[100%] Built target pl_nmpc_node
-- Install configuration: ""
-- Up-to-date: /home/swati/Quad_DR/RotorTM/install/rotor_tm_plcontrol/lib/libacados_ocp_solver_payload_model.so
-- Up-to-date: /home/swati/Quad_DR/RotorTM/install/rotor_tm_plcontrol/share/rotor_tm_plcontrol/environment/library_path.sh
-- Up-to-date: /home/swati/Quad_DR/RotorTM/install/rotor_tm_plcontrol/share/rotor_tm_plcontrol/environment/library_path.dsv
-- Installing: /home/swati/Quad_DR/RotorTM/install/rotor_tm_plcontrol/lib/rotor_tm_plcontrol/pl_nmpc_node
-- Set non-toolchain portion of runtime path of "/home/swati/Quad_DR/RotorTM/install/rotor_tm_plcontrol/lib/rotor_tm_plcontrol/pl_nmpc_node" to ""
-- Installing: /home/swati/Quad_DR/RotorTM/install/rotor_tm_plcontrol/lib/libpl_nmpc_shared_lib.so
-- Set non-toolchain portion of runtime path of "/home/swati/Quad_DR/RotorTM/install/rotor_tm_plcontrol/lib/libpl_nmpc_shared_lib.so" to ""
-- Up-to-date: /home/swati/Quad_DR/RotorTM/install/rotor_tm_plcontrol/include/
-- Up-to-date: /home/swati/Quad_DR/RotorTM/install/rotor_tm_plcontrol/include//rotor_tm_plcontrol
-- Up-to-date: /home/swati/Quad_DR/RotorTM/install/rotor_tm_plcontrol/include//rotor_tm_plcontrol/acados_solver_payload_model.h
-- Up-to-date: /home/swati/Quad_DR/RotorTM/install/rotor_tm_plcontrol/include//rotor_tm_plcontrol/payload_model_model.h
-- Up-to-date: /home/swati/Quad_DR/RotorTM/install/rotor_tm_plcontrol/include//rotor_tm_plcontrol/nmpc_control.h
-- Up-to-date: /home/swati/Quad_DR/RotorTM/install/rotor_tm_plcontrol/include//rotor_tm_plcontrol/wrapper.h
-- Up-to-date: /home/swati/Quad_DR/RotorTM/install/rotor_tm_plcontrol/share/ament_index/resource_index/package_run_dependencies/rotor_tm_plcontrol
-- Up-to-date: /home/swati/Quad_DR/RotorTM/install/rotor_tm_plcontrol/share/ament_index/resource_index/parent_prefix_path/rotor_tm_plcontrol
-- Up-to-date: /home/swati/Quad_DR/RotorTM/install/rotor_tm_plcontrol/share/rotor_tm_plcontrol/environment/ament_prefix_path.sh
-- Up-to-date: /home/swati/Quad_DR/RotorTM/install/rotor_tm_plcontrol/share/rotor_tm_plcontrol/environment/ament_prefix_path.dsv
-- Up-to-date: /home/swati/Quad_DR/RotorTM/install/rotor_tm_plcontrol/share/rotor_tm_plcontrol/environment/path.sh
-- Up-to-date: /home/swati/Quad_DR/RotorTM/install/rotor_tm_plcontrol/share/rotor_tm_plcontrol/environment/path.dsv
-- Up-to-date: /home/swati/Quad_DR/RotorTM/install/rotor_tm_plcontrol/share/rotor_tm_plcontrol/local_setup.bash
-- Up-to-date: /home/swati/Quad_DR/RotorTM/install/rotor_tm_plcontrol/share/rotor_tm_plcontrol/local_setup.sh
-- Up-to-date: /home/swati/Quad_DR/RotorTM/install/rotor_tm_plcontrol/share/rotor_tm_plcontrol/local_setup.zsh
-- Up-to-date: /home/swati/Quad_DR/RotorTM/install/rotor_tm_plcontrol/share/rotor_tm_plcontrol/local_setup.dsv
-- Installing: /home/swati/Quad_DR/RotorTM/install/rotor_tm_plcontrol/share/rotor_tm_plcontrol/package.dsv
-- Up-to-date: /home/swati/Quad_DR/RotorTM/install/rotor_tm_plcontrol/share/ament_index/resource_index/packages/rotor_tm_plcontrol
-- Up-to-date: /home/swati/Quad_DR/RotorTM/install/rotor_tm_plcontrol/share/ament_index/resource_index/rclcpp_components/rotor_tm_plcontrol
-- Up-to-date: /home/swati/Quad_DR/RotorTM/install/rotor_tm_plcontrol/share/rotor_tm_plcontrol/cmake/ament_cmake_export_libraries-extras.cmake
-- Up-to-date: /home/swati/Quad_DR/RotorTM/install/rotor_tm_plcontrol/share/rotor_tm_plcontrol/cmake/ament_cmake_export_dependencies-extras.cmake
-- Up-to-date: /home/swati/Quad_DR/RotorTM/install/rotor_tm_plcontrol/share/rotor_tm_plcontrol/cmake/rotor_tm_plcontrolConfig.cmake
-- Up-to-date: /home/swati/Quad_DR/RotorTM/install/rotor_tm_plcontrol/share/rotor_tm_plcontrol/cmake/rotor_tm_plcontrolConfig-version.cmake
-- Up-to-date: /home/swati/Quad_DR/RotorTM/install/rotor_tm_plcontrol/share/rotor_tm_plcontrol/package.xml
