/home/dhruv/RotorTM/install/rotor_tm_config/lib/python3.10/site-packages/rotor_tm_config/__init__.py
/home/dhruv/RotorTM/install/rotor_tm_config/lib/python3.10/site-packages/rotor_tm_config/__pycache__/__init__.cpython-310.pyc
/home/dhruv/RotorTM/install/rotor_tm_config/share/ament_index/resource_index/packages/rotor_tm_config
/home/dhruv/RotorTM/install/rotor_tm_config/share/rotor_tm_config/package.xml
/home/dhruv/RotorTM/install/rotor_tm_config/share/rotor_tm_config/config/1_robot_point_mass_0-5m.yaml
/home/dhruv/RotorTM/install/rotor_tm_config/share/rotor_tm_config/config/cable/2_robots_long_bar_payload_0-5m.yaml
/home/dhruv/RotorTM/install/rotor_tm_config/share/rotor_tm_config/config/cable/6_robots_fedex_box_0_5m.yaml
/home/dhruv/RotorTM/install/rotor_tm_config/share/rotor_tm_config/config/cable/3_robots_triangular_payload_0-5m.yaml
/home/dhruv/RotorTM/install/rotor_tm_config/share/rotor_tm_config/config/cable/3_robots_triangular_payload_1m_bullnose_dragonfly.yaml
/home/dhruv/RotorTM/install/rotor_tm_config/share/rotor_tm_config/config/cable/1_robot_point_mass_0-5m.yaml
/home/dhruv/RotorTM/install/rotor_tm_config/share/rotor_tm_config/config/cable/4_robots_fedex_box_0_5m.yaml
/home/dhruv/RotorTM/install/rotor_tm_config/share/rotor_tm_config/config/cable/3_robots_triangular_payload_1m.yaml
/home/dhruv/RotorTM/install/rotor_tm_config/share/rotor_tm_config/config/cable/3_robots_triangular_payload_1m_different_robots_dynamics.yaml
/home/dhruv/RotorTM/install/rotor_tm_config/share/rotor_tm_config/config/cable/3_robots_triangular_payload_1-2m_1m_0-8m_different_cable_length.yaml
/home/dhruv/RotorTM/install/rotor_tm_config/share/rotor_tm_config/config/cable/3_robots_triangular_payload_1m_0-5m_different_cable_length.yaml
/home/dhruv/RotorTM/install/rotor_tm_config/share/rotor_tm_config/config/load_params/pointmass_payload.yaml
/home/dhruv/RotorTM/install/rotor_tm_config/share/rotor_tm_config/config/load_params/fedex_box_payload.yaml
/home/dhruv/RotorTM/install/rotor_tm_config/share/rotor_tm_config/config/load_params/triangular_payload.yaml
/home/dhruv/RotorTM/install/rotor_tm_config/share/rotor_tm_config/config/load_params/long_bar_wood_payload.yaml
/home/dhruv/RotorTM/install/rotor_tm_config/share/rotor_tm_config/config/initial_condition/3_robots_triangular_payload_initial_condition.yaml
/home/dhruv/RotorTM/install/rotor_tm_config/share/rotor_tm_config/config/initial_condition/singlequad_ptmass_initial_condition.yaml
/home/dhruv/RotorTM/install/rotor_tm_config/share/rotor_tm_config/config/initial_condition/6_robots_fedexbox_initial_condition.yaml
/home/dhruv/RotorTM/install/rotor_tm_config/share/rotor_tm_config/config/attach_mechanism/cable/2_robots_long_bar_payload_0-5m.yaml
/home/dhruv/RotorTM/install/rotor_tm_config/share/rotor_tm_config/config/attach_mechanism/cable/6_robots_fedex_box_0_5m.yaml
/home/dhruv/RotorTM/install/rotor_tm_config/share/rotor_tm_config/config/attach_mechanism/cable/3_robots_triangular_payload_0-5m.yaml
/home/dhruv/RotorTM/install/rotor_tm_config/share/rotor_tm_config/config/attach_mechanism/cable/3_robots_triangular_payload_1m_bullnose_dragonfly.yaml
/home/dhruv/RotorTM/install/rotor_tm_config/share/rotor_tm_config/config/attach_mechanism/cable/1_robot_point_mass_0-5m.yaml
/home/dhruv/RotorTM/install/rotor_tm_config/share/rotor_tm_config/config/attach_mechanism/cable/4_robots_fedex_box_0_5m.yaml
/home/dhruv/RotorTM/install/rotor_tm_config/share/rotor_tm_config/config/attach_mechanism/cable/3_robots_triangular_payload_1m.yaml
/home/dhruv/RotorTM/install/rotor_tm_config/share/rotor_tm_config/config/attach_mechanism/cable/3_robots_triangular_payload_1m_different_robots_dynamics.yaml
/home/dhruv/RotorTM/install/rotor_tm_config/share/rotor_tm_config/config/attach_mechanism/cable/3_robots_triangular_payload_1-2m_1m_0-8m_different_cable_length.yaml
/home/dhruv/RotorTM/install/rotor_tm_config/share/rotor_tm_config/config/attach_mechanism/cable/3_robots_triangular_payload_1m_0-5m_different_cable_length.yaml
/home/dhruv/RotorTM/install/rotor_tm_config/share/rotor_tm_config/config/attach_mechanism/rigid_link/2_robots_long_bar.yaml
/home/dhruv/RotorTM/install/rotor_tm_config/share/rotor_tm_config/config/attach_mechanism/rigid_link/5_robots_triangular_payload.yaml
/home/dhruv/RotorTM/install/rotor_tm_config/share/rotor_tm_config/config/attach_mechanism/rigid_link/3_robots_triangular_payload.yaml
/home/dhruv/RotorTM/install/rotor_tm_config/share/rotor_tm_config/config/attach_mechanism/rigid_link/3_hetereogeneous_robots_triangular_payload.yaml
/home/dhruv/RotorTM/install/rotor_tm_config/share/rotor_tm_config/config/uav_params/hummingbird.yaml
/home/dhruv/RotorTM/install/rotor_tm_config/share/rotor_tm_config/config/uav_params/snapdragonfly_bullnose_prop.yaml
/home/dhruv/RotorTM/install/rotor_tm_config/share/rotor_tm_config/config/uav_params/race.yaml
/home/dhruv/RotorTM/install/rotor_tm_config/share/rotor_tm_config/config/uav_params/snapdragonfly.yaml
/home/dhruv/RotorTM/install/rotor_tm_config/share/rotor_tm_config/config/control_params/triangular_payload_cooperative_rigidlink_gains.yaml
/home/dhruv/RotorTM/install/rotor_tm_config/share/rotor_tm_config/config/control_params/snapdragonfly_bullnose_prop_control_gains.yaml
/home/dhruv/RotorTM/install/rotor_tm_config/share/rotor_tm_config/config/control_params/payload_nmpc_params.yaml
/home/dhruv/RotorTM/install/rotor_tm_config/share/rotor_tm_config/config/control_params/pointmass_cable_gains.yaml
/home/dhruv/RotorTM/install/rotor_tm_config/share/rotor_tm_config/config/control_params/long_bar_payload_cooperative_cable_gains.yaml
/home/dhruv/RotorTM/install/rotor_tm_config/share/rotor_tm_config/config/control_params/race_control_gains.yaml
/home/dhruv/RotorTM/install/rotor_tm_config/share/rotor_tm_config/config/control_params/hummingbird_control_gains.yaml
/home/dhruv/RotorTM/install/rotor_tm_config/share/rotor_tm_config/config/control_params/snapdragonfly_control_gains.yaml
/home/dhruv/RotorTM/install/rotor_tm_config/share/rotor_tm_config/config/control_params/triangular_payload_cooperative_cable_gains.yaml
/home/dhruv/RotorTM/install/rotor_tm_config/lib/python3.10/site-packages/rotor_tm_config-0.0.0-py3.10.egg-info/top_level.txt
/home/dhruv/RotorTM/install/rotor_tm_config/lib/python3.10/site-packages/rotor_tm_config-0.0.0-py3.10.egg-info/PKG-INFO
/home/dhruv/RotorTM/install/rotor_tm_config/lib/python3.10/site-packages/rotor_tm_config-0.0.0-py3.10.egg-info/requires.txt
/home/dhruv/RotorTM/install/rotor_tm_config/lib/python3.10/site-packages/rotor_tm_config-0.0.0-py3.10.egg-info/zip-safe
/home/dhruv/RotorTM/install/rotor_tm_config/lib/python3.10/site-packages/rotor_tm_config-0.0.0-py3.10.egg-info/entry_points.txt
/home/dhruv/RotorTM/install/rotor_tm_config/lib/python3.10/site-packages/rotor_tm_config-0.0.0-py3.10.egg-info/SOURCES.txt
/home/dhruv/RotorTM/install/rotor_tm_config/lib/python3.10/site-packages/rotor_tm_config-0.0.0-py3.10.egg-info/dependency_links.txt
