running develop
running egg_info
creating rotor_tm_utils.egg-info
writing rotor_tm_utils.egg-info/PKG-INFO
writing dependency_links to rotor_tm_utils.egg-info/dependency_links.txt
writing entry points to rotor_tm_utils.egg-info/entry_points.txt
writing requirements to rotor_tm_utils.egg-info/requires.txt
writing top-level names to rotor_tm_utils.egg-info/top_level.txt
writing manifest file 'rotor_tm_utils.egg-info/SOURCES.txt'
reading manifest file 'rotor_tm_utils.egg-info/SOURCES.txt'
writing manifest file 'rotor_tm_utils.egg-info/SOURCES.txt'
running build_ext
Creating /home/dhruv/RotorTM/install/rotor_tm_utils/lib/python3.10/site-packages/rotor-tm-utils.egg-link (link to .)

Installed /home/dhruv/RotorTM/build/rotor_tm_utils
running symlink_data
creating /home/dhruv/RotorTM/install/rotor_tm_utils/share/ament_index
creating /home/dhruv/RotorTM/install/rotor_tm_utils/share/ament_index/resource_index
creating /home/dhruv/RotorTM/install/rotor_tm_utils/share/ament_index/resource_index/packages
symbolically linking /home/dhruv/RotorTM/build/rotor_tm_utils/resource/rotor_tm_utils -> /home/dhruv/RotorTM/install/rotor_tm_utils/share/ament_index/resource_index/packages
symbolically linking /home/dhruv/RotorTM/build/rotor_tm_utils/package.xml -> /home/dhruv/RotorTM/install/rotor_tm_utils/share/rotor_tm_utils
