[0.891s] Invoking command in '/home/swati/Quad_DR/ros2_ws/src/rotor_tm_keyboard2wrench': PYTHONPATH=/home/swati/Quad_DR/ros2_ws/build/rotor_tm_keyboard2wrench/prefix_override:/usr/lib/python3/dist-packages/colcon_core/task/python/colcon_distutils_commands:/home/swati/Quad_DR/ros2_ws/install/rotor_tm_keyboard2wrench/lib/python3.10/site-packages:${PYTHONPATH} /usr/bin/python3 -W ignore:setup.py install is deprecated setup.py egg_info --egg-base ../../build/rotor_tm_keyboard2wrench build --build-base /home/swati/Quad_DR/ros2_ws/build/rotor_tm_keyboard2wrench/build install --record /home/swati/Quad_DR/ros2_ws/build/rotor_tm_keyboard2wrench/install.log --single-version-externally-managed install_data
[0.990s] /home/swati/.local/lib/python3.10/site-packages/setuptools/_distutils/dist.py:261: UserWarning: Unknown distribution option: 'tests_require'
[0.991s]   warnings.warn(msg)
[1.045s] running egg_info
[1.053s] creating ../../build/rotor_tm_keyboard2wrench/rotor_tm_keyboard2wrench.egg-info
[1.053s] writing ../../build/rotor_tm_keyboard2wrench/rotor_tm_keyboard2wrench.egg-info/PKG-INFO
[1.054s] writing dependency_links to ../../build/rotor_tm_keyboard2wrench/rotor_tm_keyboard2wrench.egg-info/dependency_links.txt
[1.054s] writing requirements to ../../build/rotor_tm_keyboard2wrench/rotor_tm_keyboard2wrench.egg-info/requires.txt
[1.054s] writing top-level names to ../../build/rotor_tm_keyboard2wrench/rotor_tm_keyboard2wrench.egg-info/top_level.txt
[1.054s] writing manifest file '../../build/rotor_tm_keyboard2wrench/rotor_tm_keyboard2wrench.egg-info/SOURCES.txt'
[1.072s] reading manifest file '../../build/rotor_tm_keyboard2wrench/rotor_tm_keyboard2wrench.egg-info/SOURCES.txt'
[1.072s] adding license file 'LICENSE'
[1.073s] writing manifest file '../../build/rotor_tm_keyboard2wrench/rotor_tm_keyboard2wrench.egg-info/SOURCES.txt'
[1.073s] running build
[1.073s] running build_py
[1.073s] creating /home/swati/Quad_DR/ros2_ws/build/rotor_tm_keyboard2wrench/build/lib/rotor_tm_keyboard2wrench
[1.073s] copying rotor_tm_keyboard2wrench/ext_wrench_sub.py -> /home/swati/Quad_DR/ros2_ws/build/rotor_tm_keyboard2wrench/build/lib/rotor_tm_keyboard2wrench
[1.073s] copying rotor_tm_keyboard2wrench/__init__.py -> /home/swati/Quad_DR/ros2_ws/build/rotor_tm_keyboard2wrench/build/lib/rotor_tm_keyboard2wrench
[1.074s] copying rotor_tm_keyboard2wrench/keyboard2wrench.py -> /home/swati/Quad_DR/ros2_ws/build/rotor_tm_keyboard2wrench/build/lib/rotor_tm_keyboard2wrench
[1.074s] running install
[1.077s] running install_lib
[1.086s] creating /home/swati/Quad_DR/ros2_ws/install/rotor_tm_keyboard2wrench/lib/python3.10/site-packages/rotor_tm_keyboard2wrench
[1.086s] copying /home/swati/Quad_DR/ros2_ws/build/rotor_tm_keyboard2wrench/build/lib/rotor_tm_keyboard2wrench/ext_wrench_sub.py -> /home/swati/Quad_DR/ros2_ws/install/rotor_tm_keyboard2wrench/lib/python3.10/site-packages/rotor_tm_keyboard2wrench
[1.086s] copying /home/swati/Quad_DR/ros2_ws/build/rotor_tm_keyboard2wrench/build/lib/rotor_tm_keyboard2wrench/__init__.py -> /home/swati/Quad_DR/ros2_ws/install/rotor_tm_keyboard2wrench/lib/python3.10/site-packages/rotor_tm_keyboard2wrench
[1.086s] copying /home/swati/Quad_DR/ros2_ws/build/rotor_tm_keyboard2wrench/build/lib/rotor_tm_keyboard2wrench/keyboard2wrench.py -> /home/swati/Quad_DR/ros2_ws/install/rotor_tm_keyboard2wrench/lib/python3.10/site-packages/rotor_tm_keyboard2wrench
[1.086s] byte-compiling /home/swati/Quad_DR/ros2_ws/install/rotor_tm_keyboard2wrench/lib/python3.10/site-packages/rotor_tm_keyboard2wrench/ext_wrench_sub.py to ext_wrench_sub.cpython-310.pyc
[1.086s] byte-compiling /home/swati/Quad_DR/ros2_ws/install/rotor_tm_keyboard2wrench/lib/python3.10/site-packages/rotor_tm_keyboard2wrench/__init__.py to __init__.cpython-310.pyc
[1.086s] byte-compiling /home/swati/Quad_DR/ros2_ws/install/rotor_tm_keyboard2wrench/lib/python3.10/site-packages/rotor_tm_keyboard2wrench/keyboard2wrench.py to keyboard2wrench.cpython-310.pyc
[1.088s] running install_data
[1.088s] creating /home/swati/Quad_DR/ros2_ws/install/rotor_tm_keyboard2wrench/share/ament_index/resource_index/packages
[1.088s] copying resource/rotor_tm_keyboard2wrench -> /home/swati/Quad_DR/ros2_ws/install/rotor_tm_keyboard2wrench/share/ament_index/resource_index/packages
[1.088s] copying package.xml -> /home/swati/Quad_DR/ros2_ws/install/rotor_tm_keyboard2wrench/share/rotor_tm_keyboard2wrench
[1.088s] running install_egg_info
[1.098s] Copying ../../build/rotor_tm_keyboard2wrench/rotor_tm_keyboard2wrench.egg-info to /home/swati/Quad_DR/ros2_ws/install/rotor_tm_keyboard2wrench/lib/python3.10/site-packages/rotor_tm_keyboard2wrench-0.0.0-py3.10.egg-info
[1.098s] running install_scripts
[1.175s] writing list of installed files to '/home/swati/Quad_DR/ros2_ws/build/rotor_tm_keyboard2wrench/install.log'
[1.203s] Invoked command in '/home/swati/Quad_DR/ros2_ws/src/rotor_tm_keyboard2wrench' returned '0': PYTHONPATH=/home/swati/Quad_DR/ros2_ws/build/rotor_tm_keyboard2wrench/prefix_override:/usr/lib/python3/dist-packages/colcon_core/task/python/colcon_distutils_commands:/home/swati/Quad_DR/ros2_ws/install/rotor_tm_keyboard2wrench/lib/python3.10/site-packages:${PYTHONPATH} /usr/bin/python3 -W ignore:setup.py install is deprecated setup.py egg_info --egg-base ../../build/rotor_tm_keyboard2wrench build --build-base /home/swati/Quad_DR/ros2_ws/build/rotor_tm_keyboard2wrench/build install --record /home/swati/Quad_DR/ros2_ws/build/rotor_tm_keyboard2wrench/install.log --single-version-externally-managed install_data
