[1.350s] Invoking command in '/home/swati/Quad_DR/RotorTM/src/rotor_tm_config': PS1=(mpcenv) \[\e]0;\u@\h: \w\a\]${debian_chroot:+($debian_chroot)}\[\033[01;32m\]\u@\h\[\033[00m\]:\[\033[01;34m\]\w\[\033[00m\]\$ PYTHONPATH=/home/swati/Quad_DR/RotorTM/build/rotor_tm_config/prefix_override:/usr/lib/python3/dist-packages/colcon_core/task/python/colcon_distutils_commands:/home/swati/Quad_DR/RotorTM/install/rotor_tm_config/lib/python3.10/site-packages:${PYTHONPATH} /usr/bin/python3 -W ignore:setup.py install is deprecated setup.py egg_info --egg-base ../../build/rotor_tm_config build --build-base /home/swati/Quad_DR/RotorTM/build/rotor_tm_config/build install --record /home/swati/Quad_DR/RotorTM/build/rotor_tm_config/install.log --single-version-externally-managed install_data
[1.460s] /home/swati/.local/lib/python3.10/site-packages/setuptools/_distutils/dist.py:261: UserWarning: Unknown distribution option: 'tests_require'
[1.460s]   warnings.warn(msg)
[1.544s] running egg_info
[1.555s] writing ../../build/rotor_tm_config/rotor_tm_config.egg-info/PKG-INFO
[1.555s] writing dependency_links to ../../build/rotor_tm_config/rotor_tm_config.egg-info/dependency_links.txt
[1.555s] writing requirements to ../../build/rotor_tm_config/rotor_tm_config.egg-info/requires.txt
[1.555s] writing top-level names to ../../build/rotor_tm_config/rotor_tm_config.egg-info/top_level.txt
[1.589s] reading manifest file '../../build/rotor_tm_config/rotor_tm_config.egg-info/SOURCES.txt'
[1.589s] adding license file 'LICENSE'
[1.590s] writing manifest file '../../build/rotor_tm_config/rotor_tm_config.egg-info/SOURCES.txt'
[1.590s] running build
[1.590s] running build_py
[1.590s] copying rotor_tm_config/__init__.py -> /home/swati/Quad_DR/RotorTM/build/rotor_tm_config/build/lib/rotor_tm_config
[1.591s] running install
[1.594s] running install_lib
[1.606s] running install_data
[1.606s] copying resource/rotor_tm_config -> /home/swati/Quad_DR/RotorTM/install/rotor_tm_config/share/ament_index/resource_index/packages
[1.606s] copying package.xml -> /home/swati/Quad_DR/RotorTM/install/rotor_tm_config/share/rotor_tm_config
[1.606s] copying config/main_config.yaml -> /home/swati/Quad_DR/RotorTM/install/rotor_tm_config/share/rotor_tm_config/config
[1.606s] copying config/1_robot_point_mass_0-5m.yaml -> /home/swati/Quad_DR/RotorTM/install/rotor_tm_config/share/rotor_tm_config/config
[1.607s] copying config/load_params/pointmass_payload.yaml -> /home/swati/Quad_DR/RotorTM/install/rotor_tm_config/share/rotor_tm_config/config/load_params
[1.607s] copying config/load_params/triangular_payload.yaml -> /home/swati/Quad_DR/RotorTM/install/rotor_tm_config/share/rotor_tm_config/config/load_params
[1.607s] copying config/load_params/long_bar_wood_payload.yaml -> /home/swati/Quad_DR/RotorTM/install/rotor_tm_config/share/rotor_tm_config/config/load_params
[1.607s] copying config/load_params/fedex_box_payload.yaml -> /home/swati/Quad_DR/RotorTM/install/rotor_tm_config/share/rotor_tm_config/config/load_params
[1.608s] copying config/control_params/snapdragonfly_control_gains.yaml -> /home/swati/Quad_DR/RotorTM/install/rotor_tm_config/share/rotor_tm_config/config/control_params
[1.608s] copying config/control_params/payload_nmpc_params.yaml -> /home/swati/Quad_DR/RotorTM/install/rotor_tm_config/share/rotor_tm_config/config/control_params
[1.608s] copying config/cable/3_robots_triangular_payload_1m_bullnose_dragonfly.yaml -> /home/swati/Quad_DR/RotorTM/install/rotor_tm_config/share/rotor_tm_config/config/cable
[1.608s] copying config/cable/2_robots_long_bar_payload_0-5m.yaml -> /home/swati/Quad_DR/RotorTM/install/rotor_tm_config/share/rotor_tm_config/config/cable
[1.608s] copying config/cable/3_robots_triangular_payload_1m_0-5m_different_cable_length.yaml -> /home/swati/Quad_DR/RotorTM/install/rotor_tm_config/share/rotor_tm_config/config/cable
[1.608s] copying config/cable/1_robot_point_mass_0-5m.yaml -> /home/swati/Quad_DR/RotorTM/install/rotor_tm_config/share/rotor_tm_config/config/cable
[1.608s] copying config/cable/3_robots_triangular_payload_1m.yaml -> /home/swati/Quad_DR/RotorTM/install/rotor_tm_config/share/rotor_tm_config/config/cable
[1.608s] copying config/cable/3_robots_triangular_payload_1-2m_1m_0-8m_different_cable_length.yaml -> /home/swati/Quad_DR/RotorTM/install/rotor_tm_config/share/rotor_tm_config/config/cable
[1.609s] copying config/cable/6_robots_fedex_box_0_5m.yaml -> /home/swati/Quad_DR/RotorTM/install/rotor_tm_config/share/rotor_tm_config/config/cable
[1.609s] copying config/cable/3_robots_triangular_payload_1m_different_robots_dynamics.yaml -> /home/swati/Quad_DR/RotorTM/install/rotor_tm_config/share/rotor_tm_config/config/cable
[1.609s] copying config/cable/3_robots_triangular_payload_0-5m.yaml -> /home/swati/Quad_DR/RotorTM/install/rotor_tm_config/share/rotor_tm_config/config/cable
[1.609s] copying config/cable/4_robots_fedex_box_0_5m.yaml -> /home/swati/Quad_DR/RotorTM/install/rotor_tm_config/share/rotor_tm_config/config/cable
[1.609s] copying config/uav_params/hummingbird.yaml -> /home/swati/Quad_DR/RotorTM/install/rotor_tm_config/share/rotor_tm_config/config/uav_params
[1.609s] copying config/uav_params/race.yaml -> /home/swati/Quad_DR/RotorTM/install/rotor_tm_config/share/rotor_tm_config/config/uav_params
[1.609s] copying config/uav_params/snapdragonfly.yaml -> /home/swati/Quad_DR/RotorTM/install/rotor_tm_config/share/rotor_tm_config/config/uav_params
[1.609s] copying config/uav_params/snapdragonfly_bullnose_prop.yaml -> /home/swati/Quad_DR/RotorTM/install/rotor_tm_config/share/rotor_tm_config/config/uav_params
[1.609s] running install_egg_info
[1.621s] removing '/home/swati/Quad_DR/RotorTM/install/rotor_tm_config/lib/python3.10/site-packages/rotor_tm_config-0.0.0-py3.10.egg-info' (and everything under it)
[1.621s] Copying ../../build/rotor_tm_config/rotor_tm_config.egg-info to /home/swati/Quad_DR/RotorTM/install/rotor_tm_config/lib/python3.10/site-packages/rotor_tm_config-0.0.0-py3.10.egg-info
[1.621s] running install_scripts
[1.709s] writing list of installed files to '/home/swati/Quad_DR/RotorTM/build/rotor_tm_config/install.log'
[1.744s] Invoked command in '/home/swati/Quad_DR/RotorTM/src/rotor_tm_config' returned '0': PS1=(mpcenv) \[\e]0;\u@\h: \w\a\]${debian_chroot:+($debian_chroot)}\[\033[01;32m\]\u@\h\[\033[00m\]:\[\033[01;34m\]\w\[\033[00m\]\$ PYTHONPATH=/home/swati/Quad_DR/RotorTM/build/rotor_tm_config/prefix_override:/usr/lib/python3/dist-packages/colcon_core/task/python/colcon_distutils_commands:/home/swati/Quad_DR/RotorTM/install/rotor_tm_config/lib/python3.10/site-packages:${PYTHONPATH} /usr/bin/python3 -W ignore:setup.py install is deprecated setup.py egg_info --egg-base ../../build/rotor_tm_config build --build-base /home/swati/Quad_DR/RotorTM/build/rotor_tm_config/build install --record /home/swati/Quad_DR/RotorTM/build/rotor_tm_config/install.log --single-version-externally-managed install_data
