[0.076s] DEBUG:colcon:Command line arguments: ['/usr/bin/colcon', 'build']
[0.076s] DEBUG:colcon:Parsed command line arguments: Namespace(log_base=None, log_level=None, verb_name='build', build_base='build', install_base='install', merge_install=False, symlink_install=False, test_result_base=None, continue_on_error=False, executor='parallel', parallel_workers=20, event_handlers=None, ignore_user_meta=False, metas=['./colcon.meta'], base_paths=['.'], packages_ignore=None, packages_ignore_regex=None, paths=None, packages_up_to=None, packages_up_to_regex=None, packages_above=None, packages_above_and_dependencies=None, packages_above_depth=None, packages_select_by_dep=None, packages_skip_by_dep=None, packages_skip_up_to=None, packages_select_build_failed=False, packages_skip_build_finished=False, packages_select_test_failures=False, packages_skip_test_passed=False, packages_select=None, packages_skip=None, packages_select_regex=None, packages_skip_regex=None, packages_start=None, packages_end=None, allow_overriding=[], cmake_args=None, cmake_target=None, cmake_target_skip_unavailable=False, cmake_clean_cache=False, cmake_clean_first=False, cmake_force_configure=False, ament_cmake_args=None, catkin_cmake_args=None, catkin_skip_building_tests=False, mixin_files=None, mixin=None, verb_parser=<colcon_mixin.mixin.mixin_argument.MixinArgumentDecorator object at 0x7b885c378520>, verb_extension=<colcon_core.verb.build.BuildVerb object at 0x7b885c347f40>, main=<bound method BuildVerb.main of <colcon_core.verb.build.BuildVerb object at 0x7b885c347f40>>, mixin_verb=('build',))
[0.101s] Level 1:colcon.colcon_core.package_discovery:discover_packages(colcon_meta) check parameters
[0.101s] Level 1:colcon.colcon_core.package_discovery:discover_packages(recursive) check parameters
[0.101s] Level 1:colcon.colcon_core.package_discovery:discover_packages(ignore) check parameters
[0.101s] Level 1:colcon.colcon_core.package_discovery:discover_packages(path) check parameters
[0.101s] Level 1:colcon.colcon_core.package_discovery:discover_packages(colcon_meta) discover
[0.101s] Level 1:colcon.colcon_core.package_discovery:discover_packages(recursive) discover
[0.101s] INFO:colcon.colcon_core.package_discovery:Crawling recursively for packages in '/home/swati/Quad_DR/ros2_ws'
[0.101s] Level 1:colcon.colcon_core.package_identification:_identify(.) by extensions ['ignore', 'ignore_ament_install']
[0.101s] Level 1:colcon.colcon_core.package_identification:_identify(.) by extension 'ignore'
[0.101s] Level 1:colcon.colcon_core.package_identification:_identify(.) by extension 'ignore_ament_install'
[0.101s] Level 1:colcon.colcon_core.package_identification:_identify(.) by extensions ['colcon_pkg']
[0.101s] Level 1:colcon.colcon_core.package_identification:_identify(.) by extension 'colcon_pkg'
[0.101s] Level 1:colcon.colcon_core.package_identification:_identify(.) by extensions ['colcon_meta']
[0.101s] Level 1:colcon.colcon_core.package_identification:_identify(.) by extension 'colcon_meta'
[0.101s] Level 1:colcon.colcon_core.package_identification:_identify(.) by extensions ['ros']
[0.101s] Level 1:colcon.colcon_core.package_identification:_identify(.) by extension 'ros'
[0.111s] Level 1:colcon.colcon_core.package_identification:_identify(.) by extensions ['cmake', 'python']
[0.111s] Level 1:colcon.colcon_core.package_identification:_identify(.) by extension 'cmake'
[0.111s] Level 1:colcon.colcon_core.package_identification:_identify(.) by extension 'python'
[0.111s] Level 1:colcon.colcon_core.package_identification:_identify(.) by extensions ['python_setup_py']
[0.111s] Level 1:colcon.colcon_core.package_identification:_identify(.) by extension 'python_setup_py'
[0.111s] Level 1:colcon.colcon_core.package_identification:_identify(build) by extensions ['ignore', 'ignore_ament_install']
[0.111s] Level 1:colcon.colcon_core.package_identification:_identify(build) by extension 'ignore'
[0.111s] Level 1:colcon.colcon_core.package_identification:_identify(build) ignored
[0.112s] Level 1:colcon.colcon_core.package_identification:_identify(install) by extensions ['ignore', 'ignore_ament_install']
[0.112s] Level 1:colcon.colcon_core.package_identification:_identify(install) by extension 'ignore'
[0.112s] Level 1:colcon.colcon_core.package_identification:_identify(install) ignored
[0.112s] Level 1:colcon.colcon_core.package_identification:_identify(log) by extensions ['ignore', 'ignore_ament_install']
[0.112s] Level 1:colcon.colcon_core.package_identification:_identify(log) by extension 'ignore'
[0.112s] Level 1:colcon.colcon_core.package_identification:_identify(log) ignored
[0.112s] Level 1:colcon.colcon_core.package_identification:_identify(src) by extensions ['ignore', 'ignore_ament_install']
[0.112s] Level 1:colcon.colcon_core.package_identification:_identify(src) by extension 'ignore'
[0.112s] Level 1:colcon.colcon_core.package_identification:_identify(src) by extension 'ignore_ament_install'
[0.112s] Level 1:colcon.colcon_core.package_identification:_identify(src) by extensions ['colcon_pkg']
[0.112s] Level 1:colcon.colcon_core.package_identification:_identify(src) by extension 'colcon_pkg'
[0.112s] Level 1:colcon.colcon_core.package_identification:_identify(src) by extensions ['colcon_meta']
[0.112s] Level 1:colcon.colcon_core.package_identification:_identify(src) by extension 'colcon_meta'
[0.112s] Level 1:colcon.colcon_core.package_identification:_identify(src) by extensions ['ros']
[0.112s] Level 1:colcon.colcon_core.package_identification:_identify(src) by extension 'ros'
[0.112s] Level 1:colcon.colcon_core.package_identification:_identify(src) by extensions ['cmake', 'python']
[0.112s] Level 1:colcon.colcon_core.package_identification:_identify(src) by extension 'cmake'
[0.112s] Level 1:colcon.colcon_core.package_identification:_identify(src) by extension 'python'
[0.112s] Level 1:colcon.colcon_core.package_identification:_identify(src) by extensions ['python_setup_py']
[0.112s] Level 1:colcon.colcon_core.package_identification:_identify(src) by extension 'python_setup_py'
[0.112s] Level 1:colcon.colcon_core.package_identification:_identify(src/rotor_tm_config) by extensions ['ignore', 'ignore_ament_install']
[0.112s] Level 1:colcon.colcon_core.package_identification:_identify(src/rotor_tm_config) by extension 'ignore'
[0.112s] Level 1:colcon.colcon_core.package_identification:_identify(src/rotor_tm_config) by extension 'ignore_ament_install'
[0.112s] Level 1:colcon.colcon_core.package_identification:_identify(src/rotor_tm_config) by extensions ['colcon_pkg']
[0.112s] Level 1:colcon.colcon_core.package_identification:_identify(src/rotor_tm_config) by extension 'colcon_pkg'
[0.112s] Level 1:colcon.colcon_core.package_identification:_identify(src/rotor_tm_config) by extensions ['colcon_meta']
[0.112s] Level 1:colcon.colcon_core.package_identification:_identify(src/rotor_tm_config) by extension 'colcon_meta'
[0.112s] Level 1:colcon.colcon_core.package_identification:_identify(src/rotor_tm_config) by extensions ['ros']
[0.112s] Level 1:colcon.colcon_core.package_identification:_identify(src/rotor_tm_config) by extension 'ros'
[0.114s] DEBUG:colcon.colcon_core.package_identification:Package 'src/rotor_tm_config' with type 'ros.ament_python' and name 'rotor_tm_config'
[0.114s] Level 1:colcon.colcon_core.package_identification:_identify(src/rotor_tm_control) by extensions ['ignore', 'ignore_ament_install']
[0.114s] Level 1:colcon.colcon_core.package_identification:_identify(src/rotor_tm_control) by extension 'ignore'
[0.114s] Level 1:colcon.colcon_core.package_identification:_identify(src/rotor_tm_control) by extension 'ignore_ament_install'
[0.114s] Level 1:colcon.colcon_core.package_identification:_identify(src/rotor_tm_control) by extensions ['colcon_pkg']
[0.114s] Level 1:colcon.colcon_core.package_identification:_identify(src/rotor_tm_control) by extension 'colcon_pkg'
[0.114s] Level 1:colcon.colcon_core.package_identification:_identify(src/rotor_tm_control) by extensions ['colcon_meta']
[0.114s] Level 1:colcon.colcon_core.package_identification:_identify(src/rotor_tm_control) by extension 'colcon_meta'
[0.114s] Level 1:colcon.colcon_core.package_identification:_identify(src/rotor_tm_control) by extensions ['ros']
[0.114s] Level 1:colcon.colcon_core.package_identification:_identify(src/rotor_tm_control) by extension 'ros'
[0.115s] DEBUG:colcon.colcon_core.package_identification:Package 'src/rotor_tm_control' with type 'ros.ament_python' and name 'rotor_tm_control'
[0.115s] Level 1:colcon.colcon_core.package_identification:_identify(src/rotor_tm_keyboard2wrench) by extensions ['ignore', 'ignore_ament_install']
[0.115s] Level 1:colcon.colcon_core.package_identification:_identify(src/rotor_tm_keyboard2wrench) by extension 'ignore'
[0.115s] Level 1:colcon.colcon_core.package_identification:_identify(src/rotor_tm_keyboard2wrench) by extension 'ignore_ament_install'
[0.115s] Level 1:colcon.colcon_core.package_identification:_identify(src/rotor_tm_keyboard2wrench) by extensions ['colcon_pkg']
[0.115s] Level 1:colcon.colcon_core.package_identification:_identify(src/rotor_tm_keyboard2wrench) by extension 'colcon_pkg'
[0.115s] Level 1:colcon.colcon_core.package_identification:_identify(src/rotor_tm_keyboard2wrench) by extensions ['colcon_meta']
[0.115s] Level 1:colcon.colcon_core.package_identification:_identify(src/rotor_tm_keyboard2wrench) by extension 'colcon_meta'
[0.115s] Level 1:colcon.colcon_core.package_identification:_identify(src/rotor_tm_keyboard2wrench) by extensions ['ros']
[0.115s] Level 1:colcon.colcon_core.package_identification:_identify(src/rotor_tm_keyboard2wrench) by extension 'ros'
[0.115s] DEBUG:colcon.colcon_core.package_identification:Package 'src/rotor_tm_keyboard2wrench' with type 'ros.ament_python' and name 'rotor_tm_keyboard2wrench'
[0.115s] Level 1:colcon.colcon_core.package_identification:_identify(src/rotor_tm_msgs) by extensions ['ignore', 'ignore_ament_install']
[0.115s] Level 1:colcon.colcon_core.package_identification:_identify(src/rotor_tm_msgs) by extension 'ignore'
[0.115s] Level 1:colcon.colcon_core.package_identification:_identify(src/rotor_tm_msgs) by extension 'ignore_ament_install'
[0.115s] Level 1:colcon.colcon_core.package_identification:_identify(src/rotor_tm_msgs) by extensions ['colcon_pkg']
[0.115s] Level 1:colcon.colcon_core.package_identification:_identify(src/rotor_tm_msgs) by extension 'colcon_pkg'
[0.115s] Level 1:colcon.colcon_core.package_identification:_identify(src/rotor_tm_msgs) by extensions ['colcon_meta']
[0.115s] Level 1:colcon.colcon_core.package_identification:_identify(src/rotor_tm_msgs) by extension 'colcon_meta'
[0.115s] Level 1:colcon.colcon_core.package_identification:_identify(src/rotor_tm_msgs) by extensions ['ros']
[0.115s] Level 1:colcon.colcon_core.package_identification:_identify(src/rotor_tm_msgs) by extension 'ros'
[0.116s] DEBUG:colcon.colcon_core.package_identification:Package 'src/rotor_tm_msgs' with type 'ros.ament_cmake' and name 'rotor_tm_msgs'
[0.116s] Level 1:colcon.colcon_core.package_identification:_identify(src/rotor_tm_sim) by extensions ['ignore', 'ignore_ament_install']
[0.116s] Level 1:colcon.colcon_core.package_identification:_identify(src/rotor_tm_sim) by extension 'ignore'
[0.116s] Level 1:colcon.colcon_core.package_identification:_identify(src/rotor_tm_sim) by extension 'ignore_ament_install'
[0.116s] Level 1:colcon.colcon_core.package_identification:_identify(src/rotor_tm_sim) by extensions ['colcon_pkg']
[0.116s] Level 1:colcon.colcon_core.package_identification:_identify(src/rotor_tm_sim) by extension 'colcon_pkg'
[0.116s] Level 1:colcon.colcon_core.package_identification:_identify(src/rotor_tm_sim) by extensions ['colcon_meta']
[0.116s] Level 1:colcon.colcon_core.package_identification:_identify(src/rotor_tm_sim) by extension 'colcon_meta'
[0.116s] Level 1:colcon.colcon_core.package_identification:_identify(src/rotor_tm_sim) by extensions ['ros']
[0.116s] Level 1:colcon.colcon_core.package_identification:_identify(src/rotor_tm_sim) by extension 'ros'
[0.117s] DEBUG:colcon.colcon_core.package_identification:Package 'src/rotor_tm_sim' with type 'ros.ament_python' and name 'rotor_tm_sim'
[0.117s] Level 1:colcon.colcon_core.package_identification:_identify(src/rotor_tm_traj) by extensions ['ignore', 'ignore_ament_install']
[0.117s] Level 1:colcon.colcon_core.package_identification:_identify(src/rotor_tm_traj) by extension 'ignore'
[0.117s] Level 1:colcon.colcon_core.package_identification:_identify(src/rotor_tm_traj) by extension 'ignore_ament_install'
[0.117s] Level 1:colcon.colcon_core.package_identification:_identify(src/rotor_tm_traj) by extensions ['colcon_pkg']
[0.117s] Level 1:colcon.colcon_core.package_identification:_identify(src/rotor_tm_traj) by extension 'colcon_pkg'
[0.117s] Level 1:colcon.colcon_core.package_identification:_identify(src/rotor_tm_traj) by extensions ['colcon_meta']
[0.117s] Level 1:colcon.colcon_core.package_identification:_identify(src/rotor_tm_traj) by extension 'colcon_meta'
[0.117s] Level 1:colcon.colcon_core.package_identification:_identify(src/rotor_tm_traj) by extensions ['ros']
[0.117s] Level 1:colcon.colcon_core.package_identification:_identify(src/rotor_tm_traj) by extension 'ros'
[0.117s] DEBUG:colcon.colcon_core.package_identification:Package 'src/rotor_tm_traj' with type 'ros.ament_python' and name 'rotor_tm_traj'
[0.117s] Level 1:colcon.colcon_core.package_identification:_identify(src/rotor_tm_utils) by extensions ['ignore', 'ignore_ament_install']
[0.117s] Level 1:colcon.colcon_core.package_identification:_identify(src/rotor_tm_utils) by extension 'ignore'
[0.117s] Level 1:colcon.colcon_core.package_identification:_identify(src/rotor_tm_utils) by extension 'ignore_ament_install'
[0.117s] Level 1:colcon.colcon_core.package_identification:_identify(src/rotor_tm_utils) by extensions ['colcon_pkg']
[0.117s] Level 1:colcon.colcon_core.package_identification:_identify(src/rotor_tm_utils) by extension 'colcon_pkg'
[0.118s] Level 1:colcon.colcon_core.package_identification:_identify(src/rotor_tm_utils) by extensions ['colcon_meta']
[0.118s] Level 1:colcon.colcon_core.package_identification:_identify(src/rotor_tm_utils) by extension 'colcon_meta'
[0.118s] Level 1:colcon.colcon_core.package_identification:_identify(src/rotor_tm_utils) by extensions ['ros']
[0.118s] Level 1:colcon.colcon_core.package_identification:_identify(src/rotor_tm_utils) by extension 'ros'
[0.118s] DEBUG:colcon.colcon_core.package_identification:Package 'src/rotor_tm_utils' with type 'ros.ament_python' and name 'rotor_tm_utils'
[0.118s] Level 1:colcon.colcon_core.package_discovery:discover_packages(recursive) using defaults
[0.118s] Level 1:colcon.colcon_core.package_discovery:discover_packages(ignore) discover
[0.118s] Level 1:colcon.colcon_core.package_discovery:discover_packages(ignore) using defaults
[0.118s] Level 1:colcon.colcon_core.package_discovery:discover_packages(path) discover
[0.118s] Level 1:colcon.colcon_core.package_discovery:discover_packages(path) using defaults
[0.132s] Level 1:colcon.colcon_core.package_discovery:discover_packages(prefix_path) check parameters
[0.132s] Level 1:colcon.colcon_core.package_discovery:discover_packages(prefix_path) discover
[0.133s] DEBUG:colcon.colcon_installed_package_information.package_discovery:Found 7 installed packages in /home/swati/Quad_DR/ros2_ws/install
[0.134s] DEBUG:colcon.colcon_installed_package_information.package_discovery:Found 376 installed packages in /opt/ros/humble
[0.135s] Level 1:colcon.colcon_core.package_discovery:discover_packages(prefix_path) using defaults
[0.163s] Level 5:colcon.colcon_core.verb:set package 'rotor_tm_config' build argument 'cmake_args' from command line to 'None'
[0.163s] Level 5:colcon.colcon_core.verb:set package 'rotor_tm_config' build argument 'cmake_target' from command line to 'None'
[0.163s] Level 5:colcon.colcon_core.verb:set package 'rotor_tm_config' build argument 'cmake_target_skip_unavailable' from command line to 'False'
[0.163s] Level 5:colcon.colcon_core.verb:set package 'rotor_tm_config' build argument 'cmake_clean_cache' from command line to 'False'
[0.163s] Level 5:colcon.colcon_core.verb:set package 'rotor_tm_config' build argument 'cmake_clean_first' from command line to 'False'
[0.163s] Level 5:colcon.colcon_core.verb:set package 'rotor_tm_config' build argument 'cmake_force_configure' from command line to 'False'
[0.163s] Level 5:colcon.colcon_core.verb:set package 'rotor_tm_config' build argument 'ament_cmake_args' from command line to 'None'
[0.163s] Level 5:colcon.colcon_core.verb:set package 'rotor_tm_config' build argument 'catkin_cmake_args' from command line to 'None'
[0.163s] Level 5:colcon.colcon_core.verb:set package 'rotor_tm_config' build argument 'catkin_skip_building_tests' from command line to 'False'
[0.163s] DEBUG:colcon.colcon_core.verb:Building package 'rotor_tm_config' with the following arguments: {'ament_cmake_args': None, 'build_base': '/home/swati/Quad_DR/ros2_ws/build/rotor_tm_config', 'catkin_cmake_args': None, 'catkin_skip_building_tests': False, 'cmake_args': None, 'cmake_clean_cache': False, 'cmake_clean_first': False, 'cmake_force_configure': False, 'cmake_target': None, 'cmake_target_skip_unavailable': False, 'install_base': '/home/swati/Quad_DR/ros2_ws/install/rotor_tm_config', 'merge_install': False, 'path': '/home/swati/Quad_DR/ros2_ws/src/rotor_tm_config', 'symlink_install': False, 'test_result_base': None}
[0.163s] Level 5:colcon.colcon_core.verb:set package 'rotor_tm_keyboard2wrench' build argument 'cmake_args' from command line to 'None'
[0.163s] Level 5:colcon.colcon_core.verb:set package 'rotor_tm_keyboard2wrench' build argument 'cmake_target' from command line to 'None'
[0.163s] Level 5:colcon.colcon_core.verb:set package 'rotor_tm_keyboard2wrench' build argument 'cmake_target_skip_unavailable' from command line to 'False'
[0.163s] Level 5:colcon.colcon_core.verb:set package 'rotor_tm_keyboard2wrench' build argument 'cmake_clean_cache' from command line to 'False'
[0.163s] Level 5:colcon.colcon_core.verb:set package 'rotor_tm_keyboard2wrench' build argument 'cmake_clean_first' from command line to 'False'
[0.163s] Level 5:colcon.colcon_core.verb:set package 'rotor_tm_keyboard2wrench' build argument 'cmake_force_configure' from command line to 'False'
[0.163s] Level 5:colcon.colcon_core.verb:set package 'rotor_tm_keyboard2wrench' build argument 'ament_cmake_args' from command line to 'None'
[0.163s] Level 5:colcon.colcon_core.verb:set package 'rotor_tm_keyboard2wrench' build argument 'catkin_cmake_args' from command line to 'None'
[0.163s] Level 5:colcon.colcon_core.verb:set package 'rotor_tm_keyboard2wrench' build argument 'catkin_skip_building_tests' from command line to 'False'
[0.163s] DEBUG:colcon.colcon_core.verb:Building package 'rotor_tm_keyboard2wrench' with the following arguments: {'ament_cmake_args': None, 'build_base': '/home/swati/Quad_DR/ros2_ws/build/rotor_tm_keyboard2wrench', 'catkin_cmake_args': None, 'catkin_skip_building_tests': False, 'cmake_args': None, 'cmake_clean_cache': False, 'cmake_clean_first': False, 'cmake_force_configure': False, 'cmake_target': None, 'cmake_target_skip_unavailable': False, 'install_base': '/home/swati/Quad_DR/ros2_ws/install/rotor_tm_keyboard2wrench', 'merge_install': False, 'path': '/home/swati/Quad_DR/ros2_ws/src/rotor_tm_keyboard2wrench', 'symlink_install': False, 'test_result_base': None}
[0.163s] Level 5:colcon.colcon_core.verb:set package 'rotor_tm_msgs' build argument 'cmake_args' from command line to 'None'
[0.163s] Level 5:colcon.colcon_core.verb:set package 'rotor_tm_msgs' build argument 'cmake_target' from command line to 'None'
[0.163s] Level 5:colcon.colcon_core.verb:set package 'rotor_tm_msgs' build argument 'cmake_target_skip_unavailable' from command line to 'False'
[0.163s] Level 5:colcon.colcon_core.verb:set package 'rotor_tm_msgs' build argument 'cmake_clean_cache' from command line to 'False'
[0.163s] Level 5:colcon.colcon_core.verb:set package 'rotor_tm_msgs' build argument 'cmake_clean_first' from command line to 'False'
[0.164s] Level 5:colcon.colcon_core.verb:set package 'rotor_tm_msgs' build argument 'cmake_force_configure' from command line to 'False'
[0.164s] Level 5:colcon.colcon_core.verb:set package 'rotor_tm_msgs' build argument 'ament_cmake_args' from command line to 'None'
[0.164s] Level 5:colcon.colcon_core.verb:set package 'rotor_tm_msgs' build argument 'catkin_cmake_args' from command line to 'None'
[0.164s] Level 5:colcon.colcon_core.verb:set package 'rotor_tm_msgs' build argument 'catkin_skip_building_tests' from command line to 'False'
[0.164s] DEBUG:colcon.colcon_core.verb:Building package 'rotor_tm_msgs' with the following arguments: {'ament_cmake_args': None, 'build_base': '/home/swati/Quad_DR/ros2_ws/build/rotor_tm_msgs', 'catkin_cmake_args': None, 'catkin_skip_building_tests': False, 'cmake_args': None, 'cmake_clean_cache': False, 'cmake_clean_first': False, 'cmake_force_configure': False, 'cmake_target': None, 'cmake_target_skip_unavailable': False, 'install_base': '/home/swati/Quad_DR/ros2_ws/install/rotor_tm_msgs', 'merge_install': False, 'path': '/home/swati/Quad_DR/ros2_ws/src/rotor_tm_msgs', 'symlink_install': False, 'test_result_base': None}
[0.164s] Level 5:colcon.colcon_core.verb:set package 'rotor_tm_traj' build argument 'cmake_args' from command line to 'None'
[0.164s] Level 5:colcon.colcon_core.verb:set package 'rotor_tm_traj' build argument 'cmake_target' from command line to 'None'
[0.164s] Level 5:colcon.colcon_core.verb:set package 'rotor_tm_traj' build argument 'cmake_target_skip_unavailable' from command line to 'False'
[0.164s] Level 5:colcon.colcon_core.verb:set package 'rotor_tm_traj' build argument 'cmake_clean_cache' from command line to 'False'
[0.164s] Level 5:colcon.colcon_core.verb:set package 'rotor_tm_traj' build argument 'cmake_clean_first' from command line to 'False'
[0.164s] Level 5:colcon.colcon_core.verb:set package 'rotor_tm_traj' build argument 'cmake_force_configure' from command line to 'False'
[0.164s] Level 5:colcon.colcon_core.verb:set package 'rotor_tm_traj' build argument 'ament_cmake_args' from command line to 'None'
[0.164s] Level 5:colcon.colcon_core.verb:set package 'rotor_tm_traj' build argument 'catkin_cmake_args' from command line to 'None'
[0.164s] Level 5:colcon.colcon_core.verb:set package 'rotor_tm_traj' build argument 'catkin_skip_building_tests' from command line to 'False'
[0.164s] DEBUG:colcon.colcon_core.verb:Building package 'rotor_tm_traj' with the following arguments: {'ament_cmake_args': None, 'build_base': '/home/swati/Quad_DR/ros2_ws/build/rotor_tm_traj', 'catkin_cmake_args': None, 'catkin_skip_building_tests': False, 'cmake_args': None, 'cmake_clean_cache': False, 'cmake_clean_first': False, 'cmake_force_configure': False, 'cmake_target': None, 'cmake_target_skip_unavailable': False, 'install_base': '/home/swati/Quad_DR/ros2_ws/install/rotor_tm_traj', 'merge_install': False, 'path': '/home/swati/Quad_DR/ros2_ws/src/rotor_tm_traj', 'symlink_install': False, 'test_result_base': None}
[0.164s] Level 5:colcon.colcon_core.verb:set package 'rotor_tm_utils' build argument 'cmake_args' from command line to 'None'
[0.164s] Level 5:colcon.colcon_core.verb:set package 'rotor_tm_utils' build argument 'cmake_target' from command line to 'None'
[0.164s] Level 5:colcon.colcon_core.verb:set package 'rotor_tm_utils' build argument 'cmake_target_skip_unavailable' from command line to 'False'
[0.164s] Level 5:colcon.colcon_core.verb:set package 'rotor_tm_utils' build argument 'cmake_clean_cache' from command line to 'False'
[0.164s] Level 5:colcon.colcon_core.verb:set package 'rotor_tm_utils' build argument 'cmake_clean_first' from command line to 'False'
[0.164s] Level 5:colcon.colcon_core.verb:set package 'rotor_tm_utils' build argument 'cmake_force_configure' from command line to 'False'
[0.164s] Level 5:colcon.colcon_core.verb:set package 'rotor_tm_utils' build argument 'ament_cmake_args' from command line to 'None'
[0.164s] Level 5:colcon.colcon_core.verb:set package 'rotor_tm_utils' build argument 'catkin_cmake_args' from command line to 'None'
[0.164s] Level 5:colcon.colcon_core.verb:set package 'rotor_tm_utils' build argument 'catkin_skip_building_tests' from command line to 'False'
[0.164s] DEBUG:colcon.colcon_core.verb:Building package 'rotor_tm_utils' with the following arguments: {'ament_cmake_args': None, 'build_base': '/home/swati/Quad_DR/ros2_ws/build/rotor_tm_utils', 'catkin_cmake_args': None, 'catkin_skip_building_tests': False, 'cmake_args': None, 'cmake_clean_cache': False, 'cmake_clean_first': False, 'cmake_force_configure': False, 'cmake_target': None, 'cmake_target_skip_unavailable': False, 'install_base': '/home/swati/Quad_DR/ros2_ws/install/rotor_tm_utils', 'merge_install': False, 'path': '/home/swati/Quad_DR/ros2_ws/src/rotor_tm_utils', 'symlink_install': False, 'test_result_base': None}
[0.164s] Level 5:colcon.colcon_core.verb:set package 'rotor_tm_control' build argument 'cmake_args' from command line to 'None'
[0.164s] Level 5:colcon.colcon_core.verb:set package 'rotor_tm_control' build argument 'cmake_target' from command line to 'None'
[0.164s] Level 5:colcon.colcon_core.verb:set package 'rotor_tm_control' build argument 'cmake_target_skip_unavailable' from command line to 'False'
[0.164s] Level 5:colcon.colcon_core.verb:set package 'rotor_tm_control' build argument 'cmake_clean_cache' from command line to 'False'
[0.164s] Level 5:colcon.colcon_core.verb:set package 'rotor_tm_control' build argument 'cmake_clean_first' from command line to 'False'
[0.164s] Level 5:colcon.colcon_core.verb:set package 'rotor_tm_control' build argument 'cmake_force_configure' from command line to 'False'
[0.164s] Level 5:colcon.colcon_core.verb:set package 'rotor_tm_control' build argument 'ament_cmake_args' from command line to 'None'
[0.164s] Level 5:colcon.colcon_core.verb:set package 'rotor_tm_control' build argument 'catkin_cmake_args' from command line to 'None'
[0.164s] Level 5:colcon.colcon_core.verb:set package 'rotor_tm_control' build argument 'catkin_skip_building_tests' from command line to 'False'
[0.164s] DEBUG:colcon.colcon_core.verb:Building package 'rotor_tm_control' with the following arguments: {'ament_cmake_args': None, 'build_base': '/home/swati/Quad_DR/ros2_ws/build/rotor_tm_control', 'catkin_cmake_args': None, 'catkin_skip_building_tests': False, 'cmake_args': None, 'cmake_clean_cache': False, 'cmake_clean_first': False, 'cmake_force_configure': False, 'cmake_target': None, 'cmake_target_skip_unavailable': False, 'install_base': '/home/swati/Quad_DR/ros2_ws/install/rotor_tm_control', 'merge_install': False, 'path': '/home/swati/Quad_DR/ros2_ws/src/rotor_tm_control', 'symlink_install': False, 'test_result_base': None}
[0.165s] Level 5:colcon.colcon_core.verb:set package 'rotor_tm_sim' build argument 'cmake_args' from command line to 'None'
[0.165s] Level 5:colcon.colcon_core.verb:set package 'rotor_tm_sim' build argument 'cmake_target' from command line to 'None'
[0.165s] Level 5:colcon.colcon_core.verb:set package 'rotor_tm_sim' build argument 'cmake_target_skip_unavailable' from command line to 'False'
[0.165s] Level 5:colcon.colcon_core.verb:set package 'rotor_tm_sim' build argument 'cmake_clean_cache' from command line to 'False'
[0.165s] Level 5:colcon.colcon_core.verb:set package 'rotor_tm_sim' build argument 'cmake_clean_first' from command line to 'False'
[0.165s] Level 5:colcon.colcon_core.verb:set package 'rotor_tm_sim' build argument 'cmake_force_configure' from command line to 'False'
[0.165s] Level 5:colcon.colcon_core.verb:set package 'rotor_tm_sim' build argument 'ament_cmake_args' from command line to 'None'
[0.165s] Level 5:colcon.colcon_core.verb:set package 'rotor_tm_sim' build argument 'catkin_cmake_args' from command line to 'None'
[0.165s] Level 5:colcon.colcon_core.verb:set package 'rotor_tm_sim' build argument 'catkin_skip_building_tests' from command line to 'False'
[0.165s] DEBUG:colcon.colcon_core.verb:Building package 'rotor_tm_sim' with the following arguments: {'ament_cmake_args': None, 'build_base': '/home/swati/Quad_DR/ros2_ws/build/rotor_tm_sim', 'catkin_cmake_args': None, 'catkin_skip_building_tests': False, 'cmake_args': None, 'cmake_clean_cache': False, 'cmake_clean_first': False, 'cmake_force_configure': False, 'cmake_target': None, 'cmake_target_skip_unavailable': False, 'install_base': '/home/swati/Quad_DR/ros2_ws/install/rotor_tm_sim', 'merge_install': False, 'path': '/home/swati/Quad_DR/ros2_ws/src/rotor_tm_sim', 'symlink_install': False, 'test_result_base': None}
[0.165s] INFO:colcon.colcon_core.executor:Executing jobs using 'parallel' executor
[0.166s] DEBUG:colcon.colcon_parallel_executor.executor.parallel:run_until_complete
[0.166s] INFO:colcon.colcon_ros.task.ament_cmake.build:Building ROS package in '/home/swati/Quad_DR/ros2_ws/src/rotor_tm_msgs' with build type 'ament_cmake'
[0.166s] INFO:colcon.colcon_cmake.task.cmake.build:Building CMake package in '/home/swati/Quad_DR/ros2_ws/src/rotor_tm_msgs'
[0.167s] INFO:colcon.colcon_core.plugin_system:Skipping extension 'colcon_core.shell.bat': Not used on non-Windows systems
[0.168s] INFO:colcon.colcon_core.shell:Skip shell extension 'powershell' for command environment: Not usable outside of PowerShell
[0.168s] DEBUG:colcon.colcon_core.shell:Skip shell extension 'dsv' for command environment
[0.170s] INFO:colcon.colcon_ros.task.ament_python.build:Building ROS package in '/home/swati/Quad_DR/ros2_ws/src/rotor_tm_utils' with build type 'ament_python'
[0.170s] Level 1:colcon.colcon_core.shell:create_environment_hook('rotor_tm_utils', 'ament_prefix_path')
[0.170s] INFO:colcon.colcon_core.shell:Creating environment hook '/home/swati/Quad_DR/ros2_ws/install/rotor_tm_utils/share/rotor_tm_utils/hook/ament_prefix_path.ps1'
[0.170s] INFO:colcon.colcon_core.shell:Creating environment descriptor '/home/swati/Quad_DR/ros2_ws/install/rotor_tm_utils/share/rotor_tm_utils/hook/ament_prefix_path.dsv'
[0.171s] INFO:colcon.colcon_core.shell:Creating environment hook '/home/swati/Quad_DR/ros2_ws/install/rotor_tm_utils/share/rotor_tm_utils/hook/ament_prefix_path.sh'
[0.171s] INFO:colcon.colcon_core.shell:Skip shell extension 'powershell' for command environment: Not usable outside of PowerShell
[0.171s] DEBUG:colcon.colcon_core.shell:Skip shell extension 'dsv' for command environment
[0.173s] INFO:colcon.colcon_ros.task.ament_python.build:Building ROS package in '/home/swati/Quad_DR/ros2_ws/src/rotor_tm_config' with build type 'ament_python'
[0.173s] Level 1:colcon.colcon_core.shell:create_environment_hook('rotor_tm_config', 'ament_prefix_path')
[0.173s] INFO:colcon.colcon_core.shell:Creating environment hook '/home/swati/Quad_DR/ros2_ws/install/rotor_tm_config/share/rotor_tm_config/hook/ament_prefix_path.ps1'
[0.174s] INFO:colcon.colcon_core.shell:Creating environment descriptor '/home/swati/Quad_DR/ros2_ws/install/rotor_tm_config/share/rotor_tm_config/hook/ament_prefix_path.dsv'
[0.174s] INFO:colcon.colcon_core.shell:Creating environment hook '/home/swati/Quad_DR/ros2_ws/install/rotor_tm_config/share/rotor_tm_config/hook/ament_prefix_path.sh'
[0.174s] INFO:colcon.colcon_core.shell:Skip shell extension 'powershell' for command environment: Not usable outside of PowerShell
[0.174s] DEBUG:colcon.colcon_core.shell:Skip shell extension 'dsv' for command environment
[0.176s] INFO:colcon.colcon_ros.task.ament_python.build:Building ROS package in '/home/swati/Quad_DR/ros2_ws/src/rotor_tm_keyboard2wrench' with build type 'ament_python'
[0.176s] Level 1:colcon.colcon_core.shell:create_environment_hook('rotor_tm_keyboard2wrench', 'ament_prefix_path')
[0.176s] INFO:colcon.colcon_core.shell:Creating environment hook '/home/swati/Quad_DR/ros2_ws/install/rotor_tm_keyboard2wrench/share/rotor_tm_keyboard2wrench/hook/ament_prefix_path.ps1'
[0.177s] INFO:colcon.colcon_core.shell:Creating environment descriptor '/home/swati/Quad_DR/ros2_ws/install/rotor_tm_keyboard2wrench/share/rotor_tm_keyboard2wrench/hook/ament_prefix_path.dsv'
[0.177s] INFO:colcon.colcon_core.shell:Creating environment hook '/home/swati/Quad_DR/ros2_ws/install/rotor_tm_keyboard2wrench/share/rotor_tm_keyboard2wrench/hook/ament_prefix_path.sh'
[0.177s] INFO:colcon.colcon_core.shell:Skip shell extension 'powershell' for command environment: Not usable outside of PowerShell
[0.177s] DEBUG:colcon.colcon_core.shell:Skip shell extension 'dsv' for command environment
[0.179s] INFO:colcon.colcon_ros.task.ament_python.build:Building ROS package in '/home/swati/Quad_DR/ros2_ws/src/rotor_tm_traj' with build type 'ament_python'
[0.179s] Level 1:colcon.colcon_core.shell:create_environment_hook('rotor_tm_traj', 'ament_prefix_path')
[0.179s] INFO:colcon.colcon_core.shell:Creating environment hook '/home/swati/Quad_DR/ros2_ws/install/rotor_tm_traj/share/rotor_tm_traj/hook/ament_prefix_path.ps1'
[0.179s] INFO:colcon.colcon_core.shell:Creating environment descriptor '/home/swati/Quad_DR/ros2_ws/install/rotor_tm_traj/share/rotor_tm_traj/hook/ament_prefix_path.dsv'
[0.180s] INFO:colcon.colcon_core.shell:Creating environment hook '/home/swati/Quad_DR/ros2_ws/install/rotor_tm_traj/share/rotor_tm_traj/hook/ament_prefix_path.sh'
[0.180s] INFO:colcon.colcon_core.shell:Skip shell extension 'powershell' for command environment: Not usable outside of PowerShell
[0.180s] DEBUG:colcon.colcon_core.shell:Skip shell extension 'dsv' for command environment
[0.185s] DEBUG:colcon.colcon_core.event_handler.log_command:Invoking command in '/home/swati/Quad_DR/ros2_ws/build/rotor_tm_msgs': CMAKE_PREFIX_PATH=${CMAKE_PREFIX_PATH}:/home/swati/Quad_DR/ros2_ws/install/rotor_tm_sim:/home/swati/Quad_DR/ros2_ws/install/rotor_tm_control:/home/swati/Quad_DR/ros2_ws/install/rotor_tm_utils:/home/swati/Quad_DR/ros2_ws/install/rotor_tm_traj:/home/swati/Quad_DR/ros2_ws/install/rotor_tm_keyboard2wrench:/home/swati/Quad_DR/ros2_ws/install/rotor_tm_config:/opt/ros/humble /usr/bin/cmake --build /home/swati/Quad_DR/ros2_ws/build/rotor_tm_msgs -- -j20 -l20
[0.324s] INFO:colcon.colcon_core.task.python.build:Building Python package in '/home/swati/Quad_DR/ros2_ws/src/rotor_tm_utils'
[0.324s] INFO:colcon.colcon_core.shell:Skip shell extension 'powershell' for command environment: Not usable outside of PowerShell
[0.324s] DEBUG:colcon.colcon_core.shell:Skip shell extension 'dsv' for command environment
[0.463s] INFO:colcon.colcon_core.task.python.build:Building Python package in '/home/swati/Quad_DR/ros2_ws/src/rotor_tm_config'
[0.463s] INFO:colcon.colcon_core.shell:Skip shell extension 'powershell' for command environment: Not usable outside of PowerShell
[0.463s] DEBUG:colcon.colcon_core.shell:Skip shell extension 'dsv' for command environment
[0.600s] INFO:colcon.colcon_core.task.python.build:Building Python package in '/home/swati/Quad_DR/ros2_ws/src/rotor_tm_keyboard2wrench'
[0.600s] INFO:colcon.colcon_core.shell:Skip shell extension 'powershell' for command environment: Not usable outside of PowerShell
[0.600s] DEBUG:colcon.colcon_core.shell:Skip shell extension 'dsv' for command environment
[0.735s] INFO:colcon.colcon_core.task.python.build:Building Python package in '/home/swati/Quad_DR/ros2_ws/src/rotor_tm_traj'
[0.736s] INFO:colcon.colcon_core.shell:Skip shell extension 'powershell' for command environment: Not usable outside of PowerShell
[0.736s] DEBUG:colcon.colcon_core.shell:Skip shell extension 'dsv' for command environment
[0.739s] DEBUG:colcon.colcon_core.event_handler.log_command:Invoked command in '/home/swati/Quad_DR/ros2_ws/build/rotor_tm_msgs' returned '0': CMAKE_PREFIX_PATH=${CMAKE_PREFIX_PATH}:/home/swati/Quad_DR/ros2_ws/install/rotor_tm_sim:/home/swati/Quad_DR/ros2_ws/install/rotor_tm_control:/home/swati/Quad_DR/ros2_ws/install/rotor_tm_utils:/home/swati/Quad_DR/ros2_ws/install/rotor_tm_traj:/home/swati/Quad_DR/ros2_ws/install/rotor_tm_keyboard2wrench:/home/swati/Quad_DR/ros2_ws/install/rotor_tm_config:/opt/ros/humble /usr/bin/cmake --build /home/swati/Quad_DR/ros2_ws/build/rotor_tm_msgs -- -j20 -l20
[0.991s] DEBUG:colcon.colcon_core.event_handler.log_command:Invoking command in '/home/swati/Quad_DR/ros2_ws/build/rotor_tm_msgs': CMAKE_PREFIX_PATH=${CMAKE_PREFIX_PATH}:/home/swati/Quad_DR/ros2_ws/install/rotor_tm_sim:/home/swati/Quad_DR/ros2_ws/install/rotor_tm_control:/home/swati/Quad_DR/ros2_ws/install/rotor_tm_utils:/home/swati/Quad_DR/ros2_ws/install/rotor_tm_traj:/home/swati/Quad_DR/ros2_ws/install/rotor_tm_keyboard2wrench:/home/swati/Quad_DR/ros2_ws/install/rotor_tm_config:/opt/ros/humble /usr/bin/cmake --install /home/swati/Quad_DR/ros2_ws/build/rotor_tm_msgs
[1.039s] Level 1:colcon.colcon_core.environment:create_environment_scripts_only(rotor_tm_msgs)
[1.042s] DEBUG:colcon.colcon_core.event_handler.log_command:Invoked command in '/home/swati/Quad_DR/ros2_ws/build/rotor_tm_msgs' returned '0': CMAKE_PREFIX_PATH=${CMAKE_PREFIX_PATH}:/home/swati/Quad_DR/ros2_ws/install/rotor_tm_sim:/home/swati/Quad_DR/ros2_ws/install/rotor_tm_control:/home/swati/Quad_DR/ros2_ws/install/rotor_tm_utils:/home/swati/Quad_DR/ros2_ws/install/rotor_tm_traj:/home/swati/Quad_DR/ros2_ws/install/rotor_tm_keyboard2wrench:/home/swati/Quad_DR/ros2_ws/install/rotor_tm_config:/opt/ros/humble /usr/bin/cmake --install /home/swati/Quad_DR/ros2_ws/build/rotor_tm_msgs
[1.044s] Level 1:colcon.colcon_core.environment:checking '/home/swati/Quad_DR/ros2_ws/install/rotor_tm_msgs' for CMake module files
[1.045s] Level 1:colcon.colcon_core.environment:checking '/home/swati/Quad_DR/ros2_ws/install/rotor_tm_msgs' for CMake config files
[1.046s] Level 1:colcon.colcon_core.shell:create_environment_hook('rotor_tm_msgs', 'cmake_prefix_path')
[1.046s] INFO:colcon.colcon_core.shell:Creating environment hook '/home/swati/Quad_DR/ros2_ws/install/rotor_tm_msgs/share/rotor_tm_msgs/hook/cmake_prefix_path.ps1'
[1.046s] INFO:colcon.colcon_core.shell:Creating environment descriptor '/home/swati/Quad_DR/ros2_ws/install/rotor_tm_msgs/share/rotor_tm_msgs/hook/cmake_prefix_path.dsv'
[1.047s] INFO:colcon.colcon_core.shell:Creating environment hook '/home/swati/Quad_DR/ros2_ws/install/rotor_tm_msgs/share/rotor_tm_msgs/hook/cmake_prefix_path.sh'
[1.048s] Level 1:colcon.colcon_core.environment:checking '/home/swati/Quad_DR/ros2_ws/install/rotor_tm_msgs/lib'
[1.048s] Level 1:colcon.colcon_core.shell:create_environment_hook('rotor_tm_msgs', 'ld_library_path_lib')
[1.048s] INFO:colcon.colcon_core.shell:Creating environment hook '/home/swati/Quad_DR/ros2_ws/install/rotor_tm_msgs/share/rotor_tm_msgs/hook/ld_library_path_lib.ps1'
[1.048s] INFO:colcon.colcon_core.shell:Creating environment descriptor '/home/swati/Quad_DR/ros2_ws/install/rotor_tm_msgs/share/rotor_tm_msgs/hook/ld_library_path_lib.dsv'
[1.049s] INFO:colcon.colcon_core.shell:Creating environment hook '/home/swati/Quad_DR/ros2_ws/install/rotor_tm_msgs/share/rotor_tm_msgs/hook/ld_library_path_lib.sh'
[1.049s] Level 1:colcon.colcon_core.environment:checking '/home/swati/Quad_DR/ros2_ws/install/rotor_tm_msgs/bin'
[1.049s] Level 1:colcon.colcon_core.environment:checking '/home/swati/Quad_DR/ros2_ws/install/rotor_tm_msgs/lib/pkgconfig/rotor_tm_msgs.pc'
[1.049s] Level 1:colcon.colcon_core.environment:checking '/home/swati/Quad_DR/ros2_ws/install/rotor_tm_msgs/lib/python3.10/site-packages'
[1.050s] Level 1:colcon.colcon_core.environment:checking '/home/swati/Quad_DR/ros2_ws/install/rotor_tm_msgs/bin'
[1.050s] INFO:colcon.colcon_core.shell:Creating package script '/home/swati/Quad_DR/ros2_ws/install/rotor_tm_msgs/share/rotor_tm_msgs/package.ps1'
[1.051s] INFO:colcon.colcon_core.shell:Creating package descriptor '/home/swati/Quad_DR/ros2_ws/install/rotor_tm_msgs/share/rotor_tm_msgs/package.dsv'
[1.051s] INFO:colcon.colcon_core.shell:Creating package script '/home/swati/Quad_DR/ros2_ws/install/rotor_tm_msgs/share/rotor_tm_msgs/package.sh'
[1.053s] INFO:colcon.colcon_core.shell:Creating package script '/home/swati/Quad_DR/ros2_ws/install/rotor_tm_msgs/share/rotor_tm_msgs/package.bash'
[1.053s] INFO:colcon.colcon_core.shell:Creating package script '/home/swati/Quad_DR/ros2_ws/install/rotor_tm_msgs/share/rotor_tm_msgs/package.zsh'
[1.054s] Level 1:colcon.colcon_core.environment:create_file_with_runtime_dependencies(/home/swati/Quad_DR/ros2_ws/install/rotor_tm_msgs/share/colcon-core/packages/rotor_tm_msgs)
[1.087s] DEBUG:colcon.colcon_core.event_handler.log_command:Invoking command in '/home/swati/Quad_DR/ros2_ws/src/rotor_tm_config': PYTHONPATH=/home/swati/Quad_DR/ros2_ws/build/rotor_tm_config/prefix_override:/usr/lib/python3/dist-packages/colcon_core/task/python/colcon_distutils_commands:/home/swati/Quad_DR/ros2_ws/install/rotor_tm_config/lib/python3.10/site-packages:${PYTHONPATH} /usr/bin/python3 -W ignore:setup.py install is deprecated setup.py egg_info --egg-base ../../build/rotor_tm_config build --build-base /home/swati/Quad_DR/ros2_ws/build/rotor_tm_config/build install --record /home/swati/Quad_DR/ros2_ws/build/rotor_tm_config/install.log --single-version-externally-managed install_data
[1.089s] DEBUG:colcon.colcon_core.event_handler.log_command:Invoking command in '/home/swati/Quad_DR/ros2_ws/src/rotor_tm_keyboard2wrench': PYTHONPATH=/home/swati/Quad_DR/ros2_ws/build/rotor_tm_keyboard2wrench/prefix_override:/usr/lib/python3/dist-packages/colcon_core/task/python/colcon_distutils_commands:/home/swati/Quad_DR/ros2_ws/install/rotor_tm_keyboard2wrench/lib/python3.10/site-packages:${PYTHONPATH} /usr/bin/python3 -W ignore:setup.py install is deprecated setup.py egg_info --egg-base ../../build/rotor_tm_keyboard2wrench build --build-base /home/swati/Quad_DR/ros2_ws/build/rotor_tm_keyboard2wrench/build install --record /home/swati/Quad_DR/ros2_ws/build/rotor_tm_keyboard2wrench/install.log --single-version-externally-managed install_data
[1.091s] DEBUG:colcon.colcon_core.event_handler.log_command:Invoking command in '/home/swati/Quad_DR/ros2_ws/src/rotor_tm_traj': PYTHONPATH=/home/swati/Quad_DR/ros2_ws/build/rotor_tm_traj/prefix_override:/usr/lib/python3/dist-packages/colcon_core/task/python/colcon_distutils_commands:/home/swati/Quad_DR/ros2_ws/install/rotor_tm_traj/lib/python3.10/site-packages:${PYTHONPATH} /usr/bin/python3 -W ignore:setup.py install is deprecated setup.py egg_info --egg-base ../../build/rotor_tm_traj build --build-base /home/swati/Quad_DR/ros2_ws/build/rotor_tm_traj/build install --record /home/swati/Quad_DR/ros2_ws/build/rotor_tm_traj/install.log --single-version-externally-managed install_data
[1.134s] DEBUG:colcon.colcon_core.event_handler.log_command:Invoking command in '/home/swati/Quad_DR/ros2_ws/src/rotor_tm_utils': PYTHONPATH=/home/swati/Quad_DR/ros2_ws/build/rotor_tm_utils/prefix_override:/usr/lib/python3/dist-packages/colcon_core/task/python/colcon_distutils_commands:/home/swati/Quad_DR/ros2_ws/install/rotor_tm_utils/lib/python3.10/site-packages:${PYTHONPATH} /usr/bin/python3 -W ignore:setup.py install is deprecated setup.py egg_info --egg-base ../../build/rotor_tm_utils build --build-base /home/swati/Quad_DR/ros2_ws/build/rotor_tm_utils/build install --record /home/swati/Quad_DR/ros2_ws/build/rotor_tm_utils/install.log --single-version-externally-managed install_data
[1.301s] Level 1:colcon.colcon_core.environment:create_environment_scripts_only(rotor_tm_msgs)
[1.301s] Level 1:colcon.colcon_core.environment:checking '/home/swati/Quad_DR/ros2_ws/install/rotor_tm_msgs' for CMake module files
[1.301s] Level 1:colcon.colcon_core.environment:checking '/home/swati/Quad_DR/ros2_ws/install/rotor_tm_msgs' for CMake config files
[1.302s] Level 1:colcon.colcon_core.shell:create_environment_hook('rotor_tm_msgs', 'cmake_prefix_path')
[1.302s] INFO:colcon.colcon_core.shell:Creating environment hook '/home/swati/Quad_DR/ros2_ws/install/rotor_tm_msgs/share/rotor_tm_msgs/hook/cmake_prefix_path.ps1'
[1.302s] INFO:colcon.colcon_core.shell:Creating environment descriptor '/home/swati/Quad_DR/ros2_ws/install/rotor_tm_msgs/share/rotor_tm_msgs/hook/cmake_prefix_path.dsv'
[1.302s] INFO:colcon.colcon_core.shell:Creating environment hook '/home/swati/Quad_DR/ros2_ws/install/rotor_tm_msgs/share/rotor_tm_msgs/hook/cmake_prefix_path.sh'
[1.303s] Level 1:colcon.colcon_core.environment:checking '/home/swati/Quad_DR/ros2_ws/install/rotor_tm_msgs/lib'
[1.303s] Level 1:colcon.colcon_core.shell:create_environment_hook('rotor_tm_msgs', 'ld_library_path_lib')
[1.303s] INFO:colcon.colcon_core.shell:Creating environment hook '/home/swati/Quad_DR/ros2_ws/install/rotor_tm_msgs/share/rotor_tm_msgs/hook/ld_library_path_lib.ps1'
[1.303s] INFO:colcon.colcon_core.shell:Creating environment descriptor '/home/swati/Quad_DR/ros2_ws/install/rotor_tm_msgs/share/rotor_tm_msgs/hook/ld_library_path_lib.dsv'
[1.304s] INFO:colcon.colcon_core.shell:Creating environment hook '/home/swati/Quad_DR/ros2_ws/install/rotor_tm_msgs/share/rotor_tm_msgs/hook/ld_library_path_lib.sh'
[1.304s] Level 1:colcon.colcon_core.environment:checking '/home/swati/Quad_DR/ros2_ws/install/rotor_tm_msgs/bin'
[1.304s] Level 1:colcon.colcon_core.environment:checking '/home/swati/Quad_DR/ros2_ws/install/rotor_tm_msgs/lib/pkgconfig/rotor_tm_msgs.pc'
[1.304s] Level 1:colcon.colcon_core.environment:checking '/home/swati/Quad_DR/ros2_ws/install/rotor_tm_msgs/lib/python3.10/site-packages'
[1.304s] Level 1:colcon.colcon_core.environment:checking '/home/swati/Quad_DR/ros2_ws/install/rotor_tm_msgs/bin'
[1.305s] INFO:colcon.colcon_core.shell:Creating package script '/home/swati/Quad_DR/ros2_ws/install/rotor_tm_msgs/share/rotor_tm_msgs/package.ps1'
[1.305s] INFO:colcon.colcon_core.shell:Creating package descriptor '/home/swati/Quad_DR/ros2_ws/install/rotor_tm_msgs/share/rotor_tm_msgs/package.dsv'
[1.305s] INFO:colcon.colcon_core.shell:Creating package script '/home/swati/Quad_DR/ros2_ws/install/rotor_tm_msgs/share/rotor_tm_msgs/package.sh'
[1.305s] INFO:colcon.colcon_core.shell:Creating package script '/home/swati/Quad_DR/ros2_ws/install/rotor_tm_msgs/share/rotor_tm_msgs/package.bash'
[1.306s] INFO:colcon.colcon_core.shell:Creating package script '/home/swati/Quad_DR/ros2_ws/install/rotor_tm_msgs/share/rotor_tm_msgs/package.zsh'
[1.306s] Level 1:colcon.colcon_core.environment:create_file_with_runtime_dependencies(/home/swati/Quad_DR/ros2_ws/install/rotor_tm_msgs/share/colcon-core/packages/rotor_tm_msgs)
[1.396s] Level 1:colcon.colcon_core.environment:checking '/home/swati/Quad_DR/ros2_ws/install/rotor_tm_keyboard2wrench' for CMake module files
[1.396s] DEBUG:colcon.colcon_core.event_handler.log_command:Invoked command in '/home/swati/Quad_DR/ros2_ws/src/rotor_tm_keyboard2wrench' returned '0': PYTHONPATH=/home/swati/Quad_DR/ros2_ws/build/rotor_tm_keyboard2wrench/prefix_override:/usr/lib/python3/dist-packages/colcon_core/task/python/colcon_distutils_commands:/home/swati/Quad_DR/ros2_ws/install/rotor_tm_keyboard2wrench/lib/python3.10/site-packages:${PYTHONPATH} /usr/bin/python3 -W ignore:setup.py install is deprecated setup.py egg_info --egg-base ../../build/rotor_tm_keyboard2wrench build --build-base /home/swati/Quad_DR/ros2_ws/build/rotor_tm_keyboard2wrench/build install --record /home/swati/Quad_DR/ros2_ws/build/rotor_tm_keyboard2wrench/install.log --single-version-externally-managed install_data
[1.397s] Level 1:colcon.colcon_core.environment:checking '/home/swati/Quad_DR/ros2_ws/install/rotor_tm_keyboard2wrench' for CMake config files
[1.397s] Level 1:colcon.colcon_core.environment:checking '/home/swati/Quad_DR/ros2_ws/install/rotor_tm_keyboard2wrench/lib'
[1.397s] Level 1:colcon.colcon_core.environment:checking '/home/swati/Quad_DR/ros2_ws/install/rotor_tm_keyboard2wrench/bin'
[1.397s] Level 1:colcon.colcon_core.environment:checking '/home/swati/Quad_DR/ros2_ws/install/rotor_tm_keyboard2wrench/lib/pkgconfig/rotor_tm_keyboard2wrench.pc'
[1.397s] Level 1:colcon.colcon_core.environment:checking '/home/swati/Quad_DR/ros2_ws/install/rotor_tm_keyboard2wrench/lib/python3.10/site-packages'
[1.397s] Level 1:colcon.colcon_core.shell:create_environment_hook('rotor_tm_keyboard2wrench', 'pythonpath')
[1.398s] INFO:colcon.colcon_core.shell:Creating environment hook '/home/swati/Quad_DR/ros2_ws/install/rotor_tm_keyboard2wrench/share/rotor_tm_keyboard2wrench/hook/pythonpath.ps1'
[1.398s] INFO:colcon.colcon_core.shell:Creating environment descriptor '/home/swati/Quad_DR/ros2_ws/install/rotor_tm_keyboard2wrench/share/rotor_tm_keyboard2wrench/hook/pythonpath.dsv'
[1.398s] INFO:colcon.colcon_core.shell:Creating environment hook '/home/swati/Quad_DR/ros2_ws/install/rotor_tm_keyboard2wrench/share/rotor_tm_keyboard2wrench/hook/pythonpath.sh'
[1.398s] Level 1:colcon.colcon_core.environment:checking '/home/swati/Quad_DR/ros2_ws/install/rotor_tm_keyboard2wrench/bin'
[1.398s] Level 1:colcon.colcon_core.environment:create_environment_scripts_only(rotor_tm_keyboard2wrench)
[1.399s] INFO:colcon.colcon_core.shell:Creating package script '/home/swati/Quad_DR/ros2_ws/install/rotor_tm_keyboard2wrench/share/rotor_tm_keyboard2wrench/package.ps1'
[1.399s] INFO:colcon.colcon_core.shell:Creating package descriptor '/home/swati/Quad_DR/ros2_ws/install/rotor_tm_keyboard2wrench/share/rotor_tm_keyboard2wrench/package.dsv'
[1.399s] INFO:colcon.colcon_core.shell:Creating package script '/home/swati/Quad_DR/ros2_ws/install/rotor_tm_keyboard2wrench/share/rotor_tm_keyboard2wrench/package.sh'
[1.399s] INFO:colcon.colcon_core.shell:Creating package script '/home/swati/Quad_DR/ros2_ws/install/rotor_tm_keyboard2wrench/share/rotor_tm_keyboard2wrench/package.bash'
[1.400s] INFO:colcon.colcon_core.shell:Creating package script '/home/swati/Quad_DR/ros2_ws/install/rotor_tm_keyboard2wrench/share/rotor_tm_keyboard2wrench/package.zsh'
[1.400s] Level 1:colcon.colcon_core.environment:create_file_with_runtime_dependencies(/home/swati/Quad_DR/ros2_ws/install/rotor_tm_keyboard2wrench/share/colcon-core/packages/rotor_tm_keyboard2wrench)
[1.402s] Level 1:colcon.colcon_core.environment:checking '/home/swati/Quad_DR/ros2_ws/install/rotor_tm_traj' for CMake module files
[1.402s] DEBUG:colcon.colcon_core.event_handler.log_command:Invoked command in '/home/swati/Quad_DR/ros2_ws/src/rotor_tm_traj' returned '0': PYTHONPATH=/home/swati/Quad_DR/ros2_ws/build/rotor_tm_traj/prefix_override:/usr/lib/python3/dist-packages/colcon_core/task/python/colcon_distutils_commands:/home/swati/Quad_DR/ros2_ws/install/rotor_tm_traj/lib/python3.10/site-packages:${PYTHONPATH} /usr/bin/python3 -W ignore:setup.py install is deprecated setup.py egg_info --egg-base ../../build/rotor_tm_traj build --build-base /home/swati/Quad_DR/ros2_ws/build/rotor_tm_traj/build install --record /home/swati/Quad_DR/ros2_ws/build/rotor_tm_traj/install.log --single-version-externally-managed install_data
[1.402s] Level 1:colcon.colcon_core.environment:checking '/home/swati/Quad_DR/ros2_ws/install/rotor_tm_traj' for CMake config files
[1.402s] Level 1:colcon.colcon_core.environment:checking '/home/swati/Quad_DR/ros2_ws/install/rotor_tm_traj/lib'
[1.402s] Level 1:colcon.colcon_core.environment:checking '/home/swati/Quad_DR/ros2_ws/install/rotor_tm_traj/bin'
[1.402s] Level 1:colcon.colcon_core.environment:checking '/home/swati/Quad_DR/ros2_ws/install/rotor_tm_traj/lib/pkgconfig/rotor_tm_traj.pc'
[1.403s] Level 1:colcon.colcon_core.environment:checking '/home/swati/Quad_DR/ros2_ws/install/rotor_tm_traj/lib/python3.10/site-packages'
[1.403s] Level 1:colcon.colcon_core.shell:create_environment_hook('rotor_tm_traj', 'pythonpath')
[1.403s] INFO:colcon.colcon_core.shell:Creating environment hook '/home/swati/Quad_DR/ros2_ws/install/rotor_tm_traj/share/rotor_tm_traj/hook/pythonpath.ps1'
[1.403s] INFO:colcon.colcon_core.shell:Creating environment descriptor '/home/swati/Quad_DR/ros2_ws/install/rotor_tm_traj/share/rotor_tm_traj/hook/pythonpath.dsv'
[1.403s] INFO:colcon.colcon_core.shell:Creating environment hook '/home/swati/Quad_DR/ros2_ws/install/rotor_tm_traj/share/rotor_tm_traj/hook/pythonpath.sh'
[1.403s] Level 1:colcon.colcon_core.environment:checking '/home/swati/Quad_DR/ros2_ws/install/rotor_tm_traj/bin'
[1.403s] Level 1:colcon.colcon_core.environment:create_environment_scripts_only(rotor_tm_traj)
[1.404s] INFO:colcon.colcon_core.shell:Creating package script '/home/swati/Quad_DR/ros2_ws/install/rotor_tm_traj/share/rotor_tm_traj/package.ps1'
[1.404s] INFO:colcon.colcon_core.shell:Creating package descriptor '/home/swati/Quad_DR/ros2_ws/install/rotor_tm_traj/share/rotor_tm_traj/package.dsv'
[1.404s] INFO:colcon.colcon_core.shell:Creating package script '/home/swati/Quad_DR/ros2_ws/install/rotor_tm_traj/share/rotor_tm_traj/package.sh'
[1.404s] INFO:colcon.colcon_core.shell:Creating package script '/home/swati/Quad_DR/ros2_ws/install/rotor_tm_traj/share/rotor_tm_traj/package.bash'
[1.405s] INFO:colcon.colcon_core.shell:Creating package script '/home/swati/Quad_DR/ros2_ws/install/rotor_tm_traj/share/rotor_tm_traj/package.zsh'
[1.405s] Level 1:colcon.colcon_core.environment:create_file_with_runtime_dependencies(/home/swati/Quad_DR/ros2_ws/install/rotor_tm_traj/share/colcon-core/packages/rotor_tm_traj)
[1.406s] Level 1:colcon.colcon_core.environment:checking '/home/swati/Quad_DR/ros2_ws/install/rotor_tm_config' for CMake module files
[1.406s] DEBUG:colcon.colcon_core.event_handler.log_command:Invoked command in '/home/swati/Quad_DR/ros2_ws/src/rotor_tm_config' returned '0': PYTHONPATH=/home/swati/Quad_DR/ros2_ws/build/rotor_tm_config/prefix_override:/usr/lib/python3/dist-packages/colcon_core/task/python/colcon_distutils_commands:/home/swati/Quad_DR/ros2_ws/install/rotor_tm_config/lib/python3.10/site-packages:${PYTHONPATH} /usr/bin/python3 -W ignore:setup.py install is deprecated setup.py egg_info --egg-base ../../build/rotor_tm_config build --build-base /home/swati/Quad_DR/ros2_ws/build/rotor_tm_config/build install --record /home/swati/Quad_DR/ros2_ws/build/rotor_tm_config/install.log --single-version-externally-managed install_data
[1.406s] Level 1:colcon.colcon_core.environment:checking '/home/swati/Quad_DR/ros2_ws/install/rotor_tm_config' for CMake config files
[1.406s] Level 1:colcon.colcon_core.environment:checking '/home/swati/Quad_DR/ros2_ws/install/rotor_tm_config/lib'
[1.406s] Level 1:colcon.colcon_core.environment:checking '/home/swati/Quad_DR/ros2_ws/install/rotor_tm_config/bin'
[1.406s] Level 1:colcon.colcon_core.environment:checking '/home/swati/Quad_DR/ros2_ws/install/rotor_tm_config/lib/pkgconfig/rotor_tm_config.pc'
[1.407s] Level 1:colcon.colcon_core.environment:checking '/home/swati/Quad_DR/ros2_ws/install/rotor_tm_config/lib/python3.10/site-packages'
[1.407s] Level 1:colcon.colcon_core.shell:create_environment_hook('rotor_tm_config', 'pythonpath')
[1.407s] INFO:colcon.colcon_core.shell:Creating environment hook '/home/swati/Quad_DR/ros2_ws/install/rotor_tm_config/share/rotor_tm_config/hook/pythonpath.ps1'
[1.407s] INFO:colcon.colcon_core.shell:Creating environment descriptor '/home/swati/Quad_DR/ros2_ws/install/rotor_tm_config/share/rotor_tm_config/hook/pythonpath.dsv'
[1.407s] INFO:colcon.colcon_core.shell:Creating environment hook '/home/swati/Quad_DR/ros2_ws/install/rotor_tm_config/share/rotor_tm_config/hook/pythonpath.sh'
[1.407s] Level 1:colcon.colcon_core.environment:checking '/home/swati/Quad_DR/ros2_ws/install/rotor_tm_config/bin'
[1.408s] Level 1:colcon.colcon_core.environment:create_environment_scripts_only(rotor_tm_config)
[1.408s] INFO:colcon.colcon_core.shell:Creating package script '/home/swati/Quad_DR/ros2_ws/install/rotor_tm_config/share/rotor_tm_config/package.ps1'
[1.408s] INFO:colcon.colcon_core.shell:Creating package descriptor '/home/swati/Quad_DR/ros2_ws/install/rotor_tm_config/share/rotor_tm_config/package.dsv'
[1.408s] INFO:colcon.colcon_core.shell:Creating package script '/home/swati/Quad_DR/ros2_ws/install/rotor_tm_config/share/rotor_tm_config/package.sh'
[1.408s] INFO:colcon.colcon_core.shell:Creating package script '/home/swati/Quad_DR/ros2_ws/install/rotor_tm_config/share/rotor_tm_config/package.bash'
[1.409s] INFO:colcon.colcon_core.shell:Creating package script '/home/swati/Quad_DR/ros2_ws/install/rotor_tm_config/share/rotor_tm_config/package.zsh'
[1.409s] Level 1:colcon.colcon_core.environment:create_file_with_runtime_dependencies(/home/swati/Quad_DR/ros2_ws/install/rotor_tm_config/share/colcon-core/packages/rotor_tm_config)
[1.495s] Level 1:colcon.colcon_core.environment:checking '/home/swati/Quad_DR/ros2_ws/install/rotor_tm_utils' for CMake module files
[1.496s] DEBUG:colcon.colcon_core.event_handler.log_command:Invoked command in '/home/swati/Quad_DR/ros2_ws/src/rotor_tm_utils' returned '0': PYTHONPATH=/home/swati/Quad_DR/ros2_ws/build/rotor_tm_utils/prefix_override:/usr/lib/python3/dist-packages/colcon_core/task/python/colcon_distutils_commands:/home/swati/Quad_DR/ros2_ws/install/rotor_tm_utils/lib/python3.10/site-packages:${PYTHONPATH} /usr/bin/python3 -W ignore:setup.py install is deprecated setup.py egg_info --egg-base ../../build/rotor_tm_utils build --build-base /home/swati/Quad_DR/ros2_ws/build/rotor_tm_utils/build install --record /home/swati/Quad_DR/ros2_ws/build/rotor_tm_utils/install.log --single-version-externally-managed install_data
[1.496s] Level 1:colcon.colcon_core.environment:checking '/home/swati/Quad_DR/ros2_ws/install/rotor_tm_utils' for CMake config files
[1.496s] Level 1:colcon.colcon_core.environment:checking '/home/swati/Quad_DR/ros2_ws/install/rotor_tm_utils/lib'
[1.496s] Level 1:colcon.colcon_core.environment:checking '/home/swati/Quad_DR/ros2_ws/install/rotor_tm_utils/bin'
[1.496s] Level 1:colcon.colcon_core.environment:checking '/home/swati/Quad_DR/ros2_ws/install/rotor_tm_utils/lib/pkgconfig/rotor_tm_utils.pc'
[1.496s] Level 1:colcon.colcon_core.environment:checking '/home/swati/Quad_DR/ros2_ws/install/rotor_tm_utils/lib/python3.10/site-packages'
[1.496s] Level 1:colcon.colcon_core.shell:create_environment_hook('rotor_tm_utils', 'pythonpath')
[1.497s] INFO:colcon.colcon_core.shell:Creating environment hook '/home/swati/Quad_DR/ros2_ws/install/rotor_tm_utils/share/rotor_tm_utils/hook/pythonpath.ps1'
[1.497s] INFO:colcon.colcon_core.shell:Creating environment descriptor '/home/swati/Quad_DR/ros2_ws/install/rotor_tm_utils/share/rotor_tm_utils/hook/pythonpath.dsv'
[1.497s] INFO:colcon.colcon_core.shell:Creating environment hook '/home/swati/Quad_DR/ros2_ws/install/rotor_tm_utils/share/rotor_tm_utils/hook/pythonpath.sh'
[1.497s] Level 1:colcon.colcon_core.environment:checking '/home/swati/Quad_DR/ros2_ws/install/rotor_tm_utils/bin'
[1.497s] Level 1:colcon.colcon_core.environment:create_environment_scripts_only(rotor_tm_utils)
[1.498s] INFO:colcon.colcon_core.shell:Creating package script '/home/swati/Quad_DR/ros2_ws/install/rotor_tm_utils/share/rotor_tm_utils/package.ps1'
[1.498s] INFO:colcon.colcon_core.shell:Creating package descriptor '/home/swati/Quad_DR/ros2_ws/install/rotor_tm_utils/share/rotor_tm_utils/package.dsv'
[1.498s] INFO:colcon.colcon_core.shell:Creating package script '/home/swati/Quad_DR/ros2_ws/install/rotor_tm_utils/share/rotor_tm_utils/package.sh'
[1.498s] INFO:colcon.colcon_core.shell:Creating package script '/home/swati/Quad_DR/ros2_ws/install/rotor_tm_utils/share/rotor_tm_utils/package.bash'
[1.498s] INFO:colcon.colcon_core.shell:Creating package script '/home/swati/Quad_DR/ros2_ws/install/rotor_tm_utils/share/rotor_tm_utils/package.zsh'
[1.499s] Level 1:colcon.colcon_core.environment:create_file_with_runtime_dependencies(/home/swati/Quad_DR/ros2_ws/install/rotor_tm_utils/share/colcon-core/packages/rotor_tm_utils)
[1.499s] INFO:colcon.colcon_ros.task.ament_python.build:Building ROS package in '/home/swati/Quad_DR/ros2_ws/src/rotor_tm_control' with build type 'ament_python'
[1.499s] Level 1:colcon.colcon_core.shell:create_environment_hook('rotor_tm_control', 'ament_prefix_path')
[1.499s] INFO:colcon.colcon_core.shell:Creating environment hook '/home/swati/Quad_DR/ros2_ws/install/rotor_tm_control/share/rotor_tm_control/hook/ament_prefix_path.ps1'
[1.499s] INFO:colcon.colcon_core.shell:Creating environment descriptor '/home/swati/Quad_DR/ros2_ws/install/rotor_tm_control/share/rotor_tm_control/hook/ament_prefix_path.dsv'
[1.500s] INFO:colcon.colcon_core.shell:Creating environment hook '/home/swati/Quad_DR/ros2_ws/install/rotor_tm_control/share/rotor_tm_control/hook/ament_prefix_path.sh'
[1.500s] INFO:colcon.colcon_core.shell:Skip shell extension 'powershell' for command environment: Not usable outside of PowerShell
[1.500s] DEBUG:colcon.colcon_core.shell:Skip shell extension 'dsv' for command environment
[1.502s] INFO:colcon.colcon_ros.task.ament_python.build:Building ROS package in '/home/swati/Quad_DR/ros2_ws/src/rotor_tm_sim' with build type 'ament_python'
[1.503s] Level 1:colcon.colcon_core.shell:create_environment_hook('rotor_tm_sim', 'ament_prefix_path')
[1.503s] INFO:colcon.colcon_core.shell:Creating environment hook '/home/swati/Quad_DR/ros2_ws/install/rotor_tm_sim/share/rotor_tm_sim/hook/ament_prefix_path.ps1'
[1.503s] INFO:colcon.colcon_core.shell:Creating environment descriptor '/home/swati/Quad_DR/ros2_ws/install/rotor_tm_sim/share/rotor_tm_sim/hook/ament_prefix_path.dsv'
[1.503s] INFO:colcon.colcon_core.shell:Creating environment hook '/home/swati/Quad_DR/ros2_ws/install/rotor_tm_sim/share/rotor_tm_sim/hook/ament_prefix_path.sh'
[1.504s] INFO:colcon.colcon_core.shell:Skip shell extension 'powershell' for command environment: Not usable outside of PowerShell
[1.504s] DEBUG:colcon.colcon_core.shell:Skip shell extension 'dsv' for command environment
[1.640s] INFO:colcon.colcon_core.task.python.build:Building Python package in '/home/swati/Quad_DR/ros2_ws/src/rotor_tm_control'
[1.640s] INFO:colcon.colcon_core.shell:Skip shell extension 'powershell' for command environment: Not usable outside of PowerShell
[1.640s] DEBUG:colcon.colcon_core.shell:Skip shell extension 'dsv' for command environment
[1.779s] INFO:colcon.colcon_core.task.python.build:Building Python package in '/home/swati/Quad_DR/ros2_ws/src/rotor_tm_sim'
[1.779s] INFO:colcon.colcon_core.shell:Skip shell extension 'powershell' for command environment: Not usable outside of PowerShell
[1.779s] DEBUG:colcon.colcon_core.shell:Skip shell extension 'dsv' for command environment
[2.126s] DEBUG:colcon.colcon_core.event_handler.log_command:Invoking command in '/home/swati/Quad_DR/ros2_ws/src/rotor_tm_sim': AMENT_PREFIX_PATH=/home/swati/Quad_DR/ros2_ws/install/rotor_tm_utils:/home/swati/Quad_DR/ros2_ws/install/rotor_tm_config:/home/swati/Quad_DR/ros2_ws/install/rotor_tm_sim:/home/swati/Quad_DR/ros2_ws/install/rotor_tm_control:/home/swati/Quad_DR/ros2_ws/install/rotor_tm_traj:/home/swati/Quad_DR/ros2_ws/install/rotor_tm_msgs:/home/swati/Quad_DR/ros2_ws/install/rotor_tm_keyboard2wrench:/opt/ros/humble LD_LIBRARY_PATH=/home/swati/Quad_DR/ros2_ws/install/rotor_tm_msgs/lib:/usr/lib/x86_64-linux-gnu/gazebo-11/plugins:/opt/ros/humble/opt/rviz_ogre_vendor/lib:/opt/ros/humble/lib/x86_64-linux-gnu:/opt/ros/humble/lib:/usr/share/gazebo/../../lib/x86_64-linux-gnu/gazebo-11/plugins PYTHONPATH=/home/swati/Quad_DR/ros2_ws/build/rotor_tm_sim/prefix_override:/usr/lib/python3/dist-packages/colcon_core/task/python/colcon_distutils_commands:/home/swati/Quad_DR/ros2_ws/install/rotor_tm_sim/lib/python3.10/site-packages:/home/swati/Quad_DR/ros2_ws/install/rotor_tm_utils/lib/python3.10/site-packages:/home/swati/Quad_DR/ros2_ws/install/rotor_tm_config/lib/python3.10/site-packages:/home/swati/Quad_DR/ros2_ws/install/rotor_tm_sim/lib/python3.10/site-packages:/home/swati/Quad_DR/ros2_ws/install/rotor_tm_control/lib/python3.10/site-packages:/home/swati/Quad_DR/ros2_ws/install/rotor_tm_traj/lib/python3.10/site-packages:/home/swati/Quad_DR/ros2_ws/install/rotor_tm_msgs/local/lib/python3.10/dist-packages:/home/swati/Quad_DR/ros2_ws/install/rotor_tm_keyboard2wrench/lib/python3.10/site-packages:/opt/ros/humble/lib/python3.10/site-packages:/opt/ros/humble/local/lib/python3.10/dist-packages /usr/bin/python3 -W ignore:setup.py install is deprecated setup.py egg_info --egg-base ../../build/rotor_tm_sim build --build-base /home/swati/Quad_DR/ros2_ws/build/rotor_tm_sim/build install --record /home/swati/Quad_DR/ros2_ws/build/rotor_tm_sim/install.log --single-version-externally-managed install_data
[2.127s] DEBUG:colcon.colcon_core.event_handler.log_command:Invoking command in '/home/swati/Quad_DR/ros2_ws/src/rotor_tm_control': AMENT_PREFIX_PATH=/home/swati/Quad_DR/ros2_ws/install/rotor_tm_utils:/home/swati/Quad_DR/ros2_ws/install/rotor_tm_sim:/home/swati/Quad_DR/ros2_ws/install/rotor_tm_control:/home/swati/Quad_DR/ros2_ws/install/rotor_tm_traj:/home/swati/Quad_DR/ros2_ws/install/rotor_tm_msgs:/home/swati/Quad_DR/ros2_ws/install/rotor_tm_keyboard2wrench:/home/swati/Quad_DR/ros2_ws/install/rotor_tm_config:/opt/ros/humble LD_LIBRARY_PATH=/home/swati/Quad_DR/ros2_ws/install/rotor_tm_msgs/lib:/usr/lib/x86_64-linux-gnu/gazebo-11/plugins:/opt/ros/humble/opt/rviz_ogre_vendor/lib:/opt/ros/humble/lib/x86_64-linux-gnu:/opt/ros/humble/lib:/usr/share/gazebo/../../lib/x86_64-linux-gnu/gazebo-11/plugins PYTHONPATH=/home/swati/Quad_DR/ros2_ws/build/rotor_tm_control/prefix_override:/usr/lib/python3/dist-packages/colcon_core/task/python/colcon_distutils_commands:/home/swati/Quad_DR/ros2_ws/install/rotor_tm_control/lib/python3.10/site-packages:/home/swati/Quad_DR/ros2_ws/install/rotor_tm_utils/lib/python3.10/site-packages:/home/swati/Quad_DR/ros2_ws/install/rotor_tm_sim/lib/python3.10/site-packages:/home/swati/Quad_DR/ros2_ws/install/rotor_tm_control/lib/python3.10/site-packages:/home/swati/Quad_DR/ros2_ws/install/rotor_tm_traj/lib/python3.10/site-packages:/home/swati/Quad_DR/ros2_ws/install/rotor_tm_msgs/local/lib/python3.10/dist-packages:/home/swati/Quad_DR/ros2_ws/install/rotor_tm_keyboard2wrench/lib/python3.10/site-packages:/home/swati/Quad_DR/ros2_ws/install/rotor_tm_config/lib/python3.10/site-packages:/opt/ros/humble/lib/python3.10/site-packages:/opt/ros/humble/local/lib/python3.10/dist-packages /usr/bin/python3 -W ignore:setup.py install is deprecated setup.py egg_info --egg-base ../../build/rotor_tm_control build --build-base /home/swati/Quad_DR/ros2_ws/build/rotor_tm_control/build install --record /home/swati/Quad_DR/ros2_ws/build/rotor_tm_control/install.log --single-version-externally-managed install_data
[2.429s] Level 1:colcon.colcon_core.environment:checking '/home/swati/Quad_DR/ros2_ws/install/rotor_tm_control' for CMake module files
[2.430s] DEBUG:colcon.colcon_core.event_handler.log_command:Invoked command in '/home/swati/Quad_DR/ros2_ws/src/rotor_tm_control' returned '0': AMENT_PREFIX_PATH=/home/swati/Quad_DR/ros2_ws/install/rotor_tm_utils:/home/swati/Quad_DR/ros2_ws/install/rotor_tm_sim:/home/swati/Quad_DR/ros2_ws/install/rotor_tm_control:/home/swati/Quad_DR/ros2_ws/install/rotor_tm_traj:/home/swati/Quad_DR/ros2_ws/install/rotor_tm_msgs:/home/swati/Quad_DR/ros2_ws/install/rotor_tm_keyboard2wrench:/home/swati/Quad_DR/ros2_ws/install/rotor_tm_config:/opt/ros/humble LD_LIBRARY_PATH=/home/swati/Quad_DR/ros2_ws/install/rotor_tm_msgs/lib:/usr/lib/x86_64-linux-gnu/gazebo-11/plugins:/opt/ros/humble/opt/rviz_ogre_vendor/lib:/opt/ros/humble/lib/x86_64-linux-gnu:/opt/ros/humble/lib:/usr/share/gazebo/../../lib/x86_64-linux-gnu/gazebo-11/plugins PYTHONPATH=/home/swati/Quad_DR/ros2_ws/build/rotor_tm_control/prefix_override:/usr/lib/python3/dist-packages/colcon_core/task/python/colcon_distutils_commands:/home/swati/Quad_DR/ros2_ws/install/rotor_tm_control/lib/python3.10/site-packages:/home/swati/Quad_DR/ros2_ws/install/rotor_tm_utils/lib/python3.10/site-packages:/home/swati/Quad_DR/ros2_ws/install/rotor_tm_sim/lib/python3.10/site-packages:/home/swati/Quad_DR/ros2_ws/install/rotor_tm_control/lib/python3.10/site-packages:/home/swati/Quad_DR/ros2_ws/install/rotor_tm_traj/lib/python3.10/site-packages:/home/swati/Quad_DR/ros2_ws/install/rotor_tm_msgs/local/lib/python3.10/dist-packages:/home/swati/Quad_DR/ros2_ws/install/rotor_tm_keyboard2wrench/lib/python3.10/site-packages:/home/swati/Quad_DR/ros2_ws/install/rotor_tm_config/lib/python3.10/site-packages:/opt/ros/humble/lib/python3.10/site-packages:/opt/ros/humble/local/lib/python3.10/dist-packages /usr/bin/python3 -W ignore:setup.py install is deprecated setup.py egg_info --egg-base ../../build/rotor_tm_control build --build-base /home/swati/Quad_DR/ros2_ws/build/rotor_tm_control/build install --record /home/swati/Quad_DR/ros2_ws/build/rotor_tm_control/install.log --single-version-externally-managed install_data
[2.430s] Level 1:colcon.colcon_core.environment:checking '/home/swati/Quad_DR/ros2_ws/install/rotor_tm_control' for CMake config files
[2.431s] Level 1:colcon.colcon_core.environment:checking '/home/swati/Quad_DR/ros2_ws/install/rotor_tm_control/lib'
[2.431s] Level 1:colcon.colcon_core.environment:checking '/home/swati/Quad_DR/ros2_ws/install/rotor_tm_control/bin'
[2.431s] Level 1:colcon.colcon_core.environment:checking '/home/swati/Quad_DR/ros2_ws/install/rotor_tm_control/lib/pkgconfig/rotor_tm_control.pc'
[2.432s] Level 1:colcon.colcon_core.environment:checking '/home/swati/Quad_DR/ros2_ws/install/rotor_tm_control/lib/python3.10/site-packages'
[2.432s] Level 1:colcon.colcon_core.shell:create_environment_hook('rotor_tm_control', 'pythonpath')
[2.432s] INFO:colcon.colcon_core.shell:Creating environment hook '/home/swati/Quad_DR/ros2_ws/install/rotor_tm_control/share/rotor_tm_control/hook/pythonpath.ps1'
[2.433s] INFO:colcon.colcon_core.shell:Creating environment descriptor '/home/swati/Quad_DR/ros2_ws/install/rotor_tm_control/share/rotor_tm_control/hook/pythonpath.dsv'
[2.433s] INFO:colcon.colcon_core.shell:Creating environment hook '/home/swati/Quad_DR/ros2_ws/install/rotor_tm_control/share/rotor_tm_control/hook/pythonpath.sh'
[2.434s] Level 1:colcon.colcon_core.environment:checking '/home/swati/Quad_DR/ros2_ws/install/rotor_tm_control/bin'
[2.434s] Level 1:colcon.colcon_core.environment:create_environment_scripts_only(rotor_tm_control)
[2.434s] INFO:colcon.colcon_core.shell:Creating package script '/home/swati/Quad_DR/ros2_ws/install/rotor_tm_control/share/rotor_tm_control/package.ps1'
[2.435s] INFO:colcon.colcon_core.shell:Creating package descriptor '/home/swati/Quad_DR/ros2_ws/install/rotor_tm_control/share/rotor_tm_control/package.dsv'
[2.435s] INFO:colcon.colcon_core.shell:Creating package script '/home/swati/Quad_DR/ros2_ws/install/rotor_tm_control/share/rotor_tm_control/package.sh'
[2.435s] INFO:colcon.colcon_core.shell:Creating package script '/home/swati/Quad_DR/ros2_ws/install/rotor_tm_control/share/rotor_tm_control/package.bash'
[2.435s] INFO:colcon.colcon_core.shell:Creating package script '/home/swati/Quad_DR/ros2_ws/install/rotor_tm_control/share/rotor_tm_control/package.zsh'
[2.435s] Level 1:colcon.colcon_core.environment:create_file_with_runtime_dependencies(/home/swati/Quad_DR/ros2_ws/install/rotor_tm_control/share/colcon-core/packages/rotor_tm_control)
[2.436s] Level 1:colcon.colcon_core.environment:checking '/home/swati/Quad_DR/ros2_ws/install/rotor_tm_sim' for CMake module files
[2.437s] DEBUG:colcon.colcon_core.event_handler.log_command:Invoked command in '/home/swati/Quad_DR/ros2_ws/src/rotor_tm_sim' returned '0': AMENT_PREFIX_PATH=/home/swati/Quad_DR/ros2_ws/install/rotor_tm_utils:/home/swati/Quad_DR/ros2_ws/install/rotor_tm_config:/home/swati/Quad_DR/ros2_ws/install/rotor_tm_sim:/home/swati/Quad_DR/ros2_ws/install/rotor_tm_control:/home/swati/Quad_DR/ros2_ws/install/rotor_tm_traj:/home/swati/Quad_DR/ros2_ws/install/rotor_tm_msgs:/home/swati/Quad_DR/ros2_ws/install/rotor_tm_keyboard2wrench:/opt/ros/humble LD_LIBRARY_PATH=/home/swati/Quad_DR/ros2_ws/install/rotor_tm_msgs/lib:/usr/lib/x86_64-linux-gnu/gazebo-11/plugins:/opt/ros/humble/opt/rviz_ogre_vendor/lib:/opt/ros/humble/lib/x86_64-linux-gnu:/opt/ros/humble/lib:/usr/share/gazebo/../../lib/x86_64-linux-gnu/gazebo-11/plugins PYTHONPATH=/home/swati/Quad_DR/ros2_ws/build/rotor_tm_sim/prefix_override:/usr/lib/python3/dist-packages/colcon_core/task/python/colcon_distutils_commands:/home/swati/Quad_DR/ros2_ws/install/rotor_tm_sim/lib/python3.10/site-packages:/home/swati/Quad_DR/ros2_ws/install/rotor_tm_utils/lib/python3.10/site-packages:/home/swati/Quad_DR/ros2_ws/install/rotor_tm_config/lib/python3.10/site-packages:/home/swati/Quad_DR/ros2_ws/install/rotor_tm_sim/lib/python3.10/site-packages:/home/swati/Quad_DR/ros2_ws/install/rotor_tm_control/lib/python3.10/site-packages:/home/swati/Quad_DR/ros2_ws/install/rotor_tm_traj/lib/python3.10/site-packages:/home/swati/Quad_DR/ros2_ws/install/rotor_tm_msgs/local/lib/python3.10/dist-packages:/home/swati/Quad_DR/ros2_ws/install/rotor_tm_keyboard2wrench/lib/python3.10/site-packages:/opt/ros/humble/lib/python3.10/site-packages:/opt/ros/humble/local/lib/python3.10/dist-packages /usr/bin/python3 -W ignore:setup.py install is deprecated setup.py egg_info --egg-base ../../build/rotor_tm_sim build --build-base /home/swati/Quad_DR/ros2_ws/build/rotor_tm_sim/build install --record /home/swati/Quad_DR/ros2_ws/build/rotor_tm_sim/install.log --single-version-externally-managed install_data
[2.437s] Level 1:colcon.colcon_core.environment:checking '/home/swati/Quad_DR/ros2_ws/install/rotor_tm_sim' for CMake config files
[2.437s] Level 1:colcon.colcon_core.environment:checking '/home/swati/Quad_DR/ros2_ws/install/rotor_tm_sim/lib'
[2.437s] Level 1:colcon.colcon_core.environment:checking '/home/swati/Quad_DR/ros2_ws/install/rotor_tm_sim/bin'
[2.437s] Level 1:colcon.colcon_core.environment:checking '/home/swati/Quad_DR/ros2_ws/install/rotor_tm_sim/lib/pkgconfig/rotor_tm_sim.pc'
[2.437s] Level 1:colcon.colcon_core.environment:checking '/home/swati/Quad_DR/ros2_ws/install/rotor_tm_sim/lib/python3.10/site-packages'
[2.438s] Level 1:colcon.colcon_core.shell:create_environment_hook('rotor_tm_sim', 'pythonpath')
[2.438s] INFO:colcon.colcon_core.shell:Creating environment hook '/home/swati/Quad_DR/ros2_ws/install/rotor_tm_sim/share/rotor_tm_sim/hook/pythonpath.ps1'
[2.438s] INFO:colcon.colcon_core.shell:Creating environment descriptor '/home/swati/Quad_DR/ros2_ws/install/rotor_tm_sim/share/rotor_tm_sim/hook/pythonpath.dsv'
[2.439s] INFO:colcon.colcon_core.shell:Creating environment hook '/home/swati/Quad_DR/ros2_ws/install/rotor_tm_sim/share/rotor_tm_sim/hook/pythonpath.sh'
[2.439s] Level 1:colcon.colcon_core.environment:checking '/home/swati/Quad_DR/ros2_ws/install/rotor_tm_sim/bin'
[2.439s] Level 1:colcon.colcon_core.environment:create_environment_scripts_only(rotor_tm_sim)
[2.440s] INFO:colcon.colcon_core.shell:Creating package script '/home/swati/Quad_DR/ros2_ws/install/rotor_tm_sim/share/rotor_tm_sim/package.ps1'
[2.440s] INFO:colcon.colcon_core.shell:Creating package descriptor '/home/swati/Quad_DR/ros2_ws/install/rotor_tm_sim/share/rotor_tm_sim/package.dsv'
[2.441s] INFO:colcon.colcon_core.shell:Creating package script '/home/swati/Quad_DR/ros2_ws/install/rotor_tm_sim/share/rotor_tm_sim/package.sh'
[2.441s] INFO:colcon.colcon_core.shell:Creating package script '/home/swati/Quad_DR/ros2_ws/install/rotor_tm_sim/share/rotor_tm_sim/package.bash'
[2.441s] INFO:colcon.colcon_core.shell:Creating package script '/home/swati/Quad_DR/ros2_ws/install/rotor_tm_sim/share/rotor_tm_sim/package.zsh'
[2.442s] Level 1:colcon.colcon_core.environment:create_file_with_runtime_dependencies(/home/swati/Quad_DR/ros2_ws/install/rotor_tm_sim/share/colcon-core/packages/rotor_tm_sim)
[2.442s] DEBUG:colcon.colcon_parallel_executor.executor.parallel:closing loop
[2.442s] DEBUG:colcon.colcon_parallel_executor.executor.parallel:loop closed
[2.442s] DEBUG:colcon.colcon_parallel_executor.executor.parallel:run_until_complete finished with '0'
[2.443s] DEBUG:colcon.colcon_core.event_reactor:joining thread
[2.447s] INFO:colcon.colcon_core.plugin_system:Skipping extension 'colcon_notification.desktop_notification.terminal_notifier': Not used on non-Darwin systems
[2.447s] INFO:colcon.colcon_core.plugin_system:Skipping extension 'colcon_notification.desktop_notification.win32': Not used on non-Windows systems
[2.447s] INFO:colcon.colcon_notification.desktop_notification:Sending desktop notification using 'notify2'
[2.458s] DEBUG:colcon.colcon_core.event_reactor:joined thread
[2.458s] INFO:colcon.colcon_core.shell:Creating prefix script '/home/swati/Quad_DR/ros2_ws/install/local_setup.ps1'
[2.460s] INFO:colcon.colcon_core.shell:Creating prefix util module '/home/swati/Quad_DR/ros2_ws/install/_local_setup_util_ps1.py'
[2.461s] INFO:colcon.colcon_core.shell:Creating prefix chain script '/home/swati/Quad_DR/ros2_ws/install/setup.ps1'
[2.463s] INFO:colcon.colcon_core.shell:Creating prefix script '/home/swati/Quad_DR/ros2_ws/install/local_setup.sh'
[2.463s] INFO:colcon.colcon_core.shell:Creating prefix util module '/home/swati/Quad_DR/ros2_ws/install/_local_setup_util_sh.py'
[2.464s] INFO:colcon.colcon_core.shell:Creating prefix chain script '/home/swati/Quad_DR/ros2_ws/install/setup.sh'
[2.465s] INFO:colcon.colcon_core.shell:Creating prefix script '/home/swati/Quad_DR/ros2_ws/install/local_setup.bash'
[2.466s] INFO:colcon.colcon_core.shell:Creating prefix chain script '/home/swati/Quad_DR/ros2_ws/install/setup.bash'
[2.467s] INFO:colcon.colcon_core.shell:Creating prefix script '/home/swati/Quad_DR/ros2_ws/install/local_setup.zsh'
[2.467s] INFO:colcon.colcon_core.shell:Creating prefix chain script '/home/swati/Quad_DR/ros2_ws/install/setup.zsh'
