running egg_info
creating ../../build/rotor_tm_traj/rotor_tm_traj.egg-info
writing ../../build/rotor_tm_traj/rotor_tm_traj.egg-info/PKG-INFO
writing dependency_links to ../../build/rotor_tm_traj/rotor_tm_traj.egg-info/dependency_links.txt
writing entry points to ../../build/rotor_tm_traj/rotor_tm_traj.egg-info/entry_points.txt
writing requirements to ../../build/rotor_tm_traj/rotor_tm_traj.egg-info/requires.txt
writing top-level names to ../../build/rotor_tm_traj/rotor_tm_traj.egg-info/top_level.txt
writing manifest file '../../build/rotor_tm_traj/rotor_tm_traj.egg-info/SOURCES.txt'
reading manifest file '../../build/rotor_tm_traj/rotor_tm_traj.egg-info/SOURCES.txt'
adding license file 'LICENSE'
writing manifest file '../../build/rotor_tm_traj/rotor_tm_traj.egg-info/SOURCES.txt'
running build
running build_py
creating /home/swati/Quad_DR/ros2_ws/build/rotor_tm_traj/build/lib/rotor_tm_traj
copying rotor_tm_traj/traj.py -> /home/swati/Quad_DR/ros2_ws/build/rotor_tm_traj/build/lib/rotor_tm_traj
copying rotor_tm_traj/map.py -> /home/swati/Quad_DR/ros2_ws/build/rotor_tm_traj/build/lib/rotor_tm_traj
copying rotor_tm_traj/__init__.py -> /home/swati/Quad_DR/ros2_ws/build/rotor_tm_traj/build/lib/rotor_tm_traj
copying rotor_tm_traj/create_options.py -> /home/swati/Quad_DR/ros2_ws/build/rotor_tm_traj/build/lib/rotor_tm_traj
copying rotor_tm_traj/traj_node.py -> /home/swati/Quad_DR/ros2_ws/build/rotor_tm_traj/build/lib/rotor_tm_traj
creating /home/swati/Quad_DR/ros2_ws/build/rotor_tm_traj/build/lib/rotor_tm_traj/Optimization
copying rotor_tm_traj/Optimization/generate_2pt_corridor_constraint.py -> /home/swati/Quad_DR/ros2_ws/build/rotor_tm_traj/build/lib/rotor_tm_traj/Optimization
copying rotor_tm_traj/Optimization/generate_constraint.py -> /home/swati/Quad_DR/ros2_ws/build/rotor_tm_traj/build/lib/rotor_tm_traj/Optimization
copying rotor_tm_traj/Optimization/__init__.py -> /home/swati/Quad_DR/ros2_ws/build/rotor_tm_traj/build/lib/rotor_tm_traj/Optimization
copying rotor_tm_traj/Optimization/optimize_traj.py -> /home/swati/Quad_DR/ros2_ws/build/rotor_tm_traj/build/lib/rotor_tm_traj/Optimization
copying rotor_tm_traj/Optimization/generate_corridor_constraint.py -> /home/swati/Quad_DR/ros2_ws/build/rotor_tm_traj/build/lib/rotor_tm_traj/Optimization
copying rotor_tm_traj/Optimization/generate_path_with_time.py -> /home/swati/Quad_DR/ros2_ws/build/rotor_tm_traj/build/lib/rotor_tm_traj/Optimization
copying rotor_tm_traj/Optimization/allocate_time.py -> /home/swati/Quad_DR/ros2_ws/build/rotor_tm_traj/build/lib/rotor_tm_traj/Optimization
creating /home/swati/Quad_DR/ros2_ws/build/rotor_tm_traj/build/lib/rotor_tm_traj/Optimization/entire_path
copying rotor_tm_traj/Optimization/entire_path/generate_polynomial_matrix.py -> /home/swati/Quad_DR/ros2_ws/build/rotor_tm_traj/build/lib/rotor_tm_traj/Optimization/entire_path
copying rotor_tm_traj/Optimization/entire_path/generate_poly.py -> /home/swati/Quad_DR/ros2_ws/build/rotor_tm_traj/build/lib/rotor_tm_traj/Optimization/entire_path
copying rotor_tm_traj/Optimization/entire_path/generate_poly_coeff.py -> /home/swati/Quad_DR/ros2_ws/build/rotor_tm_traj/build/lib/rotor_tm_traj/Optimization/entire_path
copying rotor_tm_traj/Optimization/entire_path/__init__.py -> /home/swati/Quad_DR/ros2_ws/build/rotor_tm_traj/build/lib/rotor_tm_traj/Optimization/entire_path
copying rotor_tm_traj/Optimization/entire_path/generate_H.py -> /home/swati/Quad_DR/ros2_ws/build/rotor_tm_traj/build/lib/rotor_tm_traj/Optimization/entire_path
running install
running install_lib
creating /home/swati/Quad_DR/ros2_ws/install/rotor_tm_traj/lib/python3.10/site-packages/rotor_tm_traj
copying /home/swati/Quad_DR/ros2_ws/build/rotor_tm_traj/build/lib/rotor_tm_traj/traj.py -> /home/swati/Quad_DR/ros2_ws/install/rotor_tm_traj/lib/python3.10/site-packages/rotor_tm_traj
copying /home/swati/Quad_DR/ros2_ws/build/rotor_tm_traj/build/lib/rotor_tm_traj/map.py -> /home/swati/Quad_DR/ros2_ws/install/rotor_tm_traj/lib/python3.10/site-packages/rotor_tm_traj
copying /home/swati/Quad_DR/ros2_ws/build/rotor_tm_traj/build/lib/rotor_tm_traj/__init__.py -> /home/swati/Quad_DR/ros2_ws/install/rotor_tm_traj/lib/python3.10/site-packages/rotor_tm_traj
copying /home/swati/Quad_DR/ros2_ws/build/rotor_tm_traj/build/lib/rotor_tm_traj/create_options.py -> /home/swati/Quad_DR/ros2_ws/install/rotor_tm_traj/lib/python3.10/site-packages/rotor_tm_traj
copying /home/swati/Quad_DR/ros2_ws/build/rotor_tm_traj/build/lib/rotor_tm_traj/traj_node.py -> /home/swati/Quad_DR/ros2_ws/install/rotor_tm_traj/lib/python3.10/site-packages/rotor_tm_traj
creating /home/swati/Quad_DR/ros2_ws/install/rotor_tm_traj/lib/python3.10/site-packages/rotor_tm_traj/Optimization
copying /home/swati/Quad_DR/ros2_ws/build/rotor_tm_traj/build/lib/rotor_tm_traj/Optimization/generate_2pt_corridor_constraint.py -> /home/swati/Quad_DR/ros2_ws/install/rotor_tm_traj/lib/python3.10/site-packages/rotor_tm_traj/Optimization
copying /home/swati/Quad_DR/ros2_ws/build/rotor_tm_traj/build/lib/rotor_tm_traj/Optimization/generate_constraint.py -> /home/swati/Quad_DR/ros2_ws/install/rotor_tm_traj/lib/python3.10/site-packages/rotor_tm_traj/Optimization
copying /home/swati/Quad_DR/ros2_ws/build/rotor_tm_traj/build/lib/rotor_tm_traj/Optimization/__init__.py -> /home/swati/Quad_DR/ros2_ws/install/rotor_tm_traj/lib/python3.10/site-packages/rotor_tm_traj/Optimization
copying /home/swati/Quad_DR/ros2_ws/build/rotor_tm_traj/build/lib/rotor_tm_traj/Optimization/optimize_traj.py -> /home/swati/Quad_DR/ros2_ws/install/rotor_tm_traj/lib/python3.10/site-packages/rotor_tm_traj/Optimization
creating /home/swati/Quad_DR/ros2_ws/install/rotor_tm_traj/lib/python3.10/site-packages/rotor_tm_traj/Optimization/entire_path
copying /home/swati/Quad_DR/ros2_ws/build/rotor_tm_traj/build/lib/rotor_tm_traj/Optimization/entire_path/generate_polynomial_matrix.py -> /home/swati/Quad_DR/ros2_ws/install/rotor_tm_traj/lib/python3.10/site-packages/rotor_tm_traj/Optimization/entire_path
copying /home/swati/Quad_DR/ros2_ws/build/rotor_tm_traj/build/lib/rotor_tm_traj/Optimization/entire_path/generate_poly.py -> /home/swati/Quad_DR/ros2_ws/install/rotor_tm_traj/lib/python3.10/site-packages/rotor_tm_traj/Optimization/entire_path
copying /home/swati/Quad_DR/ros2_ws/build/rotor_tm_traj/build/lib/rotor_tm_traj/Optimization/entire_path/generate_poly_coeff.py -> /home/swati/Quad_DR/ros2_ws/install/rotor_tm_traj/lib/python3.10/site-packages/rotor_tm_traj/Optimization/entire_path
copying /home/swati/Quad_DR/ros2_ws/build/rotor_tm_traj/build/lib/rotor_tm_traj/Optimization/entire_path/__init__.py -> /home/swati/Quad_DR/ros2_ws/install/rotor_tm_traj/lib/python3.10/site-packages/rotor_tm_traj/Optimization/entire_path
copying /home/swati/Quad_DR/ros2_ws/build/rotor_tm_traj/build/lib/rotor_tm_traj/Optimization/entire_path/generate_H.py -> /home/swati/Quad_DR/ros2_ws/install/rotor_tm_traj/lib/python3.10/site-packages/rotor_tm_traj/Optimization/entire_path
copying /home/swati/Quad_DR/ros2_ws/build/rotor_tm_traj/build/lib/rotor_tm_traj/Optimization/generate_corridor_constraint.py -> /home/swati/Quad_DR/ros2_ws/install/rotor_tm_traj/lib/python3.10/site-packages/rotor_tm_traj/Optimization
copying /home/swati/Quad_DR/ros2_ws/build/rotor_tm_traj/build/lib/rotor_tm_traj/Optimization/generate_path_with_time.py -> /home/swati/Quad_DR/ros2_ws/install/rotor_tm_traj/lib/python3.10/site-packages/rotor_tm_traj/Optimization
copying /home/swati/Quad_DR/ros2_ws/build/rotor_tm_traj/build/lib/rotor_tm_traj/Optimization/allocate_time.py -> /home/swati/Quad_DR/ros2_ws/install/rotor_tm_traj/lib/python3.10/site-packages/rotor_tm_traj/Optimization
byte-compiling /home/swati/Quad_DR/ros2_ws/install/rotor_tm_traj/lib/python3.10/site-packages/rotor_tm_traj/traj.py to traj.cpython-310.pyc
byte-compiling /home/swati/Quad_DR/ros2_ws/install/rotor_tm_traj/lib/python3.10/site-packages/rotor_tm_traj/map.py to map.cpython-310.pyc
byte-compiling /home/swati/Quad_DR/ros2_ws/install/rotor_tm_traj/lib/python3.10/site-packages/rotor_tm_traj/__init__.py to __init__.cpython-310.pyc
byte-compiling /home/swati/Quad_DR/ros2_ws/install/rotor_tm_traj/lib/python3.10/site-packages/rotor_tm_traj/create_options.py to create_options.cpython-310.pyc
byte-compiling /home/swati/Quad_DR/ros2_ws/install/rotor_tm_traj/lib/python3.10/site-packages/rotor_tm_traj/traj_node.py to traj_node.cpython-310.pyc
byte-compiling /home/swati/Quad_DR/ros2_ws/install/rotor_tm_traj/lib/python3.10/site-packages/rotor_tm_traj/Optimization/generate_2pt_corridor_constraint.py to generate_2pt_corridor_constraint.cpython-310.pyc
byte-compiling /home/swati/Quad_DR/ros2_ws/install/rotor_tm_traj/lib/python3.10/site-packages/rotor_tm_traj/Optimization/generate_constraint.py to generate_constraint.cpython-310.pyc
byte-compiling /home/swati/Quad_DR/ros2_ws/install/rotor_tm_traj/lib/python3.10/site-packages/rotor_tm_traj/Optimization/__init__.py to __init__.cpython-310.pyc
byte-compiling /home/swati/Quad_DR/ros2_ws/install/rotor_tm_traj/lib/python3.10/site-packages/rotor_tm_traj/Optimization/optimize_traj.py to optimize_traj.cpython-310.pyc
byte-compiling /home/swati/Quad_DR/ros2_ws/install/rotor_tm_traj/lib/python3.10/site-packages/rotor_tm_traj/Optimization/entire_path/generate_polynomial_matrix.py to generate_polynomial_matrix.cpython-310.pyc
byte-compiling /home/swati/Quad_DR/ros2_ws/install/rotor_tm_traj/lib/python3.10/site-packages/rotor_tm_traj/Optimization/entire_path/generate_poly.py to generate_poly.cpython-310.pyc
byte-compiling /home/swati/Quad_DR/ros2_ws/install/rotor_tm_traj/lib/python3.10/site-packages/rotor_tm_traj/Optimization/entire_path/generate_poly_coeff.py to generate_poly_coeff.cpython-310.pyc
byte-compiling /home/swati/Quad_DR/ros2_ws/install/rotor_tm_traj/lib/python3.10/site-packages/rotor_tm_traj/Optimization/entire_path/__init__.py to __init__.cpython-310.pyc
byte-compiling /home/swati/Quad_DR/ros2_ws/install/rotor_tm_traj/lib/python3.10/site-packages/rotor_tm_traj/Optimization/entire_path/generate_H.py to generate_H.cpython-310.pyc
byte-compiling /home/swati/Quad_DR/ros2_ws/install/rotor_tm_traj/lib/python3.10/site-packages/rotor_tm_traj/Optimization/generate_corridor_constraint.py to generate_corridor_constraint.cpython-310.pyc
byte-compiling /home/swati/Quad_DR/ros2_ws/install/rotor_tm_traj/lib/python3.10/site-packages/rotor_tm_traj/Optimization/generate_path_with_time.py to generate_path_with_time.cpython-310.pyc
byte-compiling /home/swati/Quad_DR/ros2_ws/install/rotor_tm_traj/lib/python3.10/site-packages/rotor_tm_traj/Optimization/allocate_time.py to allocate_time.cpython-310.pyc
running install_data
creating /home/swati/Quad_DR/ros2_ws/install/rotor_tm_traj/share/ament_index/resource_index/packages
copying resource/rotor_tm_traj -> /home/swati/Quad_DR/ros2_ws/install/rotor_tm_traj/share/ament_index/resource_index/packages
copying package.xml -> /home/swati/Quad_DR/ros2_ws/install/rotor_tm_traj/share/rotor_tm_traj
running install_egg_info
Copying ../../build/rotor_tm_traj/rotor_tm_traj.egg-info to /home/swati/Quad_DR/ros2_ws/install/rotor_tm_traj/lib/python3.10/site-packages/rotor_tm_traj-0.0.0-py3.10.egg-info
running install_scripts
Installing traj_node script to /home/swati/Quad_DR/ros2_ws/install/rotor_tm_traj/lib/rotor_tm_traj
writing list of installed files to '/home/swati/Quad_DR/ros2_ws/build/rotor_tm_traj/install.log'
