[0.925s] Invoking command in '/home/swati/Quad_DR/ros2_ws/src/rotor_tm_traj': PYTHONPATH=/home/swati/Quad_DR/ros2_ws/build/rotor_tm_traj/prefix_override:/usr/lib/python3/dist-packages/colcon_core/task/python/colcon_distutils_commands:/home/swati/Quad_DR/ros2_ws/install/rotor_tm_traj/lib/python3.10/site-packages:${PYTHONPATH} /usr/bin/python3 -W ignore:setup.py install is deprecated setup.py egg_info --egg-base ../../build/rotor_tm_traj build --build-base /home/swati/Quad_DR/ros2_ws/build/rotor_tm_traj/build install --record /home/swati/Quad_DR/ros2_ws/build/rotor_tm_traj/install.log --single-version-externally-managed install_data
[1.021s] /home/swati/.local/lib/python3.10/site-packages/setuptools/_distutils/dist.py:261: UserWarning: Unknown distribution option: 'tests_require'
[1.021s]   warnings.warn(msg)
[1.075s] running egg_info
[1.084s] creating ../../build/rotor_tm_traj/rotor_tm_traj.egg-info
[1.084s] writing ../../build/rotor_tm_traj/rotor_tm_traj.egg-info/PKG-INFO
[1.084s] writing dependency_links to ../../build/rotor_tm_traj/rotor_tm_traj.egg-info/dependency_links.txt
[1.084s] writing entry points to ../../build/rotor_tm_traj/rotor_tm_traj.egg-info/entry_points.txt
[1.084s] writing requirements to ../../build/rotor_tm_traj/rotor_tm_traj.egg-info/requires.txt
[1.085s] writing top-level names to ../../build/rotor_tm_traj/rotor_tm_traj.egg-info/top_level.txt
[1.085s] writing manifest file '../../build/rotor_tm_traj/rotor_tm_traj.egg-info/SOURCES.txt'
[1.103s] reading manifest file '../../build/rotor_tm_traj/rotor_tm_traj.egg-info/SOURCES.txt'
[1.103s] adding license file 'LICENSE'
[1.104s] writing manifest file '../../build/rotor_tm_traj/rotor_tm_traj.egg-info/SOURCES.txt'
[1.104s] running build
[1.104s] running build_py
[1.104s] creating /home/swati/Quad_DR/ros2_ws/build/rotor_tm_traj/build/lib/rotor_tm_traj
[1.104s] copying rotor_tm_traj/traj.py -> /home/swati/Quad_DR/ros2_ws/build/rotor_tm_traj/build/lib/rotor_tm_traj
[1.105s] copying rotor_tm_traj/map.py -> /home/swati/Quad_DR/ros2_ws/build/rotor_tm_traj/build/lib/rotor_tm_traj
[1.105s] copying rotor_tm_traj/__init__.py -> /home/swati/Quad_DR/ros2_ws/build/rotor_tm_traj/build/lib/rotor_tm_traj
[1.105s] copying rotor_tm_traj/create_options.py -> /home/swati/Quad_DR/ros2_ws/build/rotor_tm_traj/build/lib/rotor_tm_traj
[1.105s] copying rotor_tm_traj/traj_node.py -> /home/swati/Quad_DR/ros2_ws/build/rotor_tm_traj/build/lib/rotor_tm_traj
[1.105s] creating /home/swati/Quad_DR/ros2_ws/build/rotor_tm_traj/build/lib/rotor_tm_traj/Optimization
[1.105s] copying rotor_tm_traj/Optimization/generate_2pt_corridor_constraint.py -> /home/swati/Quad_DR/ros2_ws/build/rotor_tm_traj/build/lib/rotor_tm_traj/Optimization
[1.105s] copying rotor_tm_traj/Optimization/generate_constraint.py -> /home/swati/Quad_DR/ros2_ws/build/rotor_tm_traj/build/lib/rotor_tm_traj/Optimization
[1.105s] copying rotor_tm_traj/Optimization/__init__.py -> /home/swati/Quad_DR/ros2_ws/build/rotor_tm_traj/build/lib/rotor_tm_traj/Optimization
[1.105s] copying rotor_tm_traj/Optimization/optimize_traj.py -> /home/swati/Quad_DR/ros2_ws/build/rotor_tm_traj/build/lib/rotor_tm_traj/Optimization
[1.105s] copying rotor_tm_traj/Optimization/generate_corridor_constraint.py -> /home/swati/Quad_DR/ros2_ws/build/rotor_tm_traj/build/lib/rotor_tm_traj/Optimization
[1.105s] copying rotor_tm_traj/Optimization/generate_path_with_time.py -> /home/swati/Quad_DR/ros2_ws/build/rotor_tm_traj/build/lib/rotor_tm_traj/Optimization
[1.106s] copying rotor_tm_traj/Optimization/allocate_time.py -> /home/swati/Quad_DR/ros2_ws/build/rotor_tm_traj/build/lib/rotor_tm_traj/Optimization
[1.106s] creating /home/swati/Quad_DR/ros2_ws/build/rotor_tm_traj/build/lib/rotor_tm_traj/Optimization/entire_path
[1.106s] copying rotor_tm_traj/Optimization/entire_path/generate_polynomial_matrix.py -> /home/swati/Quad_DR/ros2_ws/build/rotor_tm_traj/build/lib/rotor_tm_traj/Optimization/entire_path
[1.106s] copying rotor_tm_traj/Optimization/entire_path/generate_poly.py -> /home/swati/Quad_DR/ros2_ws/build/rotor_tm_traj/build/lib/rotor_tm_traj/Optimization/entire_path
[1.106s] copying rotor_tm_traj/Optimization/entire_path/generate_poly_coeff.py -> /home/swati/Quad_DR/ros2_ws/build/rotor_tm_traj/build/lib/rotor_tm_traj/Optimization/entire_path
[1.106s] copying rotor_tm_traj/Optimization/entire_path/__init__.py -> /home/swati/Quad_DR/ros2_ws/build/rotor_tm_traj/build/lib/rotor_tm_traj/Optimization/entire_path
[1.106s] copying rotor_tm_traj/Optimization/entire_path/generate_H.py -> /home/swati/Quad_DR/ros2_ws/build/rotor_tm_traj/build/lib/rotor_tm_traj/Optimization/entire_path
[1.106s] running install
[1.109s] running install_lib
[1.118s] creating /home/swati/Quad_DR/ros2_ws/install/rotor_tm_traj/lib/python3.10/site-packages/rotor_tm_traj
[1.118s] copying /home/swati/Quad_DR/ros2_ws/build/rotor_tm_traj/build/lib/rotor_tm_traj/traj.py -> /home/swati/Quad_DR/ros2_ws/install/rotor_tm_traj/lib/python3.10/site-packages/rotor_tm_traj
[1.118s] copying /home/swati/Quad_DR/ros2_ws/build/rotor_tm_traj/build/lib/rotor_tm_traj/map.py -> /home/swati/Quad_DR/ros2_ws/install/rotor_tm_traj/lib/python3.10/site-packages/rotor_tm_traj
[1.119s] copying /home/swati/Quad_DR/ros2_ws/build/rotor_tm_traj/build/lib/rotor_tm_traj/__init__.py -> /home/swati/Quad_DR/ros2_ws/install/rotor_tm_traj/lib/python3.10/site-packages/rotor_tm_traj
[1.119s] copying /home/swati/Quad_DR/ros2_ws/build/rotor_tm_traj/build/lib/rotor_tm_traj/create_options.py -> /home/swati/Quad_DR/ros2_ws/install/rotor_tm_traj/lib/python3.10/site-packages/rotor_tm_traj
[1.119s] copying /home/swati/Quad_DR/ros2_ws/build/rotor_tm_traj/build/lib/rotor_tm_traj/traj_node.py -> /home/swati/Quad_DR/ros2_ws/install/rotor_tm_traj/lib/python3.10/site-packages/rotor_tm_traj
[1.119s] creating /home/swati/Quad_DR/ros2_ws/install/rotor_tm_traj/lib/python3.10/site-packages/rotor_tm_traj/Optimization
[1.119s] copying /home/swati/Quad_DR/ros2_ws/build/rotor_tm_traj/build/lib/rotor_tm_traj/Optimization/generate_2pt_corridor_constraint.py -> /home/swati/Quad_DR/ros2_ws/install/rotor_tm_traj/lib/python3.10/site-packages/rotor_tm_traj/Optimization
[1.119s] copying /home/swati/Quad_DR/ros2_ws/build/rotor_tm_traj/build/lib/rotor_tm_traj/Optimization/generate_constraint.py -> /home/swati/Quad_DR/ros2_ws/install/rotor_tm_traj/lib/python3.10/site-packages/rotor_tm_traj/Optimization
[1.119s] copying /home/swati/Quad_DR/ros2_ws/build/rotor_tm_traj/build/lib/rotor_tm_traj/Optimization/__init__.py -> /home/swati/Quad_DR/ros2_ws/install/rotor_tm_traj/lib/python3.10/site-packages/rotor_tm_traj/Optimization
[1.119s] copying /home/swati/Quad_DR/ros2_ws/build/rotor_tm_traj/build/lib/rotor_tm_traj/Optimization/optimize_traj.py -> /home/swati/Quad_DR/ros2_ws/install/rotor_tm_traj/lib/python3.10/site-packages/rotor_tm_traj/Optimization
[1.119s] creating /home/swati/Quad_DR/ros2_ws/install/rotor_tm_traj/lib/python3.10/site-packages/rotor_tm_traj/Optimization/entire_path
[1.119s] copying /home/swati/Quad_DR/ros2_ws/build/rotor_tm_traj/build/lib/rotor_tm_traj/Optimization/entire_path/generate_polynomial_matrix.py -> /home/swati/Quad_DR/ros2_ws/install/rotor_tm_traj/lib/python3.10/site-packages/rotor_tm_traj/Optimization/entire_path
[1.119s] copying /home/swati/Quad_DR/ros2_ws/build/rotor_tm_traj/build/lib/rotor_tm_traj/Optimization/entire_path/generate_poly.py -> /home/swati/Quad_DR/ros2_ws/install/rotor_tm_traj/lib/python3.10/site-packages/rotor_tm_traj/Optimization/entire_path
[1.119s] copying /home/swati/Quad_DR/ros2_ws/build/rotor_tm_traj/build/lib/rotor_tm_traj/Optimization/entire_path/generate_poly_coeff.py -> /home/swati/Quad_DR/ros2_ws/install/rotor_tm_traj/lib/python3.10/site-packages/rotor_tm_traj/Optimization/entire_path
[1.120s] copying /home/swati/Quad_DR/ros2_ws/build/rotor_tm_traj/build/lib/rotor_tm_traj/Optimization/entire_path/__init__.py -> /home/swati/Quad_DR/ros2_ws/install/rotor_tm_traj/lib/python3.10/site-packages/rotor_tm_traj/Optimization/entire_path
[1.120s] copying /home/swati/Quad_DR/ros2_ws/build/rotor_tm_traj/build/lib/rotor_tm_traj/Optimization/entire_path/generate_H.py -> /home/swati/Quad_DR/ros2_ws/install/rotor_tm_traj/lib/python3.10/site-packages/rotor_tm_traj/Optimization/entire_path
[1.120s] copying /home/swati/Quad_DR/ros2_ws/build/rotor_tm_traj/build/lib/rotor_tm_traj/Optimization/generate_corridor_constraint.py -> /home/swati/Quad_DR/ros2_ws/install/rotor_tm_traj/lib/python3.10/site-packages/rotor_tm_traj/Optimization
[1.120s] copying /home/swati/Quad_DR/ros2_ws/build/rotor_tm_traj/build/lib/rotor_tm_traj/Optimization/generate_path_with_time.py -> /home/swati/Quad_DR/ros2_ws/install/rotor_tm_traj/lib/python3.10/site-packages/rotor_tm_traj/Optimization
[1.120s] copying /home/swati/Quad_DR/ros2_ws/build/rotor_tm_traj/build/lib/rotor_tm_traj/Optimization/allocate_time.py -> /home/swati/Quad_DR/ros2_ws/install/rotor_tm_traj/lib/python3.10/site-packages/rotor_tm_traj/Optimization
[1.120s] byte-compiling /home/swati/Quad_DR/ros2_ws/install/rotor_tm_traj/lib/python3.10/site-packages/rotor_tm_traj/traj.py to traj.cpython-310.pyc
[1.122s] byte-compiling /home/swati/Quad_DR/ros2_ws/install/rotor_tm_traj/lib/python3.10/site-packages/rotor_tm_traj/map.py to map.cpython-310.pyc
[1.123s] byte-compiling /home/swati/Quad_DR/ros2_ws/install/rotor_tm_traj/lib/python3.10/site-packages/rotor_tm_traj/__init__.py to __init__.cpython-310.pyc
[1.123s] byte-compiling /home/swati/Quad_DR/ros2_ws/install/rotor_tm_traj/lib/python3.10/site-packages/rotor_tm_traj/create_options.py to create_options.cpython-310.pyc
[1.123s] byte-compiling /home/swati/Quad_DR/ros2_ws/install/rotor_tm_traj/lib/python3.10/site-packages/rotor_tm_traj/traj_node.py to traj_node.cpython-310.pyc
[1.124s] byte-compiling /home/swati/Quad_DR/ros2_ws/install/rotor_tm_traj/lib/python3.10/site-packages/rotor_tm_traj/Optimization/generate_2pt_corridor_constraint.py to generate_2pt_corridor_constraint.cpython-310.pyc
[1.124s] byte-compiling /home/swati/Quad_DR/ros2_ws/install/rotor_tm_traj/lib/python3.10/site-packages/rotor_tm_traj/Optimization/generate_constraint.py to generate_constraint.cpython-310.pyc
[1.125s] byte-compiling /home/swati/Quad_DR/ros2_ws/install/rotor_tm_traj/lib/python3.10/site-packages/rotor_tm_traj/Optimization/__init__.py to __init__.cpython-310.pyc
[1.125s] byte-compiling /home/swati/Quad_DR/ros2_ws/install/rotor_tm_traj/lib/python3.10/site-packages/rotor_tm_traj/Optimization/optimize_traj.py to optimize_traj.cpython-310.pyc
[1.125s] byte-compiling /home/swati/Quad_DR/ros2_ws/install/rotor_tm_traj/lib/python3.10/site-packages/rotor_tm_traj/Optimization/entire_path/generate_polynomial_matrix.py to generate_polynomial_matrix.cpython-310.pyc
[1.126s] byte-compiling /home/swati/Quad_DR/ros2_ws/install/rotor_tm_traj/lib/python3.10/site-packages/rotor_tm_traj/Optimization/entire_path/generate_poly.py to generate_poly.cpython-310.pyc
[1.126s] byte-compiling /home/swati/Quad_DR/ros2_ws/install/rotor_tm_traj/lib/python3.10/site-packages/rotor_tm_traj/Optimization/entire_path/generate_poly_coeff.py to generate_poly_coeff.cpython-310.pyc
[1.126s] byte-compiling /home/swati/Quad_DR/ros2_ws/install/rotor_tm_traj/lib/python3.10/site-packages/rotor_tm_traj/Optimization/entire_path/__init__.py to __init__.cpython-310.pyc
[1.126s] byte-compiling /home/swati/Quad_DR/ros2_ws/install/rotor_tm_traj/lib/python3.10/site-packages/rotor_tm_traj/Optimization/entire_path/generate_H.py to generate_H.cpython-310.pyc
[1.126s] byte-compiling /home/swati/Quad_DR/ros2_ws/install/rotor_tm_traj/lib/python3.10/site-packages/rotor_tm_traj/Optimization/generate_corridor_constraint.py to generate_corridor_constraint.cpython-310.pyc
[1.126s] byte-compiling /home/swati/Quad_DR/ros2_ws/install/rotor_tm_traj/lib/python3.10/site-packages/rotor_tm_traj/Optimization/generate_path_with_time.py to generate_path_with_time.cpython-310.pyc
[1.127s] byte-compiling /home/swati/Quad_DR/ros2_ws/install/rotor_tm_traj/lib/python3.10/site-packages/rotor_tm_traj/Optimization/allocate_time.py to allocate_time.cpython-310.pyc
[1.127s] running install_data
[1.127s] creating /home/swati/Quad_DR/ros2_ws/install/rotor_tm_traj/share/ament_index/resource_index/packages
[1.127s] copying resource/rotor_tm_traj -> /home/swati/Quad_DR/ros2_ws/install/rotor_tm_traj/share/ament_index/resource_index/packages
[1.127s] copying package.xml -> /home/swati/Quad_DR/ros2_ws/install/rotor_tm_traj/share/rotor_tm_traj
[1.127s] running install_egg_info
[1.137s] Copying ../../build/rotor_tm_traj/rotor_tm_traj.egg-info to /home/swati/Quad_DR/ros2_ws/install/rotor_tm_traj/lib/python3.10/site-packages/rotor_tm_traj-0.0.0-py3.10.egg-info
[1.138s] running install_scripts
[1.215s] Installing traj_node script to /home/swati/Quad_DR/ros2_ws/install/rotor_tm_traj/lib/rotor_tm_traj
[1.216s] writing list of installed files to '/home/swati/Quad_DR/ros2_ws/build/rotor_tm_traj/install.log'
[1.233s] Invoked command in '/home/swati/Quad_DR/ros2_ws/src/rotor_tm_traj' returned '0': PYTHONPATH=/home/swati/Quad_DR/ros2_ws/build/rotor_tm_traj/prefix_override:/usr/lib/python3/dist-packages/colcon_core/task/python/colcon_distutils_commands:/home/swati/Quad_DR/ros2_ws/install/rotor_tm_traj/lib/python3.10/site-packages:${PYTHONPATH} /usr/bin/python3 -W ignore:setup.py install is deprecated setup.py egg_info --egg-base ../../build/rotor_tm_traj build --build-base /home/swati/Quad_DR/ros2_ws/build/rotor_tm_traj/build install --record /home/swati/Quad_DR/ros2_ws/build/rotor_tm_traj/install.log --single-version-externally-managed install_data
