[0.887s] Invoking command in '/home/swati/Quad_DR/RotorTM/src/rotor_tm_sim': AMENT_PREFIX_PATH=/home/swati/Quad_DR/RotorTM/install/rotor_tm_utils:/home/swati/Quad_DR/RotorTM/install/rotor_tm_msgs:/home/swati/Quad_DR/RotorTM/install/rotor_tm_config:${AMENT_PREFIX_PATH} CMAKE_PREFIX_PATH=/home/swati/Quad_DR/RotorTM/install/rotor_tm_msgs LD_LIBRARY_PATH=/home/swati/Quad_DR/RotorTM/install/rotor_tm_msgs/lib:/usr/lib/x86_64-linux-gnu/gazebo-11/plugins:/opt/ros/humble/opt/rviz_ogre_vendor/lib:/opt/ros/humble/lib/x86_64-linux-gnu:/opt/ros/humble/lib:/usr/share/gazebo/../../lib/x86_64-linux-gnu/gazebo-11/plugins:/home/swati/acados/lib PYTHONPATH=/home/swati/Quad_DR/RotorTM/build/rotor_tm_sim/prefix_override:/usr/lib/python3/dist-packages/colcon_core/task/python/colcon_distutils_commands:/home/swati/Quad_DR/RotorTM/install/rotor_tm_sim/lib/python3.10/site-packages:/home/swati/Quad_DR/RotorTM/install/rotor_tm_utils/lib/python3.10/site-packages:/home/swati/Quad_DR/RotorTM/install/rotor_tm_msgs/lib/python3.10/site-packages:/home/swati/Quad_DR/RotorTM/install/rotor_tm_config/lib/python3.10/site-packages:${PYTHONPATH} /usr/bin/python3 -W ignore:setup.py install is deprecated setup.py egg_info --egg-base ../../build/rotor_tm_sim build --build-base /home/swati/Quad_DR/RotorTM/build/rotor_tm_sim/build install --record /home/swati/Quad_DR/RotorTM/build/rotor_tm_sim/install.log --single-version-externally-managed install_data
[0.993s] /home/swati/.local/lib/python3.10/site-packages/setuptools/_distutils/dist.py:261: UserWarning: Unknown distribution option: 'tests_require'
[0.994s]   warnings.warn(msg)
[1.055s] running egg_info
[1.064s] writing ../../build/rotor_tm_sim/rotor_tm_sim.egg-info/PKG-INFO
[1.064s] writing dependency_links to ../../build/rotor_tm_sim/rotor_tm_sim.egg-info/dependency_links.txt
[1.065s] writing entry points to ../../build/rotor_tm_sim/rotor_tm_sim.egg-info/entry_points.txt
[1.065s] writing requirements to ../../build/rotor_tm_sim/rotor_tm_sim.egg-info/requires.txt
[1.065s] writing top-level names to ../../build/rotor_tm_sim/rotor_tm_sim.egg-info/top_level.txt
[1.086s] reading manifest file '../../build/rotor_tm_sim/rotor_tm_sim.egg-info/SOURCES.txt'
[1.086s] adding license file 'LICENSE'
[1.087s] writing manifest file '../../build/rotor_tm_sim/rotor_tm_sim.egg-info/SOURCES.txt'
[1.087s] running build
[1.088s] running build_py
[1.088s] copying rotor_tm_sim/temp.py -> /home/swati/Quad_DR/RotorTM/build/rotor_tm_sim/build/lib/rotor_tm_sim
[1.088s] copying rotor_tm_sim/sim_utils.py -> /home/swati/Quad_DR/RotorTM/build/rotor_tm_sim/build/lib/rotor_tm_sim
[1.088s] copying rotor_tm_sim/simulation_base.py -> /home/swati/Quad_DR/RotorTM/build/rotor_tm_sim/build/lib/rotor_tm_sim
[1.088s] copying rotor_tm_sim/__init__.py -> /home/swati/Quad_DR/RotorTM/build/rotor_tm_sim/build/lib/rotor_tm_sim
[1.089s] copying rotor_tm_sim/runsim.py -> /home/swati/Quad_DR/RotorTM/build/rotor_tm_sim/build/lib/rotor_tm_sim
[1.089s] running install
[1.092s] running install_lib
[1.104s] running install_data
[1.104s] copying resource/rotor_tm_sim -> /home/swati/Quad_DR/RotorTM/install/rotor_tm_sim/share/ament_index/resource_index/packages
[1.104s] copying package.xml -> /home/swati/Quad_DR/RotorTM/install/rotor_tm_sim/share/rotor_tm_sim
[1.104s] copying launch/sim_launch.py -> /home/swati/Quad_DR/RotorTM/install/rotor_tm_sim/share/rotor_tm_sim/launch
[1.104s] copying launch/rotortm_single_controller_node.py -> /home/swati/Quad_DR/RotorTM/install/rotor_tm_sim/share/rotor_tm_sim/launch
[1.104s] copying launch/editable_launch.py -> /home/swati/Quad_DR/RotorTM/install/rotor_tm_sim/share/rotor_tm_sim/launch
[1.104s] copying launch/rviz.py -> /home/swati/Quad_DR/RotorTM/install/rotor_tm_sim/share/rotor_tm_sim/launch
[1.105s] copying launch/controller_launcher.py -> /home/swati/Quad_DR/RotorTM/install/rotor_tm_sim/share/rotor_tm_sim/launch
[1.105s] running install_egg_info
[1.116s] removing '/home/swati/Quad_DR/RotorTM/install/rotor_tm_sim/lib/python3.10/site-packages/rotor_tm_sim-0.0.0-py3.10.egg-info' (and everything under it)
[1.116s] Copying ../../build/rotor_tm_sim/rotor_tm_sim.egg-info to /home/swati/Quad_DR/RotorTM/install/rotor_tm_sim/lib/python3.10/site-packages/rotor_tm_sim-0.0.0-py3.10.egg-info
[1.116s] running install_scripts
[1.198s] Installing sim_node script to /home/swati/Quad_DR/RotorTM/install/rotor_tm_sim/lib/rotor_tm_sim
[1.199s] writing list of installed files to '/home/swati/Quad_DR/RotorTM/build/rotor_tm_sim/install.log'
[1.217s] Invoked command in '/home/swati/Quad_DR/RotorTM/src/rotor_tm_sim' returned '0': AMENT_PREFIX_PATH=/home/swati/Quad_DR/RotorTM/install/rotor_tm_utils:/home/swati/Quad_DR/RotorTM/install/rotor_tm_msgs:/home/swati/Quad_DR/RotorTM/install/rotor_tm_config:${AMENT_PREFIX_PATH} CMAKE_PREFIX_PATH=/home/swati/Quad_DR/RotorTM/install/rotor_tm_msgs LD_LIBRARY_PATH=/home/swati/Quad_DR/RotorTM/install/rotor_tm_msgs/lib:/usr/lib/x86_64-linux-gnu/gazebo-11/plugins:/opt/ros/humble/opt/rviz_ogre_vendor/lib:/opt/ros/humble/lib/x86_64-linux-gnu:/opt/ros/humble/lib:/usr/share/gazebo/../../lib/x86_64-linux-gnu/gazebo-11/plugins:/home/swati/acados/lib PYTHONPATH=/home/swati/Quad_DR/RotorTM/build/rotor_tm_sim/prefix_override:/usr/lib/python3/dist-packages/colcon_core/task/python/colcon_distutils_commands:/home/swati/Quad_DR/RotorTM/install/rotor_tm_sim/lib/python3.10/site-packages:/home/swati/Quad_DR/RotorTM/install/rotor_tm_utils/lib/python3.10/site-packages:/home/swati/Quad_DR/RotorTM/install/rotor_tm_msgs/lib/python3.10/site-packages:/home/swati/Quad_DR/RotorTM/install/rotor_tm_config/lib/python3.10/site-packages:${PYTHONPATH} /usr/bin/python3 -W ignore:setup.py install is deprecated setup.py egg_info --egg-base ../../build/rotor_tm_sim build --build-base /home/swati/Quad_DR/RotorTM/build/rotor_tm_sim/build install --record /home/swati/Quad_DR/RotorTM/build/rotor_tm_sim/install.log --single-version-externally-managed install_data
