[1.312s] Invoking command in '/home/swati/Quad_DR/ros2_ws/src/rotor_tm_config': PYTHONPATH=/home/swati/Quad_DR/ros2_ws/build/rotor_tm_config/prefix_override:/usr/lib/python3/dist-packages/colcon_core/task/python/colcon_distutils_commands:/home/swati/Quad_DR/ros2_ws/install/rotor_tm_config/lib/python3.10/site-packages:${PYTHONPATH} /usr/bin/python3 -W ignore:setup.py install is deprecated setup.py egg_info --egg-base ../../build/rotor_tm_config build --build-base /home/swati/Quad_DR/ros2_ws/build/rotor_tm_config/build install --record /home/swati/Quad_DR/ros2_ws/build/rotor_tm_config/install.log --single-version-externally-managed install_data
[1.430s] /home/swati/.local/lib/python3.10/site-packages/setuptools/_distutils/dist.py:261: UserWarning: Unknown distribution option: 'tests_require'
[1.430s]   warnings.warn(msg)
[1.489s] running egg_info
[1.499s] writing ../../build/rotor_tm_config/rotor_tm_config.egg-info/PKG-INFO
[1.500s] writing dependency_links to ../../build/rotor_tm_config/rotor_tm_config.egg-info/dependency_links.txt
[1.500s] writing requirements to ../../build/rotor_tm_config/rotor_tm_config.egg-info/requires.txt
[1.500s] writing top-level names to ../../build/rotor_tm_config/rotor_tm_config.egg-info/top_level.txt
[1.522s] reading manifest file '../../build/rotor_tm_config/rotor_tm_config.egg-info/SOURCES.txt'
[1.523s] adding license file 'LICENSE'
[1.524s] writing manifest file '../../build/rotor_tm_config/rotor_tm_config.egg-info/SOURCES.txt'
[1.524s] running build
[1.524s] running build_py
[1.524s] copying rotor_tm_config/__init__.py -> /home/swati/Quad_DR/ros2_ws/build/rotor_tm_config/build/lib/rotor_tm_config
[1.525s] running install
[1.528s] running install_lib
[1.539s] running install_data
[1.539s] copying resource/rotor_tm_config -> /home/swati/Quad_DR/ros2_ws/install/rotor_tm_config/share/ament_index/resource_index/packages
[1.540s] copying package.xml -> /home/swati/Quad_DR/ros2_ws/install/rotor_tm_config/share/rotor_tm_config
[1.540s] copying config/1_robot_point_mass_0-5m.yaml -> /home/swati/Quad_DR/ros2_ws/install/rotor_tm_config/share/rotor_tm_config/config
[1.541s] copying config/load_params/triangular_payload.yaml -> /home/swati/Quad_DR/ros2_ws/install/rotor_tm_config/share/rotor_tm_config/config/load_params
[1.541s] copying config/load_params/long_bar_wood_payload.yaml -> /home/swati/Quad_DR/ros2_ws/install/rotor_tm_config/share/rotor_tm_config/config/load_params
[1.541s] copying config/load_params/fedex_box_payload.yaml -> /home/swati/Quad_DR/ros2_ws/install/rotor_tm_config/share/rotor_tm_config/config/load_params
[1.542s] copying config/cable/3_robots_triangular_payload_1m_bullnose_dragonfly.yaml -> /home/swati/Quad_DR/ros2_ws/install/rotor_tm_config/share/rotor_tm_config/config/cable
[1.542s] copying config/cable/2_robots_long_bar_payload_0-5m.yaml -> /home/swati/Quad_DR/ros2_ws/install/rotor_tm_config/share/rotor_tm_config/config/cable
[1.542s] copying config/cable/3_robots_triangular_payload_1m_0-5m_different_cable_length.yaml -> /home/swati/Quad_DR/ros2_ws/install/rotor_tm_config/share/rotor_tm_config/config/cable
[1.542s] copying config/cable/1_robot_point_mass_0-5m.yaml -> /home/swati/Quad_DR/ros2_ws/install/rotor_tm_config/share/rotor_tm_config/config/cable
[1.542s] copying config/cable/3_robots_triangular_payload_1m.yaml -> /home/swati/Quad_DR/ros2_ws/install/rotor_tm_config/share/rotor_tm_config/config/cable
[1.542s] copying config/cable/3_robots_triangular_payload_1-2m_1m_0-8m_different_cable_length.yaml -> /home/swati/Quad_DR/ros2_ws/install/rotor_tm_config/share/rotor_tm_config/config/cable
[1.542s] copying config/cable/6_robots_fedex_box_0_5m.yaml -> /home/swati/Quad_DR/ros2_ws/install/rotor_tm_config/share/rotor_tm_config/config/cable
[1.542s] copying config/cable/3_robots_triangular_payload_1m_different_robots_dynamics.yaml -> /home/swati/Quad_DR/ros2_ws/install/rotor_tm_config/share/rotor_tm_config/config/cable
[1.542s] copying config/cable/3_robots_triangular_payload_0-5m.yaml -> /home/swati/Quad_DR/ros2_ws/install/rotor_tm_config/share/rotor_tm_config/config/cable
[1.543s] copying config/cable/4_robots_fedex_box_0_5m.yaml -> /home/swati/Quad_DR/ros2_ws/install/rotor_tm_config/share/rotor_tm_config/config/cable
[1.543s] copying config/uav_params/hummingbird.yaml -> /home/swati/Quad_DR/ros2_ws/install/rotor_tm_config/share/rotor_tm_config/config/uav_params
[1.543s] copying config/uav_params/race.yaml -> /home/swati/Quad_DR/ros2_ws/install/rotor_tm_config/share/rotor_tm_config/config/uav_params
[1.543s] copying config/uav_params/snapdragonfly.yaml -> /home/swati/Quad_DR/ros2_ws/install/rotor_tm_config/share/rotor_tm_config/config/uav_params
[1.543s] copying config/uav_params/snapdragonfly_bullnose_prop.yaml -> /home/swati/Quad_DR/ros2_ws/install/rotor_tm_config/share/rotor_tm_config/config/uav_params
[1.543s] running install_egg_info
[1.554s] removing '/home/swati/Quad_DR/ros2_ws/install/rotor_tm_config/lib/python3.10/site-packages/rotor_tm_config-0.0.0-py3.10.egg-info' (and everything under it)
[1.554s] Copying ../../build/rotor_tm_config/rotor_tm_config.egg-info to /home/swati/Quad_DR/ros2_ws/install/rotor_tm_config/lib/python3.10/site-packages/rotor_tm_config-0.0.0-py3.10.egg-info
[1.555s] running install_scripts
[1.639s] writing list of installed files to '/home/swati/Quad_DR/ros2_ws/build/rotor_tm_config/install.log'
[1.657s] Invoked command in '/home/swati/Quad_DR/ros2_ws/src/rotor_tm_config' returned '0': PYTHONPATH=/home/swati/Quad_DR/ros2_ws/build/rotor_tm_config/prefix_override:/usr/lib/python3/dist-packages/colcon_core/task/python/colcon_distutils_commands:/home/swati/Quad_DR/ros2_ws/install/rotor_tm_config/lib/python3.10/site-packages:${PYTHONPATH} /usr/bin/python3 -W ignore:setup.py install is deprecated setup.py egg_info --egg-base ../../build/rotor_tm_config build --build-base /home/swati/Quad_DR/ros2_ws/build/rotor_tm_config/build install --record /home/swati/Quad_DR/ros2_ws/build/rotor_tm_config/install.log --single-version-externally-managed install_data
