[1.300s] Invoking command in '/home/swati/Quad_DR/RotorTM/src/payload_control': PYTHONPATH=/home/swati/Quad_DR/RotorTM/build/payload_control/prefix_override:/usr/lib/python3/dist-packages/colcon_core/task/python/colcon_distutils_commands:/home/swati/Quad_DR/RotorTM/install/payload_control/lib/python3.10/site-packages:${PYTHONPATH} /usr/bin/python3 -W ignore:setup.py install is deprecated setup.py egg_info --egg-base ../../build/payload_control build --build-base /home/swati/Quad_DR/RotorTM/build/payload_control/build install --record /home/swati/Quad_DR/RotorTM/build/payload_control/install.log --single-version-externally-managed install_data
[1.426s] /home/swati/.local/lib/python3.10/site-packages/setuptools/_distutils/dist.py:261: UserWarning: Unknown distribution option: 'tests_require'
[1.427s]   warnings.warn(msg)
[1.520s] running egg_info
[1.531s] creating ../../build/payload_control/payload_control.egg-info
[1.531s] writing ../../build/payload_control/payload_control.egg-info/PKG-INFO
[1.531s] writing dependency_links to ../../build/payload_control/payload_control.egg-info/dependency_links.txt
[1.531s] writing entry points to ../../build/payload_control/payload_control.egg-info/entry_points.txt
[1.531s] writing requirements to ../../build/payload_control/payload_control.egg-info/requires.txt
[1.532s] writing top-level names to ../../build/payload_control/payload_control.egg-info/top_level.txt
[1.532s] writing manifest file '../../build/payload_control/payload_control.egg-info/SOURCES.txt'
[1.563s] reading manifest file '../../build/payload_control/payload_control.egg-info/SOURCES.txt'
[1.563s] adding license file 'LICENSE'
[1.564s] writing manifest file '../../build/payload_control/payload_control.egg-info/SOURCES.txt'
[1.564s] running build
[1.564s] running build_py
[1.564s] creating /home/swati/Quad_DR/RotorTM/build/payload_control/build/lib/payload_control
[1.564s] copying payload_control/ros_controller.py -> /home/swati/Quad_DR/RotorTM/build/payload_control/build/lib/payload_control
[1.564s] copying payload_control/cost_functions.py -> /home/swati/Quad_DR/RotorTM/build/payload_control/build/lib/payload_control
[1.565s] copying payload_control/test_numpy.py -> /home/swati/Quad_DR/RotorTM/build/payload_control/build/lib/payload_control
[1.565s] copying payload_control/payload_controller.py -> /home/swati/Quad_DR/RotorTM/build/payload_control/build/lib/payload_control
[1.565s] copying payload_control/constraints.py -> /home/swati/Quad_DR/RotorTM/build/payload_control/build/lib/payload_control
[1.565s] copying payload_control/plotFcn.py -> /home/swati/Quad_DR/RotorTM/build/payload_control/build/lib/payload_control
[1.565s] copying payload_control/utils.py -> /home/swati/Quad_DR/RotorTM/build/payload_control/build/lib/payload_control
[1.565s] copying payload_control/test_control.py -> /home/swati/Quad_DR/RotorTM/build/payload_control/build/lib/payload_control
[1.565s] copying payload_control/time2spatial.py -> /home/swati/Quad_DR/RotorTM/build/payload_control/build/lib/payload_control
[1.565s] copying payload_control/__init__.py -> /home/swati/Quad_DR/RotorTM/build/payload_control/build/lib/payload_control
[1.565s] copying payload_control/payload_model.py -> /home/swati/Quad_DR/RotorTM/build/payload_control/build/lib/payload_control
[1.565s] copying payload_control/test_controller.py -> /home/swati/Quad_DR/RotorTM/build/payload_control/build/lib/payload_control
[1.565s] running install
[1.568s] running install_lib
[1.579s] creating /home/swati/Quad_DR/RotorTM/install/payload_control/lib/python3.10/site-packages/payload_control
[1.579s] copying /home/swati/Quad_DR/RotorTM/build/payload_control/build/lib/payload_control/ros_controller.py -> /home/swati/Quad_DR/RotorTM/install/payload_control/lib/python3.10/site-packages/payload_control
[1.579s] copying /home/swati/Quad_DR/RotorTM/build/payload_control/build/lib/payload_control/cost_functions.py -> /home/swati/Quad_DR/RotorTM/install/payload_control/lib/python3.10/site-packages/payload_control
[1.579s] copying /home/swati/Quad_DR/RotorTM/build/payload_control/build/lib/payload_control/test_numpy.py -> /home/swati/Quad_DR/RotorTM/install/payload_control/lib/python3.10/site-packages/payload_control
[1.579s] copying /home/swati/Quad_DR/RotorTM/build/payload_control/build/lib/payload_control/payload_controller.py -> /home/swati/Quad_DR/RotorTM/install/payload_control/lib/python3.10/site-packages/payload_control
[1.579s] copying /home/swati/Quad_DR/RotorTM/build/payload_control/build/lib/payload_control/constraints.py -> /home/swati/Quad_DR/RotorTM/install/payload_control/lib/python3.10/site-packages/payload_control
[1.580s] copying /home/swati/Quad_DR/RotorTM/build/payload_control/build/lib/payload_control/plotFcn.py -> /home/swati/Quad_DR/RotorTM/install/payload_control/lib/python3.10/site-packages/payload_control
[1.580s] copying /home/swati/Quad_DR/RotorTM/build/payload_control/build/lib/payload_control/utils.py -> /home/swati/Quad_DR/RotorTM/install/payload_control/lib/python3.10/site-packages/payload_control
[1.580s] copying /home/swati/Quad_DR/RotorTM/build/payload_control/build/lib/payload_control/test_control.py -> /home/swati/Quad_DR/RotorTM/install/payload_control/lib/python3.10/site-packages/payload_control
[1.580s] copying /home/swati/Quad_DR/RotorTM/build/payload_control/build/lib/payload_control/time2spatial.py -> /home/swati/Quad_DR/RotorTM/install/payload_control/lib/python3.10/site-packages/payload_control
[1.580s] copying /home/swati/Quad_DR/RotorTM/build/payload_control/build/lib/payload_control/__init__.py -> /home/swati/Quad_DR/RotorTM/install/payload_control/lib/python3.10/site-packages/payload_control
[1.580s] copying /home/swati/Quad_DR/RotorTM/build/payload_control/build/lib/payload_control/payload_model.py -> /home/swati/Quad_DR/RotorTM/install/payload_control/lib/python3.10/site-packages/payload_control
[1.580s] copying /home/swati/Quad_DR/RotorTM/build/payload_control/build/lib/payload_control/test_controller.py -> /home/swati/Quad_DR/RotorTM/install/payload_control/lib/python3.10/site-packages/payload_control
[1.580s] byte-compiling /home/swati/Quad_DR/RotorTM/install/payload_control/lib/python3.10/site-packages/payload_control/ros_controller.py to ros_controller.cpython-310.pyc
[1.581s] byte-compiling /home/swati/Quad_DR/RotorTM/install/payload_control/lib/python3.10/site-packages/payload_control/cost_functions.py to cost_functions.cpython-310.pyc
[1.581s] byte-compiling /home/swati/Quad_DR/RotorTM/install/payload_control/lib/python3.10/site-packages/payload_control/test_numpy.py to test_numpy.cpython-310.pyc
[1.581s] byte-compiling /home/swati/Quad_DR/RotorTM/install/payload_control/lib/python3.10/site-packages/payload_control/payload_controller.py to payload_controller.cpython-310.pyc
[1.582s] byte-compiling /home/swati/Quad_DR/RotorTM/install/payload_control/lib/python3.10/site-packages/payload_control/constraints.py to constraints.cpython-310.pyc
[1.582s] byte-compiling /home/swati/Quad_DR/RotorTM/install/payload_control/lib/python3.10/site-packages/payload_control/plotFcn.py to plotFcn.cpython-310.pyc
[1.583s] byte-compiling /home/swati/Quad_DR/RotorTM/install/payload_control/lib/python3.10/site-packages/payload_control/utils.py to utils.cpython-310.pyc
[1.583s] byte-compiling /home/swati/Quad_DR/RotorTM/install/payload_control/lib/python3.10/site-packages/payload_control/test_control.py to test_control.cpython-310.pyc
[1.584s] byte-compiling /home/swati/Quad_DR/RotorTM/install/payload_control/lib/python3.10/site-packages/payload_control/time2spatial.py to time2spatial.cpython-310.pyc
[1.584s] byte-compiling /home/swati/Quad_DR/RotorTM/install/payload_control/lib/python3.10/site-packages/payload_control/__init__.py to __init__.cpython-310.pyc
[1.584s] byte-compiling /home/swati/Quad_DR/RotorTM/install/payload_control/lib/python3.10/site-packages/payload_control/payload_model.py to payload_model.cpython-310.pyc
[1.585s] byte-compiling /home/swati/Quad_DR/RotorTM/install/payload_control/lib/python3.10/site-packages/payload_control/test_controller.py to test_controller.cpython-310.pyc
[1.586s] running install_data
[1.586s] creating /home/swati/Quad_DR/RotorTM/install/payload_control/share/ament_index/resource_index/packages
[1.586s] copying resource/payload_control -> /home/swati/Quad_DR/RotorTM/install/payload_control/share/ament_index/resource_index/packages
[1.586s] copying package.xml -> /home/swati/Quad_DR/RotorTM/install/payload_control/share/payload_control
[1.586s] running install_egg_info
[1.598s] Copying ../../build/payload_control/payload_control.egg-info to /home/swati/Quad_DR/RotorTM/install/payload_control/lib/python3.10/site-packages/payload_control-0.0.0-py3.10.egg-info
[1.598s] running install_scripts
[1.684s] Installing ros_pynmpc_node script to /home/swati/Quad_DR/RotorTM/install/payload_control/lib/payload_control
[1.684s] writing list of installed files to '/home/swati/Quad_DR/RotorTM/build/payload_control/install.log'
[1.704s] Invoked command in '/home/swati/Quad_DR/RotorTM/src/payload_control' returned '0': PYTHONPATH=/home/swati/Quad_DR/RotorTM/build/payload_control/prefix_override:/usr/lib/python3/dist-packages/colcon_core/task/python/colcon_distutils_commands:/home/swati/Quad_DR/RotorTM/install/payload_control/lib/python3.10/site-packages:${PYTHONPATH} /usr/bin/python3 -W ignore:setup.py install is deprecated setup.py egg_info --egg-base ../../build/payload_control build --build-base /home/swati/Quad_DR/RotorTM/build/payload_control/build install --record /home/swati/Quad_DR/RotorTM/build/payload_control/install.log --single-version-externally-managed install_data
