[0.446s] Invoking command in '/home/dhruv/RotorTM/src/rotor_tm_config': CONDA_PROMPT_MODIFIER=(base) PYTHONPATH=/home/dhruv/RotorTM/build/rotor_tm_config/prefix_override:/usr/lib/python3/dist-packages/colcon_core/task/python/colcon_distutils_commands:/home/dhruv/RotorTM/install/rotor_tm_config/lib/python3.10/site-packages:${PYTHONPATH} /usr/bin/python3 -W ignore:setup.py install is deprecated -W ignore:easy_install command is deprecated setup.py egg_info --egg-base ../../build/rotor_tm_config build --build-base /home/dhruv/RotorTM/build/rotor_tm_config/build install --record /home/dhruv/RotorTM/build/rotor_tm_config/install.log --single-version-externally-managed install_data
[0.605s] running egg_info
[0.605s] writing ../../build/rotor_tm_config/rotor_tm_config.egg-info/PKG-INFO
[0.605s] writing dependency_links to ../../build/rotor_tm_config/rotor_tm_config.egg-info/dependency_links.txt
[0.605s] writing entry points to ../../build/rotor_tm_config/rotor_tm_config.egg-info/entry_points.txt
[0.606s] writing requirements to ../../build/rotor_tm_config/rotor_tm_config.egg-info/requires.txt
[0.606s] writing top-level names to ../../build/rotor_tm_config/rotor_tm_config.egg-info/top_level.txt
[0.607s] reading manifest file '../../build/rotor_tm_config/rotor_tm_config.egg-info/SOURCES.txt'
[0.607s] adding license file 'LICENSE'
[0.608s] writing manifest file '../../build/rotor_tm_config/rotor_tm_config.egg-info/SOURCES.txt'
[0.608s] running build
[0.608s] running build_py
[0.608s] running install
[0.608s] running install_lib
[0.609s] running install_data
[0.610s] running install_egg_info
[0.611s] removing '/home/dhruv/RotorTM/install/rotor_tm_config/lib/python3.10/site-packages/rotor_tm_config-0.0.0-py3.10.egg-info' (and everything under it)
[0.611s] Copying ../../build/rotor_tm_config/rotor_tm_config.egg-info to /home/dhruv/RotorTM/install/rotor_tm_config/lib/python3.10/site-packages/rotor_tm_config-0.0.0-py3.10.egg-info
[0.611s] running install_scripts
[0.625s] writing list of installed files to '/home/dhruv/RotorTM/build/rotor_tm_config/install.log'
[0.639s] Invoked command in '/home/dhruv/RotorTM/src/rotor_tm_config' returned '0': CONDA_PROMPT_MODIFIER=(base) PYTHONPATH=/home/dhruv/RotorTM/build/rotor_tm_config/prefix_override:/usr/lib/python3/dist-packages/colcon_core/task/python/colcon_distutils_commands:/home/dhruv/RotorTM/install/rotor_tm_config/lib/python3.10/site-packages:${PYTHONPATH} /usr/bin/python3 -W ignore:setup.py install is deprecated -W ignore:easy_install command is deprecated setup.py egg_info --egg-base ../../build/rotor_tm_config build --build-base /home/dhruv/RotorTM/build/rotor_tm_config/build install --record /home/dhruv/RotorTM/build/rotor_tm_config/install.log --single-version-externally-managed install_data
