/home/dhruv/RotorTM/install/rotor_tm_sim/lib/python3.10/site-packages/rotor_tm_sim/data_saver_node.py
/home/dhruv/RotorTM/install/rotor_tm_sim/lib/python3.10/site-packages/rotor_tm_sim/__init__.py
/home/dhruv/RotorTM/install/rotor_tm_sim/lib/python3.10/site-packages/rotor_tm_sim/temp.py
/home/dhruv/RotorTM/install/rotor_tm_sim/lib/python3.10/site-packages/rotor_tm_sim/plot_graphs.py
/home/dhruv/RotorTM/install/rotor_tm_sim/lib/python3.10/site-packages/rotor_tm_sim/runsim.py
/home/dhruv/RotorTM/install/rotor_tm_sim/lib/python3.10/site-packages/rotor_tm_sim/simulation_base.py
/home/dhruv/RotorTM/install/rotor_tm_sim/lib/python3.10/site-packages/rotor_tm_sim/sim_utils.py
/home/dhruv/RotorTM/install/rotor_tm_sim/lib/python3.10/site-packages/rotor_tm_sim/__pycache__/data_saver_node.cpython-310.pyc
/home/dhruv/RotorTM/install/rotor_tm_sim/lib/python3.10/site-packages/rotor_tm_sim/__pycache__/__init__.cpython-310.pyc
/home/dhruv/RotorTM/install/rotor_tm_sim/lib/python3.10/site-packages/rotor_tm_sim/__pycache__/temp.cpython-310.pyc
/home/dhruv/RotorTM/install/rotor_tm_sim/lib/python3.10/site-packages/rotor_tm_sim/__pycache__/plot_graphs.cpython-310.pyc
/home/dhruv/RotorTM/install/rotor_tm_sim/lib/python3.10/site-packages/rotor_tm_sim/__pycache__/runsim.cpython-310.pyc
/home/dhruv/RotorTM/install/rotor_tm_sim/lib/python3.10/site-packages/rotor_tm_sim/__pycache__/simulation_base.cpython-310.pyc
/home/dhruv/RotorTM/install/rotor_tm_sim/lib/python3.10/site-packages/rotor_tm_sim/__pycache__/sim_utils.cpython-310.pyc
/home/dhruv/RotorTM/install/rotor_tm_sim/share/ament_index/resource_index/packages/rotor_tm_sim
/home/dhruv/RotorTM/install/rotor_tm_sim/share/rotor_tm_sim/package.xml
/home/dhruv/RotorTM/install/rotor_tm_sim/share/rotor_tm_sim/launch/editable_launch.py
/home/dhruv/RotorTM/install/rotor_tm_sim/share/rotor_tm_sim/launch/sim_launch.py
/home/dhruv/RotorTM/install/rotor_tm_sim/share/rotor_tm_sim/launch/rotortm_single_controller_node.py
/home/dhruv/RotorTM/install/rotor_tm_sim/share/rotor_tm_sim/launch/controller_launcher.py
/home/dhruv/RotorTM/install/rotor_tm_sim/share/rotor_tm_sim/launch/rviz.py
/home/dhruv/RotorTM/install/rotor_tm_sim/share/rotor_tm_sim/mesh/fedex_box_24x24x18in.STL
/home/dhruv/RotorTM/install/rotor_tm_sim/share/rotor_tm_sim/mesh/triangular_payload_bin.STL
/home/dhruv/RotorTM/install/rotor_tm_sim/share/rotor_tm_sim/mesh/long_bar.STL
/home/dhruv/RotorTM/install/rotor_tm_sim/share/rotor_tm_sim/mesh/triangular_payload.STL
/home/dhruv/RotorTM/install/rotor_tm_sim/share/rotor_tm_sim/mesh/uav/race.stl
/home/dhruv/RotorTM/install/rotor_tm_sim/share/rotor_tm_sim/mesh/uav/snapdragonflight.stl
/home/dhruv/RotorTM/install/rotor_tm_sim/lib/python3.10/site-packages/rotor_tm_sim-0.0.0-py3.10.egg-info/top_level.txt
/home/dhruv/RotorTM/install/rotor_tm_sim/lib/python3.10/site-packages/rotor_tm_sim-0.0.0-py3.10.egg-info/PKG-INFO
/home/dhruv/RotorTM/install/rotor_tm_sim/lib/python3.10/site-packages/rotor_tm_sim-0.0.0-py3.10.egg-info/requires.txt
/home/dhruv/RotorTM/install/rotor_tm_sim/lib/python3.10/site-packages/rotor_tm_sim-0.0.0-py3.10.egg-info/zip-safe
/home/dhruv/RotorTM/install/rotor_tm_sim/lib/python3.10/site-packages/rotor_tm_sim-0.0.0-py3.10.egg-info/entry_points.txt
/home/dhruv/RotorTM/install/rotor_tm_sim/lib/python3.10/site-packages/rotor_tm_sim-0.0.0-py3.10.egg-info/SOURCES.txt
/home/dhruv/RotorTM/install/rotor_tm_sim/lib/python3.10/site-packages/rotor_tm_sim-0.0.0-py3.10.egg-info/dependency_links.txt
/home/dhruv/RotorTM/install/rotor_tm_sim/lib/rotor_tm_sim/data_saver_node
/home/dhruv/RotorTM/install/rotor_tm_sim/lib/rotor_tm_sim/sim_node
