[1.096s] Invoking command in '/home/dhruv/RotorTM/build/rotor_tm_config': PYTHONPATH=/home/dhruv/RotorTM/build/rotor_tm_config/prefix_override:/usr/lib/python3/dist-packages/colcon_core/task/python/colcon_distutils_commands:/home/dhruv/RotorTM/install/rotor_tm_config/lib/python3.10/site-packages:${PYTHONPATH} /usr/bin/python3 -W ignore:setup.py install is deprecated -W ignore:easy_install command is deprecated setup.py develop --editable --build-directory /home/dhruv/RotorTM/build/rotor_tm_config/build --no-deps symlink_data
[1.274s] running develop
[1.379s] running egg_info
[1.379s] creating rotor_tm_config.egg-info
[1.379s] writing rotor_tm_config.egg-info/PKG-INFO
[1.379s] writing dependency_links to rotor_tm_config.egg-info/dependency_links.txt
[1.379s] writing entry points to rotor_tm_config.egg-info/entry_points.txt
[1.379s] writing requirements to rotor_tm_config.egg-info/requires.txt
[1.380s] writing top-level names to rotor_tm_config.egg-info/top_level.txt
[1.380s] writing manifest file 'rotor_tm_config.egg-info/SOURCES.txt'
[1.382s] reading manifest file 'rotor_tm_config.egg-info/SOURCES.txt'
[1.383s] writing manifest file 'rotor_tm_config.egg-info/SOURCES.txt'
[1.383s] running build_ext
[1.384s] Creating /home/dhruv/RotorTM/install/rotor_tm_config/lib/python3.10/site-packages/rotor-tm-config.egg-link (link to .)
[1.384s] 
[1.385s] Installed /home/dhruv/RotorTM/build/rotor_tm_config
[1.385s] running symlink_data
[1.385s] creating /home/dhruv/RotorTM/install/rotor_tm_config/share/ament_index
[1.385s] creating /home/dhruv/RotorTM/install/rotor_tm_config/share/ament_index/resource_index
[1.385s] creating /home/dhruv/RotorTM/install/rotor_tm_config/share/ament_index/resource_index/packages
[1.385s] symbolically linking /home/dhruv/RotorTM/build/rotor_tm_config/resource/rotor_tm_config -> /home/dhruv/RotorTM/install/rotor_tm_config/share/ament_index/resource_index/packages
[1.385s] symbolically linking /home/dhruv/RotorTM/build/rotor_tm_config/package.xml -> /home/dhruv/RotorTM/install/rotor_tm_config/share/rotor_tm_config
[1.385s] creating /home/dhruv/RotorTM/install/rotor_tm_config/share/rotor_tm_config/config
[1.385s] symbolically linking /home/dhruv/RotorTM/build/rotor_tm_config/config/1_robot_point_mass_0-5m.yaml -> /home/dhruv/RotorTM/install/rotor_tm_config/share/rotor_tm_config/config
[1.386s] creating /home/dhruv/RotorTM/install/rotor_tm_config/share/rotor_tm_config/config/cable
[1.386s] symbolically linking /home/dhruv/RotorTM/build/rotor_tm_config/config/cable/2_robots_long_bar_payload_0-5m.yaml -> /home/dhruv/RotorTM/install/rotor_tm_config/share/rotor_tm_config/config/cable
[1.386s] symbolically linking /home/dhruv/RotorTM/build/rotor_tm_config/config/cable/6_robots_fedex_box_0_5m.yaml -> /home/dhruv/RotorTM/install/rotor_tm_config/share/rotor_tm_config/config/cable
[1.386s] symbolically linking /home/dhruv/RotorTM/build/rotor_tm_config/config/cable/3_robots_triangular_payload_0-5m.yaml -> /home/dhruv/RotorTM/install/rotor_tm_config/share/rotor_tm_config/config/cable
[1.386s] symbolically linking /home/dhruv/RotorTM/build/rotor_tm_config/config/cable/3_robots_triangular_payload_1m_bullnose_dragonfly.yaml -> /home/dhruv/RotorTM/install/rotor_tm_config/share/rotor_tm_config/config/cable
[1.386s] symbolically linking /home/dhruv/RotorTM/build/rotor_tm_config/config/cable/1_robot_point_mass_0-5m.yaml -> /home/dhruv/RotorTM/install/rotor_tm_config/share/rotor_tm_config/config/cable
[1.386s] symbolically linking /home/dhruv/RotorTM/build/rotor_tm_config/config/cable/4_robots_fedex_box_0_5m.yaml -> /home/dhruv/RotorTM/install/rotor_tm_config/share/rotor_tm_config/config/cable
[1.386s] symbolically linking /home/dhruv/RotorTM/build/rotor_tm_config/config/cable/3_robots_triangular_payload_1m.yaml -> /home/dhruv/RotorTM/install/rotor_tm_config/share/rotor_tm_config/config/cable
[1.386s] symbolically linking /home/dhruv/RotorTM/build/rotor_tm_config/config/cable/3_robots_triangular_payload_1m_different_robots_dynamics.yaml -> /home/dhruv/RotorTM/install/rotor_tm_config/share/rotor_tm_config/config/cable
[1.386s] symbolically linking /home/dhruv/RotorTM/build/rotor_tm_config/config/cable/3_robots_triangular_payload_1-2m_1m_0-8m_different_cable_length.yaml -> /home/dhruv/RotorTM/install/rotor_tm_config/share/rotor_tm_config/config/cable
[1.386s] symbolically linking /home/dhruv/RotorTM/build/rotor_tm_config/config/cable/3_robots_triangular_payload_1m_0-5m_different_cable_length.yaml -> /home/dhruv/RotorTM/install/rotor_tm_config/share/rotor_tm_config/config/cable
[1.386s] creating /home/dhruv/RotorTM/install/rotor_tm_config/share/rotor_tm_config/config/load_params
[1.387s] symbolically linking /home/dhruv/RotorTM/build/rotor_tm_config/config/load_params/pointmass_payload.yaml -> /home/dhruv/RotorTM/install/rotor_tm_config/share/rotor_tm_config/config/load_params
[1.387s] symbolically linking /home/dhruv/RotorTM/build/rotor_tm_config/config/load_params/fedex_box_payload.yaml -> /home/dhruv/RotorTM/install/rotor_tm_config/share/rotor_tm_config/config/load_params
[1.387s] symbolically linking /home/dhruv/RotorTM/build/rotor_tm_config/config/load_params/triangular_payload.yaml -> /home/dhruv/RotorTM/install/rotor_tm_config/share/rotor_tm_config/config/load_params
[1.387s] symbolically linking /home/dhruv/RotorTM/build/rotor_tm_config/config/load_params/long_bar_wood_payload.yaml -> /home/dhruv/RotorTM/install/rotor_tm_config/share/rotor_tm_config/config/load_params
[1.387s] creating /home/dhruv/RotorTM/install/rotor_tm_config/share/rotor_tm_config/config/initial_condition
[1.387s] symbolically linking /home/dhruv/RotorTM/build/rotor_tm_config/config/initial_condition/3_robots_triangular_payload_initial_condition.yaml -> /home/dhruv/RotorTM/install/rotor_tm_config/share/rotor_tm_config/config/initial_condition
[1.388s] symbolically linking /home/dhruv/RotorTM/build/rotor_tm_config/config/initial_condition/singlequad_ptmass_initial_condition.yaml -> /home/dhruv/RotorTM/install/rotor_tm_config/share/rotor_tm_config/config/initial_condition
[1.388s] symbolically linking /home/dhruv/RotorTM/build/rotor_tm_config/config/initial_condition/6_robots_fedexbox_initial_condition.yaml -> /home/dhruv/RotorTM/install/rotor_tm_config/share/rotor_tm_config/config/initial_condition
[1.388s] creating /home/dhruv/RotorTM/install/rotor_tm_config/share/rotor_tm_config/config/attach_mechanism
[1.388s] creating /home/dhruv/RotorTM/install/rotor_tm_config/share/rotor_tm_config/config/attach_mechanism/cable
[1.388s] symbolically linking /home/dhruv/RotorTM/build/rotor_tm_config/config/attach_mechanism/cable/2_robots_long_bar_payload_0-5m.yaml -> /home/dhruv/RotorTM/install/rotor_tm_config/share/rotor_tm_config/config/attach_mechanism/cable
[1.388s] symbolically linking /home/dhruv/RotorTM/build/rotor_tm_config/config/attach_mechanism/cable/6_robots_fedex_box_0_5m.yaml -> /home/dhruv/RotorTM/install/rotor_tm_config/share/rotor_tm_config/config/attach_mechanism/cable
[1.388s] symbolically linking /home/dhruv/RotorTM/build/rotor_tm_config/config/attach_mechanism/cable/3_robots_triangular_payload_0-5m.yaml -> /home/dhruv/RotorTM/install/rotor_tm_config/share/rotor_tm_config/config/attach_mechanism/cable
[1.388s] symbolically linking /home/dhruv/RotorTM/build/rotor_tm_config/config/attach_mechanism/cable/3_robots_triangular_payload_1m_bullnose_dragonfly.yaml -> /home/dhruv/RotorTM/install/rotor_tm_config/share/rotor_tm_config/config/attach_mechanism/cable
[1.388s] symbolically linking /home/dhruv/RotorTM/build/rotor_tm_config/config/attach_mechanism/cable/1_robot_point_mass_0-5m.yaml -> /home/dhruv/RotorTM/install/rotor_tm_config/share/rotor_tm_config/config/attach_mechanism/cable
[1.388s] symbolically linking /home/dhruv/RotorTM/build/rotor_tm_config/config/attach_mechanism/cable/4_robots_fedex_box_0_5m.yaml -> /home/dhruv/RotorTM/install/rotor_tm_config/share/rotor_tm_config/config/attach_mechanism/cable
[1.388s] symbolically linking /home/dhruv/RotorTM/build/rotor_tm_config/config/attach_mechanism/cable/3_robots_triangular_payload_1m.yaml -> /home/dhruv/RotorTM/install/rotor_tm_config/share/rotor_tm_config/config/attach_mechanism/cable
[1.388s] symbolically linking /home/dhruv/RotorTM/build/rotor_tm_config/config/attach_mechanism/cable/3_robots_triangular_payload_1m_different_robots_dynamics.yaml -> /home/dhruv/RotorTM/install/rotor_tm_config/share/rotor_tm_config/config/attach_mechanism/cable
[1.389s] symbolically linking /home/dhruv/RotorTM/build/rotor_tm_config/config/attach_mechanism/cable/3_robots_triangular_payload_1-2m_1m_0-8m_different_cable_length.yaml -> /home/dhruv/RotorTM/install/rotor_tm_config/share/rotor_tm_config/config/attach_mechanism/cable
[1.389s] symbolically linking /home/dhruv/RotorTM/build/rotor_tm_config/config/attach_mechanism/cable/3_robots_triangular_payload_1m_0-5m_different_cable_length.yaml -> /home/dhruv/RotorTM/install/rotor_tm_config/share/rotor_tm_config/config/attach_mechanism/cable
[1.389s] creating /home/dhruv/RotorTM/install/rotor_tm_config/share/rotor_tm_config/config/attach_mechanism/rigid_link
[1.389s] symbolically linking /home/dhruv/RotorTM/build/rotor_tm_config/config/attach_mechanism/rigid_link/2_robots_long_bar.yaml -> /home/dhruv/RotorTM/install/rotor_tm_config/share/rotor_tm_config/config/attach_mechanism/rigid_link
[1.389s] symbolically linking /home/dhruv/RotorTM/build/rotor_tm_config/config/attach_mechanism/rigid_link/5_robots_triangular_payload.yaml -> /home/dhruv/RotorTM/install/rotor_tm_config/share/rotor_tm_config/config/attach_mechanism/rigid_link
[1.389s] symbolically linking /home/dhruv/RotorTM/build/rotor_tm_config/config/attach_mechanism/rigid_link/3_robots_triangular_payload.yaml -> /home/dhruv/RotorTM/install/rotor_tm_config/share/rotor_tm_config/config/attach_mechanism/rigid_link
[1.389s] symbolically linking /home/dhruv/RotorTM/build/rotor_tm_config/config/attach_mechanism/rigid_link/3_hetereogeneous_robots_triangular_payload.yaml -> /home/dhruv/RotorTM/install/rotor_tm_config/share/rotor_tm_config/config/attach_mechanism/rigid_link
[1.389s] creating /home/dhruv/RotorTM/install/rotor_tm_config/share/rotor_tm_config/config/uav_params
[1.389s] symbolically linking /home/dhruv/RotorTM/build/rotor_tm_config/config/uav_params/hummingbird.yaml -> /home/dhruv/RotorTM/install/rotor_tm_config/share/rotor_tm_config/config/uav_params
[1.389s] symbolically linking /home/dhruv/RotorTM/build/rotor_tm_config/config/uav_params/snapdragonfly_bullnose_prop.yaml -> /home/dhruv/RotorTM/install/rotor_tm_config/share/rotor_tm_config/config/uav_params
[1.389s] symbolically linking /home/dhruv/RotorTM/build/rotor_tm_config/config/uav_params/race.yaml -> /home/dhruv/RotorTM/install/rotor_tm_config/share/rotor_tm_config/config/uav_params
[1.389s] symbolically linking /home/dhruv/RotorTM/build/rotor_tm_config/config/uav_params/snapdragonfly.yaml -> /home/dhruv/RotorTM/install/rotor_tm_config/share/rotor_tm_config/config/uav_params
[1.389s] creating /home/dhruv/RotorTM/install/rotor_tm_config/share/rotor_tm_config/config/control_params
[1.389s] symbolically linking /home/dhruv/RotorTM/build/rotor_tm_config/config/control_params/triangular_payload_cooperative_rigidlink_gains.yaml -> /home/dhruv/RotorTM/install/rotor_tm_config/share/rotor_tm_config/config/control_params
[1.390s] symbolically linking /home/dhruv/RotorTM/build/rotor_tm_config/config/control_params/snapdragonfly_bullnose_prop_control_gains.yaml -> /home/dhruv/RotorTM/install/rotor_tm_config/share/rotor_tm_config/config/control_params
[1.390s] symbolically linking /home/dhruv/RotorTM/build/rotor_tm_config/config/control_params/payload_nmpc_params.yaml -> /home/dhruv/RotorTM/install/rotor_tm_config/share/rotor_tm_config/config/control_params
[1.390s] symbolically linking /home/dhruv/RotorTM/build/rotor_tm_config/config/control_params/pointmass_cable_gains.yaml -> /home/dhruv/RotorTM/install/rotor_tm_config/share/rotor_tm_config/config/control_params
[1.390s] symbolically linking /home/dhruv/RotorTM/build/rotor_tm_config/config/control_params/long_bar_payload_cooperative_cable_gains.yaml -> /home/dhruv/RotorTM/install/rotor_tm_config/share/rotor_tm_config/config/control_params
[1.390s] symbolically linking /home/dhruv/RotorTM/build/rotor_tm_config/config/control_params/race_control_gains.yaml -> /home/dhruv/RotorTM/install/rotor_tm_config/share/rotor_tm_config/config/control_params
[1.390s] symbolically linking /home/dhruv/RotorTM/build/rotor_tm_config/config/control_params/hummingbird_control_gains.yaml -> /home/dhruv/RotorTM/install/rotor_tm_config/share/rotor_tm_config/config/control_params
[1.390s] symbolically linking /home/dhruv/RotorTM/build/rotor_tm_config/config/control_params/snapdragonfly_control_gains.yaml -> /home/dhruv/RotorTM/install/rotor_tm_config/share/rotor_tm_config/config/control_params
[1.390s] symbolically linking /home/dhruv/RotorTM/build/rotor_tm_config/config/control_params/triangular_payload_cooperative_cable_gains.yaml -> /home/dhruv/RotorTM/install/rotor_tm_config/share/rotor_tm_config/config/control_params
[1.415s] Invoked command in '/home/dhruv/RotorTM/build/rotor_tm_config' returned '0': PYTHONPATH=/home/dhruv/RotorTM/build/rotor_tm_config/prefix_override:/usr/lib/python3/dist-packages/colcon_core/task/python/colcon_distutils_commands:/home/dhruv/RotorTM/install/rotor_tm_config/lib/python3.10/site-packages:${PYTHONPATH} /usr/bin/python3 -W ignore:setup.py install is deprecated -W ignore:easy_install command is deprecated setup.py develop --editable --build-directory /home/dhruv/RotorTM/build/rotor_tm_config/build --no-deps symlink_data
