[0.011s] Invoking command in '/home/swati/Quad_DR/RotorTM/build/rotor_tm_plcontrol': CMAKE_PREFIX_PATH=/home/swati/Quad_DR/RotorTM/install/rotor_tm_msgs:/home/swati/Quad_DR/RotorTM/install/rotor_tm_plcontrol:/home/swati/Quad_DR/RotorTM/install/rotor_tm_sim:/home/swati/Quad_DR/RotorTM/install/rotor_tm_control:/home/swati/Quad_DR/RotorTM/install/rotor_tm_utils:/home/swati/Quad_DR/RotorTM/install/rotor_tm_traj:/home/swati/Quad_DR/RotorTM/install/rotor_tm_keyboard2wrench:/home/swati/Quad_DR/RotorTM/install/rotor_tm_config:/home/swati/Quad_DR/RotorTM/install/payload_control:/opt/ros/humble LD_LIBRARY_PATH=/home/swati/Quad_DR/RotorTM/install/rotor_tm_msgs/lib:/home/swati/Quad_DR/RotorTM/install/rotor_tm_plcontrol/lib:/usr/lib/x86_64-linux-gnu/gazebo-11/plugins:/opt/ros/humble/opt/rviz_ogre_vendor/lib:/opt/ros/humble/lib/x86_64-linux-gnu:/opt/ros/humble/lib:/usr/share/gazebo/../../lib/x86_64-linux-gnu/gazebo-11/plugins:/home/swati/acados/lib /opt/cmake-3.28.3-linux-x86_64/bin/cmake --build /home/swati/Quad_DR/RotorTM/build/rotor_tm_plcontrol -- -j20 -l20
[0.055s] [ 16%] [32mBuilding CXX object CMakeFiles/pl_nmpc_shared_lib.dir/src/pl_nmpc_controller_node.cpp.o[0m
[8.844s] [ 33%] [32m[1mLinking CXX shared library libpl_nmpc_shared_lib.so[0m
[9.340s] [ 66%] Built target pl_nmpc_shared_lib
[9.362s] [ 83%] [32mBuilding CXX object CMakeFiles/pl_nmpc_node.dir/src/pl_nmpc_controller_node.cpp.o[0m
[17.899s] [100%] [32m[1mLinking CXX executable pl_nmpc_node[0m
[18.393s] [100%] Built target pl_nmpc_node
[18.403s] Invoked command in '/home/swati/Quad_DR/RotorTM/build/rotor_tm_plcontrol' returned '0': CMAKE_PREFIX_PATH=/home/swati/Quad_DR/RotorTM/install/rotor_tm_msgs:/home/swati/Quad_DR/RotorTM/install/rotor_tm_plcontrol:/home/swati/Quad_DR/RotorTM/install/rotor_tm_sim:/home/swati/Quad_DR/RotorTM/install/rotor_tm_control:/home/swati/Quad_DR/RotorTM/install/rotor_tm_utils:/home/swati/Quad_DR/RotorTM/install/rotor_tm_traj:/home/swati/Quad_DR/RotorTM/install/rotor_tm_keyboard2wrench:/home/swati/Quad_DR/RotorTM/install/rotor_tm_config:/home/swati/Quad_DR/RotorTM/install/payload_control:/opt/ros/humble LD_LIBRARY_PATH=/home/swati/Quad_DR/RotorTM/install/rotor_tm_msgs/lib:/home/swati/Quad_DR/RotorTM/install/rotor_tm_plcontrol/lib:/usr/lib/x86_64-linux-gnu/gazebo-11/plugins:/opt/ros/humble/opt/rviz_ogre_vendor/lib:/opt/ros/humble/lib/x86_64-linux-gnu:/opt/ros/humble/lib:/usr/share/gazebo/../../lib/x86_64-linux-gnu/gazebo-11/plugins:/home/swati/acados/lib /opt/cmake-3.28.3-linux-x86_64/bin/cmake --build /home/swati/Quad_DR/RotorTM/build/rotor_tm_plcontrol -- -j20 -l20
[18.427s] Invoking command in '/home/swati/Quad_DR/RotorTM/build/rotor_tm_plcontrol': CMAKE_PREFIX_PATH=/home/swati/Quad_DR/RotorTM/install/rotor_tm_msgs:/home/swati/Quad_DR/RotorTM/install/rotor_tm_plcontrol:/home/swati/Quad_DR/RotorTM/install/rotor_tm_sim:/home/swati/Quad_DR/RotorTM/install/rotor_tm_control:/home/swati/Quad_DR/RotorTM/install/rotor_tm_utils:/home/swati/Quad_DR/RotorTM/install/rotor_tm_traj:/home/swati/Quad_DR/RotorTM/install/rotor_tm_keyboard2wrench:/home/swati/Quad_DR/RotorTM/install/rotor_tm_config:/home/swati/Quad_DR/RotorTM/install/payload_control:/opt/ros/humble LD_LIBRARY_PATH=/home/swati/Quad_DR/RotorTM/install/rotor_tm_msgs/lib:/home/swati/Quad_DR/RotorTM/install/rotor_tm_plcontrol/lib:/usr/lib/x86_64-linux-gnu/gazebo-11/plugins:/opt/ros/humble/opt/rviz_ogre_vendor/lib:/opt/ros/humble/lib/x86_64-linux-gnu:/opt/ros/humble/lib:/usr/share/gazebo/../../lib/x86_64-linux-gnu/gazebo-11/plugins:/home/swati/acados/lib /opt/cmake-3.28.3-linux-x86_64/bin/cmake --install /home/swati/Quad_DR/RotorTM/build/rotor_tm_plcontrol
[18.429s] -- Install configuration: ""
[18.429s] -- Up-to-date: /home/swati/Quad_DR/RotorTM/install/rotor_tm_plcontrol/lib/libacados_ocp_solver_payload_model.so
[18.429s] -- Up-to-date: /home/swati/Quad_DR/RotorTM/install/rotor_tm_plcontrol/share/rotor_tm_plcontrol/environment/library_path.sh
[18.429s] -- Up-to-date: /home/swati/Quad_DR/RotorTM/install/rotor_tm_plcontrol/share/rotor_tm_plcontrol/environment/library_path.dsv
[18.429s] -- Installing: /home/swati/Quad_DR/RotorTM/install/rotor_tm_plcontrol/lib/rotor_tm_plcontrol/pl_nmpc_node
[18.437s] -- Set non-toolchain portion of runtime path of "/home/swati/Quad_DR/RotorTM/install/rotor_tm_plcontrol/lib/rotor_tm_plcontrol/pl_nmpc_node" to ""
[18.437s] -- Installing: /home/swati/Quad_DR/RotorTM/install/rotor_tm_plcontrol/lib/libpl_nmpc_shared_lib.so
[18.445s] -- Set non-toolchain portion of runtime path of "/home/swati/Quad_DR/RotorTM/install/rotor_tm_plcontrol/lib/libpl_nmpc_shared_lib.so" to ""
[18.445s] -- Up-to-date: /home/swati/Quad_DR/RotorTM/install/rotor_tm_plcontrol/include/
[18.446s] -- Up-to-date: /home/swati/Quad_DR/RotorTM/install/rotor_tm_plcontrol/include//rotor_tm_plcontrol
[18.446s] -- Up-to-date: /home/swati/Quad_DR/RotorTM/install/rotor_tm_plcontrol/include//rotor_tm_plcontrol/acados_solver_payload_model.h
[18.446s] -- Up-to-date: /home/swati/Quad_DR/RotorTM/install/rotor_tm_plcontrol/include//rotor_tm_plcontrol/payload_model_model.h
[18.446s] -- Up-to-date: /home/swati/Quad_DR/RotorTM/install/rotor_tm_plcontrol/include//rotor_tm_plcontrol/nmpc_control.h
[18.446s] -- Up-to-date: /home/swati/Quad_DR/RotorTM/install/rotor_tm_plcontrol/include//rotor_tm_plcontrol/wrapper.h
[18.446s] -- Up-to-date: /home/swati/Quad_DR/RotorTM/install/rotor_tm_plcontrol/share/ament_index/resource_index/package_run_dependencies/rotor_tm_plcontrol
[18.447s] -- Up-to-date: /home/swati/Quad_DR/RotorTM/install/rotor_tm_plcontrol/share/ament_index/resource_index/parent_prefix_path/rotor_tm_plcontrol
[18.448s] -- Up-to-date: /home/swati/Quad_DR/RotorTM/install/rotor_tm_plcontrol/share/rotor_tm_plcontrol/environment/ament_prefix_path.sh
[18.448s] -- Up-to-date: /home/swati/Quad_DR/RotorTM/install/rotor_tm_plcontrol/share/rotor_tm_plcontrol/environment/ament_prefix_path.dsv
[18.448s] -- Up-to-date: /home/swati/Quad_DR/RotorTM/install/rotor_tm_plcontrol/share/rotor_tm_plcontrol/environment/path.sh
[18.448s] -- Up-to-date: /home/swati/Quad_DR/RotorTM/install/rotor_tm_plcontrol/share/rotor_tm_plcontrol/environment/path.dsv
[18.448s] -- Up-to-date: /home/swati/Quad_DR/RotorTM/install/rotor_tm_plcontrol/share/rotor_tm_plcontrol/local_setup.bash
[18.448s] -- Up-to-date: /home/swati/Quad_DR/RotorTM/install/rotor_tm_plcontrol/share/rotor_tm_plcontrol/local_setup.sh
[18.448s] -- Up-to-date: /home/swati/Quad_DR/RotorTM/install/rotor_tm_plcontrol/share/rotor_tm_plcontrol/local_setup.zsh
[18.449s] -- Up-to-date: /home/swati/Quad_DR/RotorTM/install/rotor_tm_plcontrol/share/rotor_tm_plcontrol/local_setup.dsv
[18.449s] -- Installing: /home/swati/Quad_DR/RotorTM/install/rotor_tm_plcontrol/share/rotor_tm_plcontrol/package.dsv
[18.449s] -- Up-to-date: /home/swati/Quad_DR/RotorTM/install/rotor_tm_plcontrol/share/ament_index/resource_index/packages/rotor_tm_plcontrol
[18.449s] -- Up-to-date: /home/swati/Quad_DR/RotorTM/install/rotor_tm_plcontrol/share/rotor_tm_plcontrol/cmake/ament_cmake_export_libraries-extras.cmake
[18.449s] -- Up-to-date: /home/swati/Quad_DR/RotorTM/install/rotor_tm_plcontrol/share/rotor_tm_plcontrol/cmake/ament_cmake_export_dependencies-extras.cmake
[18.449s] -- Up-to-date: /home/swati/Quad_DR/RotorTM/install/rotor_tm_plcontrol/share/rotor_tm_plcontrol/cmake/rotor_tm_plcontrolConfig.cmake
[18.450s] -- Up-to-date: /home/swati/Quad_DR/RotorTM/install/rotor_tm_plcontrol/share/rotor_tm_plcontrol/cmake/rotor_tm_plcontrolConfig-version.cmake
[18.450s] -- Up-to-date: /home/swati/Quad_DR/RotorTM/install/rotor_tm_plcontrol/share/rotor_tm_plcontrol/package.xml
[18.450s] Invoked command in '/home/swati/Quad_DR/RotorTM/build/rotor_tm_plcontrol' returned '0': CMAKE_PREFIX_PATH=/home/swati/Quad_DR/RotorTM/install/rotor_tm_msgs:/home/swati/Quad_DR/RotorTM/install/rotor_tm_plcontrol:/home/swati/Quad_DR/RotorTM/install/rotor_tm_sim:/home/swati/Quad_DR/RotorTM/install/rotor_tm_control:/home/swati/Quad_DR/RotorTM/install/rotor_tm_utils:/home/swati/Quad_DR/RotorTM/install/rotor_tm_traj:/home/swati/Quad_DR/RotorTM/install/rotor_tm_keyboard2wrench:/home/swati/Quad_DR/RotorTM/install/rotor_tm_config:/home/swati/Quad_DR/RotorTM/install/payload_control:/opt/ros/humble LD_LIBRARY_PATH=/home/swati/Quad_DR/RotorTM/install/rotor_tm_msgs/lib:/home/swati/Quad_DR/RotorTM/install/rotor_tm_plcontrol/lib:/usr/lib/x86_64-linux-gnu/gazebo-11/plugins:/opt/ros/humble/opt/rviz_ogre_vendor/lib:/opt/ros/humble/lib/x86_64-linux-gnu:/opt/ros/humble/lib:/usr/share/gazebo/../../lib/x86_64-linux-gnu/gazebo-11/plugins:/home/swati/acados/lib /opt/cmake-3.28.3-linux-x86_64/bin/cmake --install /home/swati/Quad_DR/RotorTM/build/rotor_tm_plcontrol
