[0.028s] Invoking command in '/home/swati/Quad_DR/RotorTM/build/rotor_tm_msgs': CMAKE_PREFIX_PATH=${CMAKE_PREFIX_PATH}:/home/swati/Quad_DR/RotorTM/install/rotor_tm_sim:/home/swati/Quad_DR/RotorTM/install/rotor_tm_control:/home/swati/Quad_DR/RotorTM/install/rotor_tm_utils:/home/swati/Quad_DR/RotorTM/install/rotor_tm_traj:/home/swati/Quad_DR/RotorTM/install/rotor_tm_keyboard2wrench:/home/swati/Quad_DR/RotorTM/install/rotor_tm_config:/home/swati/Quad_DR/RotorTM/install/payload_control:/opt/ros/humble /opt/cmake-3.28.3-linux-x86_64/bin/cmake --build /home/swati/Quad_DR/RotorTM/build/rotor_tm_msgs -- -j20 -l20
[0.728s] -- Found rosidl_default_generators: 1.2.0 (/opt/ros/humble/share/rosidl_default_generators/cmake)
[0.729s] -- Found ament_cmake_core: 1.3.10 (/opt/ros/humble/share/ament_cmake_core/cmake)
[0.729s] -- Using all available rosidl_typesupport_c: rosidl_typesupport_fastrtps_c;rosidl_typesupport_introspection_c
[0.729s] -- Found rosidl_adapter: 3.1.5 (/opt/ros/humble/share/rosidl_adapter/cmake)
[0.729s] -- Using all available rosidl_typesupport_cpp: rosidl_typesupport_fastrtps_cpp;rosidl_typesupport_introspection_cpp
[0.729s] -- Found rclpy: 3.3.14 (/opt/ros/humble/share/rclpy/cmake)
[0.729s] -- Found nav_msgs: 4.2.4 (/opt/ros/humble/share/nav_msgs/cmake)
[0.729s] -- Found sensor_msgs: 4.2.4 (/opt/ros/humble/share/sensor_msgs/cmake)
[0.729s] -- Found ament_cmake_ros: 0.10.0 (/opt/ros/humble/share/ament_cmake_ros/cmake)
[0.779s] -- Using all available rosidl_typesupport_c: rosidl_typesupport_fastrtps_c;rosidl_typesupport_introspection_c
[1.092s] -- Using all available rosidl_typesupport_cpp: rosidl_typesupport_fastrtps_cpp;rosidl_typesupport_introspection_cpp
[1.117s] -- Found python_cmake_module: 0.10.0 (/opt/ros/humble/share/python_cmake_module/cmake)
[1.141s] -- Using PYTHON_EXECUTABLE: /home/swati/acados/mpcenv/bin/python3
[1.142s] -- Using PYTHON_INCLUDE_DIRS: /usr/include/python3.10
[1.142s] -- Using PYTHON_LIBRARIES: /usr/lib/x86_64-linux-gnu/libpython3.10.so
[1.182s] -- Found ament_lint_auto: 0.12.11 (/opt/ros/humble/share/ament_lint_auto/cmake)
[1.187s] -- Added test 'cppcheck' to perform static code analysis on C / C++ code
[1.187s] -- Configured cppcheck include dirs: 
[1.187s] -- Configured cppcheck exclude dirs and/or files: 
[1.188s] -- Added test 'lint_cmake' to check CMake code style
[1.189s] -- Added test 'uncrustify' to check C / C++ code style
[1.189s] -- Configured uncrustify additional arguments: 
[1.189s] -- Added test 'xmllint' to check XML markup files
[1.190s] -- Configuring done
[1.228s] -- Generating done
[1.230s] -- Build files have been written to: /home/swati/Quad_DR/RotorTM/build/rotor_tm_msgs
[1.256s] [  1%] [34m[1mGenerating C code for ROS interfaces[0m
[1.267s] [  1%] [34m[1mGenerating C++ code for ROS interfaces[0m
[1.279s] [  1%] Built target ament_cmake_python_copy_rotor_tm_msgs
[1.502s] running egg_info
[1.515s] writing rotor_tm_msgs.egg-info/PKG-INFO
[1.515s] writing dependency_links to rotor_tm_msgs.egg-info/dependency_links.txt
[1.515s] writing top-level names to rotor_tm_msgs.egg-info/top_level.txt
[1.550s] reading manifest file 'rotor_tm_msgs.egg-info/SOURCES.txt'
[1.551s] writing manifest file 'rotor_tm_msgs.egg-info/SOURCES.txt'
[1.578s] [  1%] Built target ament_cmake_python_build_rotor_tm_msgs_egg
[2.122s] [  1%] Built target rotor_tm_msgs__cpp
[2.130s] [  2%] [34m[1mGenerating C++ introspection for ROS interfaces[0m
[2.130s] [  2%] [34m[1mGenerating C++ type support dispatch for ROS interfaces[0m
[2.130s] [  3%] [34m[1mGenerating C++ type support for eProsima Fast-RTPS[0m
[2.202s] [35m[1mConsolidate compiler generated dependencies of target rotor_tm_msgs__rosidl_generator_c[0m
[2.218s] [  4%] [32mBuilding C object CMakeFiles/rotor_tm_msgs__rosidl_generator_c.dir/rosidl_generator_c/rotor_tm_msgs/msg/detail/so3_command__functions.c.o[0m
[2.218s] [  5%] [32mBuilding C object CMakeFiles/rotor_tm_msgs__rosidl_generator_c.dir/rosidl_generator_c/rotor_tm_msgs/msg/detail/fmn_command__functions.c.o[0m
[2.219s] [  6%] [32mBuilding C object CMakeFiles/rotor_tm_msgs__rosidl_generator_c.dir/rosidl_generator_c/rotor_tm_msgs/srv/detail/circle__functions.c.o[0m
[2.219s] [  6%] [32mBuilding C object CMakeFiles/rotor_tm_msgs__rosidl_generator_c.dir/rosidl_generator_c/rotor_tm_msgs/msg/detail/fm_command__functions.c.o[0m
[2.219s] [  8%] [32mBuilding C object CMakeFiles/rotor_tm_msgs__rosidl_generator_c.dir/rosidl_generator_c/rotor_tm_msgs/msg/detail/rpm_command__functions.c.o[0m
[2.219s] [  8%] [32mBuilding C object CMakeFiles/rotor_tm_msgs__rosidl_generator_c.dir/rosidl_generator_c/rotor_tm_msgs/msg/detail/status_data__functions.c.o[0m
[2.220s] [  8%] [32mBuilding C object CMakeFiles/rotor_tm_msgs__rosidl_generator_c.dir/rosidl_generator_c/rotor_tm_msgs/msg/detail/trpy_command__functions.c.o[0m
[2.220s] [  9%] [32mBuilding C object CMakeFiles/rotor_tm_msgs__rosidl_generator_c.dir/rosidl_generator_c/rotor_tm_msgs/srv/detail/vec4__functions.c.o[0m
[2.220s] [  9%] [32mBuilding C object CMakeFiles/rotor_tm_msgs__rosidl_generator_c.dir/rosidl_generator_c/rotor_tm_msgs/msg/detail/traj_command__functions.c.o[0m
[2.220s] [  9%] [32mBuilding C object CMakeFiles/rotor_tm_msgs__rosidl_generator_c.dir/rosidl_generator_c/rotor_tm_msgs/msg/detail/position_command__functions.c.o[0m
[2.220s] [  9%] [32mBuilding C object CMakeFiles/rotor_tm_msgs__rosidl_generator_c.dir/rosidl_generator_c/rotor_tm_msgs/srv/detail/copr_status_cmd__functions.c.o[0m
[2.221s] [ 10%] [32mBuilding C object CMakeFiles/rotor_tm_msgs__rosidl_generator_c.dir/rosidl_generator_c/rotor_tm_msgs/srv/detail/circle_with_rotation__functions.c.o[0m
[2.226s] [ 11%] [32mBuilding C object CMakeFiles/rotor_tm_msgs__rosidl_generator_c.dir/rosidl_generator_c/rotor_tm_msgs/srv/detail/step_pose__functions.c.o[0m
[2.229s] [ 12%] [32mBuilding C object CMakeFiles/rotor_tm_msgs__rosidl_generator_c.dir/rosidl_generator_c/rotor_tm_msgs/msg/detail/cen_pl_command__functions.c.o[0m
[2.229s] [ 13%] [32mBuilding C object CMakeFiles/rotor_tm_msgs__rosidl_generator_c.dir/rosidl_generator_c/rotor_tm_msgs/srv/detail/line__functions.c.o[0m
[2.301s] [ 14%] [32m[1mLinking C shared library librotor_tm_msgs__rosidl_generator_c.so[0m
[2.340s] [ 14%] Built target rotor_tm_msgs__rosidl_generator_c
[2.352s] [ 17%] [34m[1mGenerating C type support for eProsima Fast-RTPS[0m
[2.352s] [ 17%] [34m[1mGenerating C introspection for ROS interfaces[0m
[2.352s] [ 17%] [34m[1mGenerating C type support dispatch for ROS interfaces[0m
[2.741s] [35m[1mConsolidate compiler generated dependencies of target rotor_tm_msgs__rosidl_typesupport_cpp[0m
[2.764s] [ 18%] [32mBuilding CXX object CMakeFiles/rotor_tm_msgs__rosidl_typesupport_cpp.dir/rosidl_typesupport_cpp/rotor_tm_msgs/msg/so3_command__type_support.cpp.o[0m
[2.765s] [ 18%] [32mBuilding CXX object CMakeFiles/rotor_tm_msgs__rosidl_typesupport_cpp.dir/rosidl_typesupport_cpp/rotor_tm_msgs/msg/fm_command__type_support.cpp.o[0m
[2.766s] [ 19%] [32mBuilding CXX object CMakeFiles/rotor_tm_msgs__rosidl_typesupport_cpp.dir/rosidl_typesupport_cpp/rotor_tm_msgs/msg/cen_pl_command__type_support.cpp.o[0m
[2.766s] [ 19%] [32mBuilding CXX object CMakeFiles/rotor_tm_msgs__rosidl_typesupport_cpp.dir/rosidl_typesupport_cpp/rotor_tm_msgs/msg/position_command__type_support.cpp.o[0m
[2.766s] [ 20%] [32mBuilding CXX object CMakeFiles/rotor_tm_msgs__rosidl_typesupport_cpp.dir/rosidl_typesupport_cpp/rotor_tm_msgs/msg/rpm_command__type_support.cpp.o[0m
[2.766s] [ 20%] [32mBuilding CXX object CMakeFiles/rotor_tm_msgs__rosidl_typesupport_cpp.dir/rosidl_typesupport_cpp/rotor_tm_msgs/msg/fmn_command__type_support.cpp.o[0m
[2.766s] [ 23%] [32mBuilding CXX object CMakeFiles/rotor_tm_msgs__rosidl_typesupport_cpp.dir/rosidl_typesupport_cpp/rotor_tm_msgs/srv/vec4__type_support.cpp.o[0m
[2.766s] [ 23%] [32mBuilding CXX object CMakeFiles/rotor_tm_msgs__rosidl_typesupport_cpp.dir/rosidl_typesupport_cpp/rotor_tm_msgs/msg/trpy_command__type_support.cpp.o[0m
[2.766s] [ 23%] [32mBuilding CXX object CMakeFiles/rotor_tm_msgs__rosidl_typesupport_cpp.dir/rosidl_typesupport_cpp/rotor_tm_msgs/msg/status_data__type_support.cpp.o[0m
[2.766s] [ 23%] [32mBuilding CXX object CMakeFiles/rotor_tm_msgs__rosidl_typesupport_cpp.dir/rosidl_typesupport_cpp/rotor_tm_msgs/srv/circle_with_rotation__type_support.cpp.o[0m
[2.766s] [ 24%] [32mBuilding CXX object CMakeFiles/rotor_tm_msgs__rosidl_typesupport_cpp.dir/rosidl_typesupport_cpp/rotor_tm_msgs/msg/traj_command__type_support.cpp.o[0m
[2.767s] [ 25%] [32mBuilding CXX object CMakeFiles/rotor_tm_msgs__rosidl_typesupport_cpp.dir/rosidl_typesupport_cpp/rotor_tm_msgs/srv/line__type_support.cpp.o[0m
[2.768s] [ 26%] [32mBuilding CXX object CMakeFiles/rotor_tm_msgs__rosidl_typesupport_cpp.dir/rosidl_typesupport_cpp/rotor_tm_msgs/srv/circle__type_support.cpp.o[0m
[2.770s] [ 27%] [32mBuilding CXX object CMakeFiles/rotor_tm_msgs__rosidl_typesupport_cpp.dir/rosidl_typesupport_cpp/rotor_tm_msgs/srv/copr_status_cmd__type_support.cpp.o[0m
[2.778s] [ 27%] [32mBuilding CXX object CMakeFiles/rotor_tm_msgs__rosidl_typesupport_cpp.dir/rosidl_typesupport_cpp/rotor_tm_msgs/srv/step_pose__type_support.cpp.o[0m
[3.055s] [35m[1mConsolidate compiler generated dependencies of target rotor_tm_msgs__rosidl_typesupport_introspection_cpp[0m
[3.070s] [35m[1mConsolidate compiler generated dependencies of target rotor_tm_msgs__rosidl_typesupport_c[0m
[3.072s] [ 28%] [32mBuilding CXX object CMakeFiles/rotor_tm_msgs__rosidl_typesupport_introspection_cpp.dir/rosidl_typesupport_introspection_cpp/rotor_tm_msgs/msg/detail/fm_command__type_support.cpp.o[0m
[3.073s] [ 29%] [32mBuilding CXX object CMakeFiles/rotor_tm_msgs__rosidl_typesupport_introspection_cpp.dir/rosidl_typesupport_introspection_cpp/rotor_tm_msgs/msg/detail/position_command__type_support.cpp.o[0m
[3.073s] [ 30%] [32mBuilding CXX object CMakeFiles/rotor_tm_msgs__rosidl_typesupport_introspection_cpp.dir/rosidl_typesupport_introspection_cpp/rotor_tm_msgs/msg/detail/so3_command__type_support.cpp.o[0m
[3.074s] [ 30%] [32mBuilding CXX object CMakeFiles/rotor_tm_msgs__rosidl_typesupport_introspection_cpp.dir/rosidl_typesupport_introspection_cpp/rotor_tm_msgs/msg/detail/rpm_command__type_support.cpp.o[0m
[3.074s] [ 32%] [32mBuilding CXX object CMakeFiles/rotor_tm_msgs__rosidl_typesupport_introspection_cpp.dir/rosidl_typesupport_introspection_cpp/rotor_tm_msgs/msg/detail/status_data__type_support.cpp.o[0m
[3.074s] [ 32%] [32mBuilding CXX object CMakeFiles/rotor_tm_msgs__rosidl_typesupport_introspection_cpp.dir/rosidl_typesupport_introspection_cpp/rotor_tm_msgs/msg/detail/cen_pl_command__type_support.cpp.o[0m
[3.074s] [ 33%] [32mBuilding CXX object CMakeFiles/rotor_tm_msgs__rosidl_typesupport_introspection_cpp.dir/rosidl_typesupport_introspection_cpp/rotor_tm_msgs/msg/detail/traj_command__type_support.cpp.o[0m
[3.075s] [ 33%] [32mBuilding CXX object CMakeFiles/rotor_tm_msgs__rosidl_typesupport_introspection_cpp.dir/rosidl_typesupport_introspection_cpp/rotor_tm_msgs/srv/detail/vec4__type_support.cpp.o[0m
[3.076s] [ 33%] [32mBuilding CXX object CMakeFiles/rotor_tm_msgs__rosidl_typesupport_introspection_cpp.dir/rosidl_typesupport_introspection_cpp/rotor_tm_msgs/msg/detail/trpy_command__type_support.cpp.o[0m
[3.076s] [ 34%] [32mBuilding CXX object CMakeFiles/rotor_tm_msgs__rosidl_typesupport_introspection_cpp.dir/rosidl_typesupport_introspection_cpp/rotor_tm_msgs/srv/detail/circle__type_support.cpp.o[0m
[3.077s] [ 35%] [32mBuilding CXX object CMakeFiles/rotor_tm_msgs__rosidl_typesupport_introspection_cpp.dir/rosidl_typesupport_introspection_cpp/rotor_tm_msgs/msg/detail/fmn_command__type_support.cpp.o[0m
[3.082s] [ 36%] [32mBuilding CXX object CMakeFiles/rotor_tm_msgs__rosidl_typesupport_introspection_cpp.dir/rosidl_typesupport_introspection_cpp/rotor_tm_msgs/srv/detail/circle_with_rotation__type_support.cpp.o[0m
[3.082s] [ 37%] [32mBuilding CXX object CMakeFiles/rotor_tm_msgs__rosidl_typesupport_introspection_cpp.dir/rosidl_typesupport_introspection_cpp/rotor_tm_msgs/srv/detail/copr_status_cmd__type_support.cpp.o[0m
[3.083s] [ 37%] [32mBuilding CXX object CMakeFiles/rotor_tm_msgs__rosidl_typesupport_introspection_cpp.dir/rosidl_typesupport_introspection_cpp/rotor_tm_msgs/srv/detail/line__type_support.cpp.o[0m
[3.098s] [ 37%] [32mBuilding CXX object CMakeFiles/rotor_tm_msgs__rosidl_typesupport_c.dir/rosidl_typesupport_c/rotor_tm_msgs/msg/position_command__type_support.cpp.o[0m
[3.148s] [ 38%] [32mBuilding CXX object CMakeFiles/rotor_tm_msgs__rosidl_typesupport_c.dir/rosidl_typesupport_c/rotor_tm_msgs/msg/fm_command__type_support.cpp.o[0m
[3.153s] [ 39%] [32m[1mLinking CXX shared library librotor_tm_msgs__rosidl_typesupport_cpp.so[0m
[3.167s] [ 40%] [32mBuilding CXX object CMakeFiles/rotor_tm_msgs__rosidl_typesupport_c.dir/rosidl_typesupport_c/rotor_tm_msgs/msg/rpm_command__type_support.cpp.o[0m
[3.189s] [ 40%] [32mBuilding CXX object CMakeFiles/rotor_tm_msgs__rosidl_typesupport_c.dir/rosidl_typesupport_c/rotor_tm_msgs/msg/so3_command__type_support.cpp.o[0m
[3.207s] [ 40%] Built target rotor_tm_msgs__rosidl_typesupport_cpp
[3.216s] [ 41%] [32mBuilding CXX object CMakeFiles/rotor_tm_msgs__rosidl_typesupport_introspection_cpp.dir/rosidl_typesupport_introspection_cpp/rotor_tm_msgs/srv/detail/step_pose__type_support.cpp.o[0m
[3.221s] [ 42%] [32mBuilding CXX object CMakeFiles/rotor_tm_msgs__rosidl_typesupport_c.dir/rosidl_typesupport_c/rotor_tm_msgs/msg/cen_pl_command__type_support.cpp.o[0m
[3.225s] [ 43%] [32mBuilding CXX object CMakeFiles/rotor_tm_msgs__rosidl_typesupport_c.dir/rosidl_typesupport_c/rotor_tm_msgs/msg/status_data__type_support.cpp.o[0m
[3.259s] [ 44%] [32mBuilding CXX object CMakeFiles/rotor_tm_msgs__rosidl_typesupport_c.dir/rosidl_typesupport_c/rotor_tm_msgs/msg/trpy_command__type_support.cpp.o[0m
[3.288s] [ 44%] [32mBuilding CXX object CMakeFiles/rotor_tm_msgs__rosidl_typesupport_c.dir/rosidl_typesupport_c/rotor_tm_msgs/msg/traj_command__type_support.cpp.o[0m
[3.301s] [ 45%] [32mBuilding CXX object CMakeFiles/rotor_tm_msgs__rosidl_typesupport_c.dir/rosidl_typesupport_c/rotor_tm_msgs/msg/fmn_command__type_support.cpp.o[0m
[3.322s] [ 46%] [32mBuilding CXX object CMakeFiles/rotor_tm_msgs__rosidl_typesupport_c.dir/rosidl_typesupport_c/rotor_tm_msgs/srv/vec4__type_support.cpp.o[0m
[3.359s] [ 46%] [32mBuilding CXX object CMakeFiles/rotor_tm_msgs__rosidl_typesupport_c.dir/rosidl_typesupport_c/rotor_tm_msgs/srv/circle__type_support.cpp.o[0m
[3.374s] [ 47%] [32mBuilding CXX object CMakeFiles/rotor_tm_msgs__rosidl_typesupport_c.dir/rosidl_typesupport_c/rotor_tm_msgs/srv/circle_with_rotation__type_support.cpp.o[0m
[3.397s] [ 48%] [32mBuilding CXX object CMakeFiles/rotor_tm_msgs__rosidl_typesupport_c.dir/rosidl_typesupport_c/rotor_tm_msgs/srv/line__type_support.cpp.o[0m
[3.432s] [ 48%] [32mBuilding CXX object CMakeFiles/rotor_tm_msgs__rosidl_typesupport_c.dir/rosidl_typesupport_c/rotor_tm_msgs/srv/copr_status_cmd__type_support.cpp.o[0m
[3.437s] [ 49%] [32mBuilding CXX object CMakeFiles/rotor_tm_msgs__rosidl_typesupport_c.dir/rosidl_typesupport_c/rotor_tm_msgs/srv/step_pose__type_support.cpp.o[0m
[3.462s] [35m[1mConsolidate compiler generated dependencies of target rotor_tm_msgs__rosidl_typesupport_fastrtps_cpp[0m
[3.471s] [ 50%] [32m[1mLinking CXX shared library librotor_tm_msgs__rosidl_typesupport_c.so[0m
[3.483s] [ 51%] [32mBuilding CXX object CMakeFiles/rotor_tm_msgs__rosidl_typesupport_fastrtps_cpp.dir/rosidl_typesupport_fastrtps_cpp/rotor_tm_msgs/msg/detail/dds_fastrtps/position_command__type_support.cpp.o[0m
[3.486s] [ 52%] [32mBuilding CXX object CMakeFiles/rotor_tm_msgs__rosidl_typesupport_fastrtps_cpp.dir/rosidl_typesupport_fastrtps_cpp/rotor_tm_msgs/msg/detail/dds_fastrtps/fm_command__type_support.cpp.o[0m
[3.494s] [ 52%] [32mBuilding CXX object CMakeFiles/rotor_tm_msgs__rosidl_typesupport_fastrtps_cpp.dir/rosidl_typesupport_fastrtps_cpp/rotor_tm_msgs/msg/detail/dds_fastrtps/rpm_command__type_support.cpp.o[0m
[3.496s] [ 53%] [32mBuilding CXX object CMakeFiles/rotor_tm_msgs__rosidl_typesupport_fastrtps_cpp.dir/rosidl_typesupport_fastrtps_cpp/rotor_tm_msgs/msg/detail/dds_fastrtps/so3_command__type_support.cpp.o[0m
[3.499s] [ 54%] [32mBuilding CXX object CMakeFiles/rotor_tm_msgs__rosidl_typesupport_fastrtps_cpp.dir/rosidl_typesupport_fastrtps_cpp/rotor_tm_msgs/msg/detail/dds_fastrtps/cen_pl_command__type_support.cpp.o[0m
[3.503s] [ 54%] [32mBuilding CXX object CMakeFiles/rotor_tm_msgs__rosidl_typesupport_fastrtps_cpp.dir/rosidl_typesupport_fastrtps_cpp/rotor_tm_msgs/msg/detail/dds_fastrtps/status_data__type_support.cpp.o[0m
[3.505s] [ 55%] [32mBuilding CXX object CMakeFiles/rotor_tm_msgs__rosidl_typesupport_fastrtps_cpp.dir/rosidl_typesupport_fastrtps_cpp/rotor_tm_msgs/msg/detail/dds_fastrtps/trpy_command__type_support.cpp.o[0m
[3.505s] [ 56%] [32mBuilding CXX object CMakeFiles/rotor_tm_msgs__rosidl_typesupport_fastrtps_cpp.dir/rosidl_typesupport_fastrtps_cpp/rotor_tm_msgs/msg/detail/dds_fastrtps/traj_command__type_support.cpp.o[0m
[3.507s] [ 56%] [32mBuilding CXX object CMakeFiles/rotor_tm_msgs__rosidl_typesupport_fastrtps_cpp.dir/rosidl_typesupport_fastrtps_cpp/rotor_tm_msgs/msg/detail/dds_fastrtps/fmn_command__type_support.cpp.o[0m
[3.509s] [35m[1mConsolidate compiler generated dependencies of target rotor_tm_msgs__rosidl_typesupport_fastrtps_c[0m
[3.519s] [ 56%] Built target rotor_tm_msgs__rosidl_typesupport_c
[3.529s] [ 57%] [32mBuilding CXX object CMakeFiles/rotor_tm_msgs__rosidl_typesupport_fastrtps_cpp.dir/rosidl_typesupport_fastrtps_cpp/rotor_tm_msgs/srv/detail/dds_fastrtps/vec4__type_support.cpp.o[0m
[3.529s] [ 58%] [32mBuilding CXX object CMakeFiles/rotor_tm_msgs__rosidl_typesupport_fastrtps_cpp.dir/rosidl_typesupport_fastrtps_cpp/rotor_tm_msgs/srv/detail/dds_fastrtps/circle__type_support.cpp.o[0m
[3.535s] [ 58%] [32mBuilding CXX object CMakeFiles/rotor_tm_msgs__rosidl_typesupport_fastrtps_cpp.dir/rosidl_typesupport_fastrtps_cpp/rotor_tm_msgs/srv/detail/dds_fastrtps/line__type_support.cpp.o[0m
[3.535s] [ 59%] [32mBuilding CXX object CMakeFiles/rotor_tm_msgs__rosidl_typesupport_fastrtps_cpp.dir/rosidl_typesupport_fastrtps_cpp/rotor_tm_msgs/srv/detail/dds_fastrtps/circle_with_rotation__type_support.cpp.o[0m
[3.539s] [ 61%] [32mBuilding CXX object CMakeFiles/rotor_tm_msgs__rosidl_typesupport_fastrtps_cpp.dir/rosidl_typesupport_fastrtps_cpp/rotor_tm_msgs/srv/detail/dds_fastrtps/copr_status_cmd__type_support.cpp.o[0m
[3.539s] [ 61%] [32mBuilding CXX object CMakeFiles/rotor_tm_msgs__rosidl_typesupport_fastrtps_c.dir/rosidl_typesupport_fastrtps_c/rotor_tm_msgs/msg/detail/position_command__type_support_c.cpp.o[0m
[3.545s] [ 61%] [32mBuilding CXX object CMakeFiles/rotor_tm_msgs__rosidl_typesupport_fastrtps_c.dir/rosidl_typesupport_fastrtps_c/rotor_tm_msgs/msg/detail/fm_command__type_support_c.cpp.o[0m
[3.567s] [ 62%] [32mBuilding CXX object CMakeFiles/rotor_tm_msgs__rosidl_typesupport_fastrtps_cpp.dir/rosidl_typesupport_fastrtps_cpp/rotor_tm_msgs/srv/detail/dds_fastrtps/step_pose__type_support.cpp.o[0m
[3.613s] [ 63%] [32mBuilding CXX object CMakeFiles/rotor_tm_msgs__rosidl_typesupport_fastrtps_c.dir/rosidl_typesupport_fastrtps_c/rotor_tm_msgs/msg/detail/rpm_command__type_support_c.cpp.o[0m
[3.649s] [ 64%] [32m[1mLinking CXX shared library librotor_tm_msgs__rosidl_typesupport_introspection_cpp.so[0m
[3.828s] [ 64%] Built target rotor_tm_msgs__rosidl_typesupport_introspection_cpp
[3.884s] [ 65%] [32mBuilding CXX object CMakeFiles/rotor_tm_msgs__rosidl_typesupport_fastrtps_c.dir/rosidl_typesupport_fastrtps_c/rotor_tm_msgs/msg/detail/so3_command__type_support_c.cpp.o[0m
[3.896s] [ 65%] [32mBuilding CXX object CMakeFiles/rotor_tm_msgs__rosidl_typesupport_fastrtps_c.dir/rosidl_typesupport_fastrtps_c/rotor_tm_msgs/msg/detail/cen_pl_command__type_support_c.cpp.o[0m
[3.902s] [ 66%] [32mBuilding CXX object CMakeFiles/rotor_tm_msgs__rosidl_typesupport_fastrtps_c.dir/rosidl_typesupport_fastrtps_c/rotor_tm_msgs/msg/detail/status_data__type_support_c.cpp.o[0m
[3.904s] [ 67%] [32mBuilding CXX object CMakeFiles/rotor_tm_msgs__rosidl_typesupport_fastrtps_c.dir/rosidl_typesupport_fastrtps_c/rotor_tm_msgs/msg/detail/trpy_command__type_support_c.cpp.o[0m
[3.918s] [ 67%] [32mBuilding CXX object CMakeFiles/rotor_tm_msgs__rosidl_typesupport_fastrtps_c.dir/rosidl_typesupport_fastrtps_c/rotor_tm_msgs/msg/detail/traj_command__type_support_c.cpp.o[0m
[3.939s] [ 68%] [32mBuilding CXX object CMakeFiles/rotor_tm_msgs__rosidl_typesupport_fastrtps_c.dir/rosidl_typesupport_fastrtps_c/rotor_tm_msgs/msg/detail/fmn_command__type_support_c.cpp.o[0m
[3.948s] [ 69%] [32mBuilding CXX object CMakeFiles/rotor_tm_msgs__rosidl_typesupport_fastrtps_c.dir/rosidl_typesupport_fastrtps_c/rotor_tm_msgs/srv/detail/vec4__type_support_c.cpp.o[0m
[3.953s] [ 70%] [32mBuilding CXX object CMakeFiles/rotor_tm_msgs__rosidl_typesupport_fastrtps_c.dir/rosidl_typesupport_fastrtps_c/rotor_tm_msgs/srv/detail/circle__type_support_c.cpp.o[0m
[3.954s] [ 70%] [32mBuilding CXX object CMakeFiles/rotor_tm_msgs__rosidl_typesupport_fastrtps_c.dir/rosidl_typesupport_fastrtps_c/rotor_tm_msgs/srv/detail/circle_with_rotation__type_support_c.cpp.o[0m
[3.958s] [ 71%] [32mBuilding CXX object CMakeFiles/rotor_tm_msgs__rosidl_typesupport_fastrtps_c.dir/rosidl_typesupport_fastrtps_c/rotor_tm_msgs/srv/detail/line__type_support_c.cpp.o[0m
[3.968s] [ 72%] [32mBuilding CXX object CMakeFiles/rotor_tm_msgs__rosidl_typesupport_fastrtps_c.dir/rosidl_typesupport_fastrtps_c/rotor_tm_msgs/srv/detail/copr_status_cmd__type_support_c.cpp.o[0m
[3.972s] [ 72%] [32mBuilding CXX object CMakeFiles/rotor_tm_msgs__rosidl_typesupport_fastrtps_c.dir/rosidl_typesupport_fastrtps_c/rotor_tm_msgs/srv/detail/step_pose__type_support_c.cpp.o[0m
[3.990s] [35m[1mConsolidate compiler generated dependencies of target rotor_tm_msgs__rosidl_typesupport_introspection_c[0m
[4.022s] [ 73%] [32mBuilding C object CMakeFiles/rotor_tm_msgs__rosidl_typesupport_introspection_c.dir/rosidl_typesupport_introspection_c/rotor_tm_msgs/msg/detail/position_command__type_support.c.o[0m
[4.022s] [ 74%] [32mBuilding C object CMakeFiles/rotor_tm_msgs__rosidl_typesupport_introspection_c.dir/rosidl_typesupport_introspection_c/rotor_tm_msgs/msg/detail/rpm_command__type_support.c.o[0m
[4.027s] [ 74%] [32mBuilding C object CMakeFiles/rotor_tm_msgs__rosidl_typesupport_introspection_c.dir/rosidl_typesupport_introspection_c/rotor_tm_msgs/msg/detail/fm_command__type_support.c.o[0m
[4.066s] [ 75%] [32mBuilding C object CMakeFiles/rotor_tm_msgs__rosidl_typesupport_introspection_c.dir/rosidl_typesupport_introspection_c/rotor_tm_msgs/msg/detail/so3_command__type_support.c.o[0m
[4.072s] [ 75%] [32mBuilding C object CMakeFiles/rotor_tm_msgs__rosidl_typesupport_introspection_c.dir/rosidl_typesupport_introspection_c/rotor_tm_msgs/msg/detail/status_data__type_support.c.o[0m
[4.074s] [ 76%] [32mBuilding C object CMakeFiles/rotor_tm_msgs__rosidl_typesupport_introspection_c.dir/rosidl_typesupport_introspection_c/rotor_tm_msgs/msg/detail/cen_pl_command__type_support.c.o[0m
[4.076s] [ 77%] [32mBuilding C object CMakeFiles/rotor_tm_msgs__rosidl_typesupport_introspection_c.dir/rosidl_typesupport_introspection_c/rotor_tm_msgs/msg/detail/trpy_command__type_support.c.o[0m
[4.078s] [ 78%] [32mBuilding C object CMakeFiles/rotor_tm_msgs__rosidl_typesupport_introspection_c.dir/rosidl_typesupport_introspection_c/rotor_tm_msgs/msg/detail/traj_command__type_support.c.o[0m
[4.080s] [ 78%] [32mBuilding C object CMakeFiles/rotor_tm_msgs__rosidl_typesupport_introspection_c.dir/rosidl_typesupport_introspection_c/rotor_tm_msgs/msg/detail/fmn_command__type_support.c.o[0m
[4.101s] [ 79%] [32mBuilding C object CMakeFiles/rotor_tm_msgs__rosidl_typesupport_introspection_c.dir/rosidl_typesupport_introspection_c/rotor_tm_msgs/srv/detail/vec4__type_support.c.o[0m
[4.111s] [ 80%] [32mBuilding C object CMakeFiles/rotor_tm_msgs__rosidl_typesupport_introspection_c.dir/rosidl_typesupport_introspection_c/rotor_tm_msgs/srv/detail/circle__type_support.c.o[0m
[4.118s] [ 80%] [32m[1mLinking CXX shared library librotor_tm_msgs__rosidl_typesupport_fastrtps_cpp.so[0m
[4.122s] [ 80%] [32mBuilding C object CMakeFiles/rotor_tm_msgs__rosidl_typesupport_introspection_c.dir/rosidl_typesupport_introspection_c/rotor_tm_msgs/srv/detail/circle_with_rotation__type_support.c.o[0m
[4.125s] [ 81%] [32mBuilding C object CMakeFiles/rotor_tm_msgs__rosidl_typesupport_introspection_c.dir/rosidl_typesupport_introspection_c/rotor_tm_msgs/srv/detail/copr_status_cmd__type_support.c.o[0m
[4.127s] [ 82%] [32mBuilding C object CMakeFiles/rotor_tm_msgs__rosidl_typesupport_introspection_c.dir/rosidl_typesupport_introspection_c/rotor_tm_msgs/srv/detail/line__type_support.c.o[0m
[4.127s] [ 83%] [32mBuilding C object CMakeFiles/rotor_tm_msgs__rosidl_typesupport_introspection_c.dir/rosidl_typesupport_introspection_c/rotor_tm_msgs/srv/detail/step_pose__type_support.c.o[0m
[4.177s] [ 83%] [32m[1mLinking C shared library librotor_tm_msgs__rosidl_typesupport_introspection_c.so[0m
[4.203s] [ 83%] Built target rotor_tm_msgs__rosidl_typesupport_introspection_c
[4.217s] [ 83%] Built target rotor_tm_msgs__rosidl_typesupport_fastrtps_cpp
[4.344s] [ 84%] [32m[1mLinking CXX shared library librotor_tm_msgs__rosidl_typesupport_fastrtps_c.so[0m
[4.405s] [ 84%] Built target rotor_tm_msgs__rosidl_typesupport_fastrtps_c
[4.423s] [ 84%] Built target rotor_tm_msgs
[4.442s] [ 85%] [34m[1mGenerating Python code for ROS interfaces[0m
[5.941s] [ 85%] Built target rotor_tm_msgs__py
[5.953s] [35m[1mConsolidate compiler generated dependencies of target rotor_tm_msgs__rosidl_generator_py[0m
[5.971s] [ 85%] [32mBuilding C object CMakeFiles/rotor_tm_msgs__rosidl_generator_py.dir/rosidl_generator_py/rotor_tm_msgs/msg/_cen_pl_command_s.c.o[0m
[5.972s] [ 86%] [32mBuilding C object CMakeFiles/rotor_tm_msgs__rosidl_generator_py.dir/rosidl_generator_py/rotor_tm_msgs/msg/_status_data_s.c.o[0m
[5.973s] [ 87%] [32mBuilding C object CMakeFiles/rotor_tm_msgs__rosidl_generator_py.dir/rosidl_generator_py/rotor_tm_msgs/msg/_trpy_command_s.c.o[0m
[5.973s] [ 87%] [32mBuilding C object CMakeFiles/rotor_tm_msgs__rosidl_generator_py.dir/rosidl_generator_py/rotor_tm_msgs/msg/_traj_command_s.c.o[0m
[5.973s] [ 88%] [32mBuilding C object CMakeFiles/rotor_tm_msgs__rosidl_generator_py.dir/rosidl_generator_py/rotor_tm_msgs/msg/_fmn_command_s.c.o[0m
[5.973s] [ 89%] [32mBuilding C object CMakeFiles/rotor_tm_msgs__rosidl_generator_py.dir/rosidl_generator_py/rotor_tm_msgs/msg/_fm_command_s.c.o[0m
[5.973s] [ 89%] [32mBuilding C object CMakeFiles/rotor_tm_msgs__rosidl_generator_py.dir/rosidl_generator_py/rotor_tm_msgs/msg/_position_command_s.c.o[0m
[5.974s] [ 90%] [32mBuilding C object CMakeFiles/rotor_tm_msgs__rosidl_generator_py.dir/rosidl_generator_py/rotor_tm_msgs/msg/_rpm_command_s.c.o[0m
[5.974s] [ 91%] [32mBuilding C object CMakeFiles/rotor_tm_msgs__rosidl_generator_py.dir/rosidl_generator_py/rotor_tm_msgs/msg/_so3_command_s.c.o[0m
[5.975s] [ 92%] [32mBuilding C object CMakeFiles/rotor_tm_msgs__rosidl_generator_py.dir/rosidl_generator_py/rotor_tm_msgs/srv/_circle_with_rotation_s.c.o[0m
[5.976s] [ 92%] [32mBuilding C object CMakeFiles/rotor_tm_msgs__rosidl_generator_py.dir/rosidl_generator_py/rotor_tm_msgs/srv/_step_pose_s.c.o[0m
[5.976s] [ 93%] [32mBuilding C object CMakeFiles/rotor_tm_msgs__rosidl_generator_py.dir/rosidl_generator_py/rotor_tm_msgs/srv/_copr_status_cmd_s.c.o[0m
[5.976s] [ 94%] [32mBuilding C object CMakeFiles/rotor_tm_msgs__rosidl_generator_py.dir/rosidl_generator_py/rotor_tm_msgs/srv/_line_s.c.o[0m
[5.976s] [ 95%] [32mBuilding C object CMakeFiles/rotor_tm_msgs__rosidl_generator_py.dir/rosidl_generator_py/rotor_tm_msgs/srv/_vec4_s.c.o[0m
[5.977s] [ 95%] [32mBuilding C object CMakeFiles/rotor_tm_msgs__rosidl_generator_py.dir/rosidl_generator_py/rotor_tm_msgs/srv/_circle_s.c.o[0m
[6.099s] [ 96%] [32m[1mLinking C shared library rosidl_generator_py/rotor_tm_msgs/librotor_tm_msgs__rosidl_generator_py.so[0m
[6.144s] [ 96%] Built target rotor_tm_msgs__rosidl_generator_py
[6.154s] [35m[1mConsolidate compiler generated dependencies of target rotor_tm_msgs__rosidl_typesupport_introspection_c__pyext[0m
[6.155s] [35m[1mConsolidate compiler generated dependencies of target rotor_tm_msgs__rosidl_typesupport_c__pyext[0m
[6.155s] [35m[1mConsolidate compiler generated dependencies of target rotor_tm_msgs__rosidl_typesupport_fastrtps_c__pyext[0m
[6.166s] [ 97%] [32mBuilding C object CMakeFiles/rotor_tm_msgs__rosidl_typesupport_c__pyext.dir/rosidl_generator_py/rotor_tm_msgs/_rotor_tm_msgs_s.ep.rosidl_typesupport_c.c.o[0m
[6.167s] [ 98%] [32mBuilding C object CMakeFiles/rotor_tm_msgs__rosidl_typesupport_introspection_c__pyext.dir/rosidl_generator_py/rotor_tm_msgs/_rotor_tm_msgs_s.ep.rosidl_typesupport_introspection_c.c.o[0m
[6.168s] [ 99%] [32mBuilding C object CMakeFiles/rotor_tm_msgs__rosidl_typesupport_fastrtps_c__pyext.dir/rosidl_generator_py/rotor_tm_msgs/_rotor_tm_msgs_s.ep.rosidl_typesupport_fastrtps_c.c.o[0m
[6.272s] [ 99%] [32m[1mLinking C shared library rosidl_generator_py/rotor_tm_msgs/rotor_tm_msgs_s__rosidl_typesupport_fastrtps_c.cpython-310-x86_64-linux-gnu.so[0m
[6.274s] [ 99%] [32m[1mLinking C shared library rosidl_generator_py/rotor_tm_msgs/rotor_tm_msgs_s__rosidl_typesupport_c.cpython-310-x86_64-linux-gnu.so[0m
[6.285s] [100%] [32m[1mLinking C shared library rosidl_generator_py/rotor_tm_msgs/rotor_tm_msgs_s__rosidl_typesupport_introspection_c.cpython-310-x86_64-linux-gnu.so[0m
[6.312s] [100%] Built target rotor_tm_msgs__rosidl_typesupport_fastrtps_c__pyext
[6.319s] [100%] Built target rotor_tm_msgs__rosidl_typesupport_c__pyext
[6.322s] [100%] Built target rotor_tm_msgs__rosidl_typesupport_introspection_c__pyext
[6.331s] Invoked command in '/home/swati/Quad_DR/RotorTM/build/rotor_tm_msgs' returned '0': CMAKE_PREFIX_PATH=${CMAKE_PREFIX_PATH}:/home/swati/Quad_DR/RotorTM/install/rotor_tm_sim:/home/swati/Quad_DR/RotorTM/install/rotor_tm_control:/home/swati/Quad_DR/RotorTM/install/rotor_tm_utils:/home/swati/Quad_DR/RotorTM/install/rotor_tm_traj:/home/swati/Quad_DR/RotorTM/install/rotor_tm_keyboard2wrench:/home/swati/Quad_DR/RotorTM/install/rotor_tm_config:/home/swati/Quad_DR/RotorTM/install/payload_control:/opt/ros/humble /opt/cmake-3.28.3-linux-x86_64/bin/cmake --build /home/swati/Quad_DR/RotorTM/build/rotor_tm_msgs -- -j20 -l20
[6.637s] Invoking command in '/home/swati/Quad_DR/RotorTM/build/rotor_tm_msgs': CMAKE_PREFIX_PATH=${CMAKE_PREFIX_PATH}:/home/swati/Quad_DR/RotorTM/install/rotor_tm_sim:/home/swati/Quad_DR/RotorTM/install/rotor_tm_control:/home/swati/Quad_DR/RotorTM/install/rotor_tm_utils:/home/swati/Quad_DR/RotorTM/install/rotor_tm_traj:/home/swati/Quad_DR/RotorTM/install/rotor_tm_keyboard2wrench:/home/swati/Quad_DR/RotorTM/install/rotor_tm_config:/home/swati/Quad_DR/RotorTM/install/payload_control:/opt/ros/humble /opt/cmake-3.28.3-linux-x86_64/bin/cmake --install /home/swati/Quad_DR/RotorTM/build/rotor_tm_msgs
[6.639s] -- Install configuration: ""
[6.639s] -- Up-to-date: /home/swati/Quad_DR/RotorTM/install/rotor_tm_msgs/share/ament_index/resource_index/rosidl_interfaces/rotor_tm_msgs
[6.639s] -- Up-to-date: /home/swati/Quad_DR/RotorTM/install/rotor_tm_msgs/include/rotor_tm_msgs/rotor_tm_msgs
[6.639s] -- Up-to-date: /home/swati/Quad_DR/RotorTM/install/rotor_tm_msgs/include/rotor_tm_msgs/rotor_tm_msgs/srv
[6.639s] -- Installing: /home/swati/Quad_DR/RotorTM/install/rotor_tm_msgs/include/rotor_tm_msgs/rotor_tm_msgs/srv/vec4.h
[6.639s] -- Installing: /home/swati/Quad_DR/RotorTM/install/rotor_tm_msgs/include/rotor_tm_msgs/rotor_tm_msgs/srv/step_pose.h
[6.639s] -- Installing: /home/swati/Quad_DR/RotorTM/install/rotor_tm_msgs/include/rotor_tm_msgs/rotor_tm_msgs/srv/circle.h
[6.639s] -- Up-to-date: /home/swati/Quad_DR/RotorTM/install/rotor_tm_msgs/include/rotor_tm_msgs/rotor_tm_msgs/srv/detail
[6.639s] -- Installing: /home/swati/Quad_DR/RotorTM/install/rotor_tm_msgs/include/rotor_tm_msgs/rotor_tm_msgs/srv/detail/step_pose__functions.c
[6.639s] -- Installing: /home/swati/Quad_DR/RotorTM/install/rotor_tm_msgs/include/rotor_tm_msgs/rotor_tm_msgs/srv/detail/circle__type_support.h
[6.639s] -- Installing: /home/swati/Quad_DR/RotorTM/install/rotor_tm_msgs/include/rotor_tm_msgs/rotor_tm_msgs/srv/detail/circle_with_rotation__functions.h
[6.639s] -- Installing: /home/swati/Quad_DR/RotorTM/install/rotor_tm_msgs/include/rotor_tm_msgs/rotor_tm_msgs/srv/detail/vec4__type_support.h
[6.639s] -- Installing: /home/swati/Quad_DR/RotorTM/install/rotor_tm_msgs/include/rotor_tm_msgs/rotor_tm_msgs/srv/detail/line__functions.c
[6.640s] -- Installing: /home/swati/Quad_DR/RotorTM/install/rotor_tm_msgs/include/rotor_tm_msgs/rotor_tm_msgs/srv/detail/copr_status_cmd__type_support.h
[6.640s] -- Installing: /home/swati/Quad_DR/RotorTM/install/rotor_tm_msgs/include/rotor_tm_msgs/rotor_tm_msgs/srv/detail/vec4__struct.h
[6.640s] -- Installing: /home/swati/Quad_DR/RotorTM/install/rotor_tm_msgs/include/rotor_tm_msgs/rotor_tm_msgs/srv/detail/line__functions.h
[6.640s] -- Installing: /home/swati/Quad_DR/RotorTM/install/rotor_tm_msgs/include/rotor_tm_msgs/rotor_tm_msgs/srv/detail/step_pose__functions.h
[6.640s] -- Installing: /home/swati/Quad_DR/RotorTM/install/rotor_tm_msgs/include/rotor_tm_msgs/rotor_tm_msgs/srv/detail/line__struct.h
[6.640s] -- Installing: /home/swati/Quad_DR/RotorTM/install/rotor_tm_msgs/include/rotor_tm_msgs/rotor_tm_msgs/srv/detail/step_pose__struct.h
[6.640s] -- Installing: /home/swati/Quad_DR/RotorTM/install/rotor_tm_msgs/include/rotor_tm_msgs/rotor_tm_msgs/srv/detail/circle_with_rotation__struct.h
[6.640s] -- Installing: /home/swati/Quad_DR/RotorTM/install/rotor_tm_msgs/include/rotor_tm_msgs/rotor_tm_msgs/srv/detail/circle_with_rotation__functions.c
[6.640s] -- Installing: /home/swati/Quad_DR/RotorTM/install/rotor_tm_msgs/include/rotor_tm_msgs/rotor_tm_msgs/srv/detail/circle__functions.c
[6.640s] -- Installing: /home/swati/Quad_DR/RotorTM/install/rotor_tm_msgs/include/rotor_tm_msgs/rotor_tm_msgs/srv/detail/copr_status_cmd__functions.c
[6.640s] -- Installing: /home/swati/Quad_DR/RotorTM/install/rotor_tm_msgs/include/rotor_tm_msgs/rotor_tm_msgs/srv/detail/circle__struct.h
[6.640s] -- Installing: /home/swati/Quad_DR/RotorTM/install/rotor_tm_msgs/include/rotor_tm_msgs/rotor_tm_msgs/srv/detail/copr_status_cmd__struct.h
[6.640s] -- Installing: /home/swati/Quad_DR/RotorTM/install/rotor_tm_msgs/include/rotor_tm_msgs/rotor_tm_msgs/srv/detail/circle__functions.h
[6.640s] -- Installing: /home/swati/Quad_DR/RotorTM/install/rotor_tm_msgs/include/rotor_tm_msgs/rotor_tm_msgs/srv/detail/step_pose__type_support.h
[6.640s] -- Installing: /home/swati/Quad_DR/RotorTM/install/rotor_tm_msgs/include/rotor_tm_msgs/rotor_tm_msgs/srv/detail/copr_status_cmd__functions.h
[6.640s] -- Installing: /home/swati/Quad_DR/RotorTM/install/rotor_tm_msgs/include/rotor_tm_msgs/rotor_tm_msgs/srv/detail/vec4__functions.h
[6.640s] -- Installing: /home/swati/Quad_DR/RotorTM/install/rotor_tm_msgs/include/rotor_tm_msgs/rotor_tm_msgs/srv/detail/vec4__functions.c
[6.640s] -- Installing: /home/swati/Quad_DR/RotorTM/install/rotor_tm_msgs/include/rotor_tm_msgs/rotor_tm_msgs/srv/detail/circle_with_rotation__type_support.h
[6.640s] -- Installing: /home/swati/Quad_DR/RotorTM/install/rotor_tm_msgs/include/rotor_tm_msgs/rotor_tm_msgs/srv/detail/line__type_support.h
[6.640s] -- Installing: /home/swati/Quad_DR/RotorTM/install/rotor_tm_msgs/include/rotor_tm_msgs/rotor_tm_msgs/srv/copr_status_cmd.h
[6.640s] -- Installing: /home/swati/Quad_DR/RotorTM/install/rotor_tm_msgs/include/rotor_tm_msgs/rotor_tm_msgs/srv/line.h
[6.640s] -- Installing: /home/swati/Quad_DR/RotorTM/install/rotor_tm_msgs/include/rotor_tm_msgs/rotor_tm_msgs/srv/circle_with_rotation.h
[6.640s] -- Up-to-date: /home/swati/Quad_DR/RotorTM/install/rotor_tm_msgs/include/rotor_tm_msgs/rotor_tm_msgs/msg
[6.640s] -- Installing: /home/swati/Quad_DR/RotorTM/install/rotor_tm_msgs/include/rotor_tm_msgs/rotor_tm_msgs/msg/cen_pl_command.h
[6.640s] -- Installing: /home/swati/Quad_DR/RotorTM/install/rotor_tm_msgs/include/rotor_tm_msgs/rotor_tm_msgs/msg/fm_command.h
[6.640s] -- Installing: /home/swati/Quad_DR/RotorTM/install/rotor_tm_msgs/include/rotor_tm_msgs/rotor_tm_msgs/msg/rpm_command.h
[6.641s] -- Installing: /home/swati/Quad_DR/RotorTM/install/rotor_tm_msgs/include/rotor_tm_msgs/rotor_tm_msgs/msg/trpy_command.h
[6.641s] -- Installing: /home/swati/Quad_DR/RotorTM/install/rotor_tm_msgs/include/rotor_tm_msgs/rotor_tm_msgs/msg/status_data.h
[6.641s] -- Installing: /home/swati/Quad_DR/RotorTM/install/rotor_tm_msgs/include/rotor_tm_msgs/rotor_tm_msgs/msg/so3_command.h
[6.641s] -- Up-to-date: /home/swati/Quad_DR/RotorTM/install/rotor_tm_msgs/include/rotor_tm_msgs/rotor_tm_msgs/msg/detail
[6.641s] -- Installing: /home/swati/Quad_DR/RotorTM/install/rotor_tm_msgs/include/rotor_tm_msgs/rotor_tm_msgs/msg/detail/trpy_command__type_support.h
[6.641s] -- Installing: /home/swati/Quad_DR/RotorTM/install/rotor_tm_msgs/include/rotor_tm_msgs/rotor_tm_msgs/msg/detail/traj_command__functions.c
[6.641s] -- Installing: /home/swati/Quad_DR/RotorTM/install/rotor_tm_msgs/include/rotor_tm_msgs/rotor_tm_msgs/msg/detail/position_command__type_support.h
[6.641s] -- Installing: /home/swati/Quad_DR/RotorTM/install/rotor_tm_msgs/include/rotor_tm_msgs/rotor_tm_msgs/msg/detail/fmn_command__type_support.h
[6.641s] -- Installing: /home/swati/Quad_DR/RotorTM/install/rotor_tm_msgs/include/rotor_tm_msgs/rotor_tm_msgs/msg/detail/so3_command__type_support.h
[6.641s] -- Installing: /home/swati/Quad_DR/RotorTM/install/rotor_tm_msgs/include/rotor_tm_msgs/rotor_tm_msgs/msg/detail/fm_command__functions.c
[6.641s] -- Installing: /home/swati/Quad_DR/RotorTM/install/rotor_tm_msgs/include/rotor_tm_msgs/rotor_tm_msgs/msg/detail/fmn_command__struct.h
[6.641s] -- Installing: /home/swati/Quad_DR/RotorTM/install/rotor_tm_msgs/include/rotor_tm_msgs/rotor_tm_msgs/msg/detail/traj_command__struct.h
[6.641s] -- Installing: /home/swati/Quad_DR/RotorTM/install/rotor_tm_msgs/include/rotor_tm_msgs/rotor_tm_msgs/msg/detail/trpy_command__struct.h
[6.641s] -- Installing: /home/swati/Quad_DR/RotorTM/install/rotor_tm_msgs/include/rotor_tm_msgs/rotor_tm_msgs/msg/detail/rpm_command__struct.h
[6.641s] -- Installing: /home/swati/Quad_DR/RotorTM/install/rotor_tm_msgs/include/rotor_tm_msgs/rotor_tm_msgs/msg/detail/status_data__functions.c
[6.641s] -- Installing: /home/swati/Quad_DR/RotorTM/install/rotor_tm_msgs/include/rotor_tm_msgs/rotor_tm_msgs/msg/detail/position_command__struct.h
[6.641s] -- Installing: /home/swati/Quad_DR/RotorTM/install/rotor_tm_msgs/include/rotor_tm_msgs/rotor_tm_msgs/msg/detail/rpm_command__functions.c
[6.641s] -- Installing: /home/swati/Quad_DR/RotorTM/install/rotor_tm_msgs/include/rotor_tm_msgs/rotor_tm_msgs/msg/detail/status_data__functions.h
[6.641s] -- Installing: /home/swati/Quad_DR/RotorTM/install/rotor_tm_msgs/include/rotor_tm_msgs/rotor_tm_msgs/msg/detail/fmn_command__functions.c
[6.641s] -- Installing: /home/swati/Quad_DR/RotorTM/install/rotor_tm_msgs/include/rotor_tm_msgs/rotor_tm_msgs/msg/detail/position_command__functions.c
[6.641s] -- Installing: /home/swati/Quad_DR/RotorTM/install/rotor_tm_msgs/include/rotor_tm_msgs/rotor_tm_msgs/msg/detail/cen_pl_command__functions.c
[6.641s] -- Installing: /home/swati/Quad_DR/RotorTM/install/rotor_tm_msgs/include/rotor_tm_msgs/rotor_tm_msgs/msg/detail/cen_pl_command__struct.h
[6.641s] -- Installing: /home/swati/Quad_DR/RotorTM/install/rotor_tm_msgs/include/rotor_tm_msgs/rotor_tm_msgs/msg/detail/fm_command__struct.h
[6.641s] -- Installing: /home/swati/Quad_DR/RotorTM/install/rotor_tm_msgs/include/rotor_tm_msgs/rotor_tm_msgs/msg/detail/fmn_command__functions.h
[6.642s] -- Installing: /home/swati/Quad_DR/RotorTM/install/rotor_tm_msgs/include/rotor_tm_msgs/rotor_tm_msgs/msg/detail/trpy_command__functions.h
[6.642s] -- Installing: /home/swati/Quad_DR/RotorTM/install/rotor_tm_msgs/include/rotor_tm_msgs/rotor_tm_msgs/msg/detail/rpm_command__type_support.h
[6.642s] -- Installing: /home/swati/Quad_DR/RotorTM/install/rotor_tm_msgs/include/rotor_tm_msgs/rotor_tm_msgs/msg/detail/so3_command__functions.h
[6.642s] -- Installing: /home/swati/Quad_DR/RotorTM/install/rotor_tm_msgs/include/rotor_tm_msgs/rotor_tm_msgs/msg/detail/trpy_command__functions.c
[6.642s] -- Installing: /home/swati/Quad_DR/RotorTM/install/rotor_tm_msgs/include/rotor_tm_msgs/rotor_tm_msgs/msg/detail/status_data__type_support.h
[6.642s] -- Installing: /home/swati/Quad_DR/RotorTM/install/rotor_tm_msgs/include/rotor_tm_msgs/rotor_tm_msgs/msg/detail/position_command__functions.h
[6.642s] -- Installing: /home/swati/Quad_DR/RotorTM/install/rotor_tm_msgs/include/rotor_tm_msgs/rotor_tm_msgs/msg/detail/status_data__struct.h
[6.642s] -- Installing: /home/swati/Quad_DR/RotorTM/install/rotor_tm_msgs/include/rotor_tm_msgs/rotor_tm_msgs/msg/detail/so3_command__functions.c
[6.642s] -- Installing: /home/swati/Quad_DR/RotorTM/install/rotor_tm_msgs/include/rotor_tm_msgs/rotor_tm_msgs/msg/detail/fm_command__type_support.h
[6.642s] -- Installing: /home/swati/Quad_DR/RotorTM/install/rotor_tm_msgs/include/rotor_tm_msgs/rotor_tm_msgs/msg/detail/cen_pl_command__functions.h
[6.642s] -- Installing: /home/swati/Quad_DR/RotorTM/install/rotor_tm_msgs/include/rotor_tm_msgs/rotor_tm_msgs/msg/detail/cen_pl_command__type_support.h
[6.642s] -- Installing: /home/swati/Quad_DR/RotorTM/install/rotor_tm_msgs/include/rotor_tm_msgs/rotor_tm_msgs/msg/detail/traj_command__type_support.h
[6.642s] -- Installing: /home/swati/Quad_DR/RotorTM/install/rotor_tm_msgs/include/rotor_tm_msgs/rotor_tm_msgs/msg/detail/so3_command__struct.h
[6.642s] -- Installing: /home/swati/Quad_DR/RotorTM/install/rotor_tm_msgs/include/rotor_tm_msgs/rotor_tm_msgs/msg/detail/traj_command__functions.h
[6.642s] -- Installing: /home/swati/Quad_DR/RotorTM/install/rotor_tm_msgs/include/rotor_tm_msgs/rotor_tm_msgs/msg/detail/fm_command__functions.h
[6.642s] -- Installing: /home/swati/Quad_DR/RotorTM/install/rotor_tm_msgs/include/rotor_tm_msgs/rotor_tm_msgs/msg/detail/rpm_command__functions.h
[6.642s] -- Installing: /home/swati/Quad_DR/RotorTM/install/rotor_tm_msgs/include/rotor_tm_msgs/rotor_tm_msgs/msg/fmn_command.h
[6.643s] -- Installing: /home/swati/Quad_DR/RotorTM/install/rotor_tm_msgs/include/rotor_tm_msgs/rotor_tm_msgs/msg/traj_command.h
[6.643s] -- Installing: /home/swati/Quad_DR/RotorTM/install/rotor_tm_msgs/include/rotor_tm_msgs/rotor_tm_msgs/msg/position_command.h
[6.643s] -- Up-to-date: /home/swati/Quad_DR/RotorTM/install/rotor_tm_msgs/include/rotor_tm_msgs/rotor_tm_msgs/msg/rosidl_generator_c__visibility_control.h
[6.643s] -- Up-to-date: /home/swati/Quad_DR/RotorTM/install/rotor_tm_msgs/share/rotor_tm_msgs/environment/library_path.sh
[6.643s] -- Installing: /home/swati/Quad_DR/RotorTM/install/rotor_tm_msgs/share/rotor_tm_msgs/environment/library_path.dsv
[6.643s] -- Installing: /home/swati/Quad_DR/RotorTM/install/rotor_tm_msgs/lib/librotor_tm_msgs__rosidl_generator_c.so
[6.643s] -- Set non-toolchain portion of runtime path of "/home/swati/Quad_DR/RotorTM/install/rotor_tm_msgs/lib/librotor_tm_msgs__rosidl_generator_c.so" to ""
[6.643s] -- Up-to-date: /home/swati/Quad_DR/RotorTM/install/rotor_tm_msgs/include/rotor_tm_msgs/rotor_tm_msgs
[6.643s] -- Up-to-date: /home/swati/Quad_DR/RotorTM/install/rotor_tm_msgs/include/rotor_tm_msgs/rotor_tm_msgs/srv
[6.643s] -- Up-to-date: /home/swati/Quad_DR/RotorTM/install/rotor_tm_msgs/include/rotor_tm_msgs/rotor_tm_msgs/srv/detail
[6.643s] -- Installing: /home/swati/Quad_DR/RotorTM/install/rotor_tm_msgs/include/rotor_tm_msgs/rotor_tm_msgs/srv/detail/line__rosidl_typesupport_fastrtps_c.h
[6.643s] -- Installing: /home/swati/Quad_DR/RotorTM/install/rotor_tm_msgs/include/rotor_tm_msgs/rotor_tm_msgs/srv/detail/step_pose__rosidl_typesupport_fastrtps_c.h
[6.643s] -- Installing: /home/swati/Quad_DR/RotorTM/install/rotor_tm_msgs/include/rotor_tm_msgs/rotor_tm_msgs/srv/detail/circle_with_rotation__rosidl_typesupport_fastrtps_c.h
[6.643s] -- Installing: /home/swati/Quad_DR/RotorTM/install/rotor_tm_msgs/include/rotor_tm_msgs/rotor_tm_msgs/srv/detail/vec4__rosidl_typesupport_fastrtps_c.h
[6.643s] -- Installing: /home/swati/Quad_DR/RotorTM/install/rotor_tm_msgs/include/rotor_tm_msgs/rotor_tm_msgs/srv/detail/circle__rosidl_typesupport_fastrtps_c.h
[6.644s] -- Installing: /home/swati/Quad_DR/RotorTM/install/rotor_tm_msgs/include/rotor_tm_msgs/rotor_tm_msgs/srv/detail/copr_status_cmd__rosidl_typesupport_fastrtps_c.h
[6.644s] -- Up-to-date: /home/swati/Quad_DR/RotorTM/install/rotor_tm_msgs/include/rotor_tm_msgs/rotor_tm_msgs/msg
[6.644s] -- Up-to-date: /home/swati/Quad_DR/RotorTM/install/rotor_tm_msgs/include/rotor_tm_msgs/rotor_tm_msgs/msg/rosidl_typesupport_fastrtps_c__visibility_control.h
[6.644s] -- Up-to-date: /home/swati/Quad_DR/RotorTM/install/rotor_tm_msgs/include/rotor_tm_msgs/rotor_tm_msgs/msg/detail
[6.644s] -- Installing: /home/swati/Quad_DR/RotorTM/install/rotor_tm_msgs/include/rotor_tm_msgs/rotor_tm_msgs/msg/detail/status_data__rosidl_typesupport_fastrtps_c.h
[6.644s] -- Installing: /home/swati/Quad_DR/RotorTM/install/rotor_tm_msgs/include/rotor_tm_msgs/rotor_tm_msgs/msg/detail/so3_command__rosidl_typesupport_fastrtps_c.h
[6.644s] -- Installing: /home/swati/Quad_DR/RotorTM/install/rotor_tm_msgs/include/rotor_tm_msgs/rotor_tm_msgs/msg/detail/rpm_command__rosidl_typesupport_fastrtps_c.h
[6.644s] -- Installing: /home/swati/Quad_DR/RotorTM/install/rotor_tm_msgs/include/rotor_tm_msgs/rotor_tm_msgs/msg/detail/fmn_command__rosidl_typesupport_fastrtps_c.h
[6.644s] -- Installing: /home/swati/Quad_DR/RotorTM/install/rotor_tm_msgs/include/rotor_tm_msgs/rotor_tm_msgs/msg/detail/traj_command__rosidl_typesupport_fastrtps_c.h
[6.644s] -- Installing: /home/swati/Quad_DR/RotorTM/install/rotor_tm_msgs/include/rotor_tm_msgs/rotor_tm_msgs/msg/detail/fm_command__rosidl_typesupport_fastrtps_c.h
[6.644s] -- Installing: /home/swati/Quad_DR/RotorTM/install/rotor_tm_msgs/include/rotor_tm_msgs/rotor_tm_msgs/msg/detail/cen_pl_command__rosidl_typesupport_fastrtps_c.h
[6.644s] -- Installing: /home/swati/Quad_DR/RotorTM/install/rotor_tm_msgs/include/rotor_tm_msgs/rotor_tm_msgs/msg/detail/position_command__rosidl_typesupport_fastrtps_c.h
[6.644s] -- Installing: /home/swati/Quad_DR/RotorTM/install/rotor_tm_msgs/include/rotor_tm_msgs/rotor_tm_msgs/msg/detail/trpy_command__rosidl_typesupport_fastrtps_c.h
[6.644s] -- Installing: /home/swati/Quad_DR/RotorTM/install/rotor_tm_msgs/lib/librotor_tm_msgs__rosidl_typesupport_fastrtps_c.so
[6.644s] -- Set non-toolchain portion of runtime path of "/home/swati/Quad_DR/RotorTM/install/rotor_tm_msgs/lib/librotor_tm_msgs__rosidl_typesupport_fastrtps_c.so" to ""
[6.644s] -- Up-to-date: /home/swati/Quad_DR/RotorTM/install/rotor_tm_msgs/include/rotor_tm_msgs/rotor_tm_msgs
[6.644s] -- Up-to-date: /home/swati/Quad_DR/RotorTM/install/rotor_tm_msgs/include/rotor_tm_msgs/rotor_tm_msgs/srv
[6.644s] -- Up-to-date: /home/swati/Quad_DR/RotorTM/install/rotor_tm_msgs/include/rotor_tm_msgs/rotor_tm_msgs/srv/detail
[6.644s] -- Installing: /home/swati/Quad_DR/RotorTM/install/rotor_tm_msgs/include/rotor_tm_msgs/rotor_tm_msgs/srv/detail/line__rosidl_typesupport_introspection_c.h
[6.644s] -- Installing: /home/swati/Quad_DR/RotorTM/install/rotor_tm_msgs/include/rotor_tm_msgs/rotor_tm_msgs/srv/detail/step_pose__type_support.c
[6.645s] -- Installing: /home/swati/Quad_DR/RotorTM/install/rotor_tm_msgs/include/rotor_tm_msgs/rotor_tm_msgs/srv/detail/circle__rosidl_typesupport_introspection_c.h
[6.645s] -- Installing: /home/swati/Quad_DR/RotorTM/install/rotor_tm_msgs/include/rotor_tm_msgs/rotor_tm_msgs/srv/detail/circle_with_rotation__rosidl_typesupport_introspection_c.h
[6.645s] -- Installing: /home/swati/Quad_DR/RotorTM/install/rotor_tm_msgs/include/rotor_tm_msgs/rotor_tm_msgs/srv/detail/circle_with_rotation__type_support.c
[6.645s] -- Installing: /home/swati/Quad_DR/RotorTM/install/rotor_tm_msgs/include/rotor_tm_msgs/rotor_tm_msgs/srv/detail/step_pose__rosidl_typesupport_introspection_c.h
[6.645s] -- Installing: /home/swati/Quad_DR/RotorTM/install/rotor_tm_msgs/include/rotor_tm_msgs/rotor_tm_msgs/srv/detail/circle__type_support.c
[6.645s] -- Installing: /home/swati/Quad_DR/RotorTM/install/rotor_tm_msgs/include/rotor_tm_msgs/rotor_tm_msgs/srv/detail/vec4__rosidl_typesupport_introspection_c.h
[6.645s] -- Installing: /home/swati/Quad_DR/RotorTM/install/rotor_tm_msgs/include/rotor_tm_msgs/rotor_tm_msgs/srv/detail/copr_status_cmd__rosidl_typesupport_introspection_c.h
[6.645s] -- Installing: /home/swati/Quad_DR/RotorTM/install/rotor_tm_msgs/include/rotor_tm_msgs/rotor_tm_msgs/srv/detail/line__type_support.c
[6.645s] -- Installing: /home/swati/Quad_DR/RotorTM/install/rotor_tm_msgs/include/rotor_tm_msgs/rotor_tm_msgs/srv/detail/vec4__type_support.c
[6.645s] -- Installing: /home/swati/Quad_DR/RotorTM/install/rotor_tm_msgs/include/rotor_tm_msgs/rotor_tm_msgs/srv/detail/copr_status_cmd__type_support.c
[6.645s] -- Up-to-date: /home/swati/Quad_DR/RotorTM/install/rotor_tm_msgs/include/rotor_tm_msgs/rotor_tm_msgs/msg
[6.645s] -- Up-to-date: /home/swati/Quad_DR/RotorTM/install/rotor_tm_msgs/include/rotor_tm_msgs/rotor_tm_msgs/msg/rosidl_typesupport_introspection_c__visibility_control.h
[6.645s] -- Up-to-date: /home/swati/Quad_DR/RotorTM/install/rotor_tm_msgs/include/rotor_tm_msgs/rotor_tm_msgs/msg/detail
[6.645s] -- Installing: /home/swati/Quad_DR/RotorTM/install/rotor_tm_msgs/include/rotor_tm_msgs/rotor_tm_msgs/msg/detail/traj_command__type_support.c
[6.645s] -- Installing: /home/swati/Quad_DR/RotorTM/install/rotor_tm_msgs/include/rotor_tm_msgs/rotor_tm_msgs/msg/detail/rpm_command__rosidl_typesupport_introspection_c.h
[6.645s] -- Installing: /home/swati/Quad_DR/RotorTM/install/rotor_tm_msgs/include/rotor_tm_msgs/rotor_tm_msgs/msg/detail/trpy_command__type_support.c
[6.645s] -- Installing: /home/swati/Quad_DR/RotorTM/install/rotor_tm_msgs/include/rotor_tm_msgs/rotor_tm_msgs/msg/detail/so3_command__rosidl_typesupport_introspection_c.h
[6.645s] -- Installing: /home/swati/Quad_DR/RotorTM/install/rotor_tm_msgs/include/rotor_tm_msgs/rotor_tm_msgs/msg/detail/status_data__type_support.c
[6.645s] -- Installing: /home/swati/Quad_DR/RotorTM/install/rotor_tm_msgs/include/rotor_tm_msgs/rotor_tm_msgs/msg/detail/fmn_command__rosidl_typesupport_introspection_c.h
[6.645s] -- Installing: /home/swati/Quad_DR/RotorTM/install/rotor_tm_msgs/include/rotor_tm_msgs/rotor_tm_msgs/msg/detail/status_data__rosidl_typesupport_introspection_c.h
[6.645s] -- Installing: /home/swati/Quad_DR/RotorTM/install/rotor_tm_msgs/include/rotor_tm_msgs/rotor_tm_msgs/msg/detail/cen_pl_command__rosidl_typesupport_introspection_c.h
[6.646s] -- Installing: /home/swati/Quad_DR/RotorTM/install/rotor_tm_msgs/include/rotor_tm_msgs/rotor_tm_msgs/msg/detail/fmn_command__type_support.c
[6.646s] -- Installing: /home/swati/Quad_DR/RotorTM/install/rotor_tm_msgs/include/rotor_tm_msgs/rotor_tm_msgs/msg/detail/fm_command__rosidl_typesupport_introspection_c.h
[6.646s] -- Installing: /home/swati/Quad_DR/RotorTM/install/rotor_tm_msgs/include/rotor_tm_msgs/rotor_tm_msgs/msg/detail/rpm_command__type_support.c
[6.646s] -- Installing: /home/swati/Quad_DR/RotorTM/install/rotor_tm_msgs/include/rotor_tm_msgs/rotor_tm_msgs/msg/detail/trpy_command__rosidl_typesupport_introspection_c.h
[6.646s] -- Installing: /home/swati/Quad_DR/RotorTM/install/rotor_tm_msgs/include/rotor_tm_msgs/rotor_tm_msgs/msg/detail/traj_command__rosidl_typesupport_introspection_c.h
[6.646s] -- Installing: /home/swati/Quad_DR/RotorTM/install/rotor_tm_msgs/include/rotor_tm_msgs/rotor_tm_msgs/msg/detail/so3_command__type_support.c
[6.646s] -- Installing: /home/swati/Quad_DR/RotorTM/install/rotor_tm_msgs/include/rotor_tm_msgs/rotor_tm_msgs/msg/detail/fm_command__type_support.c
[6.646s] -- Installing: /home/swati/Quad_DR/RotorTM/install/rotor_tm_msgs/include/rotor_tm_msgs/rotor_tm_msgs/msg/detail/position_command__rosidl_typesupport_introspection_c.h
[6.646s] -- Installing: /home/swati/Quad_DR/RotorTM/install/rotor_tm_msgs/include/rotor_tm_msgs/rotor_tm_msgs/msg/detail/position_command__type_support.c
[6.646s] -- Installing: /home/swati/Quad_DR/RotorTM/install/rotor_tm_msgs/include/rotor_tm_msgs/rotor_tm_msgs/msg/detail/cen_pl_command__type_support.c
[6.646s] -- Installing: /home/swati/Quad_DR/RotorTM/install/rotor_tm_msgs/lib/librotor_tm_msgs__rosidl_typesupport_introspection_c.so
[6.646s] -- Set non-toolchain portion of runtime path of "/home/swati/Quad_DR/RotorTM/install/rotor_tm_msgs/lib/librotor_tm_msgs__rosidl_typesupport_introspection_c.so" to ""
[6.647s] -- Installing: /home/swati/Quad_DR/RotorTM/install/rotor_tm_msgs/lib/librotor_tm_msgs__rosidl_typesupport_c.so
[6.647s] -- Set non-toolchain portion of runtime path of "/home/swati/Quad_DR/RotorTM/install/rotor_tm_msgs/lib/librotor_tm_msgs__rosidl_typesupport_c.so" to ""
[6.647s] -- Up-to-date: /home/swati/Quad_DR/RotorTM/install/rotor_tm_msgs/include/rotor_tm_msgs/rotor_tm_msgs
[6.647s] -- Up-to-date: /home/swati/Quad_DR/RotorTM/install/rotor_tm_msgs/include/rotor_tm_msgs/rotor_tm_msgs/srv
[6.647s] -- Installing: /home/swati/Quad_DR/RotorTM/install/rotor_tm_msgs/include/rotor_tm_msgs/rotor_tm_msgs/srv/vec4.hpp
[6.647s] -- Installing: /home/swati/Quad_DR/RotorTM/install/rotor_tm_msgs/include/rotor_tm_msgs/rotor_tm_msgs/srv/copr_status_cmd.hpp
[6.647s] -- Installing: /home/swati/Quad_DR/RotorTM/install/rotor_tm_msgs/include/rotor_tm_msgs/rotor_tm_msgs/srv/circle_with_rotation.hpp
[6.647s] -- Installing: /home/swati/Quad_DR/RotorTM/install/rotor_tm_msgs/include/rotor_tm_msgs/rotor_tm_msgs/srv/line.hpp
[6.647s] -- Installing: /home/swati/Quad_DR/RotorTM/install/rotor_tm_msgs/include/rotor_tm_msgs/rotor_tm_msgs/srv/step_pose.hpp
[6.647s] -- Up-to-date: /home/swati/Quad_DR/RotorTM/install/rotor_tm_msgs/include/rotor_tm_msgs/rotor_tm_msgs/srv/detail
[6.647s] -- Installing: /home/swati/Quad_DR/RotorTM/install/rotor_tm_msgs/include/rotor_tm_msgs/rotor_tm_msgs/srv/detail/step_pose__struct.hpp
[6.647s] -- Installing: /home/swati/Quad_DR/RotorTM/install/rotor_tm_msgs/include/rotor_tm_msgs/rotor_tm_msgs/srv/detail/copr_status_cmd__traits.hpp
[6.647s] -- Installing: /home/swati/Quad_DR/RotorTM/install/rotor_tm_msgs/include/rotor_tm_msgs/rotor_tm_msgs/srv/detail/copr_status_cmd__builder.hpp
[6.647s] -- Installing: /home/swati/Quad_DR/RotorTM/install/rotor_tm_msgs/include/rotor_tm_msgs/rotor_tm_msgs/srv/detail/line__struct.hpp
[6.647s] -- Installing: /home/swati/Quad_DR/RotorTM/install/rotor_tm_msgs/include/rotor_tm_msgs/rotor_tm_msgs/srv/detail/circle_with_rotation__struct.hpp
[6.647s] -- Installing: /home/swati/Quad_DR/RotorTM/install/rotor_tm_msgs/include/rotor_tm_msgs/rotor_tm_msgs/srv/detail/circle_with_rotation__traits.hpp
[6.647s] -- Installing: /home/swati/Quad_DR/RotorTM/install/rotor_tm_msgs/include/rotor_tm_msgs/rotor_tm_msgs/srv/detail/vec4__struct.hpp
[6.647s] -- Installing: /home/swati/Quad_DR/RotorTM/install/rotor_tm_msgs/include/rotor_tm_msgs/rotor_tm_msgs/srv/detail/circle__traits.hpp
[6.647s] -- Installing: /home/swati/Quad_DR/RotorTM/install/rotor_tm_msgs/include/rotor_tm_msgs/rotor_tm_msgs/srv/detail/line__traits.hpp
[6.648s] -- Installing: /home/swati/Quad_DR/RotorTM/install/rotor_tm_msgs/include/rotor_tm_msgs/rotor_tm_msgs/srv/detail/line__builder.hpp
[6.648s] -- Installing: /home/swati/Quad_DR/RotorTM/install/rotor_tm_msgs/include/rotor_tm_msgs/rotor_tm_msgs/srv/detail/circle_with_rotation__builder.hpp
[6.648s] -- Installing: /home/swati/Quad_DR/RotorTM/install/rotor_tm_msgs/include/rotor_tm_msgs/rotor_tm_msgs/srv/detail/step_pose__traits.hpp
[6.648s] -- Installing: /home/swati/Quad_DR/RotorTM/install/rotor_tm_msgs/include/rotor_tm_msgs/rotor_tm_msgs/srv/detail/copr_status_cmd__struct.hpp
[6.648s] -- Installing: /home/swati/Quad_DR/RotorTM/install/rotor_tm_msgs/include/rotor_tm_msgs/rotor_tm_msgs/srv/detail/step_pose__builder.hpp
[6.648s] -- Installing: /home/swati/Quad_DR/RotorTM/install/rotor_tm_msgs/include/rotor_tm_msgs/rotor_tm_msgs/srv/detail/vec4__traits.hpp
[6.648s] -- Installing: /home/swati/Quad_DR/RotorTM/install/rotor_tm_msgs/include/rotor_tm_msgs/rotor_tm_msgs/srv/detail/vec4__builder.hpp
[6.648s] -- Installing: /home/swati/Quad_DR/RotorTM/install/rotor_tm_msgs/include/rotor_tm_msgs/rotor_tm_msgs/srv/detail/circle__builder.hpp
[6.648s] -- Installing: /home/swati/Quad_DR/RotorTM/install/rotor_tm_msgs/include/rotor_tm_msgs/rotor_tm_msgs/srv/detail/circle__struct.hpp
[6.648s] -- Installing: /home/swati/Quad_DR/RotorTM/install/rotor_tm_msgs/include/rotor_tm_msgs/rotor_tm_msgs/srv/circle.hpp
[6.648s] -- Up-to-date: /home/swati/Quad_DR/RotorTM/install/rotor_tm_msgs/include/rotor_tm_msgs/rotor_tm_msgs/msg
[6.648s] -- Installing: /home/swati/Quad_DR/RotorTM/install/rotor_tm_msgs/include/rotor_tm_msgs/rotor_tm_msgs/msg/status_data.hpp
[6.648s] -- Installing: /home/swati/Quad_DR/RotorTM/install/rotor_tm_msgs/include/rotor_tm_msgs/rotor_tm_msgs/msg/fmn_command.hpp
[6.648s] -- Installing: /home/swati/Quad_DR/RotorTM/install/rotor_tm_msgs/include/rotor_tm_msgs/rotor_tm_msgs/msg/traj_command.hpp
[6.648s] -- Installing: /home/swati/Quad_DR/RotorTM/install/rotor_tm_msgs/include/rotor_tm_msgs/rotor_tm_msgs/msg/rpm_command.hpp
[6.648s] -- Installing: /home/swati/Quad_DR/RotorTM/install/rotor_tm_msgs/include/rotor_tm_msgs/rotor_tm_msgs/msg/trpy_command.hpp
[6.648s] -- Installing: /home/swati/Quad_DR/RotorTM/install/rotor_tm_msgs/include/rotor_tm_msgs/rotor_tm_msgs/msg/so3_command.hpp
[6.648s] -- Installing: /home/swati/Quad_DR/RotorTM/install/rotor_tm_msgs/include/rotor_tm_msgs/rotor_tm_msgs/msg/fm_command.hpp
[6.648s] -- Up-to-date: /home/swati/Quad_DR/RotorTM/install/rotor_tm_msgs/include/rotor_tm_msgs/rotor_tm_msgs/msg/detail
[6.648s] -- Installing: /home/swati/Quad_DR/RotorTM/install/rotor_tm_msgs/include/rotor_tm_msgs/rotor_tm_msgs/msg/detail/position_command__traits.hpp
[6.649s] -- Installing: /home/swati/Quad_DR/RotorTM/install/rotor_tm_msgs/include/rotor_tm_msgs/rotor_tm_msgs/msg/detail/so3_command__traits.hpp
[6.649s] -- Installing: /home/swati/Quad_DR/RotorTM/install/rotor_tm_msgs/include/rotor_tm_msgs/rotor_tm_msgs/msg/detail/fmn_command__struct.hpp
[6.649s] -- Installing: /home/swati/Quad_DR/RotorTM/install/rotor_tm_msgs/include/rotor_tm_msgs/rotor_tm_msgs/msg/detail/fm_command__builder.hpp
[6.649s] -- Installing: /home/swati/Quad_DR/RotorTM/install/rotor_tm_msgs/include/rotor_tm_msgs/rotor_tm_msgs/msg/detail/trpy_command__builder.hpp
[6.649s] -- Installing: /home/swati/Quad_DR/RotorTM/install/rotor_tm_msgs/include/rotor_tm_msgs/rotor_tm_msgs/msg/detail/cen_pl_command__builder.hpp
[6.649s] -- Installing: /home/swati/Quad_DR/RotorTM/install/rotor_tm_msgs/include/rotor_tm_msgs/rotor_tm_msgs/msg/detail/fm_command__traits.hpp
[6.649s] -- Installing: /home/swati/Quad_DR/RotorTM/install/rotor_tm_msgs/include/rotor_tm_msgs/rotor_tm_msgs/msg/detail/cen_pl_command__traits.hpp
[6.649s] -- Installing: /home/swati/Quad_DR/RotorTM/install/rotor_tm_msgs/include/rotor_tm_msgs/rotor_tm_msgs/msg/detail/status_data__traits.hpp
[6.649s] -- Installing: /home/swati/Quad_DR/RotorTM/install/rotor_tm_msgs/include/rotor_tm_msgs/rotor_tm_msgs/msg/detail/status_data__builder.hpp
[6.649s] -- Installing: /home/swati/Quad_DR/RotorTM/install/rotor_tm_msgs/include/rotor_tm_msgs/rotor_tm_msgs/msg/detail/so3_command__struct.hpp
[6.649s] -- Installing: /home/swati/Quad_DR/RotorTM/install/rotor_tm_msgs/include/rotor_tm_msgs/rotor_tm_msgs/msg/detail/rpm_command__traits.hpp
[6.649s] -- Installing: /home/swati/Quad_DR/RotorTM/install/rotor_tm_msgs/include/rotor_tm_msgs/rotor_tm_msgs/msg/detail/rpm_command__builder.hpp
[6.649s] -- Installing: /home/swati/Quad_DR/RotorTM/install/rotor_tm_msgs/include/rotor_tm_msgs/rotor_tm_msgs/msg/detail/position_command__struct.hpp
[6.649s] -- Installing: /home/swati/Quad_DR/RotorTM/install/rotor_tm_msgs/include/rotor_tm_msgs/rotor_tm_msgs/msg/detail/position_command__builder.hpp
[6.649s] -- Installing: /home/swati/Quad_DR/RotorTM/install/rotor_tm_msgs/include/rotor_tm_msgs/rotor_tm_msgs/msg/detail/fmn_command__traits.hpp
[6.649s] -- Installing: /home/swati/Quad_DR/RotorTM/install/rotor_tm_msgs/include/rotor_tm_msgs/rotor_tm_msgs/msg/detail/fmn_command__builder.hpp
[6.649s] -- Installing: /home/swati/Quad_DR/RotorTM/install/rotor_tm_msgs/include/rotor_tm_msgs/rotor_tm_msgs/msg/detail/status_data__struct.hpp
[6.649s] -- Installing: /home/swati/Quad_DR/RotorTM/install/rotor_tm_msgs/include/rotor_tm_msgs/rotor_tm_msgs/msg/detail/traj_command__struct.hpp
[6.649s] -- Installing: /home/swati/Quad_DR/RotorTM/install/rotor_tm_msgs/include/rotor_tm_msgs/rotor_tm_msgs/msg/detail/traj_command__traits.hpp
[6.650s] -- Installing: /home/swati/Quad_DR/RotorTM/install/rotor_tm_msgs/include/rotor_tm_msgs/rotor_tm_msgs/msg/detail/so3_command__builder.hpp
[6.650s] -- Installing: /home/swati/Quad_DR/RotorTM/install/rotor_tm_msgs/include/rotor_tm_msgs/rotor_tm_msgs/msg/detail/rpm_command__struct.hpp
[6.650s] -- Installing: /home/swati/Quad_DR/RotorTM/install/rotor_tm_msgs/include/rotor_tm_msgs/rotor_tm_msgs/msg/detail/trpy_command__struct.hpp
[6.650s] -- Installing: /home/swati/Quad_DR/RotorTM/install/rotor_tm_msgs/include/rotor_tm_msgs/rotor_tm_msgs/msg/detail/fm_command__struct.hpp
[6.650s] -- Installing: /home/swati/Quad_DR/RotorTM/install/rotor_tm_msgs/include/rotor_tm_msgs/rotor_tm_msgs/msg/detail/traj_command__builder.hpp
[6.650s] -- Installing: /home/swati/Quad_DR/RotorTM/install/rotor_tm_msgs/include/rotor_tm_msgs/rotor_tm_msgs/msg/detail/trpy_command__traits.hpp
[6.650s] -- Installing: /home/swati/Quad_DR/RotorTM/install/rotor_tm_msgs/include/rotor_tm_msgs/rotor_tm_msgs/msg/detail/cen_pl_command__struct.hpp
[6.650s] -- Installing: /home/swati/Quad_DR/RotorTM/install/rotor_tm_msgs/include/rotor_tm_msgs/rotor_tm_msgs/msg/cen_pl_command.hpp
[6.650s] -- Installing: /home/swati/Quad_DR/RotorTM/install/rotor_tm_msgs/include/rotor_tm_msgs/rotor_tm_msgs/msg/position_command.hpp
[6.650s] -- Up-to-date: /home/swati/Quad_DR/RotorTM/install/rotor_tm_msgs/include/rotor_tm_msgs/rotor_tm_msgs
[6.650s] -- Up-to-date: /home/swati/Quad_DR/RotorTM/install/rotor_tm_msgs/include/rotor_tm_msgs/rotor_tm_msgs/srv
[6.650s] -- Up-to-date: /home/swati/Quad_DR/RotorTM/install/rotor_tm_msgs/include/rotor_tm_msgs/rotor_tm_msgs/srv/detail
[6.650s] -- Installing: /home/swati/Quad_DR/RotorTM/install/rotor_tm_msgs/include/rotor_tm_msgs/rotor_tm_msgs/srv/detail/vec4__rosidl_typesupport_fastrtps_cpp.hpp
[6.650s] -- Installing: /home/swati/Quad_DR/RotorTM/install/rotor_tm_msgs/include/rotor_tm_msgs/rotor_tm_msgs/srv/detail/step_pose__rosidl_typesupport_fastrtps_cpp.hpp
[6.650s] -- Installing: /home/swati/Quad_DR/RotorTM/install/rotor_tm_msgs/include/rotor_tm_msgs/rotor_tm_msgs/srv/detail/circle_with_rotation__rosidl_typesupport_fastrtps_cpp.hpp
[6.650s] -- Installing: /home/swati/Quad_DR/RotorTM/install/rotor_tm_msgs/include/rotor_tm_msgs/rotor_tm_msgs/srv/detail/copr_status_cmd__rosidl_typesupport_fastrtps_cpp.hpp
[6.650s] -- Installing: /home/swati/Quad_DR/RotorTM/install/rotor_tm_msgs/include/rotor_tm_msgs/rotor_tm_msgs/srv/detail/circle__rosidl_typesupport_fastrtps_cpp.hpp
[6.650s] -- Installing: /home/swati/Quad_DR/RotorTM/install/rotor_tm_msgs/include/rotor_tm_msgs/rotor_tm_msgs/srv/detail/line__rosidl_typesupport_fastrtps_cpp.hpp
[6.651s] -- Up-to-date: /home/swati/Quad_DR/RotorTM/install/rotor_tm_msgs/include/rotor_tm_msgs/rotor_tm_msgs/srv/detail/dds_fastrtps
[6.651s] -- Up-to-date: /home/swati/Quad_DR/RotorTM/install/rotor_tm_msgs/include/rotor_tm_msgs/rotor_tm_msgs/msg
[6.651s] -- Up-to-date: /home/swati/Quad_DR/RotorTM/install/rotor_tm_msgs/include/rotor_tm_msgs/rotor_tm_msgs/msg/rosidl_typesupport_fastrtps_cpp__visibility_control.h
[6.651s] -- Up-to-date: /home/swati/Quad_DR/RotorTM/install/rotor_tm_msgs/include/rotor_tm_msgs/rotor_tm_msgs/msg/detail
[6.651s] -- Installing: /home/swati/Quad_DR/RotorTM/install/rotor_tm_msgs/include/rotor_tm_msgs/rotor_tm_msgs/msg/detail/status_data__rosidl_typesupport_fastrtps_cpp.hpp
[6.651s] -- Installing: /home/swati/Quad_DR/RotorTM/install/rotor_tm_msgs/include/rotor_tm_msgs/rotor_tm_msgs/msg/detail/fmn_command__rosidl_typesupport_fastrtps_cpp.hpp
[6.651s] -- Installing: /home/swati/Quad_DR/RotorTM/install/rotor_tm_msgs/include/rotor_tm_msgs/rotor_tm_msgs/msg/detail/position_command__rosidl_typesupport_fastrtps_cpp.hpp
[6.651s] -- Installing: /home/swati/Quad_DR/RotorTM/install/rotor_tm_msgs/include/rotor_tm_msgs/rotor_tm_msgs/msg/detail/so3_command__rosidl_typesupport_fastrtps_cpp.hpp
[6.651s] -- Installing: /home/swati/Quad_DR/RotorTM/install/rotor_tm_msgs/include/rotor_tm_msgs/rotor_tm_msgs/msg/detail/trpy_command__rosidl_typesupport_fastrtps_cpp.hpp
[6.651s] -- Installing: /home/swati/Quad_DR/RotorTM/install/rotor_tm_msgs/include/rotor_tm_msgs/rotor_tm_msgs/msg/detail/rpm_command__rosidl_typesupport_fastrtps_cpp.hpp
[6.651s] -- Installing: /home/swati/Quad_DR/RotorTM/install/rotor_tm_msgs/include/rotor_tm_msgs/rotor_tm_msgs/msg/detail/fm_command__rosidl_typesupport_fastrtps_cpp.hpp
[6.651s] -- Installing: /home/swati/Quad_DR/RotorTM/install/rotor_tm_msgs/include/rotor_tm_msgs/rotor_tm_msgs/msg/detail/traj_command__rosidl_typesupport_fastrtps_cpp.hpp
[6.651s] -- Installing: /home/swati/Quad_DR/RotorTM/install/rotor_tm_msgs/include/rotor_tm_msgs/rotor_tm_msgs/msg/detail/cen_pl_command__rosidl_typesupport_fastrtps_cpp.hpp
[6.651s] -- Up-to-date: /home/swati/Quad_DR/RotorTM/install/rotor_tm_msgs/include/rotor_tm_msgs/rotor_tm_msgs/msg/detail/dds_fastrtps
[6.651s] -- Installing: /home/swati/Quad_DR/RotorTM/install/rotor_tm_msgs/lib/librotor_tm_msgs__rosidl_typesupport_fastrtps_cpp.so
[6.652s] -- Set non-toolchain portion of runtime path of "/home/swati/Quad_DR/RotorTM/install/rotor_tm_msgs/lib/librotor_tm_msgs__rosidl_typesupport_fastrtps_cpp.so" to ""
[6.652s] -- Up-to-date: /home/swati/Quad_DR/RotorTM/install/rotor_tm_msgs/include/rotor_tm_msgs/rotor_tm_msgs
[6.652s] -- Up-to-date: /home/swati/Quad_DR/RotorTM/install/rotor_tm_msgs/include/rotor_tm_msgs/rotor_tm_msgs/srv
[6.652s] -- Up-to-date: /home/swati/Quad_DR/RotorTM/install/rotor_tm_msgs/include/rotor_tm_msgs/rotor_tm_msgs/srv/detail
[6.652s] -- Installing: /home/swati/Quad_DR/RotorTM/install/rotor_tm_msgs/include/rotor_tm_msgs/rotor_tm_msgs/srv/detail/copr_status_cmd__type_support.cpp
[6.652s] -- Installing: /home/swati/Quad_DR/RotorTM/install/rotor_tm_msgs/include/rotor_tm_msgs/rotor_tm_msgs/srv/detail/line__rosidl_typesupport_introspection_cpp.hpp
[6.652s] -- Installing: /home/swati/Quad_DR/RotorTM/install/rotor_tm_msgs/include/rotor_tm_msgs/rotor_tm_msgs/srv/detail/step_pose__rosidl_typesupport_introspection_cpp.hpp
[6.652s] -- Installing: /home/swati/Quad_DR/RotorTM/install/rotor_tm_msgs/include/rotor_tm_msgs/rotor_tm_msgs/srv/detail/circle__type_support.cpp
[6.652s] -- Installing: /home/swati/Quad_DR/RotorTM/install/rotor_tm_msgs/include/rotor_tm_msgs/rotor_tm_msgs/srv/detail/vec4__rosidl_typesupport_introspection_cpp.hpp
[6.652s] -- Installing: /home/swati/Quad_DR/RotorTM/install/rotor_tm_msgs/include/rotor_tm_msgs/rotor_tm_msgs/srv/detail/step_pose__type_support.cpp
[6.652s] -- Installing: /home/swati/Quad_DR/RotorTM/install/rotor_tm_msgs/include/rotor_tm_msgs/rotor_tm_msgs/srv/detail/copr_status_cmd__rosidl_typesupport_introspection_cpp.hpp
[6.652s] -- Installing: /home/swati/Quad_DR/RotorTM/install/rotor_tm_msgs/include/rotor_tm_msgs/rotor_tm_msgs/srv/detail/vec4__type_support.cpp
[6.652s] -- Installing: /home/swati/Quad_DR/RotorTM/install/rotor_tm_msgs/include/rotor_tm_msgs/rotor_tm_msgs/srv/detail/circle_with_rotation__rosidl_typesupport_introspection_cpp.hpp
[6.653s] -- Installing: /home/swati/Quad_DR/RotorTM/install/rotor_tm_msgs/include/rotor_tm_msgs/rotor_tm_msgs/srv/detail/circle_with_rotation__type_support.cpp
[6.653s] -- Installing: /home/swati/Quad_DR/RotorTM/install/rotor_tm_msgs/include/rotor_tm_msgs/rotor_tm_msgs/srv/detail/circle__rosidl_typesupport_introspection_cpp.hpp
[6.653s] -- Installing: /home/swati/Quad_DR/RotorTM/install/rotor_tm_msgs/include/rotor_tm_msgs/rotor_tm_msgs/srv/detail/line__type_support.cpp
[6.653s] -- Up-to-date: /home/swati/Quad_DR/RotorTM/install/rotor_tm_msgs/include/rotor_tm_msgs/rotor_tm_msgs/msg
[6.653s] -- Up-to-date: /home/swati/Quad_DR/RotorTM/install/rotor_tm_msgs/include/rotor_tm_msgs/rotor_tm_msgs/msg/detail
[6.653s] -- Installing: /home/swati/Quad_DR/RotorTM/install/rotor_tm_msgs/include/rotor_tm_msgs/rotor_tm_msgs/msg/detail/fmn_command__type_support.cpp
[6.653s] -- Installing: /home/swati/Quad_DR/RotorTM/install/rotor_tm_msgs/include/rotor_tm_msgs/rotor_tm_msgs/msg/detail/cen_pl_command__type_support.cpp
[6.653s] -- Installing: /home/swati/Quad_DR/RotorTM/install/rotor_tm_msgs/include/rotor_tm_msgs/rotor_tm_msgs/msg/detail/rpm_command__type_support.cpp
[6.653s] -- Installing: /home/swati/Quad_DR/RotorTM/install/rotor_tm_msgs/include/rotor_tm_msgs/rotor_tm_msgs/msg/detail/traj_command__type_support.cpp
[6.653s] -- Installing: /home/swati/Quad_DR/RotorTM/install/rotor_tm_msgs/include/rotor_tm_msgs/rotor_tm_msgs/msg/detail/cen_pl_command__rosidl_typesupport_introspection_cpp.hpp
[6.654s] -- Installing: /home/swati/Quad_DR/RotorTM/install/rotor_tm_msgs/include/rotor_tm_msgs/rotor_tm_msgs/msg/detail/trpy_command__type_support.cpp
[6.654s] -- Installing: /home/swati/Quad_DR/RotorTM/install/rotor_tm_msgs/include/rotor_tm_msgs/rotor_tm_msgs/msg/detail/fmn_command__rosidl_typesupport_introspection_cpp.hpp
[6.654s] -- Installing: /home/swati/Quad_DR/RotorTM/install/rotor_tm_msgs/include/rotor_tm_msgs/rotor_tm_msgs/msg/detail/position_command__rosidl_typesupport_introspection_cpp.hpp
[6.654s] -- Installing: /home/swati/Quad_DR/RotorTM/install/rotor_tm_msgs/include/rotor_tm_msgs/rotor_tm_msgs/msg/detail/so3_command__rosidl_typesupport_introspection_cpp.hpp
[6.654s] -- Installing: /home/swati/Quad_DR/RotorTM/install/rotor_tm_msgs/include/rotor_tm_msgs/rotor_tm_msgs/msg/detail/status_data__rosidl_typesupport_introspection_cpp.hpp
[6.654s] -- Installing: /home/swati/Quad_DR/RotorTM/install/rotor_tm_msgs/include/rotor_tm_msgs/rotor_tm_msgs/msg/detail/trpy_command__rosidl_typesupport_introspection_cpp.hpp
[6.654s] -- Installing: /home/swati/Quad_DR/RotorTM/install/rotor_tm_msgs/include/rotor_tm_msgs/rotor_tm_msgs/msg/detail/position_command__type_support.cpp
[6.654s] -- Installing: /home/swati/Quad_DR/RotorTM/install/rotor_tm_msgs/include/rotor_tm_msgs/rotor_tm_msgs/msg/detail/rpm_command__rosidl_typesupport_introspection_cpp.hpp
[6.654s] -- Installing: /home/swati/Quad_DR/RotorTM/install/rotor_tm_msgs/include/rotor_tm_msgs/rotor_tm_msgs/msg/detail/traj_command__rosidl_typesupport_introspection_cpp.hpp
[6.654s] -- Installing: /home/swati/Quad_DR/RotorTM/install/rotor_tm_msgs/include/rotor_tm_msgs/rotor_tm_msgs/msg/detail/so3_command__type_support.cpp
[6.654s] -- Installing: /home/swati/Quad_DR/RotorTM/install/rotor_tm_msgs/include/rotor_tm_msgs/rotor_tm_msgs/msg/detail/fm_command__rosidl_typesupport_introspection_cpp.hpp
[6.655s] -- Installing: /home/swati/Quad_DR/RotorTM/install/rotor_tm_msgs/include/rotor_tm_msgs/rotor_tm_msgs/msg/detail/status_data__type_support.cpp
[6.655s] -- Installing: /home/swati/Quad_DR/RotorTM/install/rotor_tm_msgs/include/rotor_tm_msgs/rotor_tm_msgs/msg/detail/fm_command__type_support.cpp
[6.655s] -- Installing: /home/swati/Quad_DR/RotorTM/install/rotor_tm_msgs/lib/librotor_tm_msgs__rosidl_typesupport_introspection_cpp.so
[6.655s] -- Set non-toolchain portion of runtime path of "/home/swati/Quad_DR/RotorTM/install/rotor_tm_msgs/lib/librotor_tm_msgs__rosidl_typesupport_introspection_cpp.so" to ""
[6.655s] -- Installing: /home/swati/Quad_DR/RotorTM/install/rotor_tm_msgs/lib/librotor_tm_msgs__rosidl_typesupport_cpp.so
[6.655s] -- Set non-toolchain portion of runtime path of "/home/swati/Quad_DR/RotorTM/install/rotor_tm_msgs/lib/librotor_tm_msgs__rosidl_typesupport_cpp.so" to ""
[6.655s] -- Up-to-date: /home/swati/Quad_DR/RotorTM/install/rotor_tm_msgs/share/rotor_tm_msgs/environment/pythonpath.sh
[6.655s] -- Installing: /home/swati/Quad_DR/RotorTM/install/rotor_tm_msgs/share/rotor_tm_msgs/environment/pythonpath.dsv
[6.655s] -- Up-to-date: /home/swati/Quad_DR/RotorTM/install/rotor_tm_msgs/lib/python3.10/site-packages/rotor_tm_msgs-0.0.0-py3.10.egg-info
[6.655s] -- Installing: /home/swati/Quad_DR/RotorTM/install/rotor_tm_msgs/lib/python3.10/site-packages/rotor_tm_msgs-0.0.0-py3.10.egg-info/top_level.txt
[6.655s] -- Installing: /home/swati/Quad_DR/RotorTM/install/rotor_tm_msgs/lib/python3.10/site-packages/rotor_tm_msgs-0.0.0-py3.10.egg-info/PKG-INFO
[6.655s] -- Installing: /home/swati/Quad_DR/RotorTM/install/rotor_tm_msgs/lib/python3.10/site-packages/rotor_tm_msgs-0.0.0-py3.10.egg-info/SOURCES.txt
[6.655s] -- Installing: /home/swati/Quad_DR/RotorTM/install/rotor_tm_msgs/lib/python3.10/site-packages/rotor_tm_msgs-0.0.0-py3.10.egg-info/dependency_links.txt
[6.656s] -- Up-to-date: /home/swati/Quad_DR/RotorTM/install/rotor_tm_msgs/lib/python3.10/site-packages/rotor_tm_msgs
[6.656s] -- Installing: /home/swati/Quad_DR/RotorTM/install/rotor_tm_msgs/lib/python3.10/site-packages/rotor_tm_msgs/_rotor_tm_msgs_s.ep.rosidl_typesupport_introspection_c.c
[6.656s] -- Installing: /home/swati/Quad_DR/RotorTM/install/rotor_tm_msgs/lib/python3.10/site-packages/rotor_tm_msgs/librotor_tm_msgs__rosidl_generator_py.so
[6.656s] -- Installing: /home/swati/Quad_DR/RotorTM/install/rotor_tm_msgs/lib/python3.10/site-packages/rotor_tm_msgs/_rotor_tm_msgs_s.ep.rosidl_typesupport_c.c
[6.656s] -- Installing: /home/swati/Quad_DR/RotorTM/install/rotor_tm_msgs/lib/python3.10/site-packages/rotor_tm_msgs/_rotor_tm_msgs_s.ep.rosidl_typesupport_fastrtps_c.c
[6.656s] -- Up-to-date: /home/swati/Quad_DR/RotorTM/install/rotor_tm_msgs/lib/python3.10/site-packages/rotor_tm_msgs/srv
[6.656s] -- Installing: /home/swati/Quad_DR/RotorTM/install/rotor_tm_msgs/lib/python3.10/site-packages/rotor_tm_msgs/srv/_circle_with_rotation.py
[6.656s] -- Installing: /home/swati/Quad_DR/RotorTM/install/rotor_tm_msgs/lib/python3.10/site-packages/rotor_tm_msgs/srv/_copr_status_cmd_s.c
[6.656s] -- Installing: /home/swati/Quad_DR/RotorTM/install/rotor_tm_msgs/lib/python3.10/site-packages/rotor_tm_msgs/srv/_circle_s.c
[6.656s] -- Installing: /home/swati/Quad_DR/RotorTM/install/rotor_tm_msgs/lib/python3.10/site-packages/rotor_tm_msgs/srv/_vec4_s.c
[6.656s] -- Installing: /home/swati/Quad_DR/RotorTM/install/rotor_tm_msgs/lib/python3.10/site-packages/rotor_tm_msgs/srv/_line.py
[6.656s] -- Installing: /home/swati/Quad_DR/RotorTM/install/rotor_tm_msgs/lib/python3.10/site-packages/rotor_tm_msgs/srv/__init__.py
[6.656s] -- Installing: /home/swati/Quad_DR/RotorTM/install/rotor_tm_msgs/lib/python3.10/site-packages/rotor_tm_msgs/srv/_circle.py
[6.656s] -- Installing: /home/swati/Quad_DR/RotorTM/install/rotor_tm_msgs/lib/python3.10/site-packages/rotor_tm_msgs/srv/_circle_with_rotation_s.c
[6.656s] -- Installing: /home/swati/Quad_DR/RotorTM/install/rotor_tm_msgs/lib/python3.10/site-packages/rotor_tm_msgs/srv/_line_s.c
[6.656s] -- Installing: /home/swati/Quad_DR/RotorTM/install/rotor_tm_msgs/lib/python3.10/site-packages/rotor_tm_msgs/srv/_step_pose.py
[6.656s] -- Installing: /home/swati/Quad_DR/RotorTM/install/rotor_tm_msgs/lib/python3.10/site-packages/rotor_tm_msgs/srv/_copr_status_cmd.py
[6.656s] -- Installing: /home/swati/Quad_DR/RotorTM/install/rotor_tm_msgs/lib/python3.10/site-packages/rotor_tm_msgs/srv/_step_pose_s.c
[6.656s] -- Installing: /home/swati/Quad_DR/RotorTM/install/rotor_tm_msgs/lib/python3.10/site-packages/rotor_tm_msgs/srv/_vec4.py
[6.656s] -- Installing: /home/swati/Quad_DR/RotorTM/install/rotor_tm_msgs/lib/python3.10/site-packages/rotor_tm_msgs/__init__.py
[6.656s] -- Installing: /home/swati/Quad_DR/RotorTM/install/rotor_tm_msgs/lib/python3.10/site-packages/rotor_tm_msgs/rotor_tm_msgs_s__rosidl_typesupport_introspection_c.cpython-310-x86_64-linux-gnu.so
[6.657s] -- Installing: /home/swati/Quad_DR/RotorTM/install/rotor_tm_msgs/lib/python3.10/site-packages/rotor_tm_msgs/rotor_tm_msgs_s__rosidl_typesupport_c.cpython-310-x86_64-linux-gnu.so
[6.657s] -- Up-to-date: /home/swati/Quad_DR/RotorTM/install/rotor_tm_msgs/lib/python3.10/site-packages/rotor_tm_msgs/msg
[6.657s] -- Installing: /home/swati/Quad_DR/RotorTM/install/rotor_tm_msgs/lib/python3.10/site-packages/rotor_tm_msgs/msg/_rpm_command.py
[6.657s] -- Installing: /home/swati/Quad_DR/RotorTM/install/rotor_tm_msgs/lib/python3.10/site-packages/rotor_tm_msgs/msg/_trpy_command_s.c
[6.657s] -- Installing: /home/swati/Quad_DR/RotorTM/install/rotor_tm_msgs/lib/python3.10/site-packages/rotor_tm_msgs/msg/_so3_command_s.c
[6.657s] -- Installing: /home/swati/Quad_DR/RotorTM/install/rotor_tm_msgs/lib/python3.10/site-packages/rotor_tm_msgs/msg/_cen_pl_command.py
[6.657s] -- Installing: /home/swati/Quad_DR/RotorTM/install/rotor_tm_msgs/lib/python3.10/site-packages/rotor_tm_msgs/msg/_cen_pl_command_s.c
[6.657s] -- Installing: /home/swati/Quad_DR/RotorTM/install/rotor_tm_msgs/lib/python3.10/site-packages/rotor_tm_msgs/msg/_fmn_command.py
[6.657s] -- Installing: /home/swati/Quad_DR/RotorTM/install/rotor_tm_msgs/lib/python3.10/site-packages/rotor_tm_msgs/msg/_trpy_command.py
[6.657s] -- Installing: /home/swati/Quad_DR/RotorTM/install/rotor_tm_msgs/lib/python3.10/site-packages/rotor_tm_msgs/msg/__init__.py
[6.657s] -- Installing: /home/swati/Quad_DR/RotorTM/install/rotor_tm_msgs/lib/python3.10/site-packages/rotor_tm_msgs/msg/_status_data_s.c
[6.657s] -- Installing: /home/swati/Quad_DR/RotorTM/install/rotor_tm_msgs/lib/python3.10/site-packages/rotor_tm_msgs/msg/_so3_command.py
[6.657s] -- Installing: /home/swati/Quad_DR/RotorTM/install/rotor_tm_msgs/lib/python3.10/site-packages/rotor_tm_msgs/msg/_position_command.py
[6.657s] -- Installing: /home/swati/Quad_DR/RotorTM/install/rotor_tm_msgs/lib/python3.10/site-packages/rotor_tm_msgs/msg/_fmn_command_s.c
[6.657s] -- Installing: /home/swati/Quad_DR/RotorTM/install/rotor_tm_msgs/lib/python3.10/site-packages/rotor_tm_msgs/msg/_traj_command.py
[6.657s] -- Installing: /home/swati/Quad_DR/RotorTM/install/rotor_tm_msgs/lib/python3.10/site-packages/rotor_tm_msgs/msg/_rpm_command_s.c
[6.657s] -- Installing: /home/swati/Quad_DR/RotorTM/install/rotor_tm_msgs/lib/python3.10/site-packages/rotor_tm_msgs/msg/_position_command_s.c
[6.657s] -- Installing: /home/swati/Quad_DR/RotorTM/install/rotor_tm_msgs/lib/python3.10/site-packages/rotor_tm_msgs/msg/_fm_command.py
[6.657s] -- Installing: /home/swati/Quad_DR/RotorTM/install/rotor_tm_msgs/lib/python3.10/site-packages/rotor_tm_msgs/msg/_traj_command_s.c
[6.657s] -- Installing: /home/swati/Quad_DR/RotorTM/install/rotor_tm_msgs/lib/python3.10/site-packages/rotor_tm_msgs/msg/_status_data.py
[6.657s] -- Installing: /home/swati/Quad_DR/RotorTM/install/rotor_tm_msgs/lib/python3.10/site-packages/rotor_tm_msgs/msg/_fm_command_s.c
[6.657s] -- Installing: /home/swati/Quad_DR/RotorTM/install/rotor_tm_msgs/lib/python3.10/site-packages/rotor_tm_msgs/rotor_tm_msgs_s__rosidl_typesupport_fastrtps_c.cpython-310-x86_64-linux-gnu.so
[6.697s] Listing '/home/swati/Quad_DR/RotorTM/install/rotor_tm_msgs/lib/python3.10/site-packages/rotor_tm_msgs'...
[6.697s] Compiling '/home/swati/Quad_DR/RotorTM/install/rotor_tm_msgs/lib/python3.10/site-packages/rotor_tm_msgs/__init__.py'...
[6.697s] Listing '/home/swati/Quad_DR/RotorTM/install/rotor_tm_msgs/lib/python3.10/site-packages/rotor_tm_msgs/msg'...
[6.698s] Compiling '/home/swati/Quad_DR/RotorTM/install/rotor_tm_msgs/lib/python3.10/site-packages/rotor_tm_msgs/msg/__init__.py'...
[6.698s] Compiling '/home/swati/Quad_DR/RotorTM/install/rotor_tm_msgs/lib/python3.10/site-packages/rotor_tm_msgs/msg/_cen_pl_command.py'...
[6.698s] Compiling '/home/swati/Quad_DR/RotorTM/install/rotor_tm_msgs/lib/python3.10/site-packages/rotor_tm_msgs/msg/_fm_command.py'...
[6.698s] Compiling '/home/swati/Quad_DR/RotorTM/install/rotor_tm_msgs/lib/python3.10/site-packages/rotor_tm_msgs/msg/_fmn_command.py'...
[6.698s] Compiling '/home/swati/Quad_DR/RotorTM/install/rotor_tm_msgs/lib/python3.10/site-packages/rotor_tm_msgs/msg/_position_command.py'...
[6.698s] Compiling '/home/swati/Quad_DR/RotorTM/install/rotor_tm_msgs/lib/python3.10/site-packages/rotor_tm_msgs/msg/_rpm_command.py'...
[6.698s] Compiling '/home/swati/Quad_DR/RotorTM/install/rotor_tm_msgs/lib/python3.10/site-packages/rotor_tm_msgs/msg/_so3_command.py'...
[6.698s] Compiling '/home/swati/Quad_DR/RotorTM/install/rotor_tm_msgs/lib/python3.10/site-packages/rotor_tm_msgs/msg/_status_data.py'...
[6.698s] Compiling '/home/swati/Quad_DR/RotorTM/install/rotor_tm_msgs/lib/python3.10/site-packages/rotor_tm_msgs/msg/_traj_command.py'...
[6.698s] Compiling '/home/swati/Quad_DR/RotorTM/install/rotor_tm_msgs/lib/python3.10/site-packages/rotor_tm_msgs/msg/_trpy_command.py'...
[6.698s] Listing '/home/swati/Quad_DR/RotorTM/install/rotor_tm_msgs/lib/python3.10/site-packages/rotor_tm_msgs/srv'...
[6.698s] Compiling '/home/swati/Quad_DR/RotorTM/install/rotor_tm_msgs/lib/python3.10/site-packages/rotor_tm_msgs/srv/__init__.py'...
[6.698s] Compiling '/home/swati/Quad_DR/RotorTM/install/rotor_tm_msgs/lib/python3.10/site-packages/rotor_tm_msgs/srv/_circle.py'...
[6.698s] Compiling '/home/swati/Quad_DR/RotorTM/install/rotor_tm_msgs/lib/python3.10/site-packages/rotor_tm_msgs/srv/_circle_with_rotation.py'...
[6.698s] Compiling '/home/swati/Quad_DR/RotorTM/install/rotor_tm_msgs/lib/python3.10/site-packages/rotor_tm_msgs/srv/_copr_status_cmd.py'...
[6.698s] Compiling '/home/swati/Quad_DR/RotorTM/install/rotor_tm_msgs/lib/python3.10/site-packages/rotor_tm_msgs/srv/_line.py'...
[6.698s] Compiling '/home/swati/Quad_DR/RotorTM/install/rotor_tm_msgs/lib/python3.10/site-packages/rotor_tm_msgs/srv/_step_pose.py'...
[6.698s] Compiling '/home/swati/Quad_DR/RotorTM/install/rotor_tm_msgs/lib/python3.10/site-packages/rotor_tm_msgs/srv/_vec4.py'...
[6.701s] -- Installing: /home/swati/Quad_DR/RotorTM/install/rotor_tm_msgs/lib/python3.10/site-packages/rotor_tm_msgs/rotor_tm_msgs_s__rosidl_typesupport_fastrtps_c.cpython-310-x86_64-linux-gnu.so
[6.701s] -- Set non-toolchain portion of runtime path of "/home/swati/Quad_DR/RotorTM/install/rotor_tm_msgs/lib/python3.10/site-packages/rotor_tm_msgs/rotor_tm_msgs_s__rosidl_typesupport_fastrtps_c.cpython-310-x86_64-linux-gnu.so" to ""
[6.701s] -- Installing: /home/swati/Quad_DR/RotorTM/install/rotor_tm_msgs/lib/python3.10/site-packages/rotor_tm_msgs/rotor_tm_msgs_s__rosidl_typesupport_introspection_c.cpython-310-x86_64-linux-gnu.so
[6.702s] -- Set non-toolchain portion of runtime path of "/home/swati/Quad_DR/RotorTM/install/rotor_tm_msgs/lib/python3.10/site-packages/rotor_tm_msgs/rotor_tm_msgs_s__rosidl_typesupport_introspection_c.cpython-310-x86_64-linux-gnu.so" to ""
[6.702s] -- Installing: /home/swati/Quad_DR/RotorTM/install/rotor_tm_msgs/lib/python3.10/site-packages/rotor_tm_msgs/rotor_tm_msgs_s__rosidl_typesupport_c.cpython-310-x86_64-linux-gnu.so
[6.702s] -- Set non-toolchain portion of runtime path of "/home/swati/Quad_DR/RotorTM/install/rotor_tm_msgs/lib/python3.10/site-packages/rotor_tm_msgs/rotor_tm_msgs_s__rosidl_typesupport_c.cpython-310-x86_64-linux-gnu.so" to ""
[6.702s] -- Installing: /home/swati/Quad_DR/RotorTM/install/rotor_tm_msgs/lib/librotor_tm_msgs__rosidl_generator_py.so
[6.702s] -- Set non-toolchain portion of runtime path of "/home/swati/Quad_DR/RotorTM/install/rotor_tm_msgs/lib/librotor_tm_msgs__rosidl_generator_py.so" to ""
[6.702s] -- Up-to-date: /home/swati/Quad_DR/RotorTM/install/rotor_tm_msgs/share/rotor_tm_msgs/msg/PositionCommand.idl
[6.702s] -- Up-to-date: /home/swati/Quad_DR/RotorTM/install/rotor_tm_msgs/share/rotor_tm_msgs/msg/FMCommand.idl
[6.702s] -- Up-to-date: /home/swati/Quad_DR/RotorTM/install/rotor_tm_msgs/share/rotor_tm_msgs/msg/RPMCommand.idl
[6.702s] -- Up-to-date: /home/swati/Quad_DR/RotorTM/install/rotor_tm_msgs/share/rotor_tm_msgs/msg/SO3Command.idl
[6.702s] -- Up-to-date: /home/swati/Quad_DR/RotorTM/install/rotor_tm_msgs/share/rotor_tm_msgs/msg/CenPLCommand.idl
[6.702s] -- Up-to-date: /home/swati/Quad_DR/RotorTM/install/rotor_tm_msgs/share/rotor_tm_msgs/msg/StatusData.idl
[6.703s] -- Up-to-date: /home/swati/Quad_DR/RotorTM/install/rotor_tm_msgs/share/rotor_tm_msgs/msg/TRPYCommand.idl
[6.703s] -- Up-to-date: /home/swati/Quad_DR/RotorTM/install/rotor_tm_msgs/share/rotor_tm_msgs/msg/TrajCommand.idl
[6.703s] -- Up-to-date: /home/swati/Quad_DR/RotorTM/install/rotor_tm_msgs/share/rotor_tm_msgs/msg/FMNCommand.idl
[6.703s] -- Up-to-date: /home/swati/Quad_DR/RotorTM/install/rotor_tm_msgs/share/rotor_tm_msgs/srv/Vec4.idl
[6.703s] -- Up-to-date: /home/swati/Quad_DR/RotorTM/install/rotor_tm_msgs/share/rotor_tm_msgs/srv/Circle.idl
[6.703s] -- Up-to-date: /home/swati/Quad_DR/RotorTM/install/rotor_tm_msgs/share/rotor_tm_msgs/srv/CircleWithRotation.idl
[6.703s] -- Up-to-date: /home/swati/Quad_DR/RotorTM/install/rotor_tm_msgs/share/rotor_tm_msgs/srv/Line.idl
[6.703s] -- Up-to-date: /home/swati/Quad_DR/RotorTM/install/rotor_tm_msgs/share/rotor_tm_msgs/srv/CoprStatusCmd.idl
[6.703s] -- Up-to-date: /home/swati/Quad_DR/RotorTM/install/rotor_tm_msgs/share/rotor_tm_msgs/srv/StepPose.idl
[6.703s] -- Up-to-date: /home/swati/Quad_DR/RotorTM/install/rotor_tm_msgs/share/rotor_tm_msgs/msg/PositionCommand.msg
[6.703s] -- Up-to-date: /home/swati/Quad_DR/RotorTM/install/rotor_tm_msgs/share/rotor_tm_msgs/msg/FMCommand.msg
[6.703s] -- Up-to-date: /home/swati/Quad_DR/RotorTM/install/rotor_tm_msgs/share/rotor_tm_msgs/msg/RPMCommand.msg
[6.703s] -- Up-to-date: /home/swati/Quad_DR/RotorTM/install/rotor_tm_msgs/share/rotor_tm_msgs/msg/SO3Command.msg
[6.703s] -- Up-to-date: /home/swati/Quad_DR/RotorTM/install/rotor_tm_msgs/share/rotor_tm_msgs/msg/CenPLCommand.msg
[6.703s] -- Up-to-date: /home/swati/Quad_DR/RotorTM/install/rotor_tm_msgs/share/rotor_tm_msgs/msg/StatusData.msg
[6.703s] -- Up-to-date: /home/swati/Quad_DR/RotorTM/install/rotor_tm_msgs/share/rotor_tm_msgs/msg/TRPYCommand.msg
[6.703s] -- Up-to-date: /home/swati/Quad_DR/RotorTM/install/rotor_tm_msgs/share/rotor_tm_msgs/msg/TrajCommand.msg
[6.703s] -- Up-to-date: /home/swati/Quad_DR/RotorTM/install/rotor_tm_msgs/share/rotor_tm_msgs/msg/FMNCommand.msg
[6.703s] -- Up-to-date: /home/swati/Quad_DR/RotorTM/install/rotor_tm_msgs/share/rotor_tm_msgs/srv/Vec4.srv
[6.703s] -- Up-to-date: /home/swati/Quad_DR/RotorTM/install/rotor_tm_msgs/share/rotor_tm_msgs/srv/Vec4_Request.msg
[6.703s] -- Up-to-date: /home/swati/Quad_DR/RotorTM/install/rotor_tm_msgs/share/rotor_tm_msgs/srv/Vec4_Response.msg
[6.703s] -- Up-to-date: /home/swati/Quad_DR/RotorTM/install/rotor_tm_msgs/share/rotor_tm_msgs/srv/Circle.srv
[6.703s] -- Up-to-date: /home/swati/Quad_DR/RotorTM/install/rotor_tm_msgs/share/rotor_tm_msgs/srv/Circle_Request.msg
[6.703s] -- Up-to-date: /home/swati/Quad_DR/RotorTM/install/rotor_tm_msgs/share/rotor_tm_msgs/srv/Circle_Response.msg
[6.703s] -- Up-to-date: /home/swati/Quad_DR/RotorTM/install/rotor_tm_msgs/share/rotor_tm_msgs/srv/CircleWithRotation.srv
[6.703s] -- Up-to-date: /home/swati/Quad_DR/RotorTM/install/rotor_tm_msgs/share/rotor_tm_msgs/srv/CircleWithRotation_Request.msg
[6.703s] -- Up-to-date: /home/swati/Quad_DR/RotorTM/install/rotor_tm_msgs/share/rotor_tm_msgs/srv/CircleWithRotation_Response.msg
[6.704s] -- Up-to-date: /home/swati/Quad_DR/RotorTM/install/rotor_tm_msgs/share/rotor_tm_msgs/srv/Line.srv
[6.704s] -- Up-to-date: /home/swati/Quad_DR/RotorTM/install/rotor_tm_msgs/share/rotor_tm_msgs/srv/Line_Request.msg
[6.704s] -- Up-to-date: /home/swati/Quad_DR/RotorTM/install/rotor_tm_msgs/share/rotor_tm_msgs/srv/Line_Response.msg
[6.704s] -- Up-to-date: /home/swati/Quad_DR/RotorTM/install/rotor_tm_msgs/share/rotor_tm_msgs/srv/CoprStatusCmd.srv
[6.704s] -- Up-to-date: /home/swati/Quad_DR/RotorTM/install/rotor_tm_msgs/share/rotor_tm_msgs/srv/CoprStatusCmd_Request.msg
[6.704s] -- Up-to-date: /home/swati/Quad_DR/RotorTM/install/rotor_tm_msgs/share/rotor_tm_msgs/srv/CoprStatusCmd_Response.msg
[6.704s] -- Up-to-date: /home/swati/Quad_DR/RotorTM/install/rotor_tm_msgs/share/rotor_tm_msgs/srv/StepPose.srv
[6.704s] -- Up-to-date: /home/swati/Quad_DR/RotorTM/install/rotor_tm_msgs/share/rotor_tm_msgs/srv/StepPose_Request.msg
[6.704s] -- Up-to-date: /home/swati/Quad_DR/RotorTM/install/rotor_tm_msgs/share/rotor_tm_msgs/srv/StepPose_Response.msg
[6.704s] -- Up-to-date: /home/swati/Quad_DR/RotorTM/install/rotor_tm_msgs/share/ament_index/resource_index/package_run_dependencies/rotor_tm_msgs
[6.704s] -- Up-to-date: /home/swati/Quad_DR/RotorTM/install/rotor_tm_msgs/share/ament_index/resource_index/parent_prefix_path/rotor_tm_msgs
[6.704s] -- Up-to-date: /home/swati/Quad_DR/RotorTM/install/rotor_tm_msgs/share/rotor_tm_msgs/environment/ament_prefix_path.sh
[6.704s] -- Installing: /home/swati/Quad_DR/RotorTM/install/rotor_tm_msgs/share/rotor_tm_msgs/environment/ament_prefix_path.dsv
[6.704s] -- Up-to-date: /home/swati/Quad_DR/RotorTM/install/rotor_tm_msgs/share/rotor_tm_msgs/environment/path.sh
[6.704s] -- Installing: /home/swati/Quad_DR/RotorTM/install/rotor_tm_msgs/share/rotor_tm_msgs/environment/path.dsv
[6.704s] -- Up-to-date: /home/swati/Quad_DR/RotorTM/install/rotor_tm_msgs/share/rotor_tm_msgs/local_setup.bash
[6.704s] -- Up-to-date: /home/swati/Quad_DR/RotorTM/install/rotor_tm_msgs/share/rotor_tm_msgs/local_setup.sh
[6.704s] -- Up-to-date: /home/swati/Quad_DR/RotorTM/install/rotor_tm_msgs/share/rotor_tm_msgs/local_setup.zsh
[6.704s] -- Installing: /home/swati/Quad_DR/RotorTM/install/rotor_tm_msgs/share/rotor_tm_msgs/local_setup.dsv
[6.704s] -- Installing: /home/swati/Quad_DR/RotorTM/install/rotor_tm_msgs/share/rotor_tm_msgs/package.dsv
[6.704s] -- Up-to-date: /home/swati/Quad_DR/RotorTM/install/rotor_tm_msgs/share/ament_index/resource_index/packages/rotor_tm_msgs
[6.704s] -- Up-to-date: /home/swati/Quad_DR/RotorTM/install/rotor_tm_msgs/share/rotor_tm_msgs/cmake/export_rotor_tm_msgs__rosidl_generator_cExport.cmake
[6.704s] -- Up-to-date: /home/swati/Quad_DR/RotorTM/install/rotor_tm_msgs/share/rotor_tm_msgs/cmake/export_rotor_tm_msgs__rosidl_generator_cExport-noconfig.cmake
[6.704s] -- Up-to-date: /home/swati/Quad_DR/RotorTM/install/rotor_tm_msgs/share/rotor_tm_msgs/cmake/export_rotor_tm_msgs__rosidl_typesupport_fastrtps_cExport.cmake
[6.704s] -- Up-to-date: /home/swati/Quad_DR/RotorTM/install/rotor_tm_msgs/share/rotor_tm_msgs/cmake/export_rotor_tm_msgs__rosidl_typesupport_fastrtps_cExport-noconfig.cmake
[6.704s] -- Up-to-date: /home/swati/Quad_DR/RotorTM/install/rotor_tm_msgs/share/rotor_tm_msgs/cmake/rotor_tm_msgs__rosidl_typesupport_introspection_cExport.cmake
[6.704s] -- Up-to-date: /home/swati/Quad_DR/RotorTM/install/rotor_tm_msgs/share/rotor_tm_msgs/cmake/rotor_tm_msgs__rosidl_typesupport_introspection_cExport-noconfig.cmake
[6.704s] -- Up-to-date: /home/swati/Quad_DR/RotorTM/install/rotor_tm_msgs/share/rotor_tm_msgs/cmake/rotor_tm_msgs__rosidl_typesupport_cExport.cmake
[6.704s] -- Up-to-date: /home/swati/Quad_DR/RotorTM/install/rotor_tm_msgs/share/rotor_tm_msgs/cmake/rotor_tm_msgs__rosidl_typesupport_cExport-noconfig.cmake
[6.705s] -- Up-to-date: /home/swati/Quad_DR/RotorTM/install/rotor_tm_msgs/share/rotor_tm_msgs/cmake/export_rotor_tm_msgs__rosidl_generator_cppExport.cmake
[6.705s] -- Up-to-date: /home/swati/Quad_DR/RotorTM/install/rotor_tm_msgs/share/rotor_tm_msgs/cmake/export_rotor_tm_msgs__rosidl_typesupport_fastrtps_cppExport.cmake
[6.705s] -- Up-to-date: /home/swati/Quad_DR/RotorTM/install/rotor_tm_msgs/share/rotor_tm_msgs/cmake/export_rotor_tm_msgs__rosidl_typesupport_fastrtps_cppExport-noconfig.cmake
[6.705s] -- Up-to-date: /home/swati/Quad_DR/RotorTM/install/rotor_tm_msgs/share/rotor_tm_msgs/cmake/rotor_tm_msgs__rosidl_typesupport_introspection_cppExport.cmake
[6.705s] -- Up-to-date: /home/swati/Quad_DR/RotorTM/install/rotor_tm_msgs/share/rotor_tm_msgs/cmake/rotor_tm_msgs__rosidl_typesupport_introspection_cppExport-noconfig.cmake
[6.705s] -- Up-to-date: /home/swati/Quad_DR/RotorTM/install/rotor_tm_msgs/share/rotor_tm_msgs/cmake/rotor_tm_msgs__rosidl_typesupport_cppExport.cmake
[6.705s] -- Up-to-date: /home/swati/Quad_DR/RotorTM/install/rotor_tm_msgs/share/rotor_tm_msgs/cmake/rotor_tm_msgs__rosidl_typesupport_cppExport-noconfig.cmake
[6.705s] -- Up-to-date: /home/swati/Quad_DR/RotorTM/install/rotor_tm_msgs/share/rotor_tm_msgs/cmake/export_rotor_tm_msgs__rosidl_generator_pyExport.cmake
[6.705s] -- Up-to-date: /home/swati/Quad_DR/RotorTM/install/rotor_tm_msgs/share/rotor_tm_msgs/cmake/export_rotor_tm_msgs__rosidl_generator_pyExport-noconfig.cmake
[6.705s] -- Up-to-date: /home/swati/Quad_DR/RotorTM/install/rotor_tm_msgs/share/rotor_tm_msgs/cmake/rosidl_cmake-extras.cmake
[6.705s] -- Up-to-date: /home/swati/Quad_DR/RotorTM/install/rotor_tm_msgs/share/rotor_tm_msgs/cmake/ament_cmake_export_dependencies-extras.cmake
[6.705s] -- Up-to-date: /home/swati/Quad_DR/RotorTM/install/rotor_tm_msgs/share/rotor_tm_msgs/cmake/ament_cmake_export_include_directories-extras.cmake
[6.705s] -- Up-to-date: /home/swati/Quad_DR/RotorTM/install/rotor_tm_msgs/share/rotor_tm_msgs/cmake/ament_cmake_export_libraries-extras.cmake
[6.705s] -- Up-to-date: /home/swati/Quad_DR/RotorTM/install/rotor_tm_msgs/share/rotor_tm_msgs/cmake/ament_cmake_export_targets-extras.cmake
[6.705s] -- Up-to-date: /home/swati/Quad_DR/RotorTM/install/rotor_tm_msgs/share/rotor_tm_msgs/cmake/rosidl_cmake_export_typesupport_targets-extras.cmake
[6.705s] -- Up-to-date: /home/swati/Quad_DR/RotorTM/install/rotor_tm_msgs/share/rotor_tm_msgs/cmake/rosidl_cmake_export_typesupport_libraries-extras.cmake
[6.705s] -- Up-to-date: /home/swati/Quad_DR/RotorTM/install/rotor_tm_msgs/share/rotor_tm_msgs/cmake/rotor_tm_msgsConfig.cmake
[6.705s] -- Up-to-date: /home/swati/Quad_DR/RotorTM/install/rotor_tm_msgs/share/rotor_tm_msgs/cmake/rotor_tm_msgsConfig-version.cmake
[6.705s] -- Up-to-date: /home/swati/Quad_DR/RotorTM/install/rotor_tm_msgs/share/rotor_tm_msgs/package.xml
[6.707s] Invoked command in '/home/swati/Quad_DR/RotorTM/build/rotor_tm_msgs' returned '0': CMAKE_PREFIX_PATH=${CMAKE_PREFIX_PATH}:/home/swati/Quad_DR/RotorTM/install/rotor_tm_sim:/home/swati/Quad_DR/RotorTM/install/rotor_tm_control:/home/swati/Quad_DR/RotorTM/install/rotor_tm_utils:/home/swati/Quad_DR/RotorTM/install/rotor_tm_traj:/home/swati/Quad_DR/RotorTM/install/rotor_tm_keyboard2wrench:/home/swati/Quad_DR/RotorTM/install/rotor_tm_config:/home/swati/Quad_DR/RotorTM/install/payload_control:/opt/ros/humble /opt/cmake-3.28.3-linux-x86_64/bin/cmake --install /home/swati/Quad_DR/RotorTM/build/rotor_tm_msgs
