[0.798s] Invoking command in '/home/swati/Quad_DR/RotorTM/src/rotor_tm_sim': AMENT_PREFIX_PATH=/home/swati/Quad_DR/RotorTM/install/rotor_tm_utils:/home/swati/Quad_DR/RotorTM/install/rotor_tm_config:/home/swati/Quad_DR/RotorTM/install/rotor_tm_sim:/home/swati/Quad_DR/RotorTM/install/rotor_tm_control:/home/swati/Quad_DR/RotorTM/install/rotor_tm_traj:/home/swati/Quad_DR/RotorTM/install/rotor_tm_plcontrol:/home/swati/Quad_DR/RotorTM/install/rotor_tm_msgs:/home/swati/Quad_DR/RotorTM/install/rotor_tm_keyboard2wrench:/home/swati/Quad_DR/RotorTM/install/payload_control:/opt/ros/humble CMAKE_PREFIX_PATH=/home/swati/Quad_DR/RotorTM/install/rotor_tm_msgs:/home/swati/Quad_DR/RotorTM/install/rotor_tm_plcontrol LD_LIBRARY_PATH=/home/swati/Quad_DR/RotorTM/install/rotor_tm_msgs/lib:/home/swati/Quad_DR/RotorTM/install/rotor_tm_plcontrol/lib:/usr/lib/x86_64-linux-gnu/gazebo-11/plugins:/opt/ros/humble/opt/rviz_ogre_vendor/lib:/opt/ros/humble/lib/x86_64-linux-gnu:/opt/ros/humble/lib:/usr/share/gazebo/../../lib/x86_64-linux-gnu/gazebo-11/plugins:/home/swati/acados/lib PS1=(mpcenv) \[\e]0;\u@\h: \w\a\]${debian_chroot:+($debian_chroot)}\[\033[01;32m\]\u@\h\[\033[00m\]:\[\033[01;34m\]\w\[\033[00m\]\$ PYTHONPATH=/home/swati/Quad_DR/RotorTM/build/rotor_tm_sim/prefix_override:/usr/lib/python3/dist-packages/colcon_core/task/python/colcon_distutils_commands:/home/swati/Quad_DR/RotorTM/install/rotor_tm_sim/lib/python3.10/site-packages:/home/swati/Quad_DR/RotorTM/install/rotor_tm_utils/lib/python3.10/site-packages:/home/swati/Quad_DR/RotorTM/install/rotor_tm_msgs/lib/python3.10/site-packages:/home/swati/Quad_DR/RotorTM/install/rotor_tm_config/lib/python3.10/site-packages:/home/swati/Quad_DR/RotorTM/install/rotor_tm_sim/lib/python3.10/site-packages:/home/swati/Quad_DR/RotorTM/install/rotor_tm_control/lib/python3.10/site-packages:/home/swati/Quad_DR/RotorTM/install/rotor_tm_traj/lib/python3.10/site-packages:/home/swati/Quad_DR/RotorTM/install/rotor_tm_keyboard2wrench/lib/python3.10/site-packages:/home/swati/Quad_DR/RotorTM/install/payload_control/lib/python3.10/site-packages:/opt/ros/humble/lib/python3.10/site-packages:/opt/ros/humble/local/lib/python3.10/dist-packages:/PythonAPI/carla/dist/carla-0.9.14-py3.10-linux-x86_64.egg /usr/bin/python3 -W ignore:setup.py install is deprecated setup.py egg_info --egg-base ../../build/rotor_tm_sim build --build-base /home/swati/Quad_DR/RotorTM/build/rotor_tm_sim/build install --record /home/swati/Quad_DR/RotorTM/build/rotor_tm_sim/install.log --single-version-externally-managed install_data
[0.904s] /home/swati/.local/lib/python3.10/site-packages/setuptools/_distutils/dist.py:261: UserWarning: Unknown distribution option: 'tests_require'
[0.904s]   warnings.warn(msg)
[0.984s] running egg_info
[0.994s] creating ../../build/rotor_tm_sim/rotor_tm_sim.egg-info
[0.994s] writing ../../build/rotor_tm_sim/rotor_tm_sim.egg-info/PKG-INFO
[0.994s] writing dependency_links to ../../build/rotor_tm_sim/rotor_tm_sim.egg-info/dependency_links.txt
[0.994s] writing entry points to ../../build/rotor_tm_sim/rotor_tm_sim.egg-info/entry_points.txt
[0.994s] writing requirements to ../../build/rotor_tm_sim/rotor_tm_sim.egg-info/requires.txt
[0.994s] writing top-level names to ../../build/rotor_tm_sim/rotor_tm_sim.egg-info/top_level.txt
[0.994s] writing manifest file '../../build/rotor_tm_sim/rotor_tm_sim.egg-info/SOURCES.txt'
[1.027s] reading manifest file '../../build/rotor_tm_sim/rotor_tm_sim.egg-info/SOURCES.txt'
[1.027s] adding license file 'LICENSE'
[1.028s] writing manifest file '../../build/rotor_tm_sim/rotor_tm_sim.egg-info/SOURCES.txt'
[1.028s] running build
[1.028s] running build_py
[1.028s] creating /home/swati/Quad_DR/RotorTM/build/rotor_tm_sim/build/lib/rotor_tm_sim
[1.029s] copying rotor_tm_sim/temp.py -> /home/swati/Quad_DR/RotorTM/build/rotor_tm_sim/build/lib/rotor_tm_sim
[1.029s] copying rotor_tm_sim/sim_utils.py -> /home/swati/Quad_DR/RotorTM/build/rotor_tm_sim/build/lib/rotor_tm_sim
[1.029s] copying rotor_tm_sim/plot_graphs.py -> /home/swati/Quad_DR/RotorTM/build/rotor_tm_sim/build/lib/rotor_tm_sim
[1.029s] copying rotor_tm_sim/simulation_base.py -> /home/swati/Quad_DR/RotorTM/build/rotor_tm_sim/build/lib/rotor_tm_sim
[1.029s] copying rotor_tm_sim/data_saver_node.py -> /home/swati/Quad_DR/RotorTM/build/rotor_tm_sim/build/lib/rotor_tm_sim
[1.029s] copying rotor_tm_sim/__init__.py -> /home/swati/Quad_DR/RotorTM/build/rotor_tm_sim/build/lib/rotor_tm_sim
[1.029s] copying rotor_tm_sim/runsim.py -> /home/swati/Quad_DR/RotorTM/build/rotor_tm_sim/build/lib/rotor_tm_sim
[1.029s] running install
[1.032s] running install_lib
[1.043s] creating /home/swati/Quad_DR/RotorTM/install/rotor_tm_sim/lib/python3.10/site-packages/rotor_tm_sim
[1.043s] copying /home/swati/Quad_DR/RotorTM/build/rotor_tm_sim/build/lib/rotor_tm_sim/temp.py -> /home/swati/Quad_DR/RotorTM/install/rotor_tm_sim/lib/python3.10/site-packages/rotor_tm_sim
[1.043s] copying /home/swati/Quad_DR/RotorTM/build/rotor_tm_sim/build/lib/rotor_tm_sim/sim_utils.py -> /home/swati/Quad_DR/RotorTM/install/rotor_tm_sim/lib/python3.10/site-packages/rotor_tm_sim
[1.043s] copying /home/swati/Quad_DR/RotorTM/build/rotor_tm_sim/build/lib/rotor_tm_sim/plot_graphs.py -> /home/swati/Quad_DR/RotorTM/install/rotor_tm_sim/lib/python3.10/site-packages/rotor_tm_sim
[1.043s] copying /home/swati/Quad_DR/RotorTM/build/rotor_tm_sim/build/lib/rotor_tm_sim/simulation_base.py -> /home/swati/Quad_DR/RotorTM/install/rotor_tm_sim/lib/python3.10/site-packages/rotor_tm_sim
[1.043s] copying /home/swati/Quad_DR/RotorTM/build/rotor_tm_sim/build/lib/rotor_tm_sim/data_saver_node.py -> /home/swati/Quad_DR/RotorTM/install/rotor_tm_sim/lib/python3.10/site-packages/rotor_tm_sim
[1.043s] copying /home/swati/Quad_DR/RotorTM/build/rotor_tm_sim/build/lib/rotor_tm_sim/__init__.py -> /home/swati/Quad_DR/RotorTM/install/rotor_tm_sim/lib/python3.10/site-packages/rotor_tm_sim
[1.043s] copying /home/swati/Quad_DR/RotorTM/build/rotor_tm_sim/build/lib/rotor_tm_sim/runsim.py -> /home/swati/Quad_DR/RotorTM/install/rotor_tm_sim/lib/python3.10/site-packages/rotor_tm_sim
[1.043s] byte-compiling /home/swati/Quad_DR/RotorTM/install/rotor_tm_sim/lib/python3.10/site-packages/rotor_tm_sim/temp.py to temp.cpython-310.pyc
[1.043s] byte-compiling /home/swati/Quad_DR/RotorTM/install/rotor_tm_sim/lib/python3.10/site-packages/rotor_tm_sim/sim_utils.py to sim_utils.cpython-310.pyc
[1.044s] byte-compiling /home/swati/Quad_DR/RotorTM/install/rotor_tm_sim/lib/python3.10/site-packages/rotor_tm_sim/plot_graphs.py to plot_graphs.cpython-310.pyc
[1.044s] byte-compiling /home/swati/Quad_DR/RotorTM/install/rotor_tm_sim/lib/python3.10/site-packages/rotor_tm_sim/simulation_base.py to simulation_base.cpython-310.pyc
[1.051s] byte-compiling /home/swati/Quad_DR/RotorTM/install/rotor_tm_sim/lib/python3.10/site-packages/rotor_tm_sim/data_saver_node.py to data_saver_node.cpython-310.pyc
[1.051s] byte-compiling /home/swati/Quad_DR/RotorTM/install/rotor_tm_sim/lib/python3.10/site-packages/rotor_tm_sim/__init__.py to __init__.cpython-310.pyc
[1.052s] byte-compiling /home/swati/Quad_DR/RotorTM/install/rotor_tm_sim/lib/python3.10/site-packages/rotor_tm_sim/runsim.py to runsim.cpython-310.pyc
[1.052s] running install_data
[1.052s] creating /home/swati/Quad_DR/RotorTM/install/rotor_tm_sim/share/ament_index/resource_index/packages
[1.052s] copying resource/rotor_tm_sim -> /home/swati/Quad_DR/RotorTM/install/rotor_tm_sim/share/ament_index/resource_index/packages
[1.052s] copying package.xml -> /home/swati/Quad_DR/RotorTM/install/rotor_tm_sim/share/rotor_tm_sim
[1.052s] creating /home/swati/Quad_DR/RotorTM/install/rotor_tm_sim/share/rotor_tm_sim/launch
[1.052s] copying launch/sim_launch.py -> /home/swati/Quad_DR/RotorTM/install/rotor_tm_sim/share/rotor_tm_sim/launch
[1.053s] copying launch/rotortm_single_controller_node.py -> /home/swati/Quad_DR/RotorTM/install/rotor_tm_sim/share/rotor_tm_sim/launch
[1.053s] copying launch/editable_launch.py -> /home/swati/Quad_DR/RotorTM/install/rotor_tm_sim/share/rotor_tm_sim/launch
[1.053s] copying launch/rviz.py -> /home/swati/Quad_DR/RotorTM/install/rotor_tm_sim/share/rotor_tm_sim/launch
[1.053s] copying launch/controller_launcher.py -> /home/swati/Quad_DR/RotorTM/install/rotor_tm_sim/share/rotor_tm_sim/launch
[1.053s] creating /home/swati/Quad_DR/RotorTM/install/rotor_tm_sim/share/rotor_tm_sim/mesh
[1.053s] copying mesh/triangular_payload.STL -> /home/swati/Quad_DR/RotorTM/install/rotor_tm_sim/share/rotor_tm_sim/mesh
[1.053s] copying mesh/triangular_payload_bin.STL -> /home/swati/Quad_DR/RotorTM/install/rotor_tm_sim/share/rotor_tm_sim/mesh
[1.053s] copying mesh/long_bar.STL -> /home/swati/Quad_DR/RotorTM/install/rotor_tm_sim/share/rotor_tm_sim/mesh
[1.054s] copying mesh/fedex_box_24x24x18in.STL -> /home/swati/Quad_DR/RotorTM/install/rotor_tm_sim/share/rotor_tm_sim/mesh
[1.054s] creating /home/swati/Quad_DR/RotorTM/install/rotor_tm_sim/share/rotor_tm_sim/mesh/uav
[1.054s] copying mesh/uav/race.stl -> /home/swati/Quad_DR/RotorTM/install/rotor_tm_sim/share/rotor_tm_sim/mesh/uav
[1.056s] copying mesh/uav/snapdragonflight.stl -> /home/swati/Quad_DR/RotorTM/install/rotor_tm_sim/share/rotor_tm_sim/mesh/uav
[1.070s] running install_egg_info
[1.082s] Copying ../../build/rotor_tm_sim/rotor_tm_sim.egg-info to /home/swati/Quad_DR/RotorTM/install/rotor_tm_sim/lib/python3.10/site-packages/rotor_tm_sim-0.0.0-py3.10.egg-info
[1.082s] running install_scripts
[1.167s] Installing data_saver_node script to /home/swati/Quad_DR/RotorTM/install/rotor_tm_sim/lib/rotor_tm_sim
[1.167s] Installing sim_node script to /home/swati/Quad_DR/RotorTM/install/rotor_tm_sim/lib/rotor_tm_sim
[1.168s] writing list of installed files to '/home/swati/Quad_DR/RotorTM/build/rotor_tm_sim/install.log'
[1.189s] Invoked command in '/home/swati/Quad_DR/RotorTM/src/rotor_tm_sim' returned '0': AMENT_PREFIX_PATH=/home/swati/Quad_DR/RotorTM/install/rotor_tm_utils:/home/swati/Quad_DR/RotorTM/install/rotor_tm_config:/home/swati/Quad_DR/RotorTM/install/rotor_tm_sim:/home/swati/Quad_DR/RotorTM/install/rotor_tm_control:/home/swati/Quad_DR/RotorTM/install/rotor_tm_traj:/home/swati/Quad_DR/RotorTM/install/rotor_tm_plcontrol:/home/swati/Quad_DR/RotorTM/install/rotor_tm_msgs:/home/swati/Quad_DR/RotorTM/install/rotor_tm_keyboard2wrench:/home/swati/Quad_DR/RotorTM/install/payload_control:/opt/ros/humble CMAKE_PREFIX_PATH=/home/swati/Quad_DR/RotorTM/install/rotor_tm_msgs:/home/swati/Quad_DR/RotorTM/install/rotor_tm_plcontrol LD_LIBRARY_PATH=/home/swati/Quad_DR/RotorTM/install/rotor_tm_msgs/lib:/home/swati/Quad_DR/RotorTM/install/rotor_tm_plcontrol/lib:/usr/lib/x86_64-linux-gnu/gazebo-11/plugins:/opt/ros/humble/opt/rviz_ogre_vendor/lib:/opt/ros/humble/lib/x86_64-linux-gnu:/opt/ros/humble/lib:/usr/share/gazebo/../../lib/x86_64-linux-gnu/gazebo-11/plugins:/home/swati/acados/lib PS1=(mpcenv) \[\e]0;\u@\h: \w\a\]${debian_chroot:+($debian_chroot)}\[\033[01;32m\]\u@\h\[\033[00m\]:\[\033[01;34m\]\w\[\033[00m\]\$ PYTHONPATH=/home/swati/Quad_DR/RotorTM/build/rotor_tm_sim/prefix_override:/usr/lib/python3/dist-packages/colcon_core/task/python/colcon_distutils_commands:/home/swati/Quad_DR/RotorTM/install/rotor_tm_sim/lib/python3.10/site-packages:/home/swati/Quad_DR/RotorTM/install/rotor_tm_utils/lib/python3.10/site-packages:/home/swati/Quad_DR/RotorTM/install/rotor_tm_msgs/lib/python3.10/site-packages:/home/swati/Quad_DR/RotorTM/install/rotor_tm_config/lib/python3.10/site-packages:/home/swati/Quad_DR/RotorTM/install/rotor_tm_sim/lib/python3.10/site-packages:/home/swati/Quad_DR/RotorTM/install/rotor_tm_control/lib/python3.10/site-packages:/home/swati/Quad_DR/RotorTM/install/rotor_tm_traj/lib/python3.10/site-packages:/home/swati/Quad_DR/RotorTM/install/rotor_tm_keyboard2wrench/lib/python3.10/site-packages:/home/swati/Quad_DR/RotorTM/install/payload_control/lib/python3.10/site-packages:/opt/ros/humble/lib/python3.10/site-packages:/opt/ros/humble/local/lib/python3.10/dist-packages:/PythonAPI/carla/dist/carla-0.9.14-py3.10-linux-x86_64.egg /usr/bin/python3 -W ignore:setup.py install is deprecated setup.py egg_info --egg-base ../../build/rotor_tm_sim build --build-base /home/swati/Quad_DR/RotorTM/build/rotor_tm_sim/build install --record /home/swati/Quad_DR/RotorTM/build/rotor_tm_sim/install.log --single-version-externally-managed install_data
