running egg_info
writing ../../build/rotor_tm_sim/rotor_tm_sim.egg-info/PKG-INFO
writing dependency_links to ../../build/rotor_tm_sim/rotor_tm_sim.egg-info/dependency_links.txt
writing entry points to ../../build/rotor_tm_sim/rotor_tm_sim.egg-info/entry_points.txt
writing requirements to ../../build/rotor_tm_sim/rotor_tm_sim.egg-info/requires.txt
writing top-level names to ../../build/rotor_tm_sim/rotor_tm_sim.egg-info/top_level.txt
reading manifest file '../../build/rotor_tm_sim/rotor_tm_sim.egg-info/SOURCES.txt'
adding license file 'LICENSE'
writing manifest file '../../build/rotor_tm_sim/rotor_tm_sim.egg-info/SOURCES.txt'
running build
running build_py
running install
running install_lib
running install_data
copying launch/editable_launch.py -> /home/dhruv/RotorTM/install/rotor_tm_sim/share/rotor_tm_sim/launch
running install_egg_info
removing '/home/dhruv/RotorTM/install/rotor_tm_sim/lib/python3.10/site-packages/rotor_tm_sim-0.0.0-py3.10.egg-info' (and everything under it)
Copying ../../build/rotor_tm_sim/rotor_tm_sim.egg-info to /home/dhruv/RotorTM/install/rotor_tm_sim/lib/python3.10/site-packages/rotor_tm_sim-0.0.0-py3.10.egg-info
running install_scripts
Installing sim_node script to /home/dhruv/RotorTM/install/rotor_tm_sim/lib/rotor_tm_sim
writing list of installed files to '/home/dhruv/RotorTM/build/rotor_tm_sim/install.log'
