[0.669s] Invoking command in '/home/dhruv/RotorTM/src/rotor_tm_sim': AMENT_PREFIX_PATH=/home/dhruv/RotorTM/install/rotor_tm_utils:/home/dhruv/RotorTM/install/rotor_tm_msgs:/home/dhruv/RotorTM/install/rotor_tm_config:${AMENT_PREFIX_PATH} CMAKE_PREFIX_PATH=/home/dhruv/RotorTM/install/rotor_tm_msgs:${CMAKE_PREFIX_PATH} CONDA_PROMPT_MODIFIER=(base) LD_LIBRARY_PATH=/home/dhruv/RotorTM/install/rotor_tm_msgs/lib:/home/dhruv/rbe500-ros/install/open_manipulator_x_libs/lib:/home/dhruv/rbe500-ros/install/robotis_manipulator/lib:/home/dhruv/rbe500-ros/install/open_manipulator_msgs/lib:/home/dhruv/rbe500-ros/install/dynamixel_workbench_toolbox/lib:/home/dhruv/rbe500-ros/install/dynamixel_sdk_custom_interfaces/lib:/home/dhruv/rbe500-ros/install/dynamixel_sdk/lib:/home/dhruv/rbe500-ros/install/custom_interfaces/lib:/opt/ros/humble/opt/rviz_ogre_vendor/lib:/opt/ros/humble/lib/x86_64-linux-gnu:/opt/ros/humble/lib:/home/dhruv/acados/lib:/home/dhruv/acados/lib:/home/dhruv/acados/lib PYTHONPATH=/home/dhruv/RotorTM/build/rotor_tm_sim/prefix_override:/usr/lib/python3/dist-packages/colcon_core/task/python/colcon_distutils_commands:/home/dhruv/RotorTM/install/rotor_tm_sim/lib/python3.10/site-packages:/home/dhruv/RotorTM/install/rotor_tm_utils/lib/python3.10/site-packages:/home/dhruv/RotorTM/install/rotor_tm_msgs/local/lib/python3.10/dist-packages:/home/dhruv/RotorTM/install/rotor_tm_config/lib/python3.10/site-packages:${PYTHONPATH} /usr/bin/python3 -W ignore:setup.py install is deprecated -W ignore:easy_install command is deprecated setup.py egg_info --egg-base ../../build/rotor_tm_sim build --build-base /home/dhruv/RotorTM/build/rotor_tm_sim/build install --record /home/dhruv/RotorTM/build/rotor_tm_sim/install.log --single-version-externally-managed install_data
[0.838s] running egg_info
[0.838s] writing ../../build/rotor_tm_sim/rotor_tm_sim.egg-info/PKG-INFO
[0.838s] writing dependency_links to ../../build/rotor_tm_sim/rotor_tm_sim.egg-info/dependency_links.txt
[0.839s] writing entry points to ../../build/rotor_tm_sim/rotor_tm_sim.egg-info/entry_points.txt
[0.839s] writing requirements to ../../build/rotor_tm_sim/rotor_tm_sim.egg-info/requires.txt
[0.839s] writing top-level names to ../../build/rotor_tm_sim/rotor_tm_sim.egg-info/top_level.txt
[0.840s] reading manifest file '../../build/rotor_tm_sim/rotor_tm_sim.egg-info/SOURCES.txt'
[0.840s] adding license file 'LICENSE'
[0.841s] writing manifest file '../../build/rotor_tm_sim/rotor_tm_sim.egg-info/SOURCES.txt'
[0.841s] running build
[0.841s] running build_py
[0.841s] running install
[0.841s] running install_lib
[0.842s] running install_data
[0.842s] copying launch/editable_launch.py -> /home/dhruv/RotorTM/install/rotor_tm_sim/share/rotor_tm_sim/launch
[0.843s] running install_egg_info
[0.844s] removing '/home/dhruv/RotorTM/install/rotor_tm_sim/lib/python3.10/site-packages/rotor_tm_sim-0.0.0-py3.10.egg-info' (and everything under it)
[0.844s] Copying ../../build/rotor_tm_sim/rotor_tm_sim.egg-info to /home/dhruv/RotorTM/install/rotor_tm_sim/lib/python3.10/site-packages/rotor_tm_sim-0.0.0-py3.10.egg-info
[0.845s] running install_scripts
[0.861s] Installing sim_node script to /home/dhruv/RotorTM/install/rotor_tm_sim/lib/rotor_tm_sim
[0.862s] writing list of installed files to '/home/dhruv/RotorTM/build/rotor_tm_sim/install.log'
[0.879s] Invoked command in '/home/dhruv/RotorTM/src/rotor_tm_sim' returned '0': AMENT_PREFIX_PATH=/home/dhruv/RotorTM/install/rotor_tm_utils:/home/dhruv/RotorTM/install/rotor_tm_msgs:/home/dhruv/RotorTM/install/rotor_tm_config:${AMENT_PREFIX_PATH} CMAKE_PREFIX_PATH=/home/dhruv/RotorTM/install/rotor_tm_msgs:${CMAKE_PREFIX_PATH} CONDA_PROMPT_MODIFIER=(base) LD_LIBRARY_PATH=/home/dhruv/RotorTM/install/rotor_tm_msgs/lib:/home/dhruv/rbe500-ros/install/open_manipulator_x_libs/lib:/home/dhruv/rbe500-ros/install/robotis_manipulator/lib:/home/dhruv/rbe500-ros/install/open_manipulator_msgs/lib:/home/dhruv/rbe500-ros/install/dynamixel_workbench_toolbox/lib:/home/dhruv/rbe500-ros/install/dynamixel_sdk_custom_interfaces/lib:/home/dhruv/rbe500-ros/install/dynamixel_sdk/lib:/home/dhruv/rbe500-ros/install/custom_interfaces/lib:/opt/ros/humble/opt/rviz_ogre_vendor/lib:/opt/ros/humble/lib/x86_64-linux-gnu:/opt/ros/humble/lib:/home/dhruv/acados/lib:/home/dhruv/acados/lib:/home/dhruv/acados/lib PYTHONPATH=/home/dhruv/RotorTM/build/rotor_tm_sim/prefix_override:/usr/lib/python3/dist-packages/colcon_core/task/python/colcon_distutils_commands:/home/dhruv/RotorTM/install/rotor_tm_sim/lib/python3.10/site-packages:/home/dhruv/RotorTM/install/rotor_tm_utils/lib/python3.10/site-packages:/home/dhruv/RotorTM/install/rotor_tm_msgs/local/lib/python3.10/dist-packages:/home/dhruv/RotorTM/install/rotor_tm_config/lib/python3.10/site-packages:${PYTHONPATH} /usr/bin/python3 -W ignore:setup.py install is deprecated -W ignore:easy_install command is deprecated setup.py egg_info --egg-base ../../build/rotor_tm_sim build --build-base /home/dhruv/RotorTM/build/rotor_tm_sim/build install --record /home/dhruv/RotorTM/build/rotor_tm_sim/install.log --single-version-externally-managed install_data
