running develop
running egg_info
creating payload_control.egg-info
writing payload_control.egg-info/PKG-INFO
writing dependency_links to payload_control.egg-info/dependency_links.txt
writing entry points to payload_control.egg-info/entry_points.txt
writing requirements to payload_control.egg-info/requires.txt
writing top-level names to payload_control.egg-info/top_level.txt
writing manifest file 'payload_control.egg-info/SOURCES.txt'
reading manifest file 'payload_control.egg-info/SOURCES.txt'
writing manifest file 'payload_control.egg-info/SOURCES.txt'
running build_ext
Creating /home/dhruv/RotorTM/install/payload_control/lib/python3.10/site-packages/payload-control.egg-link (link to .)
Installing ros_pynmpc_node script to /home/dhruv/RotorTM/install/payload_control/lib/payload_control

Installed /home/dhruv/RotorTM/build/payload_control
running symlink_data
creating /home/dhruv/RotorTM/install/payload_control/share/ament_index
creating /home/dhruv/RotorTM/install/payload_control/share/ament_index/resource_index
creating /home/dhruv/RotorTM/install/payload_control/share/ament_index/resource_index/packages
symbolically linking /home/dhruv/RotorTM/build/payload_control/resource/payload_control -> /home/dhruv/RotorTM/install/payload_control/share/ament_index/resource_index/packages
symbolically linking /home/dhruv/RotorTM/build/payload_control/package.xml -> /home/dhruv/RotorTM/install/payload_control/share/payload_control
