[0.607s] Invoking command in '/home/dhruv/RotorTM/src/rotor_tm_control': AMENT_PREFIX_PATH=/home/dhruv/RotorTM/install/rotor_tm_utils:/home/dhruv/RotorTM/install/rotor_tm_msgs:${AMENT_PREFIX_PATH} CMAKE_PREFIX_PATH=/home/dhruv/RotorTM/install/rotor_tm_msgs:${CMAKE_PREFIX_PATH} LD_LIBRARY_PATH=/home/dhruv/RotorTM/install/rotor_tm_msgs/lib:/home/dhruv/rbe500-ros/install/open_manipulator_x_libs/lib:/home/dhruv/rbe500-ros/install/robotis_manipulator/lib:/home/dhruv/rbe500-ros/install/open_manipulator_msgs/lib:/home/dhruv/rbe500-ros/install/dynamixel_workbench_toolbox/lib:/home/dhruv/rbe500-ros/install/dynamixel_sdk_custom_interfaces/lib:/home/dhruv/rbe500-ros/install/dynamixel_sdk/lib:/home/dhruv/rbe500-ros/install/custom_interfaces/lib:/opt/ros/humble/opt/rviz_ogre_vendor/lib:/opt/ros/humble/lib/x86_64-linux-gnu:/opt/ros/humble/lib:/home/dhruv/acados/lib PYTHONPATH=/home/dhruv/RotorTM/build/rotor_tm_control/prefix_override:/usr/lib/python3/dist-packages/colcon_core/task/python/colcon_distutils_commands:/home/dhruv/RotorTM/install/rotor_tm_control/lib/python3.10/site-packages:/home/dhruv/RotorTM/install/rotor_tm_utils/lib/python3.10/site-packages:/home/dhruv/RotorTM/install/rotor_tm_msgs/local/lib/python3.10/dist-packages:${PYTHONPATH} /usr/bin/python3 -W ignore:setup.py install is deprecated -W ignore:easy_install command is deprecated setup.py egg_info --egg-base ../../build/rotor_tm_control build --build-base /home/dhruv/RotorTM/build/rotor_tm_control/build install --record /home/dhruv/RotorTM/build/rotor_tm_control/install.log --single-version-externally-managed install_data
[0.760s] running egg_info
[0.760s] writing ../../build/rotor_tm_control/rotor_tm_control.egg-info/PKG-INFO
[0.760s] writing dependency_links to ../../build/rotor_tm_control/rotor_tm_control.egg-info/dependency_links.txt
[0.760s] writing entry points to ../../build/rotor_tm_control/rotor_tm_control.egg-info/entry_points.txt
[0.760s] writing requirements to ../../build/rotor_tm_control/rotor_tm_control.egg-info/requires.txt
[0.760s] writing top-level names to ../../build/rotor_tm_control/rotor_tm_control.egg-info/top_level.txt
[0.761s] reading manifest file '../../build/rotor_tm_control/rotor_tm_control.egg-info/SOURCES.txt'
[0.761s] adding license file 'LICENSE'
[0.762s] writing manifest file '../../build/rotor_tm_control/rotor_tm_control.egg-info/SOURCES.txt'
[0.762s] running build
[0.762s] running build_py
[0.762s] running install
[0.762s] running install_lib
[0.763s] running install_data
[0.763s] running install_egg_info
[0.764s] removing '/home/dhruv/RotorTM/install/rotor_tm_control/lib/python3.10/site-packages/rotor_tm_control-0.0.0-py3.10.egg-info' (and everything under it)
[0.764s] Copying ../../build/rotor_tm_control/rotor_tm_control.egg-info to /home/dhruv/RotorTM/install/rotor_tm_control/lib/python3.10/site-packages/rotor_tm_control-0.0.0-py3.10.egg-info
[0.765s] running install_scripts
[0.778s] Installing controller_node script to /home/dhruv/RotorTM/install/rotor_tm_control/lib/rotor_tm_control
[0.778s] writing list of installed files to '/home/dhruv/RotorTM/build/rotor_tm_control/install.log'
[0.792s] Invoked command in '/home/dhruv/RotorTM/src/rotor_tm_control' returned '0': AMENT_PREFIX_PATH=/home/dhruv/RotorTM/install/rotor_tm_utils:/home/dhruv/RotorTM/install/rotor_tm_msgs:${AMENT_PREFIX_PATH} CMAKE_PREFIX_PATH=/home/dhruv/RotorTM/install/rotor_tm_msgs:${CMAKE_PREFIX_PATH} LD_LIBRARY_PATH=/home/dhruv/RotorTM/install/rotor_tm_msgs/lib:/home/dhruv/rbe500-ros/install/open_manipulator_x_libs/lib:/home/dhruv/rbe500-ros/install/robotis_manipulator/lib:/home/dhruv/rbe500-ros/install/open_manipulator_msgs/lib:/home/dhruv/rbe500-ros/install/dynamixel_workbench_toolbox/lib:/home/dhruv/rbe500-ros/install/dynamixel_sdk_custom_interfaces/lib:/home/dhruv/rbe500-ros/install/dynamixel_sdk/lib:/home/dhruv/rbe500-ros/install/custom_interfaces/lib:/opt/ros/humble/opt/rviz_ogre_vendor/lib:/opt/ros/humble/lib/x86_64-linux-gnu:/opt/ros/humble/lib:/home/dhruv/acados/lib PYTHONPATH=/home/dhruv/RotorTM/build/rotor_tm_control/prefix_override:/usr/lib/python3/dist-packages/colcon_core/task/python/colcon_distutils_commands:/home/dhruv/RotorTM/install/rotor_tm_control/lib/python3.10/site-packages:/home/dhruv/RotorTM/install/rotor_tm_utils/lib/python3.10/site-packages:/home/dhruv/RotorTM/install/rotor_tm_msgs/local/lib/python3.10/dist-packages:${PYTHONPATH} /usr/bin/python3 -W ignore:setup.py install is deprecated -W ignore:easy_install command is deprecated setup.py egg_info --egg-base ../../build/rotor_tm_control build --build-base /home/dhruv/RotorTM/build/rotor_tm_control/build install --record /home/dhruv/RotorTM/build/rotor_tm_control/install.log --single-version-externally-managed install_data
