[1.836s] Invoking command in '/home/swati/Quad_DR/RotorTM/src/rotor_tm_traj': PYTHONPATH=/home/swati/Quad_DR/RotorTM/build/rotor_tm_traj/prefix_override:/usr/lib/python3/dist-packages/colcon_core/task/python/colcon_distutils_commands:/home/swati/Quad_DR/RotorTM/install/rotor_tm_traj/lib/python3.10/site-packages:${PYTHONPATH} /usr/bin/python3 -W ignore:setup.py install is deprecated setup.py egg_info --egg-base ../../build/rotor_tm_traj build --build-base /home/swati/Quad_DR/RotorTM/build/rotor_tm_traj/build install --record /home/swati/Quad_DR/RotorTM/build/rotor_tm_traj/install.log --single-version-externally-managed install_data
[1.960s] /home/swati/.local/lib/python3.10/site-packages/setuptools/_distutils/dist.py:261: UserWarning: Unknown distribution option: 'tests_require'
[1.960s]   warnings.warn(msg)
[2.053s] running egg_info
[2.064s] writing ../../build/rotor_tm_traj/rotor_tm_traj.egg-info/PKG-INFO
[2.064s] writing dependency_links to ../../build/rotor_tm_traj/rotor_tm_traj.egg-info/dependency_links.txt
[2.064s] writing entry points to ../../build/rotor_tm_traj/rotor_tm_traj.egg-info/entry_points.txt
[2.065s] writing requirements to ../../build/rotor_tm_traj/rotor_tm_traj.egg-info/requires.txt
[2.065s] writing top-level names to ../../build/rotor_tm_traj/rotor_tm_traj.egg-info/top_level.txt
[2.099s] reading manifest file '../../build/rotor_tm_traj/rotor_tm_traj.egg-info/SOURCES.txt'
[2.100s] adding license file 'LICENSE'
[2.100s] writing manifest file '../../build/rotor_tm_traj/rotor_tm_traj.egg-info/SOURCES.txt'
[2.101s] running build
[2.101s] running build_py
[2.101s] copying rotor_tm_traj/traj.py -> /home/swati/Quad_DR/RotorTM/build/rotor_tm_traj/build/lib/rotor_tm_traj
[2.101s] copying rotor_tm_traj/traj_node.py -> /home/swati/Quad_DR/RotorTM/build/rotor_tm_traj/build/lib/rotor_tm_traj
[2.102s] copying rotor_tm_traj/Optimization/entire_path/__init__.py -> /home/swati/Quad_DR/RotorTM/build/rotor_tm_traj/build/lib/rotor_tm_traj/Optimization/entire_path
[2.103s] running install
[2.106s] running install_lib
[2.120s] running install_data
[2.121s] copying resource/rotor_tm_traj -> /home/swati/Quad_DR/RotorTM/install/rotor_tm_traj/share/ament_index/resource_index/packages
[2.121s] copying package.xml -> /home/swati/Quad_DR/RotorTM/install/rotor_tm_traj/share/rotor_tm_traj
[2.121s] running install_egg_info
[2.133s] removing '/home/swati/Quad_DR/RotorTM/install/rotor_tm_traj/lib/python3.10/site-packages/rotor_tm_traj-0.0.0-py3.10.egg-info' (and everything under it)
[2.134s] Copying ../../build/rotor_tm_traj/rotor_tm_traj.egg-info to /home/swati/Quad_DR/RotorTM/install/rotor_tm_traj/lib/python3.10/site-packages/rotor_tm_traj-0.0.0-py3.10.egg-info
[2.134s] running install_scripts
[2.236s] Installing traj_node script to /home/swati/Quad_DR/RotorTM/install/rotor_tm_traj/lib/rotor_tm_traj
[2.236s] writing list of installed files to '/home/swati/Quad_DR/RotorTM/build/rotor_tm_traj/install.log'
[2.275s] Invoked command in '/home/swati/Quad_DR/RotorTM/src/rotor_tm_traj' returned '0': PYTHONPATH=/home/swati/Quad_DR/RotorTM/build/rotor_tm_traj/prefix_override:/usr/lib/python3/dist-packages/colcon_core/task/python/colcon_distutils_commands:/home/swati/Quad_DR/RotorTM/install/rotor_tm_traj/lib/python3.10/site-packages:${PYTHONPATH} /usr/bin/python3 -W ignore:setup.py install is deprecated setup.py egg_info --egg-base ../../build/rotor_tm_traj build --build-base /home/swati/Quad_DR/RotorTM/build/rotor_tm_traj/build install --record /home/swati/Quad_DR/RotorTM/build/rotor_tm_traj/install.log --single-version-externally-managed install_data
