[0.070s] DEBUG:colcon:Command line arguments: ['/usr/bin/colcon', 'build', '--packages-select', 'rotor_tm_plcontrol']
[0.070s] DEBUG:colcon:Parsed command line arguments: Namespace(log_base=None, log_level=None, verb_name='build', build_base='build', install_base='install', merge_install=False, symlink_install=False, test_result_base=None, continue_on_error=False, executor='parallel', parallel_workers=32, event_handlers=None, ignore_user_meta=False, metas=['./colcon.meta'], base_paths=['.'], packages_ignore=None, packages_ignore_regex=None, paths=None, packages_up_to=None, packages_up_to_regex=None, packages_above=None, packages_above_and_dependencies=None, packages_above_depth=None, packages_select_by_dep=None, packages_skip_by_dep=None, packages_skip_up_to=None, packages_select_build_failed=False, packages_skip_build_finished=False, packages_select_test_failures=False, packages_skip_test_passed=False, packages_select=['rotor_tm_plcontrol'], packages_skip=None, packages_select_regex=None, packages_skip_regex=None, packages_start=None, packages_end=None, allow_overriding=[], cmake_args=None, cmake_target=None, cmake_target_skip_unavailable=False, cmake_clean_cache=False, cmake_clean_first=False, cmake_force_configure=False, ament_cmake_args=None, catkin_cmake_args=None, catkin_skip_building_tests=False, mixin_files=None, mixin=None, verb_parser=<colcon_mixin.mixin.mixin_argument.MixinArgumentDecorator object at 0x7c8eb2b58b50>, verb_extension=<colcon_core.verb.build.BuildVerb object at 0x7c8eb2b58280>, main=<bound method BuildVerb.main of <colcon_core.verb.build.BuildVerb object at 0x7c8eb2b58280>>, mixin_verb=('build',))
[0.176s] Level 1:colcon.colcon_core.package_discovery:discover_packages(colcon_meta) check parameters
[0.176s] Level 1:colcon.colcon_core.package_discovery:discover_packages(recursive) check parameters
[0.176s] Level 1:colcon.colcon_core.package_discovery:discover_packages(ignore) check parameters
[0.176s] Level 1:colcon.colcon_core.package_discovery:discover_packages(path) check parameters
[0.176s] Level 1:colcon.colcon_core.package_discovery:discover_packages(colcon_meta) discover
[0.176s] Level 1:colcon.colcon_core.package_discovery:discover_packages(recursive) discover
[0.176s] INFO:colcon.colcon_core.package_discovery:Crawling recursively for packages in '/home/dhruv/RotorTM'
[0.176s] Level 1:colcon.colcon_core.package_identification:_identify(.) by extensions ['ignore', 'ignore_ament_install']
[0.176s] Level 1:colcon.colcon_core.package_identification:_identify(.) by extension 'ignore'
[0.176s] Level 1:colcon.colcon_core.package_identification:_identify(.) by extension 'ignore_ament_install'
[0.176s] Level 1:colcon.colcon_core.package_identification:_identify(.) by extensions ['colcon_pkg']
[0.177s] Level 1:colcon.colcon_core.package_identification:_identify(.) by extension 'colcon_pkg'
[0.177s] Level 1:colcon.colcon_core.package_identification:_identify(.) by extensions ['colcon_meta']
[0.177s] Level 1:colcon.colcon_core.package_identification:_identify(.) by extension 'colcon_meta'
[0.177s] Level 1:colcon.colcon_core.package_identification:_identify(.) by extensions ['ros']
[0.177s] Level 1:colcon.colcon_core.package_identification:_identify(.) by extension 'ros'
[0.184s] Level 1:colcon.colcon_core.package_identification:_identify(.) by extensions ['cmake', 'python']
[0.184s] Level 1:colcon.colcon_core.package_identification:_identify(.) by extension 'cmake'
[0.184s] Level 1:colcon.colcon_core.package_identification:_identify(.) by extension 'python'
[0.184s] Level 1:colcon.colcon_core.package_identification:_identify(.) by extensions ['python_setup_py']
[0.184s] Level 1:colcon.colcon_core.package_identification:_identify(.) by extension 'python_setup_py'
[0.184s] Level 1:colcon.colcon_core.package_identification:_identify(build) by extensions ['ignore', 'ignore_ament_install']
[0.184s] Level 1:colcon.colcon_core.package_identification:_identify(build) by extension 'ignore'
[0.184s] Level 1:colcon.colcon_core.package_identification:_identify(build) ignored
[0.184s] Level 1:colcon.colcon_core.package_identification:_identify(install) by extensions ['ignore', 'ignore_ament_install']
[0.184s] Level 1:colcon.colcon_core.package_identification:_identify(install) by extension 'ignore'
[0.184s] Level 1:colcon.colcon_core.package_identification:_identify(install) ignored
[0.184s] Level 1:colcon.colcon_core.package_identification:_identify(log) by extensions ['ignore', 'ignore_ament_install']
[0.184s] Level 1:colcon.colcon_core.package_identification:_identify(log) by extension 'ignore'
[0.184s] Level 1:colcon.colcon_core.package_identification:_identify(log) ignored
[0.184s] Level 1:colcon.colcon_core.package_identification:_identify(src) by extensions ['ignore', 'ignore_ament_install']
[0.184s] Level 1:colcon.colcon_core.package_identification:_identify(src) by extension 'ignore'
[0.184s] Level 1:colcon.colcon_core.package_identification:_identify(src) by extension 'ignore_ament_install'
[0.184s] Level 1:colcon.colcon_core.package_identification:_identify(src) by extensions ['colcon_pkg']
[0.184s] Level 1:colcon.colcon_core.package_identification:_identify(src) by extension 'colcon_pkg'
[0.184s] Level 1:colcon.colcon_core.package_identification:_identify(src) by extensions ['colcon_meta']
[0.184s] Level 1:colcon.colcon_core.package_identification:_identify(src) by extension 'colcon_meta'
[0.184s] Level 1:colcon.colcon_core.package_identification:_identify(src) by extensions ['ros']
[0.184s] Level 1:colcon.colcon_core.package_identification:_identify(src) by extension 'ros'
[0.184s] Level 1:colcon.colcon_core.package_identification:_identify(src) by extensions ['cmake', 'python']
[0.184s] Level 1:colcon.colcon_core.package_identification:_identify(src) by extension 'cmake'
[0.184s] Level 1:colcon.colcon_core.package_identification:_identify(src) by extension 'python'
[0.184s] Level 1:colcon.colcon_core.package_identification:_identify(src) by extensions ['python_setup_py']
[0.184s] Level 1:colcon.colcon_core.package_identification:_identify(src) by extension 'python_setup_py'
[0.184s] Level 1:colcon.colcon_core.package_identification:_identify(src/doc) by extensions ['ignore', 'ignore_ament_install']
[0.185s] Level 1:colcon.colcon_core.package_identification:_identify(src/doc) by extension 'ignore'
[0.185s] Level 1:colcon.colcon_core.package_identification:_identify(src/doc) by extension 'ignore_ament_install'
[0.185s] Level 1:colcon.colcon_core.package_identification:_identify(src/doc) by extensions ['colcon_pkg']
[0.185s] Level 1:colcon.colcon_core.package_identification:_identify(src/doc) by extension 'colcon_pkg'
[0.185s] Level 1:colcon.colcon_core.package_identification:_identify(src/doc) by extensions ['colcon_meta']
[0.185s] Level 1:colcon.colcon_core.package_identification:_identify(src/doc) by extension 'colcon_meta'
[0.185s] Level 1:colcon.colcon_core.package_identification:_identify(src/doc) by extensions ['ros']
[0.185s] Level 1:colcon.colcon_core.package_identification:_identify(src/doc) by extension 'ros'
[0.185s] Level 1:colcon.colcon_core.package_identification:_identify(src/doc) by extensions ['cmake', 'python']
[0.185s] Level 1:colcon.colcon_core.package_identification:_identify(src/doc) by extension 'cmake'
[0.185s] Level 1:colcon.colcon_core.package_identification:_identify(src/doc) by extension 'python'
[0.185s] Level 1:colcon.colcon_core.package_identification:_identify(src/doc) by extensions ['python_setup_py']
[0.185s] Level 1:colcon.colcon_core.package_identification:_identify(src/doc) by extension 'python_setup_py'
[0.185s] Level 1:colcon.colcon_core.package_identification:_identify(src/payload_control) by extensions ['ignore', 'ignore_ament_install']
[0.185s] Level 1:colcon.colcon_core.package_identification:_identify(src/payload_control) by extension 'ignore'
[0.185s] Level 1:colcon.colcon_core.package_identification:_identify(src/payload_control) by extension 'ignore_ament_install'
[0.185s] Level 1:colcon.colcon_core.package_identification:_identify(src/payload_control) by extensions ['colcon_pkg']
[0.185s] Level 1:colcon.colcon_core.package_identification:_identify(src/payload_control) by extension 'colcon_pkg'
[0.185s] Level 1:colcon.colcon_core.package_identification:_identify(src/payload_control) by extensions ['colcon_meta']
[0.185s] Level 1:colcon.colcon_core.package_identification:_identify(src/payload_control) by extension 'colcon_meta'
[0.185s] Level 1:colcon.colcon_core.package_identification:_identify(src/payload_control) by extensions ['ros']
[0.185s] Level 1:colcon.colcon_core.package_identification:_identify(src/payload_control) by extension 'ros'
[0.187s] DEBUG:colcon.colcon_core.package_identification:Package 'src/payload_control' with type 'ros.ament_python' and name 'payload_control'
[0.187s] Level 1:colcon.colcon_core.package_identification:_identify(src/rotor_tm_config) by extensions ['ignore', 'ignore_ament_install']
[0.187s] Level 1:colcon.colcon_core.package_identification:_identify(src/rotor_tm_config) by extension 'ignore'
[0.187s] Level 1:colcon.colcon_core.package_identification:_identify(src/rotor_tm_config) by extension 'ignore_ament_install'
[0.187s] Level 1:colcon.colcon_core.package_identification:_identify(src/rotor_tm_config) by extensions ['colcon_pkg']
[0.187s] Level 1:colcon.colcon_core.package_identification:_identify(src/rotor_tm_config) by extension 'colcon_pkg'
[0.187s] Level 1:colcon.colcon_core.package_identification:_identify(src/rotor_tm_config) by extensions ['colcon_meta']
[0.187s] Level 1:colcon.colcon_core.package_identification:_identify(src/rotor_tm_config) by extension 'colcon_meta'
[0.187s] Level 1:colcon.colcon_core.package_identification:_identify(src/rotor_tm_config) by extensions ['ros']
[0.187s] Level 1:colcon.colcon_core.package_identification:_identify(src/rotor_tm_config) by extension 'ros'
[0.187s] DEBUG:colcon.colcon_core.package_identification:Package 'src/rotor_tm_config' with type 'ros.ament_python' and name 'rotor_tm_config'
[0.187s] Level 1:colcon.colcon_core.package_identification:_identify(src/rotor_tm_control) by extensions ['ignore', 'ignore_ament_install']
[0.187s] Level 1:colcon.colcon_core.package_identification:_identify(src/rotor_tm_control) by extension 'ignore'
[0.187s] Level 1:colcon.colcon_core.package_identification:_identify(src/rotor_tm_control) by extension 'ignore_ament_install'
[0.187s] Level 1:colcon.colcon_core.package_identification:_identify(src/rotor_tm_control) by extensions ['colcon_pkg']
[0.187s] Level 1:colcon.colcon_core.package_identification:_identify(src/rotor_tm_control) by extension 'colcon_pkg'
[0.187s] Level 1:colcon.colcon_core.package_identification:_identify(src/rotor_tm_control) by extensions ['colcon_meta']
[0.187s] Level 1:colcon.colcon_core.package_identification:_identify(src/rotor_tm_control) by extension 'colcon_meta'
[0.187s] Level 1:colcon.colcon_core.package_identification:_identify(src/rotor_tm_control) by extensions ['ros']
[0.187s] Level 1:colcon.colcon_core.package_identification:_identify(src/rotor_tm_control) by extension 'ros'
[0.188s] DEBUG:colcon.colcon_core.package_identification:Package 'src/rotor_tm_control' with type 'ros.ament_python' and name 'rotor_tm_control'
[0.188s] Level 1:colcon.colcon_core.package_identification:_identify(src/rotor_tm_keyboard2wrench) by extensions ['ignore', 'ignore_ament_install']
[0.188s] Level 1:colcon.colcon_core.package_identification:_identify(src/rotor_tm_keyboard2wrench) by extension 'ignore'
[0.188s] Level 1:colcon.colcon_core.package_identification:_identify(src/rotor_tm_keyboard2wrench) by extension 'ignore_ament_install'
[0.188s] Level 1:colcon.colcon_core.package_identification:_identify(src/rotor_tm_keyboard2wrench) by extensions ['colcon_pkg']
[0.188s] Level 1:colcon.colcon_core.package_identification:_identify(src/rotor_tm_keyboard2wrench) by extension 'colcon_pkg'
[0.188s] Level 1:colcon.colcon_core.package_identification:_identify(src/rotor_tm_keyboard2wrench) by extensions ['colcon_meta']
[0.188s] Level 1:colcon.colcon_core.package_identification:_identify(src/rotor_tm_keyboard2wrench) by extension 'colcon_meta'
[0.188s] Level 1:colcon.colcon_core.package_identification:_identify(src/rotor_tm_keyboard2wrench) by extensions ['ros']
[0.188s] Level 1:colcon.colcon_core.package_identification:_identify(src/rotor_tm_keyboard2wrench) by extension 'ros'
[0.188s] DEBUG:colcon.colcon_core.package_identification:Package 'src/rotor_tm_keyboard2wrench' with type 'ros.ament_python' and name 'rotor_tm_keyboard2wrench'
[0.188s] Level 1:colcon.colcon_core.package_identification:_identify(src/rotor_tm_msgs) by extensions ['ignore', 'ignore_ament_install']
[0.189s] Level 1:colcon.colcon_core.package_identification:_identify(src/rotor_tm_msgs) by extension 'ignore'
[0.189s] Level 1:colcon.colcon_core.package_identification:_identify(src/rotor_tm_msgs) by extension 'ignore_ament_install'
[0.189s] Level 1:colcon.colcon_core.package_identification:_identify(src/rotor_tm_msgs) by extensions ['colcon_pkg']
[0.189s] Level 1:colcon.colcon_core.package_identification:_identify(src/rotor_tm_msgs) by extension 'colcon_pkg'
[0.189s] Level 1:colcon.colcon_core.package_identification:_identify(src/rotor_tm_msgs) by extensions ['colcon_meta']
[0.189s] Level 1:colcon.colcon_core.package_identification:_identify(src/rotor_tm_msgs) by extension 'colcon_meta'
[0.189s] Level 1:colcon.colcon_core.package_identification:_identify(src/rotor_tm_msgs) by extensions ['ros']
[0.189s] Level 1:colcon.colcon_core.package_identification:_identify(src/rotor_tm_msgs) by extension 'ros'
[0.189s] DEBUG:colcon.colcon_core.package_identification:Package 'src/rotor_tm_msgs' with type 'ros.ament_cmake' and name 'rotor_tm_msgs'
[0.189s] Level 1:colcon.colcon_core.package_identification:_identify(src/rotor_tm_plcontrol) by extensions ['ignore', 'ignore_ament_install']
[0.189s] Level 1:colcon.colcon_core.package_identification:_identify(src/rotor_tm_plcontrol) by extension 'ignore'
[0.189s] Level 1:colcon.colcon_core.package_identification:_identify(src/rotor_tm_plcontrol) by extension 'ignore_ament_install'
[0.189s] Level 1:colcon.colcon_core.package_identification:_identify(src/rotor_tm_plcontrol) by extensions ['colcon_pkg']
[0.189s] Level 1:colcon.colcon_core.package_identification:_identify(src/rotor_tm_plcontrol) by extension 'colcon_pkg'
[0.189s] Level 1:colcon.colcon_core.package_identification:_identify(src/rotor_tm_plcontrol) by extensions ['colcon_meta']
[0.189s] Level 1:colcon.colcon_core.package_identification:_identify(src/rotor_tm_plcontrol) by extension 'colcon_meta'
[0.189s] Level 1:colcon.colcon_core.package_identification:_identify(src/rotor_tm_plcontrol) by extensions ['ros']
[0.189s] Level 1:colcon.colcon_core.package_identification:_identify(src/rotor_tm_plcontrol) by extension 'ros'
[0.190s] DEBUG:colcon.colcon_core.package_identification:Package 'src/rotor_tm_plcontrol' with type 'ros.ament_cmake' and name 'rotor_tm_plcontrol'
[0.190s] Level 1:colcon.colcon_core.package_identification:_identify(src/rotor_tm_sim) by extensions ['ignore', 'ignore_ament_install']
[0.190s] Level 1:colcon.colcon_core.package_identification:_identify(src/rotor_tm_sim) by extension 'ignore'
[0.190s] Level 1:colcon.colcon_core.package_identification:_identify(src/rotor_tm_sim) by extension 'ignore_ament_install'
[0.190s] Level 1:colcon.colcon_core.package_identification:_identify(src/rotor_tm_sim) by extensions ['colcon_pkg']
[0.190s] Level 1:colcon.colcon_core.package_identification:_identify(src/rotor_tm_sim) by extension 'colcon_pkg'
[0.190s] Level 1:colcon.colcon_core.package_identification:_identify(src/rotor_tm_sim) by extensions ['colcon_meta']
[0.190s] Level 1:colcon.colcon_core.package_identification:_identify(src/rotor_tm_sim) by extension 'colcon_meta'
[0.190s] Level 1:colcon.colcon_core.package_identification:_identify(src/rotor_tm_sim) by extensions ['ros']
[0.190s] Level 1:colcon.colcon_core.package_identification:_identify(src/rotor_tm_sim) by extension 'ros'
[0.191s] DEBUG:colcon.colcon_core.package_identification:Package 'src/rotor_tm_sim' with type 'ros.ament_python' and name 'rotor_tm_sim'
[0.191s] Level 1:colcon.colcon_core.package_identification:_identify(src/rotor_tm_traj) by extensions ['ignore', 'ignore_ament_install']
[0.191s] Level 1:colcon.colcon_core.package_identification:_identify(src/rotor_tm_traj) by extension 'ignore'
[0.191s] Level 1:colcon.colcon_core.package_identification:_identify(src/rotor_tm_traj) by extension 'ignore_ament_install'
[0.191s] Level 1:colcon.colcon_core.package_identification:_identify(src/rotor_tm_traj) by extensions ['colcon_pkg']
[0.191s] Level 1:colcon.colcon_core.package_identification:_identify(src/rotor_tm_traj) by extension 'colcon_pkg'
[0.191s] Level 1:colcon.colcon_core.package_identification:_identify(src/rotor_tm_traj) by extensions ['colcon_meta']
[0.191s] Level 1:colcon.colcon_core.package_identification:_identify(src/rotor_tm_traj) by extension 'colcon_meta'
[0.191s] Level 1:colcon.colcon_core.package_identification:_identify(src/rotor_tm_traj) by extensions ['ros']
[0.191s] Level 1:colcon.colcon_core.package_identification:_identify(src/rotor_tm_traj) by extension 'ros'
[0.191s] DEBUG:colcon.colcon_core.package_identification:Package 'src/rotor_tm_traj' with type 'ros.ament_python' and name 'rotor_tm_traj'
[0.191s] Level 1:colcon.colcon_core.package_identification:_identify(src/rotor_tm_utils) by extensions ['ignore', 'ignore_ament_install']
[0.191s] Level 1:colcon.colcon_core.package_identification:_identify(src/rotor_tm_utils) by extension 'ignore'
[0.191s] Level 1:colcon.colcon_core.package_identification:_identify(src/rotor_tm_utils) by extension 'ignore_ament_install'
[0.191s] Level 1:colcon.colcon_core.package_identification:_identify(src/rotor_tm_utils) by extensions ['colcon_pkg']
[0.191s] Level 1:colcon.colcon_core.package_identification:_identify(src/rotor_tm_utils) by extension 'colcon_pkg'
[0.191s] Level 1:colcon.colcon_core.package_identification:_identify(src/rotor_tm_utils) by extensions ['colcon_meta']
[0.191s] Level 1:colcon.colcon_core.package_identification:_identify(src/rotor_tm_utils) by extension 'colcon_meta'
[0.191s] Level 1:colcon.colcon_core.package_identification:_identify(src/rotor_tm_utils) by extensions ['ros']
[0.191s] Level 1:colcon.colcon_core.package_identification:_identify(src/rotor_tm_utils) by extension 'ros'
[0.192s] DEBUG:colcon.colcon_core.package_identification:Package 'src/rotor_tm_utils' with type 'ros.ament_python' and name 'rotor_tm_utils'
[0.192s] Level 1:colcon.colcon_core.package_discovery:discover_packages(recursive) using defaults
[0.192s] Level 1:colcon.colcon_core.package_discovery:discover_packages(ignore) discover
[0.192s] Level 1:colcon.colcon_core.package_discovery:discover_packages(ignore) using defaults
[0.192s] Level 1:colcon.colcon_core.package_discovery:discover_packages(path) discover
[0.192s] Level 1:colcon.colcon_core.package_discovery:discover_packages(path) using defaults
[0.212s] INFO:colcon.colcon_core.package_selection:Skipping not selected package 'payload_control' in 'src/payload_control'
[0.212s] INFO:colcon.colcon_core.package_selection:Skipping not selected package 'rotor_tm_config' in 'src/rotor_tm_config'
[0.212s] INFO:colcon.colcon_core.package_selection:Skipping not selected package 'rotor_tm_keyboard2wrench' in 'src/rotor_tm_keyboard2wrench'
[0.212s] INFO:colcon.colcon_core.package_selection:Skipping not selected package 'rotor_tm_msgs' in 'src/rotor_tm_msgs'
[0.212s] INFO:colcon.colcon_core.package_selection:Skipping not selected package 'rotor_tm_traj' in 'src/rotor_tm_traj'
[0.212s] INFO:colcon.colcon_core.package_selection:Skipping not selected package 'rotor_tm_utils' in 'src/rotor_tm_utils'
[0.212s] INFO:colcon.colcon_core.package_selection:Skipping not selected package 'rotor_tm_control' in 'src/rotor_tm_control'
[0.212s] INFO:colcon.colcon_core.package_selection:Skipping not selected package 'rotor_tm_sim' in 'src/rotor_tm_sim'
[0.212s] Level 1:colcon.colcon_core.package_discovery:discover_packages(prefix_path) check parameters
[0.212s] Level 1:colcon.colcon_core.package_discovery:discover_packages(prefix_path) discover
[0.214s] DEBUG:colcon.colcon_installed_package_information.package_discovery:Found 9 installed packages in /home/dhruv/RotorTM/install
[0.214s] DEBUG:colcon.colcon_installed_package_information.package_discovery:Found 18 installed packages in /home/dhruv/rbe500-ros/install
[0.215s] DEBUG:colcon.colcon_installed_package_information.package_discovery:Found 329 installed packages in /opt/ros/humble
[0.216s] Level 1:colcon.colcon_core.package_discovery:discover_packages(prefix_path) using defaults
[0.240s] Level 5:colcon.colcon_core.verb:set package 'rotor_tm_plcontrol' build argument 'cmake_args' from command line to 'None'
[0.241s] Level 5:colcon.colcon_core.verb:set package 'rotor_tm_plcontrol' build argument 'cmake_target' from command line to 'None'
[0.241s] Level 5:colcon.colcon_core.verb:set package 'rotor_tm_plcontrol' build argument 'cmake_target_skip_unavailable' from command line to 'False'
[0.241s] Level 5:colcon.colcon_core.verb:set package 'rotor_tm_plcontrol' build argument 'cmake_clean_cache' from command line to 'False'
[0.241s] Level 5:colcon.colcon_core.verb:set package 'rotor_tm_plcontrol' build argument 'cmake_clean_first' from command line to 'False'
[0.241s] Level 5:colcon.colcon_core.verb:set package 'rotor_tm_plcontrol' build argument 'cmake_force_configure' from command line to 'False'
[0.241s] Level 5:colcon.colcon_core.verb:set package 'rotor_tm_plcontrol' build argument 'ament_cmake_args' from command line to 'None'
[0.241s] Level 5:colcon.colcon_core.verb:set package 'rotor_tm_plcontrol' build argument 'catkin_cmake_args' from command line to 'None'
[0.241s] Level 5:colcon.colcon_core.verb:set package 'rotor_tm_plcontrol' build argument 'catkin_skip_building_tests' from command line to 'False'
[0.241s] DEBUG:colcon.colcon_core.verb:Building package 'rotor_tm_plcontrol' with the following arguments: {'ament_cmake_args': None, 'build_base': '/home/dhruv/RotorTM/build/rotor_tm_plcontrol', 'catkin_cmake_args': None, 'catkin_skip_building_tests': False, 'cmake_args': None, 'cmake_clean_cache': False, 'cmake_clean_first': False, 'cmake_force_configure': False, 'cmake_target': None, 'cmake_target_skip_unavailable': False, 'install_base': '/home/dhruv/RotorTM/install/rotor_tm_plcontrol', 'merge_install': False, 'path': '/home/dhruv/RotorTM/src/rotor_tm_plcontrol', 'symlink_install': False, 'test_result_base': None}
[0.241s] INFO:colcon.colcon_core.executor:Executing jobs using 'parallel' executor
[0.242s] DEBUG:colcon.colcon_parallel_executor.executor.parallel:run_until_complete
[0.242s] INFO:colcon.colcon_ros.task.ament_cmake.build:Building ROS package in '/home/dhruv/RotorTM/src/rotor_tm_plcontrol' with build type 'ament_cmake'
[0.242s] INFO:colcon.colcon_cmake.task.cmake.build:Building CMake package in '/home/dhruv/RotorTM/src/rotor_tm_plcontrol'
[0.243s] INFO:colcon.colcon_core.plugin_system:Skipping extension 'colcon_core.shell.bat': Not used on non-Windows systems
[0.244s] INFO:colcon.colcon_core.shell:Skip shell extension 'powershell' for command environment: Not usable outside of PowerShell
[0.244s] DEBUG:colcon.colcon_core.shell:Skip shell extension 'dsv' for command environment
[0.255s] DEBUG:colcon.colcon_core.event_handler.log_command:Invoking command in '/home/dhruv/RotorTM/build/rotor_tm_plcontrol': CMAKE_PREFIX_PATH=/home/dhruv/RotorTM/install/rotor_tm_msgs:/home/dhruv/RotorTM/install/rotor_tm_plcontrol:/home/dhruv/rbe500-ros/install/open_manipulator:/home/dhruv/rbe500-ros/install/open_manipulator_x_controller:/home/dhruv/rbe500-ros/install/open_manipulator_x_libs:/home/dhruv/rbe500-ros/install/robotis_manipulator:/home/dhruv/rbe500-ros/install/rbe500-example:/home/dhruv/rbe500-ros/install/open_manipulator_x_description:/home/dhruv/rbe500-ros/install/open_manipulator_msgs:/home/dhruv/rbe500-ros/install/dynamixel_workbench:/home/dhruv/rbe500-ros/install/dynamixel_workbench_toolbox:/home/dhruv/rbe500-ros/install/dynamixel_sdk_examples:/home/dhruv/rbe500-ros/install/dynamixel_sdk_custom_interfaces:/home/dhruv/rbe500-ros/install/dynamixel_sdk:/home/dhruv/rbe500-ros/install/custom_interfaces:/home/dhruv/rbe500-ros/install/cmake_modules:/home/dhruv/RotorTM/install/rotor_tm_sim:/home/dhruv/RotorTM/install/rotor_tm_control:/home/dhruv/RotorTM/install/rotor_tm_utils:/home/dhruv/RotorTM/install/rotor_tm_traj:/home/dhruv/RotorTM/install/rotor_tm_keyboard2wrench:/home/dhruv/RotorTM/install/rotor_tm_config:/home/dhruv/RotorTM/install/payload_control:/home/dhruv/rbe500-ros/install/rbe500_example_py:/home/dhruv/rbe500-ros/install/grp_assn_2:/home/dhruv/rbe500-ros/install/grp_assn_1:/home/dhruv/rbe500-ros/install/grp_assn_3:/opt/ros/humble CONDA_PROMPT_MODIFIER=(base) LD_LIBRARY_PATH=/home/dhruv/RotorTM/install/rotor_tm_msgs/lib:/home/dhruv/RotorTM/install/rotor_tm_plcontrol/lib:/home/dhruv/rbe500-ros/install/open_manipulator_x_libs/lib:/home/dhruv/rbe500-ros/install/robotis_manipulator/lib:/home/dhruv/rbe500-ros/install/open_manipulator_msgs/lib:/home/dhruv/rbe500-ros/install/dynamixel_workbench_toolbox/lib:/home/dhruv/rbe500-ros/install/dynamixel_sdk_custom_interfaces/lib:/home/dhruv/rbe500-ros/install/dynamixel_sdk/lib:/home/dhruv/rbe500-ros/install/custom_interfaces/lib:/opt/ros/humble/opt/rviz_ogre_vendor/lib:/opt/ros/humble/lib/x86_64-linux-gnu:/opt/ros/humble/lib:/home/dhruv/acados/lib:/home/dhruv/acados/lib /usr/bin/cmake --build /home/dhruv/RotorTM/build/rotor_tm_plcontrol -- -j32 -l32
[17.815s] DEBUG:colcon.colcon_core.event_handler.log_command:Invoked command in '/home/dhruv/RotorTM/build/rotor_tm_plcontrol' returned '0': CMAKE_PREFIX_PATH=/home/dhruv/RotorTM/install/rotor_tm_msgs:/home/dhruv/RotorTM/install/rotor_tm_plcontrol:/home/dhruv/rbe500-ros/install/open_manipulator:/home/dhruv/rbe500-ros/install/open_manipulator_x_controller:/home/dhruv/rbe500-ros/install/open_manipulator_x_libs:/home/dhruv/rbe500-ros/install/robotis_manipulator:/home/dhruv/rbe500-ros/install/rbe500-example:/home/dhruv/rbe500-ros/install/open_manipulator_x_description:/home/dhruv/rbe500-ros/install/open_manipulator_msgs:/home/dhruv/rbe500-ros/install/dynamixel_workbench:/home/dhruv/rbe500-ros/install/dynamixel_workbench_toolbox:/home/dhruv/rbe500-ros/install/dynamixel_sdk_examples:/home/dhruv/rbe500-ros/install/dynamixel_sdk_custom_interfaces:/home/dhruv/rbe500-ros/install/dynamixel_sdk:/home/dhruv/rbe500-ros/install/custom_interfaces:/home/dhruv/rbe500-ros/install/cmake_modules:/home/dhruv/RotorTM/install/rotor_tm_sim:/home/dhruv/RotorTM/install/rotor_tm_control:/home/dhruv/RotorTM/install/rotor_tm_utils:/home/dhruv/RotorTM/install/rotor_tm_traj:/home/dhruv/RotorTM/install/rotor_tm_keyboard2wrench:/home/dhruv/RotorTM/install/rotor_tm_config:/home/dhruv/RotorTM/install/payload_control:/home/dhruv/rbe500-ros/install/rbe500_example_py:/home/dhruv/rbe500-ros/install/grp_assn_2:/home/dhruv/rbe500-ros/install/grp_assn_1:/home/dhruv/rbe500-ros/install/grp_assn_3:/opt/ros/humble CONDA_PROMPT_MODIFIER=(base) LD_LIBRARY_PATH=/home/dhruv/RotorTM/install/rotor_tm_msgs/lib:/home/dhruv/RotorTM/install/rotor_tm_plcontrol/lib:/home/dhruv/rbe500-ros/install/open_manipulator_x_libs/lib:/home/dhruv/rbe500-ros/install/robotis_manipulator/lib:/home/dhruv/rbe500-ros/install/open_manipulator_msgs/lib:/home/dhruv/rbe500-ros/install/dynamixel_workbench_toolbox/lib:/home/dhruv/rbe500-ros/install/dynamixel_sdk_custom_interfaces/lib:/home/dhruv/rbe500-ros/install/dynamixel_sdk/lib:/home/dhruv/rbe500-ros/install/custom_interfaces/lib:/opt/ros/humble/opt/rviz_ogre_vendor/lib:/opt/ros/humble/lib/x86_64-linux-gnu:/opt/ros/humble/lib:/home/dhruv/acados/lib:/home/dhruv/acados/lib /usr/bin/cmake --build /home/dhruv/RotorTM/build/rotor_tm_plcontrol -- -j32 -l32
[17.828s] DEBUG:colcon.colcon_core.event_handler.log_command:Invoking command in '/home/dhruv/RotorTM/build/rotor_tm_plcontrol': CMAKE_PREFIX_PATH=/home/dhruv/RotorTM/install/rotor_tm_msgs:/home/dhruv/RotorTM/install/rotor_tm_plcontrol:/home/dhruv/rbe500-ros/install/open_manipulator:/home/dhruv/rbe500-ros/install/open_manipulator_x_controller:/home/dhruv/rbe500-ros/install/open_manipulator_x_libs:/home/dhruv/rbe500-ros/install/robotis_manipulator:/home/dhruv/rbe500-ros/install/rbe500-example:/home/dhruv/rbe500-ros/install/open_manipulator_x_description:/home/dhruv/rbe500-ros/install/open_manipulator_msgs:/home/dhruv/rbe500-ros/install/dynamixel_workbench:/home/dhruv/rbe500-ros/install/dynamixel_workbench_toolbox:/home/dhruv/rbe500-ros/install/dynamixel_sdk_examples:/home/dhruv/rbe500-ros/install/dynamixel_sdk_custom_interfaces:/home/dhruv/rbe500-ros/install/dynamixel_sdk:/home/dhruv/rbe500-ros/install/custom_interfaces:/home/dhruv/rbe500-ros/install/cmake_modules:/home/dhruv/RotorTM/install/rotor_tm_sim:/home/dhruv/RotorTM/install/rotor_tm_control:/home/dhruv/RotorTM/install/rotor_tm_utils:/home/dhruv/RotorTM/install/rotor_tm_traj:/home/dhruv/RotorTM/install/rotor_tm_keyboard2wrench:/home/dhruv/RotorTM/install/rotor_tm_config:/home/dhruv/RotorTM/install/payload_control:/home/dhruv/rbe500-ros/install/rbe500_example_py:/home/dhruv/rbe500-ros/install/grp_assn_2:/home/dhruv/rbe500-ros/install/grp_assn_1:/home/dhruv/rbe500-ros/install/grp_assn_3:/opt/ros/humble CONDA_PROMPT_MODIFIER=(base) LD_LIBRARY_PATH=/home/dhruv/RotorTM/install/rotor_tm_msgs/lib:/home/dhruv/RotorTM/install/rotor_tm_plcontrol/lib:/home/dhruv/rbe500-ros/install/open_manipulator_x_libs/lib:/home/dhruv/rbe500-ros/install/robotis_manipulator/lib:/home/dhruv/rbe500-ros/install/open_manipulator_msgs/lib:/home/dhruv/rbe500-ros/install/dynamixel_workbench_toolbox/lib:/home/dhruv/rbe500-ros/install/dynamixel_sdk_custom_interfaces/lib:/home/dhruv/rbe500-ros/install/dynamixel_sdk/lib:/home/dhruv/rbe500-ros/install/custom_interfaces/lib:/opt/ros/humble/opt/rviz_ogre_vendor/lib:/opt/ros/humble/lib/x86_64-linux-gnu:/opt/ros/humble/lib:/home/dhruv/acados/lib:/home/dhruv/acados/lib /usr/bin/cmake --install /home/dhruv/RotorTM/build/rotor_tm_plcontrol
[17.855s] Level 1:colcon.colcon_core.environment:create_environment_scripts_only(rotor_tm_plcontrol)
[17.856s] DEBUG:colcon.colcon_core.event_handler.log_command:Invoked command in '/home/dhruv/RotorTM/build/rotor_tm_plcontrol' returned '0': CMAKE_PREFIX_PATH=/home/dhruv/RotorTM/install/rotor_tm_msgs:/home/dhruv/RotorTM/install/rotor_tm_plcontrol:/home/dhruv/rbe500-ros/install/open_manipulator:/home/dhruv/rbe500-ros/install/open_manipulator_x_controller:/home/dhruv/rbe500-ros/install/open_manipulator_x_libs:/home/dhruv/rbe500-ros/install/robotis_manipulator:/home/dhruv/rbe500-ros/install/rbe500-example:/home/dhruv/rbe500-ros/install/open_manipulator_x_description:/home/dhruv/rbe500-ros/install/open_manipulator_msgs:/home/dhruv/rbe500-ros/install/dynamixel_workbench:/home/dhruv/rbe500-ros/install/dynamixel_workbench_toolbox:/home/dhruv/rbe500-ros/install/dynamixel_sdk_examples:/home/dhruv/rbe500-ros/install/dynamixel_sdk_custom_interfaces:/home/dhruv/rbe500-ros/install/dynamixel_sdk:/home/dhruv/rbe500-ros/install/custom_interfaces:/home/dhruv/rbe500-ros/install/cmake_modules:/home/dhruv/RotorTM/install/rotor_tm_sim:/home/dhruv/RotorTM/install/rotor_tm_control:/home/dhruv/RotorTM/install/rotor_tm_utils:/home/dhruv/RotorTM/install/rotor_tm_traj:/home/dhruv/RotorTM/install/rotor_tm_keyboard2wrench:/home/dhruv/RotorTM/install/rotor_tm_config:/home/dhruv/RotorTM/install/payload_control:/home/dhruv/rbe500-ros/install/rbe500_example_py:/home/dhruv/rbe500-ros/install/grp_assn_2:/home/dhruv/rbe500-ros/install/grp_assn_1:/home/dhruv/rbe500-ros/install/grp_assn_3:/opt/ros/humble CONDA_PROMPT_MODIFIER=(base) LD_LIBRARY_PATH=/home/dhruv/RotorTM/install/rotor_tm_msgs/lib:/home/dhruv/RotorTM/install/rotor_tm_plcontrol/lib:/home/dhruv/rbe500-ros/install/open_manipulator_x_libs/lib:/home/dhruv/rbe500-ros/install/robotis_manipulator/lib:/home/dhruv/rbe500-ros/install/open_manipulator_msgs/lib:/home/dhruv/rbe500-ros/install/dynamixel_workbench_toolbox/lib:/home/dhruv/rbe500-ros/install/dynamixel_sdk_custom_interfaces/lib:/home/dhruv/rbe500-ros/install/dynamixel_sdk/lib:/home/dhruv/rbe500-ros/install/custom_interfaces/lib:/opt/ros/humble/opt/rviz_ogre_vendor/lib:/opt/ros/humble/lib/x86_64-linux-gnu:/opt/ros/humble/lib:/home/dhruv/acados/lib:/home/dhruv/acados/lib /usr/bin/cmake --install /home/dhruv/RotorTM/build/rotor_tm_plcontrol
[17.858s] Level 1:colcon.colcon_core.environment:checking '/home/dhruv/RotorTM/install/rotor_tm_plcontrol' for CMake module files
[17.859s] Level 1:colcon.colcon_core.environment:checking '/home/dhruv/RotorTM/install/rotor_tm_plcontrol' for CMake config files
[17.859s] Level 1:colcon.colcon_core.shell:create_environment_hook('rotor_tm_plcontrol', 'cmake_prefix_path')
[17.859s] INFO:colcon.colcon_core.shell:Creating environment hook '/home/dhruv/RotorTM/install/rotor_tm_plcontrol/share/rotor_tm_plcontrol/hook/cmake_prefix_path.ps1'
[17.860s] INFO:colcon.colcon_core.shell:Creating environment descriptor '/home/dhruv/RotorTM/install/rotor_tm_plcontrol/share/rotor_tm_plcontrol/hook/cmake_prefix_path.dsv'
[17.860s] INFO:colcon.colcon_core.shell:Creating environment hook '/home/dhruv/RotorTM/install/rotor_tm_plcontrol/share/rotor_tm_plcontrol/hook/cmake_prefix_path.sh'
[17.861s] Level 1:colcon.colcon_core.environment:checking '/home/dhruv/RotorTM/install/rotor_tm_plcontrol/lib'
[17.861s] Level 1:colcon.colcon_core.shell:create_environment_hook('rotor_tm_plcontrol', 'ld_library_path_lib')
[17.861s] INFO:colcon.colcon_core.shell:Creating environment hook '/home/dhruv/RotorTM/install/rotor_tm_plcontrol/share/rotor_tm_plcontrol/hook/ld_library_path_lib.ps1'
[17.862s] INFO:colcon.colcon_core.shell:Creating environment descriptor '/home/dhruv/RotorTM/install/rotor_tm_plcontrol/share/rotor_tm_plcontrol/hook/ld_library_path_lib.dsv'
[17.862s] INFO:colcon.colcon_core.shell:Creating environment hook '/home/dhruv/RotorTM/install/rotor_tm_plcontrol/share/rotor_tm_plcontrol/hook/ld_library_path_lib.sh'
[17.862s] Level 1:colcon.colcon_core.environment:checking '/home/dhruv/RotorTM/install/rotor_tm_plcontrol/bin'
[17.862s] Level 1:colcon.colcon_core.environment:checking '/home/dhruv/RotorTM/install/rotor_tm_plcontrol/lib/pkgconfig/rotor_tm_plcontrol.pc'
[17.863s] Level 1:colcon.colcon_core.environment:checking '/home/dhruv/RotorTM/install/rotor_tm_plcontrol/lib/python3.10/site-packages'
[17.863s] Level 1:colcon.colcon_core.environment:checking '/home/dhruv/RotorTM/install/rotor_tm_plcontrol/bin'
[17.863s] INFO:colcon.colcon_core.shell:Creating package script '/home/dhruv/RotorTM/install/rotor_tm_plcontrol/share/rotor_tm_plcontrol/package.ps1'
[17.864s] INFO:colcon.colcon_core.shell:Creating package descriptor '/home/dhruv/RotorTM/install/rotor_tm_plcontrol/share/rotor_tm_plcontrol/package.dsv'
[17.865s] INFO:colcon.colcon_core.shell:Creating package script '/home/dhruv/RotorTM/install/rotor_tm_plcontrol/share/rotor_tm_plcontrol/package.sh'
[17.865s] INFO:colcon.colcon_core.shell:Creating package script '/home/dhruv/RotorTM/install/rotor_tm_plcontrol/share/rotor_tm_plcontrol/package.bash'
[17.866s] INFO:colcon.colcon_core.shell:Creating package script '/home/dhruv/RotorTM/install/rotor_tm_plcontrol/share/rotor_tm_plcontrol/package.zsh'
[17.867s] Level 1:colcon.colcon_core.environment:create_file_with_runtime_dependencies(/home/dhruv/RotorTM/install/rotor_tm_plcontrol/share/colcon-core/packages/rotor_tm_plcontrol)
[17.867s] Level 1:colcon.colcon_core.environment:create_environment_scripts_only(rotor_tm_plcontrol)
[17.867s] Level 1:colcon.colcon_core.environment:checking '/home/dhruv/RotorTM/install/rotor_tm_plcontrol' for CMake module files
[17.868s] Level 1:colcon.colcon_core.environment:checking '/home/dhruv/RotorTM/install/rotor_tm_plcontrol' for CMake config files
[17.868s] Level 1:colcon.colcon_core.shell:create_environment_hook('rotor_tm_plcontrol', 'cmake_prefix_path')
[17.868s] INFO:colcon.colcon_core.shell:Creating environment hook '/home/dhruv/RotorTM/install/rotor_tm_plcontrol/share/rotor_tm_plcontrol/hook/cmake_prefix_path.ps1'
[17.869s] INFO:colcon.colcon_core.shell:Creating environment descriptor '/home/dhruv/RotorTM/install/rotor_tm_plcontrol/share/rotor_tm_plcontrol/hook/cmake_prefix_path.dsv'
[17.869s] INFO:colcon.colcon_core.shell:Creating environment hook '/home/dhruv/RotorTM/install/rotor_tm_plcontrol/share/rotor_tm_plcontrol/hook/cmake_prefix_path.sh'
[17.870s] Level 1:colcon.colcon_core.environment:checking '/home/dhruv/RotorTM/install/rotor_tm_plcontrol/lib'
[17.870s] Level 1:colcon.colcon_core.shell:create_environment_hook('rotor_tm_plcontrol', 'ld_library_path_lib')
[17.870s] INFO:colcon.colcon_core.shell:Creating environment hook '/home/dhruv/RotorTM/install/rotor_tm_plcontrol/share/rotor_tm_plcontrol/hook/ld_library_path_lib.ps1'
[17.870s] INFO:colcon.colcon_core.shell:Creating environment descriptor '/home/dhruv/RotorTM/install/rotor_tm_plcontrol/share/rotor_tm_plcontrol/hook/ld_library_path_lib.dsv'
[17.870s] INFO:colcon.colcon_core.shell:Creating environment hook '/home/dhruv/RotorTM/install/rotor_tm_plcontrol/share/rotor_tm_plcontrol/hook/ld_library_path_lib.sh'
[17.871s] Level 1:colcon.colcon_core.environment:checking '/home/dhruv/RotorTM/install/rotor_tm_plcontrol/bin'
[17.871s] Level 1:colcon.colcon_core.environment:checking '/home/dhruv/RotorTM/install/rotor_tm_plcontrol/lib/pkgconfig/rotor_tm_plcontrol.pc'
[17.871s] Level 1:colcon.colcon_core.environment:checking '/home/dhruv/RotorTM/install/rotor_tm_plcontrol/lib/python3.10/site-packages'
[17.871s] Level 1:colcon.colcon_core.environment:checking '/home/dhruv/RotorTM/install/rotor_tm_plcontrol/bin'
[17.871s] INFO:colcon.colcon_core.shell:Creating package script '/home/dhruv/RotorTM/install/rotor_tm_plcontrol/share/rotor_tm_plcontrol/package.ps1'
[17.872s] INFO:colcon.colcon_core.shell:Creating package descriptor '/home/dhruv/RotorTM/install/rotor_tm_plcontrol/share/rotor_tm_plcontrol/package.dsv'
[17.872s] INFO:colcon.colcon_core.shell:Creating package script '/home/dhruv/RotorTM/install/rotor_tm_plcontrol/share/rotor_tm_plcontrol/package.sh'
[17.872s] INFO:colcon.colcon_core.shell:Creating package script '/home/dhruv/RotorTM/install/rotor_tm_plcontrol/share/rotor_tm_plcontrol/package.bash'
[17.873s] INFO:colcon.colcon_core.shell:Creating package script '/home/dhruv/RotorTM/install/rotor_tm_plcontrol/share/rotor_tm_plcontrol/package.zsh'
[17.873s] Level 1:colcon.colcon_core.environment:create_file_with_runtime_dependencies(/home/dhruv/RotorTM/install/rotor_tm_plcontrol/share/colcon-core/packages/rotor_tm_plcontrol)
[17.873s] DEBUG:colcon.colcon_parallel_executor.executor.parallel:closing loop
[17.873s] DEBUG:colcon.colcon_parallel_executor.executor.parallel:loop closed
[17.873s] DEBUG:colcon.colcon_parallel_executor.executor.parallel:run_until_complete finished with '0'
[17.873s] DEBUG:colcon.colcon_core.event_reactor:joining thread
[17.878s] INFO:colcon.colcon_core.plugin_system:Skipping extension 'colcon_notification.desktop_notification.terminal_notifier': Not used on non-Darwin systems
[17.878s] INFO:colcon.colcon_core.plugin_system:Skipping extension 'colcon_notification.desktop_notification.win32': Not used on non-Windows systems
[17.878s] INFO:colcon.colcon_notification.desktop_notification:Sending desktop notification using 'notify2'
[17.888s] DEBUG:colcon.colcon_core.event_reactor:joined thread
[17.889s] INFO:colcon.colcon_core.shell:Creating prefix script '/home/dhruv/RotorTM/install/local_setup.ps1'
[17.890s] INFO:colcon.colcon_core.shell:Creating prefix util module '/home/dhruv/RotorTM/install/_local_setup_util_ps1.py'
[17.891s] INFO:colcon.colcon_core.shell:Creating prefix chain script '/home/dhruv/RotorTM/install/setup.ps1'
[17.892s] INFO:colcon.colcon_core.shell:Creating prefix script '/home/dhruv/RotorTM/install/local_setup.sh'
[17.892s] INFO:colcon.colcon_core.shell:Creating prefix util module '/home/dhruv/RotorTM/install/_local_setup_util_sh.py'
[17.892s] INFO:colcon.colcon_core.shell:Creating prefix chain script '/home/dhruv/RotorTM/install/setup.sh'
[17.893s] INFO:colcon.colcon_core.shell:Creating prefix script '/home/dhruv/RotorTM/install/local_setup.bash'
[17.893s] INFO:colcon.colcon_core.shell:Creating prefix chain script '/home/dhruv/RotorTM/install/setup.bash'
[17.894s] INFO:colcon.colcon_core.shell:Creating prefix script '/home/dhruv/RotorTM/install/local_setup.zsh'
[17.895s] INFO:colcon.colcon_core.shell:Creating prefix chain script '/home/dhruv/RotorTM/install/setup.zsh'
