running develop
Removing /home/dhruv/RotorTM/install/rotor_tm_control/lib/python3.10/site-packages/rotor-tm-control.egg-link (link to .)
running egg_info
writing ../../build/rotor_tm_control/rotor_tm_control.egg-info/PKG-INFO
writing dependency_links to ../../build/rotor_tm_control/rotor_tm_control.egg-info/dependency_links.txt
writing entry points to ../../build/rotor_tm_control/rotor_tm_control.egg-info/entry_points.txt
writing requirements to ../../build/rotor_tm_control/rotor_tm_control.egg-info/requires.txt
writing top-level names to ../../build/rotor_tm_control/rotor_tm_control.egg-info/top_level.txt
reading manifest file '../../build/rotor_tm_control/rotor_tm_control.egg-info/SOURCES.txt'
adding license file 'LICENSE'
writing manifest file '../../build/rotor_tm_control/rotor_tm_control.egg-info/SOURCES.txt'
running build
running build_py
creating /home/dhruv/RotorTM/build/rotor_tm_control/build
creating /home/dhruv/RotorTM/build/rotor_tm_control/build/lib
creating /home/dhruv/RotorTM/build/rotor_tm_control/build/lib/rotor_tm_control
copying rotor_tm_control/controller.py -> /home/dhruv/RotorTM/build/rotor_tm_control/build/lib/rotor_tm_control
copying rotor_tm_control/__init__.py -> /home/dhruv/RotorTM/build/rotor_tm_control/build/lib/rotor_tm_control
copying rotor_tm_control/temp.py -> /home/dhruv/RotorTM/build/rotor_tm_control/build/lib/rotor_tm_control
copying rotor_tm_control/controller_node.py -> /home/dhruv/RotorTM/build/rotor_tm_control/build/lib/rotor_tm_control
running install
running install_lib
creating /home/dhruv/RotorTM/install/rotor_tm_control/lib/python3.10/site-packages/rotor_tm_control
copying /home/dhruv/RotorTM/build/rotor_tm_control/build/lib/rotor_tm_control/controller.py -> /home/dhruv/RotorTM/install/rotor_tm_control/lib/python3.10/site-packages/rotor_tm_control
copying /home/dhruv/RotorTM/build/rotor_tm_control/build/lib/rotor_tm_control/__init__.py -> /home/dhruv/RotorTM/install/rotor_tm_control/lib/python3.10/site-packages/rotor_tm_control
copying /home/dhruv/RotorTM/build/rotor_tm_control/build/lib/rotor_tm_control/temp.py -> /home/dhruv/RotorTM/install/rotor_tm_control/lib/python3.10/site-packages/rotor_tm_control
copying /home/dhruv/RotorTM/build/rotor_tm_control/build/lib/rotor_tm_control/controller_node.py -> /home/dhruv/RotorTM/install/rotor_tm_control/lib/python3.10/site-packages/rotor_tm_control
byte-compiling /home/dhruv/RotorTM/install/rotor_tm_control/lib/python3.10/site-packages/rotor_tm_control/controller.py to controller.cpython-310.pyc
byte-compiling /home/dhruv/RotorTM/install/rotor_tm_control/lib/python3.10/site-packages/rotor_tm_control/__init__.py to __init__.cpython-310.pyc
byte-compiling /home/dhruv/RotorTM/install/rotor_tm_control/lib/python3.10/site-packages/rotor_tm_control/temp.py to temp.cpython-310.pyc
byte-compiling /home/dhruv/RotorTM/install/rotor_tm_control/lib/python3.10/site-packages/rotor_tm_control/controller_node.py to controller_node.cpython-310.pyc
running install_data
copying resource/rotor_tm_control -> /home/dhruv/RotorTM/install/rotor_tm_control/share/ament_index/resource_index/packages
copying package.xml -> /home/dhruv/RotorTM/install/rotor_tm_control/share/rotor_tm_control
running install_egg_info
Copying ../../build/rotor_tm_control/rotor_tm_control.egg-info to /home/dhruv/RotorTM/install/rotor_tm_control/lib/python3.10/site-packages/rotor_tm_control-0.0.0-py3.10.egg-info
running install_scripts
Installing controller_node script to /home/dhruv/RotorTM/install/rotor_tm_control/lib/rotor_tm_control
writing list of installed files to '/home/dhruv/RotorTM/build/rotor_tm_control/install.log'
