[1.127s] Invoking command in '/home/dhruv/RotorTM/build/rotor_tm_keyboard2wrench': PYTHONPATH=/home/dhruv/RotorTM/build/rotor_tm_keyboard2wrench/prefix_override:/usr/lib/python3/dist-packages/colcon_core/task/python/colcon_distutils_commands:/home/dhruv/RotorTM/install/rotor_tm_keyboard2wrench/lib/python3.10/site-packages:${PYTHONPATH} /usr/bin/python3 -W ignore:setup.py install is deprecated -W ignore:easy_install command is deprecated setup.py develop --uninstall --editable --build-directory /home/dhruv/RotorTM/build/rotor_tm_keyboard2wrench/build
[1.313s] running develop
[1.428s] Removing /home/dhruv/RotorTM/install/rotor_tm_keyboard2wrench/lib/python3.10/site-packages/rotor-tm-keyboard2wrench.egg-link (link to .)
[1.450s] Invoked command in '/home/dhruv/RotorTM/build/rotor_tm_keyboard2wrench' returned '0': PYTHONPATH=/home/dhruv/RotorTM/build/rotor_tm_keyboard2wrench/prefix_override:/usr/lib/python3/dist-packages/colcon_core/task/python/colcon_distutils_commands:/home/dhruv/RotorTM/install/rotor_tm_keyboard2wrench/lib/python3.10/site-packages:${PYTHONPATH} /usr/bin/python3 -W ignore:setup.py install is deprecated -W ignore:easy_install command is deprecated setup.py develop --uninstall --editable --build-directory /home/dhruv/RotorTM/build/rotor_tm_keyboard2wrench/build
[1.452s] Invoking command in '/home/dhruv/RotorTM/src/rotor_tm_keyboard2wrench': PYTHONPATH=/home/dhruv/RotorTM/build/rotor_tm_keyboard2wrench/prefix_override:/usr/lib/python3/dist-packages/colcon_core/task/python/colcon_distutils_commands:/home/dhruv/RotorTM/install/rotor_tm_keyboard2wrench/lib/python3.10/site-packages:${PYTHONPATH} /usr/bin/python3 -W ignore:setup.py install is deprecated -W ignore:easy_install command is deprecated setup.py egg_info --egg-base ../../build/rotor_tm_keyboard2wrench build --build-base /home/dhruv/RotorTM/build/rotor_tm_keyboard2wrench/build install --record /home/dhruv/RotorTM/build/rotor_tm_keyboard2wrench/install.log --single-version-externally-managed install_data --force
[1.643s] running egg_info
[1.643s] writing ../../build/rotor_tm_keyboard2wrench/rotor_tm_keyboard2wrench.egg-info/PKG-INFO
[1.644s] writing dependency_links to ../../build/rotor_tm_keyboard2wrench/rotor_tm_keyboard2wrench.egg-info/dependency_links.txt
[1.644s] writing entry points to ../../build/rotor_tm_keyboard2wrench/rotor_tm_keyboard2wrench.egg-info/entry_points.txt
[1.644s] writing requirements to ../../build/rotor_tm_keyboard2wrench/rotor_tm_keyboard2wrench.egg-info/requires.txt
[1.644s] writing top-level names to ../../build/rotor_tm_keyboard2wrench/rotor_tm_keyboard2wrench.egg-info/top_level.txt
[1.645s] reading manifest file '../../build/rotor_tm_keyboard2wrench/rotor_tm_keyboard2wrench.egg-info/SOURCES.txt'
[1.646s] adding license file 'LICENSE'
[1.647s] writing manifest file '../../build/rotor_tm_keyboard2wrench/rotor_tm_keyboard2wrench.egg-info/SOURCES.txt'
[1.647s] running build
[1.647s] running build_py
[1.647s] creating /home/dhruv/RotorTM/build/rotor_tm_keyboard2wrench/build
[1.647s] creating /home/dhruv/RotorTM/build/rotor_tm_keyboard2wrench/build/lib
[1.647s] creating /home/dhruv/RotorTM/build/rotor_tm_keyboard2wrench/build/lib/rotor_tm_keyboard2wrench
[1.647s] copying rotor_tm_keyboard2wrench/__init__.py -> /home/dhruv/RotorTM/build/rotor_tm_keyboard2wrench/build/lib/rotor_tm_keyboard2wrench
[1.648s] copying rotor_tm_keyboard2wrench/keyboard2wrench.py -> /home/dhruv/RotorTM/build/rotor_tm_keyboard2wrench/build/lib/rotor_tm_keyboard2wrench
[1.648s] copying rotor_tm_keyboard2wrench/ext_wrench_sub.py -> /home/dhruv/RotorTM/build/rotor_tm_keyboard2wrench/build/lib/rotor_tm_keyboard2wrench
[1.648s] running install
[1.649s] running install_lib
[1.649s] creating /home/dhruv/RotorTM/install/rotor_tm_keyboard2wrench/lib/python3.10/site-packages/rotor_tm_keyboard2wrench
[1.649s] copying /home/dhruv/RotorTM/build/rotor_tm_keyboard2wrench/build/lib/rotor_tm_keyboard2wrench/__init__.py -> /home/dhruv/RotorTM/install/rotor_tm_keyboard2wrench/lib/python3.10/site-packages/rotor_tm_keyboard2wrench
[1.649s] copying /home/dhruv/RotorTM/build/rotor_tm_keyboard2wrench/build/lib/rotor_tm_keyboard2wrench/keyboard2wrench.py -> /home/dhruv/RotorTM/install/rotor_tm_keyboard2wrench/lib/python3.10/site-packages/rotor_tm_keyboard2wrench
[1.649s] copying /home/dhruv/RotorTM/build/rotor_tm_keyboard2wrench/build/lib/rotor_tm_keyboard2wrench/ext_wrench_sub.py -> /home/dhruv/RotorTM/install/rotor_tm_keyboard2wrench/lib/python3.10/site-packages/rotor_tm_keyboard2wrench
[1.650s] byte-compiling /home/dhruv/RotorTM/install/rotor_tm_keyboard2wrench/lib/python3.10/site-packages/rotor_tm_keyboard2wrench/__init__.py to __init__.cpython-310.pyc
[1.651s] byte-compiling /home/dhruv/RotorTM/install/rotor_tm_keyboard2wrench/lib/python3.10/site-packages/rotor_tm_keyboard2wrench/keyboard2wrench.py to keyboard2wrench.cpython-310.pyc
[1.651s] byte-compiling /home/dhruv/RotorTM/install/rotor_tm_keyboard2wrench/lib/python3.10/site-packages/rotor_tm_keyboard2wrench/ext_wrench_sub.py to ext_wrench_sub.cpython-310.pyc
[1.651s] running install_data
[1.651s] copying resource/rotor_tm_keyboard2wrench -> /home/dhruv/RotorTM/install/rotor_tm_keyboard2wrench/share/ament_index/resource_index/packages
[1.651s] copying package.xml -> /home/dhruv/RotorTM/install/rotor_tm_keyboard2wrench/share/rotor_tm_keyboard2wrench
[1.651s] running install_egg_info
[1.651s] Copying ../../build/rotor_tm_keyboard2wrench/rotor_tm_keyboard2wrench.egg-info to /home/dhruv/RotorTM/install/rotor_tm_keyboard2wrench/lib/python3.10/site-packages/rotor_tm_keyboard2wrench-0.0.0-py3.10.egg-info
[1.651s] running install_scripts
[1.664s] Installing keyboard_input script to /home/dhruv/RotorTM/install/rotor_tm_keyboard2wrench/lib/rotor_tm_keyboard2wrench
[1.664s] writing list of installed files to '/home/dhruv/RotorTM/build/rotor_tm_keyboard2wrench/install.log'
[1.690s] Invoked command in '/home/dhruv/RotorTM/src/rotor_tm_keyboard2wrench' returned '0': PYTHONPATH=/home/dhruv/RotorTM/build/rotor_tm_keyboard2wrench/prefix_override:/usr/lib/python3/dist-packages/colcon_core/task/python/colcon_distutils_commands:/home/dhruv/RotorTM/install/rotor_tm_keyboard2wrench/lib/python3.10/site-packages:${PYTHONPATH} /usr/bin/python3 -W ignore:setup.py install is deprecated -W ignore:easy_install command is deprecated setup.py egg_info --egg-base ../../build/rotor_tm_keyboard2wrench build --build-base /home/dhruv/RotorTM/build/rotor_tm_keyboard2wrench/build install --record /home/dhruv/RotorTM/build/rotor_tm_keyboard2wrench/install.log --single-version-externally-managed install_data --force
