[0.803s] Invoking command in '/home/swati/Quad_DR/ros2_ws/src/rotor_tm_control': AMENT_PREFIX_PATH=/home/swati/Quad_DR/ros2_ws/install/rotor_tm_utils:/home/swati/Quad_DR/ros2_ws/install/rotor_tm_sim:/home/swati/Quad_DR/ros2_ws/install/rotor_tm_control:/home/swati/Quad_DR/ros2_ws/install/rotor_tm_traj:/home/swati/Quad_DR/ros2_ws/install/rotor_tm_msgs:/home/swati/Quad_DR/ros2_ws/install/rotor_tm_keyboard2wrench:/home/swati/Quad_DR/ros2_ws/install/rotor_tm_config:/opt/ros/humble LD_LIBRARY_PATH=/home/swati/Quad_DR/ros2_ws/install/rotor_tm_msgs/lib:/usr/lib/x86_64-linux-gnu/gazebo-11/plugins:/opt/ros/humble/opt/rviz_ogre_vendor/lib:/opt/ros/humble/lib/x86_64-linux-gnu:/opt/ros/humble/lib:/usr/share/gazebo/../../lib/x86_64-linux-gnu/gazebo-11/plugins PYTHONPATH=/home/swati/Quad_DR/ros2_ws/build/rotor_tm_control/prefix_override:/usr/lib/python3/dist-packages/colcon_core/task/python/colcon_distutils_commands:/home/swati/Quad_DR/ros2_ws/install/rotor_tm_control/lib/python3.10/site-packages:/home/swati/Quad_DR/ros2_ws/install/rotor_tm_utils/lib/python3.10/site-packages:/home/swati/Quad_DR/ros2_ws/install/rotor_tm_sim/lib/python3.10/site-packages:/home/swati/Quad_DR/ros2_ws/install/rotor_tm_control/lib/python3.10/site-packages:/home/swati/Quad_DR/ros2_ws/install/rotor_tm_traj/lib/python3.10/site-packages:/home/swati/Quad_DR/ros2_ws/install/rotor_tm_msgs/local/lib/python3.10/dist-packages:/home/swati/Quad_DR/ros2_ws/install/rotor_tm_keyboard2wrench/lib/python3.10/site-packages:/home/swati/Quad_DR/ros2_ws/install/rotor_tm_config/lib/python3.10/site-packages:/opt/ros/humble/lib/python3.10/site-packages:/opt/ros/humble/local/lib/python3.10/dist-packages /usr/bin/python3 -W ignore:setup.py install is deprecated setup.py egg_info --egg-base ../../build/rotor_tm_control build --build-base /home/swati/Quad_DR/ros2_ws/build/rotor_tm_control/build install --record /home/swati/Quad_DR/ros2_ws/build/rotor_tm_control/install.log --single-version-externally-managed install_data
[0.907s] /home/swati/.local/lib/python3.10/site-packages/setuptools/_distutils/dist.py:261: UserWarning: Unknown distribution option: 'tests_require'
[0.907s]   warnings.warn(msg)
[0.968s] running egg_info
[0.977s] writing ../../build/rotor_tm_control/rotor_tm_control.egg-info/PKG-INFO
[0.978s] writing dependency_links to ../../build/rotor_tm_control/rotor_tm_control.egg-info/dependency_links.txt
[0.978s] writing entry points to ../../build/rotor_tm_control/rotor_tm_control.egg-info/entry_points.txt
[0.978s] writing requirements to ../../build/rotor_tm_control/rotor_tm_control.egg-info/requires.txt
[0.978s] writing top-level names to ../../build/rotor_tm_control/rotor_tm_control.egg-info/top_level.txt
[0.998s] reading manifest file '../../build/rotor_tm_control/rotor_tm_control.egg-info/SOURCES.txt'
[0.998s] adding license file 'LICENSE'
[0.999s] writing manifest file '../../build/rotor_tm_control/rotor_tm_control.egg-info/SOURCES.txt'
[0.999s] running build
[0.999s] running build_py
[0.999s] copying rotor_tm_control/temp.py -> /home/swati/Quad_DR/ros2_ws/build/rotor_tm_control/build/lib/rotor_tm_control
[0.999s] copying rotor_tm_control/controller_node.py -> /home/swati/Quad_DR/ros2_ws/build/rotor_tm_control/build/lib/rotor_tm_control
[1.000s] copying rotor_tm_control/controller.py -> /home/swati/Quad_DR/ros2_ws/build/rotor_tm_control/build/lib/rotor_tm_control
[1.000s] copying rotor_tm_control/__init__.py -> /home/swati/Quad_DR/ros2_ws/build/rotor_tm_control/build/lib/rotor_tm_control
[1.000s] running install
[1.003s] running install_lib
[1.013s] running install_data
[1.013s] copying resource/rotor_tm_control -> /home/swati/Quad_DR/ros2_ws/install/rotor_tm_control/share/ament_index/resource_index/packages
[1.013s] copying package.xml -> /home/swati/Quad_DR/ros2_ws/install/rotor_tm_control/share/rotor_tm_control
[1.013s] running install_egg_info
[1.024s] removing '/home/swati/Quad_DR/ros2_ws/install/rotor_tm_control/lib/python3.10/site-packages/rotor_tm_control-0.0.0-py3.10.egg-info' (and everything under it)
[1.024s] Copying ../../build/rotor_tm_control/rotor_tm_control.egg-info to /home/swati/Quad_DR/ros2_ws/install/rotor_tm_control/lib/python3.10/site-packages/rotor_tm_control-0.0.0-py3.10.egg-info
[1.025s] running install_scripts
[1.187s] Installing controller_node script to /home/swati/Quad_DR/ros2_ws/install/rotor_tm_control/lib/rotor_tm_control
[1.188s] writing list of installed files to '/home/swati/Quad_DR/ros2_ws/build/rotor_tm_control/install.log'
[1.212s] Invoked command in '/home/swati/Quad_DR/ros2_ws/src/rotor_tm_control' returned '0': AMENT_PREFIX_PATH=/home/swati/Quad_DR/ros2_ws/install/rotor_tm_utils:/home/swati/Quad_DR/ros2_ws/install/rotor_tm_sim:/home/swati/Quad_DR/ros2_ws/install/rotor_tm_control:/home/swati/Quad_DR/ros2_ws/install/rotor_tm_traj:/home/swati/Quad_DR/ros2_ws/install/rotor_tm_msgs:/home/swati/Quad_DR/ros2_ws/install/rotor_tm_keyboard2wrench:/home/swati/Quad_DR/ros2_ws/install/rotor_tm_config:/opt/ros/humble LD_LIBRARY_PATH=/home/swati/Quad_DR/ros2_ws/install/rotor_tm_msgs/lib:/usr/lib/x86_64-linux-gnu/gazebo-11/plugins:/opt/ros/humble/opt/rviz_ogre_vendor/lib:/opt/ros/humble/lib/x86_64-linux-gnu:/opt/ros/humble/lib:/usr/share/gazebo/../../lib/x86_64-linux-gnu/gazebo-11/plugins PYTHONPATH=/home/swati/Quad_DR/ros2_ws/build/rotor_tm_control/prefix_override:/usr/lib/python3/dist-packages/colcon_core/task/python/colcon_distutils_commands:/home/swati/Quad_DR/ros2_ws/install/rotor_tm_control/lib/python3.10/site-packages:/home/swati/Quad_DR/ros2_ws/install/rotor_tm_utils/lib/python3.10/site-packages:/home/swati/Quad_DR/ros2_ws/install/rotor_tm_sim/lib/python3.10/site-packages:/home/swati/Quad_DR/ros2_ws/install/rotor_tm_control/lib/python3.10/site-packages:/home/swati/Quad_DR/ros2_ws/install/rotor_tm_traj/lib/python3.10/site-packages:/home/swati/Quad_DR/ros2_ws/install/rotor_tm_msgs/local/lib/python3.10/dist-packages:/home/swati/Quad_DR/ros2_ws/install/rotor_tm_keyboard2wrench/lib/python3.10/site-packages:/home/swati/Quad_DR/ros2_ws/install/rotor_tm_config/lib/python3.10/site-packages:/opt/ros/humble/lib/python3.10/site-packages:/opt/ros/humble/local/lib/python3.10/dist-packages /usr/bin/python3 -W ignore:setup.py install is deprecated setup.py egg_info --egg-base ../../build/rotor_tm_control build --build-base /home/swati/Quad_DR/ros2_ws/build/rotor_tm_control/build install --record /home/swati/Quad_DR/ros2_ws/build/rotor_tm_control/install.log --single-version-externally-managed install_data
