[0.012s] Invoking command in '/home/dhruv/RotorTM/build/rotor_tm_plcontrol': CMAKE_PREFIX_PATH=/home/dhruv/RotorTM/install/rotor_tm_msgs:/home/dhruv/RotorTM/install/rotor_tm_plcontrol:/home/dhruv/rbe500-ros/install/open_manipulator:/home/dhruv/rbe500-ros/install/open_manipulator_x_controller:/home/dhruv/rbe500-ros/install/open_manipulator_x_libs:/home/dhruv/rbe500-ros/install/robotis_manipulator:/home/dhruv/rbe500-ros/install/rbe500-example:/home/dhruv/rbe500-ros/install/open_manipulator_x_description:/home/dhruv/rbe500-ros/install/open_manipulator_msgs:/home/dhruv/rbe500-ros/install/dynamixel_workbench:/home/dhruv/rbe500-ros/install/dynamixel_workbench_toolbox:/home/dhruv/rbe500-ros/install/dynamixel_sdk_examples:/home/dhruv/rbe500-ros/install/dynamixel_sdk_custom_interfaces:/home/dhruv/rbe500-ros/install/dynamixel_sdk:/home/dhruv/rbe500-ros/install/custom_interfaces:/home/dhruv/rbe500-ros/install/cmake_modules:/home/dhruv/RotorTM/install/rotor_tm_sim:/home/dhruv/RotorTM/install/rotor_tm_control:/home/dhruv/RotorTM/install/rotor_tm_utils:/home/dhruv/RotorTM/install/rotor_tm_traj:/home/dhruv/RotorTM/install/rotor_tm_keyboard2wrench:/home/dhruv/RotorTM/install/rotor_tm_config:/home/dhruv/RotorTM/install/payload_control:/home/dhruv/rbe500-ros/install/rbe500_example_py:/home/dhruv/rbe500-ros/install/grp_assn_2:/home/dhruv/rbe500-ros/install/grp_assn_1:/home/dhruv/rbe500-ros/install/grp_assn_3:/opt/ros/humble LD_LIBRARY_PATH=/home/dhruv/RotorTM/install/rotor_tm_msgs/lib:/home/dhruv/RotorTM/install/rotor_tm_plcontrol/lib:/home/dhruv/rbe500-ros/install/open_manipulator_x_libs/lib:/home/dhruv/rbe500-ros/install/robotis_manipulator/lib:/home/dhruv/rbe500-ros/install/open_manipulator_msgs/lib:/home/dhruv/rbe500-ros/install/dynamixel_workbench_toolbox/lib:/home/dhruv/rbe500-ros/install/dynamixel_sdk_custom_interfaces/lib:/home/dhruv/rbe500-ros/install/dynamixel_sdk/lib:/home/dhruv/rbe500-ros/install/custom_interfaces/lib:/opt/ros/humble/opt/rviz_ogre_vendor/lib:/opt/ros/humble/lib/x86_64-linux-gnu:/opt/ros/humble/lib /usr/bin/cmake /home/dhruv/RotorTM/src/rotor_tm_plcontrol -DCMAKE_INSTALL_PREFIX=/home/dhruv/RotorTM/install/rotor_tm_plcontrol
[0.026s] -- Found ament_cmake: 1.3.11 (/opt/ros/humble/share/ament_cmake/cmake)
[0.146s] -- Override CMake install command with custom implementation using symlinks instead of copying resources
[0.150s] -- Found rclcpp: 16.0.11 (/opt/ros/humble/share/rclcpp/cmake)
[0.169s] -- Found rosidl_generator_c: 3.1.6 (/opt/ros/humble/share/rosidl_generator_c/cmake)
[0.170s] -- Found rosidl_adapter: 3.1.6 (/opt/ros/humble/share/rosidl_adapter/cmake)
[0.174s] -- Found rosidl_generator_cpp: 3.1.6 (/opt/ros/humble/share/rosidl_generator_cpp/cmake)
[0.180s] -- Using all available rosidl_typesupport_c: rosidl_typesupport_fastrtps_c;rosidl_typesupport_introspection_c
[0.189s] -- Using all available rosidl_typesupport_cpp: rosidl_typesupport_fastrtps_cpp;rosidl_typesupport_introspection_cpp
[0.209s] -- Found rmw_implementation_cmake: 6.1.2 (/opt/ros/humble/share/rmw_implementation_cmake/cmake)
[0.211s] -- Found rmw_fastrtps_cpp: 6.2.7 (/opt/ros/humble/share/rmw_fastrtps_cpp/cmake)
[0.297s] -- Using RMW implementation 'rmw_fastrtps_cpp' as default
[0.329s] -- Found geometry_msgs: 4.2.4 (/opt/ros/humble/share/geometry_msgs/cmake)
[0.336s] -- Found nav_msgs: 4.2.4 (/opt/ros/humble/share/nav_msgs/cmake)
[0.347s] -- Found rotor_tm_msgs: 0.0.0 (/home/dhruv/RotorTM/install/rotor_tm_msgs/share/rotor_tm_msgs/cmake)
[0.370s] -- Found tf2: 0.25.9 (/opt/ros/humble/share/tf2/cmake)
[0.372s] -- Found tf2_ros: 0.25.9 (/opt/ros/humble/share/tf2_ros/cmake)
[0.431s] -- Found ament_lint_auto: 0.12.11 (/opt/ros/humble/share/ament_lint_auto/cmake)
[0.483s] -- Added test 'cppcheck' to perform static code analysis on C / C++ code
[0.483s] -- Configured cppcheck include dirs: /home/dhruv/RotorTM/src/rotor_tm_plcontrol/include;/home/dhruv/RotorTM/src/rotor_tm_plcontrol/scripts/c_generated_code
[0.483s] -- Configured cppcheck exclude dirs and/or files: 
[0.484s] -- Added test 'flake8' to check Python code syntax and style conventions
[0.484s] -- Added test 'lint_cmake' to check CMake code style
[0.484s] -- Added test 'pep257' to check Python code against some of the docstring style conventions in PEP 257
[0.486s] -- Added test 'uncrustify' to check C / C++ code style
[0.486s] -- Configured uncrustify additional arguments: 
[0.486s] -- Added test 'xmllint' to check XML markup files
[0.486s] -- Configuring done
[0.498s] -- Generating done
[0.502s] -- Build files have been written to: /home/dhruv/RotorTM/build/rotor_tm_plcontrol
[0.509s] Invoked command in '/home/dhruv/RotorTM/build/rotor_tm_plcontrol' returned '0': CMAKE_PREFIX_PATH=/home/dhruv/RotorTM/install/rotor_tm_msgs:/home/dhruv/RotorTM/install/rotor_tm_plcontrol:/home/dhruv/rbe500-ros/install/open_manipulator:/home/dhruv/rbe500-ros/install/open_manipulator_x_controller:/home/dhruv/rbe500-ros/install/open_manipulator_x_libs:/home/dhruv/rbe500-ros/install/robotis_manipulator:/home/dhruv/rbe500-ros/install/rbe500-example:/home/dhruv/rbe500-ros/install/open_manipulator_x_description:/home/dhruv/rbe500-ros/install/open_manipulator_msgs:/home/dhruv/rbe500-ros/install/dynamixel_workbench:/home/dhruv/rbe500-ros/install/dynamixel_workbench_toolbox:/home/dhruv/rbe500-ros/install/dynamixel_sdk_examples:/home/dhruv/rbe500-ros/install/dynamixel_sdk_custom_interfaces:/home/dhruv/rbe500-ros/install/dynamixel_sdk:/home/dhruv/rbe500-ros/install/custom_interfaces:/home/dhruv/rbe500-ros/install/cmake_modules:/home/dhruv/RotorTM/install/rotor_tm_sim:/home/dhruv/RotorTM/install/rotor_tm_control:/home/dhruv/RotorTM/install/rotor_tm_utils:/home/dhruv/RotorTM/install/rotor_tm_traj:/home/dhruv/RotorTM/install/rotor_tm_keyboard2wrench:/home/dhruv/RotorTM/install/rotor_tm_config:/home/dhruv/RotorTM/install/payload_control:/home/dhruv/rbe500-ros/install/rbe500_example_py:/home/dhruv/rbe500-ros/install/grp_assn_2:/home/dhruv/rbe500-ros/install/grp_assn_1:/home/dhruv/rbe500-ros/install/grp_assn_3:/opt/ros/humble LD_LIBRARY_PATH=/home/dhruv/RotorTM/install/rotor_tm_msgs/lib:/home/dhruv/RotorTM/install/rotor_tm_plcontrol/lib:/home/dhruv/rbe500-ros/install/open_manipulator_x_libs/lib:/home/dhruv/rbe500-ros/install/robotis_manipulator/lib:/home/dhruv/rbe500-ros/install/open_manipulator_msgs/lib:/home/dhruv/rbe500-ros/install/dynamixel_workbench_toolbox/lib:/home/dhruv/rbe500-ros/install/dynamixel_sdk_custom_interfaces/lib:/home/dhruv/rbe500-ros/install/dynamixel_sdk/lib:/home/dhruv/rbe500-ros/install/custom_interfaces/lib:/opt/ros/humble/opt/rviz_ogre_vendor/lib:/opt/ros/humble/lib/x86_64-linux-gnu:/opt/ros/humble/lib /usr/bin/cmake /home/dhruv/RotorTM/src/rotor_tm_plcontrol -DCMAKE_INSTALL_PREFIX=/home/dhruv/RotorTM/install/rotor_tm_plcontrol
[0.510s] Invoking command in '/home/dhruv/RotorTM/build/rotor_tm_plcontrol': CMAKE_PREFIX_PATH=/home/dhruv/RotorTM/install/rotor_tm_msgs:/home/dhruv/RotorTM/install/rotor_tm_plcontrol:/home/dhruv/rbe500-ros/install/open_manipulator:/home/dhruv/rbe500-ros/install/open_manipulator_x_controller:/home/dhruv/rbe500-ros/install/open_manipulator_x_libs:/home/dhruv/rbe500-ros/install/robotis_manipulator:/home/dhruv/rbe500-ros/install/rbe500-example:/home/dhruv/rbe500-ros/install/open_manipulator_x_description:/home/dhruv/rbe500-ros/install/open_manipulator_msgs:/home/dhruv/rbe500-ros/install/dynamixel_workbench:/home/dhruv/rbe500-ros/install/dynamixel_workbench_toolbox:/home/dhruv/rbe500-ros/install/dynamixel_sdk_examples:/home/dhruv/rbe500-ros/install/dynamixel_sdk_custom_interfaces:/home/dhruv/rbe500-ros/install/dynamixel_sdk:/home/dhruv/rbe500-ros/install/custom_interfaces:/home/dhruv/rbe500-ros/install/cmake_modules:/home/dhruv/RotorTM/install/rotor_tm_sim:/home/dhruv/RotorTM/install/rotor_tm_control:/home/dhruv/RotorTM/install/rotor_tm_utils:/home/dhruv/RotorTM/install/rotor_tm_traj:/home/dhruv/RotorTM/install/rotor_tm_keyboard2wrench:/home/dhruv/RotorTM/install/rotor_tm_config:/home/dhruv/RotorTM/install/payload_control:/home/dhruv/rbe500-ros/install/rbe500_example_py:/home/dhruv/rbe500-ros/install/grp_assn_2:/home/dhruv/rbe500-ros/install/grp_assn_1:/home/dhruv/rbe500-ros/install/grp_assn_3:/opt/ros/humble LD_LIBRARY_PATH=/home/dhruv/RotorTM/install/rotor_tm_msgs/lib:/home/dhruv/RotorTM/install/rotor_tm_plcontrol/lib:/home/dhruv/rbe500-ros/install/open_manipulator_x_libs/lib:/home/dhruv/rbe500-ros/install/robotis_manipulator/lib:/home/dhruv/rbe500-ros/install/open_manipulator_msgs/lib:/home/dhruv/rbe500-ros/install/dynamixel_workbench_toolbox/lib:/home/dhruv/rbe500-ros/install/dynamixel_sdk_custom_interfaces/lib:/home/dhruv/rbe500-ros/install/dynamixel_sdk/lib:/home/dhruv/rbe500-ros/install/custom_interfaces/lib:/opt/ros/humble/opt/rviz_ogre_vendor/lib:/opt/ros/humble/lib/x86_64-linux-gnu:/opt/ros/humble/lib /usr/bin/cmake --build /home/dhruv/RotorTM/build/rotor_tm_plcontrol -- -j32 -l32
[0.547s] [35m[1mConsolidate compiler generated dependencies of target pl_nmpc_shared_lib[0m
[0.566s] [ 66%] Built target pl_nmpc_shared_lib
[0.576s] [35m[1mConsolidate compiler generated dependencies of target pl_nmpc_node[0m
[0.594s] [100%] Built target pl_nmpc_node
[0.603s] Invoked command in '/home/dhruv/RotorTM/build/rotor_tm_plcontrol' returned '0': CMAKE_PREFIX_PATH=/home/dhruv/RotorTM/install/rotor_tm_msgs:/home/dhruv/RotorTM/install/rotor_tm_plcontrol:/home/dhruv/rbe500-ros/install/open_manipulator:/home/dhruv/rbe500-ros/install/open_manipulator_x_controller:/home/dhruv/rbe500-ros/install/open_manipulator_x_libs:/home/dhruv/rbe500-ros/install/robotis_manipulator:/home/dhruv/rbe500-ros/install/rbe500-example:/home/dhruv/rbe500-ros/install/open_manipulator_x_description:/home/dhruv/rbe500-ros/install/open_manipulator_msgs:/home/dhruv/rbe500-ros/install/dynamixel_workbench:/home/dhruv/rbe500-ros/install/dynamixel_workbench_toolbox:/home/dhruv/rbe500-ros/install/dynamixel_sdk_examples:/home/dhruv/rbe500-ros/install/dynamixel_sdk_custom_interfaces:/home/dhruv/rbe500-ros/install/dynamixel_sdk:/home/dhruv/rbe500-ros/install/custom_interfaces:/home/dhruv/rbe500-ros/install/cmake_modules:/home/dhruv/RotorTM/install/rotor_tm_sim:/home/dhruv/RotorTM/install/rotor_tm_control:/home/dhruv/RotorTM/install/rotor_tm_utils:/home/dhruv/RotorTM/install/rotor_tm_traj:/home/dhruv/RotorTM/install/rotor_tm_keyboard2wrench:/home/dhruv/RotorTM/install/rotor_tm_config:/home/dhruv/RotorTM/install/payload_control:/home/dhruv/rbe500-ros/install/rbe500_example_py:/home/dhruv/rbe500-ros/install/grp_assn_2:/home/dhruv/rbe500-ros/install/grp_assn_1:/home/dhruv/rbe500-ros/install/grp_assn_3:/opt/ros/humble LD_LIBRARY_PATH=/home/dhruv/RotorTM/install/rotor_tm_msgs/lib:/home/dhruv/RotorTM/install/rotor_tm_plcontrol/lib:/home/dhruv/rbe500-ros/install/open_manipulator_x_libs/lib:/home/dhruv/rbe500-ros/install/robotis_manipulator/lib:/home/dhruv/rbe500-ros/install/open_manipulator_msgs/lib:/home/dhruv/rbe500-ros/install/dynamixel_workbench_toolbox/lib:/home/dhruv/rbe500-ros/install/dynamixel_sdk_custom_interfaces/lib:/home/dhruv/rbe500-ros/install/dynamixel_sdk/lib:/home/dhruv/rbe500-ros/install/custom_interfaces/lib:/opt/ros/humble/opt/rviz_ogre_vendor/lib:/opt/ros/humble/lib/x86_64-linux-gnu:/opt/ros/humble/lib /usr/bin/cmake --build /home/dhruv/RotorTM/build/rotor_tm_plcontrol -- -j32 -l32
[0.604s] Invoking command in '/home/dhruv/RotorTM/build/rotor_tm_plcontrol': CMAKE_PREFIX_PATH=/home/dhruv/RotorTM/install/rotor_tm_msgs:/home/dhruv/RotorTM/install/rotor_tm_plcontrol:/home/dhruv/rbe500-ros/install/open_manipulator:/home/dhruv/rbe500-ros/install/open_manipulator_x_controller:/home/dhruv/rbe500-ros/install/open_manipulator_x_libs:/home/dhruv/rbe500-ros/install/robotis_manipulator:/home/dhruv/rbe500-ros/install/rbe500-example:/home/dhruv/rbe500-ros/install/open_manipulator_x_description:/home/dhruv/rbe500-ros/install/open_manipulator_msgs:/home/dhruv/rbe500-ros/install/dynamixel_workbench:/home/dhruv/rbe500-ros/install/dynamixel_workbench_toolbox:/home/dhruv/rbe500-ros/install/dynamixel_sdk_examples:/home/dhruv/rbe500-ros/install/dynamixel_sdk_custom_interfaces:/home/dhruv/rbe500-ros/install/dynamixel_sdk:/home/dhruv/rbe500-ros/install/custom_interfaces:/home/dhruv/rbe500-ros/install/cmake_modules:/home/dhruv/RotorTM/install/rotor_tm_sim:/home/dhruv/RotorTM/install/rotor_tm_control:/home/dhruv/RotorTM/install/rotor_tm_utils:/home/dhruv/RotorTM/install/rotor_tm_traj:/home/dhruv/RotorTM/install/rotor_tm_keyboard2wrench:/home/dhruv/RotorTM/install/rotor_tm_config:/home/dhruv/RotorTM/install/payload_control:/home/dhruv/rbe500-ros/install/rbe500_example_py:/home/dhruv/rbe500-ros/install/grp_assn_2:/home/dhruv/rbe500-ros/install/grp_assn_1:/home/dhruv/rbe500-ros/install/grp_assn_3:/opt/ros/humble LD_LIBRARY_PATH=/home/dhruv/RotorTM/install/rotor_tm_msgs/lib:/home/dhruv/RotorTM/install/rotor_tm_plcontrol/lib:/home/dhruv/rbe500-ros/install/open_manipulator_x_libs/lib:/home/dhruv/rbe500-ros/install/robotis_manipulator/lib:/home/dhruv/rbe500-ros/install/open_manipulator_msgs/lib:/home/dhruv/rbe500-ros/install/dynamixel_workbench_toolbox/lib:/home/dhruv/rbe500-ros/install/dynamixel_sdk_custom_interfaces/lib:/home/dhruv/rbe500-ros/install/dynamixel_sdk/lib:/home/dhruv/rbe500-ros/install/custom_interfaces/lib:/opt/ros/humble/opt/rviz_ogre_vendor/lib:/opt/ros/humble/lib/x86_64-linux-gnu:/opt/ros/humble/lib /usr/bin/cmake --install /home/dhruv/RotorTM/build/rotor_tm_plcontrol
[0.611s] -- Install configuration: ""
[0.612s] -- Execute custom install script
[0.612s] -- Up-to-date symlink: /home/dhruv/RotorTM/install/rotor_tm_plcontrol/lib/libacados_ocp_solver_payload_model.so
[0.612s] -- Up-to-date symlink: /home/dhruv/RotorTM/install/rotor_tm_plcontrol/share/rotor_tm_plcontrol/environment/library_path.sh
[0.612s] -- Up-to-date symlink: /home/dhruv/RotorTM/install/rotor_tm_plcontrol/share/rotor_tm_plcontrol/environment/library_path.dsv
[0.612s] -- Up-to-date symlink: /home/dhruv/RotorTM/install/rotor_tm_plcontrol/lib/rotor_tm_plcontrol/pl_nmpc_node
[0.613s] -- Up-to-date symlink: /home/dhruv/RotorTM/install/rotor_tm_plcontrol/lib/libpl_nmpc_shared_lib.so
[0.613s] -- Up-to-date symlink: /home/dhruv/RotorTM/install/rotor_tm_plcontrol/include//rotor_tm_plcontrol/acados_solver_payload_model.h
[0.613s] -- Up-to-date symlink: /home/dhruv/RotorTM/install/rotor_tm_plcontrol/include//rotor_tm_plcontrol/nmpc_control.h
[0.613s] -- Up-to-date symlink: /home/dhruv/RotorTM/install/rotor_tm_plcontrol/include//rotor_tm_plcontrol/payload_model_model.h
[0.613s] -- Up-to-date symlink: /home/dhruv/RotorTM/install/rotor_tm_plcontrol/include//rotor_tm_plcontrol/wrapper.h
[0.613s] -- Up-to-date symlink: /home/dhruv/RotorTM/install/rotor_tm_plcontrol/share/ament_index/resource_index/package_run_dependencies/rotor_tm_plcontrol
[0.613s] -- Up-to-date symlink: /home/dhruv/RotorTM/install/rotor_tm_plcontrol/share/ament_index/resource_index/parent_prefix_path/rotor_tm_plcontrol
[0.614s] -- Up-to-date symlink: /home/dhruv/RotorTM/install/rotor_tm_plcontrol/share/rotor_tm_plcontrol/environment/ament_prefix_path.sh
[0.614s] -- Up-to-date symlink: /home/dhruv/RotorTM/install/rotor_tm_plcontrol/share/rotor_tm_plcontrol/environment/ament_prefix_path.dsv
[0.614s] -- Up-to-date symlink: /home/dhruv/RotorTM/install/rotor_tm_plcontrol/share/rotor_tm_plcontrol/environment/path.sh
[0.614s] -- Up-to-date symlink: /home/dhruv/RotorTM/install/rotor_tm_plcontrol/share/rotor_tm_plcontrol/environment/path.dsv
[0.614s] -- Up-to-date symlink: /home/dhruv/RotorTM/install/rotor_tm_plcontrol/share/rotor_tm_plcontrol/local_setup.bash
[0.614s] -- Up-to-date symlink: /home/dhruv/RotorTM/install/rotor_tm_plcontrol/share/rotor_tm_plcontrol/local_setup.sh
[0.614s] -- Up-to-date symlink: /home/dhruv/RotorTM/install/rotor_tm_plcontrol/share/rotor_tm_plcontrol/local_setup.zsh
[0.614s] -- Up-to-date symlink: /home/dhruv/RotorTM/install/rotor_tm_plcontrol/share/rotor_tm_plcontrol/local_setup.dsv
[0.614s] -- Symlinking: /home/dhruv/RotorTM/install/rotor_tm_plcontrol/share/rotor_tm_plcontrol/package.dsv
[0.622s] -- Up-to-date symlink: /home/dhruv/RotorTM/install/rotor_tm_plcontrol/share/ament_index/resource_index/packages/rotor_tm_plcontrol
[0.622s] -- Up-to-date symlink: /home/dhruv/RotorTM/install/rotor_tm_plcontrol/share/rotor_tm_plcontrol/cmake/ament_cmake_export_libraries-extras.cmake
[0.622s] -- Up-to-date symlink: /home/dhruv/RotorTM/install/rotor_tm_plcontrol/share/rotor_tm_plcontrol/cmake/ament_cmake_export_dependencies-extras.cmake
[0.622s] -- Up-to-date symlink: /home/dhruv/RotorTM/install/rotor_tm_plcontrol/share/rotor_tm_plcontrol/cmake/rotor_tm_plcontrolConfig.cmake
[0.622s] -- Up-to-date symlink: /home/dhruv/RotorTM/install/rotor_tm_plcontrol/share/rotor_tm_plcontrol/cmake/rotor_tm_plcontrolConfig-version.cmake
[0.622s] -- Up-to-date symlink: /home/dhruv/RotorTM/install/rotor_tm_plcontrol/share/rotor_tm_plcontrol/package.xml
[0.624s] Invoked command in '/home/dhruv/RotorTM/build/rotor_tm_plcontrol' returned '0': CMAKE_PREFIX_PATH=/home/dhruv/RotorTM/install/rotor_tm_msgs:/home/dhruv/RotorTM/install/rotor_tm_plcontrol:/home/dhruv/rbe500-ros/install/open_manipulator:/home/dhruv/rbe500-ros/install/open_manipulator_x_controller:/home/dhruv/rbe500-ros/install/open_manipulator_x_libs:/home/dhruv/rbe500-ros/install/robotis_manipulator:/home/dhruv/rbe500-ros/install/rbe500-example:/home/dhruv/rbe500-ros/install/open_manipulator_x_description:/home/dhruv/rbe500-ros/install/open_manipulator_msgs:/home/dhruv/rbe500-ros/install/dynamixel_workbench:/home/dhruv/rbe500-ros/install/dynamixel_workbench_toolbox:/home/dhruv/rbe500-ros/install/dynamixel_sdk_examples:/home/dhruv/rbe500-ros/install/dynamixel_sdk_custom_interfaces:/home/dhruv/rbe500-ros/install/dynamixel_sdk:/home/dhruv/rbe500-ros/install/custom_interfaces:/home/dhruv/rbe500-ros/install/cmake_modules:/home/dhruv/RotorTM/install/rotor_tm_sim:/home/dhruv/RotorTM/install/rotor_tm_control:/home/dhruv/RotorTM/install/rotor_tm_utils:/home/dhruv/RotorTM/install/rotor_tm_traj:/home/dhruv/RotorTM/install/rotor_tm_keyboard2wrench:/home/dhruv/RotorTM/install/rotor_tm_config:/home/dhruv/RotorTM/install/payload_control:/home/dhruv/rbe500-ros/install/rbe500_example_py:/home/dhruv/rbe500-ros/install/grp_assn_2:/home/dhruv/rbe500-ros/install/grp_assn_1:/home/dhruv/rbe500-ros/install/grp_assn_3:/opt/ros/humble LD_LIBRARY_PATH=/home/dhruv/RotorTM/install/rotor_tm_msgs/lib:/home/dhruv/RotorTM/install/rotor_tm_plcontrol/lib:/home/dhruv/rbe500-ros/install/open_manipulator_x_libs/lib:/home/dhruv/rbe500-ros/install/robotis_manipulator/lib:/home/dhruv/rbe500-ros/install/open_manipulator_msgs/lib:/home/dhruv/rbe500-ros/install/dynamixel_workbench_toolbox/lib:/home/dhruv/rbe500-ros/install/dynamixel_sdk_custom_interfaces/lib:/home/dhruv/rbe500-ros/install/dynamixel_sdk/lib:/home/dhruv/rbe500-ros/install/custom_interfaces/lib:/opt/ros/humble/opt/rviz_ogre_vendor/lib:/opt/ros/humble/lib/x86_64-linux-gnu:/opt/ros/humble/lib /usr/bin/cmake --install /home/dhruv/RotorTM/build/rotor_tm_plcontrol
