running develop
running egg_info
creating rotor_tm_traj.egg-info
writing rotor_tm_traj.egg-info/PKG-INFO
writing dependency_links to rotor_tm_traj.egg-info/dependency_links.txt
writing entry points to rotor_tm_traj.egg-info/entry_points.txt
writing requirements to rotor_tm_traj.egg-info/requires.txt
writing top-level names to rotor_tm_traj.egg-info/top_level.txt
writing manifest file 'rotor_tm_traj.egg-info/SOURCES.txt'
reading manifest file 'rotor_tm_traj.egg-info/SOURCES.txt'
writing manifest file 'rotor_tm_traj.egg-info/SOURCES.txt'
running build_ext
Creating /home/dhruv/RotorTM/install/rotor_tm_traj/lib/python3.10/site-packages/rotor-tm-traj.egg-link (link to .)
Installing traj_node script to /home/dhruv/RotorTM/install/rotor_tm_traj/lib/rotor_tm_traj

Installed /home/dhruv/RotorTM/build/rotor_tm_traj
running symlink_data
creating /home/dhruv/RotorTM/install/rotor_tm_traj/share/ament_index
creating /home/dhruv/RotorTM/install/rotor_tm_traj/share/ament_index/resource_index
creating /home/dhruv/RotorTM/install/rotor_tm_traj/share/ament_index/resource_index/packages
symbolically linking /home/dhruv/RotorTM/build/rotor_tm_traj/resource/rotor_tm_traj -> /home/dhruv/RotorTM/install/rotor_tm_traj/share/ament_index/resource_index/packages
symbolically linking /home/dhruv/RotorTM/build/rotor_tm_traj/package.xml -> /home/dhruv/RotorTM/install/rotor_tm_traj/share/rotor_tm_traj
