[1.079s] Invoking command in '/home/dhruv/RotorTM/build/rotor_tm_traj': PYTHONPATH=/home/dhruv/RotorTM/build/rotor_tm_traj/prefix_override:/usr/lib/python3/dist-packages/colcon_core/task/python/colcon_distutils_commands:/home/dhruv/RotorTM/install/rotor_tm_traj/lib/python3.10/site-packages:${PYTHONPATH} /usr/bin/python3 -W ignore:setup.py install is deprecated -W ignore:easy_install command is deprecated setup.py develop --editable --build-directory /home/dhruv/RotorTM/build/rotor_tm_traj/build --no-deps symlink_data
[1.246s] running develop
[1.349s] running egg_info
[1.350s] creating rotor_tm_traj.egg-info
[1.350s] writing rotor_tm_traj.egg-info/PKG-INFO
[1.350s] writing dependency_links to rotor_tm_traj.egg-info/dependency_links.txt
[1.350s] writing entry points to rotor_tm_traj.egg-info/entry_points.txt
[1.350s] writing requirements to rotor_tm_traj.egg-info/requires.txt
[1.350s] writing top-level names to rotor_tm_traj.egg-info/top_level.txt
[1.350s] writing manifest file 'rotor_tm_traj.egg-info/SOURCES.txt'
[1.351s] reading manifest file 'rotor_tm_traj.egg-info/SOURCES.txt'
[1.352s] writing manifest file 'rotor_tm_traj.egg-info/SOURCES.txt'
[1.353s] running build_ext
[1.353s] Creating /home/dhruv/RotorTM/install/rotor_tm_traj/lib/python3.10/site-packages/rotor-tm-traj.egg-link (link to .)
[1.353s] Installing traj_node script to /home/dhruv/RotorTM/install/rotor_tm_traj/lib/rotor_tm_traj
[1.353s] 
[1.353s] Installed /home/dhruv/RotorTM/build/rotor_tm_traj
[1.354s] running symlink_data
[1.354s] creating /home/dhruv/RotorTM/install/rotor_tm_traj/share/ament_index
[1.354s] creating /home/dhruv/RotorTM/install/rotor_tm_traj/share/ament_index/resource_index
[1.354s] creating /home/dhruv/RotorTM/install/rotor_tm_traj/share/ament_index/resource_index/packages
[1.354s] symbolically linking /home/dhruv/RotorTM/build/rotor_tm_traj/resource/rotor_tm_traj -> /home/dhruv/RotorTM/install/rotor_tm_traj/share/ament_index/resource_index/packages
[1.354s] symbolically linking /home/dhruv/RotorTM/build/rotor_tm_traj/package.xml -> /home/dhruv/RotorTM/install/rotor_tm_traj/share/rotor_tm_traj
[1.383s] Invoked command in '/home/dhruv/RotorTM/build/rotor_tm_traj' returned '0': PYTHONPATH=/home/dhruv/RotorTM/build/rotor_tm_traj/prefix_override:/usr/lib/python3/dist-packages/colcon_core/task/python/colcon_distutils_commands:/home/dhruv/RotorTM/install/rotor_tm_traj/lib/python3.10/site-packages:${PYTHONPATH} /usr/bin/python3 -W ignore:setup.py install is deprecated -W ignore:easy_install command is deprecated setup.py develop --editable --build-directory /home/dhruv/RotorTM/build/rotor_tm_traj/build --no-deps symlink_data
