[1.310s] Invoking command in '/home/swati/Quad_DR/RotorTM/src/rotor_tm_config': PYTHONPATH=/home/swati/Quad_DR/RotorTM/build/rotor_tm_config/prefix_override:/usr/lib/python3/dist-packages/colcon_core/task/python/colcon_distutils_commands:/home/swati/Quad_DR/RotorTM/install/rotor_tm_config/lib/python3.10/site-packages:${PYTHONPATH} /usr/bin/python3 -W ignore:setup.py install is deprecated setup.py egg_info --egg-base ../../build/rotor_tm_config build --build-base /home/swati/Quad_DR/RotorTM/build/rotor_tm_config/build install --record /home/swati/Quad_DR/RotorTM/build/rotor_tm_config/install.log --single-version-externally-managed install_data
[1.417s] /home/swati/.local/lib/python3.10/site-packages/setuptools/_distutils/dist.py:261: UserWarning: Unknown distribution option: 'tests_require'
[1.417s]   warnings.warn(msg)
[1.497s] running egg_info
[1.507s] creating ../../build/rotor_tm_config/rotor_tm_config.egg-info
[1.507s] writing ../../build/rotor_tm_config/rotor_tm_config.egg-info/PKG-INFO
[1.507s] writing dependency_links to ../../build/rotor_tm_config/rotor_tm_config.egg-info/dependency_links.txt
[1.508s] writing requirements to ../../build/rotor_tm_config/rotor_tm_config.egg-info/requires.txt
[1.508s] writing top-level names to ../../build/rotor_tm_config/rotor_tm_config.egg-info/top_level.txt
[1.508s] writing manifest file '../../build/rotor_tm_config/rotor_tm_config.egg-info/SOURCES.txt'
[1.540s] reading manifest file '../../build/rotor_tm_config/rotor_tm_config.egg-info/SOURCES.txt'
[1.540s] adding license file 'LICENSE'
[1.541s] writing manifest file '../../build/rotor_tm_config/rotor_tm_config.egg-info/SOURCES.txt'
[1.541s] running build
[1.541s] running build_py
[1.541s] creating /home/swati/Quad_DR/RotorTM/build/rotor_tm_config/build/lib/rotor_tm_config
[1.541s] copying rotor_tm_config/__init__.py -> /home/swati/Quad_DR/RotorTM/build/rotor_tm_config/build/lib/rotor_tm_config
[1.542s] running install
[1.545s] running install_lib
[1.556s] creating /home/swati/Quad_DR/RotorTM/install/rotor_tm_config/lib/python3.10/site-packages/rotor_tm_config
[1.556s] copying /home/swati/Quad_DR/RotorTM/build/rotor_tm_config/build/lib/rotor_tm_config/__init__.py -> /home/swati/Quad_DR/RotorTM/install/rotor_tm_config/lib/python3.10/site-packages/rotor_tm_config
[1.556s] byte-compiling /home/swati/Quad_DR/RotorTM/install/rotor_tm_config/lib/python3.10/site-packages/rotor_tm_config/__init__.py to __init__.cpython-310.pyc
[1.556s] running install_data
[1.556s] creating /home/swati/Quad_DR/RotorTM/install/rotor_tm_config/share/ament_index/resource_index/packages
[1.556s] copying resource/rotor_tm_config -> /home/swati/Quad_DR/RotorTM/install/rotor_tm_config/share/ament_index/resource_index/packages
[1.557s] copying package.xml -> /home/swati/Quad_DR/RotorTM/install/rotor_tm_config/share/rotor_tm_config
[1.557s] creating /home/swati/Quad_DR/RotorTM/install/rotor_tm_config/share/rotor_tm_config/config
[1.557s] copying config/1_robot_point_mass_0-5m.yaml -> /home/swati/Quad_DR/RotorTM/install/rotor_tm_config/share/rotor_tm_config/config
[1.557s] creating /home/swati/Quad_DR/RotorTM/install/rotor_tm_config/share/rotor_tm_config/config/attach_mechanism/rigid_link
[1.557s] copying config/attach_mechanism/rigid_link/3_hetereogeneous_robots_triangular_payload.yaml -> /home/swati/Quad_DR/RotorTM/install/rotor_tm_config/share/rotor_tm_config/config/attach_mechanism/rigid_link
[1.557s] copying config/attach_mechanism/rigid_link/3_robots_triangular_payload.yaml -> /home/swati/Quad_DR/RotorTM/install/rotor_tm_config/share/rotor_tm_config/config/attach_mechanism/rigid_link
[1.557s] copying config/attach_mechanism/rigid_link/5_robots_triangular_payload.yaml -> /home/swati/Quad_DR/RotorTM/install/rotor_tm_config/share/rotor_tm_config/config/attach_mechanism/rigid_link
[1.557s] copying config/attach_mechanism/rigid_link/2_robots_long_bar.yaml -> /home/swati/Quad_DR/RotorTM/install/rotor_tm_config/share/rotor_tm_config/config/attach_mechanism/rigid_link
[1.557s] creating /home/swati/Quad_DR/RotorTM/install/rotor_tm_config/share/rotor_tm_config/config/attach_mechanism/cable
[1.557s] copying config/attach_mechanism/cable/3_robots_triangular_payload_1m_bullnose_dragonfly.yaml -> /home/swati/Quad_DR/RotorTM/install/rotor_tm_config/share/rotor_tm_config/config/attach_mechanism/cable
[1.557s] copying config/attach_mechanism/cable/2_robots_long_bar_payload_0-5m.yaml -> /home/swati/Quad_DR/RotorTM/install/rotor_tm_config/share/rotor_tm_config/config/attach_mechanism/cable
[1.557s] copying config/attach_mechanism/cable/3_robots_triangular_payload_1m_0-5m_different_cable_length.yaml -> /home/swati/Quad_DR/RotorTM/install/rotor_tm_config/share/rotor_tm_config/config/attach_mechanism/cable
[1.558s] copying config/attach_mechanism/cable/1_robot_point_mass_0-5m.yaml -> /home/swati/Quad_DR/RotorTM/install/rotor_tm_config/share/rotor_tm_config/config/attach_mechanism/cable
[1.558s] copying config/attach_mechanism/cable/3_robots_triangular_payload_1m.yaml -> /home/swati/Quad_DR/RotorTM/install/rotor_tm_config/share/rotor_tm_config/config/attach_mechanism/cable
[1.558s] copying config/attach_mechanism/cable/3_robots_triangular_payload_1-2m_1m_0-8m_different_cable_length.yaml -> /home/swati/Quad_DR/RotorTM/install/rotor_tm_config/share/rotor_tm_config/config/attach_mechanism/cable
[1.558s] copying config/attach_mechanism/cable/6_robots_fedex_box_0_5m.yaml -> /home/swati/Quad_DR/RotorTM/install/rotor_tm_config/share/rotor_tm_config/config/attach_mechanism/cable
[1.558s] copying config/attach_mechanism/cable/3_robots_triangular_payload_1m_different_robots_dynamics.yaml -> /home/swati/Quad_DR/RotorTM/install/rotor_tm_config/share/rotor_tm_config/config/attach_mechanism/cable
[1.558s] copying config/attach_mechanism/cable/3_robots_triangular_payload_0-5m.yaml -> /home/swati/Quad_DR/RotorTM/install/rotor_tm_config/share/rotor_tm_config/config/attach_mechanism/cable
[1.558s] copying config/attach_mechanism/cable/4_robots_fedex_box_0_5m.yaml -> /home/swati/Quad_DR/RotorTM/install/rotor_tm_config/share/rotor_tm_config/config/attach_mechanism/cable
[1.558s] creating /home/swati/Quad_DR/RotorTM/install/rotor_tm_config/share/rotor_tm_config/config/load_params
[1.558s] copying config/load_params/pointmass_payload.yaml -> /home/swati/Quad_DR/RotorTM/install/rotor_tm_config/share/rotor_tm_config/config/load_params
[1.558s] copying config/load_params/triangular_payload.yaml -> /home/swati/Quad_DR/RotorTM/install/rotor_tm_config/share/rotor_tm_config/config/load_params
[1.558s] copying config/load_params/long_bar_wood_payload.yaml -> /home/swati/Quad_DR/RotorTM/install/rotor_tm_config/share/rotor_tm_config/config/load_params
[1.558s] copying config/load_params/fedex_box_payload.yaml -> /home/swati/Quad_DR/RotorTM/install/rotor_tm_config/share/rotor_tm_config/config/load_params
[1.559s] creating /home/swati/Quad_DR/RotorTM/install/rotor_tm_config/share/rotor_tm_config/config/initial_condition
[1.559s] copying config/initial_condition/3_robots_triangular_payload_initial_condition.yaml -> /home/swati/Quad_DR/RotorTM/install/rotor_tm_config/share/rotor_tm_config/config/initial_condition
[1.559s] copying config/initial_condition/6_robots_fedexbox_initial_condition.yaml -> /home/swati/Quad_DR/RotorTM/install/rotor_tm_config/share/rotor_tm_config/config/initial_condition
[1.559s] copying config/initial_condition/singlequad_ptmass_initial_condition.yaml -> /home/swati/Quad_DR/RotorTM/install/rotor_tm_config/share/rotor_tm_config/config/initial_condition
[1.559s] creating /home/swati/Quad_DR/RotorTM/install/rotor_tm_config/share/rotor_tm_config/config/control_params
[1.559s] copying config/control_params/snapdragonfly_bullnose_prop_control_gains.yaml -> /home/swati/Quad_DR/RotorTM/install/rotor_tm_config/share/rotor_tm_config/config/control_params
[1.559s] copying config/control_params/race_control_gains.yaml -> /home/swati/Quad_DR/RotorTM/install/rotor_tm_config/share/rotor_tm_config/config/control_params
[1.560s] copying config/control_params/long_bar_payload_cooperative_cable_gains.yaml -> /home/swati/Quad_DR/RotorTM/install/rotor_tm_config/share/rotor_tm_config/config/control_params
[1.560s] copying config/control_params/snapdragonfly_control_gains.yaml -> /home/swati/Quad_DR/RotorTM/install/rotor_tm_config/share/rotor_tm_config/config/control_params
[1.560s] copying config/control_params/triangular_payload_cooperative_cable_gains.yaml -> /home/swati/Quad_DR/RotorTM/install/rotor_tm_config/share/rotor_tm_config/config/control_params
[1.560s] copying config/control_params/hummingbird_control_gains.yaml -> /home/swati/Quad_DR/RotorTM/install/rotor_tm_config/share/rotor_tm_config/config/control_params
[1.560s] copying config/control_params/triangular_payload_cooperative_rigidlink_gains.yaml -> /home/swati/Quad_DR/RotorTM/install/rotor_tm_config/share/rotor_tm_config/config/control_params
[1.560s] copying config/control_params/payload_nmpc_params.yaml -> /home/swati/Quad_DR/RotorTM/install/rotor_tm_config/share/rotor_tm_config/config/control_params
[1.560s] copying config/control_params/pointmass_cable_gains.yaml -> /home/swati/Quad_DR/RotorTM/install/rotor_tm_config/share/rotor_tm_config/config/control_params
[1.560s] creating /home/swati/Quad_DR/RotorTM/install/rotor_tm_config/share/rotor_tm_config/config/cable
[1.560s] copying config/cable/3_robots_triangular_payload_1m_bullnose_dragonfly.yaml -> /home/swati/Quad_DR/RotorTM/install/rotor_tm_config/share/rotor_tm_config/config/cable
[1.561s] copying config/cable/2_robots_long_bar_payload_0-5m.yaml -> /home/swati/Quad_DR/RotorTM/install/rotor_tm_config/share/rotor_tm_config/config/cable
[1.561s] copying config/cable/3_robots_triangular_payload_1m_0-5m_different_cable_length.yaml -> /home/swati/Quad_DR/RotorTM/install/rotor_tm_config/share/rotor_tm_config/config/cable
[1.561s] copying config/cable/1_robot_point_mass_0-5m.yaml -> /home/swati/Quad_DR/RotorTM/install/rotor_tm_config/share/rotor_tm_config/config/cable
[1.561s] copying config/cable/3_robots_triangular_payload_1m.yaml -> /home/swati/Quad_DR/RotorTM/install/rotor_tm_config/share/rotor_tm_config/config/cable
[1.561s] copying config/cable/3_robots_triangular_payload_1-2m_1m_0-8m_different_cable_length.yaml -> /home/swati/Quad_DR/RotorTM/install/rotor_tm_config/share/rotor_tm_config/config/cable
[1.561s] copying config/cable/6_robots_fedex_box_0_5m.yaml -> /home/swati/Quad_DR/RotorTM/install/rotor_tm_config/share/rotor_tm_config/config/cable
[1.561s] copying config/cable/3_robots_triangular_payload_1m_different_robots_dynamics.yaml -> /home/swati/Quad_DR/RotorTM/install/rotor_tm_config/share/rotor_tm_config/config/cable
[1.561s] copying config/cable/3_robots_triangular_payload_0-5m.yaml -> /home/swati/Quad_DR/RotorTM/install/rotor_tm_config/share/rotor_tm_config/config/cable
[1.561s] copying config/cable/4_robots_fedex_box_0_5m.yaml -> /home/swati/Quad_DR/RotorTM/install/rotor_tm_config/share/rotor_tm_config/config/cable
[1.561s] creating /home/swati/Quad_DR/RotorTM/install/rotor_tm_config/share/rotor_tm_config/config/uav_params
[1.562s] copying config/uav_params/hummingbird.yaml -> /home/swati/Quad_DR/RotorTM/install/rotor_tm_config/share/rotor_tm_config/config/uav_params
[1.562s] copying config/uav_params/race.yaml -> /home/swati/Quad_DR/RotorTM/install/rotor_tm_config/share/rotor_tm_config/config/uav_params
[1.562s] copying config/uav_params/snapdragonfly.yaml -> /home/swati/Quad_DR/RotorTM/install/rotor_tm_config/share/rotor_tm_config/config/uav_params
[1.562s] copying config/uav_params/snapdragonfly_bullnose_prop.yaml -> /home/swati/Quad_DR/RotorTM/install/rotor_tm_config/share/rotor_tm_config/config/uav_params
[1.562s] running install_egg_info
[1.572s] Copying ../../build/rotor_tm_config/rotor_tm_config.egg-info to /home/swati/Quad_DR/RotorTM/install/rotor_tm_config/lib/python3.10/site-packages/rotor_tm_config-0.0.0-py3.10.egg-info
[1.572s] running install_scripts
[1.659s] writing list of installed files to '/home/swati/Quad_DR/RotorTM/build/rotor_tm_config/install.log'
[1.680s] Invoked command in '/home/swati/Quad_DR/RotorTM/src/rotor_tm_config' returned '0': PYTHONPATH=/home/swati/Quad_DR/RotorTM/build/rotor_tm_config/prefix_override:/usr/lib/python3/dist-packages/colcon_core/task/python/colcon_distutils_commands:/home/swati/Quad_DR/RotorTM/install/rotor_tm_config/lib/python3.10/site-packages:${PYTHONPATH} /usr/bin/python3 -W ignore:setup.py install is deprecated setup.py egg_info --egg-base ../../build/rotor_tm_config build --build-base /home/swati/Quad_DR/RotorTM/build/rotor_tm_config/build install --record /home/swati/Quad_DR/RotorTM/build/rotor_tm_config/install.log --single-version-externally-managed install_data
