[  0%] Built target rotor_tm_msgs__cpp
[ 12%] Built target rotor_tm_msgs__rosidl_generator_c
[ 12%] Built target ament_cmake_python_copy_rotor_tm_msgs
[ 24%] Built target rotor_tm_msgs__rosidl_typesupport_introspection_c
[ 36%] Built target rotor_tm_msgs__rosidl_typesupport_cpp
[ 60%] Built target rotor_tm_msgs__rosidl_typesupport_c
[ 60%] Built target rotor_tm_msgs__rosidl_typesupport_fastrtps_cpp
[ 74%] Built target rotor_tm_msgs__rosidl_typesupport_fastrtps_c
[ 84%] Built target rotor_tm_msgs__rosidl_typesupport_introspection_cpp
[ 84%] Built target rotor_tm_msgs
[ 85%] Built target rotor_tm_msgs__py
[ 96%] Built target rotor_tm_msgs__rosidl_generator_py
[ 97%] Built target rotor_tm_msgs__rosidl_typesupport_fastrtps_c__pyext
[100%] Built target rotor_tm_msgs__rosidl_typesupport_introspection_c__pyext
[100%] Built target rotor_tm_msgs__rosidl_typesupport_c__pyext
running egg_info
writing rotor_tm_msgs.egg-info/PKG-INFO
writing dependency_links to rotor_tm_msgs.egg-info/dependency_links.txt
writing top-level names to rotor_tm_msgs.egg-info/top_level.txt
reading manifest file 'rotor_tm_msgs.egg-info/SOURCES.txt'
writing manifest file 'rotor_tm_msgs.egg-info/SOURCES.txt'
[100%] Built target ament_cmake_python_build_rotor_tm_msgs_egg
