[0.023s] Invoking command in '/home/swati/Quad_DR/RotorTM/build/rotor_tm_msgs': CMAKE_PREFIX_PATH=${CMAKE_PREFIX_PATH}:/home/swati/Quad_DR/RotorTM/install/rotor_tm_sim:/home/swati/Quad_DR/RotorTM/install/rotor_tm_control:/home/swati/Quad_DR/RotorTM/install/rotor_tm_utils:/home/swati/Quad_DR/RotorTM/install/rotor_tm_traj:/home/swati/Quad_DR/RotorTM/install/rotor_tm_keyboard2wrench:/home/swati/Quad_DR/RotorTM/install/rotor_tm_config:/home/swati/Quad_DR/RotorTM/install/payload_control:/opt/ros/humble PS1=(mpcenv) \[\e]0;\u@\h: \w\a\]${debian_chroot:+($debian_chroot)}\[\033[01;32m\]\u@\h\[\033[00m\]:\[\033[01;34m\]\w\[\033[00m\]\$ /opt/cmake-3.28.3-linux-x86_64/bin/cmake --build /home/swati/Quad_DR/RotorTM/build/rotor_tm_msgs -- -j20 -l20
[0.629s] [  0%] Built target rotor_tm_msgs__cpp
[0.629s] [ 12%] Built target rotor_tm_msgs__rosidl_generator_c
[0.629s] [ 12%] Built target ament_cmake_python_copy_rotor_tm_msgs
[0.629s] [ 24%] Built target rotor_tm_msgs__rosidl_typesupport_introspection_c
[0.629s] [ 36%] Built target rotor_tm_msgs__rosidl_typesupport_cpp
[0.629s] [ 60%] Built target rotor_tm_msgs__rosidl_typesupport_c
[0.629s] [ 60%] Built target rotor_tm_msgs__rosidl_typesupport_fastrtps_cpp
[0.629s] [ 74%] Built target rotor_tm_msgs__rosidl_typesupport_fastrtps_c
[0.629s] [ 84%] Built target rotor_tm_msgs__rosidl_typesupport_introspection_cpp
[0.629s] [ 84%] Built target rotor_tm_msgs
[0.629s] [ 85%] Built target rotor_tm_msgs__py
[0.629s] [ 96%] Built target rotor_tm_msgs__rosidl_generator_py
[0.629s] [ 97%] Built target rotor_tm_msgs__rosidl_typesupport_fastrtps_c__pyext
[0.629s] [100%] Built target rotor_tm_msgs__rosidl_typesupport_introspection_c__pyext
[0.629s] [100%] Built target rotor_tm_msgs__rosidl_typesupport_c__pyext
[0.629s] running egg_info
[0.629s] writing rotor_tm_msgs.egg-info/PKG-INFO
[0.629s] writing dependency_links to rotor_tm_msgs.egg-info/dependency_links.txt
[0.629s] writing top-level names to rotor_tm_msgs.egg-info/top_level.txt
[0.630s] reading manifest file 'rotor_tm_msgs.egg-info/SOURCES.txt'
[0.630s] writing manifest file 'rotor_tm_msgs.egg-info/SOURCES.txt'
[0.630s] [100%] Built target ament_cmake_python_build_rotor_tm_msgs_egg
