[1.075s] Invoking command in '/home/dhruv/RotorTM/build/rotor_tm_keyboard2wrench': PYTHONPATH=/home/dhruv/RotorTM/build/rotor_tm_keyboard2wrench/prefix_override:/usr/lib/python3/dist-packages/colcon_core/task/python/colcon_distutils_commands:/home/dhruv/RotorTM/install/rotor_tm_keyboard2wrench/lib/python3.10/site-packages:${PYTHONPATH} /usr/bin/python3 -W ignore:setup.py install is deprecated -W ignore:easy_install command is deprecated setup.py develop --editable --build-directory /home/dhruv/RotorTM/build/rotor_tm_keyboard2wrench/build --no-deps symlink_data
[1.241s] running develop
[1.345s] running egg_info
[1.345s] creating rotor_tm_keyboard2wrench.egg-info
[1.345s] writing rotor_tm_keyboard2wrench.egg-info/PKG-INFO
[1.345s] writing dependency_links to rotor_tm_keyboard2wrench.egg-info/dependency_links.txt
[1.345s] writing entry points to rotor_tm_keyboard2wrench.egg-info/entry_points.txt
[1.345s] writing requirements to rotor_tm_keyboard2wrench.egg-info/requires.txt
[1.345s] writing top-level names to rotor_tm_keyboard2wrench.egg-info/top_level.txt
[1.345s] writing manifest file 'rotor_tm_keyboard2wrench.egg-info/SOURCES.txt'
[1.346s] reading manifest file 'rotor_tm_keyboard2wrench.egg-info/SOURCES.txt'
[1.347s] writing manifest file 'rotor_tm_keyboard2wrench.egg-info/SOURCES.txt'
[1.348s] running build_ext
[1.348s] Creating /home/dhruv/RotorTM/install/rotor_tm_keyboard2wrench/lib/python3.10/site-packages/rotor-tm-keyboard2wrench.egg-link (link to .)
[1.348s] Installing keyboard_input script to /home/dhruv/RotorTM/install/rotor_tm_keyboard2wrench/lib/rotor_tm_keyboard2wrench
[1.348s] 
[1.348s] Installed /home/dhruv/RotorTM/build/rotor_tm_keyboard2wrench
[1.348s] running symlink_data
[1.349s] creating /home/dhruv/RotorTM/install/rotor_tm_keyboard2wrench/share/ament_index
[1.349s] creating /home/dhruv/RotorTM/install/rotor_tm_keyboard2wrench/share/ament_index/resource_index
[1.349s] creating /home/dhruv/RotorTM/install/rotor_tm_keyboard2wrench/share/ament_index/resource_index/packages
[1.349s] symbolically linking /home/dhruv/RotorTM/build/rotor_tm_keyboard2wrench/resource/rotor_tm_keyboard2wrench -> /home/dhruv/RotorTM/install/rotor_tm_keyboard2wrench/share/ament_index/resource_index/packages
[1.349s] symbolically linking /home/dhruv/RotorTM/build/rotor_tm_keyboard2wrench/package.xml -> /home/dhruv/RotorTM/install/rotor_tm_keyboard2wrench/share/rotor_tm_keyboard2wrench
[1.367s] Invoked command in '/home/dhruv/RotorTM/build/rotor_tm_keyboard2wrench' returned '0': PYTHONPATH=/home/dhruv/RotorTM/build/rotor_tm_keyboard2wrench/prefix_override:/usr/lib/python3/dist-packages/colcon_core/task/python/colcon_distutils_commands:/home/dhruv/RotorTM/install/rotor_tm_keyboard2wrench/lib/python3.10/site-packages:${PYTHONPATH} /usr/bin/python3 -W ignore:setup.py install is deprecated -W ignore:easy_install command is deprecated setup.py develop --editable --build-directory /home/dhruv/RotorTM/build/rotor_tm_keyboard2wrench/build --no-deps symlink_data
