[0.068s] DEBUG:colcon:Command line arguments: ['/usr/bin/colcon', 'build']
[0.068s] DEBUG:colcon:Parsed command line arguments: Namespace(log_base=None, log_level=None, verb_name='build', build_base='build', install_base='install', merge_install=False, symlink_install=False, test_result_base=None, continue_on_error=False, executor='parallel', parallel_workers=20, event_handlers=None, ignore_user_meta=False, metas=['./colcon.meta'], base_paths=['.'], packages_ignore=None, packages_ignore_regex=None, paths=None, packages_up_to=None, packages_up_to_regex=None, packages_above=None, packages_above_and_dependencies=None, packages_above_depth=None, packages_select_by_dep=None, packages_skip_by_dep=None, packages_skip_up_to=None, packages_select_build_failed=False, packages_skip_build_finished=False, packages_select_test_failures=False, packages_skip_test_passed=False, packages_select=None, packages_skip=None, packages_select_regex=None, packages_skip_regex=None, packages_start=None, packages_end=None, allow_overriding=[], cmake_args=None, cmake_target=None, cmake_target_skip_unavailable=False, cmake_clean_cache=False, cmake_clean_first=False, cmake_force_configure=False, ament_cmake_args=None, catkin_cmake_args=None, catkin_skip_building_tests=False, mixin_files=None, mixin=None, verb_parser=<colcon_mixin.mixin.mixin_argument.MixinArgumentDecorator object at 0x72676bbf6bf0>, verb_extension=<colcon_core.verb.build.BuildVerb object at 0x72676bd37910>, main=<bound method BuildVerb.main of <colcon_core.verb.build.BuildVerb object at 0x72676bd37910>>, mixin_verb=('build',))
[0.093s] Level 1:colcon.colcon_core.package_discovery:discover_packages(colcon_meta) check parameters
[0.093s] Level 1:colcon.colcon_core.package_discovery:discover_packages(recursive) check parameters
[0.093s] Level 1:colcon.colcon_core.package_discovery:discover_packages(ignore) check parameters
[0.093s] Level 1:colcon.colcon_core.package_discovery:discover_packages(path) check parameters
[0.093s] Level 1:colcon.colcon_core.package_discovery:discover_packages(colcon_meta) discover
[0.093s] Level 1:colcon.colcon_core.package_discovery:discover_packages(recursive) discover
[0.093s] INFO:colcon.colcon_core.package_discovery:Crawling recursively for packages in '/home/swati/Quad_DR/RotorTM'
[0.093s] Level 1:colcon.colcon_core.package_identification:_identify(.) by extensions ['ignore', 'ignore_ament_install']
[0.093s] Level 1:colcon.colcon_core.package_identification:_identify(.) by extension 'ignore'
[0.093s] Level 1:colcon.colcon_core.package_identification:_identify(.) by extension 'ignore_ament_install'
[0.093s] Level 1:colcon.colcon_core.package_identification:_identify(.) by extensions ['colcon_pkg']
[0.093s] Level 1:colcon.colcon_core.package_identification:_identify(.) by extension 'colcon_pkg'
[0.093s] Level 1:colcon.colcon_core.package_identification:_identify(.) by extensions ['colcon_meta']
[0.093s] Level 1:colcon.colcon_core.package_identification:_identify(.) by extension 'colcon_meta'
[0.093s] Level 1:colcon.colcon_core.package_identification:_identify(.) by extensions ['ros']
[0.093s] Level 1:colcon.colcon_core.package_identification:_identify(.) by extension 'ros'
[0.104s] Level 1:colcon.colcon_core.package_identification:_identify(.) by extensions ['cmake', 'python']
[0.104s] Level 1:colcon.colcon_core.package_identification:_identify(.) by extension 'cmake'
[0.104s] Level 1:colcon.colcon_core.package_identification:_identify(.) by extension 'python'
[0.104s] Level 1:colcon.colcon_core.package_identification:_identify(.) by extensions ['python_setup_py']
[0.104s] Level 1:colcon.colcon_core.package_identification:_identify(.) by extension 'python_setup_py'
[0.104s] Level 1:colcon.colcon_core.package_identification:_identify(build) by extensions ['ignore', 'ignore_ament_install']
[0.104s] Level 1:colcon.colcon_core.package_identification:_identify(build) by extension 'ignore'
[0.104s] Level 1:colcon.colcon_core.package_identification:_identify(build) ignored
[0.104s] Level 1:colcon.colcon_core.package_identification:_identify(install) by extensions ['ignore', 'ignore_ament_install']
[0.104s] Level 1:colcon.colcon_core.package_identification:_identify(install) by extension 'ignore'
[0.104s] Level 1:colcon.colcon_core.package_identification:_identify(install) ignored
[0.104s] Level 1:colcon.colcon_core.package_identification:_identify(log) by extensions ['ignore', 'ignore_ament_install']
[0.104s] Level 1:colcon.colcon_core.package_identification:_identify(log) by extension 'ignore'
[0.104s] Level 1:colcon.colcon_core.package_identification:_identify(log) ignored
[0.104s] Level 1:colcon.colcon_core.package_identification:_identify(src) by extensions ['ignore', 'ignore_ament_install']
[0.104s] Level 1:colcon.colcon_core.package_identification:_identify(src) by extension 'ignore'
[0.104s] Level 1:colcon.colcon_core.package_identification:_identify(src) by extension 'ignore_ament_install'
[0.104s] Level 1:colcon.colcon_core.package_identification:_identify(src) by extensions ['colcon_pkg']
[0.104s] Level 1:colcon.colcon_core.package_identification:_identify(src) by extension 'colcon_pkg'
[0.104s] Level 1:colcon.colcon_core.package_identification:_identify(src) by extensions ['colcon_meta']
[0.104s] Level 1:colcon.colcon_core.package_identification:_identify(src) by extension 'colcon_meta'
[0.104s] Level 1:colcon.colcon_core.package_identification:_identify(src) by extensions ['ros']
[0.104s] Level 1:colcon.colcon_core.package_identification:_identify(src) by extension 'ros'
[0.105s] Level 1:colcon.colcon_core.package_identification:_identify(src) by extensions ['cmake', 'python']
[0.105s] Level 1:colcon.colcon_core.package_identification:_identify(src) by extension 'cmake'
[0.105s] Level 1:colcon.colcon_core.package_identification:_identify(src) by extension 'python'
[0.105s] Level 1:colcon.colcon_core.package_identification:_identify(src) by extensions ['python_setup_py']
[0.105s] Level 1:colcon.colcon_core.package_identification:_identify(src) by extension 'python_setup_py'
[0.105s] Level 1:colcon.colcon_core.package_identification:_identify(src/doc) by extensions ['ignore', 'ignore_ament_install']
[0.105s] Level 1:colcon.colcon_core.package_identification:_identify(src/doc) by extension 'ignore'
[0.105s] Level 1:colcon.colcon_core.package_identification:_identify(src/doc) by extension 'ignore_ament_install'
[0.105s] Level 1:colcon.colcon_core.package_identification:_identify(src/doc) by extensions ['colcon_pkg']
[0.105s] Level 1:colcon.colcon_core.package_identification:_identify(src/doc) by extension 'colcon_pkg'
[0.105s] Level 1:colcon.colcon_core.package_identification:_identify(src/doc) by extensions ['colcon_meta']
[0.105s] Level 1:colcon.colcon_core.package_identification:_identify(src/doc) by extension 'colcon_meta'
[0.105s] Level 1:colcon.colcon_core.package_identification:_identify(src/doc) by extensions ['ros']
[0.105s] Level 1:colcon.colcon_core.package_identification:_identify(src/doc) by extension 'ros'
[0.105s] Level 1:colcon.colcon_core.package_identification:_identify(src/doc) by extensions ['cmake', 'python']
[0.105s] Level 1:colcon.colcon_core.package_identification:_identify(src/doc) by extension 'cmake'
[0.105s] Level 1:colcon.colcon_core.package_identification:_identify(src/doc) by extension 'python'
[0.105s] Level 1:colcon.colcon_core.package_identification:_identify(src/doc) by extensions ['python_setup_py']
[0.105s] Level 1:colcon.colcon_core.package_identification:_identify(src/doc) by extension 'python_setup_py'
[0.105s] Level 1:colcon.colcon_core.package_identification:_identify(src/payload_control) by extensions ['ignore', 'ignore_ament_install']
[0.105s] Level 1:colcon.colcon_core.package_identification:_identify(src/payload_control) by extension 'ignore'
[0.105s] Level 1:colcon.colcon_core.package_identification:_identify(src/payload_control) by extension 'ignore_ament_install'
[0.105s] Level 1:colcon.colcon_core.package_identification:_identify(src/payload_control) by extensions ['colcon_pkg']
[0.105s] Level 1:colcon.colcon_core.package_identification:_identify(src/payload_control) by extension 'colcon_pkg'
[0.105s] Level 1:colcon.colcon_core.package_identification:_identify(src/payload_control) by extensions ['colcon_meta']
[0.105s] Level 1:colcon.colcon_core.package_identification:_identify(src/payload_control) by extension 'colcon_meta'
[0.105s] Level 1:colcon.colcon_core.package_identification:_identify(src/payload_control) by extensions ['ros']
[0.105s] Level 1:colcon.colcon_core.package_identification:_identify(src/payload_control) by extension 'ros'
[0.107s] DEBUG:colcon.colcon_core.package_identification:Package 'src/payload_control' with type 'ros.ament_python' and name 'payload_control'
[0.107s] Level 1:colcon.colcon_core.package_identification:_identify(src/rotor_tm_config) by extensions ['ignore', 'ignore_ament_install']
[0.107s] Level 1:colcon.colcon_core.package_identification:_identify(src/rotor_tm_config) by extension 'ignore'
[0.107s] Level 1:colcon.colcon_core.package_identification:_identify(src/rotor_tm_config) by extension 'ignore_ament_install'
[0.107s] Level 1:colcon.colcon_core.package_identification:_identify(src/rotor_tm_config) by extensions ['colcon_pkg']
[0.107s] Level 1:colcon.colcon_core.package_identification:_identify(src/rotor_tm_config) by extension 'colcon_pkg'
[0.107s] Level 1:colcon.colcon_core.package_identification:_identify(src/rotor_tm_config) by extensions ['colcon_meta']
[0.107s] Level 1:colcon.colcon_core.package_identification:_identify(src/rotor_tm_config) by extension 'colcon_meta'
[0.107s] Level 1:colcon.colcon_core.package_identification:_identify(src/rotor_tm_config) by extensions ['ros']
[0.107s] Level 1:colcon.colcon_core.package_identification:_identify(src/rotor_tm_config) by extension 'ros'
[0.107s] DEBUG:colcon.colcon_core.package_identification:Package 'src/rotor_tm_config' with type 'ros.ament_python' and name 'rotor_tm_config'
[0.108s] Level 1:colcon.colcon_core.package_identification:_identify(src/rotor_tm_control) by extensions ['ignore', 'ignore_ament_install']
[0.108s] Level 1:colcon.colcon_core.package_identification:_identify(src/rotor_tm_control) by extension 'ignore'
[0.108s] Level 1:colcon.colcon_core.package_identification:_identify(src/rotor_tm_control) by extension 'ignore_ament_install'
[0.108s] Level 1:colcon.colcon_core.package_identification:_identify(src/rotor_tm_control) by extensions ['colcon_pkg']
[0.108s] Level 1:colcon.colcon_core.package_identification:_identify(src/rotor_tm_control) by extension 'colcon_pkg'
[0.108s] Level 1:colcon.colcon_core.package_identification:_identify(src/rotor_tm_control) by extensions ['colcon_meta']
[0.108s] Level 1:colcon.colcon_core.package_identification:_identify(src/rotor_tm_control) by extension 'colcon_meta'
[0.108s] Level 1:colcon.colcon_core.package_identification:_identify(src/rotor_tm_control) by extensions ['ros']
[0.108s] Level 1:colcon.colcon_core.package_identification:_identify(src/rotor_tm_control) by extension 'ros'
[0.108s] DEBUG:colcon.colcon_core.package_identification:Package 'src/rotor_tm_control' with type 'ros.ament_python' and name 'rotor_tm_control'
[0.108s] Level 1:colcon.colcon_core.package_identification:_identify(src/rotor_tm_keyboard2wrench) by extensions ['ignore', 'ignore_ament_install']
[0.108s] Level 1:colcon.colcon_core.package_identification:_identify(src/rotor_tm_keyboard2wrench) by extension 'ignore'
[0.108s] Level 1:colcon.colcon_core.package_identification:_identify(src/rotor_tm_keyboard2wrench) by extension 'ignore_ament_install'
[0.108s] Level 1:colcon.colcon_core.package_identification:_identify(src/rotor_tm_keyboard2wrench) by extensions ['colcon_pkg']
[0.108s] Level 1:colcon.colcon_core.package_identification:_identify(src/rotor_tm_keyboard2wrench) by extension 'colcon_pkg'
[0.108s] Level 1:colcon.colcon_core.package_identification:_identify(src/rotor_tm_keyboard2wrench) by extensions ['colcon_meta']
[0.108s] Level 1:colcon.colcon_core.package_identification:_identify(src/rotor_tm_keyboard2wrench) by extension 'colcon_meta'
[0.108s] Level 1:colcon.colcon_core.package_identification:_identify(src/rotor_tm_keyboard2wrench) by extensions ['ros']
[0.108s] Level 1:colcon.colcon_core.package_identification:_identify(src/rotor_tm_keyboard2wrench) by extension 'ros'
[0.109s] DEBUG:colcon.colcon_core.package_identification:Package 'src/rotor_tm_keyboard2wrench' with type 'ros.ament_python' and name 'rotor_tm_keyboard2wrench'
[0.109s] Level 1:colcon.colcon_core.package_identification:_identify(src/rotor_tm_msgs) by extensions ['ignore', 'ignore_ament_install']
[0.109s] Level 1:colcon.colcon_core.package_identification:_identify(src/rotor_tm_msgs) by extension 'ignore'
[0.109s] Level 1:colcon.colcon_core.package_identification:_identify(src/rotor_tm_msgs) by extension 'ignore_ament_install'
[0.109s] Level 1:colcon.colcon_core.package_identification:_identify(src/rotor_tm_msgs) by extensions ['colcon_pkg']
[0.109s] Level 1:colcon.colcon_core.package_identification:_identify(src/rotor_tm_msgs) by extension 'colcon_pkg'
[0.109s] Level 1:colcon.colcon_core.package_identification:_identify(src/rotor_tm_msgs) by extensions ['colcon_meta']
[0.109s] Level 1:colcon.colcon_core.package_identification:_identify(src/rotor_tm_msgs) by extension 'colcon_meta'
[0.109s] Level 1:colcon.colcon_core.package_identification:_identify(src/rotor_tm_msgs) by extensions ['ros']
[0.109s] Level 1:colcon.colcon_core.package_identification:_identify(src/rotor_tm_msgs) by extension 'ros'
[0.109s] DEBUG:colcon.colcon_core.package_identification:Package 'src/rotor_tm_msgs' with type 'ros.ament_cmake' and name 'rotor_tm_msgs'
[0.110s] Level 1:colcon.colcon_core.package_identification:_identify(src/rotor_tm_plcontrol) by extensions ['ignore', 'ignore_ament_install']
[0.110s] Level 1:colcon.colcon_core.package_identification:_identify(src/rotor_tm_plcontrol) by extension 'ignore'
[0.110s] Level 1:colcon.colcon_core.package_identification:_identify(src/rotor_tm_plcontrol) by extension 'ignore_ament_install'
[0.110s] Level 1:colcon.colcon_core.package_identification:_identify(src/rotor_tm_plcontrol) by extensions ['colcon_pkg']
[0.110s] Level 1:colcon.colcon_core.package_identification:_identify(src/rotor_tm_plcontrol) by extension 'colcon_pkg'
[0.110s] Level 1:colcon.colcon_core.package_identification:_identify(src/rotor_tm_plcontrol) by extensions ['colcon_meta']
[0.110s] Level 1:colcon.colcon_core.package_identification:_identify(src/rotor_tm_plcontrol) by extension 'colcon_meta'
[0.110s] Level 1:colcon.colcon_core.package_identification:_identify(src/rotor_tm_plcontrol) by extensions ['ros']
[0.110s] Level 1:colcon.colcon_core.package_identification:_identify(src/rotor_tm_plcontrol) by extension 'ros'
[0.110s] DEBUG:colcon.colcon_core.package_identification:Package 'src/rotor_tm_plcontrol' with type 'ros.ament_cmake' and name 'rotor_tm_plcontrol'
[0.110s] Level 1:colcon.colcon_core.package_identification:_identify(src/rotor_tm_sim) by extensions ['ignore', 'ignore_ament_install']
[0.110s] Level 1:colcon.colcon_core.package_identification:_identify(src/rotor_tm_sim) by extension 'ignore'
[0.110s] Level 1:colcon.colcon_core.package_identification:_identify(src/rotor_tm_sim) by extension 'ignore_ament_install'
[0.110s] Level 1:colcon.colcon_core.package_identification:_identify(src/rotor_tm_sim) by extensions ['colcon_pkg']
[0.110s] Level 1:colcon.colcon_core.package_identification:_identify(src/rotor_tm_sim) by extension 'colcon_pkg'
[0.110s] Level 1:colcon.colcon_core.package_identification:_identify(src/rotor_tm_sim) by extensions ['colcon_meta']
[0.110s] Level 1:colcon.colcon_core.package_identification:_identify(src/rotor_tm_sim) by extension 'colcon_meta'
[0.111s] Level 1:colcon.colcon_core.package_identification:_identify(src/rotor_tm_sim) by extensions ['ros']
[0.111s] Level 1:colcon.colcon_core.package_identification:_identify(src/rotor_tm_sim) by extension 'ros'
[0.111s] DEBUG:colcon.colcon_core.package_identification:Package 'src/rotor_tm_sim' with type 'ros.ament_python' and name 'rotor_tm_sim'
[0.111s] Level 1:colcon.colcon_core.package_identification:_identify(src/rotor_tm_traj) by extensions ['ignore', 'ignore_ament_install']
[0.111s] Level 1:colcon.colcon_core.package_identification:_identify(src/rotor_tm_traj) by extension 'ignore'
[0.111s] Level 1:colcon.colcon_core.package_identification:_identify(src/rotor_tm_traj) by extension 'ignore_ament_install'
[0.111s] Level 1:colcon.colcon_core.package_identification:_identify(src/rotor_tm_traj) by extensions ['colcon_pkg']
[0.111s] Level 1:colcon.colcon_core.package_identification:_identify(src/rotor_tm_traj) by extension 'colcon_pkg'
[0.111s] Level 1:colcon.colcon_core.package_identification:_identify(src/rotor_tm_traj) by extensions ['colcon_meta']
[0.111s] Level 1:colcon.colcon_core.package_identification:_identify(src/rotor_tm_traj) by extension 'colcon_meta'
[0.111s] Level 1:colcon.colcon_core.package_identification:_identify(src/rotor_tm_traj) by extensions ['ros']
[0.111s] Level 1:colcon.colcon_core.package_identification:_identify(src/rotor_tm_traj) by extension 'ros'
[0.112s] DEBUG:colcon.colcon_core.package_identification:Package 'src/rotor_tm_traj' with type 'ros.ament_python' and name 'rotor_tm_traj'
[0.112s] Level 1:colcon.colcon_core.package_identification:_identify(src/rotor_tm_utils) by extensions ['ignore', 'ignore_ament_install']
[0.112s] Level 1:colcon.colcon_core.package_identification:_identify(src/rotor_tm_utils) by extension 'ignore'
[0.112s] Level 1:colcon.colcon_core.package_identification:_identify(src/rotor_tm_utils) by extension 'ignore_ament_install'
[0.112s] Level 1:colcon.colcon_core.package_identification:_identify(src/rotor_tm_utils) by extensions ['colcon_pkg']
[0.112s] Level 1:colcon.colcon_core.package_identification:_identify(src/rotor_tm_utils) by extension 'colcon_pkg'
[0.112s] Level 1:colcon.colcon_core.package_identification:_identify(src/rotor_tm_utils) by extensions ['colcon_meta']
[0.112s] Level 1:colcon.colcon_core.package_identification:_identify(src/rotor_tm_utils) by extension 'colcon_meta'
[0.112s] Level 1:colcon.colcon_core.package_identification:_identify(src/rotor_tm_utils) by extensions ['ros']
[0.112s] Level 1:colcon.colcon_core.package_identification:_identify(src/rotor_tm_utils) by extension 'ros'
[0.112s] DEBUG:colcon.colcon_core.package_identification:Package 'src/rotor_tm_utils' with type 'ros.ament_python' and name 'rotor_tm_utils'
[0.112s] Level 1:colcon.colcon_core.package_discovery:discover_packages(recursive) using defaults
[0.112s] Level 1:colcon.colcon_core.package_discovery:discover_packages(ignore) discover
[0.112s] Level 1:colcon.colcon_core.package_discovery:discover_packages(ignore) using defaults
[0.112s] Level 1:colcon.colcon_core.package_discovery:discover_packages(path) discover
[0.112s] Level 1:colcon.colcon_core.package_discovery:discover_packages(path) using defaults
[0.127s] Level 1:colcon.colcon_core.package_discovery:discover_packages(prefix_path) check parameters
[0.127s] Level 1:colcon.colcon_core.package_discovery:discover_packages(prefix_path) discover
[0.129s] DEBUG:colcon.colcon_installed_package_information.package_discovery:Found 382 installed packages in /opt/ros/humble
[0.130s] Level 1:colcon.colcon_core.package_discovery:discover_packages(prefix_path) using defaults
[0.158s] Level 5:colcon.colcon_core.verb:set package 'payload_control' build argument 'cmake_args' from command line to 'None'
[0.158s] Level 5:colcon.colcon_core.verb:set package 'payload_control' build argument 'cmake_target' from command line to 'None'
[0.158s] Level 5:colcon.colcon_core.verb:set package 'payload_control' build argument 'cmake_target_skip_unavailable' from command line to 'False'
[0.158s] Level 5:colcon.colcon_core.verb:set package 'payload_control' build argument 'cmake_clean_cache' from command line to 'False'
[0.158s] Level 5:colcon.colcon_core.verb:set package 'payload_control' build argument 'cmake_clean_first' from command line to 'False'
[0.158s] Level 5:colcon.colcon_core.verb:set package 'payload_control' build argument 'cmake_force_configure' from command line to 'False'
[0.158s] Level 5:colcon.colcon_core.verb:set package 'payload_control' build argument 'ament_cmake_args' from command line to 'None'
[0.158s] Level 5:colcon.colcon_core.verb:set package 'payload_control' build argument 'catkin_cmake_args' from command line to 'None'
[0.158s] Level 5:colcon.colcon_core.verb:set package 'payload_control' build argument 'catkin_skip_building_tests' from command line to 'False'
[0.158s] DEBUG:colcon.colcon_core.verb:Building package 'payload_control' with the following arguments: {'ament_cmake_args': None, 'build_base': '/home/swati/Quad_DR/RotorTM/build/payload_control', 'catkin_cmake_args': None, 'catkin_skip_building_tests': False, 'cmake_args': None, 'cmake_clean_cache': False, 'cmake_clean_first': False, 'cmake_force_configure': False, 'cmake_target': None, 'cmake_target_skip_unavailable': False, 'install_base': '/home/swati/Quad_DR/RotorTM/install/payload_control', 'merge_install': False, 'path': '/home/swati/Quad_DR/RotorTM/src/payload_control', 'symlink_install': False, 'test_result_base': None}
[0.159s] Level 5:colcon.colcon_core.verb:set package 'rotor_tm_config' build argument 'cmake_args' from command line to 'None'
[0.159s] Level 5:colcon.colcon_core.verb:set package 'rotor_tm_config' build argument 'cmake_target' from command line to 'None'
[0.159s] Level 5:colcon.colcon_core.verb:set package 'rotor_tm_config' build argument 'cmake_target_skip_unavailable' from command line to 'False'
[0.159s] Level 5:colcon.colcon_core.verb:set package 'rotor_tm_config' build argument 'cmake_clean_cache' from command line to 'False'
[0.159s] Level 5:colcon.colcon_core.verb:set package 'rotor_tm_config' build argument 'cmake_clean_first' from command line to 'False'
[0.159s] Level 5:colcon.colcon_core.verb:set package 'rotor_tm_config' build argument 'cmake_force_configure' from command line to 'False'
[0.159s] Level 5:colcon.colcon_core.verb:set package 'rotor_tm_config' build argument 'ament_cmake_args' from command line to 'None'
[0.159s] Level 5:colcon.colcon_core.verb:set package 'rotor_tm_config' build argument 'catkin_cmake_args' from command line to 'None'
[0.159s] Level 5:colcon.colcon_core.verb:set package 'rotor_tm_config' build argument 'catkin_skip_building_tests' from command line to 'False'
[0.159s] DEBUG:colcon.colcon_core.verb:Building package 'rotor_tm_config' with the following arguments: {'ament_cmake_args': None, 'build_base': '/home/swati/Quad_DR/RotorTM/build/rotor_tm_config', 'catkin_cmake_args': None, 'catkin_skip_building_tests': False, 'cmake_args': None, 'cmake_clean_cache': False, 'cmake_clean_first': False, 'cmake_force_configure': False, 'cmake_target': None, 'cmake_target_skip_unavailable': False, 'install_base': '/home/swati/Quad_DR/RotorTM/install/rotor_tm_config', 'merge_install': False, 'path': '/home/swati/Quad_DR/RotorTM/src/rotor_tm_config', 'symlink_install': False, 'test_result_base': None}
[0.159s] Level 5:colcon.colcon_core.verb:set package 'rotor_tm_keyboard2wrench' build argument 'cmake_args' from command line to 'None'
[0.159s] Level 5:colcon.colcon_core.verb:set package 'rotor_tm_keyboard2wrench' build argument 'cmake_target' from command line to 'None'
[0.159s] Level 5:colcon.colcon_core.verb:set package 'rotor_tm_keyboard2wrench' build argument 'cmake_target_skip_unavailable' from command line to 'False'
[0.159s] Level 5:colcon.colcon_core.verb:set package 'rotor_tm_keyboard2wrench' build argument 'cmake_clean_cache' from command line to 'False'
[0.159s] Level 5:colcon.colcon_core.verb:set package 'rotor_tm_keyboard2wrench' build argument 'cmake_clean_first' from command line to 'False'
[0.159s] Level 5:colcon.colcon_core.verb:set package 'rotor_tm_keyboard2wrench' build argument 'cmake_force_configure' from command line to 'False'
[0.159s] Level 5:colcon.colcon_core.verb:set package 'rotor_tm_keyboard2wrench' build argument 'ament_cmake_args' from command line to 'None'
[0.159s] Level 5:colcon.colcon_core.verb:set package 'rotor_tm_keyboard2wrench' build argument 'catkin_cmake_args' from command line to 'None'
[0.159s] Level 5:colcon.colcon_core.verb:set package 'rotor_tm_keyboard2wrench' build argument 'catkin_skip_building_tests' from command line to 'False'
[0.159s] DEBUG:colcon.colcon_core.verb:Building package 'rotor_tm_keyboard2wrench' with the following arguments: {'ament_cmake_args': None, 'build_base': '/home/swati/Quad_DR/RotorTM/build/rotor_tm_keyboard2wrench', 'catkin_cmake_args': None, 'catkin_skip_building_tests': False, 'cmake_args': None, 'cmake_clean_cache': False, 'cmake_clean_first': False, 'cmake_force_configure': False, 'cmake_target': None, 'cmake_target_skip_unavailable': False, 'install_base': '/home/swati/Quad_DR/RotorTM/install/rotor_tm_keyboard2wrench', 'merge_install': False, 'path': '/home/swati/Quad_DR/RotorTM/src/rotor_tm_keyboard2wrench', 'symlink_install': False, 'test_result_base': None}
[0.159s] Level 5:colcon.colcon_core.verb:set package 'rotor_tm_msgs' build argument 'cmake_args' from command line to 'None'
[0.159s] Level 5:colcon.colcon_core.verb:set package 'rotor_tm_msgs' build argument 'cmake_target' from command line to 'None'
[0.159s] Level 5:colcon.colcon_core.verb:set package 'rotor_tm_msgs' build argument 'cmake_target_skip_unavailable' from command line to 'False'
[0.159s] Level 5:colcon.colcon_core.verb:set package 'rotor_tm_msgs' build argument 'cmake_clean_cache' from command line to 'False'
[0.159s] Level 5:colcon.colcon_core.verb:set package 'rotor_tm_msgs' build argument 'cmake_clean_first' from command line to 'False'
[0.159s] Level 5:colcon.colcon_core.verb:set package 'rotor_tm_msgs' build argument 'cmake_force_configure' from command line to 'False'
[0.159s] Level 5:colcon.colcon_core.verb:set package 'rotor_tm_msgs' build argument 'ament_cmake_args' from command line to 'None'
[0.159s] Level 5:colcon.colcon_core.verb:set package 'rotor_tm_msgs' build argument 'catkin_cmake_args' from command line to 'None'
[0.159s] Level 5:colcon.colcon_core.verb:set package 'rotor_tm_msgs' build argument 'catkin_skip_building_tests' from command line to 'False'
[0.159s] DEBUG:colcon.colcon_core.verb:Building package 'rotor_tm_msgs' with the following arguments: {'ament_cmake_args': None, 'build_base': '/home/swati/Quad_DR/RotorTM/build/rotor_tm_msgs', 'catkin_cmake_args': None, 'catkin_skip_building_tests': False, 'cmake_args': None, 'cmake_clean_cache': False, 'cmake_clean_first': False, 'cmake_force_configure': False, 'cmake_target': None, 'cmake_target_skip_unavailable': False, 'install_base': '/home/swati/Quad_DR/RotorTM/install/rotor_tm_msgs', 'merge_install': False, 'path': '/home/swati/Quad_DR/RotorTM/src/rotor_tm_msgs', 'symlink_install': False, 'test_result_base': None}
[0.160s] Level 5:colcon.colcon_core.verb:set package 'rotor_tm_traj' build argument 'cmake_args' from command line to 'None'
[0.160s] Level 5:colcon.colcon_core.verb:set package 'rotor_tm_traj' build argument 'cmake_target' from command line to 'None'
[0.160s] Level 5:colcon.colcon_core.verb:set package 'rotor_tm_traj' build argument 'cmake_target_skip_unavailable' from command line to 'False'
[0.160s] Level 5:colcon.colcon_core.verb:set package 'rotor_tm_traj' build argument 'cmake_clean_cache' from command line to 'False'
[0.160s] Level 5:colcon.colcon_core.verb:set package 'rotor_tm_traj' build argument 'cmake_clean_first' from command line to 'False'
[0.160s] Level 5:colcon.colcon_core.verb:set package 'rotor_tm_traj' build argument 'cmake_force_configure' from command line to 'False'
[0.160s] Level 5:colcon.colcon_core.verb:set package 'rotor_tm_traj' build argument 'ament_cmake_args' from command line to 'None'
[0.160s] Level 5:colcon.colcon_core.verb:set package 'rotor_tm_traj' build argument 'catkin_cmake_args' from command line to 'None'
[0.160s] Level 5:colcon.colcon_core.verb:set package 'rotor_tm_traj' build argument 'catkin_skip_building_tests' from command line to 'False'
[0.160s] DEBUG:colcon.colcon_core.verb:Building package 'rotor_tm_traj' with the following arguments: {'ament_cmake_args': None, 'build_base': '/home/swati/Quad_DR/RotorTM/build/rotor_tm_traj', 'catkin_cmake_args': None, 'catkin_skip_building_tests': False, 'cmake_args': None, 'cmake_clean_cache': False, 'cmake_clean_first': False, 'cmake_force_configure': False, 'cmake_target': None, 'cmake_target_skip_unavailable': False, 'install_base': '/home/swati/Quad_DR/RotorTM/install/rotor_tm_traj', 'merge_install': False, 'path': '/home/swati/Quad_DR/RotorTM/src/rotor_tm_traj', 'symlink_install': False, 'test_result_base': None}
[0.160s] Level 5:colcon.colcon_core.verb:set package 'rotor_tm_utils' build argument 'cmake_args' from command line to 'None'
[0.160s] Level 5:colcon.colcon_core.verb:set package 'rotor_tm_utils' build argument 'cmake_target' from command line to 'None'
[0.160s] Level 5:colcon.colcon_core.verb:set package 'rotor_tm_utils' build argument 'cmake_target_skip_unavailable' from command line to 'False'
[0.160s] Level 5:colcon.colcon_core.verb:set package 'rotor_tm_utils' build argument 'cmake_clean_cache' from command line to 'False'
[0.160s] Level 5:colcon.colcon_core.verb:set package 'rotor_tm_utils' build argument 'cmake_clean_first' from command line to 'False'
[0.160s] Level 5:colcon.colcon_core.verb:set package 'rotor_tm_utils' build argument 'cmake_force_configure' from command line to 'False'
[0.160s] Level 5:colcon.colcon_core.verb:set package 'rotor_tm_utils' build argument 'ament_cmake_args' from command line to 'None'
[0.160s] Level 5:colcon.colcon_core.verb:set package 'rotor_tm_utils' build argument 'catkin_cmake_args' from command line to 'None'
[0.160s] Level 5:colcon.colcon_core.verb:set package 'rotor_tm_utils' build argument 'catkin_skip_building_tests' from command line to 'False'
[0.160s] DEBUG:colcon.colcon_core.verb:Building package 'rotor_tm_utils' with the following arguments: {'ament_cmake_args': None, 'build_base': '/home/swati/Quad_DR/RotorTM/build/rotor_tm_utils', 'catkin_cmake_args': None, 'catkin_skip_building_tests': False, 'cmake_args': None, 'cmake_clean_cache': False, 'cmake_clean_first': False, 'cmake_force_configure': False, 'cmake_target': None, 'cmake_target_skip_unavailable': False, 'install_base': '/home/swati/Quad_DR/RotorTM/install/rotor_tm_utils', 'merge_install': False, 'path': '/home/swati/Quad_DR/RotorTM/src/rotor_tm_utils', 'symlink_install': False, 'test_result_base': None}
[0.160s] Level 5:colcon.colcon_core.verb:set package 'rotor_tm_control' build argument 'cmake_args' from command line to 'None'
[0.160s] Level 5:colcon.colcon_core.verb:set package 'rotor_tm_control' build argument 'cmake_target' from command line to 'None'
[0.160s] Level 5:colcon.colcon_core.verb:set package 'rotor_tm_control' build argument 'cmake_target_skip_unavailable' from command line to 'False'
[0.160s] Level 5:colcon.colcon_core.verb:set package 'rotor_tm_control' build argument 'cmake_clean_cache' from command line to 'False'
[0.160s] Level 5:colcon.colcon_core.verb:set package 'rotor_tm_control' build argument 'cmake_clean_first' from command line to 'False'
[0.160s] Level 5:colcon.colcon_core.verb:set package 'rotor_tm_control' build argument 'cmake_force_configure' from command line to 'False'
[0.160s] Level 5:colcon.colcon_core.verb:set package 'rotor_tm_control' build argument 'ament_cmake_args' from command line to 'None'
[0.160s] Level 5:colcon.colcon_core.verb:set package 'rotor_tm_control' build argument 'catkin_cmake_args' from command line to 'None'
[0.160s] Level 5:colcon.colcon_core.verb:set package 'rotor_tm_control' build argument 'catkin_skip_building_tests' from command line to 'False'
[0.160s] DEBUG:colcon.colcon_core.verb:Building package 'rotor_tm_control' with the following arguments: {'ament_cmake_args': None, 'build_base': '/home/swati/Quad_DR/RotorTM/build/rotor_tm_control', 'catkin_cmake_args': None, 'catkin_skip_building_tests': False, 'cmake_args': None, 'cmake_clean_cache': False, 'cmake_clean_first': False, 'cmake_force_configure': False, 'cmake_target': None, 'cmake_target_skip_unavailable': False, 'install_base': '/home/swati/Quad_DR/RotorTM/install/rotor_tm_control', 'merge_install': False, 'path': '/home/swati/Quad_DR/RotorTM/src/rotor_tm_control', 'symlink_install': False, 'test_result_base': None}
[0.161s] Level 5:colcon.colcon_core.verb:set package 'rotor_tm_plcontrol' build argument 'cmake_args' from command line to 'None'
[0.161s] Level 5:colcon.colcon_core.verb:set package 'rotor_tm_plcontrol' build argument 'cmake_target' from command line to 'None'
[0.161s] Level 5:colcon.colcon_core.verb:set package 'rotor_tm_plcontrol' build argument 'cmake_target_skip_unavailable' from command line to 'False'
[0.161s] Level 5:colcon.colcon_core.verb:set package 'rotor_tm_plcontrol' build argument 'cmake_clean_cache' from command line to 'False'
[0.161s] Level 5:colcon.colcon_core.verb:set package 'rotor_tm_plcontrol' build argument 'cmake_clean_first' from command line to 'False'
[0.161s] Level 5:colcon.colcon_core.verb:set package 'rotor_tm_plcontrol' build argument 'cmake_force_configure' from command line to 'False'
[0.161s] Level 5:colcon.colcon_core.verb:set package 'rotor_tm_plcontrol' build argument 'ament_cmake_args' from command line to 'None'
[0.161s] Level 5:colcon.colcon_core.verb:set package 'rotor_tm_plcontrol' build argument 'catkin_cmake_args' from command line to 'None'
[0.161s] Level 5:colcon.colcon_core.verb:set package 'rotor_tm_plcontrol' build argument 'catkin_skip_building_tests' from command line to 'False'
[0.161s] DEBUG:colcon.colcon_core.verb:Building package 'rotor_tm_plcontrol' with the following arguments: {'ament_cmake_args': None, 'build_base': '/home/swati/Quad_DR/RotorTM/build/rotor_tm_plcontrol', 'catkin_cmake_args': None, 'catkin_skip_building_tests': False, 'cmake_args': None, 'cmake_clean_cache': False, 'cmake_clean_first': False, 'cmake_force_configure': False, 'cmake_target': None, 'cmake_target_skip_unavailable': False, 'install_base': '/home/swati/Quad_DR/RotorTM/install/rotor_tm_plcontrol', 'merge_install': False, 'path': '/home/swati/Quad_DR/RotorTM/src/rotor_tm_plcontrol', 'symlink_install': False, 'test_result_base': None}
[0.161s] Level 5:colcon.colcon_core.verb:set package 'rotor_tm_sim' build argument 'cmake_args' from command line to 'None'
[0.161s] Level 5:colcon.colcon_core.verb:set package 'rotor_tm_sim' build argument 'cmake_target' from command line to 'None'
[0.161s] Level 5:colcon.colcon_core.verb:set package 'rotor_tm_sim' build argument 'cmake_target_skip_unavailable' from command line to 'False'
[0.161s] Level 5:colcon.colcon_core.verb:set package 'rotor_tm_sim' build argument 'cmake_clean_cache' from command line to 'False'
[0.161s] Level 5:colcon.colcon_core.verb:set package 'rotor_tm_sim' build argument 'cmake_clean_first' from command line to 'False'
[0.161s] Level 5:colcon.colcon_core.verb:set package 'rotor_tm_sim' build argument 'cmake_force_configure' from command line to 'False'
[0.161s] Level 5:colcon.colcon_core.verb:set package 'rotor_tm_sim' build argument 'ament_cmake_args' from command line to 'None'
[0.161s] Level 5:colcon.colcon_core.verb:set package 'rotor_tm_sim' build argument 'catkin_cmake_args' from command line to 'None'
[0.161s] Level 5:colcon.colcon_core.verb:set package 'rotor_tm_sim' build argument 'catkin_skip_building_tests' from command line to 'False'
[0.161s] DEBUG:colcon.colcon_core.verb:Building package 'rotor_tm_sim' with the following arguments: {'ament_cmake_args': None, 'build_base': '/home/swati/Quad_DR/RotorTM/build/rotor_tm_sim', 'catkin_cmake_args': None, 'catkin_skip_building_tests': False, 'cmake_args': None, 'cmake_clean_cache': False, 'cmake_clean_first': False, 'cmake_force_configure': False, 'cmake_target': None, 'cmake_target_skip_unavailable': False, 'install_base': '/home/swati/Quad_DR/RotorTM/install/rotor_tm_sim', 'merge_install': False, 'path': '/home/swati/Quad_DR/RotorTM/src/rotor_tm_sim', 'symlink_install': False, 'test_result_base': None}
[0.161s] INFO:colcon.colcon_core.executor:Executing jobs using 'parallel' executor
[0.162s] DEBUG:colcon.colcon_parallel_executor.executor.parallel:run_until_complete
[0.162s] INFO:colcon.colcon_ros.task.ament_cmake.build:Building ROS package in '/home/swati/Quad_DR/RotorTM/src/rotor_tm_msgs' with build type 'ament_cmake'
[0.162s] INFO:colcon.colcon_cmake.task.cmake.build:Building CMake package in '/home/swati/Quad_DR/RotorTM/src/rotor_tm_msgs'
[0.164s] INFO:colcon.colcon_core.plugin_system:Skipping extension 'colcon_core.shell.bat': Not used on non-Windows systems
[0.164s] INFO:colcon.colcon_core.shell:Skip shell extension 'powershell' for command environment: Not usable outside of PowerShell
[0.164s] DEBUG:colcon.colcon_core.shell:Skip shell extension 'dsv' for command environment
[0.166s] INFO:colcon.colcon_ros.task.ament_python.build:Building ROS package in '/home/swati/Quad_DR/RotorTM/src/rotor_tm_utils' with build type 'ament_python'
[0.166s] Level 1:colcon.colcon_core.shell:create_environment_hook('rotor_tm_utils', 'ament_prefix_path')
[0.166s] INFO:colcon.colcon_core.shell:Creating environment hook '/home/swati/Quad_DR/RotorTM/install/rotor_tm_utils/share/rotor_tm_utils/hook/ament_prefix_path.ps1'
[0.167s] INFO:colcon.colcon_core.shell:Creating environment descriptor '/home/swati/Quad_DR/RotorTM/install/rotor_tm_utils/share/rotor_tm_utils/hook/ament_prefix_path.dsv'
[0.167s] INFO:colcon.colcon_core.shell:Creating environment hook '/home/swati/Quad_DR/RotorTM/install/rotor_tm_utils/share/rotor_tm_utils/hook/ament_prefix_path.sh'
[0.168s] INFO:colcon.colcon_core.shell:Skip shell extension 'powershell' for command environment: Not usable outside of PowerShell
[0.168s] DEBUG:colcon.colcon_core.shell:Skip shell extension 'dsv' for command environment
[0.169s] INFO:colcon.colcon_ros.task.ament_python.build:Building ROS package in '/home/swati/Quad_DR/RotorTM/src/rotor_tm_config' with build type 'ament_python'
[0.169s] Level 1:colcon.colcon_core.shell:create_environment_hook('rotor_tm_config', 'ament_prefix_path')
[0.170s] INFO:colcon.colcon_core.shell:Creating environment hook '/home/swati/Quad_DR/RotorTM/install/rotor_tm_config/share/rotor_tm_config/hook/ament_prefix_path.ps1'
[0.170s] INFO:colcon.colcon_core.shell:Creating environment descriptor '/home/swati/Quad_DR/RotorTM/install/rotor_tm_config/share/rotor_tm_config/hook/ament_prefix_path.dsv'
[0.170s] INFO:colcon.colcon_core.shell:Creating environment hook '/home/swati/Quad_DR/RotorTM/install/rotor_tm_config/share/rotor_tm_config/hook/ament_prefix_path.sh'
[0.170s] INFO:colcon.colcon_core.shell:Skip shell extension 'powershell' for command environment: Not usable outside of PowerShell
[0.170s] DEBUG:colcon.colcon_core.shell:Skip shell extension 'dsv' for command environment
[0.173s] INFO:colcon.colcon_ros.task.ament_python.build:Building ROS package in '/home/swati/Quad_DR/RotorTM/src/payload_control' with build type 'ament_python'
[0.173s] Level 1:colcon.colcon_core.shell:create_environment_hook('payload_control', 'ament_prefix_path')
[0.173s] INFO:colcon.colcon_core.shell:Creating environment hook '/home/swati/Quad_DR/RotorTM/install/payload_control/share/payload_control/hook/ament_prefix_path.ps1'
[0.173s] INFO:colcon.colcon_core.shell:Creating environment descriptor '/home/swati/Quad_DR/RotorTM/install/payload_control/share/payload_control/hook/ament_prefix_path.dsv'
[0.173s] INFO:colcon.colcon_core.shell:Creating environment hook '/home/swati/Quad_DR/RotorTM/install/payload_control/share/payload_control/hook/ament_prefix_path.sh'
[0.174s] INFO:colcon.colcon_core.shell:Skip shell extension 'powershell' for command environment: Not usable outside of PowerShell
[0.174s] DEBUG:colcon.colcon_core.shell:Skip shell extension 'dsv' for command environment
[0.175s] INFO:colcon.colcon_ros.task.ament_python.build:Building ROS package in '/home/swati/Quad_DR/RotorTM/src/rotor_tm_keyboard2wrench' with build type 'ament_python'
[0.176s] Level 1:colcon.colcon_core.shell:create_environment_hook('rotor_tm_keyboard2wrench', 'ament_prefix_path')
[0.176s] INFO:colcon.colcon_core.shell:Creating environment hook '/home/swati/Quad_DR/RotorTM/install/rotor_tm_keyboard2wrench/share/rotor_tm_keyboard2wrench/hook/ament_prefix_path.ps1'
[0.176s] INFO:colcon.colcon_core.shell:Creating environment descriptor '/home/swati/Quad_DR/RotorTM/install/rotor_tm_keyboard2wrench/share/rotor_tm_keyboard2wrench/hook/ament_prefix_path.dsv'
[0.176s] INFO:colcon.colcon_core.shell:Creating environment hook '/home/swati/Quad_DR/RotorTM/install/rotor_tm_keyboard2wrench/share/rotor_tm_keyboard2wrench/hook/ament_prefix_path.sh'
[0.177s] INFO:colcon.colcon_core.shell:Skip shell extension 'powershell' for command environment: Not usable outside of PowerShell
[0.177s] DEBUG:colcon.colcon_core.shell:Skip shell extension 'dsv' for command environment
[0.178s] INFO:colcon.colcon_ros.task.ament_python.build:Building ROS package in '/home/swati/Quad_DR/RotorTM/src/rotor_tm_traj' with build type 'ament_python'
[0.178s] Level 1:colcon.colcon_core.shell:create_environment_hook('rotor_tm_traj', 'ament_prefix_path')
[0.178s] INFO:colcon.colcon_core.shell:Creating environment hook '/home/swati/Quad_DR/RotorTM/install/rotor_tm_traj/share/rotor_tm_traj/hook/ament_prefix_path.ps1'
[0.179s] INFO:colcon.colcon_core.shell:Creating environment descriptor '/home/swati/Quad_DR/RotorTM/install/rotor_tm_traj/share/rotor_tm_traj/hook/ament_prefix_path.dsv'
[0.179s] INFO:colcon.colcon_core.shell:Creating environment hook '/home/swati/Quad_DR/RotorTM/install/rotor_tm_traj/share/rotor_tm_traj/hook/ament_prefix_path.sh'
[0.179s] INFO:colcon.colcon_core.shell:Skip shell extension 'powershell' for command environment: Not usable outside of PowerShell
[0.179s] DEBUG:colcon.colcon_core.shell:Skip shell extension 'dsv' for command environment
[0.185s] DEBUG:colcon.colcon_core.event_handler.log_command:Invoking command in '/home/swati/Quad_DR/RotorTM/build/rotor_tm_msgs': CMAKE_PREFIX_PATH=/opt/ros/humble /usr/bin/cmake --build /home/swati/Quad_DR/RotorTM/build/rotor_tm_msgs -- -j20 -l20
[0.337s] INFO:colcon.colcon_core.task.python.build:Building Python package in '/home/swati/Quad_DR/RotorTM/src/rotor_tm_utils'
[0.338s] INFO:colcon.colcon_core.shell:Skip shell extension 'powershell' for command environment: Not usable outside of PowerShell
[0.338s] DEBUG:colcon.colcon_core.shell:Skip shell extension 'dsv' for command environment
[0.476s] INFO:colcon.colcon_core.task.python.build:Building Python package in '/home/swati/Quad_DR/RotorTM/src/rotor_tm_config'
[0.476s] INFO:colcon.colcon_core.shell:Skip shell extension 'powershell' for command environment: Not usable outside of PowerShell
[0.476s] DEBUG:colcon.colcon_core.shell:Skip shell extension 'dsv' for command environment
[0.612s] INFO:colcon.colcon_core.task.python.build:Building Python package in '/home/swati/Quad_DR/RotorTM/src/payload_control'
[0.612s] INFO:colcon.colcon_core.shell:Skip shell extension 'powershell' for command environment: Not usable outside of PowerShell
[0.612s] DEBUG:colcon.colcon_core.shell:Skip shell extension 'dsv' for command environment
[0.751s] INFO:colcon.colcon_core.task.python.build:Building Python package in '/home/swati/Quad_DR/RotorTM/src/rotor_tm_keyboard2wrench'
[0.751s] INFO:colcon.colcon_core.shell:Skip shell extension 'powershell' for command environment: Not usable outside of PowerShell
[0.751s] DEBUG:colcon.colcon_core.shell:Skip shell extension 'dsv' for command environment
[0.756s] DEBUG:colcon.colcon_core.event_handler.log_command:Invoked command in '/home/swati/Quad_DR/RotorTM/build/rotor_tm_msgs' returned '0': CMAKE_PREFIX_PATH=/opt/ros/humble /usr/bin/cmake --build /home/swati/Quad_DR/RotorTM/build/rotor_tm_msgs -- -j20 -l20
[0.901s] INFO:colcon.colcon_core.task.python.build:Building Python package in '/home/swati/Quad_DR/RotorTM/src/rotor_tm_traj'
[0.901s] INFO:colcon.colcon_core.shell:Skip shell extension 'powershell' for command environment: Not usable outside of PowerShell
[0.901s] DEBUG:colcon.colcon_core.shell:Skip shell extension 'dsv' for command environment
[1.092s] DEBUG:colcon.colcon_core.event_handler.log_command:Invoking command in '/home/swati/Quad_DR/RotorTM/build/rotor_tm_msgs': CMAKE_PREFIX_PATH=/opt/ros/humble /usr/bin/cmake --install /home/swati/Quad_DR/RotorTM/build/rotor_tm_msgs
[1.163s] Level 1:colcon.colcon_core.environment:create_environment_scripts_only(rotor_tm_msgs)
[1.164s] DEBUG:colcon.colcon_core.event_handler.log_command:Invoked command in '/home/swati/Quad_DR/RotorTM/build/rotor_tm_msgs' returned '0': CMAKE_PREFIX_PATH=/opt/ros/humble /usr/bin/cmake --install /home/swati/Quad_DR/RotorTM/build/rotor_tm_msgs
[1.167s] Level 1:colcon.colcon_core.environment:checking '/home/swati/Quad_DR/RotorTM/install/rotor_tm_msgs' for CMake module files
[1.167s] Level 1:colcon.colcon_core.environment:checking '/home/swati/Quad_DR/RotorTM/install/rotor_tm_msgs' for CMake config files
[1.168s] Level 1:colcon.colcon_core.shell:create_environment_hook('rotor_tm_msgs', 'cmake_prefix_path')
[1.168s] INFO:colcon.colcon_core.shell:Creating environment hook '/home/swati/Quad_DR/RotorTM/install/rotor_tm_msgs/share/rotor_tm_msgs/hook/cmake_prefix_path.ps1'
[1.168s] INFO:colcon.colcon_core.shell:Creating environment descriptor '/home/swati/Quad_DR/RotorTM/install/rotor_tm_msgs/share/rotor_tm_msgs/hook/cmake_prefix_path.dsv'
[1.168s] INFO:colcon.colcon_core.shell:Creating environment hook '/home/swati/Quad_DR/RotorTM/install/rotor_tm_msgs/share/rotor_tm_msgs/hook/cmake_prefix_path.sh'
[1.169s] Level 1:colcon.colcon_core.environment:checking '/home/swati/Quad_DR/RotorTM/install/rotor_tm_msgs/lib'
[1.169s] Level 1:colcon.colcon_core.shell:create_environment_hook('rotor_tm_msgs', 'ld_library_path_lib')
[1.169s] INFO:colcon.colcon_core.shell:Creating environment hook '/home/swati/Quad_DR/RotorTM/install/rotor_tm_msgs/share/rotor_tm_msgs/hook/ld_library_path_lib.ps1'
[1.169s] INFO:colcon.colcon_core.shell:Creating environment descriptor '/home/swati/Quad_DR/RotorTM/install/rotor_tm_msgs/share/rotor_tm_msgs/hook/ld_library_path_lib.dsv'
[1.170s] INFO:colcon.colcon_core.shell:Creating environment hook '/home/swati/Quad_DR/RotorTM/install/rotor_tm_msgs/share/rotor_tm_msgs/hook/ld_library_path_lib.sh'
[1.170s] Level 1:colcon.colcon_core.environment:checking '/home/swati/Quad_DR/RotorTM/install/rotor_tm_msgs/bin'
[1.170s] Level 1:colcon.colcon_core.environment:checking '/home/swati/Quad_DR/RotorTM/install/rotor_tm_msgs/lib/pkgconfig/rotor_tm_msgs.pc'
[1.170s] Level 1:colcon.colcon_core.environment:checking '/home/swati/Quad_DR/RotorTM/install/rotor_tm_msgs/lib/python3.10/site-packages'
[1.170s] Level 1:colcon.colcon_core.shell:create_environment_hook('rotor_tm_msgs', 'pythonpath')
[1.170s] INFO:colcon.colcon_core.shell:Creating environment hook '/home/swati/Quad_DR/RotorTM/install/rotor_tm_msgs/share/rotor_tm_msgs/hook/pythonpath.ps1'
[1.171s] INFO:colcon.colcon_core.shell:Creating environment descriptor '/home/swati/Quad_DR/RotorTM/install/rotor_tm_msgs/share/rotor_tm_msgs/hook/pythonpath.dsv'
[1.171s] INFO:colcon.colcon_core.shell:Creating environment hook '/home/swati/Quad_DR/RotorTM/install/rotor_tm_msgs/share/rotor_tm_msgs/hook/pythonpath.sh'
[1.171s] Level 1:colcon.colcon_core.environment:checking '/home/swati/Quad_DR/RotorTM/install/rotor_tm_msgs/bin'
[1.172s] INFO:colcon.colcon_core.shell:Creating package script '/home/swati/Quad_DR/RotorTM/install/rotor_tm_msgs/share/rotor_tm_msgs/package.ps1'
[1.172s] INFO:colcon.colcon_core.shell:Creating package descriptor '/home/swati/Quad_DR/RotorTM/install/rotor_tm_msgs/share/rotor_tm_msgs/package.dsv'
[1.173s] INFO:colcon.colcon_core.shell:Creating package script '/home/swati/Quad_DR/RotorTM/install/rotor_tm_msgs/share/rotor_tm_msgs/package.sh'
[1.173s] INFO:colcon.colcon_core.shell:Creating package script '/home/swati/Quad_DR/RotorTM/install/rotor_tm_msgs/share/rotor_tm_msgs/package.bash'
[1.174s] INFO:colcon.colcon_core.shell:Creating package script '/home/swati/Quad_DR/RotorTM/install/rotor_tm_msgs/share/rotor_tm_msgs/package.zsh'
[1.174s] Level 1:colcon.colcon_core.environment:create_file_with_runtime_dependencies(/home/swati/Quad_DR/RotorTM/install/rotor_tm_msgs/share/colcon-core/packages/rotor_tm_msgs)
[1.386s] DEBUG:colcon.colcon_core.event_handler.log_command:Invoking command in '/home/swati/Quad_DR/RotorTM/src/rotor_tm_config': PYTHONPATH=/home/swati/Quad_DR/RotorTM/build/rotor_tm_config/prefix_override:/usr/lib/python3/dist-packages/colcon_core/task/python/colcon_distutils_commands:/home/swati/Quad_DR/RotorTM/install/rotor_tm_config/lib/python3.10/site-packages:${PYTHONPATH} /usr/bin/python3 -W ignore:setup.py install is deprecated setup.py egg_info --egg-base ../../build/rotor_tm_config build --build-base /home/swati/Quad_DR/RotorTM/build/rotor_tm_config/build install --record /home/swati/Quad_DR/RotorTM/build/rotor_tm_config/install.log --single-version-externally-managed install_data
[1.390s] DEBUG:colcon.colcon_core.event_handler.log_command:Invoking command in '/home/swati/Quad_DR/RotorTM/src/payload_control': PYTHONPATH=/home/swati/Quad_DR/RotorTM/build/payload_control/prefix_override:/usr/lib/python3/dist-packages/colcon_core/task/python/colcon_distutils_commands:/home/swati/Quad_DR/RotorTM/install/payload_control/lib/python3.10/site-packages:${PYTHONPATH} /usr/bin/python3 -W ignore:setup.py install is deprecated setup.py egg_info --egg-base ../../build/payload_control build --build-base /home/swati/Quad_DR/RotorTM/build/payload_control/build install --record /home/swati/Quad_DR/RotorTM/build/payload_control/install.log --single-version-externally-managed install_data
[1.392s] DEBUG:colcon.colcon_core.event_handler.log_command:Invoking command in '/home/swati/Quad_DR/RotorTM/src/rotor_tm_keyboard2wrench': PYTHONPATH=/home/swati/Quad_DR/RotorTM/build/rotor_tm_keyboard2wrench/prefix_override:/usr/lib/python3/dist-packages/colcon_core/task/python/colcon_distutils_commands:/home/swati/Quad_DR/RotorTM/install/rotor_tm_keyboard2wrench/lib/python3.10/site-packages:${PYTHONPATH} /usr/bin/python3 -W ignore:setup.py install is deprecated setup.py egg_info --egg-base ../../build/rotor_tm_keyboard2wrench build --build-base /home/swati/Quad_DR/RotorTM/build/rotor_tm_keyboard2wrench/build install --record /home/swati/Quad_DR/RotorTM/build/rotor_tm_keyboard2wrench/install.log --single-version-externally-managed install_data
[1.398s] DEBUG:colcon.colcon_core.event_handler.log_command:Invoking command in '/home/swati/Quad_DR/RotorTM/src/rotor_tm_traj': PYTHONPATH=/home/swati/Quad_DR/RotorTM/build/rotor_tm_traj/prefix_override:/usr/lib/python3/dist-packages/colcon_core/task/python/colcon_distutils_commands:/home/swati/Quad_DR/RotorTM/install/rotor_tm_traj/lib/python3.10/site-packages:${PYTHONPATH} /usr/bin/python3 -W ignore:setup.py install is deprecated setup.py egg_info --egg-base ../../build/rotor_tm_traj build --build-base /home/swati/Quad_DR/RotorTM/build/rotor_tm_traj/build install --record /home/swati/Quad_DR/RotorTM/build/rotor_tm_traj/install.log --single-version-externally-managed install_data
[1.519s] Level 1:colcon.colcon_core.environment:create_environment_scripts_only(rotor_tm_msgs)
[1.519s] Level 1:colcon.colcon_core.environment:checking '/home/swati/Quad_DR/RotorTM/install/rotor_tm_msgs' for CMake module files
[1.520s] Level 1:colcon.colcon_core.environment:checking '/home/swati/Quad_DR/RotorTM/install/rotor_tm_msgs' for CMake config files
[1.521s] Level 1:colcon.colcon_core.shell:create_environment_hook('rotor_tm_msgs', 'cmake_prefix_path')
[1.521s] INFO:colcon.colcon_core.shell:Creating environment hook '/home/swati/Quad_DR/RotorTM/install/rotor_tm_msgs/share/rotor_tm_msgs/hook/cmake_prefix_path.ps1'
[1.522s] INFO:colcon.colcon_core.shell:Creating environment descriptor '/home/swati/Quad_DR/RotorTM/install/rotor_tm_msgs/share/rotor_tm_msgs/hook/cmake_prefix_path.dsv'
[1.522s] INFO:colcon.colcon_core.shell:Creating environment hook '/home/swati/Quad_DR/RotorTM/install/rotor_tm_msgs/share/rotor_tm_msgs/hook/cmake_prefix_path.sh'
[1.523s] Level 1:colcon.colcon_core.environment:checking '/home/swati/Quad_DR/RotorTM/install/rotor_tm_msgs/lib'
[1.523s] Level 1:colcon.colcon_core.shell:create_environment_hook('rotor_tm_msgs', 'ld_library_path_lib')
[1.523s] INFO:colcon.colcon_core.shell:Creating environment hook '/home/swati/Quad_DR/RotorTM/install/rotor_tm_msgs/share/rotor_tm_msgs/hook/ld_library_path_lib.ps1'
[1.523s] INFO:colcon.colcon_core.shell:Creating environment descriptor '/home/swati/Quad_DR/RotorTM/install/rotor_tm_msgs/share/rotor_tm_msgs/hook/ld_library_path_lib.dsv'
[1.524s] INFO:colcon.colcon_core.shell:Creating environment hook '/home/swati/Quad_DR/RotorTM/install/rotor_tm_msgs/share/rotor_tm_msgs/hook/ld_library_path_lib.sh'
[1.524s] Level 1:colcon.colcon_core.environment:checking '/home/swati/Quad_DR/RotorTM/install/rotor_tm_msgs/bin'
[1.524s] Level 1:colcon.colcon_core.environment:checking '/home/swati/Quad_DR/RotorTM/install/rotor_tm_msgs/lib/pkgconfig/rotor_tm_msgs.pc'
[1.524s] Level 1:colcon.colcon_core.environment:checking '/home/swati/Quad_DR/RotorTM/install/rotor_tm_msgs/lib/python3.10/site-packages'
[1.524s] Level 1:colcon.colcon_core.shell:create_environment_hook('rotor_tm_msgs', 'pythonpath')
[1.524s] INFO:colcon.colcon_core.shell:Creating environment hook '/home/swati/Quad_DR/RotorTM/install/rotor_tm_msgs/share/rotor_tm_msgs/hook/pythonpath.ps1'
[1.525s] INFO:colcon.colcon_core.shell:Creating environment descriptor '/home/swati/Quad_DR/RotorTM/install/rotor_tm_msgs/share/rotor_tm_msgs/hook/pythonpath.dsv'
[1.525s] INFO:colcon.colcon_core.shell:Creating environment hook '/home/swati/Quad_DR/RotorTM/install/rotor_tm_msgs/share/rotor_tm_msgs/hook/pythonpath.sh'
[1.526s] Level 1:colcon.colcon_core.environment:checking '/home/swati/Quad_DR/RotorTM/install/rotor_tm_msgs/bin'
[1.526s] INFO:colcon.colcon_core.shell:Creating package script '/home/swati/Quad_DR/RotorTM/install/rotor_tm_msgs/share/rotor_tm_msgs/package.ps1'
[1.527s] INFO:colcon.colcon_core.shell:Creating package descriptor '/home/swati/Quad_DR/RotorTM/install/rotor_tm_msgs/share/rotor_tm_msgs/package.dsv'
[1.528s] INFO:colcon.colcon_core.shell:Creating package script '/home/swati/Quad_DR/RotorTM/install/rotor_tm_msgs/share/rotor_tm_msgs/package.sh'
[1.529s] INFO:colcon.colcon_core.shell:Creating package script '/home/swati/Quad_DR/RotorTM/install/rotor_tm_msgs/share/rotor_tm_msgs/package.bash'
[1.530s] INFO:colcon.colcon_core.shell:Creating package script '/home/swati/Quad_DR/RotorTM/install/rotor_tm_msgs/share/rotor_tm_msgs/package.zsh'
[1.530s] Level 1:colcon.colcon_core.environment:create_file_with_runtime_dependencies(/home/swati/Quad_DR/RotorTM/install/rotor_tm_msgs/share/colcon-core/packages/rotor_tm_msgs)
[1.531s] INFO:colcon.colcon_ros.task.ament_cmake.build:Building ROS package in '/home/swati/Quad_DR/RotorTM/src/rotor_tm_plcontrol' with build type 'ament_cmake'
[1.531s] INFO:colcon.colcon_cmake.task.cmake.build:Building CMake package in '/home/swati/Quad_DR/RotorTM/src/rotor_tm_plcontrol'
[1.532s] INFO:colcon.colcon_core.shell:Skip shell extension 'powershell' for command environment: Not usable outside of PowerShell
[1.532s] DEBUG:colcon.colcon_core.shell:Skip shell extension 'dsv' for command environment
[1.543s] DEBUG:colcon.colcon_core.event_handler.log_command:Invoking command in '/home/swati/Quad_DR/RotorTM/build/rotor_tm_plcontrol': AMENT_PREFIX_PATH=/home/swati/Quad_DR/RotorTM/install/rotor_tm_msgs:${AMENT_PREFIX_PATH} CMAKE_PREFIX_PATH=/home/swati/Quad_DR/RotorTM/install/rotor_tm_msgs:/opt/ros/humble LD_LIBRARY_PATH=/home/swati/Quad_DR/RotorTM/install/rotor_tm_msgs/lib:/usr/lib/x86_64-linux-gnu/gazebo-11/plugins:/opt/ros/humble/opt/rviz_ogre_vendor/lib:/opt/ros/humble/lib/x86_64-linux-gnu:/opt/ros/humble/lib:/usr/share/gazebo/../../lib/x86_64-linux-gnu/gazebo-11/plugins:/home/swati/acados/lib PYTHONPATH=/home/swati/Quad_DR/RotorTM/install/rotor_tm_msgs/lib/python3.10/site-packages:${PYTHONPATH} /usr/bin/cmake --build /home/swati/Quad_DR/RotorTM/build/rotor_tm_plcontrol -- -j20 -l20
[1.644s] DEBUG:colcon.colcon_core.event_handler.log_command:Invoked command in '/home/swati/Quad_DR/RotorTM/build/rotor_tm_plcontrol' returned '0': AMENT_PREFIX_PATH=/home/swati/Quad_DR/RotorTM/install/rotor_tm_msgs:${AMENT_PREFIX_PATH} CMAKE_PREFIX_PATH=/home/swati/Quad_DR/RotorTM/install/rotor_tm_msgs:/opt/ros/humble LD_LIBRARY_PATH=/home/swati/Quad_DR/RotorTM/install/rotor_tm_msgs/lib:/usr/lib/x86_64-linux-gnu/gazebo-11/plugins:/opt/ros/humble/opt/rviz_ogre_vendor/lib:/opt/ros/humble/lib/x86_64-linux-gnu:/opt/ros/humble/lib:/usr/share/gazebo/../../lib/x86_64-linux-gnu/gazebo-11/plugins:/home/swati/acados/lib PYTHONPATH=/home/swati/Quad_DR/RotorTM/install/rotor_tm_msgs/lib/python3.10/site-packages:${PYTHONPATH} /usr/bin/cmake --build /home/swati/Quad_DR/RotorTM/build/rotor_tm_plcontrol -- -j20 -l20
[1.653s] DEBUG:colcon.colcon_core.event_handler.log_command:Invoking command in '/home/swati/Quad_DR/RotorTM/src/rotor_tm_utils': PYTHONPATH=/home/swati/Quad_DR/RotorTM/build/rotor_tm_utils/prefix_override:/usr/lib/python3/dist-packages/colcon_core/task/python/colcon_distutils_commands:/home/swati/Quad_DR/RotorTM/install/rotor_tm_utils/lib/python3.10/site-packages:${PYTHONPATH} /usr/bin/python3 -W ignore:setup.py install is deprecated setup.py egg_info --egg-base ../../build/rotor_tm_utils build --build-base /home/swati/Quad_DR/RotorTM/build/rotor_tm_utils/build install --record /home/swati/Quad_DR/RotorTM/build/rotor_tm_utils/install.log --single-version-externally-managed install_data
[1.680s] DEBUG:colcon.colcon_core.event_handler.log_command:Invoking command in '/home/swati/Quad_DR/RotorTM/build/rotor_tm_plcontrol': AMENT_PREFIX_PATH=/home/swati/Quad_DR/RotorTM/install/rotor_tm_msgs:${AMENT_PREFIX_PATH} CMAKE_PREFIX_PATH=/home/swati/Quad_DR/RotorTM/install/rotor_tm_msgs:/opt/ros/humble LD_LIBRARY_PATH=/home/swati/Quad_DR/RotorTM/install/rotor_tm_msgs/lib:/usr/lib/x86_64-linux-gnu/gazebo-11/plugins:/opt/ros/humble/opt/rviz_ogre_vendor/lib:/opt/ros/humble/lib/x86_64-linux-gnu:/opt/ros/humble/lib:/usr/share/gazebo/../../lib/x86_64-linux-gnu/gazebo-11/plugins:/home/swati/acados/lib PYTHONPATH=/home/swati/Quad_DR/RotorTM/install/rotor_tm_msgs/lib/python3.10/site-packages:${PYTHONPATH} /usr/bin/cmake --install /home/swati/Quad_DR/RotorTM/build/rotor_tm_plcontrol
[1.690s] Level 1:colcon.colcon_core.environment:create_environment_scripts_only(rotor_tm_plcontrol)
[1.690s] Level 1:colcon.colcon_core.environment:checking '/home/swati/Quad_DR/RotorTM/install/rotor_tm_plcontrol' for CMake module files
[1.691s] DEBUG:colcon.colcon_core.event_handler.log_command:Invoked command in '/home/swati/Quad_DR/RotorTM/build/rotor_tm_plcontrol' returned '0': AMENT_PREFIX_PATH=/home/swati/Quad_DR/RotorTM/install/rotor_tm_msgs:${AMENT_PREFIX_PATH} CMAKE_PREFIX_PATH=/home/swati/Quad_DR/RotorTM/install/rotor_tm_msgs:/opt/ros/humble LD_LIBRARY_PATH=/home/swati/Quad_DR/RotorTM/install/rotor_tm_msgs/lib:/usr/lib/x86_64-linux-gnu/gazebo-11/plugins:/opt/ros/humble/opt/rviz_ogre_vendor/lib:/opt/ros/humble/lib/x86_64-linux-gnu:/opt/ros/humble/lib:/usr/share/gazebo/../../lib/x86_64-linux-gnu/gazebo-11/plugins:/home/swati/acados/lib PYTHONPATH=/home/swati/Quad_DR/RotorTM/install/rotor_tm_msgs/lib/python3.10/site-packages:${PYTHONPATH} /usr/bin/cmake --install /home/swati/Quad_DR/RotorTM/build/rotor_tm_plcontrol
[1.691s] Level 1:colcon.colcon_core.environment:checking '/home/swati/Quad_DR/RotorTM/install/rotor_tm_plcontrol' for CMake config files
[1.691s] Level 1:colcon.colcon_core.shell:create_environment_hook('rotor_tm_plcontrol', 'cmake_prefix_path')
[1.692s] INFO:colcon.colcon_core.shell:Creating environment hook '/home/swati/Quad_DR/RotorTM/install/rotor_tm_plcontrol/share/rotor_tm_plcontrol/hook/cmake_prefix_path.ps1'
[1.692s] INFO:colcon.colcon_core.shell:Creating environment descriptor '/home/swati/Quad_DR/RotorTM/install/rotor_tm_plcontrol/share/rotor_tm_plcontrol/hook/cmake_prefix_path.dsv'
[1.692s] INFO:colcon.colcon_core.shell:Creating environment hook '/home/swati/Quad_DR/RotorTM/install/rotor_tm_plcontrol/share/rotor_tm_plcontrol/hook/cmake_prefix_path.sh'
[1.693s] Level 1:colcon.colcon_core.environment:checking '/home/swati/Quad_DR/RotorTM/install/rotor_tm_plcontrol/lib'
[1.693s] Level 1:colcon.colcon_core.shell:create_environment_hook('rotor_tm_plcontrol', 'ld_library_path_lib')
[1.693s] INFO:colcon.colcon_core.shell:Creating environment hook '/home/swati/Quad_DR/RotorTM/install/rotor_tm_plcontrol/share/rotor_tm_plcontrol/hook/ld_library_path_lib.ps1'
[1.693s] INFO:colcon.colcon_core.shell:Creating environment descriptor '/home/swati/Quad_DR/RotorTM/install/rotor_tm_plcontrol/share/rotor_tm_plcontrol/hook/ld_library_path_lib.dsv'
[1.694s] INFO:colcon.colcon_core.shell:Creating environment hook '/home/swati/Quad_DR/RotorTM/install/rotor_tm_plcontrol/share/rotor_tm_plcontrol/hook/ld_library_path_lib.sh'
[1.694s] Level 1:colcon.colcon_core.environment:checking '/home/swati/Quad_DR/RotorTM/install/rotor_tm_plcontrol/bin'
[1.694s] Level 1:colcon.colcon_core.environment:checking '/home/swati/Quad_DR/RotorTM/install/rotor_tm_plcontrol/lib/pkgconfig/rotor_tm_plcontrol.pc'
[1.694s] Level 1:colcon.colcon_core.environment:checking '/home/swati/Quad_DR/RotorTM/install/rotor_tm_plcontrol/lib/python3.10/site-packages'
[1.694s] Level 1:colcon.colcon_core.environment:checking '/home/swati/Quad_DR/RotorTM/install/rotor_tm_plcontrol/bin'
[1.695s] INFO:colcon.colcon_core.shell:Creating package script '/home/swati/Quad_DR/RotorTM/install/rotor_tm_plcontrol/share/rotor_tm_plcontrol/package.ps1'
[1.695s] INFO:colcon.colcon_core.shell:Creating package descriptor '/home/swati/Quad_DR/RotorTM/install/rotor_tm_plcontrol/share/rotor_tm_plcontrol/package.dsv'
[1.696s] INFO:colcon.colcon_core.shell:Creating package script '/home/swati/Quad_DR/RotorTM/install/rotor_tm_plcontrol/share/rotor_tm_plcontrol/package.sh'
[1.696s] INFO:colcon.colcon_core.shell:Creating package script '/home/swati/Quad_DR/RotorTM/install/rotor_tm_plcontrol/share/rotor_tm_plcontrol/package.bash'
[1.696s] INFO:colcon.colcon_core.shell:Creating package script '/home/swati/Quad_DR/RotorTM/install/rotor_tm_plcontrol/share/rotor_tm_plcontrol/package.zsh'
[1.696s] Level 1:colcon.colcon_core.environment:create_file_with_runtime_dependencies(/home/swati/Quad_DR/RotorTM/install/rotor_tm_plcontrol/share/colcon-core/packages/rotor_tm_plcontrol)
[1.729s] Level 1:colcon.colcon_core.environment:create_environment_scripts_only(rotor_tm_plcontrol)
[1.729s] Level 1:colcon.colcon_core.environment:checking '/home/swati/Quad_DR/RotorTM/install/rotor_tm_plcontrol' for CMake module files
[1.730s] Level 1:colcon.colcon_core.environment:checking '/home/swati/Quad_DR/RotorTM/install/rotor_tm_plcontrol' for CMake config files
[1.730s] Level 1:colcon.colcon_core.shell:create_environment_hook('rotor_tm_plcontrol', 'cmake_prefix_path')
[1.731s] INFO:colcon.colcon_core.shell:Creating environment hook '/home/swati/Quad_DR/RotorTM/install/rotor_tm_plcontrol/share/rotor_tm_plcontrol/hook/cmake_prefix_path.ps1'
[1.731s] INFO:colcon.colcon_core.shell:Creating environment descriptor '/home/swati/Quad_DR/RotorTM/install/rotor_tm_plcontrol/share/rotor_tm_plcontrol/hook/cmake_prefix_path.dsv'
[1.732s] INFO:colcon.colcon_core.shell:Creating environment hook '/home/swati/Quad_DR/RotorTM/install/rotor_tm_plcontrol/share/rotor_tm_plcontrol/hook/cmake_prefix_path.sh'
[1.732s] Level 1:colcon.colcon_core.environment:checking '/home/swati/Quad_DR/RotorTM/install/rotor_tm_plcontrol/lib'
[1.732s] Level 1:colcon.colcon_core.shell:create_environment_hook('rotor_tm_plcontrol', 'ld_library_path_lib')
[1.733s] INFO:colcon.colcon_core.shell:Creating environment hook '/home/swati/Quad_DR/RotorTM/install/rotor_tm_plcontrol/share/rotor_tm_plcontrol/hook/ld_library_path_lib.ps1'
[1.733s] INFO:colcon.colcon_core.shell:Creating environment descriptor '/home/swati/Quad_DR/RotorTM/install/rotor_tm_plcontrol/share/rotor_tm_plcontrol/hook/ld_library_path_lib.dsv'
[1.733s] INFO:colcon.colcon_core.shell:Creating environment hook '/home/swati/Quad_DR/RotorTM/install/rotor_tm_plcontrol/share/rotor_tm_plcontrol/hook/ld_library_path_lib.sh'
[1.734s] Level 1:colcon.colcon_core.environment:checking '/home/swati/Quad_DR/RotorTM/install/rotor_tm_plcontrol/bin'
[1.734s] Level 1:colcon.colcon_core.environment:checking '/home/swati/Quad_DR/RotorTM/install/rotor_tm_plcontrol/lib/pkgconfig/rotor_tm_plcontrol.pc'
[1.734s] Level 1:colcon.colcon_core.environment:checking '/home/swati/Quad_DR/RotorTM/install/rotor_tm_plcontrol/lib/python3.10/site-packages'
[1.734s] Level 1:colcon.colcon_core.environment:checking '/home/swati/Quad_DR/RotorTM/install/rotor_tm_plcontrol/bin'
[1.734s] INFO:colcon.colcon_core.shell:Creating package script '/home/swati/Quad_DR/RotorTM/install/rotor_tm_plcontrol/share/rotor_tm_plcontrol/package.ps1'
[1.735s] INFO:colcon.colcon_core.shell:Creating package descriptor '/home/swati/Quad_DR/RotorTM/install/rotor_tm_plcontrol/share/rotor_tm_plcontrol/package.dsv'
[1.735s] INFO:colcon.colcon_core.shell:Creating package script '/home/swati/Quad_DR/RotorTM/install/rotor_tm_plcontrol/share/rotor_tm_plcontrol/package.sh'
[1.736s] INFO:colcon.colcon_core.shell:Creating package script '/home/swati/Quad_DR/RotorTM/install/rotor_tm_plcontrol/share/rotor_tm_plcontrol/package.bash'
[1.736s] INFO:colcon.colcon_core.shell:Creating package script '/home/swati/Quad_DR/RotorTM/install/rotor_tm_plcontrol/share/rotor_tm_plcontrol/package.zsh'
[1.736s] Level 1:colcon.colcon_core.environment:create_file_with_runtime_dependencies(/home/swati/Quad_DR/RotorTM/install/rotor_tm_plcontrol/share/colcon-core/packages/rotor_tm_plcontrol)
[1.790s] Level 1:colcon.colcon_core.environment:checking '/home/swati/Quad_DR/RotorTM/install/rotor_tm_traj' for CMake module files
[1.791s] DEBUG:colcon.colcon_core.event_handler.log_command:Invoked command in '/home/swati/Quad_DR/RotorTM/src/rotor_tm_traj' returned '0': PYTHONPATH=/home/swati/Quad_DR/RotorTM/build/rotor_tm_traj/prefix_override:/usr/lib/python3/dist-packages/colcon_core/task/python/colcon_distutils_commands:/home/swati/Quad_DR/RotorTM/install/rotor_tm_traj/lib/python3.10/site-packages:${PYTHONPATH} /usr/bin/python3 -W ignore:setup.py install is deprecated setup.py egg_info --egg-base ../../build/rotor_tm_traj build --build-base /home/swati/Quad_DR/RotorTM/build/rotor_tm_traj/build install --record /home/swati/Quad_DR/RotorTM/build/rotor_tm_traj/install.log --single-version-externally-managed install_data
[1.791s] Level 1:colcon.colcon_core.environment:checking '/home/swati/Quad_DR/RotorTM/install/rotor_tm_traj' for CMake config files
[1.791s] Level 1:colcon.colcon_core.environment:checking '/home/swati/Quad_DR/RotorTM/install/rotor_tm_traj/lib'
[1.791s] Level 1:colcon.colcon_core.environment:checking '/home/swati/Quad_DR/RotorTM/install/rotor_tm_traj/bin'
[1.792s] Level 1:colcon.colcon_core.environment:checking '/home/swati/Quad_DR/RotorTM/install/rotor_tm_traj/lib/pkgconfig/rotor_tm_traj.pc'
[1.792s] Level 1:colcon.colcon_core.environment:checking '/home/swati/Quad_DR/RotorTM/install/rotor_tm_traj/lib/python3.10/site-packages'
[1.792s] Level 1:colcon.colcon_core.shell:create_environment_hook('rotor_tm_traj', 'pythonpath')
[1.792s] INFO:colcon.colcon_core.shell:Creating environment hook '/home/swati/Quad_DR/RotorTM/install/rotor_tm_traj/share/rotor_tm_traj/hook/pythonpath.ps1'
[1.793s] INFO:colcon.colcon_core.shell:Creating environment descriptor '/home/swati/Quad_DR/RotorTM/install/rotor_tm_traj/share/rotor_tm_traj/hook/pythonpath.dsv'
[1.793s] INFO:colcon.colcon_core.shell:Creating environment hook '/home/swati/Quad_DR/RotorTM/install/rotor_tm_traj/share/rotor_tm_traj/hook/pythonpath.sh'
[1.793s] Level 1:colcon.colcon_core.environment:checking '/home/swati/Quad_DR/RotorTM/install/rotor_tm_traj/bin'
[1.794s] Level 1:colcon.colcon_core.environment:create_environment_scripts_only(rotor_tm_traj)
[1.794s] INFO:colcon.colcon_core.shell:Creating package script '/home/swati/Quad_DR/RotorTM/install/rotor_tm_traj/share/rotor_tm_traj/package.ps1'
[1.794s] INFO:colcon.colcon_core.shell:Creating package descriptor '/home/swati/Quad_DR/RotorTM/install/rotor_tm_traj/share/rotor_tm_traj/package.dsv'
[1.795s] INFO:colcon.colcon_core.shell:Creating package script '/home/swati/Quad_DR/RotorTM/install/rotor_tm_traj/share/rotor_tm_traj/package.sh'
[1.795s] INFO:colcon.colcon_core.shell:Creating package script '/home/swati/Quad_DR/RotorTM/install/rotor_tm_traj/share/rotor_tm_traj/package.bash'
[1.795s] INFO:colcon.colcon_core.shell:Creating package script '/home/swati/Quad_DR/RotorTM/install/rotor_tm_traj/share/rotor_tm_traj/package.zsh'
[1.796s] Level 1:colcon.colcon_core.environment:create_file_with_runtime_dependencies(/home/swati/Quad_DR/RotorTM/install/rotor_tm_traj/share/colcon-core/packages/rotor_tm_traj)
[1.798s] Level 1:colcon.colcon_core.environment:checking '/home/swati/Quad_DR/RotorTM/install/payload_control' for CMake module files
[1.798s] DEBUG:colcon.colcon_core.event_handler.log_command:Invoked command in '/home/swati/Quad_DR/RotorTM/src/payload_control' returned '0': PYTHONPATH=/home/swati/Quad_DR/RotorTM/build/payload_control/prefix_override:/usr/lib/python3/dist-packages/colcon_core/task/python/colcon_distutils_commands:/home/swati/Quad_DR/RotorTM/install/payload_control/lib/python3.10/site-packages:${PYTHONPATH} /usr/bin/python3 -W ignore:setup.py install is deprecated setup.py egg_info --egg-base ../../build/payload_control build --build-base /home/swati/Quad_DR/RotorTM/build/payload_control/build install --record /home/swati/Quad_DR/RotorTM/build/payload_control/install.log --single-version-externally-managed install_data
[1.799s] Level 1:colcon.colcon_core.environment:checking '/home/swati/Quad_DR/RotorTM/install/payload_control' for CMake config files
[1.799s] Level 1:colcon.colcon_core.environment:checking '/home/swati/Quad_DR/RotorTM/install/payload_control/lib'
[1.799s] Level 1:colcon.colcon_core.environment:checking '/home/swati/Quad_DR/RotorTM/install/payload_control/bin'
[1.799s] Level 1:colcon.colcon_core.environment:checking '/home/swati/Quad_DR/RotorTM/install/payload_control/lib/pkgconfig/payload_control.pc'
[1.799s] Level 1:colcon.colcon_core.environment:checking '/home/swati/Quad_DR/RotorTM/install/payload_control/lib/python3.10/site-packages'
[1.800s] Level 1:colcon.colcon_core.shell:create_environment_hook('payload_control', 'pythonpath')
[1.800s] INFO:colcon.colcon_core.shell:Creating environment hook '/home/swati/Quad_DR/RotorTM/install/payload_control/share/payload_control/hook/pythonpath.ps1'
[1.800s] INFO:colcon.colcon_core.shell:Creating environment descriptor '/home/swati/Quad_DR/RotorTM/install/payload_control/share/payload_control/hook/pythonpath.dsv'
[1.801s] INFO:colcon.colcon_core.shell:Creating environment hook '/home/swati/Quad_DR/RotorTM/install/payload_control/share/payload_control/hook/pythonpath.sh'
[1.801s] Level 1:colcon.colcon_core.environment:checking '/home/swati/Quad_DR/RotorTM/install/payload_control/bin'
[1.801s] Level 1:colcon.colcon_core.environment:create_environment_scripts_only(payload_control)
[1.801s] INFO:colcon.colcon_core.shell:Creating package script '/home/swati/Quad_DR/RotorTM/install/payload_control/share/payload_control/package.ps1'
[1.802s] INFO:colcon.colcon_core.shell:Creating package descriptor '/home/swati/Quad_DR/RotorTM/install/payload_control/share/payload_control/package.dsv'
[1.802s] INFO:colcon.colcon_core.shell:Creating package script '/home/swati/Quad_DR/RotorTM/install/payload_control/share/payload_control/package.sh'
[1.802s] INFO:colcon.colcon_core.shell:Creating package script '/home/swati/Quad_DR/RotorTM/install/payload_control/share/payload_control/package.bash'
[1.803s] INFO:colcon.colcon_core.shell:Creating package script '/home/swati/Quad_DR/RotorTM/install/payload_control/share/payload_control/package.zsh'
[1.803s] Level 1:colcon.colcon_core.environment:create_file_with_runtime_dependencies(/home/swati/Quad_DR/RotorTM/install/payload_control/share/colcon-core/packages/payload_control)
[1.804s] Level 1:colcon.colcon_core.environment:checking '/home/swati/Quad_DR/RotorTM/install/rotor_tm_keyboard2wrench' for CMake module files
[1.805s] Level 1:colcon.colcon_core.environment:checking '/home/swati/Quad_DR/RotorTM/install/rotor_tm_keyboard2wrench' for CMake config files
[1.806s] DEBUG:colcon.colcon_core.event_handler.log_command:Invoked command in '/home/swati/Quad_DR/RotorTM/src/rotor_tm_keyboard2wrench' returned '0': PYTHONPATH=/home/swati/Quad_DR/RotorTM/build/rotor_tm_keyboard2wrench/prefix_override:/usr/lib/python3/dist-packages/colcon_core/task/python/colcon_distutils_commands:/home/swati/Quad_DR/RotorTM/install/rotor_tm_keyboard2wrench/lib/python3.10/site-packages:${PYTHONPATH} /usr/bin/python3 -W ignore:setup.py install is deprecated setup.py egg_info --egg-base ../../build/rotor_tm_keyboard2wrench build --build-base /home/swati/Quad_DR/RotorTM/build/rotor_tm_keyboard2wrench/build install --record /home/swati/Quad_DR/RotorTM/build/rotor_tm_keyboard2wrench/install.log --single-version-externally-managed install_data
[1.807s] Level 1:colcon.colcon_core.environment:checking '/home/swati/Quad_DR/RotorTM/install/rotor_tm_keyboard2wrench/lib'
[1.807s] Level 1:colcon.colcon_core.environment:checking '/home/swati/Quad_DR/RotorTM/install/rotor_tm_keyboard2wrench/bin'
[1.807s] Level 1:colcon.colcon_core.environment:checking '/home/swati/Quad_DR/RotorTM/install/rotor_tm_keyboard2wrench/lib/pkgconfig/rotor_tm_keyboard2wrench.pc'
[1.808s] Level 1:colcon.colcon_core.environment:checking '/home/swati/Quad_DR/RotorTM/install/rotor_tm_keyboard2wrench/lib/python3.10/site-packages'
[1.808s] Level 1:colcon.colcon_core.shell:create_environment_hook('rotor_tm_keyboard2wrench', 'pythonpath')
[1.808s] INFO:colcon.colcon_core.shell:Creating environment hook '/home/swati/Quad_DR/RotorTM/install/rotor_tm_keyboard2wrench/share/rotor_tm_keyboard2wrench/hook/pythonpath.ps1'
[1.809s] INFO:colcon.colcon_core.shell:Creating environment descriptor '/home/swati/Quad_DR/RotorTM/install/rotor_tm_keyboard2wrench/share/rotor_tm_keyboard2wrench/hook/pythonpath.dsv'
[1.809s] INFO:colcon.colcon_core.shell:Creating environment hook '/home/swati/Quad_DR/RotorTM/install/rotor_tm_keyboard2wrench/share/rotor_tm_keyboard2wrench/hook/pythonpath.sh'
[1.810s] Level 1:colcon.colcon_core.environment:checking '/home/swati/Quad_DR/RotorTM/install/rotor_tm_keyboard2wrench/bin'
[1.810s] Level 1:colcon.colcon_core.environment:create_environment_scripts_only(rotor_tm_keyboard2wrench)
[1.811s] INFO:colcon.colcon_core.shell:Creating package script '/home/swati/Quad_DR/RotorTM/install/rotor_tm_keyboard2wrench/share/rotor_tm_keyboard2wrench/package.ps1'
[1.811s] INFO:colcon.colcon_core.shell:Creating package descriptor '/home/swati/Quad_DR/RotorTM/install/rotor_tm_keyboard2wrench/share/rotor_tm_keyboard2wrench/package.dsv'
[1.811s] INFO:colcon.colcon_core.shell:Creating package script '/home/swati/Quad_DR/RotorTM/install/rotor_tm_keyboard2wrench/share/rotor_tm_keyboard2wrench/package.sh'
[1.812s] INFO:colcon.colcon_core.shell:Creating package script '/home/swati/Quad_DR/RotorTM/install/rotor_tm_keyboard2wrench/share/rotor_tm_keyboard2wrench/package.bash'
[1.812s] INFO:colcon.colcon_core.shell:Creating package script '/home/swati/Quad_DR/RotorTM/install/rotor_tm_keyboard2wrench/share/rotor_tm_keyboard2wrench/package.zsh'
[1.812s] Level 1:colcon.colcon_core.environment:create_file_with_runtime_dependencies(/home/swati/Quad_DR/RotorTM/install/rotor_tm_keyboard2wrench/share/colcon-core/packages/rotor_tm_keyboard2wrench)
[1.973s] Level 1:colcon.colcon_core.environment:checking '/home/swati/Quad_DR/RotorTM/install/rotor_tm_config' for CMake module files
[1.974s] DEBUG:colcon.colcon_core.event_handler.log_command:Invoked command in '/home/swati/Quad_DR/RotorTM/src/rotor_tm_config' returned '0': PYTHONPATH=/home/swati/Quad_DR/RotorTM/build/rotor_tm_config/prefix_override:/usr/lib/python3/dist-packages/colcon_core/task/python/colcon_distutils_commands:/home/swati/Quad_DR/RotorTM/install/rotor_tm_config/lib/python3.10/site-packages:${PYTHONPATH} /usr/bin/python3 -W ignore:setup.py install is deprecated setup.py egg_info --egg-base ../../build/rotor_tm_config build --build-base /home/swati/Quad_DR/RotorTM/build/rotor_tm_config/build install --record /home/swati/Quad_DR/RotorTM/build/rotor_tm_config/install.log --single-version-externally-managed install_data
[1.974s] Level 1:colcon.colcon_core.environment:checking '/home/swati/Quad_DR/RotorTM/install/rotor_tm_config' for CMake config files
[1.975s] Level 1:colcon.colcon_core.environment:checking '/home/swati/Quad_DR/RotorTM/install/rotor_tm_config/lib'
[1.975s] Level 1:colcon.colcon_core.environment:checking '/home/swati/Quad_DR/RotorTM/install/rotor_tm_config/bin'
[1.975s] Level 1:colcon.colcon_core.environment:checking '/home/swati/Quad_DR/RotorTM/install/rotor_tm_config/lib/pkgconfig/rotor_tm_config.pc'
[1.976s] Level 1:colcon.colcon_core.environment:checking '/home/swati/Quad_DR/RotorTM/install/rotor_tm_config/lib/python3.10/site-packages'
[1.976s] Level 1:colcon.colcon_core.shell:create_environment_hook('rotor_tm_config', 'pythonpath')
[1.976s] INFO:colcon.colcon_core.shell:Creating environment hook '/home/swati/Quad_DR/RotorTM/install/rotor_tm_config/share/rotor_tm_config/hook/pythonpath.ps1'
[1.977s] INFO:colcon.colcon_core.shell:Creating environment descriptor '/home/swati/Quad_DR/RotorTM/install/rotor_tm_config/share/rotor_tm_config/hook/pythonpath.dsv'
[1.977s] INFO:colcon.colcon_core.shell:Creating environment hook '/home/swati/Quad_DR/RotorTM/install/rotor_tm_config/share/rotor_tm_config/hook/pythonpath.sh'
[1.978s] Level 1:colcon.colcon_core.environment:checking '/home/swati/Quad_DR/RotorTM/install/rotor_tm_config/bin'
[1.978s] Level 1:colcon.colcon_core.environment:create_environment_scripts_only(rotor_tm_config)
[1.979s] INFO:colcon.colcon_core.shell:Creating package script '/home/swati/Quad_DR/RotorTM/install/rotor_tm_config/share/rotor_tm_config/package.ps1'
[1.979s] INFO:colcon.colcon_core.shell:Creating package descriptor '/home/swati/Quad_DR/RotorTM/install/rotor_tm_config/share/rotor_tm_config/package.dsv'
[1.980s] INFO:colcon.colcon_core.shell:Creating package script '/home/swati/Quad_DR/RotorTM/install/rotor_tm_config/share/rotor_tm_config/package.sh'
[1.980s] INFO:colcon.colcon_core.shell:Creating package script '/home/swati/Quad_DR/RotorTM/install/rotor_tm_config/share/rotor_tm_config/package.bash'
[1.981s] INFO:colcon.colcon_core.shell:Creating package script '/home/swati/Quad_DR/RotorTM/install/rotor_tm_config/share/rotor_tm_config/package.zsh'
[1.981s] Level 1:colcon.colcon_core.environment:create_file_with_runtime_dependencies(/home/swati/Quad_DR/RotorTM/install/rotor_tm_config/share/colcon-core/packages/rotor_tm_config)
[2.055s] Level 1:colcon.colcon_core.environment:checking '/home/swati/Quad_DR/RotorTM/install/rotor_tm_utils' for CMake module files
[2.056s] DEBUG:colcon.colcon_core.event_handler.log_command:Invoked command in '/home/swati/Quad_DR/RotorTM/src/rotor_tm_utils' returned '0': PYTHONPATH=/home/swati/Quad_DR/RotorTM/build/rotor_tm_utils/prefix_override:/usr/lib/python3/dist-packages/colcon_core/task/python/colcon_distutils_commands:/home/swati/Quad_DR/RotorTM/install/rotor_tm_utils/lib/python3.10/site-packages:${PYTHONPATH} /usr/bin/python3 -W ignore:setup.py install is deprecated setup.py egg_info --egg-base ../../build/rotor_tm_utils build --build-base /home/swati/Quad_DR/RotorTM/build/rotor_tm_utils/build install --record /home/swati/Quad_DR/RotorTM/build/rotor_tm_utils/install.log --single-version-externally-managed install_data
[2.056s] Level 1:colcon.colcon_core.environment:checking '/home/swati/Quad_DR/RotorTM/install/rotor_tm_utils' for CMake config files
[2.057s] Level 1:colcon.colcon_core.environment:checking '/home/swati/Quad_DR/RotorTM/install/rotor_tm_utils/lib'
[2.057s] Level 1:colcon.colcon_core.environment:checking '/home/swati/Quad_DR/RotorTM/install/rotor_tm_utils/bin'
[2.057s] Level 1:colcon.colcon_core.environment:checking '/home/swati/Quad_DR/RotorTM/install/rotor_tm_utils/lib/pkgconfig/rotor_tm_utils.pc'
[2.058s] Level 1:colcon.colcon_core.environment:checking '/home/swati/Quad_DR/RotorTM/install/rotor_tm_utils/lib/python3.10/site-packages'
[2.058s] Level 1:colcon.colcon_core.shell:create_environment_hook('rotor_tm_utils', 'pythonpath')
[2.058s] INFO:colcon.colcon_core.shell:Creating environment hook '/home/swati/Quad_DR/RotorTM/install/rotor_tm_utils/share/rotor_tm_utils/hook/pythonpath.ps1'
[2.059s] INFO:colcon.colcon_core.shell:Creating environment descriptor '/home/swati/Quad_DR/RotorTM/install/rotor_tm_utils/share/rotor_tm_utils/hook/pythonpath.dsv'
[2.059s] INFO:colcon.colcon_core.shell:Creating environment hook '/home/swati/Quad_DR/RotorTM/install/rotor_tm_utils/share/rotor_tm_utils/hook/pythonpath.sh'
[2.060s] Level 1:colcon.colcon_core.environment:checking '/home/swati/Quad_DR/RotorTM/install/rotor_tm_utils/bin'
[2.060s] Level 1:colcon.colcon_core.environment:create_environment_scripts_only(rotor_tm_utils)
[2.060s] INFO:colcon.colcon_core.shell:Creating package script '/home/swati/Quad_DR/RotorTM/install/rotor_tm_utils/share/rotor_tm_utils/package.ps1'
[2.061s] INFO:colcon.colcon_core.shell:Creating package descriptor '/home/swati/Quad_DR/RotorTM/install/rotor_tm_utils/share/rotor_tm_utils/package.dsv'
[2.061s] INFO:colcon.colcon_core.shell:Creating package script '/home/swati/Quad_DR/RotorTM/install/rotor_tm_utils/share/rotor_tm_utils/package.sh'
[2.062s] INFO:colcon.colcon_core.shell:Creating package script '/home/swati/Quad_DR/RotorTM/install/rotor_tm_utils/share/rotor_tm_utils/package.bash'
[2.063s] INFO:colcon.colcon_core.shell:Creating package script '/home/swati/Quad_DR/RotorTM/install/rotor_tm_utils/share/rotor_tm_utils/package.zsh'
[2.063s] Level 1:colcon.colcon_core.environment:create_file_with_runtime_dependencies(/home/swati/Quad_DR/RotorTM/install/rotor_tm_utils/share/colcon-core/packages/rotor_tm_utils)
[2.063s] INFO:colcon.colcon_ros.task.ament_python.build:Building ROS package in '/home/swati/Quad_DR/RotorTM/src/rotor_tm_control' with build type 'ament_python'
[2.064s] Level 1:colcon.colcon_core.shell:create_environment_hook('rotor_tm_control', 'ament_prefix_path')
[2.064s] INFO:colcon.colcon_core.shell:Creating environment hook '/home/swati/Quad_DR/RotorTM/install/rotor_tm_control/share/rotor_tm_control/hook/ament_prefix_path.ps1'
[2.065s] INFO:colcon.colcon_core.shell:Creating environment descriptor '/home/swati/Quad_DR/RotorTM/install/rotor_tm_control/share/rotor_tm_control/hook/ament_prefix_path.dsv'
[2.065s] INFO:colcon.colcon_core.shell:Creating environment hook '/home/swati/Quad_DR/RotorTM/install/rotor_tm_control/share/rotor_tm_control/hook/ament_prefix_path.sh'
[2.066s] INFO:colcon.colcon_core.shell:Skip shell extension 'powershell' for command environment: Not usable outside of PowerShell
[2.066s] DEBUG:colcon.colcon_core.shell:Skip shell extension 'dsv' for command environment
[2.071s] INFO:colcon.colcon_ros.task.ament_python.build:Building ROS package in '/home/swati/Quad_DR/RotorTM/src/rotor_tm_sim' with build type 'ament_python'
[2.071s] Level 1:colcon.colcon_core.shell:create_environment_hook('rotor_tm_sim', 'ament_prefix_path')
[2.071s] INFO:colcon.colcon_core.shell:Creating environment hook '/home/swati/Quad_DR/RotorTM/install/rotor_tm_sim/share/rotor_tm_sim/hook/ament_prefix_path.ps1'
[2.072s] INFO:colcon.colcon_core.shell:Creating environment descriptor '/home/swati/Quad_DR/RotorTM/install/rotor_tm_sim/share/rotor_tm_sim/hook/ament_prefix_path.dsv'
[2.072s] INFO:colcon.colcon_core.shell:Creating environment hook '/home/swati/Quad_DR/RotorTM/install/rotor_tm_sim/share/rotor_tm_sim/hook/ament_prefix_path.sh'
[2.072s] INFO:colcon.colcon_core.shell:Skip shell extension 'powershell' for command environment: Not usable outside of PowerShell
[2.073s] DEBUG:colcon.colcon_core.shell:Skip shell extension 'dsv' for command environment
[2.234s] INFO:colcon.colcon_core.task.python.build:Building Python package in '/home/swati/Quad_DR/RotorTM/src/rotor_tm_control'
[2.234s] INFO:colcon.colcon_core.shell:Skip shell extension 'powershell' for command environment: Not usable outside of PowerShell
[2.234s] DEBUG:colcon.colcon_core.shell:Skip shell extension 'dsv' for command environment
[2.406s] INFO:colcon.colcon_core.task.python.build:Building Python package in '/home/swati/Quad_DR/RotorTM/src/rotor_tm_sim'
[2.407s] INFO:colcon.colcon_core.shell:Skip shell extension 'powershell' for command environment: Not usable outside of PowerShell
[2.407s] DEBUG:colcon.colcon_core.shell:Skip shell extension 'dsv' for command environment
[2.880s] DEBUG:colcon.colcon_core.event_handler.log_command:Invoking command in '/home/swati/Quad_DR/RotorTM/src/rotor_tm_control': AMENT_PREFIX_PATH=/home/swati/Quad_DR/RotorTM/install/rotor_tm_utils:/home/swati/Quad_DR/RotorTM/install/rotor_tm_msgs:${AMENT_PREFIX_PATH} CMAKE_PREFIX_PATH=/home/swati/Quad_DR/RotorTM/install/rotor_tm_msgs LD_LIBRARY_PATH=/home/swati/Quad_DR/RotorTM/install/rotor_tm_msgs/lib:/usr/lib/x86_64-linux-gnu/gazebo-11/plugins:/opt/ros/humble/opt/rviz_ogre_vendor/lib:/opt/ros/humble/lib/x86_64-linux-gnu:/opt/ros/humble/lib:/usr/share/gazebo/../../lib/x86_64-linux-gnu/gazebo-11/plugins:/home/swati/acados/lib PYTHONPATH=/home/swati/Quad_DR/RotorTM/build/rotor_tm_control/prefix_override:/usr/lib/python3/dist-packages/colcon_core/task/python/colcon_distutils_commands:/home/swati/Quad_DR/RotorTM/install/rotor_tm_control/lib/python3.10/site-packages:/home/swati/Quad_DR/RotorTM/install/rotor_tm_utils/lib/python3.10/site-packages:/home/swati/Quad_DR/RotorTM/install/rotor_tm_msgs/lib/python3.10/site-packages:${PYTHONPATH} /usr/bin/python3 -W ignore:setup.py install is deprecated setup.py egg_info --egg-base ../../build/rotor_tm_control build --build-base /home/swati/Quad_DR/RotorTM/build/rotor_tm_control/build install --record /home/swati/Quad_DR/RotorTM/build/rotor_tm_control/install.log --single-version-externally-managed install_data
[2.958s] DEBUG:colcon.colcon_core.event_handler.log_command:Invoking command in '/home/swati/Quad_DR/RotorTM/src/rotor_tm_sim': AMENT_PREFIX_PATH=/home/swati/Quad_DR/RotorTM/install/rotor_tm_utils:/home/swati/Quad_DR/RotorTM/install/rotor_tm_msgs:/home/swati/Quad_DR/RotorTM/install/rotor_tm_config:${AMENT_PREFIX_PATH} CMAKE_PREFIX_PATH=/home/swati/Quad_DR/RotorTM/install/rotor_tm_msgs LD_LIBRARY_PATH=/home/swati/Quad_DR/RotorTM/install/rotor_tm_msgs/lib:/usr/lib/x86_64-linux-gnu/gazebo-11/plugins:/opt/ros/humble/opt/rviz_ogre_vendor/lib:/opt/ros/humble/lib/x86_64-linux-gnu:/opt/ros/humble/lib:/usr/share/gazebo/../../lib/x86_64-linux-gnu/gazebo-11/plugins:/home/swati/acados/lib PYTHONPATH=/home/swati/Quad_DR/RotorTM/build/rotor_tm_sim/prefix_override:/usr/lib/python3/dist-packages/colcon_core/task/python/colcon_distutils_commands:/home/swati/Quad_DR/RotorTM/install/rotor_tm_sim/lib/python3.10/site-packages:/home/swati/Quad_DR/RotorTM/install/rotor_tm_utils/lib/python3.10/site-packages:/home/swati/Quad_DR/RotorTM/install/rotor_tm_msgs/lib/python3.10/site-packages:/home/swati/Quad_DR/RotorTM/install/rotor_tm_config/lib/python3.10/site-packages:${PYTHONPATH} /usr/bin/python3 -W ignore:setup.py install is deprecated setup.py egg_info --egg-base ../../build/rotor_tm_sim build --build-base /home/swati/Quad_DR/RotorTM/build/rotor_tm_sim/build install --record /home/swati/Quad_DR/RotorTM/build/rotor_tm_sim/install.log --single-version-externally-managed install_data
[3.198s] Level 1:colcon.colcon_core.environment:checking '/home/swati/Quad_DR/RotorTM/install/rotor_tm_control' for CMake module files
[3.199s] Level 1:colcon.colcon_core.environment:checking '/home/swati/Quad_DR/RotorTM/install/rotor_tm_control' for CMake config files
[3.199s] DEBUG:colcon.colcon_core.event_handler.log_command:Invoked command in '/home/swati/Quad_DR/RotorTM/src/rotor_tm_control' returned '0': AMENT_PREFIX_PATH=/home/swati/Quad_DR/RotorTM/install/rotor_tm_utils:/home/swati/Quad_DR/RotorTM/install/rotor_tm_msgs:${AMENT_PREFIX_PATH} CMAKE_PREFIX_PATH=/home/swati/Quad_DR/RotorTM/install/rotor_tm_msgs LD_LIBRARY_PATH=/home/swati/Quad_DR/RotorTM/install/rotor_tm_msgs/lib:/usr/lib/x86_64-linux-gnu/gazebo-11/plugins:/opt/ros/humble/opt/rviz_ogre_vendor/lib:/opt/ros/humble/lib/x86_64-linux-gnu:/opt/ros/humble/lib:/usr/share/gazebo/../../lib/x86_64-linux-gnu/gazebo-11/plugins:/home/swati/acados/lib PYTHONPATH=/home/swati/Quad_DR/RotorTM/build/rotor_tm_control/prefix_override:/usr/lib/python3/dist-packages/colcon_core/task/python/colcon_distutils_commands:/home/swati/Quad_DR/RotorTM/install/rotor_tm_control/lib/python3.10/site-packages:/home/swati/Quad_DR/RotorTM/install/rotor_tm_utils/lib/python3.10/site-packages:/home/swati/Quad_DR/RotorTM/install/rotor_tm_msgs/lib/python3.10/site-packages:${PYTHONPATH} /usr/bin/python3 -W ignore:setup.py install is deprecated setup.py egg_info --egg-base ../../build/rotor_tm_control build --build-base /home/swati/Quad_DR/RotorTM/build/rotor_tm_control/build install --record /home/swati/Quad_DR/RotorTM/build/rotor_tm_control/install.log --single-version-externally-managed install_data
[3.200s] Level 1:colcon.colcon_core.environment:checking '/home/swati/Quad_DR/RotorTM/install/rotor_tm_control/lib'
[3.200s] Level 1:colcon.colcon_core.environment:checking '/home/swati/Quad_DR/RotorTM/install/rotor_tm_control/bin'
[3.200s] Level 1:colcon.colcon_core.environment:checking '/home/swati/Quad_DR/RotorTM/install/rotor_tm_control/lib/pkgconfig/rotor_tm_control.pc'
[3.200s] Level 1:colcon.colcon_core.environment:checking '/home/swati/Quad_DR/RotorTM/install/rotor_tm_control/lib/python3.10/site-packages'
[3.200s] Level 1:colcon.colcon_core.shell:create_environment_hook('rotor_tm_control', 'pythonpath')
[3.201s] INFO:colcon.colcon_core.shell:Creating environment hook '/home/swati/Quad_DR/RotorTM/install/rotor_tm_control/share/rotor_tm_control/hook/pythonpath.ps1'
[3.201s] INFO:colcon.colcon_core.shell:Creating environment descriptor '/home/swati/Quad_DR/RotorTM/install/rotor_tm_control/share/rotor_tm_control/hook/pythonpath.dsv'
[3.202s] INFO:colcon.colcon_core.shell:Creating environment hook '/home/swati/Quad_DR/RotorTM/install/rotor_tm_control/share/rotor_tm_control/hook/pythonpath.sh'
[3.202s] Level 1:colcon.colcon_core.environment:checking '/home/swati/Quad_DR/RotorTM/install/rotor_tm_control/bin'
[3.202s] Level 1:colcon.colcon_core.environment:create_environment_scripts_only(rotor_tm_control)
[3.202s] INFO:colcon.colcon_core.shell:Creating package script '/home/swati/Quad_DR/RotorTM/install/rotor_tm_control/share/rotor_tm_control/package.ps1'
[3.203s] INFO:colcon.colcon_core.shell:Creating package descriptor '/home/swati/Quad_DR/RotorTM/install/rotor_tm_control/share/rotor_tm_control/package.dsv'
[3.203s] INFO:colcon.colcon_core.shell:Creating package script '/home/swati/Quad_DR/RotorTM/install/rotor_tm_control/share/rotor_tm_control/package.sh'
[3.203s] INFO:colcon.colcon_core.shell:Creating package script '/home/swati/Quad_DR/RotorTM/install/rotor_tm_control/share/rotor_tm_control/package.bash'
[3.204s] INFO:colcon.colcon_core.shell:Creating package script '/home/swati/Quad_DR/RotorTM/install/rotor_tm_control/share/rotor_tm_control/package.zsh'
[3.204s] Level 1:colcon.colcon_core.environment:create_file_with_runtime_dependencies(/home/swati/Quad_DR/RotorTM/install/rotor_tm_control/share/colcon-core/packages/rotor_tm_control)
[3.288s] Level 1:colcon.colcon_core.environment:checking '/home/swati/Quad_DR/RotorTM/install/rotor_tm_sim' for CMake module files
[3.288s] DEBUG:colcon.colcon_core.event_handler.log_command:Invoked command in '/home/swati/Quad_DR/RotorTM/src/rotor_tm_sim' returned '0': AMENT_PREFIX_PATH=/home/swati/Quad_DR/RotorTM/install/rotor_tm_utils:/home/swati/Quad_DR/RotorTM/install/rotor_tm_msgs:/home/swati/Quad_DR/RotorTM/install/rotor_tm_config:${AMENT_PREFIX_PATH} CMAKE_PREFIX_PATH=/home/swati/Quad_DR/RotorTM/install/rotor_tm_msgs LD_LIBRARY_PATH=/home/swati/Quad_DR/RotorTM/install/rotor_tm_msgs/lib:/usr/lib/x86_64-linux-gnu/gazebo-11/plugins:/opt/ros/humble/opt/rviz_ogre_vendor/lib:/opt/ros/humble/lib/x86_64-linux-gnu:/opt/ros/humble/lib:/usr/share/gazebo/../../lib/x86_64-linux-gnu/gazebo-11/plugins:/home/swati/acados/lib PYTHONPATH=/home/swati/Quad_DR/RotorTM/build/rotor_tm_sim/prefix_override:/usr/lib/python3/dist-packages/colcon_core/task/python/colcon_distutils_commands:/home/swati/Quad_DR/RotorTM/install/rotor_tm_sim/lib/python3.10/site-packages:/home/swati/Quad_DR/RotorTM/install/rotor_tm_utils/lib/python3.10/site-packages:/home/swati/Quad_DR/RotorTM/install/rotor_tm_msgs/lib/python3.10/site-packages:/home/swati/Quad_DR/RotorTM/install/rotor_tm_config/lib/python3.10/site-packages:${PYTHONPATH} /usr/bin/python3 -W ignore:setup.py install is deprecated setup.py egg_info --egg-base ../../build/rotor_tm_sim build --build-base /home/swati/Quad_DR/RotorTM/build/rotor_tm_sim/build install --record /home/swati/Quad_DR/RotorTM/build/rotor_tm_sim/install.log --single-version-externally-managed install_data
[3.289s] Level 1:colcon.colcon_core.environment:checking '/home/swati/Quad_DR/RotorTM/install/rotor_tm_sim' for CMake config files
[3.289s] Level 1:colcon.colcon_core.environment:checking '/home/swati/Quad_DR/RotorTM/install/rotor_tm_sim/lib'
[3.289s] Level 1:colcon.colcon_core.environment:checking '/home/swati/Quad_DR/RotorTM/install/rotor_tm_sim/bin'
[3.289s] Level 1:colcon.colcon_core.environment:checking '/home/swati/Quad_DR/RotorTM/install/rotor_tm_sim/lib/pkgconfig/rotor_tm_sim.pc'
[3.289s] Level 1:colcon.colcon_core.environment:checking '/home/swati/Quad_DR/RotorTM/install/rotor_tm_sim/lib/python3.10/site-packages'
[3.289s] Level 1:colcon.colcon_core.shell:create_environment_hook('rotor_tm_sim', 'pythonpath')
[3.289s] INFO:colcon.colcon_core.shell:Creating environment hook '/home/swati/Quad_DR/RotorTM/install/rotor_tm_sim/share/rotor_tm_sim/hook/pythonpath.ps1'
[3.290s] INFO:colcon.colcon_core.shell:Creating environment descriptor '/home/swati/Quad_DR/RotorTM/install/rotor_tm_sim/share/rotor_tm_sim/hook/pythonpath.dsv'
[3.290s] INFO:colcon.colcon_core.shell:Creating environment hook '/home/swati/Quad_DR/RotorTM/install/rotor_tm_sim/share/rotor_tm_sim/hook/pythonpath.sh'
[3.290s] Level 1:colcon.colcon_core.environment:checking '/home/swati/Quad_DR/RotorTM/install/rotor_tm_sim/bin'
[3.290s] Level 1:colcon.colcon_core.environment:create_environment_scripts_only(rotor_tm_sim)
[3.291s] INFO:colcon.colcon_core.shell:Creating package script '/home/swati/Quad_DR/RotorTM/install/rotor_tm_sim/share/rotor_tm_sim/package.ps1'
[3.291s] INFO:colcon.colcon_core.shell:Creating package descriptor '/home/swati/Quad_DR/RotorTM/install/rotor_tm_sim/share/rotor_tm_sim/package.dsv'
[3.291s] INFO:colcon.colcon_core.shell:Creating package script '/home/swati/Quad_DR/RotorTM/install/rotor_tm_sim/share/rotor_tm_sim/package.sh'
[3.291s] INFO:colcon.colcon_core.shell:Creating package script '/home/swati/Quad_DR/RotorTM/install/rotor_tm_sim/share/rotor_tm_sim/package.bash'
[3.292s] INFO:colcon.colcon_core.shell:Creating package script '/home/swati/Quad_DR/RotorTM/install/rotor_tm_sim/share/rotor_tm_sim/package.zsh'
[3.292s] Level 1:colcon.colcon_core.environment:create_file_with_runtime_dependencies(/home/swati/Quad_DR/RotorTM/install/rotor_tm_sim/share/colcon-core/packages/rotor_tm_sim)
[3.292s] DEBUG:colcon.colcon_parallel_executor.executor.parallel:closing loop
[3.292s] DEBUG:colcon.colcon_parallel_executor.executor.parallel:loop closed
[3.292s] DEBUG:colcon.colcon_parallel_executor.executor.parallel:run_until_complete finished with '0'
[3.292s] DEBUG:colcon.colcon_core.event_reactor:joining thread
[3.297s] INFO:colcon.colcon_core.plugin_system:Skipping extension 'colcon_notification.desktop_notification.terminal_notifier': Not used on non-Darwin systems
[3.297s] INFO:colcon.colcon_core.plugin_system:Skipping extension 'colcon_notification.desktop_notification.win32': Not used on non-Windows systems
[3.297s] INFO:colcon.colcon_notification.desktop_notification:Sending desktop notification using 'notify2'
[3.312s] DEBUG:colcon.colcon_core.event_reactor:joined thread
[3.313s] INFO:colcon.colcon_core.shell:Creating prefix script '/home/swati/Quad_DR/RotorTM/install/local_setup.ps1'
[3.313s] INFO:colcon.colcon_core.shell:Creating prefix util module '/home/swati/Quad_DR/RotorTM/install/_local_setup_util_ps1.py'
[3.314s] INFO:colcon.colcon_core.shell:Creating prefix chain script '/home/swati/Quad_DR/RotorTM/install/setup.ps1'
[3.315s] INFO:colcon.colcon_core.shell:Creating prefix script '/home/swati/Quad_DR/RotorTM/install/local_setup.sh'
[3.315s] INFO:colcon.colcon_core.shell:Creating prefix util module '/home/swati/Quad_DR/RotorTM/install/_local_setup_util_sh.py'
[3.316s] INFO:colcon.colcon_core.shell:Creating prefix chain script '/home/swati/Quad_DR/RotorTM/install/setup.sh'
[3.316s] INFO:colcon.colcon_core.shell:Creating prefix script '/home/swati/Quad_DR/RotorTM/install/local_setup.bash'
[3.316s] INFO:colcon.colcon_core.shell:Creating prefix chain script '/home/swati/Quad_DR/RotorTM/install/setup.bash'
[3.317s] INFO:colcon.colcon_core.shell:Creating prefix script '/home/swati/Quad_DR/RotorTM/install/local_setup.zsh'
[3.317s] INFO:colcon.colcon_core.shell:Creating prefix chain script '/home/swati/Quad_DR/RotorTM/install/setup.zsh'
