[0.025s] Invoking command in '/home/swati/Quad_DR/RotorTM/build/rotor_tm_msgs': CMAKE_PREFIX_PATH=${CMAKE_PREFIX_PATH}:/home/swati/Quad_DR/RotorTM/install/rotor_tm_sim:/home/swati/Quad_DR/RotorTM/install/rotor_tm_control:/home/swati/Quad_DR/RotorTM/install/rotor_tm_utils:/home/swati/Quad_DR/RotorTM/install/rotor_tm_traj:/home/swati/Quad_DR/RotorTM/install/rotor_tm_keyboard2wrench:/home/swati/Quad_DR/RotorTM/install/rotor_tm_config:/home/swati/Quad_DR/RotorTM/install/payload_control:/opt/ros/humble /opt/cmake-3.28.3-linux-x86_64/bin/cmake --build /home/swati/Quad_DR/RotorTM/build/rotor_tm_msgs -- -j20 -l20
[0.743s] -- Found rosidl_default_generators: 1.2.0 (/opt/ros/humble/share/rosidl_default_generators/cmake)
[0.744s] -- Found ament_cmake_core: 1.3.10 (/opt/ros/humble/share/ament_cmake_core/cmake)
[0.744s] -- Using all available rosidl_typesupport_c: rosidl_typesupport_fastrtps_c;rosidl_typesupport_introspection_c
[0.744s] -- Found rosidl_adapter: 3.1.5 (/opt/ros/humble/share/rosidl_adapter/cmake)
[0.744s] -- Using all available rosidl_typesupport_cpp: rosidl_typesupport_fastrtps_cpp;rosidl_typesupport_introspection_cpp
[0.744s] -- Found rclpy: 3.3.14 (/opt/ros/humble/share/rclpy/cmake)
[0.744s] -- Found nav_msgs: 4.2.4 (/opt/ros/humble/share/nav_msgs/cmake)
[0.745s] -- Found sensor_msgs: 4.2.4 (/opt/ros/humble/share/sensor_msgs/cmake)
[0.884s] -- Found ament_cmake_ros: 0.10.0 (/opt/ros/humble/share/ament_cmake_ros/cmake)
[1.481s] -- Using all available rosidl_typesupport_c: rosidl_typesupport_fastrtps_c;rosidl_typesupport_introspection_c
[2.190s] -- Using all available rosidl_typesupport_cpp: rosidl_typesupport_fastrtps_cpp;rosidl_typesupport_introspection_cpp
[2.193s] [33mCMake Warning (dev) at /opt/ros/humble/share/rosidl_generator_py/cmake/rosidl_generator_py_generate_interfaces.cmake:20 (find_package):
[2.193s]   Policy CMP0148 is not set: The FindPythonInterp and FindPythonLibs modules
[2.193s]   are removed.  Run "cmake --help-policy CMP0148" for policy details.  Use
[2.193s]   the cmake_policy command to set the policy and suppress this warning.
[2.193s] 
[2.193s] Call Stack (most recent call first):
[2.193s]   /opt/ros/humble/share/ament_cmake_core/cmake/core/ament_execute_extensions.cmake:48 (include)
[2.193s]   /opt/ros/humble/share/rosidl_cmake/cmake/rosidl_generate_interfaces.cmake:286 (ament_execute_extensions)
[2.193s]   CMakeLists.txt:24 (rosidl_generate_interfaces)
[2.193s] This warning is for project developers.  Use -Wno-dev to suppress it.
[2.193s] [0m
[2.219s] -- Found python_cmake_module: 0.10.0 (/opt/ros/humble/share/python_cmake_module/cmake)
[2.220s] [33mCMake Warning (dev) at /opt/ros/humble/share/python_cmake_module/cmake/Modules/FindPythonExtra.cmake:52 (find_package):
[2.220s]   Policy CMP0148 is not set: The FindPythonInterp and FindPythonLibs modules
[2.220s]   are removed.  Run "cmake --help-policy CMP0148" for policy details.  Use
[2.220s]   the cmake_policy command to set the policy and suppress this warning.
[2.220s] 
[2.220s] Call Stack (most recent call first):
[2.220s]   /opt/ros/humble/share/rosidl_generator_py/cmake/rosidl_generator_py_generate_interfaces.cmake:23 (find_package)
[2.220s]   /opt/ros/humble/share/ament_cmake_core/cmake/core/ament_execute_extensions.cmake:48 (include)
[2.220s]   /opt/ros/humble/share/rosidl_cmake/cmake/rosidl_generate_interfaces.cmake:286 (ament_execute_extensions)
[2.221s]   CMakeLists.txt:24 (rosidl_generate_interfaces)
[2.221s] This warning is for project developers.  Use -Wno-dev to suppress it.
[2.221s] [0m
[2.249s] [33mCMake Warning (dev) at /opt/ros/humble/share/python_cmake_module/cmake/Modules/FindPythonExtra.cmake:140 (find_package):
[2.249s]   Policy CMP0148 is not set: The FindPythonInterp and FindPythonLibs modules
[2.249s]   are removed.  Run "cmake --help-policy CMP0148" for policy details.  Use
[2.249s]   the cmake_policy command to set the policy and suppress this warning.
[2.249s] 
[2.249s] Call Stack (most recent call first):
[2.249s]   /opt/ros/humble/share/rosidl_generator_py/cmake/rosidl_generator_py_generate_interfaces.cmake:23 (find_package)
[2.250s]   /opt/ros/humble/share/ament_cmake_core/cmake/core/ament_execute_extensions.cmake:48 (include)
[2.250s]   /opt/ros/humble/share/rosidl_cmake/cmake/rosidl_generate_interfaces.cmake:286 (ament_execute_extensions)
[2.250s]   CMakeLists.txt:24 (rosidl_generate_interfaces)
[2.250s] This warning is for project developers.  Use -Wno-dev to suppress it.
[2.250s] [0m
[2.252s] -- Using PYTHON_EXECUTABLE: /usr/bin/python3
[2.252s] -- Using PYTHON_INCLUDE_DIRS: /usr/include/python3.10
[2.252s] -- Using PYTHON_LIBRARIES: /usr/lib/x86_64-linux-gnu/libpython3.10.so
[2.313s] -- Found ament_lint_auto: 0.12.11 (/opt/ros/humble/share/ament_lint_auto/cmake)
[2.323s] -- Added test 'cppcheck' to perform static code analysis on C / C++ code
[2.324s] -- Configured cppcheck include dirs: 
[2.324s] -- Configured cppcheck exclude dirs and/or files: 
[2.325s] -- Added test 'lint_cmake' to check CMake code style
[2.326s] -- Added test 'uncrustify' to check C / C++ code style
[2.326s] -- Configured uncrustify additional arguments: 
[2.326s] -- Added test 'xmllint' to check XML markup files
[2.327s] -- Configuring done (2.3s)
[2.375s] -- Generating done (0.0s)
[2.376s] -- Build files have been written to: /home/swati/Quad_DR/RotorTM/build/rotor_tm_msgs
[2.390s] [  1%] [34m[1mGenerating C code for ROS interfaces[0m
[2.394s] [  1%] [34m[1mGenerating C++ code for ROS interfaces[0m
[2.400s] [  1%] Built target ament_cmake_python_copy_rotor_tm_msgs
[2.573s] running egg_info
[2.584s] writing rotor_tm_msgs.egg-info/PKG-INFO
[2.584s] writing dependency_links to rotor_tm_msgs.egg-info/dependency_links.txt
[2.584s] writing top-level names to rotor_tm_msgs.egg-info/top_level.txt
[2.617s] reading manifest file 'rotor_tm_msgs.egg-info/SOURCES.txt'
[2.618s] writing manifest file 'rotor_tm_msgs.egg-info/SOURCES.txt'
[2.636s] [  1%] Built target ament_cmake_python_build_rotor_tm_msgs_egg
[3.124s] [  1%] Built target rotor_tm_msgs__cpp
[3.128s] [  2%] [34m[1mGenerating C++ type support dispatch for ROS interfaces[0m
[3.129s] [  3%] [34m[1mGenerating C++ type support for eProsima Fast-RTPS[0m
[3.129s] [  3%] [34m[1mGenerating C++ introspection for ROS interfaces[0m
[3.159s] [  3%] [32mBuilding C object CMakeFiles/rotor_tm_msgs__rosidl_generator_c.dir/rosidl_generator_c/rotor_tm_msgs/msg/detail/position_command__functions.c.o[0m
[3.160s] [  4%] [32mBuilding C object CMakeFiles/rotor_tm_msgs__rosidl_generator_c.dir/rosidl_generator_c/rotor_tm_msgs/msg/detail/fm_command__functions.c.o[0m
[3.160s] [  4%] [32mBuilding C object CMakeFiles/rotor_tm_msgs__rosidl_generator_c.dir/rosidl_generator_c/rotor_tm_msgs/msg/detail/so3_command__functions.c.o[0m
[3.160s] [  6%] [32mBuilding C object CMakeFiles/rotor_tm_msgs__rosidl_generator_c.dir/rosidl_generator_c/rotor_tm_msgs/msg/detail/cen_pl_command__functions.c.o[0m
[3.160s] [  7%] [32mBuilding C object CMakeFiles/rotor_tm_msgs__rosidl_generator_c.dir/rosidl_generator_c/rotor_tm_msgs/msg/detail/rpm_command__functions.c.o[0m
[3.160s] [  7%] [32mBuilding C object CMakeFiles/rotor_tm_msgs__rosidl_generator_c.dir/rosidl_generator_c/rotor_tm_msgs/msg/detail/status_data__functions.c.o[0m
[3.160s] [  7%] [32mBuilding C object CMakeFiles/rotor_tm_msgs__rosidl_generator_c.dir/rosidl_generator_c/rotor_tm_msgs/msg/detail/trpy_command__functions.c.o[0m
[3.161s] [  8%] [32mBuilding C object CMakeFiles/rotor_tm_msgs__rosidl_generator_c.dir/rosidl_generator_c/rotor_tm_msgs/msg/detail/traj_command__functions.c.o[0m
[3.161s] [  9%] [32mBuilding C object CMakeFiles/rotor_tm_msgs__rosidl_generator_c.dir/rosidl_generator_c/rotor_tm_msgs/srv/detail/vec4__functions.c.o[0m
[3.161s] [ 10%] [32mBuilding C object CMakeFiles/rotor_tm_msgs__rosidl_generator_c.dir/rosidl_generator_c/rotor_tm_msgs/msg/detail/fmn_command__functions.c.o[0m
[3.161s] [ 11%] [32mBuilding C object CMakeFiles/rotor_tm_msgs__rosidl_generator_c.dir/rosidl_generator_c/rotor_tm_msgs/srv/detail/circle_with_rotation__functions.c.o[0m
[3.161s] [ 11%] [32mBuilding C object CMakeFiles/rotor_tm_msgs__rosidl_generator_c.dir/rosidl_generator_c/rotor_tm_msgs/srv/detail/circle__functions.c.o[0m
[3.162s] [ 12%] [32mBuilding C object CMakeFiles/rotor_tm_msgs__rosidl_generator_c.dir/rosidl_generator_c/rotor_tm_msgs/srv/detail/copr_status_cmd__functions.c.o[0m
[3.162s] [ 12%] [32mBuilding C object CMakeFiles/rotor_tm_msgs__rosidl_generator_c.dir/rosidl_generator_c/rotor_tm_msgs/srv/detail/line__functions.c.o[0m
[3.162s] [ 13%] [32mBuilding C object CMakeFiles/rotor_tm_msgs__rosidl_generator_c.dir/rosidl_generator_c/rotor_tm_msgs/srv/detail/step_pose__functions.c.o[0m
[3.219s] [ 14%] [32m[1mLinking C shared library librotor_tm_msgs__rosidl_generator_c.so[0m
[3.243s] [ 14%] Built target rotor_tm_msgs__rosidl_generator_c
[3.248s] [ 16%] [34m[1mGenerating C type support dispatch for ROS interfaces[0m
[3.248s] [ 16%] [34m[1mGenerating C type support for eProsima Fast-RTPS[0m
[3.248s] [ 17%] [34m[1mGenerating C introspection for ROS interfaces[0m
[3.680s] [ 18%] [32mBuilding CXX object CMakeFiles/rotor_tm_msgs__rosidl_typesupport_cpp.dir/rosidl_typesupport_cpp/rotor_tm_msgs/msg/position_command__type_support.cpp.o[0m
[3.681s] [ 18%] [32mBuilding CXX object CMakeFiles/rotor_tm_msgs__rosidl_typesupport_cpp.dir/rosidl_typesupport_cpp/rotor_tm_msgs/msg/fm_command__type_support.cpp.o[0m
[3.681s] [ 20%] [32mBuilding CXX object CMakeFiles/rotor_tm_msgs__rosidl_typesupport_cpp.dir/rosidl_typesupport_cpp/rotor_tm_msgs/msg/rpm_command__type_support.cpp.o[0m
[3.681s] [ 20%] [32mBuilding CXX object CMakeFiles/rotor_tm_msgs__rosidl_typesupport_cpp.dir/rosidl_typesupport_cpp/rotor_tm_msgs/msg/so3_command__type_support.cpp.o[0m
[3.681s] [ 20%] [32mBuilding CXX object CMakeFiles/rotor_tm_msgs__rosidl_typesupport_cpp.dir/rosidl_typesupport_cpp/rotor_tm_msgs/msg/cen_pl_command__type_support.cpp.o[0m
[3.682s] [ 21%] [32mBuilding CXX object CMakeFiles/rotor_tm_msgs__rosidl_typesupport_cpp.dir/rosidl_typesupport_cpp/rotor_tm_msgs/msg/status_data__type_support.cpp.o[0m
[3.682s] [ 22%] [32mBuilding CXX object CMakeFiles/rotor_tm_msgs__rosidl_typesupport_cpp.dir/rosidl_typesupport_cpp/rotor_tm_msgs/msg/trpy_command__type_support.cpp.o[0m
[3.682s] [ 23%] [32mBuilding CXX object CMakeFiles/rotor_tm_msgs__rosidl_typesupport_cpp.dir/rosidl_typesupport_cpp/rotor_tm_msgs/msg/traj_command__type_support.cpp.o[0m
[3.682s] [ 23%] [32mBuilding CXX object CMakeFiles/rotor_tm_msgs__rosidl_typesupport_cpp.dir/rosidl_typesupport_cpp/rotor_tm_msgs/msg/fmn_command__type_support.cpp.o[0m
[3.683s] [ 24%] [32mBuilding CXX object CMakeFiles/rotor_tm_msgs__rosidl_typesupport_cpp.dir/rosidl_typesupport_cpp/rotor_tm_msgs/srv/vec4__type_support.cpp.o[0m
[3.683s] [ 25%] [32mBuilding CXX object CMakeFiles/rotor_tm_msgs__rosidl_typesupport_cpp.dir/rosidl_typesupport_cpp/rotor_tm_msgs/srv/circle__type_support.cpp.o[0m
[3.684s] [ 25%] [32mBuilding CXX object CMakeFiles/rotor_tm_msgs__rosidl_typesupport_cpp.dir/rosidl_typesupport_cpp/rotor_tm_msgs/srv/circle_with_rotation__type_support.cpp.o[0m
[3.685s] [ 26%] [32mBuilding CXX object CMakeFiles/rotor_tm_msgs__rosidl_typesupport_cpp.dir/rosidl_typesupport_cpp/rotor_tm_msgs/srv/line__type_support.cpp.o[0m
[3.688s] [ 27%] [32mBuilding CXX object CMakeFiles/rotor_tm_msgs__rosidl_typesupport_cpp.dir/rosidl_typesupport_cpp/rotor_tm_msgs/srv/copr_status_cmd__type_support.cpp.o[0m
[3.692s] [ 27%] [32mBuilding CXX object CMakeFiles/rotor_tm_msgs__rosidl_typesupport_cpp.dir/rosidl_typesupport_cpp/rotor_tm_msgs/srv/step_pose__type_support.cpp.o[0m
[3.852s] [ 27%] [32mBuilding CXX object CMakeFiles/rotor_tm_msgs__rosidl_typesupport_c.dir/rosidl_typesupport_c/rotor_tm_msgs/msg/position_command__type_support.cpp.o[0m
[3.894s] [ 28%] [32mBuilding CXX object CMakeFiles/rotor_tm_msgs__rosidl_typesupport_c.dir/rosidl_typesupport_c/rotor_tm_msgs/msg/fm_command__type_support.cpp.o[0m
[3.925s] [ 29%] [32mBuilding CXX object CMakeFiles/rotor_tm_msgs__rosidl_typesupport_c.dir/rosidl_typesupport_c/rotor_tm_msgs/msg/rpm_command__type_support.cpp.o[0m
[3.956s] [ 29%] [32mBuilding CXX object CMakeFiles/rotor_tm_msgs__rosidl_typesupport_c.dir/rosidl_typesupport_c/rotor_tm_msgs/msg/so3_command__type_support.cpp.o[0m
[3.991s] [ 30%] [32mBuilding CXX object CMakeFiles/rotor_tm_msgs__rosidl_typesupport_c.dir/rosidl_typesupport_c/rotor_tm_msgs/msg/cen_pl_command__type_support.cpp.o[0m
[3.991s] [ 31%] [32mBuilding CXX object CMakeFiles/rotor_tm_msgs__rosidl_typesupport_c.dir/rosidl_typesupport_c/rotor_tm_msgs/msg/status_data__type_support.cpp.o[0m
[3.994s] [ 32%] [32mBuilding CXX object CMakeFiles/rotor_tm_msgs__rosidl_typesupport_c.dir/rosidl_typesupport_c/rotor_tm_msgs/msg/trpy_command__type_support.cpp.o[0m
[3.997s] [ 32%] [32mBuilding CXX object CMakeFiles/rotor_tm_msgs__rosidl_typesupport_c.dir/rosidl_typesupport_c/rotor_tm_msgs/msg/traj_command__type_support.cpp.o[0m
[4.001s] [ 33%] [32mBuilding CXX object CMakeFiles/rotor_tm_msgs__rosidl_typesupport_c.dir/rosidl_typesupport_c/rotor_tm_msgs/msg/fmn_command__type_support.cpp.o[0m
[4.012s] [ 34%] [32mBuilding CXX object CMakeFiles/rotor_tm_msgs__rosidl_typesupport_c.dir/rosidl_typesupport_c/rotor_tm_msgs/srv/vec4__type_support.cpp.o[0m
[4.020s] [ 34%] [32mBuilding CXX object CMakeFiles/rotor_tm_msgs__rosidl_typesupport_c.dir/rosidl_typesupport_c/rotor_tm_msgs/srv/circle__type_support.cpp.o[0m
[4.024s] [ 35%] [32mBuilding CXX object CMakeFiles/rotor_tm_msgs__rosidl_typesupport_c.dir/rosidl_typesupport_c/rotor_tm_msgs/srv/circle_with_rotation__type_support.cpp.o[0m
[4.028s] [ 36%] [32mBuilding CXX object CMakeFiles/rotor_tm_msgs__rosidl_typesupport_c.dir/rosidl_typesupport_c/rotor_tm_msgs/srv/line__type_support.cpp.o[0m
[4.031s] [ 36%] [32mBuilding CXX object CMakeFiles/rotor_tm_msgs__rosidl_typesupport_c.dir/rosidl_typesupport_c/rotor_tm_msgs/srv/copr_status_cmd__type_support.cpp.o[0m
[4.034s] [ 37%] [32mBuilding CXX object CMakeFiles/rotor_tm_msgs__rosidl_typesupport_c.dir/rosidl_typesupport_c/rotor_tm_msgs/srv/step_pose__type_support.cpp.o[0m
[4.061s] [ 38%] [32m[1mLinking CXX shared library librotor_tm_msgs__rosidl_typesupport_c.so[0m
[4.081s] [ 39%] [32mBuilding CXX object CMakeFiles/rotor_tm_msgs__rosidl_typesupport_fastrtps_cpp.dir/rosidl_typesupport_fastrtps_cpp/rotor_tm_msgs/msg/detail/dds_fastrtps/position_command__type_support.cpp.o[0m
[4.081s] [ 40%] [32mBuilding CXX object CMakeFiles/rotor_tm_msgs__rosidl_typesupport_fastrtps_cpp.dir/rosidl_typesupport_fastrtps_cpp/rotor_tm_msgs/msg/detail/dds_fastrtps/fm_command__type_support.cpp.o[0m
[4.082s] [ 40%] [32mBuilding CXX object CMakeFiles/rotor_tm_msgs__rosidl_typesupport_fastrtps_cpp.dir/rosidl_typesupport_fastrtps_cpp/rotor_tm_msgs/msg/detail/dds_fastrtps/rpm_command__type_support.cpp.o[0m
[4.082s] [ 41%] [32mBuilding CXX object CMakeFiles/rotor_tm_msgs__rosidl_typesupport_fastrtps_cpp.dir/rosidl_typesupport_fastrtps_cpp/rotor_tm_msgs/msg/detail/dds_fastrtps/so3_command__type_support.cpp.o[0m
[4.082s] [ 42%] [32mBuilding CXX object CMakeFiles/rotor_tm_msgs__rosidl_typesupport_fastrtps_cpp.dir/rosidl_typesupport_fastrtps_cpp/rotor_tm_msgs/msg/detail/dds_fastrtps/cen_pl_command__type_support.cpp.o[0m
[4.082s] [ 42%] [32mBuilding CXX object CMakeFiles/rotor_tm_msgs__rosidl_typesupport_fastrtps_cpp.dir/rosidl_typesupport_fastrtps_cpp/rotor_tm_msgs/msg/detail/dds_fastrtps/status_data__type_support.cpp.o[0m
[4.083s] [ 43%] [32mBuilding CXX object CMakeFiles/rotor_tm_msgs__rosidl_typesupport_fastrtps_cpp.dir/rosidl_typesupport_fastrtps_cpp/rotor_tm_msgs/msg/detail/dds_fastrtps/trpy_command__type_support.cpp.o[0m
[4.083s] [ 44%] [32mBuilding CXX object CMakeFiles/rotor_tm_msgs__rosidl_typesupport_fastrtps_cpp.dir/rosidl_typesupport_fastrtps_cpp/rotor_tm_msgs/msg/detail/dds_fastrtps/traj_command__type_support.cpp.o[0m
[4.083s] [ 44%] [32mBuilding CXX object CMakeFiles/rotor_tm_msgs__rosidl_typesupport_fastrtps_cpp.dir/rosidl_typesupport_fastrtps_cpp/rotor_tm_msgs/msg/detail/dds_fastrtps/fmn_command__type_support.cpp.o[0m
[4.085s] [ 45%] [32mBuilding CXX object CMakeFiles/rotor_tm_msgs__rosidl_typesupport_fastrtps_cpp.dir/rosidl_typesupport_fastrtps_cpp/rotor_tm_msgs/srv/detail/dds_fastrtps/vec4__type_support.cpp.o[0m
[4.085s] [ 46%] [32mBuilding CXX object CMakeFiles/rotor_tm_msgs__rosidl_typesupport_fastrtps_cpp.dir/rosidl_typesupport_fastrtps_cpp/rotor_tm_msgs/srv/detail/dds_fastrtps/circle__type_support.cpp.o[0m
[4.085s] [ 47%] [32mBuilding CXX object CMakeFiles/rotor_tm_msgs__rosidl_typesupport_fastrtps_cpp.dir/rosidl_typesupport_fastrtps_cpp/rotor_tm_msgs/srv/detail/dds_fastrtps/circle_with_rotation__type_support.cpp.o[0m
[4.086s] [ 47%] Built target rotor_tm_msgs__rosidl_typesupport_c
[4.087s] [ 47%] [32mBuilding CXX object CMakeFiles/rotor_tm_msgs__rosidl_typesupport_fastrtps_cpp.dir/rosidl_typesupport_fastrtps_cpp/rotor_tm_msgs/srv/detail/dds_fastrtps/line__type_support.cpp.o[0m
[4.087s] [ 48%] [32mBuilding CXX object CMakeFiles/rotor_tm_msgs__rosidl_typesupport_fastrtps_cpp.dir/rosidl_typesupport_fastrtps_cpp/rotor_tm_msgs/srv/detail/dds_fastrtps/copr_status_cmd__type_support.cpp.o[0m
[4.097s] [ 49%] [32mBuilding CXX object CMakeFiles/rotor_tm_msgs__rosidl_typesupport_fastrtps_cpp.dir/rosidl_typesupport_fastrtps_cpp/rotor_tm_msgs/srv/detail/dds_fastrtps/step_pose__type_support.cpp.o[0m
[4.111s] [ 50%] [32m[1mLinking CXX shared library librotor_tm_msgs__rosidl_typesupport_cpp.so[0m
[4.151s] [ 50%] Built target rotor_tm_msgs__rosidl_typesupport_cpp
[4.201s] [ 51%] [32mBuilding C object CMakeFiles/rotor_tm_msgs__rosidl_typesupport_introspection_c.dir/rosidl_typesupport_introspection_c/rotor_tm_msgs/msg/detail/position_command__type_support.c.o[0m
[4.202s] [ 51%] [32mBuilding C object CMakeFiles/rotor_tm_msgs__rosidl_typesupport_introspection_c.dir/rosidl_typesupport_introspection_c/rotor_tm_msgs/msg/detail/fm_command__type_support.c.o[0m
[4.204s] [ 52%] [32mBuilding C object CMakeFiles/rotor_tm_msgs__rosidl_typesupport_introspection_c.dir/rosidl_typesupport_introspection_c/rotor_tm_msgs/msg/detail/rpm_command__type_support.c.o[0m
[4.253s] [ 53%] [32mBuilding C object CMakeFiles/rotor_tm_msgs__rosidl_typesupport_introspection_c.dir/rosidl_typesupport_introspection_c/rotor_tm_msgs/msg/detail/so3_command__type_support.c.o[0m
[4.265s] [ 54%] [32mBuilding C object CMakeFiles/rotor_tm_msgs__rosidl_typesupport_introspection_c.dir/rosidl_typesupport_introspection_c/rotor_tm_msgs/msg/detail/cen_pl_command__type_support.c.o[0m
[4.278s] [ 54%] [32mBuilding C object CMakeFiles/rotor_tm_msgs__rosidl_typesupport_introspection_c.dir/rosidl_typesupport_introspection_c/rotor_tm_msgs/msg/detail/status_data__type_support.c.o[0m
[4.315s] [ 55%] [32mBuilding C object CMakeFiles/rotor_tm_msgs__rosidl_typesupport_introspection_c.dir/rosidl_typesupport_introspection_c/rotor_tm_msgs/msg/detail/trpy_command__type_support.c.o[0m
[4.325s] [ 56%] [32mBuilding C object CMakeFiles/rotor_tm_msgs__rosidl_typesupport_introspection_c.dir/rosidl_typesupport_introspection_c/rotor_tm_msgs/msg/detail/traj_command__type_support.c.o[0m
[4.349s] [ 56%] [32mBuilding C object CMakeFiles/rotor_tm_msgs__rosidl_typesupport_introspection_c.dir/rosidl_typesupport_introspection_c/rotor_tm_msgs/msg/detail/fmn_command__type_support.c.o[0m
[4.374s] [ 57%] [32mBuilding C object CMakeFiles/rotor_tm_msgs__rosidl_typesupport_introspection_c.dir/rosidl_typesupport_introspection_c/rotor_tm_msgs/srv/detail/vec4__type_support.c.o[0m
[4.386s] [ 58%] [32mBuilding C object CMakeFiles/rotor_tm_msgs__rosidl_typesupport_introspection_c.dir/rosidl_typesupport_introspection_c/rotor_tm_msgs/srv/detail/circle__type_support.c.o[0m
[4.422s] [ 58%] [32mBuilding C object CMakeFiles/rotor_tm_msgs__rosidl_typesupport_introspection_c.dir/rosidl_typesupport_introspection_c/rotor_tm_msgs/srv/detail/circle_with_rotation__type_support.c.o[0m
[4.430s] [ 59%] [32mBuilding C object CMakeFiles/rotor_tm_msgs__rosidl_typesupport_introspection_c.dir/rosidl_typesupport_introspection_c/rotor_tm_msgs/srv/detail/line__type_support.c.o[0m
[4.447s] [ 60%] [32mBuilding C object CMakeFiles/rotor_tm_msgs__rosidl_typesupport_introspection_c.dir/rosidl_typesupport_introspection_c/rotor_tm_msgs/srv/detail/copr_status_cmd__type_support.c.o[0m
[4.472s] [ 61%] [32mBuilding C object CMakeFiles/rotor_tm_msgs__rosidl_typesupport_introspection_c.dir/rosidl_typesupport_introspection_c/rotor_tm_msgs/srv/detail/step_pose__type_support.c.o[0m
[4.498s] [ 61%] [32mBuilding CXX object CMakeFiles/rotor_tm_msgs__rosidl_typesupport_fastrtps_c.dir/rosidl_typesupport_fastrtps_c/rotor_tm_msgs/msg/detail/fm_command__type_support_c.cpp.o[0m
[4.499s] [ 62%] [32mBuilding CXX object CMakeFiles/rotor_tm_msgs__rosidl_typesupport_fastrtps_c.dir/rosidl_typesupport_fastrtps_c/rotor_tm_msgs/msg/detail/position_command__type_support_c.cpp.o[0m
[4.513s] [ 63%] [32mBuilding CXX object CMakeFiles/rotor_tm_msgs__rosidl_typesupport_fastrtps_c.dir/rosidl_typesupport_fastrtps_c/rotor_tm_msgs/msg/detail/rpm_command__type_support_c.cpp.o[0m
[4.515s] [ 64%] [32mBuilding CXX object CMakeFiles/rotor_tm_msgs__rosidl_typesupport_introspection_cpp.dir/rosidl_typesupport_introspection_cpp/rotor_tm_msgs/msg/detail/position_command__type_support.cpp.o[0m
[4.529s] [ 64%] [32m[1mLinking C shared library librotor_tm_msgs__rosidl_typesupport_introspection_c.so[0m
[4.559s] [ 65%] [32mBuilding CXX object CMakeFiles/rotor_tm_msgs__rosidl_typesupport_introspection_cpp.dir/rosidl_typesupport_introspection_cpp/rotor_tm_msgs/msg/detail/fm_command__type_support.cpp.o[0m
[4.563s] [ 65%] [32mBuilding CXX object CMakeFiles/rotor_tm_msgs__rosidl_typesupport_introspection_cpp.dir/rosidl_typesupport_introspection_cpp/rotor_tm_msgs/msg/detail/rpm_command__type_support.cpp.o[0m
[4.564s] [ 66%] [32mBuilding CXX object CMakeFiles/rotor_tm_msgs__rosidl_typesupport_fastrtps_c.dir/rosidl_typesupport_fastrtps_c/rotor_tm_msgs/msg/detail/so3_command__type_support_c.cpp.o[0m
[4.579s] [ 66%] [32mBuilding CXX object CMakeFiles/rotor_tm_msgs__rosidl_typesupport_fastrtps_c.dir/rosidl_typesupport_fastrtps_c/rotor_tm_msgs/msg/detail/cen_pl_command__type_support_c.cpp.o[0m
[4.586s] [ 67%] [32mBuilding CXX object CMakeFiles/rotor_tm_msgs__rosidl_typesupport_introspection_cpp.dir/rosidl_typesupport_introspection_cpp/rotor_tm_msgs/msg/detail/so3_command__type_support.cpp.o[0m
[4.593s] [ 67%] Built target rotor_tm_msgs__rosidl_typesupport_introspection_c
[4.596s] [ 68%] [32mBuilding CXX object CMakeFiles/rotor_tm_msgs__rosidl_typesupport_introspection_cpp.dir/rosidl_typesupport_introspection_cpp/rotor_tm_msgs/msg/detail/cen_pl_command__type_support.cpp.o[0m
[4.606s] [ 69%] [32mBuilding CXX object CMakeFiles/rotor_tm_msgs__rosidl_typesupport_introspection_cpp.dir/rosidl_typesupport_introspection_cpp/rotor_tm_msgs/msg/detail/status_data__type_support.cpp.o[0m
[4.609s] [ 70%] [32mBuilding CXX object CMakeFiles/rotor_tm_msgs__rosidl_typesupport_fastrtps_c.dir/rosidl_typesupport_fastrtps_c/rotor_tm_msgs/msg/detail/status_data__type_support_c.cpp.o[0m
[4.611s] [ 71%] [32mBuilding CXX object CMakeFiles/rotor_tm_msgs__rosidl_typesupport_fastrtps_c.dir/rosidl_typesupport_fastrtps_c/rotor_tm_msgs/msg/detail/trpy_command__type_support_c.cpp.o[0m
[4.615s] [ 71%] [32mBuilding CXX object CMakeFiles/rotor_tm_msgs__rosidl_typesupport_introspection_cpp.dir/rosidl_typesupport_introspection_cpp/rotor_tm_msgs/msg/detail/trpy_command__type_support.cpp.o[0m
[4.620s] [ 72%] [32mBuilding CXX object CMakeFiles/rotor_tm_msgs__rosidl_typesupport_introspection_cpp.dir/rosidl_typesupport_introspection_cpp/rotor_tm_msgs/msg/detail/traj_command__type_support.cpp.o[0m
[4.628s] [ 72%] [32mBuilding CXX object CMakeFiles/rotor_tm_msgs__rosidl_typesupport_fastrtps_c.dir/rosidl_typesupport_fastrtps_c/rotor_tm_msgs/msg/detail/traj_command__type_support_c.cpp.o[0m
[4.632s] [ 73%] [32mBuilding CXX object CMakeFiles/rotor_tm_msgs__rosidl_typesupport_fastrtps_c.dir/rosidl_typesupport_fastrtps_c/rotor_tm_msgs/msg/detail/fmn_command__type_support_c.cpp.o[0m
[4.650s] [ 74%] [32mBuilding CXX object CMakeFiles/rotor_tm_msgs__rosidl_typesupport_introspection_cpp.dir/rosidl_typesupport_introspection_cpp/rotor_tm_msgs/msg/detail/fmn_command__type_support.cpp.o[0m
[4.654s] [ 75%] [32mBuilding CXX object CMakeFiles/rotor_tm_msgs__rosidl_typesupport_fastrtps_c.dir/rosidl_typesupport_fastrtps_c/rotor_tm_msgs/srv/detail/vec4__type_support_c.cpp.o[0m
[4.690s] [ 75%] [32m[1mLinking CXX shared library librotor_tm_msgs__rosidl_typesupport_fastrtps_cpp.so[0m
[4.889s] [ 75%] [32mBuilding CXX object CMakeFiles/rotor_tm_msgs__rosidl_typesupport_introspection_cpp.dir/rosidl_typesupport_introspection_cpp/rotor_tm_msgs/srv/detail/vec4__type_support.cpp.o[0m
[4.912s] [ 75%] Built target rotor_tm_msgs__rosidl_typesupport_fastrtps_cpp
[4.921s] [ 76%] [32mBuilding CXX object CMakeFiles/rotor_tm_msgs__rosidl_typesupport_introspection_cpp.dir/rosidl_typesupport_introspection_cpp/rotor_tm_msgs/srv/detail/circle__type_support.cpp.o[0m
[4.940s] [ 77%] [32mBuilding CXX object CMakeFiles/rotor_tm_msgs__rosidl_typesupport_introspection_cpp.dir/rosidl_typesupport_introspection_cpp/rotor_tm_msgs/srv/detail/circle_with_rotation__type_support.cpp.o[0m
[4.988s] [ 78%] [32mBuilding CXX object CMakeFiles/rotor_tm_msgs__rosidl_typesupport_fastrtps_c.dir/rosidl_typesupport_fastrtps_c/rotor_tm_msgs/srv/detail/circle__type_support_c.cpp.o[0m
[4.997s] [ 78%] [32mBuilding CXX object CMakeFiles/rotor_tm_msgs__rosidl_typesupport_fastrtps_c.dir/rosidl_typesupport_fastrtps_c/rotor_tm_msgs/srv/detail/circle_with_rotation__type_support_c.cpp.o[0m
[5.007s] [ 79%] [32mBuilding CXX object CMakeFiles/rotor_tm_msgs__rosidl_typesupport_fastrtps_c.dir/rosidl_typesupport_fastrtps_c/rotor_tm_msgs/srv/detail/line__type_support_c.cpp.o[0m
[5.010s] [ 80%] [32mBuilding CXX object CMakeFiles/rotor_tm_msgs__rosidl_typesupport_fastrtps_c.dir/rosidl_typesupport_fastrtps_c/rotor_tm_msgs/srv/detail/copr_status_cmd__type_support_c.cpp.o[0m
[5.011s] [ 80%] [32mBuilding CXX object CMakeFiles/rotor_tm_msgs__rosidl_typesupport_introspection_cpp.dir/rosidl_typesupport_introspection_cpp/rotor_tm_msgs/srv/detail/line__type_support.cpp.o[0m
[5.064s] [ 80%] [32mBuilding CXX object CMakeFiles/rotor_tm_msgs__rosidl_typesupport_fastrtps_c.dir/rosidl_typesupport_fastrtps_c/rotor_tm_msgs/srv/detail/step_pose__type_support_c.cpp.o[0m
[5.068s] [ 81%] [32mBuilding CXX object CMakeFiles/rotor_tm_msgs__rosidl_typesupport_introspection_cpp.dir/rosidl_typesupport_introspection_cpp/rotor_tm_msgs/srv/detail/copr_status_cmd__type_support.cpp.o[0m
[5.071s] [ 82%] [32mBuilding CXX object CMakeFiles/rotor_tm_msgs__rosidl_typesupport_introspection_cpp.dir/rosidl_typesupport_introspection_cpp/rotor_tm_msgs/srv/detail/step_pose__type_support.cpp.o[0m
[5.382s] [ 83%] [32m[1mLinking CXX shared library librotor_tm_msgs__rosidl_typesupport_fastrtps_c.so[0m
[5.430s] [ 83%] Built target rotor_tm_msgs__rosidl_typesupport_fastrtps_c
[5.449s] [ 84%] [32m[1mLinking CXX shared library librotor_tm_msgs__rosidl_typesupport_introspection_cpp.so[0m
[5.498s] [ 84%] Built target rotor_tm_msgs__rosidl_typesupport_introspection_cpp
[5.507s] [ 84%] Built target rotor_tm_msgs
[5.516s] [ 85%] [34m[1mGenerating Python code for ROS interfaces[0m
[6.886s] [ 85%] Built target rotor_tm_msgs__py
[6.905s] [ 85%] [32mBuilding C object CMakeFiles/rotor_tm_msgs__rosidl_generator_py.dir/rosidl_generator_py/rotor_tm_msgs/msg/_position_command_s.c.o[0m
[6.905s] [ 86%] [32mBuilding C object CMakeFiles/rotor_tm_msgs__rosidl_generator_py.dir/rosidl_generator_py/rotor_tm_msgs/msg/_fm_command_s.c.o[0m
[6.906s] [ 88%] [32mBuilding C object CMakeFiles/rotor_tm_msgs__rosidl_generator_py.dir/rosidl_generator_py/rotor_tm_msgs/msg/_so3_command_s.c.o[0m
[6.906s] [ 87%] [32mBuilding C object CMakeFiles/rotor_tm_msgs__rosidl_generator_py.dir/rosidl_generator_py/rotor_tm_msgs/msg/_rpm_command_s.c.o[0m
[6.906s] [ 89%] [32mBuilding C object CMakeFiles/rotor_tm_msgs__rosidl_generator_py.dir/rosidl_generator_py/rotor_tm_msgs/msg/_trpy_command_s.c.o[0m
[6.906s] [ 89%] [32mBuilding C object CMakeFiles/rotor_tm_msgs__rosidl_generator_py.dir/rosidl_generator_py/rotor_tm_msgs/msg/_cen_pl_command_s.c.o[0m
[6.907s] [ 90%] [32mBuilding C object CMakeFiles/rotor_tm_msgs__rosidl_generator_py.dir/rosidl_generator_py/rotor_tm_msgs/msg/_status_data_s.c.o[0m
[6.907s] [ 90%] [32mBuilding C object CMakeFiles/rotor_tm_msgs__rosidl_generator_py.dir/rosidl_generator_py/rotor_tm_msgs/msg/_traj_command_s.c.o[0m
[6.907s] [ 91%] [32mBuilding C object CMakeFiles/rotor_tm_msgs__rosidl_generator_py.dir/rosidl_generator_py/rotor_tm_msgs/msg/_fmn_command_s.c.o[0m
[6.910s] [ 92%] [32mBuilding C object CMakeFiles/rotor_tm_msgs__rosidl_generator_py.dir/rosidl_generator_py/rotor_tm_msgs/srv/_vec4_s.c.o[0m
[6.910s] [ 92%] [32mBuilding C object CMakeFiles/rotor_tm_msgs__rosidl_generator_py.dir/rosidl_generator_py/rotor_tm_msgs/srv/_circle_s.c.o[0m
[6.911s] [ 93%] [32mBuilding C object CMakeFiles/rotor_tm_msgs__rosidl_generator_py.dir/rosidl_generator_py/rotor_tm_msgs/srv/_line_s.c.o[0m
[6.911s] [ 94%] [32mBuilding C object CMakeFiles/rotor_tm_msgs__rosidl_generator_py.dir/rosidl_generator_py/rotor_tm_msgs/srv/_circle_with_rotation_s.c.o[0m
[6.911s] [ 95%] [32mBuilding C object CMakeFiles/rotor_tm_msgs__rosidl_generator_py.dir/rosidl_generator_py/rotor_tm_msgs/srv/_copr_status_cmd_s.c.o[0m
[6.911s] [ 95%] [32mBuilding C object CMakeFiles/rotor_tm_msgs__rosidl_generator_py.dir/rosidl_generator_py/rotor_tm_msgs/srv/_step_pose_s.c.o[0m
[7.032s] [ 96%] [32m[1mLinking C shared library rosidl_generator_py/rotor_tm_msgs/librotor_tm_msgs__rosidl_generator_py.so[0m
[7.060s] [ 96%] Built target rotor_tm_msgs__rosidl_generator_py
[7.072s] [ 97%] [32mBuilding C object CMakeFiles/rotor_tm_msgs__rosidl_typesupport_fastrtps_c__pyext.dir/rosidl_generator_py/rotor_tm_msgs/_rotor_tm_msgs_s.ep.rosidl_typesupport_fastrtps_c.c.o[0m
[7.072s] [ 98%] [32mBuilding C object CMakeFiles/rotor_tm_msgs__rosidl_typesupport_introspection_c__pyext.dir/rosidl_generator_py/rotor_tm_msgs/_rotor_tm_msgs_s.ep.rosidl_typesupport_introspection_c.c.o[0m
[7.072s] [ 99%] [32mBuilding C object CMakeFiles/rotor_tm_msgs__rosidl_typesupport_c__pyext.dir/rosidl_generator_py/rotor_tm_msgs/_rotor_tm_msgs_s.ep.rosidl_typesupport_c.c.o[0m
[7.170s] [ 99%] [32m[1mLinking C shared library rosidl_generator_py/rotor_tm_msgs/rotor_tm_msgs_s__rosidl_typesupport_c.cpython-310-x86_64-linux-gnu.so[0m
[7.172s] [ 99%] [32m[1mLinking C shared library rosidl_generator_py/rotor_tm_msgs/rotor_tm_msgs_s__rosidl_typesupport_fastrtps_c.cpython-310-x86_64-linux-gnu.so[0m
[7.174s] [100%] [32m[1mLinking C shared library rosidl_generator_py/rotor_tm_msgs/rotor_tm_msgs_s__rosidl_typesupport_introspection_c.cpython-310-x86_64-linux-gnu.so[0m
[7.199s] [100%] Built target rotor_tm_msgs__rosidl_typesupport_fastrtps_c__pyext
[7.200s] [100%] Built target rotor_tm_msgs__rosidl_typesupport_introspection_c__pyext
[7.207s] [100%] Built target rotor_tm_msgs__rosidl_typesupport_c__pyext
[7.213s] Invoked command in '/home/swati/Quad_DR/RotorTM/build/rotor_tm_msgs' returned '0': CMAKE_PREFIX_PATH=${CMAKE_PREFIX_PATH}:/home/swati/Quad_DR/RotorTM/install/rotor_tm_sim:/home/swati/Quad_DR/RotorTM/install/rotor_tm_control:/home/swati/Quad_DR/RotorTM/install/rotor_tm_utils:/home/swati/Quad_DR/RotorTM/install/rotor_tm_traj:/home/swati/Quad_DR/RotorTM/install/rotor_tm_keyboard2wrench:/home/swati/Quad_DR/RotorTM/install/rotor_tm_config:/home/swati/Quad_DR/RotorTM/install/payload_control:/opt/ros/humble /opt/cmake-3.28.3-linux-x86_64/bin/cmake --build /home/swati/Quad_DR/RotorTM/build/rotor_tm_msgs -- -j20 -l20
[7.523s] Invoking command in '/home/swati/Quad_DR/RotorTM/build/rotor_tm_msgs': CMAKE_PREFIX_PATH=${CMAKE_PREFIX_PATH}:/home/swati/Quad_DR/RotorTM/install/rotor_tm_sim:/home/swati/Quad_DR/RotorTM/install/rotor_tm_control:/home/swati/Quad_DR/RotorTM/install/rotor_tm_utils:/home/swati/Quad_DR/RotorTM/install/rotor_tm_traj:/home/swati/Quad_DR/RotorTM/install/rotor_tm_keyboard2wrench:/home/swati/Quad_DR/RotorTM/install/rotor_tm_config:/home/swati/Quad_DR/RotorTM/install/payload_control:/opt/ros/humble /opt/cmake-3.28.3-linux-x86_64/bin/cmake --install /home/swati/Quad_DR/RotorTM/build/rotor_tm_msgs
[7.525s] -- Install configuration: ""
[7.525s] -- Up-to-date: /home/swati/Quad_DR/RotorTM/install/rotor_tm_msgs/share/ament_index/resource_index/rosidl_interfaces/rotor_tm_msgs
[7.525s] -- Up-to-date: /home/swati/Quad_DR/RotorTM/install/rotor_tm_msgs/include/rotor_tm_msgs/rotor_tm_msgs
[7.525s] -- Up-to-date: /home/swati/Quad_DR/RotorTM/install/rotor_tm_msgs/include/rotor_tm_msgs/rotor_tm_msgs/srv
[7.525s] -- Installing: /home/swati/Quad_DR/RotorTM/install/rotor_tm_msgs/include/rotor_tm_msgs/rotor_tm_msgs/srv/vec4.h
[7.525s] -- Installing: /home/swati/Quad_DR/RotorTM/install/rotor_tm_msgs/include/rotor_tm_msgs/rotor_tm_msgs/srv/step_pose.h
[7.526s] -- Installing: /home/swati/Quad_DR/RotorTM/install/rotor_tm_msgs/include/rotor_tm_msgs/rotor_tm_msgs/srv/circle.h
[7.526s] -- Up-to-date: /home/swati/Quad_DR/RotorTM/install/rotor_tm_msgs/include/rotor_tm_msgs/rotor_tm_msgs/srv/detail
[7.526s] -- Installing: /home/swati/Quad_DR/RotorTM/install/rotor_tm_msgs/include/rotor_tm_msgs/rotor_tm_msgs/srv/detail/step_pose__functions.c
[7.526s] -- Installing: /home/swati/Quad_DR/RotorTM/install/rotor_tm_msgs/include/rotor_tm_msgs/rotor_tm_msgs/srv/detail/circle__type_support.h
[7.526s] -- Installing: /home/swati/Quad_DR/RotorTM/install/rotor_tm_msgs/include/rotor_tm_msgs/rotor_tm_msgs/srv/detail/circle_with_rotation__functions.h
[7.526s] -- Installing: /home/swati/Quad_DR/RotorTM/install/rotor_tm_msgs/include/rotor_tm_msgs/rotor_tm_msgs/srv/detail/vec4__type_support.h
[7.526s] -- Installing: /home/swati/Quad_DR/RotorTM/install/rotor_tm_msgs/include/rotor_tm_msgs/rotor_tm_msgs/srv/detail/line__functions.c
[7.526s] -- Installing: /home/swati/Quad_DR/RotorTM/install/rotor_tm_msgs/include/rotor_tm_msgs/rotor_tm_msgs/srv/detail/copr_status_cmd__type_support.h
[7.526s] -- Installing: /home/swati/Quad_DR/RotorTM/install/rotor_tm_msgs/include/rotor_tm_msgs/rotor_tm_msgs/srv/detail/vec4__struct.h
[7.526s] -- Installing: /home/swati/Quad_DR/RotorTM/install/rotor_tm_msgs/include/rotor_tm_msgs/rotor_tm_msgs/srv/detail/line__functions.h
[7.526s] -- Installing: /home/swati/Quad_DR/RotorTM/install/rotor_tm_msgs/include/rotor_tm_msgs/rotor_tm_msgs/srv/detail/step_pose__functions.h
[7.526s] -- Installing: /home/swati/Quad_DR/RotorTM/install/rotor_tm_msgs/include/rotor_tm_msgs/rotor_tm_msgs/srv/detail/line__struct.h
[7.526s] -- Installing: /home/swati/Quad_DR/RotorTM/install/rotor_tm_msgs/include/rotor_tm_msgs/rotor_tm_msgs/srv/detail/step_pose__struct.h
[7.526s] -- Installing: /home/swati/Quad_DR/RotorTM/install/rotor_tm_msgs/include/rotor_tm_msgs/rotor_tm_msgs/srv/detail/circle_with_rotation__struct.h
[7.526s] -- Installing: /home/swati/Quad_DR/RotorTM/install/rotor_tm_msgs/include/rotor_tm_msgs/rotor_tm_msgs/srv/detail/circle_with_rotation__functions.c
[7.526s] -- Installing: /home/swati/Quad_DR/RotorTM/install/rotor_tm_msgs/include/rotor_tm_msgs/rotor_tm_msgs/srv/detail/circle__functions.c
[7.526s] -- Installing: /home/swati/Quad_DR/RotorTM/install/rotor_tm_msgs/include/rotor_tm_msgs/rotor_tm_msgs/srv/detail/copr_status_cmd__functions.c
[7.526s] -- Installing: /home/swati/Quad_DR/RotorTM/install/rotor_tm_msgs/include/rotor_tm_msgs/rotor_tm_msgs/srv/detail/circle__struct.h
[7.526s] -- Installing: /home/swati/Quad_DR/RotorTM/install/rotor_tm_msgs/include/rotor_tm_msgs/rotor_tm_msgs/srv/detail/copr_status_cmd__struct.h
[7.526s] -- Installing: /home/swati/Quad_DR/RotorTM/install/rotor_tm_msgs/include/rotor_tm_msgs/rotor_tm_msgs/srv/detail/circle__functions.h
[7.527s] -- Installing: /home/swati/Quad_DR/RotorTM/install/rotor_tm_msgs/include/rotor_tm_msgs/rotor_tm_msgs/srv/detail/step_pose__type_support.h
[7.527s] -- Installing: /home/swati/Quad_DR/RotorTM/install/rotor_tm_msgs/include/rotor_tm_msgs/rotor_tm_msgs/srv/detail/copr_status_cmd__functions.h
[7.527s] -- Installing: /home/swati/Quad_DR/RotorTM/install/rotor_tm_msgs/include/rotor_tm_msgs/rotor_tm_msgs/srv/detail/vec4__functions.h
[7.527s] -- Installing: /home/swati/Quad_DR/RotorTM/install/rotor_tm_msgs/include/rotor_tm_msgs/rotor_tm_msgs/srv/detail/vec4__functions.c
[7.527s] -- Installing: /home/swati/Quad_DR/RotorTM/install/rotor_tm_msgs/include/rotor_tm_msgs/rotor_tm_msgs/srv/detail/circle_with_rotation__type_support.h
[7.527s] -- Installing: /home/swati/Quad_DR/RotorTM/install/rotor_tm_msgs/include/rotor_tm_msgs/rotor_tm_msgs/srv/detail/line__type_support.h
[7.527s] -- Installing: /home/swati/Quad_DR/RotorTM/install/rotor_tm_msgs/include/rotor_tm_msgs/rotor_tm_msgs/srv/copr_status_cmd.h
[7.527s] -- Installing: /home/swati/Quad_DR/RotorTM/install/rotor_tm_msgs/include/rotor_tm_msgs/rotor_tm_msgs/srv/line.h
[7.527s] -- Installing: /home/swati/Quad_DR/RotorTM/install/rotor_tm_msgs/include/rotor_tm_msgs/rotor_tm_msgs/srv/circle_with_rotation.h
[7.527s] -- Up-to-date: /home/swati/Quad_DR/RotorTM/install/rotor_tm_msgs/include/rotor_tm_msgs/rotor_tm_msgs/msg
[7.527s] -- Installing: /home/swati/Quad_DR/RotorTM/install/rotor_tm_msgs/include/rotor_tm_msgs/rotor_tm_msgs/msg/cen_pl_command.h
[7.527s] -- Installing: /home/swati/Quad_DR/RotorTM/install/rotor_tm_msgs/include/rotor_tm_msgs/rotor_tm_msgs/msg/fm_command.h
[7.527s] -- Installing: /home/swati/Quad_DR/RotorTM/install/rotor_tm_msgs/include/rotor_tm_msgs/rotor_tm_msgs/msg/rpm_command.h
[7.527s] -- Installing: /home/swati/Quad_DR/RotorTM/install/rotor_tm_msgs/include/rotor_tm_msgs/rotor_tm_msgs/msg/trpy_command.h
[7.527s] -- Installing: /home/swati/Quad_DR/RotorTM/install/rotor_tm_msgs/include/rotor_tm_msgs/rotor_tm_msgs/msg/status_data.h
[7.527s] -- Installing: /home/swati/Quad_DR/RotorTM/install/rotor_tm_msgs/include/rotor_tm_msgs/rotor_tm_msgs/msg/so3_command.h
[7.527s] -- Up-to-date: /home/swati/Quad_DR/RotorTM/install/rotor_tm_msgs/include/rotor_tm_msgs/rotor_tm_msgs/msg/detail
[7.527s] -- Installing: /home/swati/Quad_DR/RotorTM/install/rotor_tm_msgs/include/rotor_tm_msgs/rotor_tm_msgs/msg/detail/trpy_command__type_support.h
[7.527s] -- Installing: /home/swati/Quad_DR/RotorTM/install/rotor_tm_msgs/include/rotor_tm_msgs/rotor_tm_msgs/msg/detail/traj_command__functions.c
[7.527s] -- Installing: /home/swati/Quad_DR/RotorTM/install/rotor_tm_msgs/include/rotor_tm_msgs/rotor_tm_msgs/msg/detail/position_command__type_support.h
[7.528s] -- Installing: /home/swati/Quad_DR/RotorTM/install/rotor_tm_msgs/include/rotor_tm_msgs/rotor_tm_msgs/msg/detail/fmn_command__type_support.h
[7.528s] -- Installing: /home/swati/Quad_DR/RotorTM/install/rotor_tm_msgs/include/rotor_tm_msgs/rotor_tm_msgs/msg/detail/so3_command__type_support.h
[7.528s] -- Installing: /home/swati/Quad_DR/RotorTM/install/rotor_tm_msgs/include/rotor_tm_msgs/rotor_tm_msgs/msg/detail/fm_command__functions.c
[7.528s] -- Installing: /home/swati/Quad_DR/RotorTM/install/rotor_tm_msgs/include/rotor_tm_msgs/rotor_tm_msgs/msg/detail/fmn_command__struct.h
[7.528s] -- Installing: /home/swati/Quad_DR/RotorTM/install/rotor_tm_msgs/include/rotor_tm_msgs/rotor_tm_msgs/msg/detail/traj_command__struct.h
[7.528s] -- Installing: /home/swati/Quad_DR/RotorTM/install/rotor_tm_msgs/include/rotor_tm_msgs/rotor_tm_msgs/msg/detail/trpy_command__struct.h
[7.528s] -- Installing: /home/swati/Quad_DR/RotorTM/install/rotor_tm_msgs/include/rotor_tm_msgs/rotor_tm_msgs/msg/detail/rpm_command__struct.h
[7.528s] -- Installing: /home/swati/Quad_DR/RotorTM/install/rotor_tm_msgs/include/rotor_tm_msgs/rotor_tm_msgs/msg/detail/status_data__functions.c
[7.529s] -- Installing: /home/swati/Quad_DR/RotorTM/install/rotor_tm_msgs/include/rotor_tm_msgs/rotor_tm_msgs/msg/detail/position_command__struct.h
[7.529s] -- Installing: /home/swati/Quad_DR/RotorTM/install/rotor_tm_msgs/include/rotor_tm_msgs/rotor_tm_msgs/msg/detail/rpm_command__functions.c
[7.529s] -- Installing: /home/swati/Quad_DR/RotorTM/install/rotor_tm_msgs/include/rotor_tm_msgs/rotor_tm_msgs/msg/detail/status_data__functions.h
[7.529s] -- Installing: /home/swati/Quad_DR/RotorTM/install/rotor_tm_msgs/include/rotor_tm_msgs/rotor_tm_msgs/msg/detail/fmn_command__functions.c
[7.529s] -- Installing: /home/swati/Quad_DR/RotorTM/install/rotor_tm_msgs/include/rotor_tm_msgs/rotor_tm_msgs/msg/detail/position_command__functions.c
[7.529s] -- Installing: /home/swati/Quad_DR/RotorTM/install/rotor_tm_msgs/include/rotor_tm_msgs/rotor_tm_msgs/msg/detail/cen_pl_command__functions.c
[7.529s] -- Installing: /home/swati/Quad_DR/RotorTM/install/rotor_tm_msgs/include/rotor_tm_msgs/rotor_tm_msgs/msg/detail/cen_pl_command__struct.h
[7.529s] -- Installing: /home/swati/Quad_DR/RotorTM/install/rotor_tm_msgs/include/rotor_tm_msgs/rotor_tm_msgs/msg/detail/fm_command__struct.h
[7.530s] -- Installing: /home/swati/Quad_DR/RotorTM/install/rotor_tm_msgs/include/rotor_tm_msgs/rotor_tm_msgs/msg/detail/fmn_command__functions.h
[7.530s] -- Installing: /home/swati/Quad_DR/RotorTM/install/rotor_tm_msgs/include/rotor_tm_msgs/rotor_tm_msgs/msg/detail/trpy_command__functions.h
[7.530s] -- Installing: /home/swati/Quad_DR/RotorTM/install/rotor_tm_msgs/include/rotor_tm_msgs/rotor_tm_msgs/msg/detail/rpm_command__type_support.h
[7.530s] -- Installing: /home/swati/Quad_DR/RotorTM/install/rotor_tm_msgs/include/rotor_tm_msgs/rotor_tm_msgs/msg/detail/so3_command__functions.h
[7.530s] -- Installing: /home/swati/Quad_DR/RotorTM/install/rotor_tm_msgs/include/rotor_tm_msgs/rotor_tm_msgs/msg/detail/trpy_command__functions.c
[7.530s] -- Installing: /home/swati/Quad_DR/RotorTM/install/rotor_tm_msgs/include/rotor_tm_msgs/rotor_tm_msgs/msg/detail/status_data__type_support.h
[7.530s] -- Installing: /home/swati/Quad_DR/RotorTM/install/rotor_tm_msgs/include/rotor_tm_msgs/rotor_tm_msgs/msg/detail/position_command__functions.h
[7.531s] -- Installing: /home/swati/Quad_DR/RotorTM/install/rotor_tm_msgs/include/rotor_tm_msgs/rotor_tm_msgs/msg/detail/status_data__struct.h
[7.531s] -- Installing: /home/swati/Quad_DR/RotorTM/install/rotor_tm_msgs/include/rotor_tm_msgs/rotor_tm_msgs/msg/detail/so3_command__functions.c
[7.531s] -- Installing: /home/swati/Quad_DR/RotorTM/install/rotor_tm_msgs/include/rotor_tm_msgs/rotor_tm_msgs/msg/detail/fm_command__type_support.h
[7.531s] -- Installing: /home/swati/Quad_DR/RotorTM/install/rotor_tm_msgs/include/rotor_tm_msgs/rotor_tm_msgs/msg/detail/cen_pl_command__functions.h
[7.531s] -- Installing: /home/swati/Quad_DR/RotorTM/install/rotor_tm_msgs/include/rotor_tm_msgs/rotor_tm_msgs/msg/detail/cen_pl_command__type_support.h
[7.531s] -- Installing: /home/swati/Quad_DR/RotorTM/install/rotor_tm_msgs/include/rotor_tm_msgs/rotor_tm_msgs/msg/detail/traj_command__type_support.h
[7.531s] -- Installing: /home/swati/Quad_DR/RotorTM/install/rotor_tm_msgs/include/rotor_tm_msgs/rotor_tm_msgs/msg/detail/so3_command__struct.h
[7.531s] -- Installing: /home/swati/Quad_DR/RotorTM/install/rotor_tm_msgs/include/rotor_tm_msgs/rotor_tm_msgs/msg/detail/traj_command__functions.h
[7.532s] -- Installing: /home/swati/Quad_DR/RotorTM/install/rotor_tm_msgs/include/rotor_tm_msgs/rotor_tm_msgs/msg/detail/fm_command__functions.h
[7.532s] -- Installing: /home/swati/Quad_DR/RotorTM/install/rotor_tm_msgs/include/rotor_tm_msgs/rotor_tm_msgs/msg/detail/rpm_command__functions.h
[7.532s] -- Installing: /home/swati/Quad_DR/RotorTM/install/rotor_tm_msgs/include/rotor_tm_msgs/rotor_tm_msgs/msg/fmn_command.h
[7.532s] -- Installing: /home/swati/Quad_DR/RotorTM/install/rotor_tm_msgs/include/rotor_tm_msgs/rotor_tm_msgs/msg/traj_command.h
[7.532s] -- Installing: /home/swati/Quad_DR/RotorTM/install/rotor_tm_msgs/include/rotor_tm_msgs/rotor_tm_msgs/msg/position_command.h
[7.532s] -- Up-to-date: /home/swati/Quad_DR/RotorTM/install/rotor_tm_msgs/include/rotor_tm_msgs/rotor_tm_msgs/msg/rosidl_generator_c__visibility_control.h
[7.532s] -- Up-to-date: /home/swati/Quad_DR/RotorTM/install/rotor_tm_msgs/share/rotor_tm_msgs/environment/library_path.sh
[7.532s] -- Installing: /home/swati/Quad_DR/RotorTM/install/rotor_tm_msgs/share/rotor_tm_msgs/environment/library_path.dsv
[7.533s] -- Installing: /home/swati/Quad_DR/RotorTM/install/rotor_tm_msgs/lib/librotor_tm_msgs__rosidl_generator_c.so
[7.533s] -- Set non-toolchain portion of runtime path of "/home/swati/Quad_DR/RotorTM/install/rotor_tm_msgs/lib/librotor_tm_msgs__rosidl_generator_c.so" to ""
[7.533s] -- Up-to-date: /home/swati/Quad_DR/RotorTM/install/rotor_tm_msgs/include/rotor_tm_msgs/rotor_tm_msgs
[7.533s] -- Up-to-date: /home/swati/Quad_DR/RotorTM/install/rotor_tm_msgs/include/rotor_tm_msgs/rotor_tm_msgs/srv
[7.534s] -- Up-to-date: /home/swati/Quad_DR/RotorTM/install/rotor_tm_msgs/include/rotor_tm_msgs/rotor_tm_msgs/srv/detail
[7.534s] -- Installing: /home/swati/Quad_DR/RotorTM/install/rotor_tm_msgs/include/rotor_tm_msgs/rotor_tm_msgs/srv/detail/line__rosidl_typesupport_fastrtps_c.h
[7.534s] -- Installing: /home/swati/Quad_DR/RotorTM/install/rotor_tm_msgs/include/rotor_tm_msgs/rotor_tm_msgs/srv/detail/step_pose__rosidl_typesupport_fastrtps_c.h
[7.534s] -- Installing: /home/swati/Quad_DR/RotorTM/install/rotor_tm_msgs/include/rotor_tm_msgs/rotor_tm_msgs/srv/detail/circle_with_rotation__rosidl_typesupport_fastrtps_c.h
[7.534s] -- Installing: /home/swati/Quad_DR/RotorTM/install/rotor_tm_msgs/include/rotor_tm_msgs/rotor_tm_msgs/srv/detail/vec4__rosidl_typesupport_fastrtps_c.h
[7.534s] -- Installing: /home/swati/Quad_DR/RotorTM/install/rotor_tm_msgs/include/rotor_tm_msgs/rotor_tm_msgs/srv/detail/circle__rosidl_typesupport_fastrtps_c.h
[7.534s] -- Installing: /home/swati/Quad_DR/RotorTM/install/rotor_tm_msgs/include/rotor_tm_msgs/rotor_tm_msgs/srv/detail/copr_status_cmd__rosidl_typesupport_fastrtps_c.h
[7.534s] -- Up-to-date: /home/swati/Quad_DR/RotorTM/install/rotor_tm_msgs/include/rotor_tm_msgs/rotor_tm_msgs/msg
[7.534s] -- Up-to-date: /home/swati/Quad_DR/RotorTM/install/rotor_tm_msgs/include/rotor_tm_msgs/rotor_tm_msgs/msg/rosidl_typesupport_fastrtps_c__visibility_control.h
[7.534s] -- Up-to-date: /home/swati/Quad_DR/RotorTM/install/rotor_tm_msgs/include/rotor_tm_msgs/rotor_tm_msgs/msg/detail
[7.534s] -- Installing: /home/swati/Quad_DR/RotorTM/install/rotor_tm_msgs/include/rotor_tm_msgs/rotor_tm_msgs/msg/detail/status_data__rosidl_typesupport_fastrtps_c.h
[7.535s] -- Installing: /home/swati/Quad_DR/RotorTM/install/rotor_tm_msgs/include/rotor_tm_msgs/rotor_tm_msgs/msg/detail/so3_command__rosidl_typesupport_fastrtps_c.h
[7.535s] -- Installing: /home/swati/Quad_DR/RotorTM/install/rotor_tm_msgs/include/rotor_tm_msgs/rotor_tm_msgs/msg/detail/rpm_command__rosidl_typesupport_fastrtps_c.h
[7.535s] -- Installing: /home/swati/Quad_DR/RotorTM/install/rotor_tm_msgs/include/rotor_tm_msgs/rotor_tm_msgs/msg/detail/fmn_command__rosidl_typesupport_fastrtps_c.h
[7.535s] -- Installing: /home/swati/Quad_DR/RotorTM/install/rotor_tm_msgs/include/rotor_tm_msgs/rotor_tm_msgs/msg/detail/traj_command__rosidl_typesupport_fastrtps_c.h
[7.535s] -- Installing: /home/swati/Quad_DR/RotorTM/install/rotor_tm_msgs/include/rotor_tm_msgs/rotor_tm_msgs/msg/detail/fm_command__rosidl_typesupport_fastrtps_c.h
[7.535s] -- Installing: /home/swati/Quad_DR/RotorTM/install/rotor_tm_msgs/include/rotor_tm_msgs/rotor_tm_msgs/msg/detail/cen_pl_command__rosidl_typesupport_fastrtps_c.h
[7.535s] -- Installing: /home/swati/Quad_DR/RotorTM/install/rotor_tm_msgs/include/rotor_tm_msgs/rotor_tm_msgs/msg/detail/position_command__rosidl_typesupport_fastrtps_c.h
[7.535s] -- Installing: /home/swati/Quad_DR/RotorTM/install/rotor_tm_msgs/include/rotor_tm_msgs/rotor_tm_msgs/msg/detail/trpy_command__rosidl_typesupport_fastrtps_c.h
[7.536s] -- Installing: /home/swati/Quad_DR/RotorTM/install/rotor_tm_msgs/lib/librotor_tm_msgs__rosidl_typesupport_fastrtps_c.so
[7.536s] -- Set non-toolchain portion of runtime path of "/home/swati/Quad_DR/RotorTM/install/rotor_tm_msgs/lib/librotor_tm_msgs__rosidl_typesupport_fastrtps_c.so" to ""
[7.536s] -- Up-to-date: /home/swati/Quad_DR/RotorTM/install/rotor_tm_msgs/include/rotor_tm_msgs/rotor_tm_msgs
[7.536s] -- Up-to-date: /home/swati/Quad_DR/RotorTM/install/rotor_tm_msgs/include/rotor_tm_msgs/rotor_tm_msgs/srv
[7.536s] -- Up-to-date: /home/swati/Quad_DR/RotorTM/install/rotor_tm_msgs/include/rotor_tm_msgs/rotor_tm_msgs/srv/detail
[7.536s] -- Installing: /home/swati/Quad_DR/RotorTM/install/rotor_tm_msgs/include/rotor_tm_msgs/rotor_tm_msgs/srv/detail/line__rosidl_typesupport_introspection_c.h
[7.536s] -- Installing: /home/swati/Quad_DR/RotorTM/install/rotor_tm_msgs/include/rotor_tm_msgs/rotor_tm_msgs/srv/detail/step_pose__type_support.c
[7.537s] -- Installing: /home/swati/Quad_DR/RotorTM/install/rotor_tm_msgs/include/rotor_tm_msgs/rotor_tm_msgs/srv/detail/circle__rosidl_typesupport_introspection_c.h
[7.537s] -- Installing: /home/swati/Quad_DR/RotorTM/install/rotor_tm_msgs/include/rotor_tm_msgs/rotor_tm_msgs/srv/detail/circle_with_rotation__rosidl_typesupport_introspection_c.h
[7.537s] -- Installing: /home/swati/Quad_DR/RotorTM/install/rotor_tm_msgs/include/rotor_tm_msgs/rotor_tm_msgs/srv/detail/circle_with_rotation__type_support.c
[7.537s] -- Installing: /home/swati/Quad_DR/RotorTM/install/rotor_tm_msgs/include/rotor_tm_msgs/rotor_tm_msgs/srv/detail/step_pose__rosidl_typesupport_introspection_c.h
[7.537s] -- Installing: /home/swati/Quad_DR/RotorTM/install/rotor_tm_msgs/include/rotor_tm_msgs/rotor_tm_msgs/srv/detail/circle__type_support.c
[7.537s] -- Installing: /home/swati/Quad_DR/RotorTM/install/rotor_tm_msgs/include/rotor_tm_msgs/rotor_tm_msgs/srv/detail/vec4__rosidl_typesupport_introspection_c.h
[7.537s] -- Installing: /home/swati/Quad_DR/RotorTM/install/rotor_tm_msgs/include/rotor_tm_msgs/rotor_tm_msgs/srv/detail/copr_status_cmd__rosidl_typesupport_introspection_c.h
[7.538s] -- Installing: /home/swati/Quad_DR/RotorTM/install/rotor_tm_msgs/include/rotor_tm_msgs/rotor_tm_msgs/srv/detail/line__type_support.c
[7.538s] -- Installing: /home/swati/Quad_DR/RotorTM/install/rotor_tm_msgs/include/rotor_tm_msgs/rotor_tm_msgs/srv/detail/vec4__type_support.c
[7.538s] -- Installing: /home/swati/Quad_DR/RotorTM/install/rotor_tm_msgs/include/rotor_tm_msgs/rotor_tm_msgs/srv/detail/copr_status_cmd__type_support.c
[7.538s] -- Up-to-date: /home/swati/Quad_DR/RotorTM/install/rotor_tm_msgs/include/rotor_tm_msgs/rotor_tm_msgs/msg
[7.538s] -- Up-to-date: /home/swati/Quad_DR/RotorTM/install/rotor_tm_msgs/include/rotor_tm_msgs/rotor_tm_msgs/msg/rosidl_typesupport_introspection_c__visibility_control.h
[7.538s] -- Up-to-date: /home/swati/Quad_DR/RotorTM/install/rotor_tm_msgs/include/rotor_tm_msgs/rotor_tm_msgs/msg/detail
[7.538s] -- Installing: /home/swati/Quad_DR/RotorTM/install/rotor_tm_msgs/include/rotor_tm_msgs/rotor_tm_msgs/msg/detail/traj_command__type_support.c
[7.538s] -- Installing: /home/swati/Quad_DR/RotorTM/install/rotor_tm_msgs/include/rotor_tm_msgs/rotor_tm_msgs/msg/detail/rpm_command__rosidl_typesupport_introspection_c.h
[7.539s] -- Installing: /home/swati/Quad_DR/RotorTM/install/rotor_tm_msgs/include/rotor_tm_msgs/rotor_tm_msgs/msg/detail/trpy_command__type_support.c
[7.539s] -- Installing: /home/swati/Quad_DR/RotorTM/install/rotor_tm_msgs/include/rotor_tm_msgs/rotor_tm_msgs/msg/detail/so3_command__rosidl_typesupport_introspection_c.h
[7.539s] -- Installing: /home/swati/Quad_DR/RotorTM/install/rotor_tm_msgs/include/rotor_tm_msgs/rotor_tm_msgs/msg/detail/status_data__type_support.c
[7.539s] -- Installing: /home/swati/Quad_DR/RotorTM/install/rotor_tm_msgs/include/rotor_tm_msgs/rotor_tm_msgs/msg/detail/fmn_command__rosidl_typesupport_introspection_c.h
[7.539s] -- Installing: /home/swati/Quad_DR/RotorTM/install/rotor_tm_msgs/include/rotor_tm_msgs/rotor_tm_msgs/msg/detail/status_data__rosidl_typesupport_introspection_c.h
[7.539s] -- Installing: /home/swati/Quad_DR/RotorTM/install/rotor_tm_msgs/include/rotor_tm_msgs/rotor_tm_msgs/msg/detail/cen_pl_command__rosidl_typesupport_introspection_c.h
[7.539s] -- Installing: /home/swati/Quad_DR/RotorTM/install/rotor_tm_msgs/include/rotor_tm_msgs/rotor_tm_msgs/msg/detail/fmn_command__type_support.c
[7.539s] -- Installing: /home/swati/Quad_DR/RotorTM/install/rotor_tm_msgs/include/rotor_tm_msgs/rotor_tm_msgs/msg/detail/fm_command__rosidl_typesupport_introspection_c.h
[7.539s] -- Installing: /home/swati/Quad_DR/RotorTM/install/rotor_tm_msgs/include/rotor_tm_msgs/rotor_tm_msgs/msg/detail/rpm_command__type_support.c
[7.539s] -- Installing: /home/swati/Quad_DR/RotorTM/install/rotor_tm_msgs/include/rotor_tm_msgs/rotor_tm_msgs/msg/detail/trpy_command__rosidl_typesupport_introspection_c.h
[7.540s] -- Installing: /home/swati/Quad_DR/RotorTM/install/rotor_tm_msgs/include/rotor_tm_msgs/rotor_tm_msgs/msg/detail/traj_command__rosidl_typesupport_introspection_c.h
[7.540s] -- Installing: /home/swati/Quad_DR/RotorTM/install/rotor_tm_msgs/include/rotor_tm_msgs/rotor_tm_msgs/msg/detail/so3_command__type_support.c
[7.540s] -- Installing: /home/swati/Quad_DR/RotorTM/install/rotor_tm_msgs/include/rotor_tm_msgs/rotor_tm_msgs/msg/detail/fm_command__type_support.c
[7.540s] -- Installing: /home/swati/Quad_DR/RotorTM/install/rotor_tm_msgs/include/rotor_tm_msgs/rotor_tm_msgs/msg/detail/position_command__rosidl_typesupport_introspection_c.h
[7.540s] -- Installing: /home/swati/Quad_DR/RotorTM/install/rotor_tm_msgs/include/rotor_tm_msgs/rotor_tm_msgs/msg/detail/position_command__type_support.c
[7.540s] -- Installing: /home/swati/Quad_DR/RotorTM/install/rotor_tm_msgs/include/rotor_tm_msgs/rotor_tm_msgs/msg/detail/cen_pl_command__type_support.c
[7.541s] -- Installing: /home/swati/Quad_DR/RotorTM/install/rotor_tm_msgs/lib/librotor_tm_msgs__rosidl_typesupport_introspection_c.so
[7.541s] -- Set non-toolchain portion of runtime path of "/home/swati/Quad_DR/RotorTM/install/rotor_tm_msgs/lib/librotor_tm_msgs__rosidl_typesupport_introspection_c.so" to ""
[7.541s] -- Installing: /home/swati/Quad_DR/RotorTM/install/rotor_tm_msgs/lib/librotor_tm_msgs__rosidl_typesupport_c.so
[7.542s] -- Set non-toolchain portion of runtime path of "/home/swati/Quad_DR/RotorTM/install/rotor_tm_msgs/lib/librotor_tm_msgs__rosidl_typesupport_c.so" to ""
[7.542s] -- Up-to-date: /home/swati/Quad_DR/RotorTM/install/rotor_tm_msgs/include/rotor_tm_msgs/rotor_tm_msgs
[7.542s] -- Up-to-date: /home/swati/Quad_DR/RotorTM/install/rotor_tm_msgs/include/rotor_tm_msgs/rotor_tm_msgs/srv
[7.542s] -- Installing: /home/swati/Quad_DR/RotorTM/install/rotor_tm_msgs/include/rotor_tm_msgs/rotor_tm_msgs/srv/vec4.hpp
[7.542s] -- Installing: /home/swati/Quad_DR/RotorTM/install/rotor_tm_msgs/include/rotor_tm_msgs/rotor_tm_msgs/srv/copr_status_cmd.hpp
[7.542s] -- Installing: /home/swati/Quad_DR/RotorTM/install/rotor_tm_msgs/include/rotor_tm_msgs/rotor_tm_msgs/srv/circle_with_rotation.hpp
[7.542s] -- Installing: /home/swati/Quad_DR/RotorTM/install/rotor_tm_msgs/include/rotor_tm_msgs/rotor_tm_msgs/srv/line.hpp
[7.542s] -- Installing: /home/swati/Quad_DR/RotorTM/install/rotor_tm_msgs/include/rotor_tm_msgs/rotor_tm_msgs/srv/step_pose.hpp
[7.542s] -- Up-to-date: /home/swati/Quad_DR/RotorTM/install/rotor_tm_msgs/include/rotor_tm_msgs/rotor_tm_msgs/srv/detail
[7.543s] -- Installing: /home/swati/Quad_DR/RotorTM/install/rotor_tm_msgs/include/rotor_tm_msgs/rotor_tm_msgs/srv/detail/step_pose__struct.hpp
[7.543s] -- Installing: /home/swati/Quad_DR/RotorTM/install/rotor_tm_msgs/include/rotor_tm_msgs/rotor_tm_msgs/srv/detail/copr_status_cmd__traits.hpp
[7.543s] -- Installing: /home/swati/Quad_DR/RotorTM/install/rotor_tm_msgs/include/rotor_tm_msgs/rotor_tm_msgs/srv/detail/copr_status_cmd__builder.hpp
[7.543s] -- Installing: /home/swati/Quad_DR/RotorTM/install/rotor_tm_msgs/include/rotor_tm_msgs/rotor_tm_msgs/srv/detail/line__struct.hpp
[7.543s] -- Installing: /home/swati/Quad_DR/RotorTM/install/rotor_tm_msgs/include/rotor_tm_msgs/rotor_tm_msgs/srv/detail/circle_with_rotation__struct.hpp
[7.543s] -- Installing: /home/swati/Quad_DR/RotorTM/install/rotor_tm_msgs/include/rotor_tm_msgs/rotor_tm_msgs/srv/detail/circle_with_rotation__traits.hpp
[7.543s] -- Installing: /home/swati/Quad_DR/RotorTM/install/rotor_tm_msgs/include/rotor_tm_msgs/rotor_tm_msgs/srv/detail/vec4__struct.hpp
[7.543s] -- Installing: /home/swati/Quad_DR/RotorTM/install/rotor_tm_msgs/include/rotor_tm_msgs/rotor_tm_msgs/srv/detail/circle__traits.hpp
[7.543s] -- Installing: /home/swati/Quad_DR/RotorTM/install/rotor_tm_msgs/include/rotor_tm_msgs/rotor_tm_msgs/srv/detail/line__traits.hpp
[7.544s] -- Installing: /home/swati/Quad_DR/RotorTM/install/rotor_tm_msgs/include/rotor_tm_msgs/rotor_tm_msgs/srv/detail/line__builder.hpp
[7.544s] -- Installing: /home/swati/Quad_DR/RotorTM/install/rotor_tm_msgs/include/rotor_tm_msgs/rotor_tm_msgs/srv/detail/circle_with_rotation__builder.hpp
[7.544s] -- Installing: /home/swati/Quad_DR/RotorTM/install/rotor_tm_msgs/include/rotor_tm_msgs/rotor_tm_msgs/srv/detail/step_pose__traits.hpp
[7.544s] -- Installing: /home/swati/Quad_DR/RotorTM/install/rotor_tm_msgs/include/rotor_tm_msgs/rotor_tm_msgs/srv/detail/copr_status_cmd__struct.hpp
[7.544s] -- Installing: /home/swati/Quad_DR/RotorTM/install/rotor_tm_msgs/include/rotor_tm_msgs/rotor_tm_msgs/srv/detail/step_pose__builder.hpp
[7.544s] -- Installing: /home/swati/Quad_DR/RotorTM/install/rotor_tm_msgs/include/rotor_tm_msgs/rotor_tm_msgs/srv/detail/vec4__traits.hpp
[7.544s] -- Installing: /home/swati/Quad_DR/RotorTM/install/rotor_tm_msgs/include/rotor_tm_msgs/rotor_tm_msgs/srv/detail/vec4__builder.hpp
[7.545s] -- Installing: /home/swati/Quad_DR/RotorTM/install/rotor_tm_msgs/include/rotor_tm_msgs/rotor_tm_msgs/srv/detail/circle__builder.hpp
[7.545s] -- Installing: /home/swati/Quad_DR/RotorTM/install/rotor_tm_msgs/include/rotor_tm_msgs/rotor_tm_msgs/srv/detail/circle__struct.hpp
[7.545s] -- Installing: /home/swati/Quad_DR/RotorTM/install/rotor_tm_msgs/include/rotor_tm_msgs/rotor_tm_msgs/srv/circle.hpp
[7.545s] -- Up-to-date: /home/swati/Quad_DR/RotorTM/install/rotor_tm_msgs/include/rotor_tm_msgs/rotor_tm_msgs/msg
[7.545s] -- Installing: /home/swati/Quad_DR/RotorTM/install/rotor_tm_msgs/include/rotor_tm_msgs/rotor_tm_msgs/msg/status_data.hpp
[7.545s] -- Installing: /home/swati/Quad_DR/RotorTM/install/rotor_tm_msgs/include/rotor_tm_msgs/rotor_tm_msgs/msg/fmn_command.hpp
[7.545s] -- Installing: /home/swati/Quad_DR/RotorTM/install/rotor_tm_msgs/include/rotor_tm_msgs/rotor_tm_msgs/msg/traj_command.hpp
[7.545s] -- Installing: /home/swati/Quad_DR/RotorTM/install/rotor_tm_msgs/include/rotor_tm_msgs/rotor_tm_msgs/msg/rpm_command.hpp
[7.546s] -- Installing: /home/swati/Quad_DR/RotorTM/install/rotor_tm_msgs/include/rotor_tm_msgs/rotor_tm_msgs/msg/trpy_command.hpp
[7.546s] -- Installing: /home/swati/Quad_DR/RotorTM/install/rotor_tm_msgs/include/rotor_tm_msgs/rotor_tm_msgs/msg/so3_command.hpp
[7.546s] -- Installing: /home/swati/Quad_DR/RotorTM/install/rotor_tm_msgs/include/rotor_tm_msgs/rotor_tm_msgs/msg/fm_command.hpp
[7.546s] -- Up-to-date: /home/swati/Quad_DR/RotorTM/install/rotor_tm_msgs/include/rotor_tm_msgs/rotor_tm_msgs/msg/detail
[7.546s] -- Installing: /home/swati/Quad_DR/RotorTM/install/rotor_tm_msgs/include/rotor_tm_msgs/rotor_tm_msgs/msg/detail/position_command__traits.hpp
[7.546s] -- Installing: /home/swati/Quad_DR/RotorTM/install/rotor_tm_msgs/include/rotor_tm_msgs/rotor_tm_msgs/msg/detail/so3_command__traits.hpp
[7.546s] -- Installing: /home/swati/Quad_DR/RotorTM/install/rotor_tm_msgs/include/rotor_tm_msgs/rotor_tm_msgs/msg/detail/fmn_command__struct.hpp
[7.546s] -- Installing: /home/swati/Quad_DR/RotorTM/install/rotor_tm_msgs/include/rotor_tm_msgs/rotor_tm_msgs/msg/detail/fm_command__builder.hpp
[7.547s] -- Installing: /home/swati/Quad_DR/RotorTM/install/rotor_tm_msgs/include/rotor_tm_msgs/rotor_tm_msgs/msg/detail/trpy_command__builder.hpp
[7.547s] -- Installing: /home/swati/Quad_DR/RotorTM/install/rotor_tm_msgs/include/rotor_tm_msgs/rotor_tm_msgs/msg/detail/cen_pl_command__builder.hpp
[7.547s] -- Installing: /home/swati/Quad_DR/RotorTM/install/rotor_tm_msgs/include/rotor_tm_msgs/rotor_tm_msgs/msg/detail/fm_command__traits.hpp
[7.547s] -- Installing: /home/swati/Quad_DR/RotorTM/install/rotor_tm_msgs/include/rotor_tm_msgs/rotor_tm_msgs/msg/detail/cen_pl_command__traits.hpp
[7.547s] -- Installing: /home/swati/Quad_DR/RotorTM/install/rotor_tm_msgs/include/rotor_tm_msgs/rotor_tm_msgs/msg/detail/status_data__traits.hpp
[7.547s] -- Installing: /home/swati/Quad_DR/RotorTM/install/rotor_tm_msgs/include/rotor_tm_msgs/rotor_tm_msgs/msg/detail/status_data__builder.hpp
[7.547s] -- Installing: /home/swati/Quad_DR/RotorTM/install/rotor_tm_msgs/include/rotor_tm_msgs/rotor_tm_msgs/msg/detail/so3_command__struct.hpp
[7.548s] -- Installing: /home/swati/Quad_DR/RotorTM/install/rotor_tm_msgs/include/rotor_tm_msgs/rotor_tm_msgs/msg/detail/rpm_command__traits.hpp
[7.548s] -- Installing: /home/swati/Quad_DR/RotorTM/install/rotor_tm_msgs/include/rotor_tm_msgs/rotor_tm_msgs/msg/detail/rpm_command__builder.hpp
[7.548s] -- Installing: /home/swati/Quad_DR/RotorTM/install/rotor_tm_msgs/include/rotor_tm_msgs/rotor_tm_msgs/msg/detail/position_command__struct.hpp
[7.548s] -- Installing: /home/swati/Quad_DR/RotorTM/install/rotor_tm_msgs/include/rotor_tm_msgs/rotor_tm_msgs/msg/detail/position_command__builder.hpp
[7.548s] -- Installing: /home/swati/Quad_DR/RotorTM/install/rotor_tm_msgs/include/rotor_tm_msgs/rotor_tm_msgs/msg/detail/fmn_command__traits.hpp
[7.548s] -- Installing: /home/swati/Quad_DR/RotorTM/install/rotor_tm_msgs/include/rotor_tm_msgs/rotor_tm_msgs/msg/detail/fmn_command__builder.hpp
[7.548s] -- Installing: /home/swati/Quad_DR/RotorTM/install/rotor_tm_msgs/include/rotor_tm_msgs/rotor_tm_msgs/msg/detail/status_data__struct.hpp
[7.549s] -- Installing: /home/swati/Quad_DR/RotorTM/install/rotor_tm_msgs/include/rotor_tm_msgs/rotor_tm_msgs/msg/detail/traj_command__struct.hpp
[7.549s] -- Installing: /home/swati/Quad_DR/RotorTM/install/rotor_tm_msgs/include/rotor_tm_msgs/rotor_tm_msgs/msg/detail/traj_command__traits.hpp
[7.549s] -- Installing: /home/swati/Quad_DR/RotorTM/install/rotor_tm_msgs/include/rotor_tm_msgs/rotor_tm_msgs/msg/detail/so3_command__builder.hpp
[7.549s] -- Installing: /home/swati/Quad_DR/RotorTM/install/rotor_tm_msgs/include/rotor_tm_msgs/rotor_tm_msgs/msg/detail/rpm_command__struct.hpp
[7.549s] -- Installing: /home/swati/Quad_DR/RotorTM/install/rotor_tm_msgs/include/rotor_tm_msgs/rotor_tm_msgs/msg/detail/trpy_command__struct.hpp
[7.549s] -- Installing: /home/swati/Quad_DR/RotorTM/install/rotor_tm_msgs/include/rotor_tm_msgs/rotor_tm_msgs/msg/detail/fm_command__struct.hpp
[7.549s] -- Installing: /home/swati/Quad_DR/RotorTM/install/rotor_tm_msgs/include/rotor_tm_msgs/rotor_tm_msgs/msg/detail/traj_command__builder.hpp
[7.549s] -- Installing: /home/swati/Quad_DR/RotorTM/install/rotor_tm_msgs/include/rotor_tm_msgs/rotor_tm_msgs/msg/detail/trpy_command__traits.hpp
[7.549s] -- Installing: /home/swati/Quad_DR/RotorTM/install/rotor_tm_msgs/include/rotor_tm_msgs/rotor_tm_msgs/msg/detail/cen_pl_command__struct.hpp
[7.550s] -- Installing: /home/swati/Quad_DR/RotorTM/install/rotor_tm_msgs/include/rotor_tm_msgs/rotor_tm_msgs/msg/cen_pl_command.hpp
[7.550s] -- Installing: /home/swati/Quad_DR/RotorTM/install/rotor_tm_msgs/include/rotor_tm_msgs/rotor_tm_msgs/msg/position_command.hpp
[7.550s] -- Up-to-date: /home/swati/Quad_DR/RotorTM/install/rotor_tm_msgs/include/rotor_tm_msgs/rotor_tm_msgs
[7.550s] -- Up-to-date: /home/swati/Quad_DR/RotorTM/install/rotor_tm_msgs/include/rotor_tm_msgs/rotor_tm_msgs/srv
[7.550s] -- Up-to-date: /home/swati/Quad_DR/RotorTM/install/rotor_tm_msgs/include/rotor_tm_msgs/rotor_tm_msgs/srv/detail
[7.550s] -- Installing: /home/swati/Quad_DR/RotorTM/install/rotor_tm_msgs/include/rotor_tm_msgs/rotor_tm_msgs/srv/detail/vec4__rosidl_typesupport_fastrtps_cpp.hpp
[7.550s] -- Installing: /home/swati/Quad_DR/RotorTM/install/rotor_tm_msgs/include/rotor_tm_msgs/rotor_tm_msgs/srv/detail/step_pose__rosidl_typesupport_fastrtps_cpp.hpp
[7.550s] -- Installing: /home/swati/Quad_DR/RotorTM/install/rotor_tm_msgs/include/rotor_tm_msgs/rotor_tm_msgs/srv/detail/circle_with_rotation__rosidl_typesupport_fastrtps_cpp.hpp
[7.551s] -- Installing: /home/swati/Quad_DR/RotorTM/install/rotor_tm_msgs/include/rotor_tm_msgs/rotor_tm_msgs/srv/detail/copr_status_cmd__rosidl_typesupport_fastrtps_cpp.hpp
[7.551s] -- Installing: /home/swati/Quad_DR/RotorTM/install/rotor_tm_msgs/include/rotor_tm_msgs/rotor_tm_msgs/srv/detail/circle__rosidl_typesupport_fastrtps_cpp.hpp
[7.551s] -- Installing: /home/swati/Quad_DR/RotorTM/install/rotor_tm_msgs/include/rotor_tm_msgs/rotor_tm_msgs/srv/detail/line__rosidl_typesupport_fastrtps_cpp.hpp
[7.551s] -- Up-to-date: /home/swati/Quad_DR/RotorTM/install/rotor_tm_msgs/include/rotor_tm_msgs/rotor_tm_msgs/srv/detail/dds_fastrtps
[7.551s] -- Up-to-date: /home/swati/Quad_DR/RotorTM/install/rotor_tm_msgs/include/rotor_tm_msgs/rotor_tm_msgs/msg
[7.551s] -- Up-to-date: /home/swati/Quad_DR/RotorTM/install/rotor_tm_msgs/include/rotor_tm_msgs/rotor_tm_msgs/msg/rosidl_typesupport_fastrtps_cpp__visibility_control.h
[7.552s] -- Up-to-date: /home/swati/Quad_DR/RotorTM/install/rotor_tm_msgs/include/rotor_tm_msgs/rotor_tm_msgs/msg/detail
[7.552s] -- Installing: /home/swati/Quad_DR/RotorTM/install/rotor_tm_msgs/include/rotor_tm_msgs/rotor_tm_msgs/msg/detail/status_data__rosidl_typesupport_fastrtps_cpp.hpp
[7.552s] -- Installing: /home/swati/Quad_DR/RotorTM/install/rotor_tm_msgs/include/rotor_tm_msgs/rotor_tm_msgs/msg/detail/fmn_command__rosidl_typesupport_fastrtps_cpp.hpp
[7.552s] -- Installing: /home/swati/Quad_DR/RotorTM/install/rotor_tm_msgs/include/rotor_tm_msgs/rotor_tm_msgs/msg/detail/position_command__rosidl_typesupport_fastrtps_cpp.hpp
[7.552s] -- Installing: /home/swati/Quad_DR/RotorTM/install/rotor_tm_msgs/include/rotor_tm_msgs/rotor_tm_msgs/msg/detail/so3_command__rosidl_typesupport_fastrtps_cpp.hpp
[7.552s] -- Installing: /home/swati/Quad_DR/RotorTM/install/rotor_tm_msgs/include/rotor_tm_msgs/rotor_tm_msgs/msg/detail/trpy_command__rosidl_typesupport_fastrtps_cpp.hpp
[7.552s] -- Installing: /home/swati/Quad_DR/RotorTM/install/rotor_tm_msgs/include/rotor_tm_msgs/rotor_tm_msgs/msg/detail/rpm_command__rosidl_typesupport_fastrtps_cpp.hpp
[7.552s] -- Installing: /home/swati/Quad_DR/RotorTM/install/rotor_tm_msgs/include/rotor_tm_msgs/rotor_tm_msgs/msg/detail/fm_command__rosidl_typesupport_fastrtps_cpp.hpp
[7.552s] -- Installing: /home/swati/Quad_DR/RotorTM/install/rotor_tm_msgs/include/rotor_tm_msgs/rotor_tm_msgs/msg/detail/traj_command__rosidl_typesupport_fastrtps_cpp.hpp
[7.552s] -- Installing: /home/swati/Quad_DR/RotorTM/install/rotor_tm_msgs/include/rotor_tm_msgs/rotor_tm_msgs/msg/detail/cen_pl_command__rosidl_typesupport_fastrtps_cpp.hpp
[7.552s] -- Up-to-date: /home/swati/Quad_DR/RotorTM/install/rotor_tm_msgs/include/rotor_tm_msgs/rotor_tm_msgs/msg/detail/dds_fastrtps
[7.552s] -- Installing: /home/swati/Quad_DR/RotorTM/install/rotor_tm_msgs/lib/librotor_tm_msgs__rosidl_typesupport_fastrtps_cpp.so
[7.552s] -- Set non-toolchain portion of runtime path of "/home/swati/Quad_DR/RotorTM/install/rotor_tm_msgs/lib/librotor_tm_msgs__rosidl_typesupport_fastrtps_cpp.so" to ""
[7.552s] -- Up-to-date: /home/swati/Quad_DR/RotorTM/install/rotor_tm_msgs/include/rotor_tm_msgs/rotor_tm_msgs
[7.553s] -- Up-to-date: /home/swati/Quad_DR/RotorTM/install/rotor_tm_msgs/include/rotor_tm_msgs/rotor_tm_msgs/srv
[7.553s] -- Up-to-date: /home/swati/Quad_DR/RotorTM/install/rotor_tm_msgs/include/rotor_tm_msgs/rotor_tm_msgs/srv/detail
[7.553s] -- Installing: /home/swati/Quad_DR/RotorTM/install/rotor_tm_msgs/include/rotor_tm_msgs/rotor_tm_msgs/srv/detail/copr_status_cmd__type_support.cpp
[7.553s] -- Installing: /home/swati/Quad_DR/RotorTM/install/rotor_tm_msgs/include/rotor_tm_msgs/rotor_tm_msgs/srv/detail/line__rosidl_typesupport_introspection_cpp.hpp
[7.553s] -- Installing: /home/swati/Quad_DR/RotorTM/install/rotor_tm_msgs/include/rotor_tm_msgs/rotor_tm_msgs/srv/detail/step_pose__rosidl_typesupport_introspection_cpp.hpp
[7.553s] -- Installing: /home/swati/Quad_DR/RotorTM/install/rotor_tm_msgs/include/rotor_tm_msgs/rotor_tm_msgs/srv/detail/circle__type_support.cpp
[7.553s] -- Installing: /home/swati/Quad_DR/RotorTM/install/rotor_tm_msgs/include/rotor_tm_msgs/rotor_tm_msgs/srv/detail/vec4__rosidl_typesupport_introspection_cpp.hpp
[7.553s] -- Installing: /home/swati/Quad_DR/RotorTM/install/rotor_tm_msgs/include/rotor_tm_msgs/rotor_tm_msgs/srv/detail/step_pose__type_support.cpp
[7.553s] -- Installing: /home/swati/Quad_DR/RotorTM/install/rotor_tm_msgs/include/rotor_tm_msgs/rotor_tm_msgs/srv/detail/copr_status_cmd__rosidl_typesupport_introspection_cpp.hpp
[7.553s] -- Installing: /home/swati/Quad_DR/RotorTM/install/rotor_tm_msgs/include/rotor_tm_msgs/rotor_tm_msgs/srv/detail/vec4__type_support.cpp
[7.554s] -- Installing: /home/swati/Quad_DR/RotorTM/install/rotor_tm_msgs/include/rotor_tm_msgs/rotor_tm_msgs/srv/detail/circle_with_rotation__rosidl_typesupport_introspection_cpp.hpp
[7.554s] -- Installing: /home/swati/Quad_DR/RotorTM/install/rotor_tm_msgs/include/rotor_tm_msgs/rotor_tm_msgs/srv/detail/circle_with_rotation__type_support.cpp
[7.554s] -- Installing: /home/swati/Quad_DR/RotorTM/install/rotor_tm_msgs/include/rotor_tm_msgs/rotor_tm_msgs/srv/detail/circle__rosidl_typesupport_introspection_cpp.hpp
[7.554s] -- Installing: /home/swati/Quad_DR/RotorTM/install/rotor_tm_msgs/include/rotor_tm_msgs/rotor_tm_msgs/srv/detail/line__type_support.cpp
[7.554s] -- Up-to-date: /home/swati/Quad_DR/RotorTM/install/rotor_tm_msgs/include/rotor_tm_msgs/rotor_tm_msgs/msg
[7.554s] -- Up-to-date: /home/swati/Quad_DR/RotorTM/install/rotor_tm_msgs/include/rotor_tm_msgs/rotor_tm_msgs/msg/detail
[7.554s] -- Installing: /home/swati/Quad_DR/RotorTM/install/rotor_tm_msgs/include/rotor_tm_msgs/rotor_tm_msgs/msg/detail/fmn_command__type_support.cpp
[7.554s] -- Installing: /home/swati/Quad_DR/RotorTM/install/rotor_tm_msgs/include/rotor_tm_msgs/rotor_tm_msgs/msg/detail/cen_pl_command__type_support.cpp
[7.554s] -- Installing: /home/swati/Quad_DR/RotorTM/install/rotor_tm_msgs/include/rotor_tm_msgs/rotor_tm_msgs/msg/detail/rpm_command__type_support.cpp
[7.554s] -- Installing: /home/swati/Quad_DR/RotorTM/install/rotor_tm_msgs/include/rotor_tm_msgs/rotor_tm_msgs/msg/detail/traj_command__type_support.cpp
[7.554s] -- Installing: /home/swati/Quad_DR/RotorTM/install/rotor_tm_msgs/include/rotor_tm_msgs/rotor_tm_msgs/msg/detail/cen_pl_command__rosidl_typesupport_introspection_cpp.hpp
[7.554s] -- Installing: /home/swati/Quad_DR/RotorTM/install/rotor_tm_msgs/include/rotor_tm_msgs/rotor_tm_msgs/msg/detail/trpy_command__type_support.cpp
[7.554s] -- Installing: /home/swati/Quad_DR/RotorTM/install/rotor_tm_msgs/include/rotor_tm_msgs/rotor_tm_msgs/msg/detail/fmn_command__rosidl_typesupport_introspection_cpp.hpp
[7.555s] -- Installing: /home/swati/Quad_DR/RotorTM/install/rotor_tm_msgs/include/rotor_tm_msgs/rotor_tm_msgs/msg/detail/position_command__rosidl_typesupport_introspection_cpp.hpp
[7.555s] -- Installing: /home/swati/Quad_DR/RotorTM/install/rotor_tm_msgs/include/rotor_tm_msgs/rotor_tm_msgs/msg/detail/so3_command__rosidl_typesupport_introspection_cpp.hpp
[7.555s] -- Installing: /home/swati/Quad_DR/RotorTM/install/rotor_tm_msgs/include/rotor_tm_msgs/rotor_tm_msgs/msg/detail/status_data__rosidl_typesupport_introspection_cpp.hpp
[7.555s] -- Installing: /home/swati/Quad_DR/RotorTM/install/rotor_tm_msgs/include/rotor_tm_msgs/rotor_tm_msgs/msg/detail/trpy_command__rosidl_typesupport_introspection_cpp.hpp
[7.555s] -- Installing: /home/swati/Quad_DR/RotorTM/install/rotor_tm_msgs/include/rotor_tm_msgs/rotor_tm_msgs/msg/detail/position_command__type_support.cpp
[7.555s] -- Installing: /home/swati/Quad_DR/RotorTM/install/rotor_tm_msgs/include/rotor_tm_msgs/rotor_tm_msgs/msg/detail/rpm_command__rosidl_typesupport_introspection_cpp.hpp
[7.555s] -- Installing: /home/swati/Quad_DR/RotorTM/install/rotor_tm_msgs/include/rotor_tm_msgs/rotor_tm_msgs/msg/detail/traj_command__rosidl_typesupport_introspection_cpp.hpp
[7.555s] -- Installing: /home/swati/Quad_DR/RotorTM/install/rotor_tm_msgs/include/rotor_tm_msgs/rotor_tm_msgs/msg/detail/so3_command__type_support.cpp
[7.555s] -- Installing: /home/swati/Quad_DR/RotorTM/install/rotor_tm_msgs/include/rotor_tm_msgs/rotor_tm_msgs/msg/detail/fm_command__rosidl_typesupport_introspection_cpp.hpp
[7.555s] -- Installing: /home/swati/Quad_DR/RotorTM/install/rotor_tm_msgs/include/rotor_tm_msgs/rotor_tm_msgs/msg/detail/status_data__type_support.cpp
[7.555s] -- Installing: /home/swati/Quad_DR/RotorTM/install/rotor_tm_msgs/include/rotor_tm_msgs/rotor_tm_msgs/msg/detail/fm_command__type_support.cpp
[7.555s] -- Installing: /home/swati/Quad_DR/RotorTM/install/rotor_tm_msgs/lib/librotor_tm_msgs__rosidl_typesupport_introspection_cpp.so
[7.555s] -- Set non-toolchain portion of runtime path of "/home/swati/Quad_DR/RotorTM/install/rotor_tm_msgs/lib/librotor_tm_msgs__rosidl_typesupport_introspection_cpp.so" to ""
[7.556s] -- Installing: /home/swati/Quad_DR/RotorTM/install/rotor_tm_msgs/lib/librotor_tm_msgs__rosidl_typesupport_cpp.so
[7.556s] -- Set non-toolchain portion of runtime path of "/home/swati/Quad_DR/RotorTM/install/rotor_tm_msgs/lib/librotor_tm_msgs__rosidl_typesupport_cpp.so" to ""
[7.556s] -- Up-to-date: /home/swati/Quad_DR/RotorTM/install/rotor_tm_msgs/share/rotor_tm_msgs/environment/pythonpath.sh
[7.556s] -- Installing: /home/swati/Quad_DR/RotorTM/install/rotor_tm_msgs/share/rotor_tm_msgs/environment/pythonpath.dsv
[7.556s] -- Up-to-date: /home/swati/Quad_DR/RotorTM/install/rotor_tm_msgs/local/lib/python3.10/dist-packages/rotor_tm_msgs-0.0.0-py3.10.egg-info
[7.556s] -- Installing: /home/swati/Quad_DR/RotorTM/install/rotor_tm_msgs/local/lib/python3.10/dist-packages/rotor_tm_msgs-0.0.0-py3.10.egg-info/top_level.txt
[7.556s] -- Installing: /home/swati/Quad_DR/RotorTM/install/rotor_tm_msgs/local/lib/python3.10/dist-packages/rotor_tm_msgs-0.0.0-py3.10.egg-info/PKG-INFO
[7.556s] -- Installing: /home/swati/Quad_DR/RotorTM/install/rotor_tm_msgs/local/lib/python3.10/dist-packages/rotor_tm_msgs-0.0.0-py3.10.egg-info/SOURCES.txt
[7.556s] -- Installing: /home/swati/Quad_DR/RotorTM/install/rotor_tm_msgs/local/lib/python3.10/dist-packages/rotor_tm_msgs-0.0.0-py3.10.egg-info/dependency_links.txt
[7.556s] -- Up-to-date: /home/swati/Quad_DR/RotorTM/install/rotor_tm_msgs/local/lib/python3.10/dist-packages/rotor_tm_msgs
[7.556s] -- Installing: /home/swati/Quad_DR/RotorTM/install/rotor_tm_msgs/local/lib/python3.10/dist-packages/rotor_tm_msgs/_rotor_tm_msgs_s.ep.rosidl_typesupport_introspection_c.c
[7.556s] -- Installing: /home/swati/Quad_DR/RotorTM/install/rotor_tm_msgs/local/lib/python3.10/dist-packages/rotor_tm_msgs/librotor_tm_msgs__rosidl_generator_py.so
[7.557s] -- Installing: /home/swati/Quad_DR/RotorTM/install/rotor_tm_msgs/local/lib/python3.10/dist-packages/rotor_tm_msgs/_rotor_tm_msgs_s.ep.rosidl_typesupport_c.c
[7.557s] -- Installing: /home/swati/Quad_DR/RotorTM/install/rotor_tm_msgs/local/lib/python3.10/dist-packages/rotor_tm_msgs/_rotor_tm_msgs_s.ep.rosidl_typesupport_fastrtps_c.c
[7.557s] -- Up-to-date: /home/swati/Quad_DR/RotorTM/install/rotor_tm_msgs/local/lib/python3.10/dist-packages/rotor_tm_msgs/srv
[7.557s] -- Installing: /home/swati/Quad_DR/RotorTM/install/rotor_tm_msgs/local/lib/python3.10/dist-packages/rotor_tm_msgs/srv/_circle_with_rotation.py
[7.557s] -- Installing: /home/swati/Quad_DR/RotorTM/install/rotor_tm_msgs/local/lib/python3.10/dist-packages/rotor_tm_msgs/srv/_copr_status_cmd_s.c
[7.557s] -- Installing: /home/swati/Quad_DR/RotorTM/install/rotor_tm_msgs/local/lib/python3.10/dist-packages/rotor_tm_msgs/srv/_circle_s.c
[7.557s] -- Installing: /home/swati/Quad_DR/RotorTM/install/rotor_tm_msgs/local/lib/python3.10/dist-packages/rotor_tm_msgs/srv/_vec4_s.c
[7.557s] -- Installing: /home/swati/Quad_DR/RotorTM/install/rotor_tm_msgs/local/lib/python3.10/dist-packages/rotor_tm_msgs/srv/_line.py
[7.557s] -- Installing: /home/swati/Quad_DR/RotorTM/install/rotor_tm_msgs/local/lib/python3.10/dist-packages/rotor_tm_msgs/srv/__init__.py
[7.557s] -- Installing: /home/swati/Quad_DR/RotorTM/install/rotor_tm_msgs/local/lib/python3.10/dist-packages/rotor_tm_msgs/srv/_circle.py
[7.557s] -- Installing: /home/swati/Quad_DR/RotorTM/install/rotor_tm_msgs/local/lib/python3.10/dist-packages/rotor_tm_msgs/srv/_circle_with_rotation_s.c
[7.557s] -- Installing: /home/swati/Quad_DR/RotorTM/install/rotor_tm_msgs/local/lib/python3.10/dist-packages/rotor_tm_msgs/srv/_line_s.c
[7.558s] -- Installing: /home/swati/Quad_DR/RotorTM/install/rotor_tm_msgs/local/lib/python3.10/dist-packages/rotor_tm_msgs/srv/_step_pose.py
[7.558s] -- Installing: /home/swati/Quad_DR/RotorTM/install/rotor_tm_msgs/local/lib/python3.10/dist-packages/rotor_tm_msgs/srv/_copr_status_cmd.py
[7.558s] -- Installing: /home/swati/Quad_DR/RotorTM/install/rotor_tm_msgs/local/lib/python3.10/dist-packages/rotor_tm_msgs/srv/_step_pose_s.c
[7.558s] -- Installing: /home/swati/Quad_DR/RotorTM/install/rotor_tm_msgs/local/lib/python3.10/dist-packages/rotor_tm_msgs/srv/_vec4.py
[7.558s] -- Installing: /home/swati/Quad_DR/RotorTM/install/rotor_tm_msgs/local/lib/python3.10/dist-packages/rotor_tm_msgs/__init__.py
[7.558s] -- Installing: /home/swati/Quad_DR/RotorTM/install/rotor_tm_msgs/local/lib/python3.10/dist-packages/rotor_tm_msgs/rotor_tm_msgs_s__rosidl_typesupport_introspection_c.cpython-310-x86_64-linux-gnu.so
[7.558s] -- Installing: /home/swati/Quad_DR/RotorTM/install/rotor_tm_msgs/local/lib/python3.10/dist-packages/rotor_tm_msgs/rotor_tm_msgs_s__rosidl_typesupport_c.cpython-310-x86_64-linux-gnu.so
[7.558s] -- Up-to-date: /home/swati/Quad_DR/RotorTM/install/rotor_tm_msgs/local/lib/python3.10/dist-packages/rotor_tm_msgs/msg
[7.558s] -- Installing: /home/swati/Quad_DR/RotorTM/install/rotor_tm_msgs/local/lib/python3.10/dist-packages/rotor_tm_msgs/msg/_rpm_command.py
[7.558s] -- Installing: /home/swati/Quad_DR/RotorTM/install/rotor_tm_msgs/local/lib/python3.10/dist-packages/rotor_tm_msgs/msg/_trpy_command_s.c
[7.558s] -- Installing: /home/swati/Quad_DR/RotorTM/install/rotor_tm_msgs/local/lib/python3.10/dist-packages/rotor_tm_msgs/msg/_so3_command_s.c
[7.558s] -- Installing: /home/swati/Quad_DR/RotorTM/install/rotor_tm_msgs/local/lib/python3.10/dist-packages/rotor_tm_msgs/msg/_cen_pl_command.py
[7.558s] -- Installing: /home/swati/Quad_DR/RotorTM/install/rotor_tm_msgs/local/lib/python3.10/dist-packages/rotor_tm_msgs/msg/_cen_pl_command_s.c
[7.559s] -- Installing: /home/swati/Quad_DR/RotorTM/install/rotor_tm_msgs/local/lib/python3.10/dist-packages/rotor_tm_msgs/msg/_fmn_command.py
[7.559s] -- Installing: /home/swati/Quad_DR/RotorTM/install/rotor_tm_msgs/local/lib/python3.10/dist-packages/rotor_tm_msgs/msg/_trpy_command.py
[7.559s] -- Installing: /home/swati/Quad_DR/RotorTM/install/rotor_tm_msgs/local/lib/python3.10/dist-packages/rotor_tm_msgs/msg/__init__.py
[7.559s] -- Installing: /home/swati/Quad_DR/RotorTM/install/rotor_tm_msgs/local/lib/python3.10/dist-packages/rotor_tm_msgs/msg/_status_data_s.c
[7.559s] -- Installing: /home/swati/Quad_DR/RotorTM/install/rotor_tm_msgs/local/lib/python3.10/dist-packages/rotor_tm_msgs/msg/_so3_command.py
[7.559s] -- Installing: /home/swati/Quad_DR/RotorTM/install/rotor_tm_msgs/local/lib/python3.10/dist-packages/rotor_tm_msgs/msg/_position_command.py
[7.559s] -- Installing: /home/swati/Quad_DR/RotorTM/install/rotor_tm_msgs/local/lib/python3.10/dist-packages/rotor_tm_msgs/msg/_fmn_command_s.c
[7.559s] -- Installing: /home/swati/Quad_DR/RotorTM/install/rotor_tm_msgs/local/lib/python3.10/dist-packages/rotor_tm_msgs/msg/_traj_command.py
[7.559s] -- Installing: /home/swati/Quad_DR/RotorTM/install/rotor_tm_msgs/local/lib/python3.10/dist-packages/rotor_tm_msgs/msg/_rpm_command_s.c
[7.559s] -- Installing: /home/swati/Quad_DR/RotorTM/install/rotor_tm_msgs/local/lib/python3.10/dist-packages/rotor_tm_msgs/msg/_position_command_s.c
[7.559s] -- Installing: /home/swati/Quad_DR/RotorTM/install/rotor_tm_msgs/local/lib/python3.10/dist-packages/rotor_tm_msgs/msg/_fm_command.py
[7.559s] -- Installing: /home/swati/Quad_DR/RotorTM/install/rotor_tm_msgs/local/lib/python3.10/dist-packages/rotor_tm_msgs/msg/_traj_command_s.c
[7.559s] -- Installing: /home/swati/Quad_DR/RotorTM/install/rotor_tm_msgs/local/lib/python3.10/dist-packages/rotor_tm_msgs/msg/_status_data.py
[7.559s] -- Installing: /home/swati/Quad_DR/RotorTM/install/rotor_tm_msgs/local/lib/python3.10/dist-packages/rotor_tm_msgs/msg/_fm_command_s.c
[7.560s] -- Installing: /home/swati/Quad_DR/RotorTM/install/rotor_tm_msgs/local/lib/python3.10/dist-packages/rotor_tm_msgs/rotor_tm_msgs_s__rosidl_typesupport_fastrtps_c.cpython-310-x86_64-linux-gnu.so
[7.600s] Listing '/home/swati/Quad_DR/RotorTM/install/rotor_tm_msgs/local/lib/python3.10/dist-packages/rotor_tm_msgs'...
[7.600s] Compiling '/home/swati/Quad_DR/RotorTM/install/rotor_tm_msgs/local/lib/python3.10/dist-packages/rotor_tm_msgs/__init__.py'...
[7.600s] Listing '/home/swati/Quad_DR/RotorTM/install/rotor_tm_msgs/local/lib/python3.10/dist-packages/rotor_tm_msgs/msg'...
[7.600s] Compiling '/home/swati/Quad_DR/RotorTM/install/rotor_tm_msgs/local/lib/python3.10/dist-packages/rotor_tm_msgs/msg/__init__.py'...
[7.600s] Compiling '/home/swati/Quad_DR/RotorTM/install/rotor_tm_msgs/local/lib/python3.10/dist-packages/rotor_tm_msgs/msg/_cen_pl_command.py'...
[7.600s] Compiling '/home/swati/Quad_DR/RotorTM/install/rotor_tm_msgs/local/lib/python3.10/dist-packages/rotor_tm_msgs/msg/_fm_command.py'...
[7.600s] Compiling '/home/swati/Quad_DR/RotorTM/install/rotor_tm_msgs/local/lib/python3.10/dist-packages/rotor_tm_msgs/msg/_fmn_command.py'...
[7.600s] Compiling '/home/swati/Quad_DR/RotorTM/install/rotor_tm_msgs/local/lib/python3.10/dist-packages/rotor_tm_msgs/msg/_position_command.py'...
[7.600s] Compiling '/home/swati/Quad_DR/RotorTM/install/rotor_tm_msgs/local/lib/python3.10/dist-packages/rotor_tm_msgs/msg/_rpm_command.py'...
[7.601s] Compiling '/home/swati/Quad_DR/RotorTM/install/rotor_tm_msgs/local/lib/python3.10/dist-packages/rotor_tm_msgs/msg/_so3_command.py'...
[7.601s] Compiling '/home/swati/Quad_DR/RotorTM/install/rotor_tm_msgs/local/lib/python3.10/dist-packages/rotor_tm_msgs/msg/_status_data.py'...
[7.601s] Compiling '/home/swati/Quad_DR/RotorTM/install/rotor_tm_msgs/local/lib/python3.10/dist-packages/rotor_tm_msgs/msg/_traj_command.py'...
[7.601s] Compiling '/home/swati/Quad_DR/RotorTM/install/rotor_tm_msgs/local/lib/python3.10/dist-packages/rotor_tm_msgs/msg/_trpy_command.py'...
[7.601s] Listing '/home/swati/Quad_DR/RotorTM/install/rotor_tm_msgs/local/lib/python3.10/dist-packages/rotor_tm_msgs/srv'...
[7.601s] Compiling '/home/swati/Quad_DR/RotorTM/install/rotor_tm_msgs/local/lib/python3.10/dist-packages/rotor_tm_msgs/srv/__init__.py'...
[7.601s] Compiling '/home/swati/Quad_DR/RotorTM/install/rotor_tm_msgs/local/lib/python3.10/dist-packages/rotor_tm_msgs/srv/_circle.py'...
[7.601s] Compiling '/home/swati/Quad_DR/RotorTM/install/rotor_tm_msgs/local/lib/python3.10/dist-packages/rotor_tm_msgs/srv/_circle_with_rotation.py'...
[7.601s] Compiling '/home/swati/Quad_DR/RotorTM/install/rotor_tm_msgs/local/lib/python3.10/dist-packages/rotor_tm_msgs/srv/_copr_status_cmd.py'...
[7.601s] Compiling '/home/swati/Quad_DR/RotorTM/install/rotor_tm_msgs/local/lib/python3.10/dist-packages/rotor_tm_msgs/srv/_line.py'...
[7.601s] Compiling '/home/swati/Quad_DR/RotorTM/install/rotor_tm_msgs/local/lib/python3.10/dist-packages/rotor_tm_msgs/srv/_step_pose.py'...
[7.601s] Compiling '/home/swati/Quad_DR/RotorTM/install/rotor_tm_msgs/local/lib/python3.10/dist-packages/rotor_tm_msgs/srv/_vec4.py'...
[7.603s] -- Installing: /home/swati/Quad_DR/RotorTM/install/rotor_tm_msgs/local/lib/python3.10/dist-packages/rotor_tm_msgs/rotor_tm_msgs_s__rosidl_typesupport_fastrtps_c.cpython-310-x86_64-linux-gnu.so
[7.603s] -- Set non-toolchain portion of runtime path of "/home/swati/Quad_DR/RotorTM/install/rotor_tm_msgs/local/lib/python3.10/dist-packages/rotor_tm_msgs/rotor_tm_msgs_s__rosidl_typesupport_fastrtps_c.cpython-310-x86_64-linux-gnu.so" to ""
[7.604s] -- Installing: /home/swati/Quad_DR/RotorTM/install/rotor_tm_msgs/local/lib/python3.10/dist-packages/rotor_tm_msgs/rotor_tm_msgs_s__rosidl_typesupport_introspection_c.cpython-310-x86_64-linux-gnu.so
[7.604s] -- Set non-toolchain portion of runtime path of "/home/swati/Quad_DR/RotorTM/install/rotor_tm_msgs/local/lib/python3.10/dist-packages/rotor_tm_msgs/rotor_tm_msgs_s__rosidl_typesupport_introspection_c.cpython-310-x86_64-linux-gnu.so" to ""
[7.604s] -- Installing: /home/swati/Quad_DR/RotorTM/install/rotor_tm_msgs/local/lib/python3.10/dist-packages/rotor_tm_msgs/rotor_tm_msgs_s__rosidl_typesupport_c.cpython-310-x86_64-linux-gnu.so
[7.604s] -- Set non-toolchain portion of runtime path of "/home/swati/Quad_DR/RotorTM/install/rotor_tm_msgs/local/lib/python3.10/dist-packages/rotor_tm_msgs/rotor_tm_msgs_s__rosidl_typesupport_c.cpython-310-x86_64-linux-gnu.so" to ""
[7.604s] -- Installing: /home/swati/Quad_DR/RotorTM/install/rotor_tm_msgs/lib/librotor_tm_msgs__rosidl_generator_py.so
[7.604s] -- Set non-toolchain portion of runtime path of "/home/swati/Quad_DR/RotorTM/install/rotor_tm_msgs/lib/librotor_tm_msgs__rosidl_generator_py.so" to ""
[7.605s] -- Up-to-date: /home/swati/Quad_DR/RotorTM/install/rotor_tm_msgs/share/rotor_tm_msgs/msg/PositionCommand.idl
[7.605s] -- Up-to-date: /home/swati/Quad_DR/RotorTM/install/rotor_tm_msgs/share/rotor_tm_msgs/msg/FMCommand.idl
[7.605s] -- Up-to-date: /home/swati/Quad_DR/RotorTM/install/rotor_tm_msgs/share/rotor_tm_msgs/msg/RPMCommand.idl
[7.605s] -- Up-to-date: /home/swati/Quad_DR/RotorTM/install/rotor_tm_msgs/share/rotor_tm_msgs/msg/SO3Command.idl
[7.605s] -- Up-to-date: /home/swati/Quad_DR/RotorTM/install/rotor_tm_msgs/share/rotor_tm_msgs/msg/CenPLCommand.idl
[7.605s] -- Up-to-date: /home/swati/Quad_DR/RotorTM/install/rotor_tm_msgs/share/rotor_tm_msgs/msg/StatusData.idl
[7.605s] -- Up-to-date: /home/swati/Quad_DR/RotorTM/install/rotor_tm_msgs/share/rotor_tm_msgs/msg/TRPYCommand.idl
[7.605s] -- Up-to-date: /home/swati/Quad_DR/RotorTM/install/rotor_tm_msgs/share/rotor_tm_msgs/msg/TrajCommand.idl
[7.605s] -- Installing: /home/swati/Quad_DR/RotorTM/install/rotor_tm_msgs/share/rotor_tm_msgs/msg/FMNCommand.idl
[7.605s] -- Up-to-date: /home/swati/Quad_DR/RotorTM/install/rotor_tm_msgs/share/rotor_tm_msgs/srv/Vec4.idl
[7.605s] -- Up-to-date: /home/swati/Quad_DR/RotorTM/install/rotor_tm_msgs/share/rotor_tm_msgs/srv/Circle.idl
[7.606s] -- Up-to-date: /home/swati/Quad_DR/RotorTM/install/rotor_tm_msgs/share/rotor_tm_msgs/srv/CircleWithRotation.idl
[7.606s] -- Up-to-date: /home/swati/Quad_DR/RotorTM/install/rotor_tm_msgs/share/rotor_tm_msgs/srv/Line.idl
[7.606s] -- Up-to-date: /home/swati/Quad_DR/RotorTM/install/rotor_tm_msgs/share/rotor_tm_msgs/srv/CoprStatusCmd.idl
[7.606s] -- Up-to-date: /home/swati/Quad_DR/RotorTM/install/rotor_tm_msgs/share/rotor_tm_msgs/srv/StepPose.idl
[7.606s] -- Up-to-date: /home/swati/Quad_DR/RotorTM/install/rotor_tm_msgs/share/rotor_tm_msgs/msg/PositionCommand.msg
[7.606s] -- Up-to-date: /home/swati/Quad_DR/RotorTM/install/rotor_tm_msgs/share/rotor_tm_msgs/msg/FMCommand.msg
[7.606s] -- Up-to-date: /home/swati/Quad_DR/RotorTM/install/rotor_tm_msgs/share/rotor_tm_msgs/msg/RPMCommand.msg
[7.606s] -- Up-to-date: /home/swati/Quad_DR/RotorTM/install/rotor_tm_msgs/share/rotor_tm_msgs/msg/SO3Command.msg
[7.606s] -- Up-to-date: /home/swati/Quad_DR/RotorTM/install/rotor_tm_msgs/share/rotor_tm_msgs/msg/CenPLCommand.msg
[7.606s] -- Up-to-date: /home/swati/Quad_DR/RotorTM/install/rotor_tm_msgs/share/rotor_tm_msgs/msg/StatusData.msg
[7.606s] -- Up-to-date: /home/swati/Quad_DR/RotorTM/install/rotor_tm_msgs/share/rotor_tm_msgs/msg/TRPYCommand.msg
[7.607s] -- Up-to-date: /home/swati/Quad_DR/RotorTM/install/rotor_tm_msgs/share/rotor_tm_msgs/msg/TrajCommand.msg
[7.607s] -- Installing: /home/swati/Quad_DR/RotorTM/install/rotor_tm_msgs/share/rotor_tm_msgs/msg/FMNCommand.msg
[7.607s] -- Up-to-date: /home/swati/Quad_DR/RotorTM/install/rotor_tm_msgs/share/rotor_tm_msgs/srv/Vec4.srv
[7.607s] -- Up-to-date: /home/swati/Quad_DR/RotorTM/install/rotor_tm_msgs/share/rotor_tm_msgs/srv/Vec4_Request.msg
[7.607s] -- Up-to-date: /home/swati/Quad_DR/RotorTM/install/rotor_tm_msgs/share/rotor_tm_msgs/srv/Vec4_Response.msg
[7.607s] -- Up-to-date: /home/swati/Quad_DR/RotorTM/install/rotor_tm_msgs/share/rotor_tm_msgs/srv/Circle.srv
[7.607s] -- Up-to-date: /home/swati/Quad_DR/RotorTM/install/rotor_tm_msgs/share/rotor_tm_msgs/srv/Circle_Request.msg
[7.607s] -- Up-to-date: /home/swati/Quad_DR/RotorTM/install/rotor_tm_msgs/share/rotor_tm_msgs/srv/Circle_Response.msg
[7.607s] -- Up-to-date: /home/swati/Quad_DR/RotorTM/install/rotor_tm_msgs/share/rotor_tm_msgs/srv/CircleWithRotation.srv
[7.607s] -- Up-to-date: /home/swati/Quad_DR/RotorTM/install/rotor_tm_msgs/share/rotor_tm_msgs/srv/CircleWithRotation_Request.msg
[7.607s] -- Up-to-date: /home/swati/Quad_DR/RotorTM/install/rotor_tm_msgs/share/rotor_tm_msgs/srv/CircleWithRotation_Response.msg
[7.607s] -- Up-to-date: /home/swati/Quad_DR/RotorTM/install/rotor_tm_msgs/share/rotor_tm_msgs/srv/Line.srv
[7.607s] -- Up-to-date: /home/swati/Quad_DR/RotorTM/install/rotor_tm_msgs/share/rotor_tm_msgs/srv/Line_Request.msg
[7.608s] -- Up-to-date: /home/swati/Quad_DR/RotorTM/install/rotor_tm_msgs/share/rotor_tm_msgs/srv/Line_Response.msg
[7.608s] -- Up-to-date: /home/swati/Quad_DR/RotorTM/install/rotor_tm_msgs/share/rotor_tm_msgs/srv/CoprStatusCmd.srv
[7.608s] -- Up-to-date: /home/swati/Quad_DR/RotorTM/install/rotor_tm_msgs/share/rotor_tm_msgs/srv/CoprStatusCmd_Request.msg
[7.608s] -- Up-to-date: /home/swati/Quad_DR/RotorTM/install/rotor_tm_msgs/share/rotor_tm_msgs/srv/CoprStatusCmd_Response.msg
[7.608s] -- Up-to-date: /home/swati/Quad_DR/RotorTM/install/rotor_tm_msgs/share/rotor_tm_msgs/srv/StepPose.srv
[7.608s] -- Up-to-date: /home/swati/Quad_DR/RotorTM/install/rotor_tm_msgs/share/rotor_tm_msgs/srv/StepPose_Request.msg
[7.608s] -- Up-to-date: /home/swati/Quad_DR/RotorTM/install/rotor_tm_msgs/share/rotor_tm_msgs/srv/StepPose_Response.msg
[7.608s] -- Up-to-date: /home/swati/Quad_DR/RotorTM/install/rotor_tm_msgs/share/ament_index/resource_index/package_run_dependencies/rotor_tm_msgs
[7.608s] -- Up-to-date: /home/swati/Quad_DR/RotorTM/install/rotor_tm_msgs/share/ament_index/resource_index/parent_prefix_path/rotor_tm_msgs
[7.608s] -- Up-to-date: /home/swati/Quad_DR/RotorTM/install/rotor_tm_msgs/share/rotor_tm_msgs/environment/ament_prefix_path.sh
[7.608s] -- Installing: /home/swati/Quad_DR/RotorTM/install/rotor_tm_msgs/share/rotor_tm_msgs/environment/ament_prefix_path.dsv
[7.609s] -- Up-to-date: /home/swati/Quad_DR/RotorTM/install/rotor_tm_msgs/share/rotor_tm_msgs/environment/path.sh
[7.609s] -- Installing: /home/swati/Quad_DR/RotorTM/install/rotor_tm_msgs/share/rotor_tm_msgs/environment/path.dsv
[7.609s] -- Up-to-date: /home/swati/Quad_DR/RotorTM/install/rotor_tm_msgs/share/rotor_tm_msgs/local_setup.bash
[7.609s] -- Up-to-date: /home/swati/Quad_DR/RotorTM/install/rotor_tm_msgs/share/rotor_tm_msgs/local_setup.sh
[7.609s] -- Up-to-date: /home/swati/Quad_DR/RotorTM/install/rotor_tm_msgs/share/rotor_tm_msgs/local_setup.zsh
[7.609s] -- Installing: /home/swati/Quad_DR/RotorTM/install/rotor_tm_msgs/share/rotor_tm_msgs/local_setup.dsv
[7.609s] -- Installing: /home/swati/Quad_DR/RotorTM/install/rotor_tm_msgs/share/rotor_tm_msgs/package.dsv
[7.609s] -- Up-to-date: /home/swati/Quad_DR/RotorTM/install/rotor_tm_msgs/share/ament_index/resource_index/packages/rotor_tm_msgs
[7.609s] -- Up-to-date: /home/swati/Quad_DR/RotorTM/install/rotor_tm_msgs/share/rotor_tm_msgs/cmake/export_rotor_tm_msgs__rosidl_generator_cExport.cmake
[7.610s] -- Up-to-date: /home/swati/Quad_DR/RotorTM/install/rotor_tm_msgs/share/rotor_tm_msgs/cmake/export_rotor_tm_msgs__rosidl_generator_cExport-noconfig.cmake
[7.610s] -- Up-to-date: /home/swati/Quad_DR/RotorTM/install/rotor_tm_msgs/share/rotor_tm_msgs/cmake/export_rotor_tm_msgs__rosidl_typesupport_fastrtps_cExport.cmake
[7.611s] -- Up-to-date: /home/swati/Quad_DR/RotorTM/install/rotor_tm_msgs/share/rotor_tm_msgs/cmake/export_rotor_tm_msgs__rosidl_typesupport_fastrtps_cExport-noconfig.cmake
[7.611s] -- Up-to-date: /home/swati/Quad_DR/RotorTM/install/rotor_tm_msgs/share/rotor_tm_msgs/cmake/rotor_tm_msgs__rosidl_typesupport_introspection_cExport.cmake
[7.611s] -- Up-to-date: /home/swati/Quad_DR/RotorTM/install/rotor_tm_msgs/share/rotor_tm_msgs/cmake/rotor_tm_msgs__rosidl_typesupport_introspection_cExport-noconfig.cmake
[7.611s] -- Up-to-date: /home/swati/Quad_DR/RotorTM/install/rotor_tm_msgs/share/rotor_tm_msgs/cmake/rotor_tm_msgs__rosidl_typesupport_cExport.cmake
[7.611s] -- Up-to-date: /home/swati/Quad_DR/RotorTM/install/rotor_tm_msgs/share/rotor_tm_msgs/cmake/rotor_tm_msgs__rosidl_typesupport_cExport-noconfig.cmake
[7.611s] -- Up-to-date: /home/swati/Quad_DR/RotorTM/install/rotor_tm_msgs/share/rotor_tm_msgs/cmake/export_rotor_tm_msgs__rosidl_generator_cppExport.cmake
[7.611s] -- Up-to-date: /home/swati/Quad_DR/RotorTM/install/rotor_tm_msgs/share/rotor_tm_msgs/cmake/export_rotor_tm_msgs__rosidl_typesupport_fastrtps_cppExport.cmake
[7.611s] -- Up-to-date: /home/swati/Quad_DR/RotorTM/install/rotor_tm_msgs/share/rotor_tm_msgs/cmake/export_rotor_tm_msgs__rosidl_typesupport_fastrtps_cppExport-noconfig.cmake
[7.611s] -- Up-to-date: /home/swati/Quad_DR/RotorTM/install/rotor_tm_msgs/share/rotor_tm_msgs/cmake/rotor_tm_msgs__rosidl_typesupport_introspection_cppExport.cmake
[7.611s] -- Up-to-date: /home/swati/Quad_DR/RotorTM/install/rotor_tm_msgs/share/rotor_tm_msgs/cmake/rotor_tm_msgs__rosidl_typesupport_introspection_cppExport-noconfig.cmake
[7.612s] -- Up-to-date: /home/swati/Quad_DR/RotorTM/install/rotor_tm_msgs/share/rotor_tm_msgs/cmake/rotor_tm_msgs__rosidl_typesupport_cppExport.cmake
[7.612s] -- Up-to-date: /home/swati/Quad_DR/RotorTM/install/rotor_tm_msgs/share/rotor_tm_msgs/cmake/rotor_tm_msgs__rosidl_typesupport_cppExport-noconfig.cmake
[7.612s] -- Up-to-date: /home/swati/Quad_DR/RotorTM/install/rotor_tm_msgs/share/rotor_tm_msgs/cmake/export_rotor_tm_msgs__rosidl_generator_pyExport.cmake
[7.612s] -- Up-to-date: /home/swati/Quad_DR/RotorTM/install/rotor_tm_msgs/share/rotor_tm_msgs/cmake/export_rotor_tm_msgs__rosidl_generator_pyExport-noconfig.cmake
[7.612s] -- Up-to-date: /home/swati/Quad_DR/RotorTM/install/rotor_tm_msgs/share/rotor_tm_msgs/cmake/rosidl_cmake-extras.cmake
[7.612s] -- Up-to-date: /home/swati/Quad_DR/RotorTM/install/rotor_tm_msgs/share/rotor_tm_msgs/cmake/ament_cmake_export_dependencies-extras.cmake
[7.612s] -- Up-to-date: /home/swati/Quad_DR/RotorTM/install/rotor_tm_msgs/share/rotor_tm_msgs/cmake/ament_cmake_export_include_directories-extras.cmake
[7.612s] -- Up-to-date: /home/swati/Quad_DR/RotorTM/install/rotor_tm_msgs/share/rotor_tm_msgs/cmake/ament_cmake_export_libraries-extras.cmake
[7.612s] -- Up-to-date: /home/swati/Quad_DR/RotorTM/install/rotor_tm_msgs/share/rotor_tm_msgs/cmake/ament_cmake_export_targets-extras.cmake
[7.612s] -- Up-to-date: /home/swati/Quad_DR/RotorTM/install/rotor_tm_msgs/share/rotor_tm_msgs/cmake/rosidl_cmake_export_typesupport_targets-extras.cmake
[7.613s] -- Up-to-date: /home/swati/Quad_DR/RotorTM/install/rotor_tm_msgs/share/rotor_tm_msgs/cmake/rosidl_cmake_export_typesupport_libraries-extras.cmake
[7.613s] -- Up-to-date: /home/swati/Quad_DR/RotorTM/install/rotor_tm_msgs/share/rotor_tm_msgs/cmake/rotor_tm_msgsConfig.cmake
[7.613s] -- Up-to-date: /home/swati/Quad_DR/RotorTM/install/rotor_tm_msgs/share/rotor_tm_msgs/cmake/rotor_tm_msgsConfig-version.cmake
[7.613s] -- Up-to-date: /home/swati/Quad_DR/RotorTM/install/rotor_tm_msgs/share/rotor_tm_msgs/package.xml
[7.613s] Invoked command in '/home/swati/Quad_DR/RotorTM/build/rotor_tm_msgs' returned '0': CMAKE_PREFIX_PATH=${CMAKE_PREFIX_PATH}:/home/swati/Quad_DR/RotorTM/install/rotor_tm_sim:/home/swati/Quad_DR/RotorTM/install/rotor_tm_control:/home/swati/Quad_DR/RotorTM/install/rotor_tm_utils:/home/swati/Quad_DR/RotorTM/install/rotor_tm_traj:/home/swati/Quad_DR/RotorTM/install/rotor_tm_keyboard2wrench:/home/swati/Quad_DR/RotorTM/install/rotor_tm_config:/home/swati/Quad_DR/RotorTM/install/payload_control:/opt/ros/humble /opt/cmake-3.28.3-linux-x86_64/bin/cmake --install /home/swati/Quad_DR/RotorTM/build/rotor_tm_msgs
