[0.009s] Invoking command in '/home/dhruv/RotorTM/build/rotor_tm_plcontrol': AMENT_PREFIX_PATH=/home/dhruv/RotorTM/install/rotor_tm_msgs:${AMENT_PREFIX_PATH} CMAKE_PREFIX_PATH=/home/dhruv/RotorTM/install/rotor_tm_msgs:/home/dhruv/rbe500-ros/install/open_manipulator:/home/dhruv/rbe500-ros/install/open_manipulator_x_controller:/home/dhruv/rbe500-ros/install/open_manipulator_x_libs:/home/dhruv/rbe500-ros/install/robotis_manipulator:/home/dhruv/rbe500-ros/install/rbe500-example:/home/dhruv/rbe500-ros/install/open_manipulator_x_description:/home/dhruv/rbe500-ros/install/open_manipulator_msgs:/home/dhruv/rbe500-ros/install/dynamixel_workbench:/home/dhruv/rbe500-ros/install/dynamixel_workbench_toolbox:/home/dhruv/rbe500-ros/install/dynamixel_sdk_examples:/home/dhruv/rbe500-ros/install/dynamixel_sdk_custom_interfaces:/home/dhruv/rbe500-ros/install/dynamixel_sdk:/home/dhruv/rbe500-ros/install/custom_interfaces:/home/dhruv/rbe500-ros/install/cmake_modules:/home/dhruv/rbe500-ros/install/rbe500_example_py:/home/dhruv/rbe500-ros/install/grp_assn_2:/home/dhruv/rbe500-ros/install/grp_assn_1:/home/dhruv/rbe500-ros/install/grp_assn_3:/opt/ros/humble CONDA_PROMPT_MODIFIER=(base) LD_LIBRARY_PATH=/home/dhruv/RotorTM/install/rotor_tm_msgs/lib:${LD_LIBRARY_PATH} PYTHONPATH=/home/dhruv/RotorTM/install/rotor_tm_msgs/local/lib/python3.10/dist-packages:${PYTHONPATH} /usr/bin/cmake --build /home/dhruv/RotorTM/build/rotor_tm_plcontrol -- -j32 -l32
[0.062s] [ 66%] Built target pl_nmpc_shared_lib
[0.090s] [100%] Built target pl_nmpc_node
[0.100s] Invoked command in '/home/dhruv/RotorTM/build/rotor_tm_plcontrol' returned '0': AMENT_PREFIX_PATH=/home/dhruv/RotorTM/install/rotor_tm_msgs:${AMENT_PREFIX_PATH} CMAKE_PREFIX_PATH=/home/dhruv/RotorTM/install/rotor_tm_msgs:/home/dhruv/rbe500-ros/install/open_manipulator:/home/dhruv/rbe500-ros/install/open_manipulator_x_controller:/home/dhruv/rbe500-ros/install/open_manipulator_x_libs:/home/dhruv/rbe500-ros/install/robotis_manipulator:/home/dhruv/rbe500-ros/install/rbe500-example:/home/dhruv/rbe500-ros/install/open_manipulator_x_description:/home/dhruv/rbe500-ros/install/open_manipulator_msgs:/home/dhruv/rbe500-ros/install/dynamixel_workbench:/home/dhruv/rbe500-ros/install/dynamixel_workbench_toolbox:/home/dhruv/rbe500-ros/install/dynamixel_sdk_examples:/home/dhruv/rbe500-ros/install/dynamixel_sdk_custom_interfaces:/home/dhruv/rbe500-ros/install/dynamixel_sdk:/home/dhruv/rbe500-ros/install/custom_interfaces:/home/dhruv/rbe500-ros/install/cmake_modules:/home/dhruv/rbe500-ros/install/rbe500_example_py:/home/dhruv/rbe500-ros/install/grp_assn_2:/home/dhruv/rbe500-ros/install/grp_assn_1:/home/dhruv/rbe500-ros/install/grp_assn_3:/opt/ros/humble CONDA_PROMPT_MODIFIER=(base) LD_LIBRARY_PATH=/home/dhruv/RotorTM/install/rotor_tm_msgs/lib:${LD_LIBRARY_PATH} PYTHONPATH=/home/dhruv/RotorTM/install/rotor_tm_msgs/local/lib/python3.10/dist-packages:${PYTHONPATH} /usr/bin/cmake --build /home/dhruv/RotorTM/build/rotor_tm_plcontrol -- -j32 -l32
[0.101s] Invoking command in '/home/dhruv/RotorTM/build/rotor_tm_plcontrol': AMENT_PREFIX_PATH=/home/dhruv/RotorTM/install/rotor_tm_msgs:${AMENT_PREFIX_PATH} CMAKE_PREFIX_PATH=/home/dhruv/RotorTM/install/rotor_tm_msgs:/home/dhruv/rbe500-ros/install/open_manipulator:/home/dhruv/rbe500-ros/install/open_manipulator_x_controller:/home/dhruv/rbe500-ros/install/open_manipulator_x_libs:/home/dhruv/rbe500-ros/install/robotis_manipulator:/home/dhruv/rbe500-ros/install/rbe500-example:/home/dhruv/rbe500-ros/install/open_manipulator_x_description:/home/dhruv/rbe500-ros/install/open_manipulator_msgs:/home/dhruv/rbe500-ros/install/dynamixel_workbench:/home/dhruv/rbe500-ros/install/dynamixel_workbench_toolbox:/home/dhruv/rbe500-ros/install/dynamixel_sdk_examples:/home/dhruv/rbe500-ros/install/dynamixel_sdk_custom_interfaces:/home/dhruv/rbe500-ros/install/dynamixel_sdk:/home/dhruv/rbe500-ros/install/custom_interfaces:/home/dhruv/rbe500-ros/install/cmake_modules:/home/dhruv/rbe500-ros/install/rbe500_example_py:/home/dhruv/rbe500-ros/install/grp_assn_2:/home/dhruv/rbe500-ros/install/grp_assn_1:/home/dhruv/rbe500-ros/install/grp_assn_3:/opt/ros/humble CONDA_PROMPT_MODIFIER=(base) LD_LIBRARY_PATH=/home/dhruv/RotorTM/install/rotor_tm_msgs/lib:${LD_LIBRARY_PATH} PYTHONPATH=/home/dhruv/RotorTM/install/rotor_tm_msgs/local/lib/python3.10/dist-packages:${PYTHONPATH} /usr/bin/cmake --install /home/dhruv/RotorTM/build/rotor_tm_plcontrol
[0.107s] -- Install configuration: ""
[0.107s] -- Execute custom install script
[0.107s] -- Up-to-date symlink: /home/dhruv/RotorTM/install/rotor_tm_plcontrol/lib/libacados_ocp_solver_payload_model.so
[0.108s] -- Up-to-date symlink: /home/dhruv/RotorTM/install/rotor_tm_plcontrol/share/rotor_tm_plcontrol/environment/library_path.sh
[0.108s] -- Up-to-date symlink: /home/dhruv/RotorTM/install/rotor_tm_plcontrol/share/rotor_tm_plcontrol/environment/library_path.dsv
[0.108s] -- Up-to-date symlink: /home/dhruv/RotorTM/install/rotor_tm_plcontrol/lib/rotor_tm_plcontrol/pl_nmpc_node
[0.108s] -- Up-to-date symlink: /home/dhruv/RotorTM/install/rotor_tm_plcontrol/lib/libpl_nmpc_shared_lib.so
[0.108s] -- Up-to-date symlink: /home/dhruv/RotorTM/install/rotor_tm_plcontrol/include//rotor_tm_plcontrol/acados_solver_payload_model.h
[0.108s] -- Up-to-date symlink: /home/dhruv/RotorTM/install/rotor_tm_plcontrol/include//rotor_tm_plcontrol/nmpc_control.h
[0.108s] -- Up-to-date symlink: /home/dhruv/RotorTM/install/rotor_tm_plcontrol/include//rotor_tm_plcontrol/payload_model_model.h
[0.108s] -- Up-to-date symlink: /home/dhruv/RotorTM/install/rotor_tm_plcontrol/include//rotor_tm_plcontrol/wrapper.h
[0.108s] -- Up-to-date symlink: /home/dhruv/RotorTM/install/rotor_tm_plcontrol/share/ament_index/resource_index/package_run_dependencies/rotor_tm_plcontrol
[0.108s] -- Up-to-date symlink: /home/dhruv/RotorTM/install/rotor_tm_plcontrol/share/ament_index/resource_index/parent_prefix_path/rotor_tm_plcontrol
[0.108s] -- Up-to-date symlink: /home/dhruv/RotorTM/install/rotor_tm_plcontrol/share/rotor_tm_plcontrol/environment/ament_prefix_path.sh
[0.108s] -- Up-to-date symlink: /home/dhruv/RotorTM/install/rotor_tm_plcontrol/share/rotor_tm_plcontrol/environment/ament_prefix_path.dsv
[0.108s] -- Up-to-date symlink: /home/dhruv/RotorTM/install/rotor_tm_plcontrol/share/rotor_tm_plcontrol/environment/path.sh
[0.109s] -- Up-to-date symlink: /home/dhruv/RotorTM/install/rotor_tm_plcontrol/share/rotor_tm_plcontrol/environment/path.dsv
[0.109s] -- Up-to-date symlink: /home/dhruv/RotorTM/install/rotor_tm_plcontrol/share/rotor_tm_plcontrol/local_setup.bash
[0.109s] -- Up-to-date symlink: /home/dhruv/RotorTM/install/rotor_tm_plcontrol/share/rotor_tm_plcontrol/local_setup.sh
[0.109s] -- Up-to-date symlink: /home/dhruv/RotorTM/install/rotor_tm_plcontrol/share/rotor_tm_plcontrol/local_setup.zsh
[0.109s] -- Up-to-date symlink: /home/dhruv/RotorTM/install/rotor_tm_plcontrol/share/rotor_tm_plcontrol/local_setup.dsv
[0.109s] -- Symlinking: /home/dhruv/RotorTM/install/rotor_tm_plcontrol/share/rotor_tm_plcontrol/package.dsv
[0.117s] -- Up-to-date symlink: /home/dhruv/RotorTM/install/rotor_tm_plcontrol/share/ament_index/resource_index/packages/rotor_tm_plcontrol
[0.117s] -- Up-to-date symlink: /home/dhruv/RotorTM/install/rotor_tm_plcontrol/share/rotor_tm_plcontrol/cmake/ament_cmake_export_libraries-extras.cmake
[0.117s] -- Up-to-date symlink: /home/dhruv/RotorTM/install/rotor_tm_plcontrol/share/rotor_tm_plcontrol/cmake/ament_cmake_export_dependencies-extras.cmake
[0.117s] -- Up-to-date symlink: /home/dhruv/RotorTM/install/rotor_tm_plcontrol/share/rotor_tm_plcontrol/cmake/rotor_tm_plcontrolConfig.cmake
[0.117s] -- Up-to-date symlink: /home/dhruv/RotorTM/install/rotor_tm_plcontrol/share/rotor_tm_plcontrol/cmake/rotor_tm_plcontrolConfig-version.cmake
[0.117s] -- Up-to-date symlink: /home/dhruv/RotorTM/install/rotor_tm_plcontrol/share/rotor_tm_plcontrol/package.xml
[0.119s] Invoked command in '/home/dhruv/RotorTM/build/rotor_tm_plcontrol' returned '0': AMENT_PREFIX_PATH=/home/dhruv/RotorTM/install/rotor_tm_msgs:${AMENT_PREFIX_PATH} CMAKE_PREFIX_PATH=/home/dhruv/RotorTM/install/rotor_tm_msgs:/home/dhruv/rbe500-ros/install/open_manipulator:/home/dhruv/rbe500-ros/install/open_manipulator_x_controller:/home/dhruv/rbe500-ros/install/open_manipulator_x_libs:/home/dhruv/rbe500-ros/install/robotis_manipulator:/home/dhruv/rbe500-ros/install/rbe500-example:/home/dhruv/rbe500-ros/install/open_manipulator_x_description:/home/dhruv/rbe500-ros/install/open_manipulator_msgs:/home/dhruv/rbe500-ros/install/dynamixel_workbench:/home/dhruv/rbe500-ros/install/dynamixel_workbench_toolbox:/home/dhruv/rbe500-ros/install/dynamixel_sdk_examples:/home/dhruv/rbe500-ros/install/dynamixel_sdk_custom_interfaces:/home/dhruv/rbe500-ros/install/dynamixel_sdk:/home/dhruv/rbe500-ros/install/custom_interfaces:/home/dhruv/rbe500-ros/install/cmake_modules:/home/dhruv/rbe500-ros/install/rbe500_example_py:/home/dhruv/rbe500-ros/install/grp_assn_2:/home/dhruv/rbe500-ros/install/grp_assn_1:/home/dhruv/rbe500-ros/install/grp_assn_3:/opt/ros/humble CONDA_PROMPT_MODIFIER=(base) LD_LIBRARY_PATH=/home/dhruv/RotorTM/install/rotor_tm_msgs/lib:${LD_LIBRARY_PATH} PYTHONPATH=/home/dhruv/RotorTM/install/rotor_tm_msgs/local/lib/python3.10/dist-packages:${PYTHONPATH} /usr/bin/cmake --install /home/dhruv/RotorTM/build/rotor_tm_plcontrol
