running develop
Removing /home/dhruv/RotorTM/install/rotor_tm_utils/lib/python3.10/site-packages/rotor-tm-utils.egg-link (link to .)
running egg_info
writing ../../build/rotor_tm_utils/rotor_tm_utils.egg-info/PKG-INFO
writing dependency_links to ../../build/rotor_tm_utils/rotor_tm_utils.egg-info/dependency_links.txt
writing entry points to ../../build/rotor_tm_utils/rotor_tm_utils.egg-info/entry_points.txt
writing requirements to ../../build/rotor_tm_utils/rotor_tm_utils.egg-info/requires.txt
writing top-level names to ../../build/rotor_tm_utils/rotor_tm_utils.egg-info/top_level.txt
reading manifest file '../../build/rotor_tm_utils/rotor_tm_utils.egg-info/SOURCES.txt'
adding license file 'LICENSE'
writing manifest file '../../build/rotor_tm_utils/rotor_tm_utils.egg-info/SOURCES.txt'
running build
running build_py
creating /home/dhruv/RotorTM/build/rotor_tm_utils/build
creating /home/dhruv/RotorTM/build/rotor_tm_utils/build/lib
creating /home/dhruv/RotorTM/build/rotor_tm_utils/build/lib/rotor_tm_utils
copying rotor_tm_utils/QuatToRot.py -> /home/dhruv/RotorTM/build/rotor_tm_utils/build/lib/rotor_tm_utils
copying rotor_tm_utils/__init__.py -> /home/dhruv/RotorTM/build/rotor_tm_utils/build/lib/rotor_tm_utils
copying rotor_tm_utils/RPYtoRot_ZXY.py -> /home/dhruv/RotorTM/build/rotor_tm_utils/build/lib/rotor_tm_utils
copying rotor_tm_utils/vec2asym.py -> /home/dhruv/RotorTM/build/rotor_tm_utils/build/lib/rotor_tm_utils
copying rotor_tm_utils/vee.py -> /home/dhruv/RotorTM/build/rotor_tm_utils/build/lib/rotor_tm_utils
copying rotor_tm_utils/QuatToYPR.py -> /home/dhruv/RotorTM/build/rotor_tm_utils/build/lib/rotor_tm_utils
copying rotor_tm_utils/read_params.py -> /home/dhruv/RotorTM/build/rotor_tm_utils/build/lib/rotor_tm_utils
copying rotor_tm_utils/RotToRPY_ZXY.py -> /home/dhruv/RotorTM/build/rotor_tm_utils/build/lib/rotor_tm_utils
copying rotor_tm_utils/rosutilslib.py -> /home/dhruv/RotorTM/build/rotor_tm_utils/build/lib/rotor_tm_utils
copying rotor_tm_utils/utilslib.py -> /home/dhruv/RotorTM/build/rotor_tm_utils/build/lib/rotor_tm_utils
copying rotor_tm_utils/CaQuatToRot .py -> /home/dhruv/RotorTM/build/rotor_tm_utils/build/lib/rotor_tm_utils
running install
running install_lib
creating /home/dhruv/RotorTM/install/rotor_tm_utils/lib/python3.10/site-packages/rotor_tm_utils
copying /home/dhruv/RotorTM/build/rotor_tm_utils/build/lib/rotor_tm_utils/QuatToRot.py -> /home/dhruv/RotorTM/install/rotor_tm_utils/lib/python3.10/site-packages/rotor_tm_utils
copying /home/dhruv/RotorTM/build/rotor_tm_utils/build/lib/rotor_tm_utils/__init__.py -> /home/dhruv/RotorTM/install/rotor_tm_utils/lib/python3.10/site-packages/rotor_tm_utils
copying /home/dhruv/RotorTM/build/rotor_tm_utils/build/lib/rotor_tm_utils/RPYtoRot_ZXY.py -> /home/dhruv/RotorTM/install/rotor_tm_utils/lib/python3.10/site-packages/rotor_tm_utils
copying /home/dhruv/RotorTM/build/rotor_tm_utils/build/lib/rotor_tm_utils/vec2asym.py -> /home/dhruv/RotorTM/install/rotor_tm_utils/lib/python3.10/site-packages/rotor_tm_utils
copying /home/dhruv/RotorTM/build/rotor_tm_utils/build/lib/rotor_tm_utils/vee.py -> /home/dhruv/RotorTM/install/rotor_tm_utils/lib/python3.10/site-packages/rotor_tm_utils
copying /home/dhruv/RotorTM/build/rotor_tm_utils/build/lib/rotor_tm_utils/QuatToYPR.py -> /home/dhruv/RotorTM/install/rotor_tm_utils/lib/python3.10/site-packages/rotor_tm_utils
copying /home/dhruv/RotorTM/build/rotor_tm_utils/build/lib/rotor_tm_utils/read_params.py -> /home/dhruv/RotorTM/install/rotor_tm_utils/lib/python3.10/site-packages/rotor_tm_utils
copying /home/dhruv/RotorTM/build/rotor_tm_utils/build/lib/rotor_tm_utils/RotToRPY_ZXY.py -> /home/dhruv/RotorTM/install/rotor_tm_utils/lib/python3.10/site-packages/rotor_tm_utils
copying /home/dhruv/RotorTM/build/rotor_tm_utils/build/lib/rotor_tm_utils/rosutilslib.py -> /home/dhruv/RotorTM/install/rotor_tm_utils/lib/python3.10/site-packages/rotor_tm_utils
copying /home/dhruv/RotorTM/build/rotor_tm_utils/build/lib/rotor_tm_utils/utilslib.py -> /home/dhruv/RotorTM/install/rotor_tm_utils/lib/python3.10/site-packages/rotor_tm_utils
copying /home/dhruv/RotorTM/build/rotor_tm_utils/build/lib/rotor_tm_utils/CaQuatToRot .py -> /home/dhruv/RotorTM/install/rotor_tm_utils/lib/python3.10/site-packages/rotor_tm_utils
byte-compiling /home/dhruv/RotorTM/install/rotor_tm_utils/lib/python3.10/site-packages/rotor_tm_utils/QuatToRot.py to QuatToRot.cpython-310.pyc
byte-compiling /home/dhruv/RotorTM/install/rotor_tm_utils/lib/python3.10/site-packages/rotor_tm_utils/__init__.py to __init__.cpython-310.pyc
byte-compiling /home/dhruv/RotorTM/install/rotor_tm_utils/lib/python3.10/site-packages/rotor_tm_utils/RPYtoRot_ZXY.py to RPYtoRot_ZXY.cpython-310.pyc
byte-compiling /home/dhruv/RotorTM/install/rotor_tm_utils/lib/python3.10/site-packages/rotor_tm_utils/vec2asym.py to vec2asym.cpython-310.pyc
byte-compiling /home/dhruv/RotorTM/install/rotor_tm_utils/lib/python3.10/site-packages/rotor_tm_utils/vee.py to vee.cpython-310.pyc
byte-compiling /home/dhruv/RotorTM/install/rotor_tm_utils/lib/python3.10/site-packages/rotor_tm_utils/QuatToYPR.py to QuatToYPR.cpython-310.pyc
byte-compiling /home/dhruv/RotorTM/install/rotor_tm_utils/lib/python3.10/site-packages/rotor_tm_utils/read_params.py to read_params.cpython-310.pyc
byte-compiling /home/dhruv/RotorTM/install/rotor_tm_utils/lib/python3.10/site-packages/rotor_tm_utils/RotToRPY_ZXY.py to RotToRPY_ZXY.cpython-310.pyc
byte-compiling /home/dhruv/RotorTM/install/rotor_tm_utils/lib/python3.10/site-packages/rotor_tm_utils/rosutilslib.py to rosutilslib.cpython-310.pyc
byte-compiling /home/dhruv/RotorTM/install/rotor_tm_utils/lib/python3.10/site-packages/rotor_tm_utils/utilslib.py to utilslib.cpython-310.pyc
byte-compiling /home/dhruv/RotorTM/install/rotor_tm_utils/lib/python3.10/site-packages/rotor_tm_utils/CaQuatToRot .py to CaQuatToRot .cpython-310.pyc
running install_data
copying resource/rotor_tm_utils -> /home/dhruv/RotorTM/install/rotor_tm_utils/share/ament_index/resource_index/packages
copying package.xml -> /home/dhruv/RotorTM/install/rotor_tm_utils/share/rotor_tm_utils
running install_egg_info
Copying ../../build/rotor_tm_utils/rotor_tm_utils.egg-info to /home/dhruv/RotorTM/install/rotor_tm_utils/lib/python3.10/site-packages/rotor_tm_utils-0.0.0-py3.10.egg-info
running install_scripts
writing list of installed files to '/home/dhruv/RotorTM/build/rotor_tm_utils/install.log'
