[1.143s] Invoking command in '/home/dhruv/RotorTM/build/rotor_tm_utils': PYTHONPATH=/home/dhruv/RotorTM/build/rotor_tm_utils/prefix_override:/usr/lib/python3/dist-packages/colcon_core/task/python/colcon_distutils_commands:/home/dhruv/RotorTM/install/rotor_tm_utils/lib/python3.10/site-packages:${PYTHONPATH} /usr/bin/python3 -W ignore:setup.py install is deprecated -W ignore:easy_install command is deprecated setup.py develop --uninstall --editable --build-directory /home/dhruv/RotorTM/build/rotor_tm_utils/build
[1.330s] running develop
[1.446s] Removing /home/dhruv/RotorTM/install/rotor_tm_utils/lib/python3.10/site-packages/rotor-tm-utils.egg-link (link to .)
[1.476s] Invoked command in '/home/dhruv/RotorTM/build/rotor_tm_utils' returned '0': PYTHONPATH=/home/dhruv/RotorTM/build/rotor_tm_utils/prefix_override:/usr/lib/python3/dist-packages/colcon_core/task/python/colcon_distutils_commands:/home/dhruv/RotorTM/install/rotor_tm_utils/lib/python3.10/site-packages:${PYTHONPATH} /usr/bin/python3 -W ignore:setup.py install is deprecated -W ignore:easy_install command is deprecated setup.py develop --uninstall --editable --build-directory /home/dhruv/RotorTM/build/rotor_tm_utils/build
[1.477s] Invoking command in '/home/dhruv/RotorTM/src/rotor_tm_utils': PYTHONPATH=/home/dhruv/RotorTM/build/rotor_tm_utils/prefix_override:/usr/lib/python3/dist-packages/colcon_core/task/python/colcon_distutils_commands:/home/dhruv/RotorTM/install/rotor_tm_utils/lib/python3.10/site-packages:${PYTHONPATH} /usr/bin/python3 -W ignore:setup.py install is deprecated -W ignore:easy_install command is deprecated setup.py egg_info --egg-base ../../build/rotor_tm_utils build --build-base /home/dhruv/RotorTM/build/rotor_tm_utils/build install --record /home/dhruv/RotorTM/build/rotor_tm_utils/install.log --single-version-externally-managed install_data --force
[1.650s] running egg_info
[1.650s] writing ../../build/rotor_tm_utils/rotor_tm_utils.egg-info/PKG-INFO
[1.651s] writing dependency_links to ../../build/rotor_tm_utils/rotor_tm_utils.egg-info/dependency_links.txt
[1.651s] writing entry points to ../../build/rotor_tm_utils/rotor_tm_utils.egg-info/entry_points.txt
[1.651s] writing requirements to ../../build/rotor_tm_utils/rotor_tm_utils.egg-info/requires.txt
[1.651s] writing top-level names to ../../build/rotor_tm_utils/rotor_tm_utils.egg-info/top_level.txt
[1.652s] reading manifest file '../../build/rotor_tm_utils/rotor_tm_utils.egg-info/SOURCES.txt'
[1.652s] adding license file 'LICENSE'
[1.652s] writing manifest file '../../build/rotor_tm_utils/rotor_tm_utils.egg-info/SOURCES.txt'
[1.652s] running build
[1.653s] running build_py
[1.653s] creating /home/dhruv/RotorTM/build/rotor_tm_utils/build
[1.653s] creating /home/dhruv/RotorTM/build/rotor_tm_utils/build/lib
[1.653s] creating /home/dhruv/RotorTM/build/rotor_tm_utils/build/lib/rotor_tm_utils
[1.653s] copying rotor_tm_utils/QuatToRot.py -> /home/dhruv/RotorTM/build/rotor_tm_utils/build/lib/rotor_tm_utils
[1.653s] copying rotor_tm_utils/__init__.py -> /home/dhruv/RotorTM/build/rotor_tm_utils/build/lib/rotor_tm_utils
[1.653s] copying rotor_tm_utils/RPYtoRot_ZXY.py -> /home/dhruv/RotorTM/build/rotor_tm_utils/build/lib/rotor_tm_utils
[1.653s] copying rotor_tm_utils/vec2asym.py -> /home/dhruv/RotorTM/build/rotor_tm_utils/build/lib/rotor_tm_utils
[1.654s] copying rotor_tm_utils/vee.py -> /home/dhruv/RotorTM/build/rotor_tm_utils/build/lib/rotor_tm_utils
[1.654s] copying rotor_tm_utils/QuatToYPR.py -> /home/dhruv/RotorTM/build/rotor_tm_utils/build/lib/rotor_tm_utils
[1.654s] copying rotor_tm_utils/read_params.py -> /home/dhruv/RotorTM/build/rotor_tm_utils/build/lib/rotor_tm_utils
[1.654s] copying rotor_tm_utils/RotToRPY_ZXY.py -> /home/dhruv/RotorTM/build/rotor_tm_utils/build/lib/rotor_tm_utils
[1.654s] copying rotor_tm_utils/rosutilslib.py -> /home/dhruv/RotorTM/build/rotor_tm_utils/build/lib/rotor_tm_utils
[1.654s] copying rotor_tm_utils/utilslib.py -> /home/dhruv/RotorTM/build/rotor_tm_utils/build/lib/rotor_tm_utils
[1.654s] copying rotor_tm_utils/CaQuatToRot .py -> /home/dhruv/RotorTM/build/rotor_tm_utils/build/lib/rotor_tm_utils
[1.654s] running install
[1.654s] running install_lib
[1.656s] creating /home/dhruv/RotorTM/install/rotor_tm_utils/lib/python3.10/site-packages/rotor_tm_utils
[1.656s] copying /home/dhruv/RotorTM/build/rotor_tm_utils/build/lib/rotor_tm_utils/QuatToRot.py -> /home/dhruv/RotorTM/install/rotor_tm_utils/lib/python3.10/site-packages/rotor_tm_utils
[1.656s] copying /home/dhruv/RotorTM/build/rotor_tm_utils/build/lib/rotor_tm_utils/__init__.py -> /home/dhruv/RotorTM/install/rotor_tm_utils/lib/python3.10/site-packages/rotor_tm_utils
[1.656s] copying /home/dhruv/RotorTM/build/rotor_tm_utils/build/lib/rotor_tm_utils/RPYtoRot_ZXY.py -> /home/dhruv/RotorTM/install/rotor_tm_utils/lib/python3.10/site-packages/rotor_tm_utils
[1.656s] copying /home/dhruv/RotorTM/build/rotor_tm_utils/build/lib/rotor_tm_utils/vec2asym.py -> /home/dhruv/RotorTM/install/rotor_tm_utils/lib/python3.10/site-packages/rotor_tm_utils
[1.656s] copying /home/dhruv/RotorTM/build/rotor_tm_utils/build/lib/rotor_tm_utils/vee.py -> /home/dhruv/RotorTM/install/rotor_tm_utils/lib/python3.10/site-packages/rotor_tm_utils
[1.656s] copying /home/dhruv/RotorTM/build/rotor_tm_utils/build/lib/rotor_tm_utils/QuatToYPR.py -> /home/dhruv/RotorTM/install/rotor_tm_utils/lib/python3.10/site-packages/rotor_tm_utils
[1.656s] copying /home/dhruv/RotorTM/build/rotor_tm_utils/build/lib/rotor_tm_utils/read_params.py -> /home/dhruv/RotorTM/install/rotor_tm_utils/lib/python3.10/site-packages/rotor_tm_utils
[1.657s] copying /home/dhruv/RotorTM/build/rotor_tm_utils/build/lib/rotor_tm_utils/RotToRPY_ZXY.py -> /home/dhruv/RotorTM/install/rotor_tm_utils/lib/python3.10/site-packages/rotor_tm_utils
[1.657s] copying /home/dhruv/RotorTM/build/rotor_tm_utils/build/lib/rotor_tm_utils/rosutilslib.py -> /home/dhruv/RotorTM/install/rotor_tm_utils/lib/python3.10/site-packages/rotor_tm_utils
[1.657s] copying /home/dhruv/RotorTM/build/rotor_tm_utils/build/lib/rotor_tm_utils/utilslib.py -> /home/dhruv/RotorTM/install/rotor_tm_utils/lib/python3.10/site-packages/rotor_tm_utils
[1.657s] copying /home/dhruv/RotorTM/build/rotor_tm_utils/build/lib/rotor_tm_utils/CaQuatToRot .py -> /home/dhruv/RotorTM/install/rotor_tm_utils/lib/python3.10/site-packages/rotor_tm_utils
[1.657s] byte-compiling /home/dhruv/RotorTM/install/rotor_tm_utils/lib/python3.10/site-packages/rotor_tm_utils/QuatToRot.py to QuatToRot.cpython-310.pyc
[1.657s] byte-compiling /home/dhruv/RotorTM/install/rotor_tm_utils/lib/python3.10/site-packages/rotor_tm_utils/__init__.py to __init__.cpython-310.pyc
[1.657s] byte-compiling /home/dhruv/RotorTM/install/rotor_tm_utils/lib/python3.10/site-packages/rotor_tm_utils/RPYtoRot_ZXY.py to RPYtoRot_ZXY.cpython-310.pyc
[1.659s] byte-compiling /home/dhruv/RotorTM/install/rotor_tm_utils/lib/python3.10/site-packages/rotor_tm_utils/vec2asym.py to vec2asym.cpython-310.pyc
[1.659s] byte-compiling /home/dhruv/RotorTM/install/rotor_tm_utils/lib/python3.10/site-packages/rotor_tm_utils/vee.py to vee.cpython-310.pyc
[1.659s] byte-compiling /home/dhruv/RotorTM/install/rotor_tm_utils/lib/python3.10/site-packages/rotor_tm_utils/QuatToYPR.py to QuatToYPR.cpython-310.pyc
[1.659s] byte-compiling /home/dhruv/RotorTM/install/rotor_tm_utils/lib/python3.10/site-packages/rotor_tm_utils/read_params.py to read_params.cpython-310.pyc
[1.660s] byte-compiling /home/dhruv/RotorTM/install/rotor_tm_utils/lib/python3.10/site-packages/rotor_tm_utils/RotToRPY_ZXY.py to RotToRPY_ZXY.cpython-310.pyc
[1.661s] byte-compiling /home/dhruv/RotorTM/install/rotor_tm_utils/lib/python3.10/site-packages/rotor_tm_utils/rosutilslib.py to rosutilslib.cpython-310.pyc
[1.661s] byte-compiling /home/dhruv/RotorTM/install/rotor_tm_utils/lib/python3.10/site-packages/rotor_tm_utils/utilslib.py to utilslib.cpython-310.pyc
[1.662s] byte-compiling /home/dhruv/RotorTM/install/rotor_tm_utils/lib/python3.10/site-packages/rotor_tm_utils/CaQuatToRot .py to CaQuatToRot .cpython-310.pyc
[1.662s] running install_data
[1.662s] copying resource/rotor_tm_utils -> /home/dhruv/RotorTM/install/rotor_tm_utils/share/ament_index/resource_index/packages
[1.662s] copying package.xml -> /home/dhruv/RotorTM/install/rotor_tm_utils/share/rotor_tm_utils
[1.663s] running install_egg_info
[1.666s] Copying ../../build/rotor_tm_utils/rotor_tm_utils.egg-info to /home/dhruv/RotorTM/install/rotor_tm_utils/lib/python3.10/site-packages/rotor_tm_utils-0.0.0-py3.10.egg-info
[1.666s] running install_scripts
[1.676s] writing list of installed files to '/home/dhruv/RotorTM/build/rotor_tm_utils/install.log'
[1.695s] Invoked command in '/home/dhruv/RotorTM/src/rotor_tm_utils' returned '0': PYTHONPATH=/home/dhruv/RotorTM/build/rotor_tm_utils/prefix_override:/usr/lib/python3/dist-packages/colcon_core/task/python/colcon_distutils_commands:/home/dhruv/RotorTM/install/rotor_tm_utils/lib/python3.10/site-packages:${PYTHONPATH} /usr/bin/python3 -W ignore:setup.py install is deprecated -W ignore:easy_install command is deprecated setup.py egg_info --egg-base ../../build/rotor_tm_utils build --build-base /home/dhruv/RotorTM/build/rotor_tm_utils/build install --record /home/dhruv/RotorTM/build/rotor_tm_utils/install.log --single-version-externally-managed install_data --force
