running egg_info
creating ../../build/rotor_tm_control/rotor_tm_control.egg-info
writing ../../build/rotor_tm_control/rotor_tm_control.egg-info/PKG-INFO
writing dependency_links to ../../build/rotor_tm_control/rotor_tm_control.egg-info/dependency_links.txt
writing entry points to ../../build/rotor_tm_control/rotor_tm_control.egg-info/entry_points.txt
writing requirements to ../../build/rotor_tm_control/rotor_tm_control.egg-info/requires.txt
writing top-level names to ../../build/rotor_tm_control/rotor_tm_control.egg-info/top_level.txt
writing manifest file '../../build/rotor_tm_control/rotor_tm_control.egg-info/SOURCES.txt'
reading manifest file '../../build/rotor_tm_control/rotor_tm_control.egg-info/SOURCES.txt'
adding license file 'LICENSE'
writing manifest file '../../build/rotor_tm_control/rotor_tm_control.egg-info/SOURCES.txt'
running build
running build_py
creating /home/swati/Quad_DR/ros2_ws/build/rotor_tm_control/build/lib/rotor_tm_control
copying rotor_tm_control/temp.py -> /home/swati/Quad_DR/ros2_ws/build/rotor_tm_control/build/lib/rotor_tm_control
copying rotor_tm_control/controller_node.py -> /home/swati/Quad_DR/ros2_ws/build/rotor_tm_control/build/lib/rotor_tm_control
copying rotor_tm_control/controller.py -> /home/swati/Quad_DR/ros2_ws/build/rotor_tm_control/build/lib/rotor_tm_control
copying rotor_tm_control/__init__.py -> /home/swati/Quad_DR/ros2_ws/build/rotor_tm_control/build/lib/rotor_tm_control
running install
running install_lib
creating /home/swati/Quad_DR/ros2_ws/install/rotor_tm_control/lib/python3.10/site-packages/rotor_tm_control
copying /home/swati/Quad_DR/ros2_ws/build/rotor_tm_control/build/lib/rotor_tm_control/temp.py -> /home/swati/Quad_DR/ros2_ws/install/rotor_tm_control/lib/python3.10/site-packages/rotor_tm_control
copying /home/swati/Quad_DR/ros2_ws/build/rotor_tm_control/build/lib/rotor_tm_control/controller_node.py -> /home/swati/Quad_DR/ros2_ws/install/rotor_tm_control/lib/python3.10/site-packages/rotor_tm_control
copying /home/swati/Quad_DR/ros2_ws/build/rotor_tm_control/build/lib/rotor_tm_control/controller.py -> /home/swati/Quad_DR/ros2_ws/install/rotor_tm_control/lib/python3.10/site-packages/rotor_tm_control
copying /home/swati/Quad_DR/ros2_ws/build/rotor_tm_control/build/lib/rotor_tm_control/__init__.py -> /home/swati/Quad_DR/ros2_ws/install/rotor_tm_control/lib/python3.10/site-packages/rotor_tm_control
byte-compiling /home/swati/Quad_DR/ros2_ws/install/rotor_tm_control/lib/python3.10/site-packages/rotor_tm_control/temp.py to temp.cpython-310.pyc
byte-compiling /home/swati/Quad_DR/ros2_ws/install/rotor_tm_control/lib/python3.10/site-packages/rotor_tm_control/controller_node.py to controller_node.cpython-310.pyc
byte-compiling /home/swati/Quad_DR/ros2_ws/install/rotor_tm_control/lib/python3.10/site-packages/rotor_tm_control/controller.py to controller.cpython-310.pyc
byte-compiling /home/swati/Quad_DR/ros2_ws/install/rotor_tm_control/lib/python3.10/site-packages/rotor_tm_control/__init__.py to __init__.cpython-310.pyc
running install_data
creating /home/swati/Quad_DR/ros2_ws/install/rotor_tm_control/share/ament_index/resource_index/packages
copying resource/rotor_tm_control -> /home/swati/Quad_DR/ros2_ws/install/rotor_tm_control/share/ament_index/resource_index/packages
copying package.xml -> /home/swati/Quad_DR/ros2_ws/install/rotor_tm_control/share/rotor_tm_control
running install_egg_info
Copying ../../build/rotor_tm_control/rotor_tm_control.egg-info to /home/swati/Quad_DR/ros2_ws/install/rotor_tm_control/lib/python3.10/site-packages/rotor_tm_control-0.0.0-py3.10.egg-info
running install_scripts
Installing controller_node script to /home/swati/Quad_DR/ros2_ws/install/rotor_tm_control/lib/rotor_tm_control
writing list of installed files to '/home/swati/Quad_DR/ros2_ws/build/rotor_tm_control/install.log'
