running develop
running egg_info
creating rotor_tm_control.egg-info
writing rotor_tm_control.egg-info/PKG-INFO
writing dependency_links to rotor_tm_control.egg-info/dependency_links.txt
writing entry points to rotor_tm_control.egg-info/entry_points.txt
writing requirements to rotor_tm_control.egg-info/requires.txt
writing top-level names to rotor_tm_control.egg-info/top_level.txt
writing manifest file 'rotor_tm_control.egg-info/SOURCES.txt'
reading manifest file 'rotor_tm_control.egg-info/SOURCES.txt'
writing manifest file 'rotor_tm_control.egg-info/SOURCES.txt'
running build_ext
Creating /home/dhruv/RotorTM/install/rotor_tm_control/lib/python3.10/site-packages/rotor-tm-control.egg-link (link to .)
Installing controller_node script to /home/dhruv/RotorTM/install/rotor_tm_control/lib/rotor_tm_control

Installed /home/dhruv/RotorTM/build/rotor_tm_control
running symlink_data
creating /home/dhruv/RotorTM/install/rotor_tm_control/share/ament_index
creating /home/dhruv/RotorTM/install/rotor_tm_control/share/ament_index/resource_index
creating /home/dhruv/RotorTM/install/rotor_tm_control/share/ament_index/resource_index/packages
symbolically linking /home/dhruv/RotorTM/build/rotor_tm_control/resource/rotor_tm_control -> /home/dhruv/RotorTM/install/rotor_tm_control/share/ament_index/resource_index/packages
symbolically linking /home/dhruv/RotorTM/build/rotor_tm_control/package.xml -> /home/dhruv/RotorTM/install/rotor_tm_control/share/rotor_tm_control
