[1.146s] Invoking command in '/home/dhruv/RotorTM/build/rotor_tm_config': PYTHONPATH=/home/dhruv/RotorTM/build/rotor_tm_config/prefix_override:/usr/lib/python3/dist-packages/colcon_core/task/python/colcon_distutils_commands:/home/dhruv/RotorTM/install/rotor_tm_config/lib/python3.10/site-packages:${PYTHONPATH} /usr/bin/python3 -W ignore:setup.py install is deprecated -W ignore:easy_install command is deprecated setup.py develop --uninstall --editable --build-directory /home/dhruv/RotorTM/build/rotor_tm_config/build
[1.338s] running develop
[1.452s] Removing /home/dhruv/RotorTM/install/rotor_tm_config/lib/python3.10/site-packages/rotor-tm-config.egg-link (link to .)
[1.480s] Invoked command in '/home/dhruv/RotorTM/build/rotor_tm_config' returned '0': PYTHONPATH=/home/dhruv/RotorTM/build/rotor_tm_config/prefix_override:/usr/lib/python3/dist-packages/colcon_core/task/python/colcon_distutils_commands:/home/dhruv/RotorTM/install/rotor_tm_config/lib/python3.10/site-packages:${PYTHONPATH} /usr/bin/python3 -W ignore:setup.py install is deprecated -W ignore:easy_install command is deprecated setup.py develop --uninstall --editable --build-directory /home/dhruv/RotorTM/build/rotor_tm_config/build
[1.482s] Invoking command in '/home/dhruv/RotorTM/src/rotor_tm_config': PYTHONPATH=/home/dhruv/RotorTM/build/rotor_tm_config/prefix_override:/usr/lib/python3/dist-packages/colcon_core/task/python/colcon_distutils_commands:/home/dhruv/RotorTM/install/rotor_tm_config/lib/python3.10/site-packages:${PYTHONPATH} /usr/bin/python3 -W ignore:setup.py install is deprecated -W ignore:easy_install command is deprecated setup.py egg_info --egg-base ../../build/rotor_tm_config build --build-base /home/dhruv/RotorTM/build/rotor_tm_config/build install --record /home/dhruv/RotorTM/build/rotor_tm_config/install.log --single-version-externally-managed install_data --force
[1.684s] running egg_info
[1.685s] writing ../../build/rotor_tm_config/rotor_tm_config.egg-info/PKG-INFO
[1.685s] writing dependency_links to ../../build/rotor_tm_config/rotor_tm_config.egg-info/dependency_links.txt
[1.685s] writing entry points to ../../build/rotor_tm_config/rotor_tm_config.egg-info/entry_points.txt
[1.685s] writing requirements to ../../build/rotor_tm_config/rotor_tm_config.egg-info/requires.txt
[1.685s] writing top-level names to ../../build/rotor_tm_config/rotor_tm_config.egg-info/top_level.txt
[1.687s] reading manifest file '../../build/rotor_tm_config/rotor_tm_config.egg-info/SOURCES.txt'
[1.687s] adding license file 'LICENSE'
[1.688s] writing manifest file '../../build/rotor_tm_config/rotor_tm_config.egg-info/SOURCES.txt'
[1.688s] running build
[1.689s] running build_py
[1.689s] creating /home/dhruv/RotorTM/build/rotor_tm_config/build
[1.689s] creating /home/dhruv/RotorTM/build/rotor_tm_config/build/lib
[1.689s] creating /home/dhruv/RotorTM/build/rotor_tm_config/build/lib/rotor_tm_config
[1.689s] copying rotor_tm_config/__init__.py -> /home/dhruv/RotorTM/build/rotor_tm_config/build/lib/rotor_tm_config
[1.691s] running install
[1.691s] running install_lib
[1.691s] creating /home/dhruv/RotorTM/install/rotor_tm_config/lib/python3.10/site-packages/rotor_tm_config
[1.691s] copying /home/dhruv/RotorTM/build/rotor_tm_config/build/lib/rotor_tm_config/__init__.py -> /home/dhruv/RotorTM/install/rotor_tm_config/lib/python3.10/site-packages/rotor_tm_config
[1.691s] byte-compiling /home/dhruv/RotorTM/install/rotor_tm_config/lib/python3.10/site-packages/rotor_tm_config/__init__.py to __init__.cpython-310.pyc
[1.691s] running install_data
[1.691s] copying resource/rotor_tm_config -> /home/dhruv/RotorTM/install/rotor_tm_config/share/ament_index/resource_index/packages
[1.691s] copying package.xml -> /home/dhruv/RotorTM/install/rotor_tm_config/share/rotor_tm_config
[1.691s] copying config/1_robot_point_mass_0-5m.yaml -> /home/dhruv/RotorTM/install/rotor_tm_config/share/rotor_tm_config/config
[1.691s] copying config/cable/2_robots_long_bar_payload_0-5m.yaml -> /home/dhruv/RotorTM/install/rotor_tm_config/share/rotor_tm_config/config/cable
[1.691s] copying config/cable/6_robots_fedex_box_0_5m.yaml -> /home/dhruv/RotorTM/install/rotor_tm_config/share/rotor_tm_config/config/cable
[1.691s] copying config/cable/3_robots_triangular_payload_0-5m.yaml -> /home/dhruv/RotorTM/install/rotor_tm_config/share/rotor_tm_config/config/cable
[1.691s] copying config/cable/3_robots_triangular_payload_1m_bullnose_dragonfly.yaml -> /home/dhruv/RotorTM/install/rotor_tm_config/share/rotor_tm_config/config/cable
[1.691s] copying config/cable/1_robot_point_mass_0-5m.yaml -> /home/dhruv/RotorTM/install/rotor_tm_config/share/rotor_tm_config/config/cable
[1.691s] copying config/cable/4_robots_fedex_box_0_5m.yaml -> /home/dhruv/RotorTM/install/rotor_tm_config/share/rotor_tm_config/config/cable
[1.691s] copying config/cable/3_robots_triangular_payload_1m.yaml -> /home/dhruv/RotorTM/install/rotor_tm_config/share/rotor_tm_config/config/cable
[1.691s] copying config/cable/3_robots_triangular_payload_1m_different_robots_dynamics.yaml -> /home/dhruv/RotorTM/install/rotor_tm_config/share/rotor_tm_config/config/cable
[1.691s] copying config/cable/3_robots_triangular_payload_1-2m_1m_0-8m_different_cable_length.yaml -> /home/dhruv/RotorTM/install/rotor_tm_config/share/rotor_tm_config/config/cable
[1.691s] copying config/cable/3_robots_triangular_payload_1m_0-5m_different_cable_length.yaml -> /home/dhruv/RotorTM/install/rotor_tm_config/share/rotor_tm_config/config/cable
[1.692s] copying config/load_params/pointmass_payload.yaml -> /home/dhruv/RotorTM/install/rotor_tm_config/share/rotor_tm_config/config/load_params
[1.692s] copying config/load_params/fedex_box_payload.yaml -> /home/dhruv/RotorTM/install/rotor_tm_config/share/rotor_tm_config/config/load_params
[1.692s] copying config/load_params/triangular_payload.yaml -> /home/dhruv/RotorTM/install/rotor_tm_config/share/rotor_tm_config/config/load_params
[1.692s] copying config/load_params/long_bar_wood_payload.yaml -> /home/dhruv/RotorTM/install/rotor_tm_config/share/rotor_tm_config/config/load_params
[1.692s] copying config/initial_condition/3_robots_triangular_payload_initial_condition.yaml -> /home/dhruv/RotorTM/install/rotor_tm_config/share/rotor_tm_config/config/initial_condition
[1.692s] copying config/initial_condition/singlequad_ptmass_initial_condition.yaml -> /home/dhruv/RotorTM/install/rotor_tm_config/share/rotor_tm_config/config/initial_condition
[1.692s] copying config/initial_condition/6_robots_fedexbox_initial_condition.yaml -> /home/dhruv/RotorTM/install/rotor_tm_config/share/rotor_tm_config/config/initial_condition
[1.692s] copying config/attach_mechanism/cable/2_robots_long_bar_payload_0-5m.yaml -> /home/dhruv/RotorTM/install/rotor_tm_config/share/rotor_tm_config/config/attach_mechanism/cable
[1.692s] copying config/attach_mechanism/cable/6_robots_fedex_box_0_5m.yaml -> /home/dhruv/RotorTM/install/rotor_tm_config/share/rotor_tm_config/config/attach_mechanism/cable
[1.692s] copying config/attach_mechanism/cable/3_robots_triangular_payload_0-5m.yaml -> /home/dhruv/RotorTM/install/rotor_tm_config/share/rotor_tm_config/config/attach_mechanism/cable
[1.692s] copying config/attach_mechanism/cable/3_robots_triangular_payload_1m_bullnose_dragonfly.yaml -> /home/dhruv/RotorTM/install/rotor_tm_config/share/rotor_tm_config/config/attach_mechanism/cable
[1.692s] copying config/attach_mechanism/cable/1_robot_point_mass_0-5m.yaml -> /home/dhruv/RotorTM/install/rotor_tm_config/share/rotor_tm_config/config/attach_mechanism/cable
[1.692s] copying config/attach_mechanism/cable/4_robots_fedex_box_0_5m.yaml -> /home/dhruv/RotorTM/install/rotor_tm_config/share/rotor_tm_config/config/attach_mechanism/cable
[1.692s] copying config/attach_mechanism/cable/3_robots_triangular_payload_1m.yaml -> /home/dhruv/RotorTM/install/rotor_tm_config/share/rotor_tm_config/config/attach_mechanism/cable
[1.692s] copying config/attach_mechanism/cable/3_robots_triangular_payload_1m_different_robots_dynamics.yaml -> /home/dhruv/RotorTM/install/rotor_tm_config/share/rotor_tm_config/config/attach_mechanism/cable
[1.692s] copying config/attach_mechanism/cable/3_robots_triangular_payload_1-2m_1m_0-8m_different_cable_length.yaml -> /home/dhruv/RotorTM/install/rotor_tm_config/share/rotor_tm_config/config/attach_mechanism/cable
[1.692s] copying config/attach_mechanism/cable/3_robots_triangular_payload_1m_0-5m_different_cable_length.yaml -> /home/dhruv/RotorTM/install/rotor_tm_config/share/rotor_tm_config/config/attach_mechanism/cable
[1.692s] copying config/attach_mechanism/rigid_link/2_robots_long_bar.yaml -> /home/dhruv/RotorTM/install/rotor_tm_config/share/rotor_tm_config/config/attach_mechanism/rigid_link
[1.692s] copying config/attach_mechanism/rigid_link/5_robots_triangular_payload.yaml -> /home/dhruv/RotorTM/install/rotor_tm_config/share/rotor_tm_config/config/attach_mechanism/rigid_link
[1.692s] copying config/attach_mechanism/rigid_link/3_robots_triangular_payload.yaml -> /home/dhruv/RotorTM/install/rotor_tm_config/share/rotor_tm_config/config/attach_mechanism/rigid_link
[1.692s] copying config/attach_mechanism/rigid_link/3_hetereogeneous_robots_triangular_payload.yaml -> /home/dhruv/RotorTM/install/rotor_tm_config/share/rotor_tm_config/config/attach_mechanism/rigid_link
[1.692s] copying config/uav_params/hummingbird.yaml -> /home/dhruv/RotorTM/install/rotor_tm_config/share/rotor_tm_config/config/uav_params
[1.692s] copying config/uav_params/snapdragonfly_bullnose_prop.yaml -> /home/dhruv/RotorTM/install/rotor_tm_config/share/rotor_tm_config/config/uav_params
[1.692s] copying config/uav_params/race.yaml -> /home/dhruv/RotorTM/install/rotor_tm_config/share/rotor_tm_config/config/uav_params
[1.692s] copying config/uav_params/snapdragonfly.yaml -> /home/dhruv/RotorTM/install/rotor_tm_config/share/rotor_tm_config/config/uav_params
[1.692s] copying config/control_params/triangular_payload_cooperative_rigidlink_gains.yaml -> /home/dhruv/RotorTM/install/rotor_tm_config/share/rotor_tm_config/config/control_params
[1.692s] copying config/control_params/snapdragonfly_bullnose_prop_control_gains.yaml -> /home/dhruv/RotorTM/install/rotor_tm_config/share/rotor_tm_config/config/control_params
[1.692s] copying config/control_params/payload_nmpc_params.yaml -> /home/dhruv/RotorTM/install/rotor_tm_config/share/rotor_tm_config/config/control_params
[1.692s] copying config/control_params/pointmass_cable_gains.yaml -> /home/dhruv/RotorTM/install/rotor_tm_config/share/rotor_tm_config/config/control_params
[1.692s] copying config/control_params/long_bar_payload_cooperative_cable_gains.yaml -> /home/dhruv/RotorTM/install/rotor_tm_config/share/rotor_tm_config/config/control_params
[1.692s] copying config/control_params/race_control_gains.yaml -> /home/dhruv/RotorTM/install/rotor_tm_config/share/rotor_tm_config/config/control_params
[1.693s] copying config/control_params/hummingbird_control_gains.yaml -> /home/dhruv/RotorTM/install/rotor_tm_config/share/rotor_tm_config/config/control_params
[1.693s] copying config/control_params/snapdragonfly_control_gains.yaml -> /home/dhruv/RotorTM/install/rotor_tm_config/share/rotor_tm_config/config/control_params
[1.693s] copying config/control_params/triangular_payload_cooperative_cable_gains.yaml -> /home/dhruv/RotorTM/install/rotor_tm_config/share/rotor_tm_config/config/control_params
[1.693s] running install_egg_info
[1.693s] Copying ../../build/rotor_tm_config/rotor_tm_config.egg-info to /home/dhruv/RotorTM/install/rotor_tm_config/lib/python3.10/site-packages/rotor_tm_config-0.0.0-py3.10.egg-info
[1.693s] running install_scripts
[1.708s] writing list of installed files to '/home/dhruv/RotorTM/build/rotor_tm_config/install.log'
[1.896s] Invoked command in '/home/dhruv/RotorTM/src/rotor_tm_config' returned '0': PYTHONPATH=/home/dhruv/RotorTM/build/rotor_tm_config/prefix_override:/usr/lib/python3/dist-packages/colcon_core/task/python/colcon_distutils_commands:/home/dhruv/RotorTM/install/rotor_tm_config/lib/python3.10/site-packages:${PYTHONPATH} /usr/bin/python3 -W ignore:setup.py install is deprecated -W ignore:easy_install command is deprecated setup.py egg_info --egg-base ../../build/rotor_tm_config build --build-base /home/dhruv/RotorTM/build/rotor_tm_config/build install --record /home/dhruv/RotorTM/build/rotor_tm_config/install.log --single-version-externally-managed install_data --force
