[0.610s] Invoking command in '/home/swati/Quad_DR/RotorTM/src/rotor_tm_control': AMENT_PREFIX_PATH=/home/swati/Quad_DR/RotorTM/install/rotor_tm_utils:/home/swati/Quad_DR/RotorTM/install/rotor_tm_sim:/home/swati/Quad_DR/RotorTM/install/rotor_tm_control:/home/swati/Quad_DR/RotorTM/install/rotor_tm_traj:/home/swati/Quad_DR/RotorTM/install/rotor_tm_plcontrol:/home/swati/Quad_DR/RotorTM/install/rotor_tm_msgs:/home/swati/Quad_DR/RotorTM/install/rotor_tm_keyboard2wrench:/home/swati/Quad_DR/RotorTM/install/rotor_tm_config:/home/swati/Quad_DR/RotorTM/install/payload_control:/opt/ros/humble CMAKE_PREFIX_PATH=/home/swati/Quad_DR/RotorTM/install/rotor_tm_msgs:/home/swati/Quad_DR/RotorTM/install/rotor_tm_plcontrol LD_LIBRARY_PATH=/home/swati/Quad_DR/RotorTM/install/rotor_tm_msgs/lib:/home/swati/Quad_DR/RotorTM/install/rotor_tm_plcontrol/lib:/usr/lib/x86_64-linux-gnu/gazebo-11/plugins:/opt/ros/humble/opt/rviz_ogre_vendor/lib:/opt/ros/humble/lib/x86_64-linux-gnu:/opt/ros/humble/lib:/usr/share/gazebo/../../lib/x86_64-linux-gnu/gazebo-11/plugins:/home/swati/acados/lib PYTHONPATH=/home/swati/Quad_DR/RotorTM/build/rotor_tm_control/prefix_override:/usr/lib/python3/dist-packages/colcon_core/task/python/colcon_distutils_commands:/home/swati/Quad_DR/RotorTM/install/rotor_tm_control/lib/python3.10/site-packages:/home/swati/Quad_DR/RotorTM/install/rotor_tm_utils/lib/python3.10/site-packages:/home/swati/Quad_DR/RotorTM/install/rotor_tm_msgs/lib/python3.10/site-packages:/home/swati/Quad_DR/RotorTM/install/rotor_tm_sim/lib/python3.10/site-packages:/home/swati/Quad_DR/RotorTM/install/rotor_tm_control/lib/python3.10/site-packages:/home/swati/Quad_DR/RotorTM/install/rotor_tm_traj/lib/python3.10/site-packages:/home/swati/Quad_DR/RotorTM/install/rotor_tm_msgs/local/lib/python3.10/dist-packages:/home/swati/Quad_DR/RotorTM/install/rotor_tm_keyboard2wrench/lib/python3.10/site-packages:/home/swati/Quad_DR/RotorTM/install/rotor_tm_config/lib/python3.10/site-packages:/home/swati/Quad_DR/RotorTM/install/payload_control/lib/python3.10/site-packages:/opt/ros/humble/lib/python3.10/site-packages:/opt/ros/humble/local/lib/python3.10/dist-packages:/PythonAPI/carla/dist/carla-0.9.14-py3.10-linux-x86_64.egg /usr/bin/python3 -W ignore:setup.py install is deprecated setup.py egg_info --egg-base ../../build/rotor_tm_control build --build-base /home/swati/Quad_DR/RotorTM/build/rotor_tm_control/build install --record /home/swati/Quad_DR/RotorTM/build/rotor_tm_control/install.log --single-version-externally-managed install_data
[0.719s] /home/swati/.local/lib/python3.10/site-packages/setuptools/_distutils/dist.py:261: UserWarning: Unknown distribution option: 'tests_require'
[0.719s]   warnings.warn(msg)
[0.802s] running egg_info
[0.814s] writing ../../build/rotor_tm_control/rotor_tm_control.egg-info/PKG-INFO
[0.814s] writing dependency_links to ../../build/rotor_tm_control/rotor_tm_control.egg-info/dependency_links.txt
[0.814s] writing entry points to ../../build/rotor_tm_control/rotor_tm_control.egg-info/entry_points.txt
[0.814s] writing requirements to ../../build/rotor_tm_control/rotor_tm_control.egg-info/requires.txt
[0.814s] writing top-level names to ../../build/rotor_tm_control/rotor_tm_control.egg-info/top_level.txt
[0.848s] reading manifest file '../../build/rotor_tm_control/rotor_tm_control.egg-info/SOURCES.txt'
[0.848s] adding license file 'LICENSE'
[0.849s] writing manifest file '../../build/rotor_tm_control/rotor_tm_control.egg-info/SOURCES.txt'
[0.849s] running build
[0.849s] running build_py
[0.849s] copying rotor_tm_control/temp.py -> /home/swati/Quad_DR/RotorTM/build/rotor_tm_control/build/lib/rotor_tm_control
[0.849s] copying rotor_tm_control/controller_node.py -> /home/swati/Quad_DR/RotorTM/build/rotor_tm_control/build/lib/rotor_tm_control
[0.849s] copying rotor_tm_control/controller.py -> /home/swati/Quad_DR/RotorTM/build/rotor_tm_control/build/lib/rotor_tm_control
[0.849s] copying rotor_tm_control/__init__.py -> /home/swati/Quad_DR/RotorTM/build/rotor_tm_control/build/lib/rotor_tm_control
[0.850s] running install
[0.853s] running install_lib
[0.864s] copying /home/swati/Quad_DR/RotorTM/build/rotor_tm_control/build/lib/rotor_tm_control/controller_node.py -> /home/swati/Quad_DR/RotorTM/install/rotor_tm_control/lib/python3.10/site-packages/rotor_tm_control
[0.864s] byte-compiling /home/swati/Quad_DR/RotorTM/install/rotor_tm_control/lib/python3.10/site-packages/rotor_tm_control/controller_node.py to controller_node.cpython-310.pyc
[0.866s] running install_data
[0.866s] copying resource/rotor_tm_control -> /home/swati/Quad_DR/RotorTM/install/rotor_tm_control/share/ament_index/resource_index/packages
[0.866s] copying package.xml -> /home/swati/Quad_DR/RotorTM/install/rotor_tm_control/share/rotor_tm_control
[0.867s] running install_egg_info
[0.878s] removing '/home/swati/Quad_DR/RotorTM/install/rotor_tm_control/lib/python3.10/site-packages/rotor_tm_control-0.0.0-py3.10.egg-info' (and everything under it)
[0.878s] Copying ../../build/rotor_tm_control/rotor_tm_control.egg-info to /home/swati/Quad_DR/RotorTM/install/rotor_tm_control/lib/python3.10/site-packages/rotor_tm_control-0.0.0-py3.10.egg-info
[0.879s] running install_scripts
[0.966s] Installing controller_node script to /home/swati/Quad_DR/RotorTM/install/rotor_tm_control/lib/rotor_tm_control
[0.966s] writing list of installed files to '/home/swati/Quad_DR/RotorTM/build/rotor_tm_control/install.log'
[0.985s] Invoked command in '/home/swati/Quad_DR/RotorTM/src/rotor_tm_control' returned '0': AMENT_PREFIX_PATH=/home/swati/Quad_DR/RotorTM/install/rotor_tm_utils:/home/swati/Quad_DR/RotorTM/install/rotor_tm_sim:/home/swati/Quad_DR/RotorTM/install/rotor_tm_control:/home/swati/Quad_DR/RotorTM/install/rotor_tm_traj:/home/swati/Quad_DR/RotorTM/install/rotor_tm_plcontrol:/home/swati/Quad_DR/RotorTM/install/rotor_tm_msgs:/home/swati/Quad_DR/RotorTM/install/rotor_tm_keyboard2wrench:/home/swati/Quad_DR/RotorTM/install/rotor_tm_config:/home/swati/Quad_DR/RotorTM/install/payload_control:/opt/ros/humble CMAKE_PREFIX_PATH=/home/swati/Quad_DR/RotorTM/install/rotor_tm_msgs:/home/swati/Quad_DR/RotorTM/install/rotor_tm_plcontrol LD_LIBRARY_PATH=/home/swati/Quad_DR/RotorTM/install/rotor_tm_msgs/lib:/home/swati/Quad_DR/RotorTM/install/rotor_tm_plcontrol/lib:/usr/lib/x86_64-linux-gnu/gazebo-11/plugins:/opt/ros/humble/opt/rviz_ogre_vendor/lib:/opt/ros/humble/lib/x86_64-linux-gnu:/opt/ros/humble/lib:/usr/share/gazebo/../../lib/x86_64-linux-gnu/gazebo-11/plugins:/home/swati/acados/lib PYTHONPATH=/home/swati/Quad_DR/RotorTM/build/rotor_tm_control/prefix_override:/usr/lib/python3/dist-packages/colcon_core/task/python/colcon_distutils_commands:/home/swati/Quad_DR/RotorTM/install/rotor_tm_control/lib/python3.10/site-packages:/home/swati/Quad_DR/RotorTM/install/rotor_tm_utils/lib/python3.10/site-packages:/home/swati/Quad_DR/RotorTM/install/rotor_tm_msgs/lib/python3.10/site-packages:/home/swati/Quad_DR/RotorTM/install/rotor_tm_sim/lib/python3.10/site-packages:/home/swati/Quad_DR/RotorTM/install/rotor_tm_control/lib/python3.10/site-packages:/home/swati/Quad_DR/RotorTM/install/rotor_tm_traj/lib/python3.10/site-packages:/home/swati/Quad_DR/RotorTM/install/rotor_tm_msgs/local/lib/python3.10/dist-packages:/home/swati/Quad_DR/RotorTM/install/rotor_tm_keyboard2wrench/lib/python3.10/site-packages:/home/swati/Quad_DR/RotorTM/install/rotor_tm_config/lib/python3.10/site-packages:/home/swati/Quad_DR/RotorTM/install/payload_control/lib/python3.10/site-packages:/opt/ros/humble/lib/python3.10/site-packages:/opt/ros/humble/local/lib/python3.10/dist-packages:/PythonAPI/carla/dist/carla-0.9.14-py3.10-linux-x86_64.egg /usr/bin/python3 -W ignore:setup.py install is deprecated setup.py egg_info --egg-base ../../build/rotor_tm_control build --build-base /home/swati/Quad_DR/RotorTM/build/rotor_tm_control/build install --record /home/swati/Quad_DR/RotorTM/build/rotor_tm_control/install.log --single-version-externally-managed install_data
