[1.977s] Invoking command in '/home/swati/Quad_DR/RotorTM/src/rotor_tm_traj': PYTHONPATH=/home/swati/Quad_DR/RotorTM/build/rotor_tm_traj/prefix_override:/usr/lib/python3/dist-packages/colcon_core/task/python/colcon_distutils_commands:/home/swati/Quad_DR/RotorTM/install/rotor_tm_traj/lib/python3.10/site-packages:${PYTHONPATH} /usr/bin/python3 -W ignore:setup.py install is deprecated setup.py egg_info --egg-base ../../build/rotor_tm_traj build --build-base /home/swati/Quad_DR/RotorTM/build/rotor_tm_traj/build install --record /home/swati/Quad_DR/RotorTM/build/rotor_tm_traj/install.log --single-version-externally-managed install_data
[2.179s] /home/swati/.local/lib/python3.10/site-packages/setuptools/_distutils/dist.py:261: UserWarning: Unknown distribution option: 'tests_require'
[2.179s]   warnings.warn(msg)
[2.365s] running egg_info
[2.390s] writing ../../build/rotor_tm_traj/rotor_tm_traj.egg-info/PKG-INFO
[2.391s] writing dependency_links to ../../build/rotor_tm_traj/rotor_tm_traj.egg-info/dependency_links.txt
[2.391s] writing entry points to ../../build/rotor_tm_traj/rotor_tm_traj.egg-info/entry_points.txt
[2.391s] writing requirements to ../../build/rotor_tm_traj/rotor_tm_traj.egg-info/requires.txt
[2.391s] writing top-level names to ../../build/rotor_tm_traj/rotor_tm_traj.egg-info/top_level.txt
[2.472s] reading manifest file '../../build/rotor_tm_traj/rotor_tm_traj.egg-info/SOURCES.txt'
[2.472s] adding license file 'LICENSE'
[2.474s] writing manifest file '../../build/rotor_tm_traj/rotor_tm_traj.egg-info/SOURCES.txt'
[2.474s] running build
[2.474s] running build_py
[2.474s] copying rotor_tm_traj/traj.py -> /home/swati/Quad_DR/RotorTM/build/rotor_tm_traj/build/lib/rotor_tm_traj
[2.475s] copying rotor_tm_traj/traj_node.py -> /home/swati/Quad_DR/RotorTM/build/rotor_tm_traj/build/lib/rotor_tm_traj
[2.476s] copying rotor_tm_traj/Optimization/entire_path/__init__.py -> /home/swati/Quad_DR/RotorTM/build/rotor_tm_traj/build/lib/rotor_tm_traj/Optimization/entire_path
[2.477s] running install
[2.483s] running install_lib
[2.511s] running install_data
[2.511s] copying resource/rotor_tm_traj -> /home/swati/Quad_DR/RotorTM/install/rotor_tm_traj/share/ament_index/resource_index/packages
[2.511s] copying package.xml -> /home/swati/Quad_DR/RotorTM/install/rotor_tm_traj/share/rotor_tm_traj
[2.512s] running install_egg_info
[2.541s] removing '/home/swati/Quad_DR/RotorTM/install/rotor_tm_traj/lib/python3.10/site-packages/rotor_tm_traj-0.0.0-py3.10.egg-info' (and everything under it)
[2.542s] Copying ../../build/rotor_tm_traj/rotor_tm_traj.egg-info to /home/swati/Quad_DR/RotorTM/install/rotor_tm_traj/lib/python3.10/site-packages/rotor_tm_traj-0.0.0-py3.10.egg-info
[2.543s] running install_scripts
[2.675s] Installing traj_node script to /home/swati/Quad_DR/RotorTM/install/rotor_tm_traj/lib/rotor_tm_traj
[2.675s] writing list of installed files to '/home/swati/Quad_DR/RotorTM/build/rotor_tm_traj/install.log'
[2.699s] Invoked command in '/home/swati/Quad_DR/RotorTM/src/rotor_tm_traj' returned '0': PYTHONPATH=/home/swati/Quad_DR/RotorTM/build/rotor_tm_traj/prefix_override:/usr/lib/python3/dist-packages/colcon_core/task/python/colcon_distutils_commands:/home/swati/Quad_DR/RotorTM/install/rotor_tm_traj/lib/python3.10/site-packages:${PYTHONPATH} /usr/bin/python3 -W ignore:setup.py install is deprecated setup.py egg_info --egg-base ../../build/rotor_tm_traj build --build-base /home/swati/Quad_DR/RotorTM/build/rotor_tm_traj/build install --record /home/swati/Quad_DR/RotorTM/build/rotor_tm_traj/install.log --single-version-externally-managed install_data
