/home/dhruv/RotorTM/install/rotor_tm_traj/lib/python3.10/site-packages/rotor_tm_traj/traj_node.py
/home/dhruv/RotorTM/install/rotor_tm_traj/lib/python3.10/site-packages/rotor_tm_traj/__init__.py
/home/dhruv/RotorTM/install/rotor_tm_traj/lib/python3.10/site-packages/rotor_tm_traj/traj.py
/home/dhruv/RotorTM/install/rotor_tm_traj/lib/python3.10/site-packages/rotor_tm_traj/create_options.py
/home/dhruv/RotorTM/install/rotor_tm_traj/lib/python3.10/site-packages/rotor_tm_traj/map.py
/home/dhruv/RotorTM/install/rotor_tm_traj/lib/python3.10/site-packages/rotor_tm_traj/Optimization/__init__.py
/home/dhruv/RotorTM/install/rotor_tm_traj/lib/python3.10/site-packages/rotor_tm_traj/Optimization/generate_2pt_corridor_constraint.py
/home/dhruv/RotorTM/install/rotor_tm_traj/lib/python3.10/site-packages/rotor_tm_traj/Optimization/optimize_traj.py
/home/dhruv/RotorTM/install/rotor_tm_traj/lib/python3.10/site-packages/rotor_tm_traj/Optimization/allocate_time.py
/home/dhruv/RotorTM/install/rotor_tm_traj/lib/python3.10/site-packages/rotor_tm_traj/Optimization/generate_corridor_constraint.py
/home/dhruv/RotorTM/install/rotor_tm_traj/lib/python3.10/site-packages/rotor_tm_traj/Optimization/generate_path_with_time.py
/home/dhruv/RotorTM/install/rotor_tm_traj/lib/python3.10/site-packages/rotor_tm_traj/Optimization/generate_constraint.py
/home/dhruv/RotorTM/install/rotor_tm_traj/lib/python3.10/site-packages/rotor_tm_traj/Optimization/entire_path/generate_polynomial_matrix.py
/home/dhruv/RotorTM/install/rotor_tm_traj/lib/python3.10/site-packages/rotor_tm_traj/Optimization/entire_path/__init__.py
/home/dhruv/RotorTM/install/rotor_tm_traj/lib/python3.10/site-packages/rotor_tm_traj/Optimization/entire_path/generate_poly_coeff.py
/home/dhruv/RotorTM/install/rotor_tm_traj/lib/python3.10/site-packages/rotor_tm_traj/Optimization/entire_path/generate_poly.py
/home/dhruv/RotorTM/install/rotor_tm_traj/lib/python3.10/site-packages/rotor_tm_traj/Optimization/entire_path/generate_H.py
/home/dhruv/RotorTM/install/rotor_tm_traj/lib/python3.10/site-packages/rotor_tm_traj/__pycache__/traj_node.cpython-310.pyc
/home/dhruv/RotorTM/install/rotor_tm_traj/lib/python3.10/site-packages/rotor_tm_traj/__pycache__/__init__.cpython-310.pyc
/home/dhruv/RotorTM/install/rotor_tm_traj/lib/python3.10/site-packages/rotor_tm_traj/__pycache__/traj.cpython-310.pyc
/home/dhruv/RotorTM/install/rotor_tm_traj/lib/python3.10/site-packages/rotor_tm_traj/__pycache__/create_options.cpython-310.pyc
/home/dhruv/RotorTM/install/rotor_tm_traj/lib/python3.10/site-packages/rotor_tm_traj/__pycache__/map.cpython-310.pyc
/home/dhruv/RotorTM/install/rotor_tm_traj/lib/python3.10/site-packages/rotor_tm_traj/Optimization/__pycache__/__init__.cpython-310.pyc
/home/dhruv/RotorTM/install/rotor_tm_traj/lib/python3.10/site-packages/rotor_tm_traj/Optimization/__pycache__/generate_2pt_corridor_constraint.cpython-310.pyc
/home/dhruv/RotorTM/install/rotor_tm_traj/lib/python3.10/site-packages/rotor_tm_traj/Optimization/__pycache__/optimize_traj.cpython-310.pyc
/home/dhruv/RotorTM/install/rotor_tm_traj/lib/python3.10/site-packages/rotor_tm_traj/Optimization/__pycache__/allocate_time.cpython-310.pyc
/home/dhruv/RotorTM/install/rotor_tm_traj/lib/python3.10/site-packages/rotor_tm_traj/Optimization/__pycache__/generate_corridor_constraint.cpython-310.pyc
/home/dhruv/RotorTM/install/rotor_tm_traj/lib/python3.10/site-packages/rotor_tm_traj/Optimization/__pycache__/generate_path_with_time.cpython-310.pyc
/home/dhruv/RotorTM/install/rotor_tm_traj/lib/python3.10/site-packages/rotor_tm_traj/Optimization/__pycache__/generate_constraint.cpython-310.pyc
/home/dhruv/RotorTM/install/rotor_tm_traj/lib/python3.10/site-packages/rotor_tm_traj/Optimization/entire_path/__pycache__/generate_polynomial_matrix.cpython-310.pyc
/home/dhruv/RotorTM/install/rotor_tm_traj/lib/python3.10/site-packages/rotor_tm_traj/Optimization/entire_path/__pycache__/__init__.cpython-310.pyc
/home/dhruv/RotorTM/install/rotor_tm_traj/lib/python3.10/site-packages/rotor_tm_traj/Optimization/entire_path/__pycache__/generate_poly_coeff.cpython-310.pyc
/home/dhruv/RotorTM/install/rotor_tm_traj/lib/python3.10/site-packages/rotor_tm_traj/Optimization/entire_path/__pycache__/generate_poly.cpython-310.pyc
/home/dhruv/RotorTM/install/rotor_tm_traj/lib/python3.10/site-packages/rotor_tm_traj/Optimization/entire_path/__pycache__/generate_H.cpython-310.pyc
/home/dhruv/RotorTM/install/rotor_tm_traj/share/ament_index/resource_index/packages/rotor_tm_traj
/home/dhruv/RotorTM/install/rotor_tm_traj/share/rotor_tm_traj/package.xml
/home/dhruv/RotorTM/install/rotor_tm_traj/lib/python3.10/site-packages/rotor_tm_traj-0.0.0-py3.10.egg-info/top_level.txt
/home/dhruv/RotorTM/install/rotor_tm_traj/lib/python3.10/site-packages/rotor_tm_traj-0.0.0-py3.10.egg-info/PKG-INFO
/home/dhruv/RotorTM/install/rotor_tm_traj/lib/python3.10/site-packages/rotor_tm_traj-0.0.0-py3.10.egg-info/requires.txt
/home/dhruv/RotorTM/install/rotor_tm_traj/lib/python3.10/site-packages/rotor_tm_traj-0.0.0-py3.10.egg-info/zip-safe
/home/dhruv/RotorTM/install/rotor_tm_traj/lib/python3.10/site-packages/rotor_tm_traj-0.0.0-py3.10.egg-info/entry_points.txt
/home/dhruv/RotorTM/install/rotor_tm_traj/lib/python3.10/site-packages/rotor_tm_traj-0.0.0-py3.10.egg-info/SOURCES.txt
/home/dhruv/RotorTM/install/rotor_tm_traj/lib/python3.10/site-packages/rotor_tm_traj-0.0.0-py3.10.egg-info/dependency_links.txt
/home/dhruv/RotorTM/install/rotor_tm_traj/lib/rotor_tm_traj/traj_node
