[0.668s] Invoking command in '/home/swati/Quad_DR/RotorTM/src/rotor_tm_control': AMENT_PREFIX_PATH=/home/swati/Quad_DR/RotorTM/install/rotor_tm_utils:/home/swati/Quad_DR/RotorTM/install/rotor_tm_sim:/home/swati/Quad_DR/RotorTM/install/rotor_tm_control:/home/swati/Quad_DR/RotorTM/install/rotor_tm_traj:/home/swati/Quad_DR/RotorTM/install/rotor_tm_plcontrol:/home/swati/Quad_DR/RotorTM/install/rotor_tm_msgs:/home/swati/Quad_DR/RotorTM/install/rotor_tm_keyboard2wrench:/home/swati/Quad_DR/RotorTM/install/rotor_tm_config:/home/swati/Quad_DR/RotorTM/install/payload_control:/opt/ros/humble CMAKE_PREFIX_PATH=/home/swati/Quad_DR/RotorTM/install/rotor_tm_msgs:/home/swati/Quad_DR/RotorTM/install/rotor_tm_plcontrol LD_LIBRARY_PATH=/home/swati/Quad_DR/RotorTM/install/rotor_tm_msgs/lib:/home/swati/Quad_DR/RotorTM/install/rotor_tm_plcontrol/lib:/usr/lib/x86_64-linux-gnu/gazebo-11/plugins:/opt/ros/humble/opt/rviz_ogre_vendor/lib:/opt/ros/humble/lib/x86_64-linux-gnu:/opt/ros/humble/lib:/usr/share/gazebo/../../lib/x86_64-linux-gnu/gazebo-11/plugins:/home/swati/acados/lib PS1=(mpcenv) \[\e]0;\u@\h: \w\a\]${debian_chroot:+($debian_chroot)}\[\033[01;32m\]\u@\h\[\033[00m\]:\[\033[01;34m\]\w\[\033[00m\]\$ PYTHONPATH=/home/swati/Quad_DR/RotorTM/build/rotor_tm_control/prefix_override:/usr/lib/python3/dist-packages/colcon_core/task/python/colcon_distutils_commands:/home/swati/Quad_DR/RotorTM/install/rotor_tm_control/lib/python3.10/site-packages:/home/swati/Quad_DR/RotorTM/install/rotor_tm_utils/lib/python3.10/site-packages:/home/swati/Quad_DR/RotorTM/install/rotor_tm_msgs/lib/python3.10/site-packages:/home/swati/Quad_DR/RotorTM/install/rotor_tm_sim/lib/python3.10/site-packages:/home/swati/Quad_DR/RotorTM/install/rotor_tm_control/lib/python3.10/site-packages:/home/swati/Quad_DR/RotorTM/install/rotor_tm_traj/lib/python3.10/site-packages:/home/swati/Quad_DR/RotorTM/install/rotor_tm_msgs/local/lib/python3.10/dist-packages:/home/swati/Quad_DR/RotorTM/install/rotor_tm_keyboard2wrench/lib/python3.10/site-packages:/home/swati/Quad_DR/RotorTM/install/rotor_tm_config/lib/python3.10/site-packages:/home/swati/Quad_DR/RotorTM/install/payload_control/lib/python3.10/site-packages:/opt/ros/humble/lib/python3.10/site-packages:/opt/ros/humble/local/lib/python3.10/dist-packages /usr/bin/python3 -W ignore:setup.py install is deprecated setup.py egg_info --egg-base ../../build/rotor_tm_control build --build-base /home/swati/Quad_DR/RotorTM/build/rotor_tm_control/build install --record /home/swati/Quad_DR/RotorTM/build/rotor_tm_control/install.log --single-version-externally-managed install_data
[0.769s] /home/swati/.local/lib/python3.10/site-packages/setuptools/_distutils/dist.py:261: UserWarning: Unknown distribution option: 'tests_require'
[0.769s]   warnings.warn(msg)
[0.825s] running egg_info
[0.833s] creating ../../build/rotor_tm_control/rotor_tm_control.egg-info
[0.833s] writing ../../build/rotor_tm_control/rotor_tm_control.egg-info/PKG-INFO
[0.834s] writing dependency_links to ../../build/rotor_tm_control/rotor_tm_control.egg-info/dependency_links.txt
[0.834s] writing entry points to ../../build/rotor_tm_control/rotor_tm_control.egg-info/entry_points.txt
[0.834s] writing requirements to ../../build/rotor_tm_control/rotor_tm_control.egg-info/requires.txt
[0.834s] writing top-level names to ../../build/rotor_tm_control/rotor_tm_control.egg-info/top_level.txt
[0.834s] writing manifest file '../../build/rotor_tm_control/rotor_tm_control.egg-info/SOURCES.txt'
[0.853s] reading manifest file '../../build/rotor_tm_control/rotor_tm_control.egg-info/SOURCES.txt'
[0.853s] adding license file 'LICENSE'
[0.853s] writing manifest file '../../build/rotor_tm_control/rotor_tm_control.egg-info/SOURCES.txt'
[0.853s] running build
[0.854s] running build_py
[0.854s] creating /home/swati/Quad_DR/RotorTM/build/rotor_tm_control/build/lib/rotor_tm_control
[0.854s] copying rotor_tm_control/temp.py -> /home/swati/Quad_DR/RotorTM/build/rotor_tm_control/build/lib/rotor_tm_control
[0.854s] copying rotor_tm_control/controller_node.py -> /home/swati/Quad_DR/RotorTM/build/rotor_tm_control/build/lib/rotor_tm_control
[0.854s] copying rotor_tm_control/controller.py -> /home/swati/Quad_DR/RotorTM/build/rotor_tm_control/build/lib/rotor_tm_control
[0.854s] copying rotor_tm_control/__init__.py -> /home/swati/Quad_DR/RotorTM/build/rotor_tm_control/build/lib/rotor_tm_control
[0.854s] running install
[0.857s] running install_lib
[0.866s] creating /home/swati/Quad_DR/RotorTM/install/rotor_tm_control/lib/python3.10/site-packages/rotor_tm_control
[0.866s] copying /home/swati/Quad_DR/RotorTM/build/rotor_tm_control/build/lib/rotor_tm_control/temp.py -> /home/swati/Quad_DR/RotorTM/install/rotor_tm_control/lib/python3.10/site-packages/rotor_tm_control
[0.866s] copying /home/swati/Quad_DR/RotorTM/build/rotor_tm_control/build/lib/rotor_tm_control/controller_node.py -> /home/swati/Quad_DR/RotorTM/install/rotor_tm_control/lib/python3.10/site-packages/rotor_tm_control
[0.866s] copying /home/swati/Quad_DR/RotorTM/build/rotor_tm_control/build/lib/rotor_tm_control/controller.py -> /home/swati/Quad_DR/RotorTM/install/rotor_tm_control/lib/python3.10/site-packages/rotor_tm_control
[0.867s] copying /home/swati/Quad_DR/RotorTM/build/rotor_tm_control/build/lib/rotor_tm_control/__init__.py -> /home/swati/Quad_DR/RotorTM/install/rotor_tm_control/lib/python3.10/site-packages/rotor_tm_control
[0.867s] byte-compiling /home/swati/Quad_DR/RotorTM/install/rotor_tm_control/lib/python3.10/site-packages/rotor_tm_control/temp.py to temp.cpython-310.pyc
[0.868s] byte-compiling /home/swati/Quad_DR/RotorTM/install/rotor_tm_control/lib/python3.10/site-packages/rotor_tm_control/controller_node.py to controller_node.cpython-310.pyc
[0.870s] byte-compiling /home/swati/Quad_DR/RotorTM/install/rotor_tm_control/lib/python3.10/site-packages/rotor_tm_control/controller.py to controller.cpython-310.pyc
[0.873s] byte-compiling /home/swati/Quad_DR/RotorTM/install/rotor_tm_control/lib/python3.10/site-packages/rotor_tm_control/__init__.py to __init__.cpython-310.pyc
[0.873s] running install_data
[0.873s] creating /home/swati/Quad_DR/RotorTM/install/rotor_tm_control/share/ament_index/resource_index/packages
[0.873s] copying resource/rotor_tm_control -> /home/swati/Quad_DR/RotorTM/install/rotor_tm_control/share/ament_index/resource_index/packages
[0.873s] copying package.xml -> /home/swati/Quad_DR/RotorTM/install/rotor_tm_control/share/rotor_tm_control
[0.873s] running install_egg_info
[0.883s] Copying ../../build/rotor_tm_control/rotor_tm_control.egg-info to /home/swati/Quad_DR/RotorTM/install/rotor_tm_control/lib/python3.10/site-packages/rotor_tm_control-0.0.0-py3.10.egg-info
[0.884s] running install_scripts
[0.963s] Installing controller_node script to /home/swati/Quad_DR/RotorTM/install/rotor_tm_control/lib/rotor_tm_control
[0.964s] writing list of installed files to '/home/swati/Quad_DR/RotorTM/build/rotor_tm_control/install.log'
[0.979s] Invoked command in '/home/swati/Quad_DR/RotorTM/src/rotor_tm_control' returned '0': AMENT_PREFIX_PATH=/home/swati/Quad_DR/RotorTM/install/rotor_tm_utils:/home/swati/Quad_DR/RotorTM/install/rotor_tm_sim:/home/swati/Quad_DR/RotorTM/install/rotor_tm_control:/home/swati/Quad_DR/RotorTM/install/rotor_tm_traj:/home/swati/Quad_DR/RotorTM/install/rotor_tm_plcontrol:/home/swati/Quad_DR/RotorTM/install/rotor_tm_msgs:/home/swati/Quad_DR/RotorTM/install/rotor_tm_keyboard2wrench:/home/swati/Quad_DR/RotorTM/install/rotor_tm_config:/home/swati/Quad_DR/RotorTM/install/payload_control:/opt/ros/humble CMAKE_PREFIX_PATH=/home/swati/Quad_DR/RotorTM/install/rotor_tm_msgs:/home/swati/Quad_DR/RotorTM/install/rotor_tm_plcontrol LD_LIBRARY_PATH=/home/swati/Quad_DR/RotorTM/install/rotor_tm_msgs/lib:/home/swati/Quad_DR/RotorTM/install/rotor_tm_plcontrol/lib:/usr/lib/x86_64-linux-gnu/gazebo-11/plugins:/opt/ros/humble/opt/rviz_ogre_vendor/lib:/opt/ros/humble/lib/x86_64-linux-gnu:/opt/ros/humble/lib:/usr/share/gazebo/../../lib/x86_64-linux-gnu/gazebo-11/plugins:/home/swati/acados/lib PS1=(mpcenv) \[\e]0;\u@\h: \w\a\]${debian_chroot:+($debian_chroot)}\[\033[01;32m\]\u@\h\[\033[00m\]:\[\033[01;34m\]\w\[\033[00m\]\$ PYTHONPATH=/home/swati/Quad_DR/RotorTM/build/rotor_tm_control/prefix_override:/usr/lib/python3/dist-packages/colcon_core/task/python/colcon_distutils_commands:/home/swati/Quad_DR/RotorTM/install/rotor_tm_control/lib/python3.10/site-packages:/home/swati/Quad_DR/RotorTM/install/rotor_tm_utils/lib/python3.10/site-packages:/home/swati/Quad_DR/RotorTM/install/rotor_tm_msgs/lib/python3.10/site-packages:/home/swati/Quad_DR/RotorTM/install/rotor_tm_sim/lib/python3.10/site-packages:/home/swati/Quad_DR/RotorTM/install/rotor_tm_control/lib/python3.10/site-packages:/home/swati/Quad_DR/RotorTM/install/rotor_tm_traj/lib/python3.10/site-packages:/home/swati/Quad_DR/RotorTM/install/rotor_tm_msgs/local/lib/python3.10/dist-packages:/home/swati/Quad_DR/RotorTM/install/rotor_tm_keyboard2wrench/lib/python3.10/site-packages:/home/swati/Quad_DR/RotorTM/install/rotor_tm_config/lib/python3.10/site-packages:/home/swati/Quad_DR/RotorTM/install/payload_control/lib/python3.10/site-packages:/opt/ros/humble/lib/python3.10/site-packages:/opt/ros/humble/local/lib/python3.10/dist-packages /usr/bin/python3 -W ignore:setup.py install is deprecated setup.py egg_info --egg-base ../../build/rotor_tm_control build --build-base /home/swati/Quad_DR/RotorTM/build/rotor_tm_control/build install --record /home/swati/Quad_DR/RotorTM/build/rotor_tm_control/install.log --single-version-externally-managed install_data
