[1.221s] Invoking command in '/home/dhruv/RotorTM/src/rotor_tm_keyboard2wrench': PYTHONPATH=/home/dhruv/RotorTM/build/rotor_tm_keyboard2wrench/prefix_override:/usr/lib/python3/dist-packages/colcon_core/task/python/colcon_distutils_commands:/home/dhruv/RotorTM/install/rotor_tm_keyboard2wrench/lib/python3.10/site-packages:${PYTHONPATH} /usr/bin/python3 -W ignore:setup.py install is deprecated -W ignore:easy_install command is deprecated setup.py egg_info --egg-base ../../build/rotor_tm_keyboard2wrench build --build-base /home/dhruv/RotorTM/build/rotor_tm_keyboard2wrench/build install --record /home/dhruv/RotorTM/build/rotor_tm_keyboard2wrench/install.log --single-version-externally-managed install_data
[1.392s] running egg_info
[1.392s] writing ../../build/rotor_tm_keyboard2wrench/rotor_tm_keyboard2wrench.egg-info/PKG-INFO
[1.393s] writing dependency_links to ../../build/rotor_tm_keyboard2wrench/rotor_tm_keyboard2wrench.egg-info/dependency_links.txt
[1.393s] writing entry points to ../../build/rotor_tm_keyboard2wrench/rotor_tm_keyboard2wrench.egg-info/entry_points.txt
[1.393s] writing requirements to ../../build/rotor_tm_keyboard2wrench/rotor_tm_keyboard2wrench.egg-info/requires.txt
[1.393s] writing top-level names to ../../build/rotor_tm_keyboard2wrench/rotor_tm_keyboard2wrench.egg-info/top_level.txt
[1.394s] reading manifest file '../../build/rotor_tm_keyboard2wrench/rotor_tm_keyboard2wrench.egg-info/SOURCES.txt'
[1.394s] adding license file 'LICENSE'
[1.395s] writing manifest file '../../build/rotor_tm_keyboard2wrench/rotor_tm_keyboard2wrench.egg-info/SOURCES.txt'
[1.395s] running build
[1.395s] running build_py
[1.395s] running install
[1.396s] running install_lib
[1.397s] running install_data
[1.397s] running install_egg_info
[1.398s] removing '/home/dhruv/RotorTM/install/rotor_tm_keyboard2wrench/lib/python3.10/site-packages/rotor_tm_keyboard2wrench-0.0.0-py3.10.egg-info' (and everything under it)
[1.398s] Copying ../../build/rotor_tm_keyboard2wrench/rotor_tm_keyboard2wrench.egg-info to /home/dhruv/RotorTM/install/rotor_tm_keyboard2wrench/lib/python3.10/site-packages/rotor_tm_keyboard2wrench-0.0.0-py3.10.egg-info
[1.399s] running install_scripts
[1.416s] Installing keyboard_input script to /home/dhruv/RotorTM/install/rotor_tm_keyboard2wrench/lib/rotor_tm_keyboard2wrench
[1.416s] writing list of installed files to '/home/dhruv/RotorTM/build/rotor_tm_keyboard2wrench/install.log'
[1.449s] Invoked command in '/home/dhruv/RotorTM/src/rotor_tm_keyboard2wrench' returned '0': PYTHONPATH=/home/dhruv/RotorTM/build/rotor_tm_keyboard2wrench/prefix_override:/usr/lib/python3/dist-packages/colcon_core/task/python/colcon_distutils_commands:/home/dhruv/RotorTM/install/rotor_tm_keyboard2wrench/lib/python3.10/site-packages:${PYTHONPATH} /usr/bin/python3 -W ignore:setup.py install is deprecated -W ignore:easy_install command is deprecated setup.py egg_info --egg-base ../../build/rotor_tm_keyboard2wrench build --build-base /home/dhruv/RotorTM/build/rotor_tm_keyboard2wrench/build install --record /home/dhruv/RotorTM/build/rotor_tm_keyboard2wrench/install.log --single-version-externally-managed install_data
