[1.136s] Invoking command in '/home/dhruv/RotorTM/build/payload_control': PYTHONPATH=/home/dhruv/RotorTM/build/payload_control/prefix_override:/usr/lib/python3/dist-packages/colcon_core/task/python/colcon_distutils_commands:/home/dhruv/RotorTM/install/payload_control/lib/python3.10/site-packages:${PYTHONPATH} /usr/bin/python3 -W ignore:setup.py install is deprecated -W ignore:easy_install command is deprecated setup.py develop --uninstall --editable --build-directory /home/dhruv/RotorTM/build/payload_control/build
[1.320s] running develop
[1.435s] Removing /home/dhruv/RotorTM/install/payload_control/lib/python3.10/site-packages/payload-control.egg-link (link to .)
[1.460s] Invoked command in '/home/dhruv/RotorTM/build/payload_control' returned '0': PYTHONPATH=/home/dhruv/RotorTM/build/payload_control/prefix_override:/usr/lib/python3/dist-packages/colcon_core/task/python/colcon_distutils_commands:/home/dhruv/RotorTM/install/payload_control/lib/python3.10/site-packages:${PYTHONPATH} /usr/bin/python3 -W ignore:setup.py install is deprecated -W ignore:easy_install command is deprecated setup.py develop --uninstall --editable --build-directory /home/dhruv/RotorTM/build/payload_control/build
[1.463s] Invoking command in '/home/dhruv/RotorTM/src/payload_control': PYTHONPATH=/home/dhruv/RotorTM/build/payload_control/prefix_override:/usr/lib/python3/dist-packages/colcon_core/task/python/colcon_distutils_commands:/home/dhruv/RotorTM/install/payload_control/lib/python3.10/site-packages:${PYTHONPATH} /usr/bin/python3 -W ignore:setup.py install is deprecated -W ignore:easy_install command is deprecated setup.py egg_info --egg-base ../../build/payload_control build --build-base /home/dhruv/RotorTM/build/payload_control/build install --record /home/dhruv/RotorTM/build/payload_control/install.log --single-version-externally-managed install_data --force
[1.639s] running egg_info
[1.640s] writing ../../build/payload_control/payload_control.egg-info/PKG-INFO
[1.640s] writing dependency_links to ../../build/payload_control/payload_control.egg-info/dependency_links.txt
[1.640s] writing entry points to ../../build/payload_control/payload_control.egg-info/entry_points.txt
[1.640s] writing requirements to ../../build/payload_control/payload_control.egg-info/requires.txt
[1.640s] writing top-level names to ../../build/payload_control/payload_control.egg-info/top_level.txt
[1.641s] reading manifest file '../../build/payload_control/payload_control.egg-info/SOURCES.txt'
[1.641s] adding license file 'LICENSE'
[1.642s] writing manifest file '../../build/payload_control/payload_control.egg-info/SOURCES.txt'
[1.642s] running build
[1.642s] running build_py
[1.642s] creating /home/dhruv/RotorTM/build/payload_control/build
[1.643s] creating /home/dhruv/RotorTM/build/payload_control/build/lib
[1.643s] creating /home/dhruv/RotorTM/build/payload_control/build/lib/payload_control
[1.644s] copying payload_control/payload_model.py -> /home/dhruv/RotorTM/build/payload_control/build/lib/payload_control
[1.644s] copying payload_control/__init__.py -> /home/dhruv/RotorTM/build/payload_control/build/lib/payload_control
[1.644s] copying payload_control/test_controller.py -> /home/dhruv/RotorTM/build/payload_control/build/lib/payload_control
[1.644s] copying payload_control/time2spatial.py -> /home/dhruv/RotorTM/build/payload_control/build/lib/payload_control
[1.644s] copying payload_control/utils.py -> /home/dhruv/RotorTM/build/payload_control/build/lib/payload_control
[1.644s] copying payload_control/test_control.py -> /home/dhruv/RotorTM/build/payload_control/build/lib/payload_control
[1.644s] copying payload_control/payload_controller.py -> /home/dhruv/RotorTM/build/payload_control/build/lib/payload_control
[1.644s] copying payload_control/cost_functions.py -> /home/dhruv/RotorTM/build/payload_control/build/lib/payload_control
[1.644s] copying payload_control/constraints.py -> /home/dhruv/RotorTM/build/payload_control/build/lib/payload_control
[1.645s] copying payload_control/ros_controller.py -> /home/dhruv/RotorTM/build/payload_control/build/lib/payload_control
[1.645s] copying payload_control/test_numpy.py -> /home/dhruv/RotorTM/build/payload_control/build/lib/payload_control
[1.645s] copying payload_control/plotFcn.py -> /home/dhruv/RotorTM/build/payload_control/build/lib/payload_control
[1.645s] running install
[1.645s] running install_lib
[1.646s] creating /home/dhruv/RotorTM/install/payload_control/lib/python3.10/site-packages/payload_control
[1.646s] copying /home/dhruv/RotorTM/build/payload_control/build/lib/payload_control/payload_model.py -> /home/dhruv/RotorTM/install/payload_control/lib/python3.10/site-packages/payload_control
[1.646s] copying /home/dhruv/RotorTM/build/payload_control/build/lib/payload_control/__init__.py -> /home/dhruv/RotorTM/install/payload_control/lib/python3.10/site-packages/payload_control
[1.646s] copying /home/dhruv/RotorTM/build/payload_control/build/lib/payload_control/test_controller.py -> /home/dhruv/RotorTM/install/payload_control/lib/python3.10/site-packages/payload_control
[1.647s] copying /home/dhruv/RotorTM/build/payload_control/build/lib/payload_control/time2spatial.py -> /home/dhruv/RotorTM/install/payload_control/lib/python3.10/site-packages/payload_control
[1.647s] copying /home/dhruv/RotorTM/build/payload_control/build/lib/payload_control/utils.py -> /home/dhruv/RotorTM/install/payload_control/lib/python3.10/site-packages/payload_control
[1.647s] copying /home/dhruv/RotorTM/build/payload_control/build/lib/payload_control/test_control.py -> /home/dhruv/RotorTM/install/payload_control/lib/python3.10/site-packages/payload_control
[1.647s] copying /home/dhruv/RotorTM/build/payload_control/build/lib/payload_control/payload_controller.py -> /home/dhruv/RotorTM/install/payload_control/lib/python3.10/site-packages/payload_control
[1.647s] copying /home/dhruv/RotorTM/build/payload_control/build/lib/payload_control/cost_functions.py -> /home/dhruv/RotorTM/install/payload_control/lib/python3.10/site-packages/payload_control
[1.647s] copying /home/dhruv/RotorTM/build/payload_control/build/lib/payload_control/constraints.py -> /home/dhruv/RotorTM/install/payload_control/lib/python3.10/site-packages/payload_control
[1.647s] copying /home/dhruv/RotorTM/build/payload_control/build/lib/payload_control/ros_controller.py -> /home/dhruv/RotorTM/install/payload_control/lib/python3.10/site-packages/payload_control
[1.647s] copying /home/dhruv/RotorTM/build/payload_control/build/lib/payload_control/test_numpy.py -> /home/dhruv/RotorTM/install/payload_control/lib/python3.10/site-packages/payload_control
[1.647s] copying /home/dhruv/RotorTM/build/payload_control/build/lib/payload_control/plotFcn.py -> /home/dhruv/RotorTM/install/payload_control/lib/python3.10/site-packages/payload_control
[1.648s] byte-compiling /home/dhruv/RotorTM/install/payload_control/lib/python3.10/site-packages/payload_control/payload_model.py to payload_model.cpython-310.pyc
[1.648s] byte-compiling /home/dhruv/RotorTM/install/payload_control/lib/python3.10/site-packages/payload_control/__init__.py to __init__.cpython-310.pyc
[1.648s] byte-compiling /home/dhruv/RotorTM/install/payload_control/lib/python3.10/site-packages/payload_control/test_controller.py to test_controller.cpython-310.pyc
[1.649s] byte-compiling /home/dhruv/RotorTM/install/payload_control/lib/python3.10/site-packages/payload_control/time2spatial.py to time2spatial.cpython-310.pyc
[1.650s] byte-compiling /home/dhruv/RotorTM/install/payload_control/lib/python3.10/site-packages/payload_control/utils.py to utils.cpython-310.pyc
[1.650s] byte-compiling /home/dhruv/RotorTM/install/payload_control/lib/python3.10/site-packages/payload_control/test_control.py to test_control.cpython-310.pyc
[1.650s] byte-compiling /home/dhruv/RotorTM/install/payload_control/lib/python3.10/site-packages/payload_control/payload_controller.py to payload_controller.cpython-310.pyc
[1.651s] byte-compiling /home/dhruv/RotorTM/install/payload_control/lib/python3.10/site-packages/payload_control/cost_functions.py to cost_functions.cpython-310.pyc
[1.652s] byte-compiling /home/dhruv/RotorTM/install/payload_control/lib/python3.10/site-packages/payload_control/constraints.py to constraints.cpython-310.pyc
[1.652s] byte-compiling /home/dhruv/RotorTM/install/payload_control/lib/python3.10/site-packages/payload_control/ros_controller.py to ros_controller.cpython-310.pyc
[1.653s] byte-compiling /home/dhruv/RotorTM/install/payload_control/lib/python3.10/site-packages/payload_control/test_numpy.py to test_numpy.cpython-310.pyc
[1.655s] byte-compiling /home/dhruv/RotorTM/install/payload_control/lib/python3.10/site-packages/payload_control/plotFcn.py to plotFcn.cpython-310.pyc
[1.655s] running install_data
[1.656s] copying resource/payload_control -> /home/dhruv/RotorTM/install/payload_control/share/ament_index/resource_index/packages
[1.656s] copying package.xml -> /home/dhruv/RotorTM/install/payload_control/share/payload_control
[1.656s] running install_egg_info
[1.658s] Copying ../../build/payload_control/payload_control.egg-info to /home/dhruv/RotorTM/install/payload_control/lib/python3.10/site-packages/payload_control-0.0.0-py3.10.egg-info
[1.658s] running install_scripts
[1.668s] Installing ros_pynmpc_node script to /home/dhruv/RotorTM/install/payload_control/lib/payload_control
[1.668s] writing list of installed files to '/home/dhruv/RotorTM/build/payload_control/install.log'
[1.701s] Invoked command in '/home/dhruv/RotorTM/src/payload_control' returned '0': PYTHONPATH=/home/dhruv/RotorTM/build/payload_control/prefix_override:/usr/lib/python3/dist-packages/colcon_core/task/python/colcon_distutils_commands:/home/dhruv/RotorTM/install/payload_control/lib/python3.10/site-packages:${PYTHONPATH} /usr/bin/python3 -W ignore:setup.py install is deprecated -W ignore:easy_install command is deprecated setup.py egg_info --egg-base ../../build/payload_control build --build-base /home/dhruv/RotorTM/build/payload_control/build install --record /home/dhruv/RotorTM/build/payload_control/install.log --single-version-externally-managed install_data --force
