[1.308s] Invoking command in '/home/swati/Quad_DR/RotorTM/src/rotor_tm_traj': PS1=(mpcenv) \[\e]0;\u@\h: \w\a\]${debian_chroot:+($debian_chroot)}\[\033[01;32m\]\u@\h\[\033[00m\]:\[\033[01;34m\]\w\[\033[00m\]\$ PYTHONPATH=/home/swati/Quad_DR/RotorTM/build/rotor_tm_traj/prefix_override:/usr/lib/python3/dist-packages/colcon_core/task/python/colcon_distutils_commands:/home/swati/Quad_DR/RotorTM/install/rotor_tm_traj/lib/python3.10/site-packages:${PYTHONPATH} /usr/bin/python3 -W ignore:setup.py install is deprecated setup.py egg_info --egg-base ../../build/rotor_tm_traj build --build-base /home/swati/Quad_DR/RotorTM/build/rotor_tm_traj/build install --record /home/swati/Quad_DR/RotorTM/build/rotor_tm_traj/install.log --single-version-externally-managed install_data
[1.414s] /home/swati/.local/lib/python3.10/site-packages/setuptools/_distutils/dist.py:261: UserWarning: Unknown distribution option: 'tests_require'
[1.414s]   warnings.warn(msg)
[1.494s] running egg_info
[1.504s] creating ../../build/rotor_tm_traj/rotor_tm_traj.egg-info
[1.504s] writing ../../build/rotor_tm_traj/rotor_tm_traj.egg-info/PKG-INFO
[1.504s] writing dependency_links to ../../build/rotor_tm_traj/rotor_tm_traj.egg-info/dependency_links.txt
[1.505s] writing entry points to ../../build/rotor_tm_traj/rotor_tm_traj.egg-info/entry_points.txt
[1.505s] writing requirements to ../../build/rotor_tm_traj/rotor_tm_traj.egg-info/requires.txt
[1.505s] writing top-level names to ../../build/rotor_tm_traj/rotor_tm_traj.egg-info/top_level.txt
[1.505s] writing manifest file '../../build/rotor_tm_traj/rotor_tm_traj.egg-info/SOURCES.txt'
[1.537s] reading manifest file '../../build/rotor_tm_traj/rotor_tm_traj.egg-info/SOURCES.txt'
[1.537s] adding license file 'LICENSE'
[1.538s] writing manifest file '../../build/rotor_tm_traj/rotor_tm_traj.egg-info/SOURCES.txt'
[1.538s] running build
[1.538s] running build_py
[1.538s] creating /home/swati/Quad_DR/RotorTM/build/rotor_tm_traj/build/lib/rotor_tm_traj
[1.540s] copying rotor_tm_traj/traj.py -> /home/swati/Quad_DR/RotorTM/build/rotor_tm_traj/build/lib/rotor_tm_traj
[1.540s] copying rotor_tm_traj/map.py -> /home/swati/Quad_DR/RotorTM/build/rotor_tm_traj/build/lib/rotor_tm_traj
[1.540s] copying rotor_tm_traj/__init__.py -> /home/swati/Quad_DR/RotorTM/build/rotor_tm_traj/build/lib/rotor_tm_traj
[1.541s] copying rotor_tm_traj/create_options.py -> /home/swati/Quad_DR/RotorTM/build/rotor_tm_traj/build/lib/rotor_tm_traj
[1.541s] copying rotor_tm_traj/traj_node.py -> /home/swati/Quad_DR/RotorTM/build/rotor_tm_traj/build/lib/rotor_tm_traj
[1.541s] creating /home/swati/Quad_DR/RotorTM/build/rotor_tm_traj/build/lib/rotor_tm_traj/Optimization
[1.541s] copying rotor_tm_traj/Optimization/generate_2pt_corridor_constraint.py -> /home/swati/Quad_DR/RotorTM/build/rotor_tm_traj/build/lib/rotor_tm_traj/Optimization
[1.541s] copying rotor_tm_traj/Optimization/generate_constraint.py -> /home/swati/Quad_DR/RotorTM/build/rotor_tm_traj/build/lib/rotor_tm_traj/Optimization
[1.541s] copying rotor_tm_traj/Optimization/__init__.py -> /home/swati/Quad_DR/RotorTM/build/rotor_tm_traj/build/lib/rotor_tm_traj/Optimization
[1.541s] copying rotor_tm_traj/Optimization/optimize_traj.py -> /home/swati/Quad_DR/RotorTM/build/rotor_tm_traj/build/lib/rotor_tm_traj/Optimization
[1.541s] copying rotor_tm_traj/Optimization/generate_corridor_constraint.py -> /home/swati/Quad_DR/RotorTM/build/rotor_tm_traj/build/lib/rotor_tm_traj/Optimization
[1.541s] copying rotor_tm_traj/Optimization/generate_path_with_time.py -> /home/swati/Quad_DR/RotorTM/build/rotor_tm_traj/build/lib/rotor_tm_traj/Optimization
[1.541s] copying rotor_tm_traj/Optimization/allocate_time.py -> /home/swati/Quad_DR/RotorTM/build/rotor_tm_traj/build/lib/rotor_tm_traj/Optimization
[1.541s] creating /home/swati/Quad_DR/RotorTM/build/rotor_tm_traj/build/lib/rotor_tm_traj/Optimization/entire_path
[1.541s] copying rotor_tm_traj/Optimization/entire_path/generate_polynomial_matrix.py -> /home/swati/Quad_DR/RotorTM/build/rotor_tm_traj/build/lib/rotor_tm_traj/Optimization/entire_path
[1.541s] copying rotor_tm_traj/Optimization/entire_path/generate_poly.py -> /home/swati/Quad_DR/RotorTM/build/rotor_tm_traj/build/lib/rotor_tm_traj/Optimization/entire_path
[1.541s] copying rotor_tm_traj/Optimization/entire_path/generate_poly_coeff.py -> /home/swati/Quad_DR/RotorTM/build/rotor_tm_traj/build/lib/rotor_tm_traj/Optimization/entire_path
[1.541s] copying rotor_tm_traj/Optimization/entire_path/__init__.py -> /home/swati/Quad_DR/RotorTM/build/rotor_tm_traj/build/lib/rotor_tm_traj/Optimization/entire_path
[1.542s] copying rotor_tm_traj/Optimization/entire_path/generate_H.py -> /home/swati/Quad_DR/RotorTM/build/rotor_tm_traj/build/lib/rotor_tm_traj/Optimization/entire_path
[1.542s] running install
[1.543s] running install_lib
[1.554s] creating /home/swati/Quad_DR/RotorTM/install/rotor_tm_traj/lib/python3.10/site-packages/rotor_tm_traj
[1.554s] copying /home/swati/Quad_DR/RotorTM/build/rotor_tm_traj/build/lib/rotor_tm_traj/traj.py -> /home/swati/Quad_DR/RotorTM/install/rotor_tm_traj/lib/python3.10/site-packages/rotor_tm_traj
[1.554s] copying /home/swati/Quad_DR/RotorTM/build/rotor_tm_traj/build/lib/rotor_tm_traj/map.py -> /home/swati/Quad_DR/RotorTM/install/rotor_tm_traj/lib/python3.10/site-packages/rotor_tm_traj
[1.555s] copying /home/swati/Quad_DR/RotorTM/build/rotor_tm_traj/build/lib/rotor_tm_traj/__init__.py -> /home/swati/Quad_DR/RotorTM/install/rotor_tm_traj/lib/python3.10/site-packages/rotor_tm_traj
[1.555s] copying /home/swati/Quad_DR/RotorTM/build/rotor_tm_traj/build/lib/rotor_tm_traj/create_options.py -> /home/swati/Quad_DR/RotorTM/install/rotor_tm_traj/lib/python3.10/site-packages/rotor_tm_traj
[1.555s] copying /home/swati/Quad_DR/RotorTM/build/rotor_tm_traj/build/lib/rotor_tm_traj/traj_node.py -> /home/swati/Quad_DR/RotorTM/install/rotor_tm_traj/lib/python3.10/site-packages/rotor_tm_traj
[1.555s] creating /home/swati/Quad_DR/RotorTM/install/rotor_tm_traj/lib/python3.10/site-packages/rotor_tm_traj/Optimization
[1.556s] copying /home/swati/Quad_DR/RotorTM/build/rotor_tm_traj/build/lib/rotor_tm_traj/Optimization/generate_2pt_corridor_constraint.py -> /home/swati/Quad_DR/RotorTM/install/rotor_tm_traj/lib/python3.10/site-packages/rotor_tm_traj/Optimization
[1.556s] copying /home/swati/Quad_DR/RotorTM/build/rotor_tm_traj/build/lib/rotor_tm_traj/Optimization/generate_constraint.py -> /home/swati/Quad_DR/RotorTM/install/rotor_tm_traj/lib/python3.10/site-packages/rotor_tm_traj/Optimization
[1.556s] copying /home/swati/Quad_DR/RotorTM/build/rotor_tm_traj/build/lib/rotor_tm_traj/Optimization/__init__.py -> /home/swati/Quad_DR/RotorTM/install/rotor_tm_traj/lib/python3.10/site-packages/rotor_tm_traj/Optimization
[1.556s] copying /home/swati/Quad_DR/RotorTM/build/rotor_tm_traj/build/lib/rotor_tm_traj/Optimization/optimize_traj.py -> /home/swati/Quad_DR/RotorTM/install/rotor_tm_traj/lib/python3.10/site-packages/rotor_tm_traj/Optimization
[1.556s] creating /home/swati/Quad_DR/RotorTM/install/rotor_tm_traj/lib/python3.10/site-packages/rotor_tm_traj/Optimization/entire_path
[1.556s] copying /home/swati/Quad_DR/RotorTM/build/rotor_tm_traj/build/lib/rotor_tm_traj/Optimization/entire_path/generate_polynomial_matrix.py -> /home/swati/Quad_DR/RotorTM/install/rotor_tm_traj/lib/python3.10/site-packages/rotor_tm_traj/Optimization/entire_path
[1.556s] copying /home/swati/Quad_DR/RotorTM/build/rotor_tm_traj/build/lib/rotor_tm_traj/Optimization/entire_path/generate_poly.py -> /home/swati/Quad_DR/RotorTM/install/rotor_tm_traj/lib/python3.10/site-packages/rotor_tm_traj/Optimization/entire_path
[1.556s] copying /home/swati/Quad_DR/RotorTM/build/rotor_tm_traj/build/lib/rotor_tm_traj/Optimization/entire_path/generate_poly_coeff.py -> /home/swati/Quad_DR/RotorTM/install/rotor_tm_traj/lib/python3.10/site-packages/rotor_tm_traj/Optimization/entire_path
[1.556s] copying /home/swati/Quad_DR/RotorTM/build/rotor_tm_traj/build/lib/rotor_tm_traj/Optimization/entire_path/__init__.py -> /home/swati/Quad_DR/RotorTM/install/rotor_tm_traj/lib/python3.10/site-packages/rotor_tm_traj/Optimization/entire_path
[1.557s] copying /home/swati/Quad_DR/RotorTM/build/rotor_tm_traj/build/lib/rotor_tm_traj/Optimization/entire_path/generate_H.py -> /home/swati/Quad_DR/RotorTM/install/rotor_tm_traj/lib/python3.10/site-packages/rotor_tm_traj/Optimization/entire_path
[1.557s] copying /home/swati/Quad_DR/RotorTM/build/rotor_tm_traj/build/lib/rotor_tm_traj/Optimization/generate_corridor_constraint.py -> /home/swati/Quad_DR/RotorTM/install/rotor_tm_traj/lib/python3.10/site-packages/rotor_tm_traj/Optimization
[1.557s] copying /home/swati/Quad_DR/RotorTM/build/rotor_tm_traj/build/lib/rotor_tm_traj/Optimization/generate_path_with_time.py -> /home/swati/Quad_DR/RotorTM/install/rotor_tm_traj/lib/python3.10/site-packages/rotor_tm_traj/Optimization
[1.557s] copying /home/swati/Quad_DR/RotorTM/build/rotor_tm_traj/build/lib/rotor_tm_traj/Optimization/allocate_time.py -> /home/swati/Quad_DR/RotorTM/install/rotor_tm_traj/lib/python3.10/site-packages/rotor_tm_traj/Optimization
[1.557s] byte-compiling /home/swati/Quad_DR/RotorTM/install/rotor_tm_traj/lib/python3.10/site-packages/rotor_tm_traj/traj.py to traj.cpython-310.pyc
[1.560s] byte-compiling /home/swati/Quad_DR/RotorTM/install/rotor_tm_traj/lib/python3.10/site-packages/rotor_tm_traj/map.py to map.cpython-310.pyc
[1.560s] byte-compiling /home/swati/Quad_DR/RotorTM/install/rotor_tm_traj/lib/python3.10/site-packages/rotor_tm_traj/__init__.py to __init__.cpython-310.pyc
[1.560s] byte-compiling /home/swati/Quad_DR/RotorTM/install/rotor_tm_traj/lib/python3.10/site-packages/rotor_tm_traj/create_options.py to create_options.cpython-310.pyc
[1.561s] byte-compiling /home/swati/Quad_DR/RotorTM/install/rotor_tm_traj/lib/python3.10/site-packages/rotor_tm_traj/traj_node.py to traj_node.cpython-310.pyc
[1.562s] byte-compiling /home/swati/Quad_DR/RotorTM/install/rotor_tm_traj/lib/python3.10/site-packages/rotor_tm_traj/Optimization/generate_2pt_corridor_constraint.py to generate_2pt_corridor_constraint.cpython-310.pyc
[1.563s] byte-compiling /home/swati/Quad_DR/RotorTM/install/rotor_tm_traj/lib/python3.10/site-packages/rotor_tm_traj/Optimization/generate_constraint.py to generate_constraint.cpython-310.pyc
[1.563s] byte-compiling /home/swati/Quad_DR/RotorTM/install/rotor_tm_traj/lib/python3.10/site-packages/rotor_tm_traj/Optimization/__init__.py to __init__.cpython-310.pyc
[1.564s] byte-compiling /home/swati/Quad_DR/RotorTM/install/rotor_tm_traj/lib/python3.10/site-packages/rotor_tm_traj/Optimization/optimize_traj.py to optimize_traj.cpython-310.pyc
[1.564s] byte-compiling /home/swati/Quad_DR/RotorTM/install/rotor_tm_traj/lib/python3.10/site-packages/rotor_tm_traj/Optimization/entire_path/generate_polynomial_matrix.py to generate_polynomial_matrix.cpython-310.pyc
[1.564s] byte-compiling /home/swati/Quad_DR/RotorTM/install/rotor_tm_traj/lib/python3.10/site-packages/rotor_tm_traj/Optimization/entire_path/generate_poly.py to generate_poly.cpython-310.pyc
[1.564s] byte-compiling /home/swati/Quad_DR/RotorTM/install/rotor_tm_traj/lib/python3.10/site-packages/rotor_tm_traj/Optimization/entire_path/generate_poly_coeff.py to generate_poly_coeff.cpython-310.pyc
[1.564s] byte-compiling /home/swati/Quad_DR/RotorTM/install/rotor_tm_traj/lib/python3.10/site-packages/rotor_tm_traj/Optimization/entire_path/__init__.py to __init__.cpython-310.pyc
[1.564s] byte-compiling /home/swati/Quad_DR/RotorTM/install/rotor_tm_traj/lib/python3.10/site-packages/rotor_tm_traj/Optimization/entire_path/generate_H.py to generate_H.cpython-310.pyc
[1.564s] byte-compiling /home/swati/Quad_DR/RotorTM/install/rotor_tm_traj/lib/python3.10/site-packages/rotor_tm_traj/Optimization/generate_corridor_constraint.py to generate_corridor_constraint.cpython-310.pyc
[1.564s] byte-compiling /home/swati/Quad_DR/RotorTM/install/rotor_tm_traj/lib/python3.10/site-packages/rotor_tm_traj/Optimization/generate_path_with_time.py to generate_path_with_time.cpython-310.pyc
[1.565s] byte-compiling /home/swati/Quad_DR/RotorTM/install/rotor_tm_traj/lib/python3.10/site-packages/rotor_tm_traj/Optimization/allocate_time.py to allocate_time.cpython-310.pyc
[1.565s] running install_data
[1.565s] creating /home/swati/Quad_DR/RotorTM/install/rotor_tm_traj/share/ament_index/resource_index/packages
[1.565s] copying resource/rotor_tm_traj -> /home/swati/Quad_DR/RotorTM/install/rotor_tm_traj/share/ament_index/resource_index/packages
[1.565s] copying package.xml -> /home/swati/Quad_DR/RotorTM/install/rotor_tm_traj/share/rotor_tm_traj
[1.565s] running install_egg_info
[1.575s] Copying ../../build/rotor_tm_traj/rotor_tm_traj.egg-info to /home/swati/Quad_DR/RotorTM/install/rotor_tm_traj/lib/python3.10/site-packages/rotor_tm_traj-0.0.0-py3.10.egg-info
[1.576s] running install_scripts
[1.661s] Installing traj_node script to /home/swati/Quad_DR/RotorTM/install/rotor_tm_traj/lib/rotor_tm_traj
[1.661s] writing list of installed files to '/home/swati/Quad_DR/RotorTM/build/rotor_tm_traj/install.log'
[1.693s] Invoked command in '/home/swati/Quad_DR/RotorTM/src/rotor_tm_traj' returned '0': PS1=(mpcenv) \[\e]0;\u@\h: \w\a\]${debian_chroot:+($debian_chroot)}\[\033[01;32m\]\u@\h\[\033[00m\]:\[\033[01;34m\]\w\[\033[00m\]\$ PYTHONPATH=/home/swati/Quad_DR/RotorTM/build/rotor_tm_traj/prefix_override:/usr/lib/python3/dist-packages/colcon_core/task/python/colcon_distutils_commands:/home/swati/Quad_DR/RotorTM/install/rotor_tm_traj/lib/python3.10/site-packages:${PYTHONPATH} /usr/bin/python3 -W ignore:setup.py install is deprecated setup.py egg_info --egg-base ../../build/rotor_tm_traj build --build-base /home/swati/Quad_DR/RotorTM/build/rotor_tm_traj/build install --record /home/swati/Quad_DR/RotorTM/build/rotor_tm_traj/install.log --single-version-externally-managed install_data
