[ 16%] [32mBuilding CXX object CMakeFiles/pl_nmpc_shared_lib.dir/src/pl_nmpc_controller_node.cpp.o[0m
[01m[K/home/swati/Quad_DR/RotorTM/src/rotor_tm_plcontrol/src/pl_nmpc_controller_node.cpp:[m[K In member function ‘[01m[Kvoid nmpc_control_nodelet::NMPCControlNodelet::referenceCallback(rotor_tm_msgs::msg::TrajCommand_<std::allocator<void> >::SharedPtr)[m[K’:
[01m[K/home/swati/Quad_DR/RotorTM/src/rotor_tm_plcontrol/src/pl_nmpc_controller_node.cpp:173:16:[m[K [01;31m[Kerror: [m[Kexpected ‘[01m[K;[m[K’ before ‘[01m[K)[m[K’ token
  173 |       for (i==0[01;31m[K)[m[K
      |                [01;31m[K^[m[K
      |                [32m[K;[m[K
[01m[K/home/swati/Quad_DR/RotorTM/src/rotor_tm_plcontrol/src/pl_nmpc_controller_node.cpp:173:13:[m[K [01;35m[Kwarning: [m[Kstatement has no effect [[01;35m[K]8;;https://gcc.gnu.org/onlinedocs/gcc/Warning-Options.html#index-Wunused-value-Wunused-value]8;;[m[K]
  173 |       for ([01;35m[Ki==0[m[K)
      |            [01;35m[K~^~~[m[K
[01m[K/home/swati/Quad_DR/RotorTM/src/rotor_tm_plcontrol/src/pl_nmpc_controller_node.cpp:187:13:[m[K [01;31m[Kerror: [m[Kcould not convert ‘[01m[Kforce.Eigen::Matrix<double, 3, 1>::operator=<Eigen::CwiseBinaryOp<Eigen::internal::scalar_sum_op<double, double>, const Eigen::Product<Eigen::Matrix<double, 3, 3>, Eigen::Matrix<double, 3, 1>, 0>, const Eigen::CwiseBinaryOp<Eigen::internal::scalar_product_op<double, double>, const Eigen::CwiseNullaryOp<Eigen::internal::scalar_constant_op<double>, const Eigen::Matrix<double, 3, 1> >, const Eigen::Matrix<double, 3, 1> > > >(Eigen::MatrixBase<Derived>::operator+(const Eigen::MatrixBase<OtherDerived>&) const [with OtherDerived = Eigen::CwiseBinaryOp<Eigen::internal::scalar_product_op<double, double>, const Eigen::CwiseNullaryOp<Eigen::internal::scalar_constant_op<double>, const Eigen::Matrix<double, 3, 1> >, const Eigen::Matrix<double, 3, 1> >; Derived = Eigen::Product<Eigen::Matrix<double, 3, 3>, Eigen::Matrix<double, 3, 1>, 0>; typename Eigen::internal::traits<OtherDerived>::Scalar = double; typename Eigen::internal::traits<T>::Scalar = double](Eigen::operator*(const T&, const StorageBaseType&) [with T = double; Derived = Eigen::Matrix<double, 3, 1>; typename Eigen::internal::plain_constant_type<Derived, typename Eigen::internal::promote_scalar_arg<typename Eigen::internal::traits<T>::Scalar, T, Eigen::internal::has_ReturnType<Eigen::ScalarBinaryOpTraits<T, typename Eigen::internal::traits<T>::Scalar, Eigen::internal::scalar_product_op<T, typename Eigen::internal::traits<T>::Scalar> > >::value>::type>::type = Eigen::CwiseNullaryOp<Eigen::internal::scalar_constant_op<double>, const Eigen::Matrix<double, 3, 1> >; typename Eigen::internal::promote_scalar_arg<typename Eigen::internal::traits<T>::Scalar, T, Eigen::internal::has_ReturnType<Eigen::ScalarBinaryOpTraits<T, typename Eigen::internal::traits<T>::Scalar, Eigen::internal::scalar_product_op<T, typename Eigen::internal::traits<T>::Scalar> > >::value>::type = double; typename Eigen::internal::traits<T>::Scalar = double; typename Eigen::internal::traits<T>::Scalar = double; Eigen::MatrixBase<Derived>::StorageBaseType = Eigen::MatrixBase<Eigen::Matrix<double, 3, 1> >](e3_vector)))[m[K’ from ‘[01m[KEigen::Matrix<double, 3, 1>[m[K’ to ‘[01m[Kbool[m[K’
  187 |       [01;31m[Kforce = mass_matrix_ * lin_acc + hover_thrust_ * e3_vector[m[K;
      |       [01;31m[K~~~~~~^~~~~~~~~~~~~~~~~~~~~~~~~~~~~~~~~~~~~~~~~~~~~~~~~~~~[m[K
      |             [01;31m[K|[m[K
      |             [01;31m[KEigen::Matrix<double, 3, 1>[m[K
[01m[K/home/swati/Quad_DR/RotorTM/src/rotor_tm_plcontrol/src/pl_nmpc_controller_node.cpp:192:53:[m[K [01;31m[Kerror: [m[Kexpected ‘[01m[K)[m[K’ before ‘[01m[K;[m[K’ token
  192 |       reference_inputs.col(i) << force , 0,0,0,0,0,0[01;31m[K;[m[K
      |                                                     [01;31m[K^[m[K
      |                                                     [32m[K)[m[K
[01m[K/home/swati/Quad_DR/RotorTM/src/rotor_tm_plcontrol/src/pl_nmpc_controller_node.cpp:173:11:[m[K [01;36m[Knote: [m[Kto match this ‘[01m[K([m[K’
  173 |       for [01;36m[K([m[Ki==0)
      |           [01;36m[K^[m[K
[01m[K/home/swati/Quad_DR/RotorTM/src/rotor_tm_plcontrol/src/pl_nmpc_controller_node.cpp:[m[K In member function ‘[01m[Kvoid nmpc_control_nodelet::NMPCControlNodelet::publishControl()[m[K’:
[01m[K/home/swati/Quad_DR/RotorTM/src/rotor_tm_plcontrol/src/pl_nmpc_controller_node.cpp:306:3:[m[K [01;31m[Kerror: [m[K‘[01m[Kfm_msg[m[K’ was not declared in this scope; did you mean ‘[01m[Kfmn_msg[m[K’?
  306 |   [01;31m[Kfm_msg[m[K.acceleration.x = this->lin_accel(0);
      |   [01;31m[K^~~~~~[m[K
      |   [32m[Kfmn_msg[m[K
gmake[2]: *** [CMakeFiles/pl_nmpc_shared_lib.dir/build.make:76: CMakeFiles/pl_nmpc_shared_lib.dir/src/pl_nmpc_controller_node.cpp.o] Error 1
gmake[1]: *** [CMakeFiles/Makefile2:139: CMakeFiles/pl_nmpc_shared_lib.dir/all] Error 2
gmake: *** [Makefile:146: all] Error 2
