[1.757s] Invoking command in '/home/swati/Quad_DR/RotorTM/src/rotor_tm_utils': PS1=(mpcenv) \[\e]0;\u@\h: \w\a\]${debian_chroot:+($debian_chroot)}\[\033[01;32m\]\u@\h\[\033[00m\]:\[\033[01;34m\]\w\[\033[00m\]\$ PYTHONPATH=/home/swati/Quad_DR/RotorTM/build/rotor_tm_utils/prefix_override:/usr/lib/python3/dist-packages/colcon_core/task/python/colcon_distutils_commands:/home/swati/Quad_DR/RotorTM/install/rotor_tm_utils/lib/python3.10/site-packages:${PYTHONPATH} /usr/bin/python3 -W ignore:setup.py install is deprecated setup.py egg_info --egg-base ../../build/rotor_tm_utils build --build-base /home/swati/Quad_DR/RotorTM/build/rotor_tm_utils/build install --record /home/swati/Quad_DR/RotorTM/build/rotor_tm_utils/install.log --single-version-externally-managed install_data
[1.902s] /home/swati/.local/lib/python3.10/site-packages/setuptools/_distutils/dist.py:261: UserWarning: Unknown distribution option: 'tests_require'
[1.902s]   warnings.warn(msg)
[1.986s] running egg_info
[1.996s] writing ../../build/rotor_tm_utils/rotor_tm_utils.egg-info/PKG-INFO
[1.997s] writing dependency_links to ../../build/rotor_tm_utils/rotor_tm_utils.egg-info/dependency_links.txt
[1.997s] writing requirements to ../../build/rotor_tm_utils/rotor_tm_utils.egg-info/requires.txt
[1.997s] writing top-level names to ../../build/rotor_tm_utils/rotor_tm_utils.egg-info/top_level.txt
[2.029s] reading manifest file '../../build/rotor_tm_utils/rotor_tm_utils.egg-info/SOURCES.txt'
[2.030s] adding license file 'LICENSE'
[2.030s] writing manifest file '../../build/rotor_tm_utils/rotor_tm_utils.egg-info/SOURCES.txt'
[2.030s] running build
[2.030s] running build_py
[2.031s] copying rotor_tm_utils/QuatToYPR.py -> /home/swati/Quad_DR/RotorTM/build/rotor_tm_utils/build/lib/rotor_tm_utils
[2.031s] copying rotor_tm_utils/rosutilslib.py -> /home/swati/Quad_DR/RotorTM/build/rotor_tm_utils/build/lib/rotor_tm_utils
[2.031s] copying rotor_tm_utils/__init__.py -> /home/swati/Quad_DR/RotorTM/build/rotor_tm_utils/build/lib/rotor_tm_utils
[2.031s] copying rotor_tm_utils/QuatToRot.py -> /home/swati/Quad_DR/RotorTM/build/rotor_tm_utils/build/lib/rotor_tm_utils
[2.031s] copying rotor_tm_utils/CaQuatToRot .py -> /home/swati/Quad_DR/RotorTM/build/rotor_tm_utils/build/lib/rotor_tm_utils
[2.031s] copying rotor_tm_utils/read_params.py -> /home/swati/Quad_DR/RotorTM/build/rotor_tm_utils/build/lib/rotor_tm_utils
[2.031s] running install
[2.034s] running install_lib
[2.046s] running install_data
[2.046s] copying resource/rotor_tm_utils -> /home/swati/Quad_DR/RotorTM/install/rotor_tm_utils/share/ament_index/resource_index/packages
[2.047s] copying package.xml -> /home/swati/Quad_DR/RotorTM/install/rotor_tm_utils/share/rotor_tm_utils
[2.047s] running install_egg_info
[2.058s] removing '/home/swati/Quad_DR/RotorTM/install/rotor_tm_utils/lib/python3.10/site-packages/rotor_tm_utils-0.0.0-py3.10.egg-info' (and everything under it)
[2.059s] Copying ../../build/rotor_tm_utils/rotor_tm_utils.egg-info to /home/swati/Quad_DR/RotorTM/install/rotor_tm_utils/lib/python3.10/site-packages/rotor_tm_utils-0.0.0-py3.10.egg-info
[2.059s] running install_scripts
[2.147s] writing list of installed files to '/home/swati/Quad_DR/RotorTM/build/rotor_tm_utils/install.log'
[2.165s] Invoked command in '/home/swati/Quad_DR/RotorTM/src/rotor_tm_utils' returned '0': PS1=(mpcenv) \[\e]0;\u@\h: \w\a\]${debian_chroot:+($debian_chroot)}\[\033[01;32m\]\u@\h\[\033[00m\]:\[\033[01;34m\]\w\[\033[00m\]\$ PYTHONPATH=/home/swati/Quad_DR/RotorTM/build/rotor_tm_utils/prefix_override:/usr/lib/python3/dist-packages/colcon_core/task/python/colcon_distutils_commands:/home/swati/Quad_DR/RotorTM/install/rotor_tm_utils/lib/python3.10/site-packages:${PYTHONPATH} /usr/bin/python3 -W ignore:setup.py install is deprecated setup.py egg_info --egg-base ../../build/rotor_tm_utils build --build-base /home/swati/Quad_DR/RotorTM/build/rotor_tm_utils/build install --record /home/swati/Quad_DR/RotorTM/build/rotor_tm_utils/install.log --single-version-externally-managed install_data
