/home/swati/Quad_DR/RotorTM/install/payload_control/lib/python3.10/site-packages/payload_control/ros_controller.py
/home/swati/Quad_DR/RotorTM/install/payload_control/lib/python3.10/site-packages/payload_control/cost_functions.py
/home/swati/Quad_DR/RotorTM/install/payload_control/lib/python3.10/site-packages/payload_control/test_numpy.py
/home/swati/Quad_DR/RotorTM/install/payload_control/lib/python3.10/site-packages/payload_control/payload_controller.py
/home/swati/Quad_DR/RotorTM/install/payload_control/lib/python3.10/site-packages/payload_control/constraints.py
/home/swati/Quad_DR/RotorTM/install/payload_control/lib/python3.10/site-packages/payload_control/plotFcn.py
/home/swati/Quad_DR/RotorTM/install/payload_control/lib/python3.10/site-packages/payload_control/utils.py
/home/swati/Quad_DR/RotorTM/install/payload_control/lib/python3.10/site-packages/payload_control/test_control.py
/home/swati/Quad_DR/RotorTM/install/payload_control/lib/python3.10/site-packages/payload_control/time2spatial.py
/home/swati/Quad_DR/RotorTM/install/payload_control/lib/python3.10/site-packages/payload_control/__init__.py
/home/swati/Quad_DR/RotorTM/install/payload_control/lib/python3.10/site-packages/payload_control/constraints_utils.py
/home/swati/Quad_DR/RotorTM/install/payload_control/lib/python3.10/site-packages/payload_control/payload_model.py
/home/swati/Quad_DR/RotorTM/install/payload_control/lib/python3.10/site-packages/payload_control/test_controller.py
/home/swati/Quad_DR/RotorTM/install/payload_control/lib/python3.10/site-packages/payload_control/CBF_payload_constraints.py
/home/swati/Quad_DR/RotorTM/install/payload_control/lib/python3.10/site-packages/payload_control/__pycache__/ros_controller.cpython-310.pyc
/home/swati/Quad_DR/RotorTM/install/payload_control/lib/python3.10/site-packages/payload_control/__pycache__/cost_functions.cpython-310.pyc
/home/swati/Quad_DR/RotorTM/install/payload_control/lib/python3.10/site-packages/payload_control/__pycache__/test_numpy.cpython-310.pyc
/home/swati/Quad_DR/RotorTM/install/payload_control/lib/python3.10/site-packages/payload_control/__pycache__/payload_controller.cpython-310.pyc
/home/swati/Quad_DR/RotorTM/install/payload_control/lib/python3.10/site-packages/payload_control/__pycache__/constraints.cpython-310.pyc
/home/swati/Quad_DR/RotorTM/install/payload_control/lib/python3.10/site-packages/payload_control/__pycache__/plotFcn.cpython-310.pyc
/home/swati/Quad_DR/RotorTM/install/payload_control/lib/python3.10/site-packages/payload_control/__pycache__/utils.cpython-310.pyc
/home/swati/Quad_DR/RotorTM/install/payload_control/lib/python3.10/site-packages/payload_control/__pycache__/test_control.cpython-310.pyc
/home/swati/Quad_DR/RotorTM/install/payload_control/lib/python3.10/site-packages/payload_control/__pycache__/time2spatial.cpython-310.pyc
/home/swati/Quad_DR/RotorTM/install/payload_control/lib/python3.10/site-packages/payload_control/__pycache__/__init__.cpython-310.pyc
/home/swati/Quad_DR/RotorTM/install/payload_control/lib/python3.10/site-packages/payload_control/__pycache__/constraints_utils.cpython-310.pyc
/home/swati/Quad_DR/RotorTM/install/payload_control/lib/python3.10/site-packages/payload_control/__pycache__/payload_model.cpython-310.pyc
/home/swati/Quad_DR/RotorTM/install/payload_control/lib/python3.10/site-packages/payload_control/__pycache__/test_controller.cpython-310.pyc
/home/swati/Quad_DR/RotorTM/install/payload_control/lib/python3.10/site-packages/payload_control/__pycache__/CBF_payload_constraints.cpython-310.pyc
/home/swati/Quad_DR/RotorTM/install/payload_control/share/ament_index/resource_index/packages/payload_control
/home/swati/Quad_DR/RotorTM/install/payload_control/share/payload_control/package.xml
/home/swati/Quad_DR/RotorTM/install/payload_control/lib/python3.10/site-packages/payload_control-0.0.0-py3.10.egg-info/zip-safe
/home/swati/Quad_DR/RotorTM/install/payload_control/lib/python3.10/site-packages/payload_control-0.0.0-py3.10.egg-info/top_level.txt
/home/swati/Quad_DR/RotorTM/install/payload_control/lib/python3.10/site-packages/payload_control-0.0.0-py3.10.egg-info/requires.txt
/home/swati/Quad_DR/RotorTM/install/payload_control/lib/python3.10/site-packages/payload_control-0.0.0-py3.10.egg-info/PKG-INFO
/home/swati/Quad_DR/RotorTM/install/payload_control/lib/python3.10/site-packages/payload_control-0.0.0-py3.10.egg-info/entry_points.txt
/home/swati/Quad_DR/RotorTM/install/payload_control/lib/python3.10/site-packages/payload_control-0.0.0-py3.10.egg-info/SOURCES.txt
/home/swati/Quad_DR/RotorTM/install/payload_control/lib/python3.10/site-packages/payload_control-0.0.0-py3.10.egg-info/dependency_links.txt
/home/swati/Quad_DR/RotorTM/install/payload_control/lib/payload_control/ros_pynmpc_node
