[0.629s] Invoking command in '/home/swati/Quad_DR/ros2_ws/src/rotor_tm_sim': AMENT_PREFIX_PATH=/home/swati/Quad_DR/ros2_ws/install/rotor_tm_utils:/home/swati/Quad_DR/ros2_ws/install/rotor_tm_config:/home/swati/Quad_DR/ros2_ws/install/rotor_tm_sim:/home/swati/Quad_DR/ros2_ws/install/rotor_tm_control:/home/swati/Quad_DR/ros2_ws/install/rotor_tm_traj:/home/swati/Quad_DR/ros2_ws/install/rotor_tm_msgs:/home/swati/Quad_DR/ros2_ws/install/rotor_tm_keyboard2wrench:/opt/ros/humble LD_LIBRARY_PATH=/home/swati/Quad_DR/ros2_ws/install/rotor_tm_msgs/lib:/usr/lib/x86_64-linux-gnu/gazebo-11/plugins:/opt/ros/humble/opt/rviz_ogre_vendor/lib:/opt/ros/humble/lib/x86_64-linux-gnu:/opt/ros/humble/lib:/usr/share/gazebo/../../lib/x86_64-linux-gnu/gazebo-11/plugins PYTHONPATH=/home/swati/Quad_DR/ros2_ws/build/rotor_tm_sim/prefix_override:/usr/lib/python3/dist-packages/colcon_core/task/python/colcon_distutils_commands:/home/swati/Quad_DR/ros2_ws/install/rotor_tm_sim/lib/python3.10/site-packages:/home/swati/Quad_DR/ros2_ws/install/rotor_tm_utils/lib/python3.10/site-packages:/home/swati/Quad_DR/ros2_ws/install/rotor_tm_config/lib/python3.10/site-packages:/home/swati/Quad_DR/ros2_ws/install/rotor_tm_sim/lib/python3.10/site-packages:/home/swati/Quad_DR/ros2_ws/install/rotor_tm_control/lib/python3.10/site-packages:/home/swati/Quad_DR/ros2_ws/install/rotor_tm_traj/lib/python3.10/site-packages:/home/swati/Quad_DR/ros2_ws/install/rotor_tm_msgs/local/lib/python3.10/dist-packages:/home/swati/Quad_DR/ros2_ws/install/rotor_tm_keyboard2wrench/lib/python3.10/site-packages:/opt/ros/humble/lib/python3.10/site-packages:/opt/ros/humble/local/lib/python3.10/dist-packages /usr/bin/python3 -W ignore:setup.py install is deprecated setup.py egg_info --egg-base ../../build/rotor_tm_sim build --build-base /home/swati/Quad_DR/ros2_ws/build/rotor_tm_sim/build install --record /home/swati/Quad_DR/ros2_ws/build/rotor_tm_sim/install.log --single-version-externally-managed install_data
[0.728s] /home/swati/.local/lib/python3.10/site-packages/setuptools/_distutils/dist.py:261: UserWarning: Unknown distribution option: 'tests_require'
[0.728s]   warnings.warn(msg)
[0.782s] running egg_info
[0.791s] creating ../../build/rotor_tm_sim/rotor_tm_sim.egg-info
[0.791s] writing ../../build/rotor_tm_sim/rotor_tm_sim.egg-info/PKG-INFO
[0.791s] writing dependency_links to ../../build/rotor_tm_sim/rotor_tm_sim.egg-info/dependency_links.txt
[0.791s] writing entry points to ../../build/rotor_tm_sim/rotor_tm_sim.egg-info/entry_points.txt
[0.791s] writing requirements to ../../build/rotor_tm_sim/rotor_tm_sim.egg-info/requires.txt
[0.791s] writing top-level names to ../../build/rotor_tm_sim/rotor_tm_sim.egg-info/top_level.txt
[0.791s] writing manifest file '../../build/rotor_tm_sim/rotor_tm_sim.egg-info/SOURCES.txt'
[0.810s] reading manifest file '../../build/rotor_tm_sim/rotor_tm_sim.egg-info/SOURCES.txt'
[0.810s] adding license file 'LICENSE'
[0.811s] writing manifest file '../../build/rotor_tm_sim/rotor_tm_sim.egg-info/SOURCES.txt'
[0.811s] running build
[0.811s] running build_py
[0.811s] creating /home/swati/Quad_DR/ros2_ws/build/rotor_tm_sim/build/lib/rotor_tm_sim
[0.811s] copying rotor_tm_sim/temp.py -> /home/swati/Quad_DR/ros2_ws/build/rotor_tm_sim/build/lib/rotor_tm_sim
[0.811s] copying rotor_tm_sim/sim_utils.py -> /home/swati/Quad_DR/ros2_ws/build/rotor_tm_sim/build/lib/rotor_tm_sim
[0.811s] copying rotor_tm_sim/simulation_base.py -> /home/swati/Quad_DR/ros2_ws/build/rotor_tm_sim/build/lib/rotor_tm_sim
[0.811s] copying rotor_tm_sim/__init__.py -> /home/swati/Quad_DR/ros2_ws/build/rotor_tm_sim/build/lib/rotor_tm_sim
[0.811s] copying rotor_tm_sim/runsim.py -> /home/swati/Quad_DR/ros2_ws/build/rotor_tm_sim/build/lib/rotor_tm_sim
[0.811s] running install
[0.814s] running install_lib
[0.823s] creating /home/swati/Quad_DR/ros2_ws/install/rotor_tm_sim/lib/python3.10/site-packages/rotor_tm_sim
[0.823s] copying /home/swati/Quad_DR/ros2_ws/build/rotor_tm_sim/build/lib/rotor_tm_sim/temp.py -> /home/swati/Quad_DR/ros2_ws/install/rotor_tm_sim/lib/python3.10/site-packages/rotor_tm_sim
[0.823s] copying /home/swati/Quad_DR/ros2_ws/build/rotor_tm_sim/build/lib/rotor_tm_sim/sim_utils.py -> /home/swati/Quad_DR/ros2_ws/install/rotor_tm_sim/lib/python3.10/site-packages/rotor_tm_sim
[0.823s] copying /home/swati/Quad_DR/ros2_ws/build/rotor_tm_sim/build/lib/rotor_tm_sim/simulation_base.py -> /home/swati/Quad_DR/ros2_ws/install/rotor_tm_sim/lib/python3.10/site-packages/rotor_tm_sim
[0.823s] copying /home/swati/Quad_DR/ros2_ws/build/rotor_tm_sim/build/lib/rotor_tm_sim/__init__.py -> /home/swati/Quad_DR/ros2_ws/install/rotor_tm_sim/lib/python3.10/site-packages/rotor_tm_sim
[0.823s] copying /home/swati/Quad_DR/ros2_ws/build/rotor_tm_sim/build/lib/rotor_tm_sim/runsim.py -> /home/swati/Quad_DR/ros2_ws/install/rotor_tm_sim/lib/python3.10/site-packages/rotor_tm_sim
[0.824s] byte-compiling /home/swati/Quad_DR/ros2_ws/install/rotor_tm_sim/lib/python3.10/site-packages/rotor_tm_sim/temp.py to temp.cpython-310.pyc
[0.824s] byte-compiling /home/swati/Quad_DR/ros2_ws/install/rotor_tm_sim/lib/python3.10/site-packages/rotor_tm_sim/sim_utils.py to sim_utils.cpython-310.pyc
[0.824s] byte-compiling /home/swati/Quad_DR/ros2_ws/install/rotor_tm_sim/lib/python3.10/site-packages/rotor_tm_sim/simulation_base.py to simulation_base.cpython-310.pyc
[0.831s] byte-compiling /home/swati/Quad_DR/ros2_ws/install/rotor_tm_sim/lib/python3.10/site-packages/rotor_tm_sim/__init__.py to __init__.cpython-310.pyc
[0.831s] byte-compiling /home/swati/Quad_DR/ros2_ws/install/rotor_tm_sim/lib/python3.10/site-packages/rotor_tm_sim/runsim.py to runsim.cpython-310.pyc
[0.831s] running install_data
[0.831s] creating /home/swati/Quad_DR/ros2_ws/install/rotor_tm_sim/share/ament_index/resource_index/packages
[0.831s] copying resource/rotor_tm_sim -> /home/swati/Quad_DR/ros2_ws/install/rotor_tm_sim/share/ament_index/resource_index/packages
[0.831s] copying package.xml -> /home/swati/Quad_DR/ros2_ws/install/rotor_tm_sim/share/rotor_tm_sim
[0.831s] creating /home/swati/Quad_DR/ros2_ws/install/rotor_tm_sim/share/rotor_tm_sim/launch
[0.832s] copying launch/rotortm_single_controller_node.py -> /home/swati/Quad_DR/ros2_ws/install/rotor_tm_sim/share/rotor_tm_sim/launch
[0.832s] copying launch/editable_launch.py -> /home/swati/Quad_DR/ros2_ws/install/rotor_tm_sim/share/rotor_tm_sim/launch
[0.832s] copying launch/sim_launcher.py -> /home/swati/Quad_DR/ros2_ws/install/rotor_tm_sim/share/rotor_tm_sim/launch
[0.832s] copying launch/rviz.py -> /home/swati/Quad_DR/ros2_ws/install/rotor_tm_sim/share/rotor_tm_sim/launch
[0.832s] copying launch/controller_launcher.py -> /home/swati/Quad_DR/ros2_ws/install/rotor_tm_sim/share/rotor_tm_sim/launch
[0.832s] creating /home/swati/Quad_DR/ros2_ws/install/rotor_tm_sim/share/rotor_tm_sim/mesh
[0.832s] copying mesh/triangular_payload.STL -> /home/swati/Quad_DR/ros2_ws/install/rotor_tm_sim/share/rotor_tm_sim/mesh
[0.832s] copying mesh/triangular_payload_bin.STL -> /home/swati/Quad_DR/ros2_ws/install/rotor_tm_sim/share/rotor_tm_sim/mesh
[0.832s] copying mesh/long_bar.STL -> /home/swati/Quad_DR/ros2_ws/install/rotor_tm_sim/share/rotor_tm_sim/mesh
[0.833s] copying mesh/fedex_box_24x24x18in.STL -> /home/swati/Quad_DR/ros2_ws/install/rotor_tm_sim/share/rotor_tm_sim/mesh
[0.833s] creating /home/swati/Quad_DR/ros2_ws/install/rotor_tm_sim/share/rotor_tm_sim/mesh/uav
[0.833s] copying mesh/uav/race.stl -> /home/swati/Quad_DR/ros2_ws/install/rotor_tm_sim/share/rotor_tm_sim/mesh/uav
[0.833s] copying mesh/uav/snapdragonflight.stl -> /home/swati/Quad_DR/ros2_ws/install/rotor_tm_sim/share/rotor_tm_sim/mesh/uav
[0.840s] running install_egg_info
[0.850s] Copying ../../build/rotor_tm_sim/rotor_tm_sim.egg-info to /home/swati/Quad_DR/ros2_ws/install/rotor_tm_sim/lib/python3.10/site-packages/rotor_tm_sim-0.0.0-py3.10.egg-info
[0.850s] running install_scripts
[0.927s] Installing sim_node script to /home/swati/Quad_DR/ros2_ws/install/rotor_tm_sim/lib/rotor_tm_sim
[0.927s] writing list of installed files to '/home/swati/Quad_DR/ros2_ws/build/rotor_tm_sim/install.log'
[0.944s] Invoked command in '/home/swati/Quad_DR/ros2_ws/src/rotor_tm_sim' returned '0': AMENT_PREFIX_PATH=/home/swati/Quad_DR/ros2_ws/install/rotor_tm_utils:/home/swati/Quad_DR/ros2_ws/install/rotor_tm_config:/home/swati/Quad_DR/ros2_ws/install/rotor_tm_sim:/home/swati/Quad_DR/ros2_ws/install/rotor_tm_control:/home/swati/Quad_DR/ros2_ws/install/rotor_tm_traj:/home/swati/Quad_DR/ros2_ws/install/rotor_tm_msgs:/home/swati/Quad_DR/ros2_ws/install/rotor_tm_keyboard2wrench:/opt/ros/humble LD_LIBRARY_PATH=/home/swati/Quad_DR/ros2_ws/install/rotor_tm_msgs/lib:/usr/lib/x86_64-linux-gnu/gazebo-11/plugins:/opt/ros/humble/opt/rviz_ogre_vendor/lib:/opt/ros/humble/lib/x86_64-linux-gnu:/opt/ros/humble/lib:/usr/share/gazebo/../../lib/x86_64-linux-gnu/gazebo-11/plugins PYTHONPATH=/home/swati/Quad_DR/ros2_ws/build/rotor_tm_sim/prefix_override:/usr/lib/python3/dist-packages/colcon_core/task/python/colcon_distutils_commands:/home/swati/Quad_DR/ros2_ws/install/rotor_tm_sim/lib/python3.10/site-packages:/home/swati/Quad_DR/ros2_ws/install/rotor_tm_utils/lib/python3.10/site-packages:/home/swati/Quad_DR/ros2_ws/install/rotor_tm_config/lib/python3.10/site-packages:/home/swati/Quad_DR/ros2_ws/install/rotor_tm_sim/lib/python3.10/site-packages:/home/swati/Quad_DR/ros2_ws/install/rotor_tm_control/lib/python3.10/site-packages:/home/swati/Quad_DR/ros2_ws/install/rotor_tm_traj/lib/python3.10/site-packages:/home/swati/Quad_DR/ros2_ws/install/rotor_tm_msgs/local/lib/python3.10/dist-packages:/home/swati/Quad_DR/ros2_ws/install/rotor_tm_keyboard2wrench/lib/python3.10/site-packages:/opt/ros/humble/lib/python3.10/site-packages:/opt/ros/humble/local/lib/python3.10/dist-packages /usr/bin/python3 -W ignore:setup.py install is deprecated setup.py egg_info --egg-base ../../build/rotor_tm_sim build --build-base /home/swati/Quad_DR/ros2_ws/build/rotor_tm_sim/build install --record /home/swati/Quad_DR/ros2_ws/build/rotor_tm_sim/install.log --single-version-externally-managed install_data
