[0.024s] Invoking command in '/home/swati/Quad_DR/RotorTM/build/rotor_tm_msgs': CMAKE_PREFIX_PATH=${CMAKE_PREFIX_PATH}:/home/swati/Quad_DR/RotorTM/install/rotor_tm_sim:/home/swati/Quad_DR/RotorTM/install/rotor_tm_control:/home/swati/Quad_DR/RotorTM/install/rotor_tm_utils:/home/swati/Quad_DR/RotorTM/install/rotor_tm_traj:/home/swati/Quad_DR/RotorTM/install/rotor_tm_keyboard2wrench:/home/swati/Quad_DR/RotorTM/install/rotor_tm_config:/home/swati/Quad_DR/RotorTM/install/payload_control:/opt/ros/humble /opt/cmake-3.28.3-linux-x86_64/bin/cmake --build /home/swati/Quad_DR/RotorTM/build/rotor_tm_msgs -- -j20 -l20
[0.731s] [  0%] Built target rotor_tm_msgs__cpp
[0.731s] [ 12%] Built target rotor_tm_msgs__rosidl_generator_c
[0.731s] [ 12%] Built target ament_cmake_python_copy_rotor_tm_msgs
[0.731s] [ 24%] Built target rotor_tm_msgs__rosidl_typesupport_introspection_c
[0.731s] [ 36%] Built target rotor_tm_msgs__rosidl_typesupport_introspection_cpp
[0.731s] [ 48%] Built target rotor_tm_msgs__rosidl_typesupport_cpp
[0.731s] [ 60%] Built target rotor_tm_msgs__rosidl_typesupport_c
[0.731s] [ 72%] Built target rotor_tm_msgs__rosidl_typesupport_fastrtps_c
[0.732s] [ 84%] Built target rotor_tm_msgs__rosidl_typesupport_fastrtps_cpp
[0.732s] [ 84%] Built target rotor_tm_msgs
[0.732s] [ 85%] Built target rotor_tm_msgs__py
[0.732s] [ 96%] Built target rotor_tm_msgs__rosidl_generator_py
[0.732s] [ 97%] Built target rotor_tm_msgs__rosidl_typesupport_c__pyext
[0.732s] [ 98%] Built target rotor_tm_msgs__rosidl_typesupport_fastrtps_c__pyext
[0.732s] [100%] Built target rotor_tm_msgs__rosidl_typesupport_introspection_c__pyext
[0.732s] running egg_info
[0.732s] writing rotor_tm_msgs.egg-info/PKG-INFO
[0.732s] writing dependency_links to rotor_tm_msgs.egg-info/dependency_links.txt
[0.732s] writing top-level names to rotor_tm_msgs.egg-info/top_level.txt
[0.732s] reading manifest file 'rotor_tm_msgs.egg-info/SOURCES.txt'
[0.732s] writing manifest file 'rotor_tm_msgs.egg-info/SOURCES.txt'
[0.732s] [100%] Built target ament_cmake_python_build_rotor_tm_msgs_egg
[0.918s] Invoked command in '/home/swati/Quad_DR/RotorTM/build/rotor_tm_msgs' returned '0': CMAKE_PREFIX_PATH=${CMAKE_PREFIX_PATH}:/home/swati/Quad_DR/RotorTM/install/rotor_tm_sim:/home/swati/Quad_DR/RotorTM/install/rotor_tm_control:/home/swati/Quad_DR/RotorTM/install/rotor_tm_utils:/home/swati/Quad_DR/RotorTM/install/rotor_tm_traj:/home/swati/Quad_DR/RotorTM/install/rotor_tm_keyboard2wrench:/home/swati/Quad_DR/RotorTM/install/rotor_tm_config:/home/swati/Quad_DR/RotorTM/install/payload_control:/opt/ros/humble /opt/cmake-3.28.3-linux-x86_64/bin/cmake --build /home/swati/Quad_DR/RotorTM/build/rotor_tm_msgs -- -j20 -l20
[1.206s] Invoking command in '/home/swati/Quad_DR/RotorTM/build/rotor_tm_msgs': CMAKE_PREFIX_PATH=${CMAKE_PREFIX_PATH}:/home/swati/Quad_DR/RotorTM/install/rotor_tm_sim:/home/swati/Quad_DR/RotorTM/install/rotor_tm_control:/home/swati/Quad_DR/RotorTM/install/rotor_tm_utils:/home/swati/Quad_DR/RotorTM/install/rotor_tm_traj:/home/swati/Quad_DR/RotorTM/install/rotor_tm_keyboard2wrench:/home/swati/Quad_DR/RotorTM/install/rotor_tm_config:/home/swati/Quad_DR/RotorTM/install/payload_control:/opt/ros/humble /opt/cmake-3.28.3-linux-x86_64/bin/cmake --install /home/swati/Quad_DR/RotorTM/build/rotor_tm_msgs
[1.209s] -- Install configuration: ""
[1.209s] -- Up-to-date: /home/swati/Quad_DR/RotorTM/install/rotor_tm_msgs/share/ament_index/resource_index/rosidl_interfaces/rotor_tm_msgs
[1.209s] -- Up-to-date: /home/swati/Quad_DR/RotorTM/install/rotor_tm_msgs/include/rotor_tm_msgs/rotor_tm_msgs
[1.209s] -- Up-to-date: /home/swati/Quad_DR/RotorTM/install/rotor_tm_msgs/include/rotor_tm_msgs/rotor_tm_msgs/srv
[1.209s] -- Up-to-date: /home/swati/Quad_DR/RotorTM/install/rotor_tm_msgs/include/rotor_tm_msgs/rotor_tm_msgs/srv/vec4.h
[1.209s] -- Up-to-date: /home/swati/Quad_DR/RotorTM/install/rotor_tm_msgs/include/rotor_tm_msgs/rotor_tm_msgs/srv/step_pose.h
[1.209s] -- Up-to-date: /home/swati/Quad_DR/RotorTM/install/rotor_tm_msgs/include/rotor_tm_msgs/rotor_tm_msgs/srv/circle.h
[1.209s] -- Up-to-date: /home/swati/Quad_DR/RotorTM/install/rotor_tm_msgs/include/rotor_tm_msgs/rotor_tm_msgs/srv/detail
[1.210s] -- Up-to-date: /home/swati/Quad_DR/RotorTM/install/rotor_tm_msgs/include/rotor_tm_msgs/rotor_tm_msgs/srv/detail/step_pose__functions.c
[1.210s] -- Up-to-date: /home/swati/Quad_DR/RotorTM/install/rotor_tm_msgs/include/rotor_tm_msgs/rotor_tm_msgs/srv/detail/circle__type_support.h
[1.210s] -- Up-to-date: /home/swati/Quad_DR/RotorTM/install/rotor_tm_msgs/include/rotor_tm_msgs/rotor_tm_msgs/srv/detail/circle_with_rotation__functions.h
[1.210s] -- Up-to-date: /home/swati/Quad_DR/RotorTM/install/rotor_tm_msgs/include/rotor_tm_msgs/rotor_tm_msgs/srv/detail/vec4__type_support.h
[1.210s] -- Up-to-date: /home/swati/Quad_DR/RotorTM/install/rotor_tm_msgs/include/rotor_tm_msgs/rotor_tm_msgs/srv/detail/line__functions.c
[1.210s] -- Up-to-date: /home/swati/Quad_DR/RotorTM/install/rotor_tm_msgs/include/rotor_tm_msgs/rotor_tm_msgs/srv/detail/copr_status_cmd__type_support.h
[1.210s] -- Up-to-date: /home/swati/Quad_DR/RotorTM/install/rotor_tm_msgs/include/rotor_tm_msgs/rotor_tm_msgs/srv/detail/vec4__struct.h
[1.210s] -- Up-to-date: /home/swati/Quad_DR/RotorTM/install/rotor_tm_msgs/include/rotor_tm_msgs/rotor_tm_msgs/srv/detail/line__functions.h
[1.210s] -- Up-to-date: /home/swati/Quad_DR/RotorTM/install/rotor_tm_msgs/include/rotor_tm_msgs/rotor_tm_msgs/srv/detail/step_pose__functions.h
[1.210s] -- Up-to-date: /home/swati/Quad_DR/RotorTM/install/rotor_tm_msgs/include/rotor_tm_msgs/rotor_tm_msgs/srv/detail/line__struct.h
[1.211s] -- Up-to-date: /home/swati/Quad_DR/RotorTM/install/rotor_tm_msgs/include/rotor_tm_msgs/rotor_tm_msgs/srv/detail/step_pose__struct.h
[1.211s] -- Up-to-date: /home/swati/Quad_DR/RotorTM/install/rotor_tm_msgs/include/rotor_tm_msgs/rotor_tm_msgs/srv/detail/circle_with_rotation__struct.h
[1.211s] -- Up-to-date: /home/swati/Quad_DR/RotorTM/install/rotor_tm_msgs/include/rotor_tm_msgs/rotor_tm_msgs/srv/detail/circle_with_rotation__functions.c
[1.211s] -- Up-to-date: /home/swati/Quad_DR/RotorTM/install/rotor_tm_msgs/include/rotor_tm_msgs/rotor_tm_msgs/srv/detail/circle__functions.c
[1.211s] -- Up-to-date: /home/swati/Quad_DR/RotorTM/install/rotor_tm_msgs/include/rotor_tm_msgs/rotor_tm_msgs/srv/detail/copr_status_cmd__functions.c
[1.211s] -- Up-to-date: /home/swati/Quad_DR/RotorTM/install/rotor_tm_msgs/include/rotor_tm_msgs/rotor_tm_msgs/srv/detail/circle__struct.h
[1.211s] -- Up-to-date: /home/swati/Quad_DR/RotorTM/install/rotor_tm_msgs/include/rotor_tm_msgs/rotor_tm_msgs/srv/detail/copr_status_cmd__struct.h
[1.211s] -- Up-to-date: /home/swati/Quad_DR/RotorTM/install/rotor_tm_msgs/include/rotor_tm_msgs/rotor_tm_msgs/srv/detail/circle__functions.h
[1.211s] -- Up-to-date: /home/swati/Quad_DR/RotorTM/install/rotor_tm_msgs/include/rotor_tm_msgs/rotor_tm_msgs/srv/detail/step_pose__type_support.h
[1.211s] -- Up-to-date: /home/swati/Quad_DR/RotorTM/install/rotor_tm_msgs/include/rotor_tm_msgs/rotor_tm_msgs/srv/detail/copr_status_cmd__functions.h
[1.212s] -- Up-to-date: /home/swati/Quad_DR/RotorTM/install/rotor_tm_msgs/include/rotor_tm_msgs/rotor_tm_msgs/srv/detail/vec4__functions.h
[1.212s] -- Up-to-date: /home/swati/Quad_DR/RotorTM/install/rotor_tm_msgs/include/rotor_tm_msgs/rotor_tm_msgs/srv/detail/vec4__functions.c
[1.212s] -- Up-to-date: /home/swati/Quad_DR/RotorTM/install/rotor_tm_msgs/include/rotor_tm_msgs/rotor_tm_msgs/srv/detail/circle_with_rotation__type_support.h
[1.212s] -- Up-to-date: /home/swati/Quad_DR/RotorTM/install/rotor_tm_msgs/include/rotor_tm_msgs/rotor_tm_msgs/srv/detail/line__type_support.h
[1.212s] -- Up-to-date: /home/swati/Quad_DR/RotorTM/install/rotor_tm_msgs/include/rotor_tm_msgs/rotor_tm_msgs/srv/copr_status_cmd.h
[1.212s] -- Up-to-date: /home/swati/Quad_DR/RotorTM/install/rotor_tm_msgs/include/rotor_tm_msgs/rotor_tm_msgs/srv/line.h
[1.212s] -- Up-to-date: /home/swati/Quad_DR/RotorTM/install/rotor_tm_msgs/include/rotor_tm_msgs/rotor_tm_msgs/srv/circle_with_rotation.h
[1.212s] -- Up-to-date: /home/swati/Quad_DR/RotorTM/install/rotor_tm_msgs/include/rotor_tm_msgs/rotor_tm_msgs/msg
[1.213s] -- Up-to-date: /home/swati/Quad_DR/RotorTM/install/rotor_tm_msgs/include/rotor_tm_msgs/rotor_tm_msgs/msg/cen_pl_command.h
[1.213s] -- Up-to-date: /home/swati/Quad_DR/RotorTM/install/rotor_tm_msgs/include/rotor_tm_msgs/rotor_tm_msgs/msg/fm_command.h
[1.213s] -- Up-to-date: /home/swati/Quad_DR/RotorTM/install/rotor_tm_msgs/include/rotor_tm_msgs/rotor_tm_msgs/msg/rpm_command.h
[1.213s] -- Up-to-date: /home/swati/Quad_DR/RotorTM/install/rotor_tm_msgs/include/rotor_tm_msgs/rotor_tm_msgs/msg/trpy_command.h
[1.213s] -- Up-to-date: /home/swati/Quad_DR/RotorTM/install/rotor_tm_msgs/include/rotor_tm_msgs/rotor_tm_msgs/msg/status_data.h
[1.213s] -- Up-to-date: /home/swati/Quad_DR/RotorTM/install/rotor_tm_msgs/include/rotor_tm_msgs/rotor_tm_msgs/msg/so3_command.h
[1.213s] -- Up-to-date: /home/swati/Quad_DR/RotorTM/install/rotor_tm_msgs/include/rotor_tm_msgs/rotor_tm_msgs/msg/detail
[1.213s] -- Up-to-date: /home/swati/Quad_DR/RotorTM/install/rotor_tm_msgs/include/rotor_tm_msgs/rotor_tm_msgs/msg/detail/trpy_command__type_support.h
[1.213s] -- Up-to-date: /home/swati/Quad_DR/RotorTM/install/rotor_tm_msgs/include/rotor_tm_msgs/rotor_tm_msgs/msg/detail/traj_command__functions.c
[1.213s] -- Up-to-date: /home/swati/Quad_DR/RotorTM/install/rotor_tm_msgs/include/rotor_tm_msgs/rotor_tm_msgs/msg/detail/position_command__type_support.h
[1.213s] -- Up-to-date: /home/swati/Quad_DR/RotorTM/install/rotor_tm_msgs/include/rotor_tm_msgs/rotor_tm_msgs/msg/detail/fmn_command__type_support.h
[1.213s] -- Up-to-date: /home/swati/Quad_DR/RotorTM/install/rotor_tm_msgs/include/rotor_tm_msgs/rotor_tm_msgs/msg/detail/so3_command__type_support.h
[1.213s] -- Up-to-date: /home/swati/Quad_DR/RotorTM/install/rotor_tm_msgs/include/rotor_tm_msgs/rotor_tm_msgs/msg/detail/fm_command__functions.c
[1.214s] -- Up-to-date: /home/swati/Quad_DR/RotorTM/install/rotor_tm_msgs/include/rotor_tm_msgs/rotor_tm_msgs/msg/detail/fmn_command__struct.h
[1.214s] -- Up-to-date: /home/swati/Quad_DR/RotorTM/install/rotor_tm_msgs/include/rotor_tm_msgs/rotor_tm_msgs/msg/detail/traj_command__struct.h
[1.214s] -- Up-to-date: /home/swati/Quad_DR/RotorTM/install/rotor_tm_msgs/include/rotor_tm_msgs/rotor_tm_msgs/msg/detail/trpy_command__struct.h
[1.214s] -- Up-to-date: /home/swati/Quad_DR/RotorTM/install/rotor_tm_msgs/include/rotor_tm_msgs/rotor_tm_msgs/msg/detail/rpm_command__struct.h
[1.214s] -- Up-to-date: /home/swati/Quad_DR/RotorTM/install/rotor_tm_msgs/include/rotor_tm_msgs/rotor_tm_msgs/msg/detail/status_data__functions.c
[1.214s] -- Up-to-date: /home/swati/Quad_DR/RotorTM/install/rotor_tm_msgs/include/rotor_tm_msgs/rotor_tm_msgs/msg/detail/position_command__struct.h
[1.214s] -- Up-to-date: /home/swati/Quad_DR/RotorTM/install/rotor_tm_msgs/include/rotor_tm_msgs/rotor_tm_msgs/msg/detail/rpm_command__functions.c
[1.214s] -- Up-to-date: /home/swati/Quad_DR/RotorTM/install/rotor_tm_msgs/include/rotor_tm_msgs/rotor_tm_msgs/msg/detail/status_data__functions.h
[1.214s] -- Up-to-date: /home/swati/Quad_DR/RotorTM/install/rotor_tm_msgs/include/rotor_tm_msgs/rotor_tm_msgs/msg/detail/fmn_command__functions.c
[1.215s] -- Up-to-date: /home/swati/Quad_DR/RotorTM/install/rotor_tm_msgs/include/rotor_tm_msgs/rotor_tm_msgs/msg/detail/position_command__functions.c
[1.215s] -- Up-to-date: /home/swati/Quad_DR/RotorTM/install/rotor_tm_msgs/include/rotor_tm_msgs/rotor_tm_msgs/msg/detail/cen_pl_command__functions.c
[1.215s] -- Up-to-date: /home/swati/Quad_DR/RotorTM/install/rotor_tm_msgs/include/rotor_tm_msgs/rotor_tm_msgs/msg/detail/cen_pl_command__struct.h
[1.215s] -- Up-to-date: /home/swati/Quad_DR/RotorTM/install/rotor_tm_msgs/include/rotor_tm_msgs/rotor_tm_msgs/msg/detail/fm_command__struct.h
[1.215s] -- Up-to-date: /home/swati/Quad_DR/RotorTM/install/rotor_tm_msgs/include/rotor_tm_msgs/rotor_tm_msgs/msg/detail/fmn_command__functions.h
[1.215s] -- Up-to-date: /home/swati/Quad_DR/RotorTM/install/rotor_tm_msgs/include/rotor_tm_msgs/rotor_tm_msgs/msg/detail/trpy_command__functions.h
[1.215s] -- Up-to-date: /home/swati/Quad_DR/RotorTM/install/rotor_tm_msgs/include/rotor_tm_msgs/rotor_tm_msgs/msg/detail/rpm_command__type_support.h
[1.215s] -- Up-to-date: /home/swati/Quad_DR/RotorTM/install/rotor_tm_msgs/include/rotor_tm_msgs/rotor_tm_msgs/msg/detail/so3_command__functions.h
[1.215s] -- Up-to-date: /home/swati/Quad_DR/RotorTM/install/rotor_tm_msgs/include/rotor_tm_msgs/rotor_tm_msgs/msg/detail/trpy_command__functions.c
[1.215s] -- Up-to-date: /home/swati/Quad_DR/RotorTM/install/rotor_tm_msgs/include/rotor_tm_msgs/rotor_tm_msgs/msg/detail/status_data__type_support.h
[1.215s] -- Up-to-date: /home/swati/Quad_DR/RotorTM/install/rotor_tm_msgs/include/rotor_tm_msgs/rotor_tm_msgs/msg/detail/position_command__functions.h
[1.215s] -- Up-to-date: /home/swati/Quad_DR/RotorTM/install/rotor_tm_msgs/include/rotor_tm_msgs/rotor_tm_msgs/msg/detail/status_data__struct.h
[1.215s] -- Up-to-date: /home/swati/Quad_DR/RotorTM/install/rotor_tm_msgs/include/rotor_tm_msgs/rotor_tm_msgs/msg/detail/so3_command__functions.c
[1.216s] -- Up-to-date: /home/swati/Quad_DR/RotorTM/install/rotor_tm_msgs/include/rotor_tm_msgs/rotor_tm_msgs/msg/detail/fm_command__type_support.h
[1.216s] -- Up-to-date: /home/swati/Quad_DR/RotorTM/install/rotor_tm_msgs/include/rotor_tm_msgs/rotor_tm_msgs/msg/detail/cen_pl_command__functions.h
[1.216s] -- Up-to-date: /home/swati/Quad_DR/RotorTM/install/rotor_tm_msgs/include/rotor_tm_msgs/rotor_tm_msgs/msg/detail/cen_pl_command__type_support.h
[1.216s] -- Up-to-date: /home/swati/Quad_DR/RotorTM/install/rotor_tm_msgs/include/rotor_tm_msgs/rotor_tm_msgs/msg/detail/traj_command__type_support.h
[1.216s] -- Up-to-date: /home/swati/Quad_DR/RotorTM/install/rotor_tm_msgs/include/rotor_tm_msgs/rotor_tm_msgs/msg/detail/so3_command__struct.h
[1.216s] -- Up-to-date: /home/swati/Quad_DR/RotorTM/install/rotor_tm_msgs/include/rotor_tm_msgs/rotor_tm_msgs/msg/detail/traj_command__functions.h
[1.216s] -- Up-to-date: /home/swati/Quad_DR/RotorTM/install/rotor_tm_msgs/include/rotor_tm_msgs/rotor_tm_msgs/msg/detail/fm_command__functions.h
[1.216s] -- Up-to-date: /home/swati/Quad_DR/RotorTM/install/rotor_tm_msgs/include/rotor_tm_msgs/rotor_tm_msgs/msg/detail/rpm_command__functions.h
[1.216s] -- Up-to-date: /home/swati/Quad_DR/RotorTM/install/rotor_tm_msgs/include/rotor_tm_msgs/rotor_tm_msgs/msg/fmn_command.h
[1.216s] -- Up-to-date: /home/swati/Quad_DR/RotorTM/install/rotor_tm_msgs/include/rotor_tm_msgs/rotor_tm_msgs/msg/traj_command.h
[1.216s] -- Up-to-date: /home/swati/Quad_DR/RotorTM/install/rotor_tm_msgs/include/rotor_tm_msgs/rotor_tm_msgs/msg/position_command.h
[1.217s] -- Up-to-date: /home/swati/Quad_DR/RotorTM/install/rotor_tm_msgs/include/rotor_tm_msgs/rotor_tm_msgs/msg/rosidl_generator_c__visibility_control.h
[1.217s] -- Up-to-date: /home/swati/Quad_DR/RotorTM/install/rotor_tm_msgs/share/rotor_tm_msgs/environment/library_path.sh
[1.217s] -- Up-to-date: /home/swati/Quad_DR/RotorTM/install/rotor_tm_msgs/share/rotor_tm_msgs/environment/library_path.dsv
[1.217s] -- Up-to-date: /home/swati/Quad_DR/RotorTM/install/rotor_tm_msgs/lib/librotor_tm_msgs__rosidl_generator_c.so
[1.217s] -- Up-to-date: /home/swati/Quad_DR/RotorTM/install/rotor_tm_msgs/include/rotor_tm_msgs/rotor_tm_msgs
[1.217s] -- Up-to-date: /home/swati/Quad_DR/RotorTM/install/rotor_tm_msgs/include/rotor_tm_msgs/rotor_tm_msgs/srv
[1.217s] -- Up-to-date: /home/swati/Quad_DR/RotorTM/install/rotor_tm_msgs/include/rotor_tm_msgs/rotor_tm_msgs/srv/detail
[1.217s] -- Up-to-date: /home/swati/Quad_DR/RotorTM/install/rotor_tm_msgs/include/rotor_tm_msgs/rotor_tm_msgs/srv/detail/line__rosidl_typesupport_fastrtps_c.h
[1.217s] -- Up-to-date: /home/swati/Quad_DR/RotorTM/install/rotor_tm_msgs/include/rotor_tm_msgs/rotor_tm_msgs/srv/detail/step_pose__rosidl_typesupport_fastrtps_c.h
[1.217s] -- Up-to-date: /home/swati/Quad_DR/RotorTM/install/rotor_tm_msgs/include/rotor_tm_msgs/rotor_tm_msgs/srv/detail/circle_with_rotation__rosidl_typesupport_fastrtps_c.h
[1.217s] -- Up-to-date: /home/swati/Quad_DR/RotorTM/install/rotor_tm_msgs/include/rotor_tm_msgs/rotor_tm_msgs/srv/detail/vec4__rosidl_typesupport_fastrtps_c.h
[1.217s] -- Up-to-date: /home/swati/Quad_DR/RotorTM/install/rotor_tm_msgs/include/rotor_tm_msgs/rotor_tm_msgs/srv/detail/circle__rosidl_typesupport_fastrtps_c.h
[1.218s] -- Up-to-date: /home/swati/Quad_DR/RotorTM/install/rotor_tm_msgs/include/rotor_tm_msgs/rotor_tm_msgs/srv/detail/copr_status_cmd__rosidl_typesupport_fastrtps_c.h
[1.218s] -- Up-to-date: /home/swati/Quad_DR/RotorTM/install/rotor_tm_msgs/include/rotor_tm_msgs/rotor_tm_msgs/msg
[1.218s] -- Up-to-date: /home/swati/Quad_DR/RotorTM/install/rotor_tm_msgs/include/rotor_tm_msgs/rotor_tm_msgs/msg/rosidl_typesupport_fastrtps_c__visibility_control.h
[1.218s] -- Up-to-date: /home/swati/Quad_DR/RotorTM/install/rotor_tm_msgs/include/rotor_tm_msgs/rotor_tm_msgs/msg/detail
[1.218s] -- Up-to-date: /home/swati/Quad_DR/RotorTM/install/rotor_tm_msgs/include/rotor_tm_msgs/rotor_tm_msgs/msg/detail/status_data__rosidl_typesupport_fastrtps_c.h
[1.218s] -- Up-to-date: /home/swati/Quad_DR/RotorTM/install/rotor_tm_msgs/include/rotor_tm_msgs/rotor_tm_msgs/msg/detail/so3_command__rosidl_typesupport_fastrtps_c.h
[1.218s] -- Up-to-date: /home/swati/Quad_DR/RotorTM/install/rotor_tm_msgs/include/rotor_tm_msgs/rotor_tm_msgs/msg/detail/rpm_command__rosidl_typesupport_fastrtps_c.h
[1.218s] -- Up-to-date: /home/swati/Quad_DR/RotorTM/install/rotor_tm_msgs/include/rotor_tm_msgs/rotor_tm_msgs/msg/detail/fmn_command__rosidl_typesupport_fastrtps_c.h
[1.218s] -- Up-to-date: /home/swati/Quad_DR/RotorTM/install/rotor_tm_msgs/include/rotor_tm_msgs/rotor_tm_msgs/msg/detail/traj_command__rosidl_typesupport_fastrtps_c.h
[1.218s] -- Up-to-date: /home/swati/Quad_DR/RotorTM/install/rotor_tm_msgs/include/rotor_tm_msgs/rotor_tm_msgs/msg/detail/fm_command__rosidl_typesupport_fastrtps_c.h
[1.218s] -- Up-to-date: /home/swati/Quad_DR/RotorTM/install/rotor_tm_msgs/include/rotor_tm_msgs/rotor_tm_msgs/msg/detail/cen_pl_command__rosidl_typesupport_fastrtps_c.h
[1.218s] -- Up-to-date: /home/swati/Quad_DR/RotorTM/install/rotor_tm_msgs/include/rotor_tm_msgs/rotor_tm_msgs/msg/detail/position_command__rosidl_typesupport_fastrtps_c.h
[1.219s] -- Up-to-date: /home/swati/Quad_DR/RotorTM/install/rotor_tm_msgs/include/rotor_tm_msgs/rotor_tm_msgs/msg/detail/trpy_command__rosidl_typesupport_fastrtps_c.h
[1.219s] -- Up-to-date: /home/swati/Quad_DR/RotorTM/install/rotor_tm_msgs/lib/librotor_tm_msgs__rosidl_typesupport_fastrtps_c.so
[1.219s] -- Up-to-date: /home/swati/Quad_DR/RotorTM/install/rotor_tm_msgs/include/rotor_tm_msgs/rotor_tm_msgs
[1.219s] -- Up-to-date: /home/swati/Quad_DR/RotorTM/install/rotor_tm_msgs/include/rotor_tm_msgs/rotor_tm_msgs/srv
[1.219s] -- Up-to-date: /home/swati/Quad_DR/RotorTM/install/rotor_tm_msgs/include/rotor_tm_msgs/rotor_tm_msgs/srv/detail
[1.219s] -- Up-to-date: /home/swati/Quad_DR/RotorTM/install/rotor_tm_msgs/include/rotor_tm_msgs/rotor_tm_msgs/srv/detail/line__rosidl_typesupport_introspection_c.h
[1.219s] -- Up-to-date: /home/swati/Quad_DR/RotorTM/install/rotor_tm_msgs/include/rotor_tm_msgs/rotor_tm_msgs/srv/detail/step_pose__type_support.c
[1.219s] -- Up-to-date: /home/swati/Quad_DR/RotorTM/install/rotor_tm_msgs/include/rotor_tm_msgs/rotor_tm_msgs/srv/detail/circle__rosidl_typesupport_introspection_c.h
[1.219s] -- Up-to-date: /home/swati/Quad_DR/RotorTM/install/rotor_tm_msgs/include/rotor_tm_msgs/rotor_tm_msgs/srv/detail/circle_with_rotation__rosidl_typesupport_introspection_c.h
[1.219s] -- Up-to-date: /home/swati/Quad_DR/RotorTM/install/rotor_tm_msgs/include/rotor_tm_msgs/rotor_tm_msgs/srv/detail/circle_with_rotation__type_support.c
[1.219s] -- Up-to-date: /home/swati/Quad_DR/RotorTM/install/rotor_tm_msgs/include/rotor_tm_msgs/rotor_tm_msgs/srv/detail/step_pose__rosidl_typesupport_introspection_c.h
[1.219s] -- Up-to-date: /home/swati/Quad_DR/RotorTM/install/rotor_tm_msgs/include/rotor_tm_msgs/rotor_tm_msgs/srv/detail/circle__type_support.c
[1.219s] -- Up-to-date: /home/swati/Quad_DR/RotorTM/install/rotor_tm_msgs/include/rotor_tm_msgs/rotor_tm_msgs/srv/detail/vec4__rosidl_typesupport_introspection_c.h
[1.220s] -- Up-to-date: /home/swati/Quad_DR/RotorTM/install/rotor_tm_msgs/include/rotor_tm_msgs/rotor_tm_msgs/srv/detail/copr_status_cmd__rosidl_typesupport_introspection_c.h
[1.220s] -- Up-to-date: /home/swati/Quad_DR/RotorTM/install/rotor_tm_msgs/include/rotor_tm_msgs/rotor_tm_msgs/srv/detail/line__type_support.c
[1.220s] -- Up-to-date: /home/swati/Quad_DR/RotorTM/install/rotor_tm_msgs/include/rotor_tm_msgs/rotor_tm_msgs/srv/detail/vec4__type_support.c
[1.220s] -- Up-to-date: /home/swati/Quad_DR/RotorTM/install/rotor_tm_msgs/include/rotor_tm_msgs/rotor_tm_msgs/srv/detail/copr_status_cmd__type_support.c
[1.220s] -- Up-to-date: /home/swati/Quad_DR/RotorTM/install/rotor_tm_msgs/include/rotor_tm_msgs/rotor_tm_msgs/msg
[1.220s] -- Up-to-date: /home/swati/Quad_DR/RotorTM/install/rotor_tm_msgs/include/rotor_tm_msgs/rotor_tm_msgs/msg/rosidl_typesupport_introspection_c__visibility_control.h
[1.220s] -- Up-to-date: /home/swati/Quad_DR/RotorTM/install/rotor_tm_msgs/include/rotor_tm_msgs/rotor_tm_msgs/msg/detail
[1.220s] -- Up-to-date: /home/swati/Quad_DR/RotorTM/install/rotor_tm_msgs/include/rotor_tm_msgs/rotor_tm_msgs/msg/detail/traj_command__type_support.c
[1.220s] -- Up-to-date: /home/swati/Quad_DR/RotorTM/install/rotor_tm_msgs/include/rotor_tm_msgs/rotor_tm_msgs/msg/detail/rpm_command__rosidl_typesupport_introspection_c.h
[1.220s] -- Up-to-date: /home/swati/Quad_DR/RotorTM/install/rotor_tm_msgs/include/rotor_tm_msgs/rotor_tm_msgs/msg/detail/trpy_command__type_support.c
[1.220s] -- Up-to-date: /home/swati/Quad_DR/RotorTM/install/rotor_tm_msgs/include/rotor_tm_msgs/rotor_tm_msgs/msg/detail/so3_command__rosidl_typesupport_introspection_c.h
[1.220s] -- Up-to-date: /home/swati/Quad_DR/RotorTM/install/rotor_tm_msgs/include/rotor_tm_msgs/rotor_tm_msgs/msg/detail/status_data__type_support.c
[1.220s] -- Up-to-date: /home/swati/Quad_DR/RotorTM/install/rotor_tm_msgs/include/rotor_tm_msgs/rotor_tm_msgs/msg/detail/fmn_command__rosidl_typesupport_introspection_c.h
[1.221s] -- Up-to-date: /home/swati/Quad_DR/RotorTM/install/rotor_tm_msgs/include/rotor_tm_msgs/rotor_tm_msgs/msg/detail/status_data__rosidl_typesupport_introspection_c.h
[1.221s] -- Up-to-date: /home/swati/Quad_DR/RotorTM/install/rotor_tm_msgs/include/rotor_tm_msgs/rotor_tm_msgs/msg/detail/cen_pl_command__rosidl_typesupport_introspection_c.h
[1.221s] -- Up-to-date: /home/swati/Quad_DR/RotorTM/install/rotor_tm_msgs/include/rotor_tm_msgs/rotor_tm_msgs/msg/detail/fmn_command__type_support.c
[1.221s] -- Up-to-date: /home/swati/Quad_DR/RotorTM/install/rotor_tm_msgs/include/rotor_tm_msgs/rotor_tm_msgs/msg/detail/fm_command__rosidl_typesupport_introspection_c.h
[1.221s] -- Up-to-date: /home/swati/Quad_DR/RotorTM/install/rotor_tm_msgs/include/rotor_tm_msgs/rotor_tm_msgs/msg/detail/rpm_command__type_support.c
[1.221s] -- Up-to-date: /home/swati/Quad_DR/RotorTM/install/rotor_tm_msgs/include/rotor_tm_msgs/rotor_tm_msgs/msg/detail/trpy_command__rosidl_typesupport_introspection_c.h
[1.221s] -- Up-to-date: /home/swati/Quad_DR/RotorTM/install/rotor_tm_msgs/include/rotor_tm_msgs/rotor_tm_msgs/msg/detail/traj_command__rosidl_typesupport_introspection_c.h
[1.221s] -- Up-to-date: /home/swati/Quad_DR/RotorTM/install/rotor_tm_msgs/include/rotor_tm_msgs/rotor_tm_msgs/msg/detail/so3_command__type_support.c
[1.221s] -- Up-to-date: /home/swati/Quad_DR/RotorTM/install/rotor_tm_msgs/include/rotor_tm_msgs/rotor_tm_msgs/msg/detail/fm_command__type_support.c
[1.221s] -- Up-to-date: /home/swati/Quad_DR/RotorTM/install/rotor_tm_msgs/include/rotor_tm_msgs/rotor_tm_msgs/msg/detail/position_command__rosidl_typesupport_introspection_c.h
[1.221s] -- Up-to-date: /home/swati/Quad_DR/RotorTM/install/rotor_tm_msgs/include/rotor_tm_msgs/rotor_tm_msgs/msg/detail/position_command__type_support.c
[1.221s] -- Up-to-date: /home/swati/Quad_DR/RotorTM/install/rotor_tm_msgs/include/rotor_tm_msgs/rotor_tm_msgs/msg/detail/cen_pl_command__type_support.c
[1.221s] -- Up-to-date: /home/swati/Quad_DR/RotorTM/install/rotor_tm_msgs/lib/librotor_tm_msgs__rosidl_typesupport_introspection_c.so
[1.221s] -- Up-to-date: /home/swati/Quad_DR/RotorTM/install/rotor_tm_msgs/lib/librotor_tm_msgs__rosidl_typesupport_c.so
[1.221s] -- Up-to-date: /home/swati/Quad_DR/RotorTM/install/rotor_tm_msgs/include/rotor_tm_msgs/rotor_tm_msgs
[1.222s] -- Up-to-date: /home/swati/Quad_DR/RotorTM/install/rotor_tm_msgs/include/rotor_tm_msgs/rotor_tm_msgs/srv
[1.222s] -- Up-to-date: /home/swati/Quad_DR/RotorTM/install/rotor_tm_msgs/include/rotor_tm_msgs/rotor_tm_msgs/srv/vec4.hpp
[1.222s] -- Up-to-date: /home/swati/Quad_DR/RotorTM/install/rotor_tm_msgs/include/rotor_tm_msgs/rotor_tm_msgs/srv/copr_status_cmd.hpp
[1.222s] -- Up-to-date: /home/swati/Quad_DR/RotorTM/install/rotor_tm_msgs/include/rotor_tm_msgs/rotor_tm_msgs/srv/circle_with_rotation.hpp
[1.222s] -- Up-to-date: /home/swati/Quad_DR/RotorTM/install/rotor_tm_msgs/include/rotor_tm_msgs/rotor_tm_msgs/srv/line.hpp
[1.222s] -- Up-to-date: /home/swati/Quad_DR/RotorTM/install/rotor_tm_msgs/include/rotor_tm_msgs/rotor_tm_msgs/srv/step_pose.hpp
[1.222s] -- Up-to-date: /home/swati/Quad_DR/RotorTM/install/rotor_tm_msgs/include/rotor_tm_msgs/rotor_tm_msgs/srv/detail
[1.222s] -- Up-to-date: /home/swati/Quad_DR/RotorTM/install/rotor_tm_msgs/include/rotor_tm_msgs/rotor_tm_msgs/srv/detail/step_pose__struct.hpp
[1.222s] -- Up-to-date: /home/swati/Quad_DR/RotorTM/install/rotor_tm_msgs/include/rotor_tm_msgs/rotor_tm_msgs/srv/detail/copr_status_cmd__traits.hpp
[1.222s] -- Up-to-date: /home/swati/Quad_DR/RotorTM/install/rotor_tm_msgs/include/rotor_tm_msgs/rotor_tm_msgs/srv/detail/copr_status_cmd__builder.hpp
[1.222s] -- Up-to-date: /home/swati/Quad_DR/RotorTM/install/rotor_tm_msgs/include/rotor_tm_msgs/rotor_tm_msgs/srv/detail/line__struct.hpp
[1.222s] -- Up-to-date: /home/swati/Quad_DR/RotorTM/install/rotor_tm_msgs/include/rotor_tm_msgs/rotor_tm_msgs/srv/detail/circle_with_rotation__struct.hpp
[1.222s] -- Up-to-date: /home/swati/Quad_DR/RotorTM/install/rotor_tm_msgs/include/rotor_tm_msgs/rotor_tm_msgs/srv/detail/circle_with_rotation__traits.hpp
[1.222s] -- Up-to-date: /home/swati/Quad_DR/RotorTM/install/rotor_tm_msgs/include/rotor_tm_msgs/rotor_tm_msgs/srv/detail/vec4__struct.hpp
[1.223s] -- Up-to-date: /home/swati/Quad_DR/RotorTM/install/rotor_tm_msgs/include/rotor_tm_msgs/rotor_tm_msgs/srv/detail/circle__traits.hpp
[1.223s] -- Up-to-date: /home/swati/Quad_DR/RotorTM/install/rotor_tm_msgs/include/rotor_tm_msgs/rotor_tm_msgs/srv/detail/line__traits.hpp
[1.223s] -- Up-to-date: /home/swati/Quad_DR/RotorTM/install/rotor_tm_msgs/include/rotor_tm_msgs/rotor_tm_msgs/srv/detail/line__builder.hpp
[1.223s] -- Up-to-date: /home/swati/Quad_DR/RotorTM/install/rotor_tm_msgs/include/rotor_tm_msgs/rotor_tm_msgs/srv/detail/circle_with_rotation__builder.hpp
[1.223s] -- Up-to-date: /home/swati/Quad_DR/RotorTM/install/rotor_tm_msgs/include/rotor_tm_msgs/rotor_tm_msgs/srv/detail/step_pose__traits.hpp
[1.223s] -- Up-to-date: /home/swati/Quad_DR/RotorTM/install/rotor_tm_msgs/include/rotor_tm_msgs/rotor_tm_msgs/srv/detail/copr_status_cmd__struct.hpp
[1.223s] -- Up-to-date: /home/swati/Quad_DR/RotorTM/install/rotor_tm_msgs/include/rotor_tm_msgs/rotor_tm_msgs/srv/detail/step_pose__builder.hpp
[1.223s] -- Up-to-date: /home/swati/Quad_DR/RotorTM/install/rotor_tm_msgs/include/rotor_tm_msgs/rotor_tm_msgs/srv/detail/vec4__traits.hpp
[1.223s] -- Up-to-date: /home/swati/Quad_DR/RotorTM/install/rotor_tm_msgs/include/rotor_tm_msgs/rotor_tm_msgs/srv/detail/vec4__builder.hpp
[1.223s] -- Up-to-date: /home/swati/Quad_DR/RotorTM/install/rotor_tm_msgs/include/rotor_tm_msgs/rotor_tm_msgs/srv/detail/circle__builder.hpp
[1.223s] -- Up-to-date: /home/swati/Quad_DR/RotorTM/install/rotor_tm_msgs/include/rotor_tm_msgs/rotor_tm_msgs/srv/detail/circle__struct.hpp
[1.223s] -- Up-to-date: /home/swati/Quad_DR/RotorTM/install/rotor_tm_msgs/include/rotor_tm_msgs/rotor_tm_msgs/srv/circle.hpp
[1.223s] -- Up-to-date: /home/swati/Quad_DR/RotorTM/install/rotor_tm_msgs/include/rotor_tm_msgs/rotor_tm_msgs/msg
[1.223s] -- Up-to-date: /home/swati/Quad_DR/RotorTM/install/rotor_tm_msgs/include/rotor_tm_msgs/rotor_tm_msgs/msg/status_data.hpp
[1.223s] -- Up-to-date: /home/swati/Quad_DR/RotorTM/install/rotor_tm_msgs/include/rotor_tm_msgs/rotor_tm_msgs/msg/fmn_command.hpp
[1.224s] -- Up-to-date: /home/swati/Quad_DR/RotorTM/install/rotor_tm_msgs/include/rotor_tm_msgs/rotor_tm_msgs/msg/traj_command.hpp
[1.224s] -- Up-to-date: /home/swati/Quad_DR/RotorTM/install/rotor_tm_msgs/include/rotor_tm_msgs/rotor_tm_msgs/msg/rpm_command.hpp
[1.224s] -- Up-to-date: /home/swati/Quad_DR/RotorTM/install/rotor_tm_msgs/include/rotor_tm_msgs/rotor_tm_msgs/msg/trpy_command.hpp
[1.224s] -- Up-to-date: /home/swati/Quad_DR/RotorTM/install/rotor_tm_msgs/include/rotor_tm_msgs/rotor_tm_msgs/msg/so3_command.hpp
[1.224s] -- Up-to-date: /home/swati/Quad_DR/RotorTM/install/rotor_tm_msgs/include/rotor_tm_msgs/rotor_tm_msgs/msg/fm_command.hpp
[1.224s] -- Up-to-date: /home/swati/Quad_DR/RotorTM/install/rotor_tm_msgs/include/rotor_tm_msgs/rotor_tm_msgs/msg/detail
[1.224s] -- Up-to-date: /home/swati/Quad_DR/RotorTM/install/rotor_tm_msgs/include/rotor_tm_msgs/rotor_tm_msgs/msg/detail/position_command__traits.hpp
[1.224s] -- Up-to-date: /home/swati/Quad_DR/RotorTM/install/rotor_tm_msgs/include/rotor_tm_msgs/rotor_tm_msgs/msg/detail/so3_command__traits.hpp
[1.224s] -- Up-to-date: /home/swati/Quad_DR/RotorTM/install/rotor_tm_msgs/include/rotor_tm_msgs/rotor_tm_msgs/msg/detail/fmn_command__struct.hpp
[1.224s] -- Up-to-date: /home/swati/Quad_DR/RotorTM/install/rotor_tm_msgs/include/rotor_tm_msgs/rotor_tm_msgs/msg/detail/fm_command__builder.hpp
[1.224s] -- Up-to-date: /home/swati/Quad_DR/RotorTM/install/rotor_tm_msgs/include/rotor_tm_msgs/rotor_tm_msgs/msg/detail/trpy_command__builder.hpp
[1.224s] -- Up-to-date: /home/swati/Quad_DR/RotorTM/install/rotor_tm_msgs/include/rotor_tm_msgs/rotor_tm_msgs/msg/detail/cen_pl_command__builder.hpp
[1.224s] -- Up-to-date: /home/swati/Quad_DR/RotorTM/install/rotor_tm_msgs/include/rotor_tm_msgs/rotor_tm_msgs/msg/detail/fm_command__traits.hpp
[1.224s] -- Up-to-date: /home/swati/Quad_DR/RotorTM/install/rotor_tm_msgs/include/rotor_tm_msgs/rotor_tm_msgs/msg/detail/cen_pl_command__traits.hpp
[1.224s] -- Up-to-date: /home/swati/Quad_DR/RotorTM/install/rotor_tm_msgs/include/rotor_tm_msgs/rotor_tm_msgs/msg/detail/status_data__traits.hpp
[1.225s] -- Up-to-date: /home/swati/Quad_DR/RotorTM/install/rotor_tm_msgs/include/rotor_tm_msgs/rotor_tm_msgs/msg/detail/status_data__builder.hpp
[1.225s] -- Up-to-date: /home/swati/Quad_DR/RotorTM/install/rotor_tm_msgs/include/rotor_tm_msgs/rotor_tm_msgs/msg/detail/so3_command__struct.hpp
[1.225s] -- Up-to-date: /home/swati/Quad_DR/RotorTM/install/rotor_tm_msgs/include/rotor_tm_msgs/rotor_tm_msgs/msg/detail/rpm_command__traits.hpp
[1.225s] -- Up-to-date: /home/swati/Quad_DR/RotorTM/install/rotor_tm_msgs/include/rotor_tm_msgs/rotor_tm_msgs/msg/detail/rpm_command__builder.hpp
[1.225s] -- Up-to-date: /home/swati/Quad_DR/RotorTM/install/rotor_tm_msgs/include/rotor_tm_msgs/rotor_tm_msgs/msg/detail/position_command__struct.hpp
[1.225s] -- Up-to-date: /home/swati/Quad_DR/RotorTM/install/rotor_tm_msgs/include/rotor_tm_msgs/rotor_tm_msgs/msg/detail/position_command__builder.hpp
[1.225s] -- Up-to-date: /home/swati/Quad_DR/RotorTM/install/rotor_tm_msgs/include/rotor_tm_msgs/rotor_tm_msgs/msg/detail/fmn_command__traits.hpp
[1.225s] -- Up-to-date: /home/swati/Quad_DR/RotorTM/install/rotor_tm_msgs/include/rotor_tm_msgs/rotor_tm_msgs/msg/detail/fmn_command__builder.hpp
[1.225s] -- Up-to-date: /home/swati/Quad_DR/RotorTM/install/rotor_tm_msgs/include/rotor_tm_msgs/rotor_tm_msgs/msg/detail/status_data__struct.hpp
[1.225s] -- Up-to-date: /home/swati/Quad_DR/RotorTM/install/rotor_tm_msgs/include/rotor_tm_msgs/rotor_tm_msgs/msg/detail/traj_command__struct.hpp
[1.225s] -- Up-to-date: /home/swati/Quad_DR/RotorTM/install/rotor_tm_msgs/include/rotor_tm_msgs/rotor_tm_msgs/msg/detail/traj_command__traits.hpp
[1.225s] -- Up-to-date: /home/swati/Quad_DR/RotorTM/install/rotor_tm_msgs/include/rotor_tm_msgs/rotor_tm_msgs/msg/detail/so3_command__builder.hpp
[1.225s] -- Up-to-date: /home/swati/Quad_DR/RotorTM/install/rotor_tm_msgs/include/rotor_tm_msgs/rotor_tm_msgs/msg/detail/rpm_command__struct.hpp
[1.225s] -- Up-to-date: /home/swati/Quad_DR/RotorTM/install/rotor_tm_msgs/include/rotor_tm_msgs/rotor_tm_msgs/msg/detail/trpy_command__struct.hpp
[1.225s] -- Up-to-date: /home/swati/Quad_DR/RotorTM/install/rotor_tm_msgs/include/rotor_tm_msgs/rotor_tm_msgs/msg/detail/fm_command__struct.hpp
[1.226s] -- Up-to-date: /home/swati/Quad_DR/RotorTM/install/rotor_tm_msgs/include/rotor_tm_msgs/rotor_tm_msgs/msg/detail/traj_command__builder.hpp
[1.226s] -- Up-to-date: /home/swati/Quad_DR/RotorTM/install/rotor_tm_msgs/include/rotor_tm_msgs/rotor_tm_msgs/msg/detail/trpy_command__traits.hpp
[1.226s] -- Up-to-date: /home/swati/Quad_DR/RotorTM/install/rotor_tm_msgs/include/rotor_tm_msgs/rotor_tm_msgs/msg/detail/cen_pl_command__struct.hpp
[1.226s] -- Up-to-date: /home/swati/Quad_DR/RotorTM/install/rotor_tm_msgs/include/rotor_tm_msgs/rotor_tm_msgs/msg/cen_pl_command.hpp
[1.226s] -- Up-to-date: /home/swati/Quad_DR/RotorTM/install/rotor_tm_msgs/include/rotor_tm_msgs/rotor_tm_msgs/msg/position_command.hpp
[1.226s] -- Up-to-date: /home/swati/Quad_DR/RotorTM/install/rotor_tm_msgs/include/rotor_tm_msgs/rotor_tm_msgs
[1.226s] -- Up-to-date: /home/swati/Quad_DR/RotorTM/install/rotor_tm_msgs/include/rotor_tm_msgs/rotor_tm_msgs/srv
[1.226s] -- Up-to-date: /home/swati/Quad_DR/RotorTM/install/rotor_tm_msgs/include/rotor_tm_msgs/rotor_tm_msgs/srv/detail
[1.226s] -- Up-to-date: /home/swati/Quad_DR/RotorTM/install/rotor_tm_msgs/include/rotor_tm_msgs/rotor_tm_msgs/srv/detail/vec4__rosidl_typesupport_fastrtps_cpp.hpp
[1.226s] -- Up-to-date: /home/swati/Quad_DR/RotorTM/install/rotor_tm_msgs/include/rotor_tm_msgs/rotor_tm_msgs/srv/detail/step_pose__rosidl_typesupport_fastrtps_cpp.hpp
[1.226s] -- Up-to-date: /home/swati/Quad_DR/RotorTM/install/rotor_tm_msgs/include/rotor_tm_msgs/rotor_tm_msgs/srv/detail/circle_with_rotation__rosidl_typesupport_fastrtps_cpp.hpp
[1.226s] -- Up-to-date: /home/swati/Quad_DR/RotorTM/install/rotor_tm_msgs/include/rotor_tm_msgs/rotor_tm_msgs/srv/detail/copr_status_cmd__rosidl_typesupport_fastrtps_cpp.hpp
[1.226s] -- Up-to-date: /home/swati/Quad_DR/RotorTM/install/rotor_tm_msgs/include/rotor_tm_msgs/rotor_tm_msgs/srv/detail/circle__rosidl_typesupport_fastrtps_cpp.hpp
[1.226s] -- Up-to-date: /home/swati/Quad_DR/RotorTM/install/rotor_tm_msgs/include/rotor_tm_msgs/rotor_tm_msgs/srv/detail/line__rosidl_typesupport_fastrtps_cpp.hpp
[1.226s] -- Up-to-date: /home/swati/Quad_DR/RotorTM/install/rotor_tm_msgs/include/rotor_tm_msgs/rotor_tm_msgs/srv/detail/dds_fastrtps
[1.227s] -- Up-to-date: /home/swati/Quad_DR/RotorTM/install/rotor_tm_msgs/include/rotor_tm_msgs/rotor_tm_msgs/msg
[1.227s] -- Up-to-date: /home/swati/Quad_DR/RotorTM/install/rotor_tm_msgs/include/rotor_tm_msgs/rotor_tm_msgs/msg/rosidl_typesupport_fastrtps_cpp__visibility_control.h
[1.227s] -- Up-to-date: /home/swati/Quad_DR/RotorTM/install/rotor_tm_msgs/include/rotor_tm_msgs/rotor_tm_msgs/msg/detail
[1.227s] -- Up-to-date: /home/swati/Quad_DR/RotorTM/install/rotor_tm_msgs/include/rotor_tm_msgs/rotor_tm_msgs/msg/detail/status_data__rosidl_typesupport_fastrtps_cpp.hpp
[1.227s] -- Up-to-date: /home/swati/Quad_DR/RotorTM/install/rotor_tm_msgs/include/rotor_tm_msgs/rotor_tm_msgs/msg/detail/fmn_command__rosidl_typesupport_fastrtps_cpp.hpp
[1.227s] -- Up-to-date: /home/swati/Quad_DR/RotorTM/install/rotor_tm_msgs/include/rotor_tm_msgs/rotor_tm_msgs/msg/detail/position_command__rosidl_typesupport_fastrtps_cpp.hpp
[1.227s] -- Up-to-date: /home/swati/Quad_DR/RotorTM/install/rotor_tm_msgs/include/rotor_tm_msgs/rotor_tm_msgs/msg/detail/so3_command__rosidl_typesupport_fastrtps_cpp.hpp
[1.227s] -- Up-to-date: /home/swati/Quad_DR/RotorTM/install/rotor_tm_msgs/include/rotor_tm_msgs/rotor_tm_msgs/msg/detail/trpy_command__rosidl_typesupport_fastrtps_cpp.hpp
[1.227s] -- Up-to-date: /home/swati/Quad_DR/RotorTM/install/rotor_tm_msgs/include/rotor_tm_msgs/rotor_tm_msgs/msg/detail/rpm_command__rosidl_typesupport_fastrtps_cpp.hpp
[1.227s] -- Up-to-date: /home/swati/Quad_DR/RotorTM/install/rotor_tm_msgs/include/rotor_tm_msgs/rotor_tm_msgs/msg/detail/fm_command__rosidl_typesupport_fastrtps_cpp.hpp
[1.227s] -- Up-to-date: /home/swati/Quad_DR/RotorTM/install/rotor_tm_msgs/include/rotor_tm_msgs/rotor_tm_msgs/msg/detail/traj_command__rosidl_typesupport_fastrtps_cpp.hpp
[1.227s] -- Up-to-date: /home/swati/Quad_DR/RotorTM/install/rotor_tm_msgs/include/rotor_tm_msgs/rotor_tm_msgs/msg/detail/cen_pl_command__rosidl_typesupport_fastrtps_cpp.hpp
[1.227s] -- Up-to-date: /home/swati/Quad_DR/RotorTM/install/rotor_tm_msgs/include/rotor_tm_msgs/rotor_tm_msgs/msg/detail/dds_fastrtps
[1.227s] -- Up-to-date: /home/swati/Quad_DR/RotorTM/install/rotor_tm_msgs/lib/librotor_tm_msgs__rosidl_typesupport_fastrtps_cpp.so
[1.228s] -- Up-to-date: /home/swati/Quad_DR/RotorTM/install/rotor_tm_msgs/include/rotor_tm_msgs/rotor_tm_msgs
[1.228s] -- Up-to-date: /home/swati/Quad_DR/RotorTM/install/rotor_tm_msgs/include/rotor_tm_msgs/rotor_tm_msgs/srv
[1.228s] -- Up-to-date: /home/swati/Quad_DR/RotorTM/install/rotor_tm_msgs/include/rotor_tm_msgs/rotor_tm_msgs/srv/detail
[1.228s] -- Up-to-date: /home/swati/Quad_DR/RotorTM/install/rotor_tm_msgs/include/rotor_tm_msgs/rotor_tm_msgs/srv/detail/copr_status_cmd__type_support.cpp
[1.228s] -- Up-to-date: /home/swati/Quad_DR/RotorTM/install/rotor_tm_msgs/include/rotor_tm_msgs/rotor_tm_msgs/srv/detail/line__rosidl_typesupport_introspection_cpp.hpp
[1.228s] -- Up-to-date: /home/swati/Quad_DR/RotorTM/install/rotor_tm_msgs/include/rotor_tm_msgs/rotor_tm_msgs/srv/detail/step_pose__rosidl_typesupport_introspection_cpp.hpp
[1.228s] -- Up-to-date: /home/swati/Quad_DR/RotorTM/install/rotor_tm_msgs/include/rotor_tm_msgs/rotor_tm_msgs/srv/detail/circle__type_support.cpp
[1.228s] -- Up-to-date: /home/swati/Quad_DR/RotorTM/install/rotor_tm_msgs/include/rotor_tm_msgs/rotor_tm_msgs/srv/detail/vec4__rosidl_typesupport_introspection_cpp.hpp
[1.228s] -- Up-to-date: /home/swati/Quad_DR/RotorTM/install/rotor_tm_msgs/include/rotor_tm_msgs/rotor_tm_msgs/srv/detail/step_pose__type_support.cpp
[1.228s] -- Up-to-date: /home/swati/Quad_DR/RotorTM/install/rotor_tm_msgs/include/rotor_tm_msgs/rotor_tm_msgs/srv/detail/copr_status_cmd__rosidl_typesupport_introspection_cpp.hpp
[1.228s] -- Up-to-date: /home/swati/Quad_DR/RotorTM/install/rotor_tm_msgs/include/rotor_tm_msgs/rotor_tm_msgs/srv/detail/vec4__type_support.cpp
[1.228s] -- Up-to-date: /home/swati/Quad_DR/RotorTM/install/rotor_tm_msgs/include/rotor_tm_msgs/rotor_tm_msgs/srv/detail/circle_with_rotation__rosidl_typesupport_introspection_cpp.hpp
[1.228s] -- Up-to-date: /home/swati/Quad_DR/RotorTM/install/rotor_tm_msgs/include/rotor_tm_msgs/rotor_tm_msgs/srv/detail/circle_with_rotation__type_support.cpp
[1.228s] -- Up-to-date: /home/swati/Quad_DR/RotorTM/install/rotor_tm_msgs/include/rotor_tm_msgs/rotor_tm_msgs/srv/detail/circle__rosidl_typesupport_introspection_cpp.hpp
[1.228s] -- Up-to-date: /home/swati/Quad_DR/RotorTM/install/rotor_tm_msgs/include/rotor_tm_msgs/rotor_tm_msgs/srv/detail/line__type_support.cpp
[1.229s] -- Up-to-date: /home/swati/Quad_DR/RotorTM/install/rotor_tm_msgs/include/rotor_tm_msgs/rotor_tm_msgs/msg
[1.229s] -- Up-to-date: /home/swati/Quad_DR/RotorTM/install/rotor_tm_msgs/include/rotor_tm_msgs/rotor_tm_msgs/msg/detail
[1.229s] -- Up-to-date: /home/swati/Quad_DR/RotorTM/install/rotor_tm_msgs/include/rotor_tm_msgs/rotor_tm_msgs/msg/detail/fmn_command__type_support.cpp
[1.229s] -- Up-to-date: /home/swati/Quad_DR/RotorTM/install/rotor_tm_msgs/include/rotor_tm_msgs/rotor_tm_msgs/msg/detail/cen_pl_command__type_support.cpp
[1.229s] -- Up-to-date: /home/swati/Quad_DR/RotorTM/install/rotor_tm_msgs/include/rotor_tm_msgs/rotor_tm_msgs/msg/detail/rpm_command__type_support.cpp
[1.229s] -- Up-to-date: /home/swati/Quad_DR/RotorTM/install/rotor_tm_msgs/include/rotor_tm_msgs/rotor_tm_msgs/msg/detail/traj_command__type_support.cpp
[1.229s] -- Up-to-date: /home/swati/Quad_DR/RotorTM/install/rotor_tm_msgs/include/rotor_tm_msgs/rotor_tm_msgs/msg/detail/cen_pl_command__rosidl_typesupport_introspection_cpp.hpp
[1.229s] -- Up-to-date: /home/swati/Quad_DR/RotorTM/install/rotor_tm_msgs/include/rotor_tm_msgs/rotor_tm_msgs/msg/detail/trpy_command__type_support.cpp
[1.229s] -- Up-to-date: /home/swati/Quad_DR/RotorTM/install/rotor_tm_msgs/include/rotor_tm_msgs/rotor_tm_msgs/msg/detail/fmn_command__rosidl_typesupport_introspection_cpp.hpp
[1.229s] -- Up-to-date: /home/swati/Quad_DR/RotorTM/install/rotor_tm_msgs/include/rotor_tm_msgs/rotor_tm_msgs/msg/detail/position_command__rosidl_typesupport_introspection_cpp.hpp
[1.229s] -- Up-to-date: /home/swati/Quad_DR/RotorTM/install/rotor_tm_msgs/include/rotor_tm_msgs/rotor_tm_msgs/msg/detail/so3_command__rosidl_typesupport_introspection_cpp.hpp
[1.229s] -- Up-to-date: /home/swati/Quad_DR/RotorTM/install/rotor_tm_msgs/include/rotor_tm_msgs/rotor_tm_msgs/msg/detail/status_data__rosidl_typesupport_introspection_cpp.hpp
[1.229s] -- Up-to-date: /home/swati/Quad_DR/RotorTM/install/rotor_tm_msgs/include/rotor_tm_msgs/rotor_tm_msgs/msg/detail/trpy_command__rosidl_typesupport_introspection_cpp.hpp
[1.229s] -- Up-to-date: /home/swati/Quad_DR/RotorTM/install/rotor_tm_msgs/include/rotor_tm_msgs/rotor_tm_msgs/msg/detail/position_command__type_support.cpp
[1.229s] -- Up-to-date: /home/swati/Quad_DR/RotorTM/install/rotor_tm_msgs/include/rotor_tm_msgs/rotor_tm_msgs/msg/detail/rpm_command__rosidl_typesupport_introspection_cpp.hpp
[1.230s] -- Up-to-date: /home/swati/Quad_DR/RotorTM/install/rotor_tm_msgs/include/rotor_tm_msgs/rotor_tm_msgs/msg/detail/traj_command__rosidl_typesupport_introspection_cpp.hpp
[1.230s] -- Up-to-date: /home/swati/Quad_DR/RotorTM/install/rotor_tm_msgs/include/rotor_tm_msgs/rotor_tm_msgs/msg/detail/so3_command__type_support.cpp
[1.230s] -- Up-to-date: /home/swati/Quad_DR/RotorTM/install/rotor_tm_msgs/include/rotor_tm_msgs/rotor_tm_msgs/msg/detail/fm_command__rosidl_typesupport_introspection_cpp.hpp
[1.230s] -- Up-to-date: /home/swati/Quad_DR/RotorTM/install/rotor_tm_msgs/include/rotor_tm_msgs/rotor_tm_msgs/msg/detail/status_data__type_support.cpp
[1.230s] -- Up-to-date: /home/swati/Quad_DR/RotorTM/install/rotor_tm_msgs/include/rotor_tm_msgs/rotor_tm_msgs/msg/detail/fm_command__type_support.cpp
[1.230s] -- Up-to-date: /home/swati/Quad_DR/RotorTM/install/rotor_tm_msgs/lib/librotor_tm_msgs__rosidl_typesupport_introspection_cpp.so
[1.230s] -- Up-to-date: /home/swati/Quad_DR/RotorTM/install/rotor_tm_msgs/lib/librotor_tm_msgs__rosidl_typesupport_cpp.so
[1.230s] -- Up-to-date: /home/swati/Quad_DR/RotorTM/install/rotor_tm_msgs/share/rotor_tm_msgs/environment/pythonpath.sh
[1.230s] -- Up-to-date: /home/swati/Quad_DR/RotorTM/install/rotor_tm_msgs/share/rotor_tm_msgs/environment/pythonpath.dsv
[1.230s] -- Up-to-date: /home/swati/Quad_DR/RotorTM/install/rotor_tm_msgs/local/lib/python3.10/dist-packages/rotor_tm_msgs-0.0.0-py3.10.egg-info
[1.230s] -- Installing: /home/swati/Quad_DR/RotorTM/install/rotor_tm_msgs/local/lib/python3.10/dist-packages/rotor_tm_msgs-0.0.0-py3.10.egg-info/top_level.txt
[1.230s] -- Installing: /home/swati/Quad_DR/RotorTM/install/rotor_tm_msgs/local/lib/python3.10/dist-packages/rotor_tm_msgs-0.0.0-py3.10.egg-info/PKG-INFO
[1.230s] -- Installing: /home/swati/Quad_DR/RotorTM/install/rotor_tm_msgs/local/lib/python3.10/dist-packages/rotor_tm_msgs-0.0.0-py3.10.egg-info/SOURCES.txt
[1.230s] -- Installing: /home/swati/Quad_DR/RotorTM/install/rotor_tm_msgs/local/lib/python3.10/dist-packages/rotor_tm_msgs-0.0.0-py3.10.egg-info/dependency_links.txt
[1.230s] -- Up-to-date: /home/swati/Quad_DR/RotorTM/install/rotor_tm_msgs/local/lib/python3.10/dist-packages/rotor_tm_msgs
[1.231s] -- Up-to-date: /home/swati/Quad_DR/RotorTM/install/rotor_tm_msgs/local/lib/python3.10/dist-packages/rotor_tm_msgs/_rotor_tm_msgs_s.ep.rosidl_typesupport_introspection_c.c
[1.231s] -- Up-to-date: /home/swati/Quad_DR/RotorTM/install/rotor_tm_msgs/local/lib/python3.10/dist-packages/rotor_tm_msgs/librotor_tm_msgs__rosidl_generator_py.so
[1.231s] -- Up-to-date: /home/swati/Quad_DR/RotorTM/install/rotor_tm_msgs/local/lib/python3.10/dist-packages/rotor_tm_msgs/_rotor_tm_msgs_s.ep.rosidl_typesupport_c.c
[1.231s] -- Up-to-date: /home/swati/Quad_DR/RotorTM/install/rotor_tm_msgs/local/lib/python3.10/dist-packages/rotor_tm_msgs/_rotor_tm_msgs_s.ep.rosidl_typesupport_fastrtps_c.c
[1.231s] -- Up-to-date: /home/swati/Quad_DR/RotorTM/install/rotor_tm_msgs/local/lib/python3.10/dist-packages/rotor_tm_msgs/srv
[1.231s] -- Up-to-date: /home/swati/Quad_DR/RotorTM/install/rotor_tm_msgs/local/lib/python3.10/dist-packages/rotor_tm_msgs/srv/_circle_with_rotation.py
[1.231s] -- Up-to-date: /home/swati/Quad_DR/RotorTM/install/rotor_tm_msgs/local/lib/python3.10/dist-packages/rotor_tm_msgs/srv/_copr_status_cmd_s.c
[1.231s] -- Up-to-date: /home/swati/Quad_DR/RotorTM/install/rotor_tm_msgs/local/lib/python3.10/dist-packages/rotor_tm_msgs/srv/_circle_s.c
[1.231s] -- Up-to-date: /home/swati/Quad_DR/RotorTM/install/rotor_tm_msgs/local/lib/python3.10/dist-packages/rotor_tm_msgs/srv/_vec4_s.c
[1.231s] -- Up-to-date: /home/swati/Quad_DR/RotorTM/install/rotor_tm_msgs/local/lib/python3.10/dist-packages/rotor_tm_msgs/srv/_line.py
[1.231s] -- Up-to-date: /home/swati/Quad_DR/RotorTM/install/rotor_tm_msgs/local/lib/python3.10/dist-packages/rotor_tm_msgs/srv/__init__.py
[1.231s] -- Up-to-date: /home/swati/Quad_DR/RotorTM/install/rotor_tm_msgs/local/lib/python3.10/dist-packages/rotor_tm_msgs/srv/_circle.py
[1.231s] -- Up-to-date: /home/swati/Quad_DR/RotorTM/install/rotor_tm_msgs/local/lib/python3.10/dist-packages/rotor_tm_msgs/srv/_circle_with_rotation_s.c
[1.231s] -- Up-to-date: /home/swati/Quad_DR/RotorTM/install/rotor_tm_msgs/local/lib/python3.10/dist-packages/rotor_tm_msgs/srv/_line_s.c
[1.232s] -- Up-to-date: /home/swati/Quad_DR/RotorTM/install/rotor_tm_msgs/local/lib/python3.10/dist-packages/rotor_tm_msgs/srv/_step_pose.py
[1.232s] -- Up-to-date: /home/swati/Quad_DR/RotorTM/install/rotor_tm_msgs/local/lib/python3.10/dist-packages/rotor_tm_msgs/srv/_copr_status_cmd.py
[1.232s] -- Up-to-date: /home/swati/Quad_DR/RotorTM/install/rotor_tm_msgs/local/lib/python3.10/dist-packages/rotor_tm_msgs/srv/_step_pose_s.c
[1.232s] -- Up-to-date: /home/swati/Quad_DR/RotorTM/install/rotor_tm_msgs/local/lib/python3.10/dist-packages/rotor_tm_msgs/srv/_vec4.py
[1.232s] -- Up-to-date: /home/swati/Quad_DR/RotorTM/install/rotor_tm_msgs/local/lib/python3.10/dist-packages/rotor_tm_msgs/__init__.py
[1.232s] -- Up-to-date: /home/swati/Quad_DR/RotorTM/install/rotor_tm_msgs/local/lib/python3.10/dist-packages/rotor_tm_msgs/rotor_tm_msgs_s__rosidl_typesupport_introspection_c.cpython-310-x86_64-linux-gnu.so
[1.232s] -- Up-to-date: /home/swati/Quad_DR/RotorTM/install/rotor_tm_msgs/local/lib/python3.10/dist-packages/rotor_tm_msgs/rotor_tm_msgs_s__rosidl_typesupport_c.cpython-310-x86_64-linux-gnu.so
[1.232s] -- Up-to-date: /home/swati/Quad_DR/RotorTM/install/rotor_tm_msgs/local/lib/python3.10/dist-packages/rotor_tm_msgs/msg
[1.232s] -- Up-to-date: /home/swati/Quad_DR/RotorTM/install/rotor_tm_msgs/local/lib/python3.10/dist-packages/rotor_tm_msgs/msg/_rpm_command.py
[1.232s] -- Up-to-date: /home/swati/Quad_DR/RotorTM/install/rotor_tm_msgs/local/lib/python3.10/dist-packages/rotor_tm_msgs/msg/_trpy_command_s.c
[1.232s] -- Up-to-date: /home/swati/Quad_DR/RotorTM/install/rotor_tm_msgs/local/lib/python3.10/dist-packages/rotor_tm_msgs/msg/_so3_command_s.c
[1.232s] -- Up-to-date: /home/swati/Quad_DR/RotorTM/install/rotor_tm_msgs/local/lib/python3.10/dist-packages/rotor_tm_msgs/msg/_cen_pl_command.py
[1.232s] -- Up-to-date: /home/swati/Quad_DR/RotorTM/install/rotor_tm_msgs/local/lib/python3.10/dist-packages/rotor_tm_msgs/msg/_cen_pl_command_s.c
[1.232s] -- Up-to-date: /home/swati/Quad_DR/RotorTM/install/rotor_tm_msgs/local/lib/python3.10/dist-packages/rotor_tm_msgs/msg/_fmn_command.py
[1.233s] -- Up-to-date: /home/swati/Quad_DR/RotorTM/install/rotor_tm_msgs/local/lib/python3.10/dist-packages/rotor_tm_msgs/msg/_trpy_command.py
[1.233s] -- Up-to-date: /home/swati/Quad_DR/RotorTM/install/rotor_tm_msgs/local/lib/python3.10/dist-packages/rotor_tm_msgs/msg/__init__.py
[1.233s] -- Up-to-date: /home/swati/Quad_DR/RotorTM/install/rotor_tm_msgs/local/lib/python3.10/dist-packages/rotor_tm_msgs/msg/_status_data_s.c
[1.233s] -- Up-to-date: /home/swati/Quad_DR/RotorTM/install/rotor_tm_msgs/local/lib/python3.10/dist-packages/rotor_tm_msgs/msg/_so3_command.py
[1.233s] -- Up-to-date: /home/swati/Quad_DR/RotorTM/install/rotor_tm_msgs/local/lib/python3.10/dist-packages/rotor_tm_msgs/msg/_position_command.py
[1.233s] -- Up-to-date: /home/swati/Quad_DR/RotorTM/install/rotor_tm_msgs/local/lib/python3.10/dist-packages/rotor_tm_msgs/msg/_fmn_command_s.c
[1.233s] -- Up-to-date: /home/swati/Quad_DR/RotorTM/install/rotor_tm_msgs/local/lib/python3.10/dist-packages/rotor_tm_msgs/msg/_traj_command.py
[1.233s] -- Up-to-date: /home/swati/Quad_DR/RotorTM/install/rotor_tm_msgs/local/lib/python3.10/dist-packages/rotor_tm_msgs/msg/_rpm_command_s.c
[1.233s] -- Up-to-date: /home/swati/Quad_DR/RotorTM/install/rotor_tm_msgs/local/lib/python3.10/dist-packages/rotor_tm_msgs/msg/_position_command_s.c
[1.233s] -- Up-to-date: /home/swati/Quad_DR/RotorTM/install/rotor_tm_msgs/local/lib/python3.10/dist-packages/rotor_tm_msgs/msg/_fm_command.py
[1.233s] -- Up-to-date: /home/swati/Quad_DR/RotorTM/install/rotor_tm_msgs/local/lib/python3.10/dist-packages/rotor_tm_msgs/msg/_traj_command_s.c
[1.233s] -- Up-to-date: /home/swati/Quad_DR/RotorTM/install/rotor_tm_msgs/local/lib/python3.10/dist-packages/rotor_tm_msgs/msg/_status_data.py
[1.233s] -- Up-to-date: /home/swati/Quad_DR/RotorTM/install/rotor_tm_msgs/local/lib/python3.10/dist-packages/rotor_tm_msgs/msg/_fm_command_s.c
[1.233s] -- Up-to-date: /home/swati/Quad_DR/RotorTM/install/rotor_tm_msgs/local/lib/python3.10/dist-packages/rotor_tm_msgs/rotor_tm_msgs_s__rosidl_typesupport_fastrtps_c.cpython-310-x86_64-linux-gnu.so
[1.258s] Listing '/home/swati/Quad_DR/RotorTM/install/rotor_tm_msgs/local/lib/python3.10/dist-packages/rotor_tm_msgs'...
[1.258s] Listing '/home/swati/Quad_DR/RotorTM/install/rotor_tm_msgs/local/lib/python3.10/dist-packages/rotor_tm_msgs/msg'...
[1.258s] Listing '/home/swati/Quad_DR/RotorTM/install/rotor_tm_msgs/local/lib/python3.10/dist-packages/rotor_tm_msgs/srv'...
[1.261s] -- Up-to-date: /home/swati/Quad_DR/RotorTM/install/rotor_tm_msgs/local/lib/python3.10/dist-packages/rotor_tm_msgs/rotor_tm_msgs_s__rosidl_typesupport_fastrtps_c.cpython-310-x86_64-linux-gnu.so
[1.261s] -- Up-to-date: /home/swati/Quad_DR/RotorTM/install/rotor_tm_msgs/local/lib/python3.10/dist-packages/rotor_tm_msgs/rotor_tm_msgs_s__rosidl_typesupport_introspection_c.cpython-310-x86_64-linux-gnu.so
[1.262s] -- Up-to-date: /home/swati/Quad_DR/RotorTM/install/rotor_tm_msgs/local/lib/python3.10/dist-packages/rotor_tm_msgs/rotor_tm_msgs_s__rosidl_typesupport_c.cpython-310-x86_64-linux-gnu.so
[1.262s] -- Up-to-date: /home/swati/Quad_DR/RotorTM/install/rotor_tm_msgs/lib/librotor_tm_msgs__rosidl_generator_py.so
[1.262s] -- Up-to-date: /home/swati/Quad_DR/RotorTM/install/rotor_tm_msgs/share/rotor_tm_msgs/msg/PositionCommand.idl
[1.262s] -- Up-to-date: /home/swati/Quad_DR/RotorTM/install/rotor_tm_msgs/share/rotor_tm_msgs/msg/FMCommand.idl
[1.262s] -- Up-to-date: /home/swati/Quad_DR/RotorTM/install/rotor_tm_msgs/share/rotor_tm_msgs/msg/RPMCommand.idl
[1.263s] -- Up-to-date: /home/swati/Quad_DR/RotorTM/install/rotor_tm_msgs/share/rotor_tm_msgs/msg/SO3Command.idl
[1.263s] -- Up-to-date: /home/swati/Quad_DR/RotorTM/install/rotor_tm_msgs/share/rotor_tm_msgs/msg/CenPLCommand.idl
[1.263s] -- Up-to-date: /home/swati/Quad_DR/RotorTM/install/rotor_tm_msgs/share/rotor_tm_msgs/msg/StatusData.idl
[1.263s] -- Up-to-date: /home/swati/Quad_DR/RotorTM/install/rotor_tm_msgs/share/rotor_tm_msgs/msg/TRPYCommand.idl
[1.263s] -- Up-to-date: /home/swati/Quad_DR/RotorTM/install/rotor_tm_msgs/share/rotor_tm_msgs/msg/TrajCommand.idl
[1.263s] -- Up-to-date: /home/swati/Quad_DR/RotorTM/install/rotor_tm_msgs/share/rotor_tm_msgs/msg/FMNCommand.idl
[1.263s] -- Up-to-date: /home/swati/Quad_DR/RotorTM/install/rotor_tm_msgs/share/rotor_tm_msgs/srv/Vec4.idl
[1.263s] -- Up-to-date: /home/swati/Quad_DR/RotorTM/install/rotor_tm_msgs/share/rotor_tm_msgs/srv/Circle.idl
[1.263s] -- Up-to-date: /home/swati/Quad_DR/RotorTM/install/rotor_tm_msgs/share/rotor_tm_msgs/srv/CircleWithRotation.idl
[1.263s] -- Up-to-date: /home/swati/Quad_DR/RotorTM/install/rotor_tm_msgs/share/rotor_tm_msgs/srv/Line.idl
[1.263s] -- Up-to-date: /home/swati/Quad_DR/RotorTM/install/rotor_tm_msgs/share/rotor_tm_msgs/srv/CoprStatusCmd.idl
[1.264s] -- Up-to-date: /home/swati/Quad_DR/RotorTM/install/rotor_tm_msgs/share/rotor_tm_msgs/srv/StepPose.idl
[1.264s] -- Up-to-date: /home/swati/Quad_DR/RotorTM/install/rotor_tm_msgs/share/rotor_tm_msgs/msg/PositionCommand.msg
[1.264s] -- Up-to-date: /home/swati/Quad_DR/RotorTM/install/rotor_tm_msgs/share/rotor_tm_msgs/msg/FMCommand.msg
[1.264s] -- Up-to-date: /home/swati/Quad_DR/RotorTM/install/rotor_tm_msgs/share/rotor_tm_msgs/msg/RPMCommand.msg
[1.264s] -- Up-to-date: /home/swati/Quad_DR/RotorTM/install/rotor_tm_msgs/share/rotor_tm_msgs/msg/SO3Command.msg
[1.264s] -- Up-to-date: /home/swati/Quad_DR/RotorTM/install/rotor_tm_msgs/share/rotor_tm_msgs/msg/CenPLCommand.msg
[1.264s] -- Up-to-date: /home/swati/Quad_DR/RotorTM/install/rotor_tm_msgs/share/rotor_tm_msgs/msg/StatusData.msg
[1.264s] -- Up-to-date: /home/swati/Quad_DR/RotorTM/install/rotor_tm_msgs/share/rotor_tm_msgs/msg/TRPYCommand.msg
[1.264s] -- Up-to-date: /home/swati/Quad_DR/RotorTM/install/rotor_tm_msgs/share/rotor_tm_msgs/msg/TrajCommand.msg
[1.264s] -- Up-to-date: /home/swati/Quad_DR/RotorTM/install/rotor_tm_msgs/share/rotor_tm_msgs/msg/FMNCommand.msg
[1.264s] -- Up-to-date: /home/swati/Quad_DR/RotorTM/install/rotor_tm_msgs/share/rotor_tm_msgs/srv/Vec4.srv
[1.264s] -- Up-to-date: /home/swati/Quad_DR/RotorTM/install/rotor_tm_msgs/share/rotor_tm_msgs/srv/Vec4_Request.msg
[1.265s] -- Up-to-date: /home/swati/Quad_DR/RotorTM/install/rotor_tm_msgs/share/rotor_tm_msgs/srv/Vec4_Response.msg
[1.265s] -- Up-to-date: /home/swati/Quad_DR/RotorTM/install/rotor_tm_msgs/share/rotor_tm_msgs/srv/Circle.srv
[1.265s] -- Up-to-date: /home/swati/Quad_DR/RotorTM/install/rotor_tm_msgs/share/rotor_tm_msgs/srv/Circle_Request.msg
[1.265s] -- Up-to-date: /home/swati/Quad_DR/RotorTM/install/rotor_tm_msgs/share/rotor_tm_msgs/srv/Circle_Response.msg
[1.265s] -- Up-to-date: /home/swati/Quad_DR/RotorTM/install/rotor_tm_msgs/share/rotor_tm_msgs/srv/CircleWithRotation.srv
[1.265s] -- Up-to-date: /home/swati/Quad_DR/RotorTM/install/rotor_tm_msgs/share/rotor_tm_msgs/srv/CircleWithRotation_Request.msg
[1.265s] -- Up-to-date: /home/swati/Quad_DR/RotorTM/install/rotor_tm_msgs/share/rotor_tm_msgs/srv/CircleWithRotation_Response.msg
[1.265s] -- Up-to-date: /home/swati/Quad_DR/RotorTM/install/rotor_tm_msgs/share/rotor_tm_msgs/srv/Line.srv
[1.265s] -- Up-to-date: /home/swati/Quad_DR/RotorTM/install/rotor_tm_msgs/share/rotor_tm_msgs/srv/Line_Request.msg
[1.265s] -- Up-to-date: /home/swati/Quad_DR/RotorTM/install/rotor_tm_msgs/share/rotor_tm_msgs/srv/Line_Response.msg
[1.265s] -- Up-to-date: /home/swati/Quad_DR/RotorTM/install/rotor_tm_msgs/share/rotor_tm_msgs/srv/CoprStatusCmd.srv
[1.265s] -- Up-to-date: /home/swati/Quad_DR/RotorTM/install/rotor_tm_msgs/share/rotor_tm_msgs/srv/CoprStatusCmd_Request.msg
[1.265s] -- Up-to-date: /home/swati/Quad_DR/RotorTM/install/rotor_tm_msgs/share/rotor_tm_msgs/srv/CoprStatusCmd_Response.msg
[1.266s] -- Up-to-date: /home/swati/Quad_DR/RotorTM/install/rotor_tm_msgs/share/rotor_tm_msgs/srv/StepPose.srv
[1.266s] -- Up-to-date: /home/swati/Quad_DR/RotorTM/install/rotor_tm_msgs/share/rotor_tm_msgs/srv/StepPose_Request.msg
[1.266s] -- Up-to-date: /home/swati/Quad_DR/RotorTM/install/rotor_tm_msgs/share/rotor_tm_msgs/srv/StepPose_Response.msg
[1.266s] -- Up-to-date: /home/swati/Quad_DR/RotorTM/install/rotor_tm_msgs/share/ament_index/resource_index/package_run_dependencies/rotor_tm_msgs
[1.266s] -- Up-to-date: /home/swati/Quad_DR/RotorTM/install/rotor_tm_msgs/share/ament_index/resource_index/parent_prefix_path/rotor_tm_msgs
[1.266s] -- Up-to-date: /home/swati/Quad_DR/RotorTM/install/rotor_tm_msgs/share/rotor_tm_msgs/environment/ament_prefix_path.sh
[1.266s] -- Up-to-date: /home/swati/Quad_DR/RotorTM/install/rotor_tm_msgs/share/rotor_tm_msgs/environment/ament_prefix_path.dsv
[1.266s] -- Up-to-date: /home/swati/Quad_DR/RotorTM/install/rotor_tm_msgs/share/rotor_tm_msgs/environment/path.sh
[1.266s] -- Up-to-date: /home/swati/Quad_DR/RotorTM/install/rotor_tm_msgs/share/rotor_tm_msgs/environment/path.dsv
[1.266s] -- Up-to-date: /home/swati/Quad_DR/RotorTM/install/rotor_tm_msgs/share/rotor_tm_msgs/local_setup.bash
[1.266s] -- Up-to-date: /home/swati/Quad_DR/RotorTM/install/rotor_tm_msgs/share/rotor_tm_msgs/local_setup.sh
[1.266s] -- Up-to-date: /home/swati/Quad_DR/RotorTM/install/rotor_tm_msgs/share/rotor_tm_msgs/local_setup.zsh
[1.266s] -- Up-to-date: /home/swati/Quad_DR/RotorTM/install/rotor_tm_msgs/share/rotor_tm_msgs/local_setup.dsv
[1.267s] -- Installing: /home/swati/Quad_DR/RotorTM/install/rotor_tm_msgs/share/rotor_tm_msgs/package.dsv
[1.267s] -- Up-to-date: /home/swati/Quad_DR/RotorTM/install/rotor_tm_msgs/share/ament_index/resource_index/packages/rotor_tm_msgs
[1.267s] -- Up-to-date: /home/swati/Quad_DR/RotorTM/install/rotor_tm_msgs/share/rotor_tm_msgs/cmake/export_rotor_tm_msgs__rosidl_generator_cExport.cmake
[1.267s] -- Up-to-date: /home/swati/Quad_DR/RotorTM/install/rotor_tm_msgs/share/rotor_tm_msgs/cmake/export_rotor_tm_msgs__rosidl_generator_cExport-noconfig.cmake
[1.267s] -- Up-to-date: /home/swati/Quad_DR/RotorTM/install/rotor_tm_msgs/share/rotor_tm_msgs/cmake/export_rotor_tm_msgs__rosidl_typesupport_fastrtps_cExport.cmake
[1.267s] -- Up-to-date: /home/swati/Quad_DR/RotorTM/install/rotor_tm_msgs/share/rotor_tm_msgs/cmake/export_rotor_tm_msgs__rosidl_typesupport_fastrtps_cExport-noconfig.cmake
[1.267s] -- Up-to-date: /home/swati/Quad_DR/RotorTM/install/rotor_tm_msgs/share/rotor_tm_msgs/cmake/rotor_tm_msgs__rosidl_typesupport_introspection_cExport.cmake
[1.267s] -- Up-to-date: /home/swati/Quad_DR/RotorTM/install/rotor_tm_msgs/share/rotor_tm_msgs/cmake/rotor_tm_msgs__rosidl_typesupport_introspection_cExport-noconfig.cmake
[1.267s] -- Up-to-date: /home/swati/Quad_DR/RotorTM/install/rotor_tm_msgs/share/rotor_tm_msgs/cmake/rotor_tm_msgs__rosidl_typesupport_cExport.cmake
[1.267s] -- Up-to-date: /home/swati/Quad_DR/RotorTM/install/rotor_tm_msgs/share/rotor_tm_msgs/cmake/rotor_tm_msgs__rosidl_typesupport_cExport-noconfig.cmake
[1.267s] -- Up-to-date: /home/swati/Quad_DR/RotorTM/install/rotor_tm_msgs/share/rotor_tm_msgs/cmake/export_rotor_tm_msgs__rosidl_generator_cppExport.cmake
[1.267s] -- Up-to-date: /home/swati/Quad_DR/RotorTM/install/rotor_tm_msgs/share/rotor_tm_msgs/cmake/export_rotor_tm_msgs__rosidl_typesupport_fastrtps_cppExport.cmake
[1.267s] -- Up-to-date: /home/swati/Quad_DR/RotorTM/install/rotor_tm_msgs/share/rotor_tm_msgs/cmake/export_rotor_tm_msgs__rosidl_typesupport_fastrtps_cppExport-noconfig.cmake
[1.268s] -- Up-to-date: /home/swati/Quad_DR/RotorTM/install/rotor_tm_msgs/share/rotor_tm_msgs/cmake/rotor_tm_msgs__rosidl_typesupport_introspection_cppExport.cmake
[1.268s] -- Up-to-date: /home/swati/Quad_DR/RotorTM/install/rotor_tm_msgs/share/rotor_tm_msgs/cmake/rotor_tm_msgs__rosidl_typesupport_introspection_cppExport-noconfig.cmake
[1.268s] -- Up-to-date: /home/swati/Quad_DR/RotorTM/install/rotor_tm_msgs/share/rotor_tm_msgs/cmake/rotor_tm_msgs__rosidl_typesupport_cppExport.cmake
[1.268s] -- Up-to-date: /home/swati/Quad_DR/RotorTM/install/rotor_tm_msgs/share/rotor_tm_msgs/cmake/rotor_tm_msgs__rosidl_typesupport_cppExport-noconfig.cmake
[1.268s] -- Up-to-date: /home/swati/Quad_DR/RotorTM/install/rotor_tm_msgs/share/rotor_tm_msgs/cmake/export_rotor_tm_msgs__rosidl_generator_pyExport.cmake
[1.268s] -- Up-to-date: /home/swati/Quad_DR/RotorTM/install/rotor_tm_msgs/share/rotor_tm_msgs/cmake/export_rotor_tm_msgs__rosidl_generator_pyExport-noconfig.cmake
[1.268s] -- Up-to-date: /home/swati/Quad_DR/RotorTM/install/rotor_tm_msgs/share/rotor_tm_msgs/cmake/rosidl_cmake-extras.cmake
[1.268s] -- Up-to-date: /home/swati/Quad_DR/RotorTM/install/rotor_tm_msgs/share/rotor_tm_msgs/cmake/ament_cmake_export_dependencies-extras.cmake
[1.268s] -- Up-to-date: /home/swati/Quad_DR/RotorTM/install/rotor_tm_msgs/share/rotor_tm_msgs/cmake/ament_cmake_export_include_directories-extras.cmake
[1.268s] -- Up-to-date: /home/swati/Quad_DR/RotorTM/install/rotor_tm_msgs/share/rotor_tm_msgs/cmake/ament_cmake_export_libraries-extras.cmake
[1.268s] -- Up-to-date: /home/swati/Quad_DR/RotorTM/install/rotor_tm_msgs/share/rotor_tm_msgs/cmake/ament_cmake_export_targets-extras.cmake
[1.268s] -- Up-to-date: /home/swati/Quad_DR/RotorTM/install/rotor_tm_msgs/share/rotor_tm_msgs/cmake/rosidl_cmake_export_typesupport_targets-extras.cmake
[1.269s] -- Up-to-date: /home/swati/Quad_DR/RotorTM/install/rotor_tm_msgs/share/rotor_tm_msgs/cmake/rosidl_cmake_export_typesupport_libraries-extras.cmake
[1.269s] -- Up-to-date: /home/swati/Quad_DR/RotorTM/install/rotor_tm_msgs/share/rotor_tm_msgs/cmake/rotor_tm_msgsConfig.cmake
[1.269s] -- Up-to-date: /home/swati/Quad_DR/RotorTM/install/rotor_tm_msgs/share/rotor_tm_msgs/cmake/rotor_tm_msgsConfig-version.cmake
[1.269s] -- Up-to-date: /home/swati/Quad_DR/RotorTM/install/rotor_tm_msgs/share/rotor_tm_msgs/package.xml
[1.270s] Invoked command in '/home/swati/Quad_DR/RotorTM/build/rotor_tm_msgs' returned '0': CMAKE_PREFIX_PATH=${CMAKE_PREFIX_PATH}:/home/swati/Quad_DR/RotorTM/install/rotor_tm_sim:/home/swati/Quad_DR/RotorTM/install/rotor_tm_control:/home/swati/Quad_DR/RotorTM/install/rotor_tm_utils:/home/swati/Quad_DR/RotorTM/install/rotor_tm_traj:/home/swati/Quad_DR/RotorTM/install/rotor_tm_keyboard2wrench:/home/swati/Quad_DR/RotorTM/install/rotor_tm_config:/home/swati/Quad_DR/RotorTM/install/payload_control:/opt/ros/humble /opt/cmake-3.28.3-linux-x86_64/bin/cmake --install /home/swati/Quad_DR/RotorTM/build/rotor_tm_msgs
