[1.203s] Invoking command in '/home/dhruv/RotorTM/src/rotor_tm_traj': PYTHONPATH=/home/dhruv/RotorTM/build/rotor_tm_traj/prefix_override:/usr/lib/python3/dist-packages/colcon_core/task/python/colcon_distutils_commands:/home/dhruv/RotorTM/install/rotor_tm_traj/lib/python3.10/site-packages:${PYTHONPATH} /usr/bin/python3 -W ignore:setup.py install is deprecated -W ignore:easy_install command is deprecated setup.py egg_info --egg-base ../../build/rotor_tm_traj build --build-base /home/dhruv/RotorTM/build/rotor_tm_traj/build install --record /home/dhruv/RotorTM/build/rotor_tm_traj/install.log --single-version-externally-managed install_data
[1.364s] running egg_info
[1.364s] writing ../../build/rotor_tm_traj/rotor_tm_traj.egg-info/PKG-INFO
[1.364s] writing dependency_links to ../../build/rotor_tm_traj/rotor_tm_traj.egg-info/dependency_links.txt
[1.364s] writing entry points to ../../build/rotor_tm_traj/rotor_tm_traj.egg-info/entry_points.txt
[1.364s] writing requirements to ../../build/rotor_tm_traj/rotor_tm_traj.egg-info/requires.txt
[1.364s] writing top-level names to ../../build/rotor_tm_traj/rotor_tm_traj.egg-info/top_level.txt
[1.366s] reading manifest file '../../build/rotor_tm_traj/rotor_tm_traj.egg-info/SOURCES.txt'
[1.366s] adding license file 'LICENSE'
[1.366s] writing manifest file '../../build/rotor_tm_traj/rotor_tm_traj.egg-info/SOURCES.txt'
[1.366s] running build
[1.366s] running build_py
[1.367s] running install
[1.367s] running install_lib
[1.368s] running install_data
[1.368s] running install_egg_info
[1.370s] removing '/home/dhruv/RotorTM/install/rotor_tm_traj/lib/python3.10/site-packages/rotor_tm_traj-0.0.0-py3.10.egg-info' (and everything under it)
[1.370s] Copying ../../build/rotor_tm_traj/rotor_tm_traj.egg-info to /home/dhruv/RotorTM/install/rotor_tm_traj/lib/python3.10/site-packages/rotor_tm_traj-0.0.0-py3.10.egg-info
[1.370s] running install_scripts
[1.384s] Installing traj_node script to /home/dhruv/RotorTM/install/rotor_tm_traj/lib/rotor_tm_traj
[1.385s] writing list of installed files to '/home/dhruv/RotorTM/build/rotor_tm_traj/install.log'
[1.418s] Invoked command in '/home/dhruv/RotorTM/src/rotor_tm_traj' returned '0': PYTHONPATH=/home/dhruv/RotorTM/build/rotor_tm_traj/prefix_override:/usr/lib/python3/dist-packages/colcon_core/task/python/colcon_distutils_commands:/home/dhruv/RotorTM/install/rotor_tm_traj/lib/python3.10/site-packages:${PYTHONPATH} /usr/bin/python3 -W ignore:setup.py install is deprecated -W ignore:easy_install command is deprecated setup.py egg_info --egg-base ../../build/rotor_tm_traj build --build-base /home/dhruv/RotorTM/build/rotor_tm_traj/build install --record /home/dhruv/RotorTM/build/rotor_tm_traj/install.log --single-version-externally-managed install_data
