[1.319s] Invoking command in '/home/dhruv/RotorTM/src/rotor_tm_config': PYTHONPATH=/home/dhruv/RotorTM/build/rotor_tm_config/prefix_override:/usr/lib/python3/dist-packages/colcon_core/task/python/colcon_distutils_commands:/home/dhruv/RotorTM/install/rotor_tm_config/lib/python3.10/site-packages:${PYTHONPATH} /usr/bin/python3 -W ignore:setup.py install is deprecated -W ignore:easy_install command is deprecated setup.py egg_info --egg-base ../../build/rotor_tm_config build --build-base /home/dhruv/RotorTM/build/rotor_tm_config/build install --record /home/dhruv/RotorTM/build/rotor_tm_config/install.log --single-version-externally-managed install_data
[1.526s] running egg_info
[1.527s] writing ../../build/rotor_tm_config/rotor_tm_config.egg-info/PKG-INFO
[1.527s] writing dependency_links to ../../build/rotor_tm_config/rotor_tm_config.egg-info/dependency_links.txt
[1.527s] writing entry points to ../../build/rotor_tm_config/rotor_tm_config.egg-info/entry_points.txt
[1.527s] writing requirements to ../../build/rotor_tm_config/rotor_tm_config.egg-info/requires.txt
[1.527s] writing top-level names to ../../build/rotor_tm_config/rotor_tm_config.egg-info/top_level.txt
[1.529s] reading manifest file '../../build/rotor_tm_config/rotor_tm_config.egg-info/SOURCES.txt'
[1.529s] adding license file 'LICENSE'
[1.530s] writing manifest file '../../build/rotor_tm_config/rotor_tm_config.egg-info/SOURCES.txt'
[1.530s] running build
[1.530s] running build_py
[1.531s] running install
[1.531s] running install_lib
[1.532s] running install_data
[1.533s] running install_egg_info
[1.535s] removing '/home/dhruv/RotorTM/install/rotor_tm_config/lib/python3.10/site-packages/rotor_tm_config-0.0.0-py3.10.egg-info' (and everything under it)
[1.535s] Copying ../../build/rotor_tm_config/rotor_tm_config.egg-info to /home/dhruv/RotorTM/install/rotor_tm_config/lib/python3.10/site-packages/rotor_tm_config-0.0.0-py3.10.egg-info
[1.535s] running install_scripts
[1.553s] writing list of installed files to '/home/dhruv/RotorTM/build/rotor_tm_config/install.log'
[1.699s] Invoked command in '/home/dhruv/RotorTM/src/rotor_tm_config' returned '0': PYTHONPATH=/home/dhruv/RotorTM/build/rotor_tm_config/prefix_override:/usr/lib/python3/dist-packages/colcon_core/task/python/colcon_distutils_commands:/home/dhruv/RotorTM/install/rotor_tm_config/lib/python3.10/site-packages:${PYTHONPATH} /usr/bin/python3 -W ignore:setup.py install is deprecated -W ignore:easy_install command is deprecated setup.py egg_info --egg-base ../../build/rotor_tm_config build --build-base /home/dhruv/RotorTM/build/rotor_tm_config/build install --record /home/dhruv/RotorTM/build/rotor_tm_config/install.log --single-version-externally-managed install_data
